WARN: the 'eosmount' alias is deprecated, please use /eos directly
License ports: 28518@lxlicen01.cern.ch,28518@lxlicen02.cern.ch,28518@lxlicen03.cern.ch:/cvmfs/projects.cern.ch/intelsw/psxe/linux/licenses
Intel(R) Parallel Studio XE 2018 Update 2 for Linux*
Copyright (C) 2009-2018 Intel Corporation. All rights reserved.
6463
AMSCommonsI-I-HardwareIdentifiedAs Linux 3.10.0-957.10.1.el7.x86_64 x86_64 2
AMSCommonsI-I-Identified as LittleEndian 64 bit machine. 4294967295
AMSCommonsI-I-amsdatabase /cvmfs/ams.cern.ch/Offline/AMSDataDir/DataBase/
AMSCommonsI-I-MipsFromCPUInfo: 2194.92
AMSCommonsI-I-SystemIdentified as  Intel(R) Xeon(R) CPU E5-2630 v4 @ 2.20GHz
AMSCommonsI-I-ComputerEvaluatedAsMips 3511
AMS Software version v5.02/1220/12 built Fri Apr 19 23:54:38 2019

Geant4  Version 1033
Run ID: 79 Bartel: 65
Input Destination: /eos/ams/user/s/selu/mdst/He122/mdst_60441619.root
Output Destination: /afs/cern.ch/work/c/ctuysuz/private/he_flux/LSF/result_mc_time/time_65/he_flux_65_79.root
Add hist00 from /eos/ams/user/s/selu/mdst/He122/mdst_60441619.root
Start of Init
Use new binning
Start of Eventloop
Ntr, Nent= 1 440407
IsMC= 1
Parameter[0] = -2.59221
Parameter[1] = -2.99417
Parameter[2] = -3.58427
Parameter[3] = -5.53167
Parameter[4] = 0.305015
Parameter[5] = -2.21807
mdfil_info:  10.0%    4 sec CPU:  54.1%
mdfil_info:  20.0%    6 sec CPU:  63.0%
mdfil_info:  30.0%    8 sec CPU:  67.5%
mdfil_info:  40.0%   10 sec CPU:  71.2%
mdfil_info:  50.0%   12 sec CPU:  73.5%
mdfil_info:  60.0%   14 sec CPU:  75.4%
mdfil_info:  70.0%   16 sec CPU:  77.0%
mdfil_info:  80.0%   18 sec CPU:  77.8%
mdfil_info:  90.0%   20 sec CPU:  78.5%
mdfil_info: 100.0%   22 sec CPU:  79.1%
mdfil_info: 100.0%   22 sec CPU:  79.1%
21178
AMSCommonsI-I-HardwareIdentifiedAs Linux 3.10.0-957.10.1.el7.x86_64 x86_64 2
AMSCommonsI-I-Identified as LittleEndian 64 bit machine. 4294967295
AMSCommonsI-I-amsdatabase /cvmfs/ams.cern.ch/Offline/AMSDataDir/DataBase/
AMSCommonsI-I-MipsFromCPUInfo: 2194.92
AMSCommonsI-I-SystemIdentified as  Intel(R) Xeon(R) CPU E5-2630 v4 @ 2.20GHz
AMSCommonsI-I-ComputerEvaluatedAsMips 3511
AMS Software version v5.02/1220/12 built Fri Apr 19 23:54:38 2019

Geant4  Version 1033
Run ID: 261 Bartel: 38
Input Destination: /eos/ams/user/s/selu/mdst/He122/mdst_60441801.root
Output Destination: /afs/cern.ch/work/c/ctuysuz/private/he_flux/LSF/result_mc_time/time_38/he_flux_38_261.root
Add hist00 from /eos/ams/user/s/selu/mdst/He122/mdst_60441801.root
Start of Init
Use new binning
Start of Eventloop
Ntr, Nent= 1 437777
IsMC= 1
Parameter[0] = -2.81232
Parameter[1] = -3.08566
Parameter[2] = -3.62933
Parameter[3] = -5.55815
Parameter[4] = 0.386285
Parameter[5] = -2.46956
mdfil_info:  10.0%    3 sec CPU:  66.3%
mdfil_info:  20.0%    5 sec CPU:  73.2%
mdfil_info:  30.0%    7 sec CPU:  76.0%
mdfil_info:  40.0%    9 sec CPU:  75.1%
mdfil_info:  50.0%   12 sec CPU:  72.7%
mdfil_info:  60.0%   14 sec CPU:  74.2%
mdfil_info:  70.0%   16 sec CPU:  74.9%
mdfil_info:  80.0%   18 sec CPU:  75.7%
mdfil_info:  90.0%   20 sec CPU:  75.2%
mdfil_info: 100.0%   22 sec CPU:  76.0%
mdfil_info: 100.0%   22 sec CPU:  76.0%
35893
AMSCommonsI-I-HardwareIdentifiedAs Linux 3.10.0-957.10.1.el7.x86_64 x86_64 2
AMSCommonsI-I-Identified as LittleEndian 64 bit machine. 4294967295
AMSCommonsI-I-amsdatabase /cvmfs/ams.cern.ch/Offline/AMSDataDir/DataBase/
AMSCommonsI-I-MipsFromCPUInfo: 2194.92
AMSCommonsI-I-SystemIdentified as  Intel(R) Xeon(R) CPU E5-2630 v4 @ 2.20GHz
AMSCommonsI-I-ComputerEvaluatedAsMips 3511
AMS Software version v5.02/1220/12 built Fri Apr 19 23:54:38 2019

Geant4  Version 1033
Run ID: 443 Bartel: 11
Input Destination: /eos/ams/user/s/selu/mdst/He122/mdst_60442331.root
Output Destination: /afs/cern.ch/work/c/ctuysuz/private/he_flux/LSF/result_mc_time/time_11/he_flux_11_443.root
Add hist00 from /eos/ams/user/s/selu/mdst/He122/mdst_60442331.root
Start of Init
Use new binning
Start of Eventloop
Ntr, Nent= 1 435150
IsMC= 1
Parameter[0] = -2.62211
Parameter[1] = -3.02015
Parameter[2] = -3.60112
Parameter[3] = -5.50361
Parameter[4] = 0.101851
Parameter[5] = -2.22239
mdfil_info:  10.0%   20 sec CPU:  10.2%
mdfil_info:  20.0%   27 sec CPU:  14.2%
mdfil_info:  30.0%   35 sec CPU:  16.7%
mdfil_info:  40.0%   42 sec CPU:  18.3%
mdfil_info:  50.0%   50 sec CPU:  19.1%
mdfil_info:  60.0%   57 sec CPU:  20.2%
mdfil_info:  70.0%   64 sec CPU:  20.8%
mdfil_info:  80.0%   72 sec CPU:  21.0%
mdfil_info:  90.0%   80 sec CPU:  21.2%
mdfil_info: 100.0%   88 sec CPU:  21.4%
