WARN: the 'eosmount' alias is deprecated, please use /eos directly
License ports: 28518@lxlicen01.cern.ch,28518@lxlicen02.cern.ch,28518@lxlicen03.cern.ch:/cvmfs/projects.cern.ch/intelsw/psxe/linux/licenses
Intel(R) Parallel Studio XE 2018 Update 2 for Linux*
Copyright (C) 2009-2018 Intel Corporation. All rights reserved.
2597
AMSCommonsI-I-HardwareIdentifiedAs Linux 3.10.0-957.1.3.el7.x86_64 x86_64 2
AMSCommonsI-I-Identified as LittleEndian 64 bit machine. 4294967295
AMSCommonsI-I-amsdatabase /cvmfs/ams.cern.ch/Offline/AMSDataDir/DataBase/
AMSCommonsI-I-MipsFromCPUInfo: 2194.92
AMSCommonsI-I-SystemIdentified as  Intel(R) Xeon(R) CPU E5-2650 v4 @ 2.20GHz
AMSCommonsI-I-ComputerEvaluatedAsMips 3511
AMS Software version v5.02/1220/12 built Fri Apr 19 23:54:38 2019

Geant4  Version 1033
Run ID: 32 Bartel: 6
Input Destination: /eos/ams/user/s/selu/mdst/He122/mdst_60441571.root
Output Destination: /afs/cern.ch/work/c/ctuysuz/private/he_flux/LSF/result_mc_time/time_6/he_flux_6_32.root
Add hist00 from /eos/ams/user/s/selu/mdst/He122/mdst_60441571.root
Start of Init
Use new binning
Start of Eventloop
Ntr, Nent= 1 433248
IsMC= 1
Parameter[0] = -2.65952
Parameter[1] = -3.04006
Parameter[2] = -3.62379
Parameter[3] = -5.53311
Parameter[4] = 0.0821767
Parameter[5] = -2.36872
mdfil_info:  10.0%    3 sec CPU:  67.8%
mdfil_info:  20.0%    4 sec CPU:  76.1%
mdfil_info:  30.0%    6 sec CPU:  80.1%
mdfil_info:  40.0%    8 sec CPU:  81.9%
mdfil_info:  50.0%   10 sec CPU:  83.4%
mdfil_info:  60.0%   12 sec CPU:  82.7%
mdfil_info:  70.0%   14 sec CPU:  83.6%
mdfil_info:  80.0%   15 sec CPU:  83.9%
mdfil_info:  90.0%   17 sec CPU:  84.3%
mdfil_info: 100.0%   19 sec CPU:  84.5%
mdfil_info: 100.0%   19 sec CPU:  84.5%
17312
AMSCommonsI-I-HardwareIdentifiedAs Linux 3.10.0-957.1.3.el7.x86_64 x86_64 2
AMSCommonsI-I-Identified as LittleEndian 64 bit machine. 4294967295
AMSCommonsI-I-amsdatabase /cvmfs/ams.cern.ch/Offline/AMSDataDir/DataBase/
AMSCommonsI-I-MipsFromCPUInfo: 2194.92
AMSCommonsI-I-SystemIdentified as  Intel(R) Xeon(R) CPU E5-2650 v4 @ 2.20GHz
AMSCommonsI-I-ComputerEvaluatedAsMips 3511
AMS Software version v5.02/1220/12 built Fri Apr 19 23:54:38 2019

Geant4  Version 1033
Run ID: 213 Bartel: 60
Input Destination: /eos/ams/user/s/selu/mdst/He122/mdst_60441753.root
Output Destination: /afs/cern.ch/work/c/ctuysuz/private/he_flux/LSF/result_mc_time/time_60/he_flux_60_213.root
Add hist00 from /eos/ams/user/s/selu/mdst/He122/mdst_60441753.root
Start of Init
Use new binning
Start of Eventloop
Ntr, Nent= 1 436750
IsMC= 1
Parameter[0] = -2.68018
Parameter[1] = -3.02446
Parameter[2] = -3.60716
Parameter[3] = -5.58914
Parameter[4] = 0.411118
Parameter[5] = -2.63403
mdfil_info:  10.0%   18 sec CPU:  12.1%
mdfil_info:  20.0%   23 sec CPU:  17.9%
mdfil_info:  30.0%   30 sec CPU:  20.3%
mdfil_info:  40.0%   36 sec CPU:  22.3%
mdfil_info:  50.0%   43 sec CPU:  23.5%
mdfil_info:  60.0%   49 sec CPU:  24.7%
mdfil_info:  70.0%   57 sec CPU:  25.1%
mdfil_info:  80.0%   64 sec CPU:  25.6%
mdfil_info:  90.0%   69 sec CPU:  26.3%
mdfil_info: 100.0%   75 sec CPU:  27.0%
32027
AMSCommonsI-I-HardwareIdentifiedAs Linux 3.10.0-957.1.3.el7.x86_64 x86_64 2
AMSCommonsI-I-Identified as LittleEndian 64 bit machine. 4294967295
AMSCommonsI-I-amsdatabase /cvmfs/ams.cern.ch/Offline/AMSDataDir/DataBase/
AMSCommonsI-I-MipsFromCPUInfo: 2194.92
AMSCommonsI-I-SystemIdentified as  Intel(R) Xeon(R) CPU E5-2650 v4 @ 2.20GHz
AMSCommonsI-I-ComputerEvaluatedAsMips 3511
AMS Software version v5.02/1220/12 built Fri Apr 19 23:54:38 2019

Geant4  Version 1033
Run ID: 395 Bartel: 33
Input Destination: /eos/ams/user/s/selu/mdst/He122/mdst_60442283.root
Output Destination: /afs/cern.ch/work/c/ctuysuz/private/he_flux/LSF/result_mc_time/time_33/he_flux_33_395.root
Add hist00 from /eos/ams/user/s/selu/mdst/He122/mdst_60442283.root
Start of Init
Use new binning
Start of Eventloop
Ntr, Nent= 1 391098
IsMC= 1
Parameter[0] = -2.77717
Parameter[1] = -3.0473
Parameter[2] = -3.60062
Parameter[3] = -5.54545
Parameter[4] = 0.481599
Parameter[5] = -2.38362
mdfil_info:  10.0%    3 sec CPU:  70.5%
mdfil_info:  20.0%    5 sec CPU:  77.3%
mdfil_info:  30.0%    7 sec CPU:  80.6%
mdfil_info:  40.0%    8 sec CPU:  82.3%
mdfil_info:  50.0%   10 sec CPU:  83.1%
mdfil_info:  60.0%   12 sec CPU:  84.0%
mdfil_info:  70.0%   14 sec CPU:  84.6%
mdfil_info:  80.0%   16 sec CPU:  85.3%
mdfil_info:  90.0%   17 sec CPU:  85.7%
mdfil_info: 100.0%   19 sec CPU:  85.9%
mdfil_info: 100.0%   19 sec CPU:  85.9%
