WARN: the 'eosmount' alias is deprecated, please use /eos directly
License ports: 28518@lxlicen01.cern.ch,28518@lxlicen02.cern.ch,28518@lxlicen03.cern.ch:/cvmfs/projects.cern.ch/intelsw/psxe/linux/licenses
Intel(R) Parallel Studio XE 2018 Update 2 for Linux*
Copyright (C) 2009-2018 Intel Corporation. All rights reserved.
4365
AMSCommonsI-I-HardwareIdentifiedAs Linux 3.10.0-957.5.1.el7.x86_64 x86_64 2
AMSCommonsI-I-Identified as LittleEndian 64 bit machine. 4294967295
AMSCommonsI-I-amsdatabase /cvmfs/ams.cern.ch/Offline/AMSDataDir/DataBase/
AMSCommonsI-I-MipsFromCPUInfo: 2194.92
AMSCommonsI-I-SystemIdentified as  Intel(R) Xeon(R) CPU E5-2630 v4 @ 2.20GHz
AMSCommonsI-I-ComputerEvaluatedAsMips 3511
AMS Software version v5.02/1220/12 built Fri Apr 19 23:54:38 2019

Geant4  Version 1033
Run ID: 53 Bartel: 73
Input Destination: /eos/ams/user/s/selu/mdst/He122/mdst_60441592.root
Output Destination: /afs/cern.ch/work/c/ctuysuz/private/he_flux/LSF/result_mc_time/time_73/he_flux_73_53.root
Add hist00 from /eos/ams/user/s/selu/mdst/He122/mdst_60441592.root
Start of Init
Use new binning
Start of Eventloop
Ntr, Nent= 1 397283
IsMC= 1
Parameter[0] = -2.52877
Parameter[1] = -2.96916
Parameter[2] = -3.58403
Parameter[3] = -5.48816
Parameter[4] = 0.0284517
Parameter[5] = -2.25131
mdfil_info:  10.0%   19 sec CPU:  10.3%
mdfil_info:  20.0%   25 sec CPU:  15.0%
mdfil_info:  30.0%   30 sec CPU:  18.0%
mdfil_info:  40.0%   36 sec CPU:  19.9%
mdfil_info:  50.0%   41 sec CPU:  21.7%
mdfil_info:  60.0%   52 sec CPU:  21.1%
mdfil_info:  70.0%   61 sec CPU:  20.9%
mdfil_info:  80.0%   67 sec CPU:  21.7%
mdfil_info:  90.0%   74 sec CPU:  21.9%
mdfil_info: 100.0%   81 sec CPU:  22.2%
mdfil_info: 100.0%   81 sec CPU:  22.2%
19080
AMSCommonsI-I-HardwareIdentifiedAs Linux 3.10.0-957.5.1.el7.x86_64 x86_64 2
AMSCommonsI-I-Identified as LittleEndian 64 bit machine. 4294967295
AMSCommonsI-I-amsdatabase /cvmfs/ams.cern.ch/Offline/AMSDataDir/DataBase/
AMSCommonsI-I-MipsFromCPUInfo: 2194.92
AMSCommonsI-I-SystemIdentified as  Intel(R) Xeon(R) CPU E5-2630 v4 @ 2.20GHz
AMSCommonsI-I-ComputerEvaluatedAsMips 3511
AMS Software version v5.02/1220/12 built Fri Apr 19 23:54:38 2019

Geant4  Version 1033
Run ID: 235 Bartel: 46
33795
AMSCommonsI-I-HardwareIdentifiedAs Linux 3.10.0-957.5.1.el7.x86_64 x86_64 2
AMSCommonsI-I-Identified as LittleEndian 64 bit machine. 4294967295
AMSCommonsI-I-amsdatabase /cvmfs/ams.cern.ch/Offline/AMSDataDir/DataBase/
AMSCommonsI-I-MipsFromCPUInfo: 2194.92
AMSCommonsI-I-SystemIdentified as  Intel(R) Xeon(R) CPU E5-2630 v4 @ 2.20GHz
AMSCommonsI-I-ComputerEvaluatedAsMips 3511
AMS Software version v5.02/1220/12 built Fri Apr 19 23:54:38 2019

Geant4  Version 1033
Run ID: 417 Bartel: 19
Input Destination: /eos/ams/user/s/selu/mdst/He122/mdst_60442305.root
Output Destination: /afs/cern.ch/work/c/ctuysuz/private/he_flux/LSF/result_mc_time/time_19/he_flux_19_417.root
Add hist00 from /eos/ams/user/s/selu/mdst/He122/mdst_60442305.root
Start of Init
Use new binning
Start of Eventloop
Ntr, Nent= 1 439690
IsMC= 1
Parameter[0] = -2.70235
Parameter[1] = -3.03758
Parameter[2] = -3.60308
Parameter[3] = -5.55191
Parameter[4] = 0.242617
Parameter[5] = -2.38008
mdfil_info:  10.0%   18 sec CPU:  10.9%
mdfil_info:  20.0%   25 sec CPU:  15.6%
mdfil_info:  30.0%   31 sec CPU:  18.2%
mdfil_info:  40.0%   38 sec CPU:  19.9%
mdfil_info:  50.0%   46 sec CPU:  21.1%
mdfil_info:  60.0%   52 sec CPU:  22.4%
mdfil_info:  70.0%   58 sec CPU:  23.5%
mdfil_info:  80.0%   65 sec CPU:  24.2%
mdfil_info:  90.0%   71 sec CPU:  24.8%
mdfil_info: 100.0%   78 sec CPU:  25.2%
