WARN: the 'eosmount' alias is deprecated, please use /eos directly
License ports: 28518@lxlicen01.cern.ch,28518@lxlicen02.cern.ch,28518@lxlicen03.cern.ch:/cvmfs/projects.cern.ch/intelsw/psxe/linux/licenses
Intel(R) Parallel Studio XE 2018 Update 2 for Linux*
Copyright (C) 2009-2018 Intel Corporation. All rights reserved.
7255
AMSCommonsI-I-HardwareIdentifiedAs Linux 3.10.0-957.12.1.el7.x86_64 x86_64 2
AMSCommonsI-I-Identified as LittleEndian 64 bit machine. 4294967295
AMSCommonsI-I-amsdatabase /cvmfs/ams.cern.ch/Offline/AMSDataDir/DataBase/
AMSCommonsI-I-MipsFromCPUInfo: 2394.45
AMSCommonsI-I-SystemIdentified as  Intel Core Processor (Haswell, no TSX, IBRS)
AMSCommonsI-I-ComputerEvaluatedAsMips 3591
AMS Software version v5.02/1220/12 built Fri Apr 19 23:54:38 2019

Geant4  Version 1033
Run ID: 89 Bartel: 47
21970
AMSCommonsI-I-HardwareIdentifiedAs Linux 3.10.0-957.12.1.el7.x86_64 x86_64 2
AMSCommonsI-I-Identified as LittleEndian 64 bit machine. 4294967295
AMSCommonsI-I-amsdatabase /cvmfs/ams.cern.ch/Offline/AMSDataDir/DataBase/
AMSCommonsI-I-MipsFromCPUInfo: 2394.45
AMSCommonsI-I-SystemIdentified as  Intel Core Processor (Haswell, no TSX, IBRS)
AMSCommonsI-I-ComputerEvaluatedAsMips 3591
AMS Software version v5.02/1220/12 built Fri Apr 19 23:54:38 2019

Geant4  Version 1033
Run ID: 271 Bartel: 20
Input Destination: /eos/ams/user/s/selu/mdst/He122/mdst_60441811.root
Output Destination: /afs/cern.ch/work/c/ctuysuz/private/he_flux/LSF/result_mc_time/time_20/he_flux_20_271.root
Add hist00 from /eos/ams/user/s/selu/mdst/He122/mdst_60441811.root
Start of Init
Use new binning
Start of Eventloop
Ntr, Nent= 1 441064
IsMC= 1
Parameter[0] = -2.70518
Parameter[1] = -3.02051
Parameter[2] = -3.58999
Parameter[3] = -5.56547
Parameter[4] = 0.334526
Parameter[5] = -2.62761
mdfil_info:  10.0%    5 sec CPU:  40.4%
mdfil_info:  20.0%    8 sec CPU:  52.1%
mdfil_info:  30.0%   11 sec CPU:  56.6%
mdfil_info:  40.0%   14 sec CPU:  57.8%
mdfil_info:  50.0%   17 sec CPU:  58.7%
mdfil_info:  60.0%   20 sec CPU:  59.9%
mdfil_info:  70.0%   23 sec CPU:  60.8%
mdfil_info:  80.0%   26 sec CPU:  61.3%
mdfil_info:  90.0%   29 sec CPU:  61.5%
mdfil_info: 100.0%   31 sec CPU:  61.6%
mdfil_info: 100.0%   31 sec CPU:  61.6%
36685
AMSCommonsI-I-HardwareIdentifiedAs Linux 3.10.0-957.12.1.el7.x86_64 x86_64 2
AMSCommonsI-I-Identified as LittleEndian 64 bit machine. 4294967295
AMSCommonsI-I-amsdatabase /cvmfs/ams.cern.ch/Offline/AMSDataDir/DataBase/
AMSCommonsI-I-MipsFromCPUInfo: 2394.45
AMSCommonsI-I-SystemIdentified as  Intel Core Processor (Haswell, no TSX, IBRS)
AMSCommonsI-I-ComputerEvaluatedAsMips 3591
AMS Software version v5.02/1220/12 built Fri Apr 19 23:54:38 2019

Geant4  Version 1033
Run ID: 452 Bartel: 74
Input Destination: /eos/ams/user/s/selu/mdst/He314/mdst_120929852.root
Output Destination: /afs/cern.ch/work/c/ctuysuz/private/he_flux/LSF/result_mc_time/time_74/he_flux_74_452.root
Add hist00 from /eos/ams/user/s/selu/mdst/He314/mdst_120929852.root
Start of Init
Use new binning
Start of Eventloop
Ntr, Nent= 1 122283
IsMC= 1
Parameter[0] = -2.51662
Parameter[1] = -2.96375
Parameter[2] = -3.57829
Parameter[3] = -5.45844
Parameter[4] = 0.103059
Parameter[5] = -1.93983
mdfil_info:  10.0%    1 sec CPU:  76.2%
mdfil_info:  20.0%    2 sec CPU:  75.5%
mdfil_info:  30.0%    3 sec CPU:  76.6%
mdfil_info:  40.0%    3 sec CPU:  79.5%
mdfil_info:  50.0%    4 sec CPU:  81.5%
mdfil_info:  60.0%    4 sec CPU:  83.1%
mdfil_info:  70.0%    5 sec CPU:  84.0%
mdfil_info:  80.0%    6 sec CPU:  84.8%
mdfil_info:  90.0%    6 sec CPU:  85.6%
mdfil_info: 100.0%    7 sec CPU:  85.9%
mdfil_info: 100.0%    7 sec CPU:  85.8%
