WARN: the 'eosmount' alias is deprecated, please use /eos directly
License ports: 28518@lxlicen01.cern.ch,28518@lxlicen02.cern.ch,28518@lxlicen03.cern.ch:/cvmfs/projects.cern.ch/intelsw/psxe/linux/licenses
Intel(R) Parallel Studio XE 2018 Update 2 for Linux*
Copyright (C) 2009-2018 Intel Corporation. All rights reserved.
13496
AMSCommonsI-I-HardwareIdentifiedAs Linux 3.10.0-957.10.1.el7.x86_64 x86_64 2
AMSCommonsI-I-Identified as LittleEndian 64 bit machine. 4294967295
AMSCommonsI-I-amsdatabase /cvmfs/ams.cern.ch/Offline/AMSDataDir/DataBase/
AMSCommonsI-I-MipsFromCPUInfo: 2194.92
AMSCommonsI-I-SystemIdentified as  Intel(R) Xeon(R) CPU E5-2630 v4 @ 2.20GHz
AMSCommonsI-I-ComputerEvaluatedAsMips 3511
AMS Software version v5.02/1220/12 built Fri Apr 19 23:54:38 2019

Geant4  Version 1033
Run ID: 166 Bartel: 51
Input Destination: /eos/ams/user/s/selu/mdst/He122/mdst_60441706.root
Output Destination: /afs/cern.ch/work/c/ctuysuz/private/he_flux/LSF/result_mc_time/time_51/he_flux_51_166.root
Add hist00 from /eos/ams/user/s/selu/mdst/He122/mdst_60441706.root
Start of Init
Use new binning
Start of Eventloop
Ntr, Nent= 1 437712
IsMC= 1
Parameter[0] = -2.74568
Parameter[1] = -3.06682
Parameter[2] = -3.63032
Parameter[3] = -5.60094
Parameter[4] = 0.442954
Parameter[5] = -2.61577
mdfil_info:  10.0%  159 sec CPU:   1.2%
mdfil_info:  20.0%  205 sec CPU:   1.8%
mdfil_info:  30.0%  273 sec CPU:   1.9%
mdfil_info:  40.0%  324 sec CPU:   2.1%
mdfil_info:  50.0%  372 sec CPU:   2.3%
mdfil_info:  60.0%  431 sec CPU:   2.3%
mdfil_info:  70.0%  483 sec CPU:   2.4%
mdfil_info:  80.0%  530 sec CPU:   2.5%
mdfil_info:  90.0%  597 sec CPU:   2.5%
mdfil_info: 100.0%  645 sec CPU:   2.6%
mdfil_info: 100.0%  645 sec CPU:   2.6%
28211
AMSCommonsI-I-HardwareIdentifiedAs Linux 3.10.0-957.10.1.el7.x86_64 x86_64 2
AMSCommonsI-I-Identified as LittleEndian 64 bit machine. 4294967295
AMSCommonsI-I-amsdatabase /cvmfs/ams.cern.ch/Offline/AMSDataDir/DataBase/
AMSCommonsI-I-MipsFromCPUInfo: 2194.92
AMSCommonsI-I-SystemIdentified as  Intel(R) Xeon(R) CPU E5-2630 v4 @ 2.20GHz
AMSCommonsI-I-ComputerEvaluatedAsMips 3511
AMS Software version v5.02/1220/12 built Fri Apr 19 23:54:38 2019

Geant4  Version 1033
Run ID: 348 Bartel: 24
Input Destination: /eos/ams/user/s/selu/mdst/He122/mdst_60441888.root
Output Destination: /afs/cern.ch/work/c/ctuysuz/private/he_flux/LSF/result_mc_time/time_24/he_flux_24_348.root
Add hist00 from /eos/ams/user/s/selu/mdst/He122/mdst_60441888.root
Start of Init
Use new binning
Start of Eventloop
Ntr, Nent= 1 439405
IsMC= 1
Parameter[0] = -2.67347
Parameter[1] = -3.02234
Parameter[2] = -3.59529
Parameter[3] = -5.54139
Parameter[4] = 0.298601
Parameter[5] = -2.30285
mdfil_info:  10.0%    2 sec CPU:  80.6%
mdfil_info:  20.0%    4 sec CPU:  86.1%
mdfil_info:  30.0%    6 sec CPU:  88.2%
mdfil_info:  40.0%    7 sec CPU:  89.1%
mdfil_info:  50.0%    9 sec CPU:  89.6%
mdfil_info:  60.0%   11 sec CPU:  90.0%
mdfil_info:  70.0%   12 sec CPU:  90.1%
mdfil_info:  80.0%   14 sec CPU:  89.9%
mdfil_info:  90.0%   16 sec CPU:  90.0%
mdfil_info: 100.0%   18 sec CPU:  90.1%
mdfil_info: 100.0%   18 sec CPU:  90.1%
42926
AMSCommonsI-I-HardwareIdentifiedAs Linux 3.10.0-957.10.1.el7.x86_64 x86_64 2
AMSCommonsI-I-Identified as LittleEndian 64 bit machine. 4294967295
AMSCommonsI-I-amsdatabase /cvmfs/ams.cern.ch/Offline/AMSDataDir/DataBase/
AMSCommonsI-I-MipsFromCPUInfo: 2194.92
AMSCommonsI-I-SystemIdentified as  Intel(R) Xeon(R) CPU E5-2630 v4 @ 2.20GHz
AMSCommonsI-I-ComputerEvaluatedAsMips 3511
AMS Software version v5.02/1220/12 built Fri Apr 19 23:54:38 2019

Geant4  Version 1033
Run ID: 529 Bartel: 78
Input Destination: /eos/ams/user/s/selu/mdst/He314/mdst_120929932.root
Output Destination: /afs/cern.ch/work/c/ctuysuz/private/he_flux/LSF/result_mc_time/time_78/he_flux_78_529.root
Add hist00 from /eos/ams/user/s/selu/mdst/He314/mdst_120929932.root
Start of Init
Use new binning
Start of Eventloop
Ntr, Nent= 1 122813
IsMC= 1
Parameter[0] = -2.48013
Parameter[1] = -2.9556
Parameter[2] = -3.57501
Parameter[3] = -5.51652
Parameter[4] = -0.0886133
Parameter[5] = -2.33511
mdfil_info:  10.0%    1 sec CPU:  78.2%
mdfil_info:  20.0%    1 sec CPU:  79.4%
mdfil_info:  30.0%    2 sec CPU:  80.1%
mdfil_info:  40.0%    2 sec CPU:  83.2%
mdfil_info:  50.0%    3 sec CPU:  84.5%
mdfil_info:  60.0%    3 sec CPU:  85.7%
mdfil_info:  70.0%    4 sec CPU:  86.7%
mdfil_info:  80.0%    4 sec CPU:  87.3%
mdfil_info:  90.0%    5 sec CPU:  87.4%
mdfil_info: 100.0%    5 sec CPU:  87.8%
mdfil_info: 100.0%    5 sec CPU:  87.8%
