WARN: the 'eosmount' alias is deprecated, please use /eos directly
License ports: 28518@lxlicen01.cern.ch,28518@lxlicen02.cern.ch,28518@lxlicen03.cern.ch:/cvmfs/projects.cern.ch/intelsw/psxe/linux/licenses
Intel(R) Parallel Studio XE 2018 Update 2 for Linux*
Copyright (C) 2009-2018 Intel Corporation. All rights reserved.
7224
AMSCommonsI-I-HardwareIdentifiedAs Linux 3.10.0-957.1.3.el7.x86_64 x86_64 2
AMSCommonsI-I-Identified as LittleEndian 64 bit machine. 4294967295
AMSCommonsI-I-amsdatabase /cvmfs/ams.cern.ch/Offline/AMSDataDir/DataBase/
AMSCommonsI-I-MipsFromCPUInfo: 2194.92
AMSCommonsI-I-SystemIdentified as  Intel(R) Xeon(R) CPU E5-2650 v4 @ 2.20GHz
AMSCommonsI-I-ComputerEvaluatedAsMips 3511
AMS Software version v5.02/1220/12 built Fri Apr 19 23:54:38 2019

Geant4  Version 1033
Run ID: 89 Bartel: 16
Input Destination: /eos/ams/user/s/selu/mdst/He122/mdst_60441629.root
Output Destination: /afs/cern.ch/work/c/ctuysuz/private/he_flux/LSF/result_mc_time/time_16/he_flux_16_89.root
Add hist00 from /eos/ams/user/s/selu/mdst/He122/mdst_60441629.root
Start of Init
Use new binning
Start of Eventloop
Ntr, Nent= 1 441505
IsMC= 1
Parameter[0] = -2.6668
Parameter[1] = -3.03435
Parameter[2] = -3.60385
Parameter[3] = -5.49763
Parameter[4] = 0.211134
Parameter[5] = -2.07053
mdfil_info:  10.0%   19 sec CPU:  10.0%
mdfil_info:  20.0%   30 sec CPU:  12.1%
mdfil_info:  30.0%   37 sec CPU:  14.2%
mdfil_info:  40.0%   44 sec CPU:  15.9%
mdfil_info:  50.0%   49 sec CPU:  17.7%
mdfil_info:  60.0%   56 sec CPU:  18.8%
mdfil_info:  70.0%   61 sec CPU:  19.9%
mdfil_info:  80.0%   68 sec CPU:  20.6%
mdfil_info:  90.0%   73 sec CPU:  21.2%
mdfil_info: 100.0%   79 sec CPU:  21.8%
mdfil_info: 100.0%   79 sec CPU:  21.8%
21939
AMSCommonsI-I-HardwareIdentifiedAs Linux 3.10.0-957.1.3.el7.x86_64 x86_64 2
AMSCommonsI-I-Identified as LittleEndian 64 bit machine. 4294967295
AMSCommonsI-I-amsdatabase /cvmfs/ams.cern.ch/Offline/AMSDataDir/DataBase/
AMSCommonsI-I-MipsFromCPUInfo: 2194.92
AMSCommonsI-I-SystemIdentified as  Intel(R) Xeon(R) CPU E5-2650 v4 @ 2.20GHz
AMSCommonsI-I-ComputerEvaluatedAsMips 3511
AMS Software version v5.02/1220/12 built Fri Apr 19 23:54:38 2019

Geant4  Version 1033
Run ID: 270 Bartel: 70
Input Destination: /eos/ams/user/s/selu/mdst/He122/mdst_60441810.root
Output Destination: /afs/cern.ch/work/c/ctuysuz/private/he_flux/LSF/result_mc_time/time_70/he_flux_70_270.root
Add hist00 from /eos/ams/user/s/selu/mdst/He122/mdst_60441810.root
Start of Init
Use new binning
Start of Eventloop
Ntr, Nent= 1 437324
IsMC= 1
Parameter[0] = -2.55238
Parameter[1] = -2.98162
Parameter[2] = -3.58419
Parameter[3] = -5.43685
Parameter[4] = 0.00689862
Parameter[5] = -1.78447
mdfil_info:  10.0%   18 sec CPU:  10.8%
mdfil_info:  20.0%   24 sec CPU:  15.0%
mdfil_info:  30.0%   30 sec CPU:  17.7%
mdfil_info:  40.0%   37 sec CPU:  19.7%
mdfil_info:  50.0%   43 sec CPU:  21.0%
mdfil_info:  60.0%   50 sec CPU:  21.7%
mdfil_info:  70.0%   56 sec CPU:  22.5%
mdfil_info:  80.0%   63 sec CPU:  22.9%
mdfil_info:  90.0%   70 sec CPU:  23.3%
mdfil_info: 100.0%   77 sec CPU:  23.5%
mdfil_info: 100.0%   77 sec CPU:  23.5%
36654
AMSCommonsI-I-HardwareIdentifiedAs Linux 3.10.0-957.1.3.el7.x86_64 x86_64 2
AMSCommonsI-I-Identified as LittleEndian 64 bit machine. 4294967295
AMSCommonsI-I-amsdatabase /cvmfs/ams.cern.ch/Offline/AMSDataDir/DataBase/
AMSCommonsI-I-MipsFromCPUInfo: 2194.92
AMSCommonsI-I-SystemIdentified as  Intel(R) Xeon(R) CPU E5-2650 v4 @ 2.20GHz
AMSCommonsI-I-ComputerEvaluatedAsMips 3511
AMS Software version v5.02/1220/12 built Fri Apr 19 23:54:38 2019

Geant4  Version 1033
Run ID: 452 Bartel: 43
Input Destination: /eos/ams/user/s/selu/mdst/He314/mdst_120929852.root
Output Destination: /afs/cern.ch/work/c/ctuysuz/private/he_flux/LSF/result_mc_time/time_43/he_flux_43_452.root
Add hist00 from /eos/ams/user/s/selu/mdst/He314/mdst_120929852.root
Start of Init
Use new binning
Start of Eventloop
Ntr, Nent= 1 122283
IsMC= 1
Parameter[0] = -2.79775
Parameter[1] = -3.07523
Parameter[2] = -3.62821
Parameter[3] = -5.6114
Parameter[4] = 0.460986
Parameter[5] = -2.73201
mdfil_info:  10.0%    0 sec CPU:  98.6%
mdfil_info:  20.0%    1 sec CPU:  99.7%
mdfil_info:  30.0%    1 sec CPU: 100.1%
mdfil_info:  40.0%    2 sec CPU:  99.9%
mdfil_info:  50.0%    2 sec CPU:  99.7%
mdfil_info:  60.0%    3 sec CPU: 100.0%
mdfil_info:  70.0%    3 sec CPU:  99.9%
mdfil_info:  80.0%    4 sec CPU:  99.9%
mdfil_info:  90.0%    4 sec CPU: 100.0%
mdfil_info: 100.0%    5 sec CPU: 100.0%
mdfil_info: 100.0%    5 sec CPU: 100.0%
