WARN: the 'eosmount' alias is deprecated, please use /eos directly
License ports: 28518@lxlicen01.cern.ch,28518@lxlicen02.cern.ch,28518@lxlicen03.cern.ch:/cvmfs/projects.cern.ch/intelsw/psxe/linux/licenses
Intel(R) Parallel Studio XE 2018 Update 2 for Linux*
Copyright (C) 2009-2018 Intel Corporation. All rights reserved.
13018
AMSCommonsI-I-HardwareIdentifiedAs Linux 3.10.0-957.10.1.el7.x86_64 x86_64 2
AMSCommonsI-I-Identified as LittleEndian 64 bit machine. 4294967295
AMSCommonsI-I-amsdatabase /cvmfs/ams.cern.ch/Offline/AMSDataDir/DataBase/
AMSCommonsI-I-MipsFromCPUInfo: 2194.92
AMSCommonsI-I-SystemIdentified as  Intel(R) Xeon(R) CPU E5-2630 v4 @ 2.20GHz
AMSCommonsI-I-ComputerEvaluatedAsMips 3511
AMS Software version v5.02/1220/12 built Fri Apr 19 23:54:38 2019

Geant4  Version 1033
Run ID: 160 Bartel: 59
Input Destination: /eos/ams/user/s/selu/mdst/He122/mdst_60441700.root
Output Destination: /afs/cern.ch/work/c/ctuysuz/private/he_flux/LSF/result_mc_time/time_59/he_flux_59_160.root
Add hist00 from /eos/ams/user/s/selu/mdst/He122/mdst_60441700.root
Start of Init
Use new binning
Start of Eventloop
Ntr, Nent= 1 442470
IsMC= 1
Parameter[0] = -2.68656
Parameter[1] = -3.03432
Parameter[2] = -3.61157
Parameter[3] = -5.53634
Parameter[4] = 0.355938
Parameter[5] = -2.28628
mdfil_info:  10.0%    3 sec CPU:  69.4%
mdfil_info:  20.0%    5 sec CPU:  75.4%
mdfil_info:  30.0%    8 sec CPU:  78.3%
mdfil_info:  40.0%   10 sec CPU:  80.0%
mdfil_info:  50.0%   12 sec CPU:  80.9%
mdfil_info:  60.0%   14 sec CPU:  81.8%
mdfil_info:  70.0%   16 sec CPU:  81.8%
mdfil_info:  80.0%   19 sec CPU:  82.1%
mdfil_info:  90.0%   21 sec CPU:  82.3%
mdfil_info: 100.0%   23 sec CPU:  82.6%
27733
AMSCommonsI-I-HardwareIdentifiedAs Linux 3.10.0-957.10.1.el7.x86_64 x86_64 2
AMSCommonsI-I-Identified as LittleEndian 64 bit machine. 4294967295
AMSCommonsI-I-amsdatabase /cvmfs/ams.cern.ch/Offline/AMSDataDir/DataBase/
AMSCommonsI-I-MipsFromCPUInfo: 2194.92
AMSCommonsI-I-SystemIdentified as  Intel(R) Xeon(R) CPU E5-2630 v4 @ 2.20GHz
AMSCommonsI-I-ComputerEvaluatedAsMips 3511
AMS Software version v5.02/1220/12 built Fri Apr 19 23:54:38 2019

Geant4  Version 1033
Run ID: 342 Bartel: 32
Input Destination: /eos/ams/user/s/selu/mdst/He122/mdst_60441882.root
Output Destination: /afs/cern.ch/work/c/ctuysuz/private/he_flux/LSF/result_mc_time/time_32/he_flux_32_342.root
Add hist00 from /eos/ams/user/s/selu/mdst/He122/mdst_60441882.root
Start of Init
Use new binning
Start of Eventloop
Ntr, Nent= 1 438291
IsMC= 1
Parameter[0] = -2.77785
Parameter[1] = -3.05134
Parameter[2] = -3.60147
Parameter[3] = -5.53079
Parameter[4] = 0.319411
Parameter[5] = -2.38899
mdfil_info:  10.0%    3 sec CPU:  71.1%
mdfil_info:  20.0%    5 sec CPU:  77.2%
mdfil_info:  30.0%    7 sec CPU:  80.2%
mdfil_info:  40.0%    9 sec CPU:  80.6%
mdfil_info:  50.0%   11 sec CPU:  81.6%
mdfil_info:  60.0%   13 sec CPU:  82.5%
mdfil_info:  70.0%   16 sec CPU:  83.1%
mdfil_info:  80.0%   18 sec CPU:  83.5%
mdfil_info:  90.0%   20 sec CPU:  83.8%
mdfil_info: 100.0%   22 sec CPU:  84.1%
mdfil_info: 100.0%   22 sec CPU:  84.1%
42448
AMSCommonsI-I-HardwareIdentifiedAs Linux 3.10.0-957.10.1.el7.x86_64 x86_64 2
AMSCommonsI-I-Identified as LittleEndian 64 bit machine. 4294967295
AMSCommonsI-I-amsdatabase /cvmfs/ams.cern.ch/Offline/AMSDataDir/DataBase/
AMSCommonsI-I-MipsFromCPUInfo: 2194.92
AMSCommonsI-I-SystemIdentified as  Intel(R) Xeon(R) CPU E5-2630 v4 @ 2.20GHz
AMSCommonsI-I-ComputerEvaluatedAsMips 3511
AMS Software version v5.02/1220/12 built Fri Apr 19 23:54:38 2019

Geant4  Version 1033
Run ID: 524 Bartel: 5
Input Destination: /eos/ams/user/s/selu/mdst/He314/mdst_120929926.root
Output Destination: /afs/cern.ch/work/c/ctuysuz/private/he_flux/LSF/result_mc_time/time_5/he_flux_5_524.root
Add hist00 from /eos/ams/user/s/selu/mdst/He314/mdst_120929926.root
Start of Init
Use new binning
Start of Eventloop
Ntr, Nent= 1 98088
IsMC= 1
Parameter[0] = -2.62631
Parameter[1] = -3.02179
Parameter[2] = -3.60875
Parameter[3] = -5.5302
Parameter[4] = 0.0850909
Parameter[5] = -2.38189
mdfil_info:  10.0%    1 sec CPU:  76.2%
mdfil_info:  20.0%    1 sec CPU:  74.8%
mdfil_info:  30.0%    2 sec CPU:  75.3%
mdfil_info:  40.0%    2 sec CPU:  77.0%
mdfil_info:  50.0%    3 sec CPU:  79.3%
mdfil_info:  60.0%    3 sec CPU:  80.6%
mdfil_info:  70.0%    4 sec CPU:  81.7%
mdfil_info:  80.0%    4 sec CPU:  83.0%
mdfil_info:  90.0%    5 sec CPU:  83.4%
mdfil_info: 100.0%    5 sec CPU:  84.5%
mdfil_info: 100.0%    5 sec CPU:  84.5%
