WARN: the 'eosmount' alias is deprecated, please use /eos directly
License ports: 28518@lxlicen01.cern.ch,28518@lxlicen02.cern.ch,28518@lxlicen03.cern.ch:/cvmfs/projects.cern.ch/intelsw/psxe/linux/licenses
Intel(R) Parallel Studio XE 2018 Update 2 for Linux*
Copyright (C) 2009-2018 Intel Corporation. All rights reserved.
14379
AMSCommonsI-I-HardwareIdentifiedAs Linux 3.10.0-957.12.2.el7.x86_64 x86_64 2
AMSCommonsI-I-Identified as LittleEndian 64 bit machine. 4294967295
AMSCommonsI-I-amsdatabase /cvmfs/ams.cern.ch/Offline/AMSDataDir/DataBase/
AMSCommonsI-I-MipsFromCPUInfo: 2394.45
AMSCommonsI-I-SystemIdentified as  Intel(R) Xeon(R) CPU E5-2630 v3 @ 2.40GHz
AMSCommonsI-I-ComputerEvaluatedAsMips 3831
AMS Software version v5.02/1220/12 built Fri Apr 19 23:54:38 2019

Geant4  Version 1033
Run ID: 177 Bartel: 43
Input Destination: /eos/ams/user/s/selu/mdst/He122/mdst_60441717.root
Output Destination: /afs/cern.ch/work/c/ctuysuz/private/he_flux/LSF/result_mc_time/time_43/he_flux_43_177.root
Add hist00 from /eos/ams/user/s/selu/mdst/He122/mdst_60441717.root
Start of Init
Use new binning
Start of Eventloop
Ntr, Nent= 1 438840
IsMC= 1
Parameter[0] = -2.79775
Parameter[1] = -3.07523
Parameter[2] = -3.62821
Parameter[3] = -5.6114
Parameter[4] = 0.460986
Parameter[5] = -2.73201
mdfil_info:  10.0%    2 sec CPU:  81.6%
mdfil_info:  20.0%    4 sec CPU:  85.8%
mdfil_info:  30.0%    6 sec CPU:  86.9%
mdfil_info:  40.0%    7 sec CPU:  87.7%
mdfil_info:  50.0%    9 sec CPU:  88.6%
mdfil_info:  60.0%   11 sec CPU:  89.2%
mdfil_info:  70.0%   12 sec CPU:  88.3%
mdfil_info:  80.0%   14 sec CPU:  88.8%
mdfil_info:  90.0%   16 sec CPU:  89.1%
mdfil_info: 100.0%   17 sec CPU:  89.2%
29094
AMSCommonsI-I-HardwareIdentifiedAs Linux 3.10.0-957.12.2.el7.x86_64 x86_64 2
AMSCommonsI-I-Identified as LittleEndian 64 bit machine. 4294967295
AMSCommonsI-I-amsdatabase /cvmfs/ams.cern.ch/Offline/AMSDataDir/DataBase/
AMSCommonsI-I-MipsFromCPUInfo: 2394.45
AMSCommonsI-I-SystemIdentified as  Intel(R) Xeon(R) CPU E5-2630 v3 @ 2.40GHz
AMSCommonsI-I-ComputerEvaluatedAsMips 3831
AMS Software version v5.02/1220/12 built Fri Apr 19 23:54:38 2019

Geant4  Version 1033
Run ID: 359 Bartel: 16
Input Destination: /eos/ams/user/s/selu/mdst/He122/mdst_60442247.root
Output Destination: /afs/cern.ch/work/c/ctuysuz/private/he_flux/LSF/result_mc_time/time_16/he_flux_16_359.root
Add hist00 from /eos/ams/user/s/selu/mdst/He122/mdst_60442247.root
Start of Init
Use new binning
Start of Eventloop
Ntr, Nent= 1 438356
IsMC= 1
Parameter[0] = -2.6668
Parameter[1] = -3.03435
Parameter[2] = -3.60385
Parameter[3] = -5.49763
Parameter[4] = 0.211134
Parameter[5] = -2.07053
mdfil_info:  10.0%   15 sec CPU:  14.2%
mdfil_info:  20.0%   20 sec CPU:  19.7%
mdfil_info:  30.0%   25 sec CPU:  22.8%
mdfil_info:  40.0%   30 sec CPU:  25.3%
mdfil_info:  50.0%   35 sec CPU:  26.7%
mdfil_info:  60.0%   41 sec CPU:  27.4%
mdfil_info:  70.0%   46 sec CPU:  28.4%
mdfil_info:  80.0%   51 sec CPU:  29.2%
mdfil_info:  90.0%   56 sec CPU:  30.0%
mdfil_info: 100.0%   61 sec CPU:  30.4%
mdfil_info: 100.0%   61 sec CPU:  30.4%
43809
AMSCommonsI-I-HardwareIdentifiedAs Linux 3.10.0-957.12.2.el7.x86_64 x86_64 2
AMSCommonsI-I-Identified as LittleEndian 64 bit machine. 4294967295
AMSCommonsI-I-amsdatabase /cvmfs/ams.cern.ch/Offline/AMSDataDir/DataBase/
AMSCommonsI-I-MipsFromCPUInfo: 2394.45
AMSCommonsI-I-SystemIdentified as  Intel(R) Xeon(R) CPU E5-2630 v3 @ 2.40GHz
AMSCommonsI-I-ComputerEvaluatedAsMips 3831
AMS Software version v5.02/1220/12 built Fri Apr 19 23:54:38 2019

Geant4  Version 1033
Run ID: 540 Bartel: 70
Input Destination: /eos/ams/user/s/selu/mdst/He314/mdst_120929945.root
Output Destination: /afs/cern.ch/work/c/ctuysuz/private/he_flux/LSF/result_mc_time/time_70/he_flux_70_540.root
Add hist00 from /eos/ams/user/s/selu/mdst/He314/mdst_120929945.root
Start of Init
Use new binning
Start of Eventloop
Ntr, Nent= 1 122554
IsMC= 1
Parameter[0] = -2.55238
Parameter[1] = -2.98162
Parameter[2] = -3.58419
Parameter[3] = -5.43685
Parameter[4] = 0.00689862
Parameter[5] = -1.78447
mdfil_info:  10.0%    6 sec CPU:  10.3%
mdfil_info:  20.0%   12 sec CPU:  10.4%
mdfil_info:  30.0%   18 sec CPU:  10.6%
mdfil_info:  40.0%   21 sec CPU:  11.7%
mdfil_info:  50.0%   23 sec CPU:  12.9%
mdfil_info:  60.0%   24 sec CPU:  14.2%
mdfil_info:  70.0%   26 sec CPU:  15.5%
mdfil_info:  80.0%   31 sec CPU:  14.5%
mdfil_info:  90.0%   35 sec CPU:  14.5%
mdfil_info: 100.0%   36 sec CPU:  15.1%
mdfil_info: 100.0%   36 sec CPU:  15.1%
