WARN: the 'eosmount' alias is deprecated, please use /eos directly
License ports: 28518@lxlicen01.cern.ch,28518@lxlicen02.cern.ch,28518@lxlicen03.cern.ch:/cvmfs/projects.cern.ch/intelsw/psxe/linux/licenses
Intel(R) Parallel Studio XE 2018 Update 2 for Linux*
Copyright (C) 2009-2018 Intel Corporation. All rights reserved.
4997
AMSCommonsI-I-HardwareIdentifiedAs Linux 3.10.0-957.12.1.el7.x86_64 x86_64 2
AMSCommonsI-I-Identified as LittleEndian 64 bit machine. 4294967295
AMSCommonsI-I-amsdatabase /cvmfs/ams.cern.ch/Offline/AMSDataDir/DataBase/
AMSCommonsI-I-MipsFromCPUInfo: 2394.45
AMSCommonsI-I-SystemIdentified as  Intel(R) Xeon(R) CPU E5-2630 v3 @ 2.40GHz
AMSCommonsI-I-ComputerEvaluatedAsMips 3831
AMS Software version v5.02/1220/12 built Fri Apr 19 23:54:38 2019

Geant4  Version 1033
Run ID: 61 Bartel: 57
Input Destination: /eos/ams/user/s/selu/mdst/He122/mdst_60441600.root
Output Destination: /afs/cern.ch/work/c/ctuysuz/private/he_flux/LSF/result_mc_time/time_57/he_flux_57_61.root
Add hist00 from /eos/ams/user/s/selu/mdst/He122/mdst_60441600.root
Start of Init
Use new binning
Start of Eventloop
Ntr, Nent= 1 442056
IsMC= 1
Parameter[0] = -2.70293
Parameter[1] = -3.03976
Parameter[2] = -3.61538
Parameter[3] = -5.54214
Parameter[4] = 0.274724
Parameter[5] = -2.38056
mdfil_info:  10.0%   19 sec CPU:  11.7%
mdfil_info:  20.0%   27 sec CPU:  15.0%
mdfil_info:  30.0%   34 sec CPU:  17.9%
mdfil_info:  40.0%   39 sec CPU:  20.7%
mdfil_info:  50.0%   44 sec CPU:  22.7%
mdfil_info:  60.0%   53 sec CPU:  22.7%
mdfil_info:  70.0%   62 sec CPU:  22.9%
mdfil_info:  80.0%   67 sec CPU:  24.1%
mdfil_info:  90.0%   75 sec CPU:  24.3%
mdfil_info: 100.0%   82 sec CPU:  24.6%
mdfil_info: 100.0%   82 sec CPU:  24.6%
19712
AMSCommonsI-I-HardwareIdentifiedAs Linux 3.10.0-957.12.1.el7.x86_64 x86_64 2
AMSCommonsI-I-Identified as LittleEndian 64 bit machine. 4294967295
AMSCommonsI-I-amsdatabase /cvmfs/ams.cern.ch/Offline/AMSDataDir/DataBase/
AMSCommonsI-I-MipsFromCPUInfo: 2394.45
AMSCommonsI-I-SystemIdentified as  Intel(R) Xeon(R) CPU E5-2630 v3 @ 2.40GHz
AMSCommonsI-I-ComputerEvaluatedAsMips 3831
AMS Software version v5.02/1220/12 built Fri Apr 19 23:54:38 2019

Geant4  Version 1033
Run ID: 243 Bartel: 30
Input Destination: /eos/ams/user/s/selu/mdst/He122/mdst_60441783.root
Output Destination: /afs/cern.ch/work/c/ctuysuz/private/he_flux/LSF/result_mc_time/time_30/he_flux_30_243.root
Add hist00 from /eos/ams/user/s/selu/mdst/He122/mdst_60441783.root
Start of Init
Use new binning
Start of Eventloop
Ntr, Nent= 1 435024
IsMC= 1
Parameter[0] = -2.78302
Parameter[1] = -3.06111
Parameter[2] = -3.62424
Parameter[3] = -5.59535
Parameter[4] = 0.417456
Parameter[5] = -2.69098
mdfil_info:  10.0%   15 sec CPU:  14.1%
mdfil_info:  20.0%   20 sec CPU:  20.1%
mdfil_info:  30.0%   25 sec CPU:  23.4%
mdfil_info:  40.0%   30 sec CPU:  26.0%
mdfil_info:  50.0%   34 sec CPU:  27.8%
mdfil_info:  60.0%   39 sec CPU:  29.2%
mdfil_info:  70.0%   45 sec CPU:  29.7%
mdfil_info:  80.0%   50 sec CPU:  30.7%
mdfil_info:  90.0%   56 sec CPU:  31.2%
mdfil_info: 100.0%   60 sec CPU:  31.9%
mdfil_info: 100.0%   60 sec CPU:  31.9%
34427
AMSCommonsI-I-HardwareIdentifiedAs Linux 3.10.0-957.12.1.el7.x86_64 x86_64 2
AMSCommonsI-I-Identified as LittleEndian 64 bit machine. 4294967295
AMSCommonsI-I-amsdatabase /cvmfs/ams.cern.ch/Offline/AMSDataDir/DataBase/
AMSCommonsI-I-MipsFromCPUInfo: 2394.45
AMSCommonsI-I-SystemIdentified as  Intel(R) Xeon(R) CPU E5-2630 v3 @ 2.40GHz
AMSCommonsI-I-ComputerEvaluatedAsMips 3831
AMS Software version v5.02/1220/12 built Fri Apr 19 23:54:38 2019

Geant4  Version 1033
Run ID: 425 Bartel: 3
Input Destination: /eos/ams/user/s/selu/mdst/He122/mdst_60442313.root
Output Destination: /afs/cern.ch/work/c/ctuysuz/private/he_flux/LSF/result_mc_time/time_3/he_flux_3_425.root
Add hist00 from /eos/ams/user/s/selu/mdst/He122/mdst_60442313.root
Start of Init
Use new binning
Start of Eventloop
Ntr, Nent= 1 438711
IsMC= 1
Parameter[0] = -2.60444
Parameter[1] = -2.96917
Parameter[2] = -3.55869
Parameter[3] = -5.49263
Parameter[4] = 0.194958
Parameter[5] = -2.37354
mdfil_info:  10.0%   16 sec CPU:  13.8%
mdfil_info:  20.0%   22 sec CPU:  19.0%
mdfil_info:  30.0%   27 sec CPU:  22.8%
mdfil_info:  40.0%   33 sec CPU:  24.8%
mdfil_info:  50.0%   38 sec CPU:  26.5%
mdfil_info:  60.0%   44 sec CPU:  27.7%
mdfil_info:  70.0%   49 sec CPU:  28.5%
mdfil_info:  80.0%   54 sec CPU:  29.4%
mdfil_info:  90.0%   60 sec CPU:  30.0%
mdfil_info: 100.0%   65 sec CPU:  30.5%
mdfil_info: 100.0%   65 sec CPU:  30.5%
