WARN: the 'eosmount' alias is deprecated, please use /eos directly
License ports: 28518@lxlicen01.cern.ch,28518@lxlicen02.cern.ch,28518@lxlicen03.cern.ch:/cvmfs/projects.cern.ch/intelsw/psxe/linux/licenses
Intel(R) Parallel Studio XE 2018 Update 2 for Linux*
Copyright (C) 2009-2018 Intel Corporation. All rights reserved.
13338
AMSCommonsI-I-HardwareIdentifiedAs Linux 3.10.0-957.10.1.el7.x86_64 x86_64 2
AMSCommonsI-I-Identified as LittleEndian 64 bit machine. 4294967295
AMSCommonsI-I-amsdatabase /cvmfs/ams.cern.ch/Offline/AMSDataDir/DataBase/
AMSCommonsI-I-MipsFromCPUInfo: 2194.92
AMSCommonsI-I-SystemIdentified as  Intel(R) Xeon(R) CPU E5-2630 v4 @ 2.20GHz
AMSCommonsI-I-ComputerEvaluatedAsMips 3511
AMS Software version v5.02/1220/12 built Fri Apr 19 23:54:38 2019

Geant4  Version 1033
Run ID: 164 Bartel: 55
Input Destination: /eos/ams/user/s/selu/mdst/He122/mdst_60441704.root
Output Destination: /afs/cern.ch/work/c/ctuysuz/private/he_flux/LSF/result_mc_time/time_55/he_flux_55_164.root
Add hist00 from /eos/ams/user/s/selu/mdst/He122/mdst_60441704.root
Start of Init
Use new binning
Start of Eventloop
Ntr, Nent= 1 440058
IsMC= 1
Parameter[0] = -2.74163
Parameter[1] = -3.05076
Parameter[2] = -3.61683
Parameter[3] = -5.57138
Parameter[4] = 0.434624
Parameter[5] = -2.47013
mdfil_info:  10.0%   21 sec CPU:  11.5%
mdfil_info:  20.0%   33 sec CPU:  13.5%
mdfil_info:  30.0%   43 sec CPU:  15.6%
mdfil_info:  40.0%   56 sec CPU:  15.9%
mdfil_info:  50.0%   66 sec CPU:  16.8%
mdfil_info:  60.0%   78 sec CPU:  16.9%
mdfil_info:  70.0%   92 sec CPU:  16.8%
mdfil_info:  80.0%  103 sec CPU:  17.0%
mdfil_info:  90.0%  114 sec CPU:  17.3%
mdfil_info: 100.0%  123 sec CPU:  17.8%
mdfil_info: 100.0%  123 sec CPU:  17.8%
28053
AMSCommonsI-I-HardwareIdentifiedAs Linux 3.10.0-957.10.1.el7.x86_64 x86_64 2
AMSCommonsI-I-Identified as LittleEndian 64 bit machine. 4294967295
AMSCommonsI-I-amsdatabase /cvmfs/ams.cern.ch/Offline/AMSDataDir/DataBase/
AMSCommonsI-I-MipsFromCPUInfo: 2194.92
AMSCommonsI-I-SystemIdentified as  Intel(R) Xeon(R) CPU E5-2630 v4 @ 2.20GHz
AMSCommonsI-I-ComputerEvaluatedAsMips 3511
AMS Software version v5.02/1220/12 built Fri Apr 19 23:54:38 2019

Geant4  Version 1033
Run ID: 346 Bartel: 28
Input Destination: /eos/ams/user/s/selu/mdst/He122/mdst_60441886.root
Output Destination: /afs/cern.ch/work/c/ctuysuz/private/he_flux/LSF/result_mc_time/time_28/he_flux_28_346.root
Add hist00 from /eos/ams/user/s/selu/mdst/He122/mdst_60441886.root
Start of Init
Use new binning
Start of Eventloop
Ntr, Nent= 1 394682
IsMC= 1
Parameter[0] = -2.78708
Parameter[1] = -3.08521
Parameter[2] = -3.63404
Parameter[3] = -5.57737
Parameter[4] = 0.368582
Parameter[5] = -2.54212
mdfil_info:  10.0%   18 sec CPU:  11.7%
mdfil_info:  20.0%   24 sec CPU:  16.9%
mdfil_info:  30.0%   30 sec CPU:  19.4%
mdfil_info:  40.0%   37 sec CPU:  21.1%
mdfil_info:  50.0%   43 sec CPU:  22.4%
mdfil_info:  60.0%   49 sec CPU:  23.8%
mdfil_info:  70.0%   54 sec CPU:  25.1%
mdfil_info:  80.0%   60 sec CPU:  25.8%
mdfil_info:  90.0%   66 sec CPU:  26.7%
mdfil_info: 100.0%   71 sec CPU:  27.3%
mdfil_info: 100.0%   71 sec CPU:  27.3%
42768
AMSCommonsI-I-HardwareIdentifiedAs Linux 3.10.0-957.10.1.el7.x86_64 x86_64 2
AMSCommonsI-I-Identified as LittleEndian 64 bit machine. 4294967295
AMSCommonsI-I-amsdatabase /cvmfs/ams.cern.ch/Offline/AMSDataDir/DataBase/
AMSCommonsI-I-MipsFromCPUInfo: 2194.92
AMSCommonsI-I-SystemIdentified as  Intel(R) Xeon(R) CPU E5-2630 v4 @ 2.20GHz
AMSCommonsI-I-ComputerEvaluatedAsMips 3511
AMS Software version v5.02/1220/12 built Fri Apr 19 23:54:38 2019

Geant4  Version 1033
Run ID: 528 Bartel: 1
Input Destination: /eos/ams/user/s/selu/mdst/He314/mdst_120929931.root
Output Destination: /afs/cern.ch/work/c/ctuysuz/private/he_flux/LSF/result_mc_time/time_1/he_flux_1_528.root
Add hist00 from /eos/ams/user/s/selu/mdst/He314/mdst_120929931.root
Start of Init
Use new binning
Start of Eventloop
Ntr, Nent= 1 110806
IsMC= 1
Parameter[0] = -2.47751
Parameter[1] = -2.72369
Parameter[2] = -3.30093
Parameter[3] = -5.32428
Parameter[4] = 0.816566
Parameter[5] = -2.78591
mdfil_info:  10.0%    6 sec CPU:  10.4%
mdfil_info:  20.0%   11 sec CPU:  11.2%
mdfil_info:  30.0%   16 sec CPU:  11.9%
mdfil_info:  40.0%   18 sec CPU:  14.3%
mdfil_info:  50.0%   19 sec CPU:  16.3%
mdfil_info:  60.0%   21 sec CPU:  17.7%
mdfil_info:  70.0%   22 sec CPU:  18.8%
mdfil_info:  80.0%   24 sec CPU:  19.8%
mdfil_info:  90.0%   25 sec CPU:  21.0%
mdfil_info: 100.0%   26 sec CPU:  21.9%
mdfil_info: 100.0%   26 sec CPU:  21.9%
