WARN: the 'eosmount' alias is deprecated, please use /eos directly
License ports: 28518@lxlicen01.cern.ch,28518@lxlicen02.cern.ch,28518@lxlicen03.cern.ch:/cvmfs/projects.cern.ch/intelsw/psxe/linux/licenses
Intel(R) Parallel Studio XE 2018 Update 2 for Linux*
Copyright (C) 2009-2018 Intel Corporation. All rights reserved.
8737
AMSCommonsI-I-HardwareIdentifiedAs Linux 3.10.0-957.12.1.el7.x86_64 x86_64 2
AMSCommonsI-I-Identified as LittleEndian 64 bit machine. 4294967295
AMSCommonsI-I-amsdatabase /cvmfs/ams.cern.ch/Offline/AMSDataDir/DataBase/
AMSCommonsI-I-MipsFromCPUInfo: 2394.45
AMSCommonsI-I-SystemIdentified as  Intel(R) Xeon(R) CPU E5-2630 v3 @ 2.40GHz
AMSCommonsI-I-ComputerEvaluatedAsMips 3831
AMS Software version v5.02/1220/12 built Fri Apr 19 23:54:38 2019

Geant4  Version 1033
Run ID: 107 Bartel: 71
Input Destination: /eos/ams/user/s/selu/mdst/He122/mdst_60441647.root
Output Destination: /afs/cern.ch/work/c/ctuysuz/private/he_flux/LSF/result_mc_time/time_71/he_flux_71_107.root
Add hist00 from /eos/ams/user/s/selu/mdst/He122/mdst_60441647.root
Start of Init
Use new binning
Start of Eventloop
Ntr, Nent= 1 357438
IsMC= 1
Parameter[0] = -2.54894
Parameter[1] = -2.98273
Parameter[2] = -3.58454
Parameter[3] = -5.47731
Parameter[4] = 0.0989745
Parameter[5] = -2.00648
mdfil_info:  10.0%   15 sec CPU:  12.3%
mdfil_info:  20.0%   19 sec CPU:  17.3%
mdfil_info:  30.0%   23 sec CPU:  21.1%
mdfil_info:  40.0%   27 sec CPU:  23.2%
mdfil_info:  50.0%   32 sec CPU:  24.8%
mdfil_info:  60.0%   36 sec CPU:  25.9%
mdfil_info:  70.0%   41 sec CPU:  26.5%
mdfil_info:  80.0%   45 sec CPU:  27.2%
mdfil_info:  90.0%   49 sec CPU:  27.8%
mdfil_info: 100.0%   54 sec CPU:  28.2%
mdfil_info: 100.0%   54 sec CPU:  28.2%
23452
AMSCommonsI-I-HardwareIdentifiedAs Linux 3.10.0-957.12.1.el7.x86_64 x86_64 2
AMSCommonsI-I-Identified as LittleEndian 64 bit machine. 4294967295
AMSCommonsI-I-amsdatabase /cvmfs/ams.cern.ch/Offline/AMSDataDir/DataBase/
AMSCommonsI-I-MipsFromCPUInfo: 2394.45
AMSCommonsI-I-SystemIdentified as  Intel(R) Xeon(R) CPU E5-2630 v3 @ 2.40GHz
AMSCommonsI-I-ComputerEvaluatedAsMips 3831
AMS Software version v5.02/1220/12 built Fri Apr 19 23:54:38 2019

Geant4  Version 1033
Run ID: 289 Bartel: 44
Input Destination: /eos/ams/user/s/selu/mdst/He122/mdst_60441829.root
Output Destination: /afs/cern.ch/work/c/ctuysuz/private/he_flux/LSF/result_mc_time/time_44/he_flux_44_289.root
Add hist00 from /eos/ams/user/s/selu/mdst/He122/mdst_60441829.root
Start of Init
Use new binning
Start of Eventloop
Ntr, Nent= 1 395265
IsMC= 1
Parameter[0] = -2.74861
Parameter[1] = -3.04436
Parameter[2] = -3.60474
Parameter[3] = -5.57371
Parameter[4] = 0.412165
Parameter[5] = -2.55999
mdfil_info:  10.0%   15 sec CPU:  12.5%
mdfil_info:  20.0%   19 sec CPU:  18.5%
mdfil_info:  30.0%   24 sec CPU:  21.7%
mdfil_info:  40.0%   28 sec CPU:  23.8%
mdfil_info:  50.0%   33 sec CPU:  25.3%
mdfil_info:  60.0%   40 sec CPU:  24.4%
mdfil_info:  70.0%   47 sec CPU:  24.3%
mdfil_info:  80.0%   51 sec CPU:  25.2%
mdfil_info:  90.0%   57 sec CPU:  25.6%
mdfil_info: 100.0%   61 sec CPU:  26.3%
mdfil_info: 100.0%   61 sec CPU:  26.3%
38167
AMSCommonsI-I-HardwareIdentifiedAs Linux 3.10.0-957.12.1.el7.x86_64 x86_64 2
AMSCommonsI-I-Identified as LittleEndian 64 bit machine. 4294967295
AMSCommonsI-I-amsdatabase /cvmfs/ams.cern.ch/Offline/AMSDataDir/DataBase/
AMSCommonsI-I-MipsFromCPUInfo: 2394.45
AMSCommonsI-I-SystemIdentified as  Intel(R) Xeon(R) CPU E5-2630 v3 @ 2.40GHz
AMSCommonsI-I-ComputerEvaluatedAsMips 3831
AMS Software version v5.02/1220/12 built Fri Apr 19 23:54:38 2019

Geant4  Version 1033
Run ID: 471 Bartel: 17
Input Destination: /eos/ams/user/s/selu/mdst/He314/mdst_120929871.root
Output Destination: /afs/cern.ch/work/c/ctuysuz/private/he_flux/LSF/result_mc_time/time_17/he_flux_17_471.root
Add hist00 from /eos/ams/user/s/selu/mdst/He314/mdst_120929871.root
Start of Init
Use new binning
Start of Eventloop
Ntr, Nent= 1 122811
IsMC= 1
Parameter[0] = -2.73465
Parameter[1] = -3.05909
Parameter[2] = -3.61586
Parameter[3] = -5.54961
Parameter[4] = 0.318406
Parameter[5] = -2.36477
mdfil_info:  10.0%    6 sec CPU:  10.2%
mdfil_info:  20.0%   11 sec CPU:  11.4%
mdfil_info:  30.0%   15 sec CPU:  12.1%
mdfil_info:  40.0%   16 sec CPU:  14.3%
mdfil_info:  50.0%   18 sec CPU:  16.2%
mdfil_info:  60.0%   19 sec CPU:  17.4%
mdfil_info:  70.0%   20 sec CPU:  18.5%
mdfil_info:  80.0%   22 sec CPU:  19.6%
mdfil_info:  90.0%   23 sec CPU:  20.4%
mdfil_info: 100.0%   24 sec CPU:  21.2%
mdfil_info: 100.0%   24 sec CPU:  21.2%
