WARN: the 'eosmount' alias is deprecated, please use /eos directly
License ports: 28518@lxlicen01.cern.ch,28518@lxlicen02.cern.ch,28518@lxlicen03.cern.ch:/cvmfs/projects.cern.ch/intelsw/psxe/linux/licenses
Intel(R) Parallel Studio XE 2018 Update 2 for Linux*
Copyright (C) 2009-2018 Intel Corporation. All rights reserved.
13344
AMSCommonsI-I-HardwareIdentifiedAs Linux 3.10.0-957.10.1.el7.x86_64 x86_64 2
AMSCommonsI-I-Identified as LittleEndian 64 bit machine. 4294967295
AMSCommonsI-I-amsdatabase /cvmfs/ams.cern.ch/Offline/AMSDataDir/DataBase/
AMSCommonsI-I-MipsFromCPUInfo: 2194.92
AMSCommonsI-I-SystemIdentified as  Intel(R) Xeon(R) CPU E5-2630 v4 @ 2.20GHz
AMSCommonsI-I-ComputerEvaluatedAsMips 3511
AMS Software version v5.02/1220/12 built Fri Apr 19 23:54:38 2019

Geant4  Version 1033
Run ID: 164 Bartel: 61
Input Destination: /eos/ams/user/s/selu/mdst/He122/mdst_60441704.root
Output Destination: /afs/cern.ch/work/c/ctuysuz/private/he_flux/LSF/result_mc_time/time_61/he_flux_61_164.root
Add hist00 from /eos/ams/user/s/selu/mdst/He122/mdst_60441704.root
Start of Init
Use new binning
Start of Eventloop
Ntr, Nent= 1 440058
IsMC= 1
Parameter[0] = -2.66257
Parameter[1] = -3.02879
Parameter[2] = -3.60772
Parameter[3] = -5.54397
Parameter[4] = 0.208408
Parameter[5] = -2.47782
mdfil_info:  10.0%   22 sec CPU:   9.0%
mdfil_info:  20.0%   32 sec CPU:  11.8%
mdfil_info:  30.0%   43 sec CPU:  13.3%
mdfil_info:  40.0%   54 sec CPU:  13.9%
mdfil_info:  50.0%   65 sec CPU:  14.7%
mdfil_info:  60.0%   74 sec CPU:  15.3%
mdfil_info:  70.0%   85 sec CPU:  15.5%
mdfil_info:  80.0%   95 sec CPU:  15.9%
mdfil_info:  90.0%  105 sec CPU:  16.1%
mdfil_info: 100.0%  115 sec CPU:  16.1%
mdfil_info: 100.0%  115 sec CPU:  16.1%
28059
AMSCommonsI-I-HardwareIdentifiedAs Linux 3.10.0-957.10.1.el7.x86_64 x86_64 2
AMSCommonsI-I-Identified as LittleEndian 64 bit machine. 4294967295
AMSCommonsI-I-amsdatabase /cvmfs/ams.cern.ch/Offline/AMSDataDir/DataBase/
AMSCommonsI-I-MipsFromCPUInfo: 2194.92
AMSCommonsI-I-SystemIdentified as  Intel(R) Xeon(R) CPU E5-2630 v4 @ 2.20GHz
AMSCommonsI-I-ComputerEvaluatedAsMips 3511
AMS Software version v5.02/1220/12 built Fri Apr 19 23:54:38 2019

Geant4  Version 1033
Run ID: 346 Bartel: 34
Input Destination: /eos/ams/user/s/selu/mdst/He122/mdst_60441886.root
Output Destination: /afs/cern.ch/work/c/ctuysuz/private/he_flux/LSF/result_mc_time/time_34/he_flux_34_346.root
Add hist00 from /eos/ams/user/s/selu/mdst/He122/mdst_60441886.root
Start of Init
Use new binning
Start of Eventloop
Ntr, Nent= 1 394682
IsMC= 1
Parameter[0] = -2.72052
Parameter[1] = -2.99045
Parameter[2] = -3.54577
Parameter[3] = -5.51973
Parameter[4] = 0.499199
Parameter[5] = -2.55339
mdfil_info:  10.0%   17 sec CPU:  10.3%
mdfil_info:  20.0%   24 sec CPU:  14.7%
mdfil_info:  30.0%   29 sec CPU:  17.6%
mdfil_info:  40.0%   36 sec CPU:  19.3%
mdfil_info:  50.0%   41 sec CPU:  20.5%
mdfil_info:  60.0%   46 sec CPU:  21.6%
mdfil_info:  70.0%   51 sec CPU:  22.1%
mdfil_info:  80.0%   58 sec CPU:  22.3%
mdfil_info:  90.0%   63 sec CPU:  22.8%
mdfil_info: 100.0%   69 sec CPU:  23.0%
mdfil_info: 100.0%   69 sec CPU:  23.0%
42774
AMSCommonsI-I-HardwareIdentifiedAs Linux 3.10.0-957.10.1.el7.x86_64 x86_64 2
AMSCommonsI-I-Identified as LittleEndian 64 bit machine. 4294967295
AMSCommonsI-I-amsdatabase /cvmfs/ams.cern.ch/Offline/AMSDataDir/DataBase/
AMSCommonsI-I-MipsFromCPUInfo: 2194.92
AMSCommonsI-I-SystemIdentified as  Intel(R) Xeon(R) CPU E5-2630 v4 @ 2.20GHz
AMSCommonsI-I-ComputerEvaluatedAsMips 3511
AMS Software version v5.02/1220/12 built Fri Apr 19 23:54:38 2019

Geant4  Version 1033
Run ID: 528 Bartel: 7
Input Destination: /eos/ams/user/s/selu/mdst/He314/mdst_120929931.root
Output Destination: /afs/cern.ch/work/c/ctuysuz/private/he_flux/LSF/result_mc_time/time_7/he_flux_7_528.root
Add hist00 from /eos/ams/user/s/selu/mdst/He314/mdst_120929931.root
Start of Init
Use new binning
Start of Eventloop
Ntr, Nent= 1 110806
IsMC= 1
Parameter[0] = -2.6167
Parameter[1] = -3.01884
Parameter[2] = -3.60527
Parameter[3] = -5.52044
Parameter[4] = 0.00890243
Parameter[5] = -2.31265
mdfil_info:  10.0%    6 sec CPU:   9.0%
mdfil_info:  20.0%   11 sec CPU:   8.8%
mdfil_info:  30.0%   16 sec CPU:   9.0%
mdfil_info:  40.0%   17 sec CPU:  10.8%
mdfil_info:  50.0%   18 sec CPU:  12.2%
mdfil_info:  60.0%   20 sec CPU:  13.4%
mdfil_info:  70.0%   21 sec CPU:  14.5%
mdfil_info:  80.0%   23 sec CPU:  15.4%
mdfil_info:  90.0%   25 sec CPU:  16.1%
mdfil_info: 100.0%   26 sec CPU:  16.7%
mdfil_info: 100.0%   26 sec CPU:  16.7%
