WARN: the 'eosmount' alias is deprecated, please use /eos directly
License ports: 28518@lxlicen01.cern.ch,28518@lxlicen02.cern.ch,28518@lxlicen03.cern.ch:/cvmfs/projects.cern.ch/intelsw/psxe/linux/licenses
Intel(R) Parallel Studio XE 2018 Update 2 for Linux*
Copyright (C) 2009-2018 Intel Corporation. All rights reserved.
13975
AMSCommonsI-I-HardwareIdentifiedAs Linux 3.10.0-957.10.1.el7.x86_64 x86_64 2
AMSCommonsI-I-Identified as LittleEndian 64 bit machine. 4294967295
AMSCommonsI-I-amsdatabase /cvmfs/ams.cern.ch/Offline/AMSDataDir/DataBase/
AMSCommonsI-I-MipsFromCPUInfo: 2194.92
AMSCommonsI-I-SystemIdentified as  Intel(R) Xeon(R) CPU E5-2630 v4 @ 2.20GHz
AMSCommonsI-I-ComputerEvaluatedAsMips 3511
AMS Software version v5.02/1220/12 built Fri Apr 19 23:54:38 2019

Geant4  Version 1033
Run ID: 172 Bartel: 44
Input Destination: /eos/ams/user/s/selu/mdst/He122/mdst_60441712.root
Output Destination: /afs/cern.ch/work/c/ctuysuz/private/he_flux/LSF/result_mc_time/time_44/he_flux_44_172.root
Add hist00 from /eos/ams/user/s/selu/mdst/He122/mdst_60441712.root
Start of Init
Use new binning
Start of Eventloop
Ntr, Nent= 1 438528
IsMC= 1
Parameter[0] = -2.74861
Parameter[1] = -3.04436
Parameter[2] = -3.60474
Parameter[3] = -5.57371
Parameter[4] = 0.412165
Parameter[5] = -2.55999
mdfil_info:  10.0%   19 sec CPU:  12.2%
mdfil_info:  20.0%   27 sec CPU:  16.2%
mdfil_info:  30.0%   35 sec CPU:  18.8%
mdfil_info:  40.0%   43 sec CPU:  20.6%
mdfil_info:  50.0%   50 sec CPU:  21.8%
mdfil_info:  60.0%   56 sec CPU:  23.6%
mdfil_info:  70.0%   64 sec CPU:  24.0%
mdfil_info:  80.0%   72 sec CPU:  24.5%
mdfil_info:  90.0%   78 sec CPU:  25.3%
mdfil_info: 100.0%   89 sec CPU:  24.6%
mdfil_info: 100.0%   89 sec CPU:  24.6%
28690
AMSCommonsI-I-HardwareIdentifiedAs Linux 3.10.0-957.10.1.el7.x86_64 x86_64 2
AMSCommonsI-I-Identified as LittleEndian 64 bit machine. 4294967295
AMSCommonsI-I-amsdatabase /cvmfs/ams.cern.ch/Offline/AMSDataDir/DataBase/
AMSCommonsI-I-MipsFromCPUInfo: 2194.92
AMSCommonsI-I-SystemIdentified as  Intel(R) Xeon(R) CPU E5-2630 v4 @ 2.20GHz
AMSCommonsI-I-ComputerEvaluatedAsMips 3511
AMS Software version v5.02/1220/12 built Fri Apr 19 23:54:38 2019

Geant4  Version 1033
Run ID: 354 Bartel: 17
Input Destination: /eos/ams/user/s/selu/mdst/He122/mdst_60442242.root
Output Destination: /afs/cern.ch/work/c/ctuysuz/private/he_flux/LSF/result_mc_time/time_17/he_flux_17_354.root
Add hist00 from /eos/ams/user/s/selu/mdst/He122/mdst_60442242.root
Start of Init
Use new binning
Start of Eventloop
Ntr, Nent= 1 436354
IsMC= 1
Parameter[0] = -2.73465
Parameter[1] = -3.05909
Parameter[2] = -3.61586
Parameter[3] = -5.54961
Parameter[4] = 0.318406
Parameter[5] = -2.36477
mdfil_info:  10.0%    3 sec CPU:  76.1%
mdfil_info:  20.0%    5 sec CPU:  80.3%
mdfil_info:  30.0%    8 sec CPU:  82.0%
mdfil_info:  40.0%   10 sec CPU:  83.5%
mdfil_info:  50.0%   12 sec CPU:  84.2%
mdfil_info:  60.0%   14 sec CPU:  85.0%
mdfil_info:  70.0%   17 sec CPU:  85.2%
mdfil_info:  80.0%   19 sec CPU:  85.4%
mdfil_info:  90.0%   22 sec CPU:  85.5%
mdfil_info: 100.0%   24 sec CPU:  85.9%
mdfil_info: 100.0%   24 sec CPU:  85.9%
43405
AMSCommonsI-I-HardwareIdentifiedAs Linux 3.10.0-957.10.1.el7.x86_64 x86_64 2
AMSCommonsI-I-Identified as LittleEndian 64 bit machine. 4294967295
AMSCommonsI-I-amsdatabase /cvmfs/ams.cern.ch/Offline/AMSDataDir/DataBase/
AMSCommonsI-I-MipsFromCPUInfo: 2194.92
AMSCommonsI-I-SystemIdentified as  Intel(R) Xeon(R) CPU E5-2630 v4 @ 2.20GHz
AMSCommonsI-I-ComputerEvaluatedAsMips 3511
AMS Software version v5.02/1220/12 built Fri Apr 19 23:54:38 2019

Geant4  Version 1033
Run ID: 535 Bartel: 71
Input Destination: /eos/ams/user/s/selu/mdst/He314/mdst_120929939.root
Output Destination: /afs/cern.ch/work/c/ctuysuz/private/he_flux/LSF/result_mc_time/time_71/he_flux_71_535.root
Add hist00 from /eos/ams/user/s/selu/mdst/He314/mdst_120929939.root
Start of Init
Use new binning
Start of Eventloop
Ntr, Nent= 1 122556
IsMC= 1
Parameter[0] = -2.54894
Parameter[1] = -2.98273
Parameter[2] = -3.58454
Parameter[3] = -5.47731
Parameter[4] = 0.0989745
Parameter[5] = -2.00648
mdfil_info:  10.0%    1 sec CPU:  72.1%
mdfil_info:  20.0%    2 sec CPU:  73.7%
mdfil_info:  30.0%    3 sec CPU:  74.9%
mdfil_info:  40.0%    3 sec CPU:  78.2%
mdfil_info:  50.0%    4 sec CPU:  80.4%
mdfil_info:  60.0%    5 sec CPU:  82.2%
mdfil_info:  70.0%    5 sec CPU:  82.9%
mdfil_info:  80.0%    6 sec CPU:  83.5%
mdfil_info:  90.0%    7 sec CPU:  84.0%
mdfil_info: 100.0%    7 sec CPU:  84.9%
mdfil_info: 100.0%    7 sec CPU:  84.9%
