WARN: the 'eosmount' alias is deprecated, please use /eos directly
License ports: 28518@lxlicen01.cern.ch,28518@lxlicen02.cern.ch,28518@lxlicen03.cern.ch:/cvmfs/projects.cern.ch/intelsw/psxe/linux/licenses
Intel(R) Parallel Studio XE 2018 Update 2 for Linux*
Copyright (C) 2009-2018 Intel Corporation. All rights reserved.
7623
AMSCommonsI-I-HardwareIdentifiedAs Linux 3.10.0-957.12.1.el7.x86_64 x86_64 2
AMSCommonsI-I-Identified as LittleEndian 64 bit machine. 4294967295
AMSCommonsI-I-amsdatabase /cvmfs/ams.cern.ch/Offline/AMSDataDir/DataBase/
AMSCommonsI-I-MipsFromCPUInfo: 2593.75
AMSCommonsI-I-SystemIdentified as  Intel(R) Xeon(R) CPU E5-2650 v2 @ 2.60GHz
AMSCommonsI-I-ComputerEvaluatedAsMips 4149
AMS Software version v5.02/1220/12 built Fri Apr 19 23:54:38 2019

Geant4  Version 1033
Run ID: 94 Bartel: 10
Input Destination: /eos/ams/user/s/selu/mdst/He122/mdst_60441634.root
Output Destination: /afs/cern.ch/work/c/ctuysuz/private/he_flux/LSF/result_mc_time/time_10/he_flux_10_94.root
Add hist00 from /eos/ams/user/s/selu/mdst/He122/mdst_60441634.root
Start of Init
Use new binning
Start of Eventloop
Ntr, Nent= 1 436444
IsMC= 1
Parameter[0] = -2.60695
Parameter[1] = -3.01041
Parameter[2] = -3.5903
Parameter[3] = -5.48712
Parameter[4] = 0.0628761
Parameter[5] = -2.10837
mdfil_info:  10.0%    7 sec CPU:  30.3%
mdfil_info:  20.0%    9 sec CPU:  42.0%
mdfil_info:  30.0%   12 sec CPU:  49.7%
mdfil_info:  40.0%   14 sec CPU:  54.7%
mdfil_info:  50.0%   16 sec CPU:  57.5%
mdfil_info:  60.0%   19 sec CPU:  60.2%
mdfil_info:  70.0%   21 sec CPU:  62.2%
mdfil_info:  80.0%   23 sec CPU:  63.3%
mdfil_info:  90.0%   25 sec CPU:  64.8%
mdfil_info: 100.0%   27 sec CPU:  65.7%
mdfil_info: 100.0%   27 sec CPU:  65.7%
22338
AMSCommonsI-I-HardwareIdentifiedAs Linux 3.10.0-957.12.1.el7.x86_64 x86_64 2
AMSCommonsI-I-Identified as LittleEndian 64 bit machine. 4294967295
AMSCommonsI-I-amsdatabase /cvmfs/ams.cern.ch/Offline/AMSDataDir/DataBase/
AMSCommonsI-I-MipsFromCPUInfo: 2593.75
AMSCommonsI-I-SystemIdentified as  Intel(R) Xeon(R) CPU E5-2650 v2 @ 2.60GHz
AMSCommonsI-I-ComputerEvaluatedAsMips 4149
AMS Software version v5.02/1220/12 built Fri Apr 19 23:54:38 2019

Geant4  Version 1033
Run ID: 275 Bartel: 64
Input Destination: /eos/ams/user/s/selu/mdst/He122/mdst_60441815.root
Output Destination: /afs/cern.ch/work/c/ctuysuz/private/he_flux/LSF/result_mc_time/time_64/he_flux_64_275.root
Add hist00 from /eos/ams/user/s/selu/mdst/He122/mdst_60441815.root
Start of Init
Use new binning
Start of Eventloop
Ntr, Nent= 1 442905
IsMC= 1
Parameter[0] = -2.60351
Parameter[1] = -3.00196
Parameter[2] = -3.60517
Parameter[3] = -5.53742
Parameter[4] = 0.137006
Parameter[5] = -2.40049
mdfil_info:  10.0%   27 sec CPU:   7.5%
mdfil_info:  20.0%   32 sec CPU:  11.8%
mdfil_info:  30.0%   39 sec CPU:  14.6%
mdfil_info:  40.0%   44 sec CPU:  16.6%
mdfil_info:  50.0%   50 sec CPU:  18.3%
mdfil_info:  60.0%   55 sec CPU:  19.7%
mdfil_info:  70.0%   61 sec CPU:  20.9%
mdfil_info:  80.0%   66 sec CPU:  21.8%
mdfil_info:  90.0%   72 sec CPU:  22.8%
mdfil_info: 100.0%   77 sec CPU:  23.6%
mdfil_info: 100.0%   77 sec CPU:  23.6%
37053
AMSCommonsI-I-HardwareIdentifiedAs Linux 3.10.0-957.12.1.el7.x86_64 x86_64 2
AMSCommonsI-I-Identified as LittleEndian 64 bit machine. 4294967295
AMSCommonsI-I-amsdatabase /cvmfs/ams.cern.ch/Offline/AMSDataDir/DataBase/
AMSCommonsI-I-MipsFromCPUInfo: 2593.75
AMSCommonsI-I-SystemIdentified as  Intel(R) Xeon(R) CPU E5-2650 v2 @ 2.60GHz
AMSCommonsI-I-ComputerEvaluatedAsMips 4149
AMS Software version v5.02/1220/12 built Fri Apr 19 23:54:38 2019

Geant4  Version 1033
Run ID: 457 Bartel: 37
Input Destination: /eos/ams/user/s/selu/mdst/He314/mdst_120929857.root
Output Destination: /afs/cern.ch/work/c/ctuysuz/private/he_flux/LSF/result_mc_time/time_37/he_flux_37_457.root
Add hist00 from /eos/ams/user/s/selu/mdst/He314/mdst_120929857.root
Start of Init
Use new binning
Start of Eventloop
Ntr, Nent= 1 122421
IsMC= 1
Parameter[0] = -2.7864
Parameter[1] = -3.05696
Parameter[2] = -3.61656
Parameter[3] = -5.57878
Parameter[4] = 0.423344
Parameter[5] = -2.57309
mdfil_info:  10.0%    1 sec CPU:  78.1%
mdfil_info:  20.0%    1 sec CPU:  80.0%
mdfil_info:  30.0%    2 sec CPU:  73.1%
mdfil_info:  40.0%    3 sec CPU:  76.8%
mdfil_info:  50.0%    3 sec CPU:  79.4%
mdfil_info:  60.0%    4 sec CPU:  81.3%
mdfil_info:  70.0%    4 sec CPU:  82.8%
mdfil_info:  80.0%    5 sec CPU:  83.7%
mdfil_info:  90.0%    5 sec CPU:  84.6%
mdfil_info: 100.0%    6 sec CPU:  85.4%
mdfil_info: 100.0%    6 sec CPU:  85.4%
