WARN: the 'eosmount' alias is deprecated, please use /eos directly
License ports: 28518@lxlicen01.cern.ch,28518@lxlicen02.cern.ch,28518@lxlicen03.cern.ch:/cvmfs/projects.cern.ch/intelsw/psxe/linux/licenses
Intel(R) Parallel Studio XE 2018 Update 2 for Linux*
Copyright (C) 2009-2018 Intel Corporation. All rights reserved.
3442
AMSCommonsI-I-HardwareIdentifiedAs Linux 3.10.0-957.10.1.el7.x86_64 x86_64 2
AMSCommonsI-I-Identified as LittleEndian 64 bit machine. 4294967295
AMSCommonsI-I-amsdatabase /cvmfs/ams.cern.ch/Offline/AMSDataDir/DataBase/
AMSCommonsI-I-MipsFromCPUInfo: 2194.92
AMSCommonsI-I-SystemIdentified as  Intel(R) Xeon(R) CPU E5-2630 v4 @ 2.20GHz
AMSCommonsI-I-ComputerEvaluatedAsMips 3511
AMS Software version v5.02/1220/12 built Fri Apr 19 23:54:38 2019

Geant4  Version 1033
Run ID: 42 Bartel: 41
Input Destination: /eos/ams/user/s/selu/mdst/He122/mdst_60441581.root
Output Destination: /afs/cern.ch/work/c/ctuysuz/private/he_flux/LSF/result_mc_time/time_41/he_flux_41_42.root
Add hist00 from /eos/ams/user/s/selu/mdst/He122/mdst_60441581.root
Start of Init
Use new binning
Start of Eventloop
Ntr, Nent= 1 434192
IsMC= 1
Parameter[0] = -2.77453
Parameter[1] = -3.05397
Parameter[2] = -3.61054
Parameter[3] = -5.55839
Parameter[4] = 0.485122
Parameter[5] = -2.44204
mdfil_info:  10.0%    3 sec CPU:  66.0%
mdfil_info:  20.0%    6 sec CPU:  73.9%
mdfil_info:  30.0%    8 sec CPU:  76.8%
mdfil_info:  40.0%   10 sec CPU:  78.3%
mdfil_info:  50.0%   13 sec CPU:  79.0%
mdfil_info:  60.0%   15 sec CPU:  79.8%
mdfil_info:  70.0%   17 sec CPU:  80.8%
mdfil_info:  80.0%   20 sec CPU:  81.3%
mdfil_info:  90.0%   22 sec CPU:  81.7%
mdfil_info: 100.0%   24 sec CPU:  82.1%
mdfil_info: 100.0%   24 sec CPU:  82.1%
18157
AMSCommonsI-I-HardwareIdentifiedAs Linux 3.10.0-957.10.1.el7.x86_64 x86_64 2
AMSCommonsI-I-Identified as LittleEndian 64 bit machine. 4294967295
AMSCommonsI-I-amsdatabase /cvmfs/ams.cern.ch/Offline/AMSDataDir/DataBase/
AMSCommonsI-I-MipsFromCPUInfo: 2194.92
AMSCommonsI-I-SystemIdentified as  Intel(R) Xeon(R) CPU E5-2630 v4 @ 2.20GHz
AMSCommonsI-I-ComputerEvaluatedAsMips 3511
AMS Software version v5.02/1220/12 built Fri Apr 19 23:54:38 2019

Geant4  Version 1033
Run ID: 224 Bartel: 14
Input Destination: /eos/ams/user/s/selu/mdst/He122/mdst_60441764.root
Output Destination: /afs/cern.ch/work/c/ctuysuz/private/he_flux/LSF/result_mc_time/time_14/he_flux_14_224.root
Add hist00 from /eos/ams/user/s/selu/mdst/He122/mdst_60441764.root
Start of Init
Use new binning
Start of Eventloop
Ntr, Nent= 1 439005
IsMC= 1
Parameter[0] = -2.62922
Parameter[1] = -3.00854
Parameter[2] = -3.59134
Parameter[3] = -5.49431
Parameter[4] = 0.150366
Parameter[5] = -2.1251
mdfil_info:  10.0%    3 sec CPU:  72.3%
mdfil_info:  20.0%    5 sec CPU:  78.7%
mdfil_info:  30.0%    8 sec CPU:  81.2%
mdfil_info:  40.0%   10 sec CPU:  82.3%
mdfil_info:  50.0%   13 sec CPU:  83.0%
mdfil_info:  60.0%   15 sec CPU:  83.8%
mdfil_info:  70.0%   17 sec CPU:  84.4%
mdfil_info:  80.0%   19 sec CPU:  84.8%
mdfil_info:  90.0%   22 sec CPU:  85.3%
mdfil_info: 100.0%   24 sec CPU:  85.7%
mdfil_info: 100.0%   24 sec CPU:  85.7%
32872
AMSCommonsI-I-HardwareIdentifiedAs Linux 3.10.0-957.10.1.el7.x86_64 x86_64 2
AMSCommonsI-I-Identified as LittleEndian 64 bit machine. 4294967295
AMSCommonsI-I-amsdatabase /cvmfs/ams.cern.ch/Offline/AMSDataDir/DataBase/
AMSCommonsI-I-MipsFromCPUInfo: 2194.92
AMSCommonsI-I-SystemIdentified as  Intel(R) Xeon(R) CPU E5-2630 v4 @ 2.20GHz
AMSCommonsI-I-ComputerEvaluatedAsMips 3511
AMS Software version v5.02/1220/12 built Fri Apr 19 23:54:38 2019

Geant4  Version 1033
Run ID: 405 Bartel: 68
Input Destination: /eos/ams/user/s/selu/mdst/He122/mdst_60442293.root
Output Destination: /afs/cern.ch/work/c/ctuysuz/private/he_flux/LSF/result_mc_time/time_68/he_flux_68_405.root
Add hist00 from /eos/ams/user/s/selu/mdst/He122/mdst_60442293.root
Start of Init
Use new binning
Start of Eventloop
Ntr, Nent= 1 394551
IsMC= 1
Parameter[0] = -2.5639
Parameter[1] = -2.98035
Parameter[2] = -3.58993
Parameter[3] = -5.51419
Parameter[4] = 0.0804353
Parameter[5] = -2.39662
mdfil_info:  10.0%   17 sec CPU:  11.9%
mdfil_info:  20.0%   25 sec CPU:  15.2%
mdfil_info:  30.0%   34 sec CPU:  16.8%
mdfil_info:  40.0%   45 sec CPU:  17.1%
mdfil_info:  50.0%   52 sec CPU:  18.4%
mdfil_info:  60.0%   58 sec CPU:  19.8%
mdfil_info:  70.0%   65 sec CPU:  20.7%
mdfil_info:  80.0%   72 sec CPU:  21.4%
mdfil_info:  90.0%   77 sec CPU:  22.2%
mdfil_info: 100.0%   83 sec CPU:  22.8%
mdfil_info: 100.0%   83 sec CPU:  22.8%
