WARN: the 'eosmount' alias is deprecated, please use /eos directly
License ports: 28518@lxlicen01.cern.ch,28518@lxlicen02.cern.ch,28518@lxlicen03.cern.ch:/cvmfs/projects.cern.ch/intelsw/psxe/linux/licenses
Intel(R) Parallel Studio XE 2018 Update 2 for Linux*
Copyright (C) 2009-2018 Intel Corporation. All rights reserved.
14334
AMSCommonsI-I-HardwareIdentifiedAs Linux 3.10.0-957.10.1.el7.x86_64 x86_64 2
AMSCommonsI-I-Identified as LittleEndian 64 bit machine. 4294967295
AMSCommonsI-I-amsdatabase /cvmfs/ams.cern.ch/Offline/AMSDataDir/DataBase/
AMSCommonsI-I-MipsFromCPUInfo: 2194.92
AMSCommonsI-I-SystemIdentified as  Intel(R) Xeon(R) CPU E5-2630 v4 @ 2.20GHz
AMSCommonsI-I-ComputerEvaluatedAsMips 3511
AMS Software version v5.02/1220/12 built Fri Apr 19 23:54:38 2019

Geant4  Version 1033
Run ID: 176 Bartel: 79
Input Destination: /eos/ams/user/s/selu/mdst/He122/mdst_60441716.root
Output Destination: /afs/cern.ch/work/c/ctuysuz/private/he_flux/LSF/result_mc_time/time_79/he_flux_79_176.root
Add hist00 from /eos/ams/user/s/selu/mdst/He122/mdst_60441716.root
Start of Init
Use new binning
Start of Eventloop
Ntr, Nent= 1 437529
IsMC= 1
Parameter[0] = -2.39896
Parameter[1] = -2.88073
Parameter[2] = -3.50275
Parameter[3] = -5.43121
Parameter[4] = -0.0783246
Parameter[5] = -2.2346
mdfil_info:  10.0%    3 sec CPU:  71.9%
mdfil_info:  20.0%    5 sec CPU:  77.0%
mdfil_info:  30.0%    9 sec CPU:  70.2%
mdfil_info:  40.0%   12 sec CPU:  71.4%
mdfil_info:  50.0%   14 sec CPU:  73.3%
mdfil_info:  60.0%   16 sec CPU:  75.3%
mdfil_info:  70.0%   19 sec CPU:  76.8%
mdfil_info:  80.0%   21 sec CPU:  77.5%
mdfil_info:  90.0%   24 sec CPU:  78.5%
mdfil_info: 100.0%   26 sec CPU:  79.3%
mdfil_info: 100.0%   26 sec CPU:  79.3%
29049
AMSCommonsI-I-HardwareIdentifiedAs Linux 3.10.0-957.10.1.el7.x86_64 x86_64 2
AMSCommonsI-I-Identified as LittleEndian 64 bit machine. 4294967295
AMSCommonsI-I-amsdatabase /cvmfs/ams.cern.ch/Offline/AMSDataDir/DataBase/
AMSCommonsI-I-MipsFromCPUInfo: 2194.92
AMSCommonsI-I-SystemIdentified as  Intel(R) Xeon(R) CPU E5-2630 v4 @ 2.20GHz
AMSCommonsI-I-ComputerEvaluatedAsMips 3511
AMS Software version v5.02/1220/12 built Fri Apr 19 23:54:38 2019

Geant4  Version 1033
Run ID: 358 Bartel: 52
Input Destination: /eos/ams/user/s/selu/mdst/He122/mdst_60442246.root
Output Destination: /afs/cern.ch/work/c/ctuysuz/private/he_flux/LSF/result_mc_time/time_52/he_flux_52_358.root
Add hist00 from /eos/ams/user/s/selu/mdst/He122/mdst_60442246.root
Start of Init
Use new binning
Start of Eventloop
Ntr, Nent= 1 435627
IsMC= 1
Parameter[0] = -2.76482
Parameter[1] = -3.07402
Parameter[2] = -3.6335
Parameter[3] = -5.56178
Parameter[4] = 0.322865
Parameter[5] = -2.42167
mdfil_info:  10.0%    3 sec CPU:  76.7%
mdfil_info:  20.0%    5 sec CPU:  82.9%
mdfil_info:  30.0%    7 sec CPU:  84.5%
mdfil_info:  40.0%   10 sec CPU:  85.2%
mdfil_info:  50.0%   12 sec CPU:  85.9%
mdfil_info:  60.0%   14 sec CPU:  86.5%
mdfil_info:  70.0%   16 sec CPU:  86.7%
mdfil_info:  80.0%   19 sec CPU:  86.9%
mdfil_info:  90.0%   21 sec CPU:  87.1%
mdfil_info: 100.0%   23 sec CPU:  87.3%
mdfil_info: 100.0%   23 sec CPU:  87.3%
43764
AMSCommonsI-I-HardwareIdentifiedAs Linux 3.10.0-957.10.1.el7.x86_64 x86_64 2
AMSCommonsI-I-Identified as LittleEndian 64 bit machine. 4294967295
AMSCommonsI-I-amsdatabase /cvmfs/ams.cern.ch/Offline/AMSDataDir/DataBase/
AMSCommonsI-I-MipsFromCPUInfo: 2194.92
AMSCommonsI-I-SystemIdentified as  Intel(R) Xeon(R) CPU E5-2630 v4 @ 2.20GHz
AMSCommonsI-I-ComputerEvaluatedAsMips 3511
AMS Software version v5.02/1220/12 built Fri Apr 19 23:54:38 2019

Geant4  Version 1033
Run ID: 540 Bartel: 25
Input Destination: /eos/ams/user/s/selu/mdst/He314/mdst_120929945.root
Output Destination: /afs/cern.ch/work/c/ctuysuz/private/he_flux/LSF/result_mc_time/time_25/he_flux_25_540.root
Add hist00 from /eos/ams/user/s/selu/mdst/He314/mdst_120929945.root
Start of Init
Use new binning
Start of Eventloop
Ntr, Nent= 1 122554
IsMC= 1
Parameter[0] = -2.67598
Parameter[1] = -3.03462
Parameter[2] = -3.60443
Parameter[3] = -5.53205
Parameter[4] = 0.247616
Parameter[5] = -2.27738
mdfil_info:  10.0%    1 sec CPU:  61.4%
mdfil_info:  20.0%    3 sec CPU:  50.2%
mdfil_info:  30.0%    4 sec CPU:  46.5%
mdfil_info:  40.0%    6 sec CPU:  44.9%
mdfil_info:  50.0%    6 sec CPU:  49.3%
mdfil_info:  60.0%    7 sec CPU:  50.7%
mdfil_info:  70.0%    9 sec CPU:  47.0%
mdfil_info:  80.0%   10 sec CPU:  49.0%
mdfil_info:  90.0%   13 sec CPU:  42.5%
mdfil_info: 100.0%   13 sec CPU:  44.6%
mdfil_info: 100.0%   13 sec CPU:  44.6%
