WARN: the 'eosmount' alias is deprecated, please use /eos directly
License ports: 28518@lxlicen01.cern.ch,28518@lxlicen02.cern.ch,28518@lxlicen03.cern.ch:/cvmfs/projects.cern.ch/intelsw/psxe/linux/licenses
Intel(R) Parallel Studio XE 2018 Update 2 for Linux*
Copyright (C) 2009-2018 Intel Corporation. All rights reserved.
4484
AMSCommonsI-I-HardwareIdentifiedAs Linux 3.10.0-957.10.1.el7.x86_64 x86_64 2
AMSCommonsI-I-Identified as LittleEndian 64 bit machine. 4294967295
AMSCommonsI-I-amsdatabase /cvmfs/ams.cern.ch/Offline/AMSDataDir/DataBase/
AMSCommonsI-I-MipsFromCPUInfo: 2194.92
AMSCommonsI-I-SystemIdentified as  Intel(R) Xeon(R) CPU E5-2630 v4 @ 2.20GHz
AMSCommonsI-I-ComputerEvaluatedAsMips 3511
AMS Software version v5.02/1220/12 built Fri Apr 19 23:54:38 2019

Geant4  Version 1033
Run ID: 55 Bartel: 30
Input Destination: /eos/ams/user/s/selu/mdst/He122/mdst_60441594.root
Output Destination: /afs/cern.ch/work/c/ctuysuz/private/he_flux/LSF/result_mc_time/time_30/he_flux_30_55.root
Add hist00 from /eos/ams/user/s/selu/mdst/He122/mdst_60441594.root
Start of Init
Use new binning
Start of Eventloop
Ntr, Nent= 1 355459
IsMC= 1
Parameter[0] = -2.78302
Parameter[1] = -3.06111
Parameter[2] = -3.62424
Parameter[3] = -5.59535
Parameter[4] = 0.417456
Parameter[5] = -2.69098
mdfil_info:  10.0%   15 sec CPU:  10.1%
mdfil_info:  20.0%   20 sec CPU:  15.0%
mdfil_info:  30.0%   25 sec CPU:  18.3%
mdfil_info:  40.0%   31 sec CPU:  20.3%
mdfil_info:  50.0%   36 sec CPU:  21.9%
mdfil_info:  60.0%   41 sec CPU:  23.2%
mdfil_info:  70.0%   46 sec CPU:  24.1%
mdfil_info:  80.0%   52 sec CPU:  23.9%
mdfil_info:  90.0%   58 sec CPU:  24.5%
mdfil_info: 100.0%   63 sec CPU:  24.9%
mdfil_info: 100.0%   63 sec CPU:  24.9%
19199
AMSCommonsI-I-HardwareIdentifiedAs Linux 3.10.0-957.10.1.el7.x86_64 x86_64 2
AMSCommonsI-I-Identified as LittleEndian 64 bit machine. 4294967295
AMSCommonsI-I-amsdatabase /cvmfs/ams.cern.ch/Offline/AMSDataDir/DataBase/
AMSCommonsI-I-MipsFromCPUInfo: 2194.92
AMSCommonsI-I-SystemIdentified as  Intel(R) Xeon(R) CPU E5-2630 v4 @ 2.20GHz
AMSCommonsI-I-ComputerEvaluatedAsMips 3511
AMS Software version v5.02/1220/12 built Fri Apr 19 23:54:38 2019

Geant4  Version 1033
Run ID: 237 Bartel: 3
Input Destination: /eos/ams/user/s/selu/mdst/He122/mdst_60441777.root
Output Destination: /afs/cern.ch/work/c/ctuysuz/private/he_flux/LSF/result_mc_time/time_3/he_flux_3_237.root
Add hist00 from /eos/ams/user/s/selu/mdst/He122/mdst_60441777.root
Start of Init
Use new binning
Start of Eventloop
Ntr, Nent= 1 434527
IsMC= 1
Parameter[0] = -2.60444
Parameter[1] = -2.96917
Parameter[2] = -3.55869
Parameter[3] = -5.49263
Parameter[4] = 0.194958
Parameter[5] = -2.37354
mdfil_info:  10.0%    3 sec CPU:  74.8%
mdfil_info:  20.0%    5 sec CPU:  79.5%
mdfil_info:  30.0%    7 sec CPU:  81.9%
mdfil_info:  40.0%    9 sec CPU:  83.3%
mdfil_info:  50.0%   12 sec CPU:  83.1%
mdfil_info:  60.0%   14 sec CPU:  83.2%
mdfil_info:  70.0%   16 sec CPU:  83.2%
mdfil_info:  80.0%   18 sec CPU:  83.3%
mdfil_info:  90.0%   21 sec CPU:  83.6%
mdfil_info: 100.0%   23 sec CPU:  83.0%
mdfil_info: 100.0%   23 sec CPU:  83.0%
33914
AMSCommonsI-I-HardwareIdentifiedAs Linux 3.10.0-957.10.1.el7.x86_64 x86_64 2
AMSCommonsI-I-Identified as LittleEndian 64 bit machine. 4294967295
AMSCommonsI-I-amsdatabase /cvmfs/ams.cern.ch/Offline/AMSDataDir/DataBase/
AMSCommonsI-I-MipsFromCPUInfo: 2194.92
AMSCommonsI-I-SystemIdentified as  Intel(R) Xeon(R) CPU E5-2630 v4 @ 2.20GHz
AMSCommonsI-I-ComputerEvaluatedAsMips 3511
AMS Software version v5.02/1220/12 built Fri Apr 19 23:54:38 2019

Geant4  Version 1033
Run ID: 418 Bartel: 57
Input Destination: /eos/ams/user/s/selu/mdst/He122/mdst_60442306.root
Output Destination: /afs/cern.ch/work/c/ctuysuz/private/he_flux/LSF/result_mc_time/time_57/he_flux_57_418.root
Add hist00 from /eos/ams/user/s/selu/mdst/He122/mdst_60442306.root
Start of Init
Use new binning
Start of Eventloop
Ntr, Nent= 1 435867
IsMC= 1
Parameter[0] = -2.70293
Parameter[1] = -3.03976
Parameter[2] = -3.61538
Parameter[3] = -5.54214
Parameter[4] = 0.274724
Parameter[5] = -2.38056
mdfil_info:  10.0%   18 sec CPU:  11.0%
mdfil_info:  20.0%   25 sec CPU:  14.3%
mdfil_info:  30.0%   32 sec CPU:  16.5%
mdfil_info:  40.0%   38 sec CPU:  18.6%
mdfil_info:  50.0%   44 sec CPU:  19.9%
mdfil_info:  60.0%   51 sec CPU:  20.9%
mdfil_info:  70.0%   58 sec CPU:  21.5%
mdfil_info:  80.0%   64 sec CPU:  22.3%
mdfil_info:  90.0%   71 sec CPU:  22.9%
mdfil_info: 100.0%   78 sec CPU:  23.2%
mdfil_info: 100.0%   78 sec CPU:  23.2%
