WARN: the 'eosmount' alias is deprecated, please use /eos directly
License ports: 28518@lxlicen01.cern.ch,28518@lxlicen02.cern.ch,28518@lxlicen03.cern.ch:/cvmfs/projects.cern.ch/intelsw/psxe/linux/licenses
Intel(R) Parallel Studio XE 2018 Update 2 for Linux*
Copyright (C) 2009-2018 Intel Corporation. All rights reserved.
10350
AMSCommonsI-I-HardwareIdentifiedAs Linux 3.10.0-957.10.1.el7.x86_64 x86_64 2
AMSCommonsI-I-Identified as LittleEndian 64 bit machine. 4294967295
AMSCommonsI-I-amsdatabase /cvmfs/ams.cern.ch/Offline/AMSDataDir/DataBase/
AMSCommonsI-I-MipsFromCPUInfo: 2194.92
AMSCommonsI-I-SystemIdentified as  Intel(R) Xeon(R) CPU E5-2630 v4 @ 2.20GHz
AMSCommonsI-I-ComputerEvaluatedAsMips 3511
AMS Software version v5.02/1220/12 built Fri Apr 19 23:54:38 2019

Geant4  Version 1033
Run ID: 127 Bartel: 64
Input Destination: /eos/ams/user/s/selu/mdst/He122/mdst_60441667.root
Output Destination: /afs/cern.ch/work/c/ctuysuz/private/he_flux/LSF/result_mc_time/time_64/he_flux_64_127.root
Add hist00 from /eos/ams/user/s/selu/mdst/He122/mdst_60441667.root
Start of Init
Use new binning
Start of Eventloop
Ntr, Nent= 1 440328
IsMC= 1
Parameter[0] = -2.60351
Parameter[1] = -3.00196
Parameter[2] = -3.60517
Parameter[3] = -5.53742
Parameter[4] = 0.137006
Parameter[5] = -2.40049
mdfil_info:  10.0%    3 sec CPU:  71.6%
mdfil_info:  20.0%    5 sec CPU:  78.0%
mdfil_info:  30.0%    8 sec CPU:  80.3%
mdfil_info:  40.0%   10 sec CPU:  81.8%
mdfil_info:  50.0%   12 sec CPU:  82.8%
mdfil_info:  60.0%   14 sec CPU:  83.3%
mdfil_info:  70.0%   17 sec CPU:  83.6%
mdfil_info:  80.0%   19 sec CPU:  83.9%
mdfil_info:  90.0%   21 sec CPU:  84.3%
mdfil_info: 100.0%   24 sec CPU:  84.3%
mdfil_info: 100.0%   24 sec CPU:  84.3%
25065
AMSCommonsI-I-HardwareIdentifiedAs Linux 3.10.0-957.10.1.el7.x86_64 x86_64 2
AMSCommonsI-I-Identified as LittleEndian 64 bit machine. 4294967295
AMSCommonsI-I-amsdatabase /cvmfs/ams.cern.ch/Offline/AMSDataDir/DataBase/
AMSCommonsI-I-MipsFromCPUInfo: 2194.92
AMSCommonsI-I-SystemIdentified as  Intel(R) Xeon(R) CPU E5-2630 v4 @ 2.20GHz
AMSCommonsI-I-ComputerEvaluatedAsMips 3511
AMS Software version v5.02/1220/12 built Fri Apr 19 23:54:38 2019

Geant4  Version 1033
Run ID: 309 Bartel: 37
Input Destination: /eos/ams/user/s/selu/mdst/He122/mdst_60441849.root
Output Destination: /afs/cern.ch/work/c/ctuysuz/private/he_flux/LSF/result_mc_time/time_37/he_flux_37_309.root
Add hist00 from /eos/ams/user/s/selu/mdst/He122/mdst_60441849.root
Start of Init
Use new binning
Start of Eventloop
Ntr, Nent= 1 438908
IsMC= 1
Parameter[0] = -2.7864
Parameter[1] = -3.05696
Parameter[2] = -3.61656
Parameter[3] = -5.57878
Parameter[4] = 0.423344
Parameter[5] = -2.57309
mdfil_info:  10.0%   18 sec CPU:  12.7%
mdfil_info:  20.0%   24 sec CPU:  17.4%
mdfil_info:  30.0%   33 sec CPU:  19.5%
mdfil_info:  40.0%   40 sec CPU:  21.0%
mdfil_info:  50.0%   47 sec CPU:  22.5%
mdfil_info:  60.0%   54 sec CPU:  23.2%
mdfil_info:  70.0%   61 sec CPU:  23.8%
mdfil_info:  80.0%   67 sec CPU:  24.7%
mdfil_info:  90.0%   74 sec CPU:  25.3%
mdfil_info: 100.0%   80 sec CPU:  25.7%
mdfil_info: 100.0%   80 sec CPU:  25.7%
39780
AMSCommonsI-I-HardwareIdentifiedAs Linux 3.10.0-957.10.1.el7.x86_64 x86_64 2
AMSCommonsI-I-Identified as LittleEndian 64 bit machine. 4294967295
AMSCommonsI-I-amsdatabase /cvmfs/ams.cern.ch/Offline/AMSDataDir/DataBase/
AMSCommonsI-I-MipsFromCPUInfo: 2194.92
AMSCommonsI-I-SystemIdentified as  Intel(R) Xeon(R) CPU E5-2630 v4 @ 2.20GHz
AMSCommonsI-I-ComputerEvaluatedAsMips 3511
AMS Software version v5.02/1220/12 built Fri Apr 19 23:54:38 2019

Geant4  Version 1033
Run ID: 491 Bartel: 10
Input Destination: /eos/ams/user/s/selu/mdst/He314/mdst_120929891.root
Output Destination: /afs/cern.ch/work/c/ctuysuz/private/he_flux/LSF/result_mc_time/time_10/he_flux_10_491.root
Add hist00 from /eos/ams/user/s/selu/mdst/He314/mdst_120929891.root
Start of Init
Use new binning
Start of Eventloop
Ntr, Nent= 1 122525
IsMC= 1
Parameter[0] = -2.60695
Parameter[1] = -3.01041
Parameter[2] = -3.5903
Parameter[3] = -5.48712
Parameter[4] = 0.0628761
Parameter[5] = -2.10837
mdfil_info:  10.0%    1 sec CPU:  65.7%
mdfil_info:  20.0%    2 sec CPU:  68.4%
mdfil_info:  30.0%    3 sec CPU:  71.0%
mdfil_info:  40.0%    3 sec CPU:  73.8%
mdfil_info:  50.0%    4 sec CPU:  75.8%
mdfil_info:  60.0%    5 sec CPU:  77.4%
mdfil_info:  70.0%    5 sec CPU:  78.9%
mdfil_info:  80.0%    6 sec CPU:  80.1%
mdfil_info:  90.0%    6 sec CPU:  81.1%
mdfil_info: 100.0%    7 sec CPU:  81.9%
mdfil_info: 100.0%    7 sec CPU:  81.9%
