WARN: the 'eosmount' alias is deprecated, please use /eos directly
License ports: 28518@lxlicen01.cern.ch,28518@lxlicen02.cern.ch,28518@lxlicen03.cern.ch:/cvmfs/projects.cern.ch/intelsw/psxe/linux/licenses
Intel(R) Parallel Studio XE 2018 Update 2 for Linux*
Copyright (C) 2009-2018 Intel Corporation. All rights reserved.
3869
AMSCommonsI-I-HardwareIdentifiedAs Linux 3.10.0-957.10.1.el7.x86_64 x86_64 2
AMSCommonsI-I-Identified as LittleEndian 64 bit machine. 4294967295
AMSCommonsI-I-amsdatabase /cvmfs/ams.cern.ch/Offline/AMSDataDir/DataBase/
AMSCommonsI-I-MipsFromCPUInfo: 2194.92
AMSCommonsI-I-SystemIdentified as  Intel(R) Xeon(R) CPU E5-2630 v4 @ 2.20GHz
AMSCommonsI-I-ComputerEvaluatedAsMips 3511
AMS Software version v5.02/1220/12 built Fri Apr 19 23:54:38 2019

Geant4  Version 1033
Run ID: 47 Bartel: 63
Input Destination: /eos/ams/user/s/selu/mdst/He122/mdst_60441586.root
Output Destination: /afs/cern.ch/work/c/ctuysuz/private/he_flux/LSF/result_mc_time/time_63/he_flux_63_47.root
Add hist00 from /eos/ams/user/s/selu/mdst/He122/mdst_60441586.root
Start of Init
Use new binning
Start of Eventloop
Ntr, Nent= 1 440436
IsMC= 1
Parameter[0] = -2.618
Parameter[1] = -3.00649
Parameter[2] = -3.59895
Parameter[3] = -5.51567
Parameter[4] = 0.0987089
Parameter[5] = -2.27434
mdfil_info:  10.0%    3 sec CPU:  66.7%
mdfil_info:  20.0%    8 sec CPU:  54.7%
mdfil_info:  30.0%   13 sec CPU:  47.0%
mdfil_info:  40.0%   16 sec CPU:  52.3%
mdfil_info:  50.0%   18 sec CPU:  57.0%
mdfil_info:  60.0%   20 sec CPU:  60.3%
mdfil_info:  70.0%   23 sec CPU:  62.7%
mdfil_info:  80.0%   25 sec CPU:  64.8%
mdfil_info:  90.0%   27 sec CPU:  66.7%
mdfil_info: 100.0%   30 sec CPU:  68.0%
mdfil_info: 100.0%   30 sec CPU:  68.0%
18584
AMSCommonsI-I-HardwareIdentifiedAs Linux 3.10.0-957.10.1.el7.x86_64 x86_64 2
AMSCommonsI-I-Identified as LittleEndian 64 bit machine. 4294967295
AMSCommonsI-I-amsdatabase /cvmfs/ams.cern.ch/Offline/AMSDataDir/DataBase/
AMSCommonsI-I-MipsFromCPUInfo: 2194.92
AMSCommonsI-I-SystemIdentified as  Intel(R) Xeon(R) CPU E5-2630 v4 @ 2.20GHz
AMSCommonsI-I-ComputerEvaluatedAsMips 3511
AMS Software version v5.02/1220/12 built Fri Apr 19 23:54:38 2019

Geant4  Version 1033
Run ID: 229 Bartel: 36
Input Destination: /eos/ams/user/s/selu/mdst/He122/mdst_60441769.root
Output Destination: /afs/cern.ch/work/c/ctuysuz/private/he_flux/LSF/result_mc_time/time_36/he_flux_36_229.root
Add hist00 from /eos/ams/user/s/selu/mdst/He122/mdst_60441769.root
Start of Init
Use new binning
Start of Eventloop
Ntr, Nent= 1 397464
IsMC= 1
Parameter[0] = -2.79557
Parameter[1] = -3.06246
Parameter[2] = -3.62389
Parameter[3] = -5.5927
Parameter[4] = 0.507214
Parameter[5] = -2.70126
mdfil_info:  10.0%   19 sec CPU:  11.3%
mdfil_info:  20.0%   28 sec CPU:  14.6%
mdfil_info:  30.0%   35 sec CPU:  17.1%
mdfil_info:  40.0%   44 sec CPU:  18.2%
mdfil_info:  50.0%   51 sec CPU:  19.5%
mdfil_info:  60.0%   58 sec CPU:  20.3%
mdfil_info:  70.0%   71 sec CPU:  19.2%
mdfil_info:  80.0%   79 sec CPU:  19.7%
mdfil_info:  90.0%   86 sec CPU:  20.4%
mdfil_info: 100.0%   93 sec CPU:  21.0%
mdfil_info: 100.0%   93 sec CPU:  21.0%
33299
AMSCommonsI-I-HardwareIdentifiedAs Linux 3.10.0-957.10.1.el7.x86_64 x86_64 2
AMSCommonsI-I-Identified as LittleEndian 64 bit machine. 4294967295
AMSCommonsI-I-amsdatabase /cvmfs/ams.cern.ch/Offline/AMSDataDir/DataBase/
AMSCommonsI-I-MipsFromCPUInfo: 2194.92
AMSCommonsI-I-SystemIdentified as  Intel(R) Xeon(R) CPU E5-2630 v4 @ 2.20GHz
AMSCommonsI-I-ComputerEvaluatedAsMips 3511
AMS Software version v5.02/1220/12 built Fri Apr 19 23:54:38 2019

Geant4  Version 1033
Run ID: 411 Bartel: 9
Input Destination: /eos/ams/user/s/selu/mdst/He122/mdst_60442299.root
Output Destination: /afs/cern.ch/work/c/ctuysuz/private/he_flux/LSF/result_mc_time/time_9/he_flux_9_411.root
Add hist00 from /eos/ams/user/s/selu/mdst/He122/mdst_60442299.root
Start of Init
Use new binning
Start of Eventloop
Ntr, Nent= 1 438752
IsMC= 1
Parameter[0] = -2.5816
Parameter[1] = -2.99063
Parameter[2] = -3.57962
Parameter[3] = -5.50019
Parameter[4] = 0.0791501
Parameter[5] = -2.253
mdfil_info:  10.0%    4 sec CPU:  65.1%
mdfil_info:  20.0%    6 sec CPU:  72.4%
mdfil_info:  30.0%    8 sec CPU:  75.7%
mdfil_info:  40.0%   10 sec CPU:  77.8%
mdfil_info:  50.0%   13 sec CPU:  79.0%
mdfil_info:  60.0%   15 sec CPU:  80.3%
mdfil_info:  70.0%   17 sec CPU:  81.0%
mdfil_info:  80.0%   20 sec CPU:  81.9%
mdfil_info:  90.0%   22 sec CPU:  82.6%
mdfil_info: 100.0%   24 sec CPU:  83.0%
mdfil_info: 100.0%   24 sec CPU:  83.0%
