WARN: the 'eosmount' alias is deprecated, please use /eos directly
License ports: 28518@lxlicen01.cern.ch,28518@lxlicen02.cern.ch,28518@lxlicen03.cern.ch:/cvmfs/projects.cern.ch/intelsw/psxe/linux/licenses
Intel(R) Parallel Studio XE 2018 Update 2 for Linux*
Copyright (C) 2009-2018 Intel Corporation. All rights reserved.
11878
AMSCommonsI-I-HardwareIdentifiedAs Linux 3.10.0-957.10.1.el7.x86_64 x86_64 2
AMSCommonsI-I-Identified as LittleEndian 64 bit machine. 4294967295
AMSCommonsI-I-amsdatabase /cvmfs/ams.cern.ch/Offline/AMSDataDir/DataBase/
AMSCommonsI-I-MipsFromCPUInfo: 2194.92
AMSCommonsI-I-SystemIdentified as  Intel(R) Xeon(R) CPU E5-2630 v4 @ 2.20GHz
AMSCommonsI-I-ComputerEvaluatedAsMips 3511
AMS Software version v5.02/1220/12 built Fri Apr 19 23:54:38 2019

Geant4  Version 1033
Run ID: 146 Bartel: 53
Input Destination: /eos/ams/user/s/selu/mdst/He122/mdst_60441686.root
Output Destination: /afs/cern.ch/work/c/ctuysuz/private/he_flux/LSF/result_mc_time/time_53/he_flux_53_146.root
Add hist00 from /eos/ams/user/s/selu/mdst/He122/mdst_60441686.root
Start of Init
Use new binning
Start of Eventloop
Ntr, Nent= 1 434608
IsMC= 1
Parameter[0] = -2.79614
Parameter[1] = -3.0736
Parameter[2] = -3.62637
Parameter[3] = -5.54999
Parameter[4] = 0.554084
Parameter[5] = -2.43435
mdfil_info:  10.0%    6 sec CPU:  34.8%
mdfil_info:  20.0%   11 sec CPU:  38.9%
mdfil_info:  30.0%   15 sec CPU:  41.4%
mdfil_info:  40.0%   22 sec CPU:  38.9%
mdfil_info:  50.0%   29 sec CPU:  36.0%
mdfil_info:  60.0%   32 sec CPU:  38.9%
mdfil_info:  70.0%   36 sec CPU:  40.7%
mdfil_info:  80.0%   39 sec CPU:  42.2%
mdfil_info:  90.0%   43 sec CPU:  43.8%
mdfil_info: 100.0%   47 sec CPU:  44.3%
mdfil_info: 100.0%   47 sec CPU:  44.3%
26593
AMSCommonsI-I-HardwareIdentifiedAs Linux 3.10.0-957.10.1.el7.x86_64 x86_64 2
AMSCommonsI-I-Identified as LittleEndian 64 bit machine. 4294967295
AMSCommonsI-I-amsdatabase /cvmfs/ams.cern.ch/Offline/AMSDataDir/DataBase/
AMSCommonsI-I-MipsFromCPUInfo: 2194.92
AMSCommonsI-I-SystemIdentified as  Intel(R) Xeon(R) CPU E5-2630 v4 @ 2.20GHz
AMSCommonsI-I-ComputerEvaluatedAsMips 3511
AMS Software version v5.02/1220/12 built Fri Apr 19 23:54:38 2019

Geant4  Version 1033
Run ID: 328 Bartel: 26
Input Destination: /eos/ams/user/s/selu/mdst/He122/mdst_60441868.root
Output Destination: /afs/cern.ch/work/c/ctuysuz/private/he_flux/LSF/result_mc_time/time_26/he_flux_26_328.root
Add hist00 from /eos/ams/user/s/selu/mdst/He122/mdst_60441868.root
Start of Init
Use new binning
Start of Eventloop
Ntr, Nent= 1 444309
IsMC= 1
Parameter[0] = -2.69537
Parameter[1] = -3.03409
Parameter[2] = -3.6054
Parameter[3] = -5.53507
Parameter[4] = 0.209297
Parameter[5] = -2.37536
mdfil_info:  10.0%   18 sec CPU:  13.8%
mdfil_info:  20.0%   23 sec CPU:  20.3%
mdfil_info:  30.0%   30 sec CPU:  23.3%
mdfil_info:  40.0%   37 sec CPU:  25.1%
mdfil_info:  50.0%   44 sec CPU:  26.0%
mdfil_info:  60.0%   50 sec CPU:  27.5%
mdfil_info:  70.0%   56 sec CPU:  28.6%
mdfil_info:  80.0%   62 sec CPU:  29.0%
mdfil_info:  90.0%   70 sec CPU:  29.2%
mdfil_info: 100.0%   76 sec CPU:  29.5%
mdfil_info: 100.0%   76 sec CPU:  29.5%
41308
AMSCommonsI-I-HardwareIdentifiedAs Linux 3.10.0-957.10.1.el7.x86_64 x86_64 2
AMSCommonsI-I-Identified as LittleEndian 64 bit machine. 4294967295
AMSCommonsI-I-amsdatabase /cvmfs/ams.cern.ch/Offline/AMSDataDir/DataBase/
AMSCommonsI-I-MipsFromCPUInfo: 2194.92
AMSCommonsI-I-SystemIdentified as  Intel(R) Xeon(R) CPU E5-2630 v4 @ 2.20GHz
AMSCommonsI-I-ComputerEvaluatedAsMips 3511
AMS Software version v5.02/1220/12 built Fri Apr 19 23:54:38 2019

Geant4  Version 1033
Run ID: 509 Bartel: 80
Input Destination: /eos/ams/user/s/selu/mdst/He314/mdst_120929910.root
Output Destination: /afs/cern.ch/work/c/ctuysuz/private/he_flux/LSF/result_mc_time/time_80/he_flux_80_509.root
Add hist00 from /eos/ams/user/s/selu/mdst/He314/mdst_120929910.root
Start of Init
Use new binning
Start of Eventloop
Ntr, Nent= 1 122929
IsMC= 1
Parameter[0] = -2.47357
Parameter[1] = -2.95263
Parameter[2] = -3.57222
Parameter[3] = -5.51993
Parameter[4] = -0.016679
Parameter[5] = -2.31576
mdfil_info:  10.0%    6 sec CPU:  11.7%
mdfil_info:  20.0%   11 sec CPU:  12.3%
mdfil_info:  30.0%   17 sec CPU:  12.9%
mdfil_info:  40.0%   20 sec CPU:  13.5%
mdfil_info:  50.0%   23 sec CPU:  15.0%
mdfil_info:  60.0%   25 sec CPU:  16.3%
mdfil_info:  70.0%   27 sec CPU:  17.7%
mdfil_info:  80.0%   28 sec CPU:  19.0%
mdfil_info:  90.0%   33 sec CPU:  18.0%
mdfil_info: 100.0%   37 sec CPU:  17.7%
mdfil_info: 100.0%   37 sec CPU:  17.7%
