WARN: the 'eosmount' alias is deprecated, please use /eos directly
License ports: 28518@lxlicen01.cern.ch,28518@lxlicen02.cern.ch,28518@lxlicen03.cern.ch:/cvmfs/projects.cern.ch/intelsw/psxe/linux/licenses
Intel(R) Parallel Studio XE 2018 Update 2 for Linux*
Copyright (C) 2009-2018 Intel Corporation. All rights reserved.
9040
AMSCommonsI-I-HardwareIdentifiedAs Linux 3.10.0-957.12.1.el7.x86_64 x86_64 2
AMSCommonsI-I-Identified as LittleEndian 64 bit machine. 4294967295
AMSCommonsI-I-amsdatabase /cvmfs/ams.cern.ch/Offline/AMSDataDir/DataBase/
AMSCommonsI-I-MipsFromCPUInfo: 2394.45
AMSCommonsI-I-SystemIdentified as  Intel Core Processor (Haswell, no TSX, IBRS)
AMSCommonsI-I-ComputerEvaluatedAsMips 3591
AMS Software version v5.02/1220/12 built Fri Apr 19 23:54:38 2019

Geant4  Version 1033
Run ID: 111 Bartel: 50
Input Destination: /eos/ams/user/s/selu/mdst/He122/mdst_60441651.root
Output Destination: /afs/cern.ch/work/c/ctuysuz/private/he_flux/LSF/result_mc_time/time_50/he_flux_50_111.root
Add hist00 from /eos/ams/user/s/selu/mdst/He122/mdst_60441651.root
Start of Init
Use new binning
Start of Eventloop
Ntr, Nent= 1 441293
IsMC= 1
Parameter[0] = -2.73471
Parameter[1] = -3.0684
Parameter[2] = -3.6261
Parameter[3] = -5.53452
Parameter[4] = 0.161673
Parameter[5] = -2.21662
mdfil_info:  10.0%   15 sec CPU:  15.4%
mdfil_info:  20.0%   21 sec CPU:  22.3%
mdfil_info:  30.0%   26 sec CPU:  25.9%
mdfil_info:  40.0%   32 sec CPU:  28.1%
mdfil_info:  50.0%   37 sec CPU:  30.0%
mdfil_info:  60.0%   43 sec CPU:  30.7%
mdfil_info:  70.0%   49 sec CPU:  31.6%
mdfil_info:  80.0%   54 sec CPU:  32.5%
mdfil_info:  90.0%   60 sec CPU:  33.0%
mdfil_info: 100.0%   65 sec CPU:  33.4%
mdfil_info: 100.0%   65 sec CPU:  33.4%
23755
AMSCommonsI-I-HardwareIdentifiedAs Linux 3.10.0-957.12.1.el7.x86_64 x86_64 2
AMSCommonsI-I-Identified as LittleEndian 64 bit machine. 4294967295
AMSCommonsI-I-amsdatabase /cvmfs/ams.cern.ch/Offline/AMSDataDir/DataBase/
AMSCommonsI-I-MipsFromCPUInfo: 2394.45
AMSCommonsI-I-SystemIdentified as  Intel Core Processor (Haswell, no TSX, IBRS)
AMSCommonsI-I-ComputerEvaluatedAsMips 3591
AMS Software version v5.02/1220/12 built Fri Apr 19 23:54:38 2019

Geant4  Version 1033
Run ID: 293 Bartel: 23
Input Destination: /eos/ams/user/s/selu/mdst/He122/mdst_60441833.root
Output Destination: /afs/cern.ch/work/c/ctuysuz/private/he_flux/LSF/result_mc_time/time_23/he_flux_23_293.root
Add hist00 from /eos/ams/user/s/selu/mdst/He122/mdst_60441833.root
Start of Init
Use new binning
Start of Eventloop
Ntr, Nent= 1 437833
IsMC= 1
Parameter[0] = -2.68031
Parameter[1] = -3.0282
Parameter[2] = -3.60077
Parameter[3] = -5.50631
Parameter[4] = 0.188664
Parameter[5] = -2.1921
mdfil_info:  10.0%    2 sec CPU:  85.7%
mdfil_info:  20.0%    4 sec CPU:  90.4%
mdfil_info:  30.0%    6 sec CPU:  91.9%
mdfil_info:  40.0%    8 sec CPU:  93.4%
mdfil_info:  50.0%   10 sec CPU:  93.4%
mdfil_info:  60.0%   12 sec CPU:  93.2%
mdfil_info:  70.0%   14 sec CPU:  93.0%
mdfil_info:  80.0%   16 sec CPU:  93.1%
mdfil_info:  90.0%   18 sec CPU:  93.3%
mdfil_info: 100.0%   20 sec CPU:  93.3%
mdfil_info: 100.0%   20 sec CPU:  93.3%
38470
AMSCommonsI-I-HardwareIdentifiedAs Linux 3.10.0-957.12.1.el7.x86_64 x86_64 2
AMSCommonsI-I-Identified as LittleEndian 64 bit machine. 4294967295
AMSCommonsI-I-amsdatabase /cvmfs/ams.cern.ch/Offline/AMSDataDir/DataBase/
AMSCommonsI-I-MipsFromCPUInfo: 2394.45
AMSCommonsI-I-SystemIdentified as  Intel Core Processor (Haswell, no TSX, IBRS)
AMSCommonsI-I-ComputerEvaluatedAsMips 3591
AMS Software version v5.02/1220/12 built Fri Apr 19 23:54:38 2019

Geant4  Version 1033
Run ID: 474 Bartel: 77
Input Destination: /eos/ams/user/s/selu/mdst/He314/mdst_120929874.root
Output Destination: /afs/cern.ch/work/c/ctuysuz/private/he_flux/LSF/result_mc_time/time_77/he_flux_77_474.root
Add hist00 from /eos/ams/user/s/selu/mdst/He314/mdst_120929874.root
Start of Init
Use new binning
Start of Eventloop
Ntr, Nent= 1 122823
IsMC= 1
Parameter[0] = -2.48824
Parameter[1] = -2.95955
Parameter[2] = -3.57956
Parameter[3] = -5.5244
Parameter[4] = 0.0142674
Parameter[5] = -2.38492
mdfil_info:  10.0%    6 sec CPU:  11.6%
mdfil_info:  20.0%   11 sec CPU:  12.4%
mdfil_info:  30.0%   15 sec CPU:  13.5%
mdfil_info:  40.0%   16 sec CPU:  15.4%
mdfil_info:  50.0%   18 sec CPU:  17.7%
mdfil_info:  60.0%   19 sec CPU:  19.1%
mdfil_info:  70.0%   21 sec CPU:  20.9%
mdfil_info:  80.0%   22 sec CPU:  22.4%
mdfil_info:  90.0%   24 sec CPU:  23.6%
mdfil_info: 100.0%   25 sec CPU:  24.6%
mdfil_info: 100.0%   25 sec CPU:  24.6%
