WARN: the 'eosmount' alias is deprecated, please use /eos directly
License ports: 28518@lxlicen01.cern.ch,28518@lxlicen02.cern.ch,28518@lxlicen03.cern.ch:/cvmfs/projects.cern.ch/intelsw/psxe/linux/licenses
Intel(R) Parallel Studio XE 2018 Update 2 for Linux*
Copyright (C) 2009-2018 Intel Corporation. All rights reserved.
12970
AMSCommonsI-I-HardwareIdentifiedAs Linux 3.10.0-957.12.1.el7.x86_64 x86_64 2
AMSCommonsI-I-Identified as LittleEndian 64 bit machine. 4294967295
AMSCommonsI-I-amsdatabase /cvmfs/ams.cern.ch/Offline/AMSDataDir/DataBase/
AMSCommonsI-I-MipsFromCPUInfo: 2394.45
AMSCommonsI-I-SystemIdentified as  Intel(R) Xeon(R) CPU E5-2630 v3 @ 2.40GHz
AMSCommonsI-I-ComputerEvaluatedAsMips 3831
AMS Software version v5.02/1220/12 built Fri Apr 19 23:54:38 2019

Geant4  Version 1033
Run ID: 160 Bartel: 11
Input Destination: /eos/ams/user/s/selu/mdst/He122/mdst_60441700.root
Output Destination: /afs/cern.ch/work/c/ctuysuz/private/he_flux/LSF/result_mc_time/time_11/he_flux_11_160.root
Add hist00 from /eos/ams/user/s/selu/mdst/He122/mdst_60441700.root
Start of Init
Use new binning
Start of Eventloop
Ntr, Nent= 1 442470
IsMC= 1
Parameter[0] = -2.62211
Parameter[1] = -3.02015
Parameter[2] = -3.60112
Parameter[3] = -5.50361
Parameter[4] = 0.101851
Parameter[5] = -2.22239
mdfil_info:  10.0%    2 sec CPU:  82.4%
mdfil_info:  20.0%    4 sec CPU:  86.7%
mdfil_info:  30.0%    6 sec CPU:  87.5%
mdfil_info:  40.0%    8 sec CPU:  88.3%
mdfil_info:  50.0%   10 sec CPU:  88.0%
mdfil_info:  60.0%   12 sec CPU:  88.7%
mdfil_info:  70.0%   14 sec CPU:  88.7%
mdfil_info:  80.0%   16 sec CPU:  88.6%
mdfil_info:  90.0%   18 sec CPU:  88.8%
mdfil_info: 100.0%   20 sec CPU:  89.0%
27685
AMSCommonsI-I-HardwareIdentifiedAs Linux 3.10.0-957.12.1.el7.x86_64 x86_64 2
AMSCommonsI-I-Identified as LittleEndian 64 bit machine. 4294967295
AMSCommonsI-I-amsdatabase /cvmfs/ams.cern.ch/Offline/AMSDataDir/DataBase/
AMSCommonsI-I-MipsFromCPUInfo: 2394.45
AMSCommonsI-I-SystemIdentified as  Intel(R) Xeon(R) CPU E5-2630 v3 @ 2.40GHz
AMSCommonsI-I-ComputerEvaluatedAsMips 3831
AMS Software version v5.02/1220/12 built Fri Apr 19 23:54:38 2019

Geant4  Version 1033
Run ID: 341 Bartel: 65
Input Destination: /eos/ams/user/s/selu/mdst/He122/mdst_60441881.root
Output Destination: /afs/cern.ch/work/c/ctuysuz/private/he_flux/LSF/result_mc_time/time_65/he_flux_65_341.root
Add hist00 from /eos/ams/user/s/selu/mdst/He122/mdst_60441881.root
Start of Init
Use new binning
Start of Eventloop
Ntr, Nent= 1 439004
IsMC= 1
Parameter[0] = -2.59221
Parameter[1] = -2.99417
Parameter[2] = -3.58427
Parameter[3] = -5.53167
Parameter[4] = 0.305015
Parameter[5] = -2.21807
mdfil_info:  10.0%    5 sec CPU:  37.1%
mdfil_info:  20.0%   14 sec CPU:  26.1%
mdfil_info:  30.0%   21 sec CPU:  26.8%
mdfil_info:  40.0%   26 sec CPU:  28.8%
mdfil_info:  50.0%   31 sec CPU:  29.8%
mdfil_info:  60.0%   36 sec CPU:  31.0%
mdfil_info:  70.0%   42 sec CPU:  30.7%
mdfil_info:  80.0%   48 sec CPU:  31.2%
mdfil_info:  90.0%   51 sec CPU:  32.7%
mdfil_info: 100.0%   56 sec CPU:  33.2%
mdfil_info: 100.0%   56 sec CPU:  33.2%
42400
AMSCommonsI-I-HardwareIdentifiedAs Linux 3.10.0-957.12.1.el7.x86_64 x86_64 2
AMSCommonsI-I-Identified as LittleEndian 64 bit machine. 4294967295
AMSCommonsI-I-amsdatabase /cvmfs/ams.cern.ch/Offline/AMSDataDir/DataBase/
AMSCommonsI-I-MipsFromCPUInfo: 2394.45
AMSCommonsI-I-SystemIdentified as  Intel(R) Xeon(R) CPU E5-2630 v3 @ 2.40GHz
AMSCommonsI-I-ComputerEvaluatedAsMips 3831
AMS Software version v5.02/1220/12 built Fri Apr 19 23:54:38 2019

Geant4  Version 1033
Run ID: 523 Bartel: 38
Input Destination: /eos/ams/user/s/selu/mdst/He314/mdst_120929924.root
Output Destination: /afs/cern.ch/work/c/ctuysuz/private/he_flux/LSF/result_mc_time/time_38/he_flux_38_523.root
Add hist00 from /eos/ams/user/s/selu/mdst/He314/mdst_120929924.root
Start of Init
Use new binning
Start of Eventloop
Ntr, Nent= 1 109997
IsMC= 1
Parameter[0] = -2.81232
Parameter[1] = -3.08566
Parameter[2] = -3.62933
Parameter[3] = -5.55815
Parameter[4] = 0.386285
Parameter[5] = -2.46956
mdfil_info:  10.0%    1 sec CPU:  83.6%
mdfil_info:  20.0%    1 sec CPU:  87.8%
mdfil_info:  30.0%    2 sec CPU:  88.2%
mdfil_info:  40.0%    2 sec CPU:  89.2%
mdfil_info:  50.0%    3 sec CPU:  90.5%
mdfil_info:  60.0%    3 sec CPU:  92.0%
mdfil_info:  70.0%    4 sec CPU:  92.4%
mdfil_info:  80.0%    4 sec CPU:  92.9%
mdfil_info:  90.0%    5 sec CPU:  92.7%
mdfil_info: 100.0%    5 sec CPU:  92.7%
mdfil_info: 100.0%    5 sec CPU:  92.7%
