WARN: the 'eosmount' alias is deprecated, please use /eos directly
License ports: 28518@lxlicen01.cern.ch,28518@lxlicen02.cern.ch,28518@lxlicen03.cern.ch:/cvmfs/projects.cern.ch/intelsw/psxe/linux/licenses
Intel(R) Parallel Studio XE 2018 Update 2 for Linux*
Copyright (C) 2009-2018 Intel Corporation. All rights reserved.
5234
AMSCommonsI-I-HardwareIdentifiedAs Linux 3.10.0-957.10.1.el7.x86_64 x86_64 2
AMSCommonsI-I-Identified as LittleEndian 64 bit machine. 4294967295
AMSCommonsI-I-amsdatabase /cvmfs/ams.cern.ch/Offline/AMSDataDir/DataBase/
AMSCommonsI-I-MipsFromCPUInfo: 2194.92
AMSCommonsI-I-SystemIdentified as  Intel(R) Xeon(R) CPU E5-2630 v4 @ 2.20GHz
AMSCommonsI-I-ComputerEvaluatedAsMips 3511
AMS Software version v5.02/1220/12 built Fri Apr 19 23:54:38 2019

Geant4  Version 1033
Run ID: 64 Bartel: 51
Input Destination: /eos/ams/user/s/selu/mdst/He122/mdst_60441603.root
Output Destination: /afs/cern.ch/work/c/ctuysuz/private/he_flux/LSF/result_mc_time/time_51/he_flux_51_64.root
Add hist00 from /eos/ams/user/s/selu/mdst/He122/mdst_60441603.root
Start of Init
Use new binning
Start of Eventloop
Ntr, Nent= 1 438459
IsMC= 1
Parameter[0] = -2.74568
Parameter[1] = -3.06682
Parameter[2] = -3.63032
Parameter[3] = -5.60094
Parameter[4] = 0.442954
Parameter[5] = -2.61577
mdfil_info:  10.0%   19 sec CPU:  12.3%
mdfil_info:  20.0%   26 sec CPU:  17.3%
mdfil_info:  30.0%   33 sec CPU:  20.1%
mdfil_info:  40.0%   40 sec CPU:  21.4%
mdfil_info:  50.0%   49 sec CPU:  22.1%
mdfil_info:  60.0%   57 sec CPU:  22.9%
mdfil_info:  70.0%   65 sec CPU:  23.3%
mdfil_info:  80.0%   72 sec CPU:  24.0%
mdfil_info:  90.0%   79 sec CPU:  24.7%
mdfil_info: 100.0%   87 sec CPU:  25.0%
mdfil_info: 100.0%   87 sec CPU:  25.0%
19949
AMSCommonsI-I-HardwareIdentifiedAs Linux 3.10.0-957.10.1.el7.x86_64 x86_64 2
AMSCommonsI-I-Identified as LittleEndian 64 bit machine. 4294967295
AMSCommonsI-I-amsdatabase /cvmfs/ams.cern.ch/Offline/AMSDataDir/DataBase/
AMSCommonsI-I-MipsFromCPUInfo: 2194.92
AMSCommonsI-I-SystemIdentified as  Intel(R) Xeon(R) CPU E5-2630 v4 @ 2.20GHz
AMSCommonsI-I-ComputerEvaluatedAsMips 3511
AMS Software version v5.02/1220/12 built Fri Apr 19 23:54:38 2019

Geant4  Version 1033
Run ID: 246 Bartel: 24
Input Destination: /eos/ams/user/s/selu/mdst/He122/mdst_60441786.root
Output Destination: /afs/cern.ch/work/c/ctuysuz/private/he_flux/LSF/result_mc_time/time_24/he_flux_24_246.root
Add hist00 from /eos/ams/user/s/selu/mdst/He122/mdst_60441786.root
Start of Init
Use new binning
Start of Eventloop
Ntr, Nent= 1 445280
IsMC= 1
Parameter[0] = -2.67347
Parameter[1] = -3.02234
Parameter[2] = -3.59529
Parameter[3] = -5.54139
Parameter[4] = 0.298601
Parameter[5] = -2.30285
mdfil_info:  10.0%    3 sec CPU:  72.5%
mdfil_info:  20.0%    5 sec CPU:  79.2%
mdfil_info:  30.0%    8 sec CPU:  81.7%
mdfil_info:  40.0%   10 sec CPU:  83.0%
mdfil_info:  50.0%   12 sec CPU:  83.7%
mdfil_info:  60.0%   14 sec CPU:  84.5%
mdfil_info:  70.0%   17 sec CPU:  84.9%
mdfil_info:  80.0%   19 sec CPU:  85.3%
mdfil_info:  90.0%   21 sec CPU:  85.7%
mdfil_info: 100.0%   23 sec CPU:  86.1%
34664
AMSCommonsI-I-HardwareIdentifiedAs Linux 3.10.0-957.10.1.el7.x86_64 x86_64 2
AMSCommonsI-I-Identified as LittleEndian 64 bit machine. 4294967295
AMSCommonsI-I-amsdatabase /cvmfs/ams.cern.ch/Offline/AMSDataDir/DataBase/
AMSCommonsI-I-MipsFromCPUInfo: 2194.92
AMSCommonsI-I-SystemIdentified as  Intel(R) Xeon(R) CPU E5-2630 v4 @ 2.20GHz
AMSCommonsI-I-ComputerEvaluatedAsMips 3511
AMS Software version v5.02/1220/12 built Fri Apr 19 23:54:38 2019

Geant4  Version 1033
Run ID: 427 Bartel: 78
Input Destination: /eos/ams/user/s/selu/mdst/He122/mdst_60442315.root
Output Destination: /afs/cern.ch/work/c/ctuysuz/private/he_flux/LSF/result_mc_time/time_78/he_flux_78_427.root
Add hist00 from /eos/ams/user/s/selu/mdst/He122/mdst_60442315.root
Start of Init
Use new binning
Start of Eventloop
Ntr, Nent= 1 433039
IsMC= 1
Parameter[0] = -2.48013
Parameter[1] = -2.9556
Parameter[2] = -3.57501
Parameter[3] = -5.51652
Parameter[4] = -0.0886133
Parameter[5] = -2.33511
mdfil_info:  10.0%   18 sec CPU:  13.3%
mdfil_info:  20.0%   26 sec CPU:  17.8%
mdfil_info:  30.0%   32 sec CPU:  20.6%
mdfil_info:  40.0%   40 sec CPU:  22.1%
mdfil_info:  50.0%   48 sec CPU:  23.0%
mdfil_info:  60.0%   55 sec CPU:  23.8%
mdfil_info:  70.0%   61 sec CPU:  24.8%
mdfil_info:  80.0%   68 sec CPU:  25.6%
mdfil_info:  90.0%   77 sec CPU:  25.6%
mdfil_info: 100.0%   82 sec CPU:  26.4%
mdfil_info: 100.0%   82 sec CPU:  26.4%
