WARN: the 'eosmount' alias is deprecated, please use /eos directly
License ports: 28518@lxlicen01.cern.ch,28518@lxlicen02.cern.ch,28518@lxlicen03.cern.ch:/cvmfs/projects.cern.ch/intelsw/psxe/linux/licenses
Intel(R) Parallel Studio XE 2018 Update 2 for Linux*
Copyright (C) 2009-2018 Intel Corporation. All rights reserved.
6402
AMSCommonsI-I-HardwareIdentifiedAs Linux 3.10.0-957.10.1.el7.x86_64 x86_64 2
AMSCommonsI-I-Identified as LittleEndian 64 bit machine. 4294967295
AMSCommonsI-I-amsdatabase /cvmfs/ams.cern.ch/Offline/AMSDataDir/DataBase/
AMSCommonsI-I-MipsFromCPUInfo: 2194.92
AMSCommonsI-I-SystemIdentified as  Intel(R) Xeon(R) CPU E5-2630 v4 @ 2.20GHz
AMSCommonsI-I-ComputerEvaluatedAsMips 3511
AMS Software version v5.02/1220/12 built Fri Apr 19 23:54:38 2019

Geant4  Version 1033
Run ID: 79 Bartel: 4
Input Destination: /eos/ams/user/s/selu/mdst/He122/mdst_60441619.root
Output Destination: /afs/cern.ch/work/c/ctuysuz/private/he_flux/LSF/result_mc_time/time_4/he_flux_4_79.root
Add hist00 from /eos/ams/user/s/selu/mdst/He122/mdst_60441619.root
Start of Init
Use new binning
Start of Eventloop
Ntr, Nent= 1 440407
IsMC= 1
Parameter[0] = -2.61269
Parameter[1] = -3.01592
Parameter[2] = -3.59533
Parameter[3] = -5.49712
Parameter[4] = 0.0687066
Parameter[5] = -2.23552
mdfil_info:  10.0%    3 sec CPU:  69.9%
mdfil_info:  20.0%    5 sec CPU:  76.3%
mdfil_info:  30.0%    8 sec CPU:  78.1%
mdfil_info:  40.0%   11 sec CPU:  79.6%
mdfil_info:  50.0%   13 sec CPU:  80.3%
mdfil_info:  60.0%   16 sec CPU:  80.9%
mdfil_info:  70.0%   18 sec CPU:  81.1%
mdfil_info:  80.0%   20 sec CPU:  81.1%
mdfil_info:  90.0%   23 sec CPU:  80.8%
mdfil_info: 100.0%   26 sec CPU:  80.5%
mdfil_info: 100.0%   26 sec CPU:  80.5%
21117
AMSCommonsI-I-HardwareIdentifiedAs Linux 3.10.0-957.10.1.el7.x86_64 x86_64 2
AMSCommonsI-I-Identified as LittleEndian 64 bit machine. 4294967295
AMSCommonsI-I-amsdatabase /cvmfs/ams.cern.ch/Offline/AMSDataDir/DataBase/
AMSCommonsI-I-MipsFromCPUInfo: 2194.92
AMSCommonsI-I-SystemIdentified as  Intel(R) Xeon(R) CPU E5-2630 v4 @ 2.20GHz
AMSCommonsI-I-ComputerEvaluatedAsMips 3511
AMS Software version v5.02/1220/12 built Fri Apr 19 23:54:38 2019

Geant4  Version 1033
Run ID: 260 Bartel: 58
Input Destination: /eos/ams/user/s/selu/mdst/He122/mdst_60441800.root
Output Destination: /afs/cern.ch/work/c/ctuysuz/private/he_flux/LSF/result_mc_time/time_58/he_flux_58_260.root
Add hist00 from /eos/ams/user/s/selu/mdst/He122/mdst_60441800.root
Start of Init
Use new binning
Start of Eventloop
Ntr, Nent= 1 433721
IsMC= 1
Parameter[0] = -2.68687
Parameter[1] = -3.02567
Parameter[2] = -3.60778
Parameter[3] = -5.55295
Parameter[4] = 0.272681
Parameter[5] = -2.49381
mdfil_info:  10.0%   21 sec CPU:  10.7%
mdfil_info:  20.0%   30 sec CPU:  15.0%
mdfil_info:  30.0%   36 sec CPU:  18.1%
mdfil_info:  40.0%   44 sec CPU:  19.8%
mdfil_info:  50.0%   51 sec CPU:  21.2%
mdfil_info:  60.0%   59 sec CPU:  21.9%
mdfil_info:  70.0%   66 sec CPU:  22.7%
mdfil_info:  80.0%   73 sec CPU:  23.3%
mdfil_info:  90.0%   80 sec CPU:  23.8%
mdfil_info: 100.0%   87 sec CPU:  24.4%
mdfil_info: 100.0%   87 sec CPU:  24.4%
35832
AMSCommonsI-I-HardwareIdentifiedAs Linux 3.10.0-957.10.1.el7.x86_64 x86_64 2
AMSCommonsI-I-Identified as LittleEndian 64 bit machine. 4294967295
AMSCommonsI-I-amsdatabase /cvmfs/ams.cern.ch/Offline/AMSDataDir/DataBase/
AMSCommonsI-I-MipsFromCPUInfo: 2194.92
AMSCommonsI-I-SystemIdentified as  Intel(R) Xeon(R) CPU E5-2630 v4 @ 2.20GHz
AMSCommonsI-I-ComputerEvaluatedAsMips 3511
AMS Software version v5.02/1220/12 built Fri Apr 19 23:54:38 2019

Geant4  Version 1033
Run ID: 442 Bartel: 31
Input Destination: /eos/ams/user/s/selu/mdst/He122/mdst_60442330.root
Output Destination: /afs/cern.ch/work/c/ctuysuz/private/he_flux/LSF/result_mc_time/time_31/he_flux_31_442.root
Add hist00 from /eos/ams/user/s/selu/mdst/He122/mdst_60442330.root
Start of Init
Use new binning
Start of Eventloop
Ntr, Nent= 1 431168
IsMC= 1
Parameter[0] = -2.78388
Parameter[1] = -3.06558
Parameter[2] = -3.62012
Parameter[3] = -5.56152
Parameter[4] = 0.319855
Parameter[5] = -2.41575
mdfil_info:  10.0%   17 sec CPU:  13.4%
mdfil_info:  20.0%   24 sec CPU:  18.4%
mdfil_info:  30.0%   31 sec CPU:  21.1%
mdfil_info:  40.0%   37 sec CPU:  23.1%
mdfil_info:  50.0%   44 sec CPU:  24.3%
mdfil_info:  60.0%   55 sec CPU:  22.9%
mdfil_info:  70.0%   63 sec CPU:  23.3%
mdfil_info:  80.0%   70 sec CPU:  24.1%
mdfil_info:  90.0%   77 sec CPU:  24.6%
mdfil_info: 100.0%   84 sec CPU:  25.0%
mdfil_info: 100.0%   84 sec CPU:  25.0%
