WARN: the 'eosmount' alias is deprecated, please use /eos directly
License ports: 28518@lxlicen01.cern.ch,28518@lxlicen02.cern.ch,28518@lxlicen03.cern.ch:/cvmfs/projects.cern.ch/intelsw/psxe/linux/licenses
Intel(R) Parallel Studio XE 2018 Update 2 for Linux*
Copyright (C) 2009-2018 Intel Corporation. All rights reserved.
12391
AMSCommonsI-I-HardwareIdentifiedAs Linux 3.10.0-957.10.1.el7.x86_64 x86_64 2
AMSCommonsI-I-Identified as LittleEndian 64 bit machine. 4294967295
AMSCommonsI-I-amsdatabase /cvmfs/ams.cern.ch/Offline/AMSDataDir/DataBase/
AMSCommonsI-I-MipsFromCPUInfo: 2194.92
AMSCommonsI-I-SystemIdentified as  Intel(R) Xeon(R) CPU E5-2630 v4 @ 2.20GHz
AMSCommonsI-I-ComputerEvaluatedAsMips 3511
AMS Software version v5.02/1220/12 built Fri Apr 19 23:54:38 2019

Geant4  Version 1033
Run ID: 152 Bartel: 80
Input Destination: /eos/ams/user/s/selu/mdst/He122/mdst_60441692.root
Output Destination: /afs/cern.ch/work/c/ctuysuz/private/he_flux/LSF/result_mc_time/time_80/he_flux_80_152.root
Add hist00 from /eos/ams/user/s/selu/mdst/He122/mdst_60441692.root
Start of Init
Use new binning
Start of Eventloop
Ntr, Nent= 1 437250
IsMC= 1
Parameter[0] = -2.47357
Parameter[1] = -2.95263
Parameter[2] = -3.57222
Parameter[3] = -5.51993
Parameter[4] = -0.016679
Parameter[5] = -2.31576
mdfil_info:  10.0%   17 sec CPU:  12.6%
mdfil_info:  20.0%   24 sec CPU:  17.5%
mdfil_info:  30.0%   31 sec CPU:  20.7%
mdfil_info:  40.0%   38 sec CPU:  22.4%
mdfil_info:  50.0%   46 sec CPU:  22.4%
mdfil_info:  60.0%   54 sec CPU:  22.6%
mdfil_info:  70.0%   62 sec CPU:  23.0%
mdfil_info:  80.0%   69 sec CPU:  23.5%
mdfil_info:  90.0%   77 sec CPU:  23.8%
mdfil_info: 100.0%   84 sec CPU:  24.0%
27106
AMSCommonsI-I-HardwareIdentifiedAs Linux 3.10.0-957.10.1.el7.x86_64 x86_64 2
AMSCommonsI-I-Identified as LittleEndian 64 bit machine. 4294967295
AMSCommonsI-I-amsdatabase /cvmfs/ams.cern.ch/Offline/AMSDataDir/DataBase/
AMSCommonsI-I-MipsFromCPUInfo: 2194.92
AMSCommonsI-I-SystemIdentified as  Intel(R) Xeon(R) CPU E5-2630 v4 @ 2.20GHz
AMSCommonsI-I-ComputerEvaluatedAsMips 3511
AMS Software version v5.02/1220/12 built Fri Apr 19 23:54:38 2019

Geant4  Version 1033
Run ID: 334 Bartel: 53
Input Destination: /eos/ams/user/s/selu/mdst/He122/mdst_60441874.root
Output Destination: /afs/cern.ch/work/c/ctuysuz/private/he_flux/LSF/result_mc_time/time_53/he_flux_53_334.root
Add hist00 from /eos/ams/user/s/selu/mdst/He122/mdst_60441874.root
Start of Init
Use new binning
Start of Eventloop
Ntr, Nent= 1 435413
IsMC= 1
Parameter[0] = -2.79614
Parameter[1] = -3.0736
Parameter[2] = -3.62637
Parameter[3] = -5.54999
Parameter[4] = 0.554084
Parameter[5] = -2.43435
mdfil_info:  10.0%   16 sec CPU:  12.3%
mdfil_info:  20.0%   22 sec CPU:  17.9%
mdfil_info:  30.0%   28 sec CPU:  21.6%
mdfil_info:  40.0%   34 sec CPU:  23.7%
mdfil_info:  50.0%   41 sec CPU:  24.9%
mdfil_info:  60.0%   47 sec CPU:  25.9%
mdfil_info:  70.0%   54 sec CPU:  26.3%
mdfil_info:  80.0%   60 sec CPU:  26.8%
mdfil_info:  90.0%   66 sec CPU:  27.1%
mdfil_info: 100.0%   72 sec CPU:  27.6%
mdfil_info: 100.0%   72 sec CPU:  27.6%
41821
AMSCommonsI-I-HardwareIdentifiedAs Linux 3.10.0-957.10.1.el7.x86_64 x86_64 2
AMSCommonsI-I-Identified as LittleEndian 64 bit machine. 4294967295
AMSCommonsI-I-amsdatabase /cvmfs/ams.cern.ch/Offline/AMSDataDir/DataBase/
AMSCommonsI-I-MipsFromCPUInfo: 2194.92
AMSCommonsI-I-SystemIdentified as  Intel(R) Xeon(R) CPU E5-2630 v4 @ 2.20GHz
AMSCommonsI-I-ComputerEvaluatedAsMips 3511
AMS Software version v5.02/1220/12 built Fri Apr 19 23:54:38 2019

Geant4  Version 1033
Run ID: 516 Bartel: 26
Input Destination: /eos/ams/user/s/selu/mdst/He314/mdst_120929917.root
Output Destination: /afs/cern.ch/work/c/ctuysuz/private/he_flux/LSF/result_mc_time/time_26/he_flux_26_516.root
Add hist00 from /eos/ams/user/s/selu/mdst/He314/mdst_120929917.root
Start of Init
Use new binning
Start of Eventloop
Ntr, Nent= 1 113517
IsMC= 1
Parameter[0] = -2.69537
Parameter[1] = -3.03409
Parameter[2] = -3.6054
Parameter[3] = -5.53507
Parameter[4] = 0.209297
Parameter[5] = -2.37536
mdfil_info:  10.0%    1 sec CPU:  66.6%
mdfil_info:  20.0%    1 sec CPU:  69.3%
mdfil_info:  30.0%    2 sec CPU:  70.9%
mdfil_info:  40.0%    3 sec CPU:  73.1%
mdfil_info:  50.0%    3 sec CPU:  75.5%
mdfil_info:  60.0%    4 sec CPU:  77.2%
mdfil_info:  70.0%    5 sec CPU:  76.6%
mdfil_info:  80.0%    5 sec CPU:  77.9%
mdfil_info:  90.0%    6 sec CPU:  79.1%
mdfil_info: 100.0%    6 sec CPU:  79.6%
mdfil_info: 100.0%    6 sec CPU:  79.6%
