WARN: the 'eosmount' alias is deprecated, please use /eos directly
License ports: 28518@lxlicen01.cern.ch,28518@lxlicen02.cern.ch,28518@lxlicen03.cern.ch:/cvmfs/projects.cern.ch/intelsw/psxe/linux/licenses
Intel(R) Parallel Studio XE 2018 Update 2 for Linux*
Copyright (C) 2009-2018 Intel Corporation. All rights reserved.
6634
AMSCommonsI-I-HardwareIdentifiedAs Linux 3.10.0-957.12.1.el7.x86_64 x86_64 2
AMSCommonsI-I-Identified as LittleEndian 64 bit machine. 4294967295
AMSCommonsI-I-amsdatabase /cvmfs/ams.cern.ch/Offline/AMSDataDir/DataBase/
AMSCommonsI-I-MipsFromCPUInfo: 2394.45
AMSCommonsI-I-SystemIdentified as  Intel Core Processor (Haswell, no TSX, IBRS)
AMSCommonsI-I-ComputerEvaluatedAsMips 3591
AMS Software version v5.02/1220/12 built Fri Apr 19 23:54:38 2019

Geant4  Version 1033
Run ID: 81 Bartel: 74
Input Destination: /eos/ams/user/s/selu/mdst/He122/mdst_60441621.root
Output Destination: /afs/cern.ch/work/c/ctuysuz/private/he_flux/LSF/result_mc_time/time_74/he_flux_74_81.root
Add hist00 from /eos/ams/user/s/selu/mdst/He122/mdst_60441621.root
Start of Init
Use new binning
Start of Eventloop
Ntr, Nent= 1 439137
IsMC= 1
Parameter[0] = -2.51662
Parameter[1] = -2.96375
Parameter[2] = -3.57829
Parameter[3] = -5.45844
Parameter[4] = 0.103059
Parameter[5] = -1.93983
mdfil_info:  10.0%   16 sec CPU:  14.5%
mdfil_info:  20.0%   22 sec CPU:  20.7%
mdfil_info:  30.0%   28 sec CPU:  24.3%
mdfil_info:  40.0%   34 sec CPU:  26.9%
mdfil_info:  50.0%   40 sec CPU:  28.5%
mdfil_info:  60.0%   46 sec CPU:  29.9%
mdfil_info:  70.0%   51 sec CPU:  30.7%
mdfil_info:  80.0%   57 sec CPU:  31.5%
mdfil_info:  90.0%   63 sec CPU:  32.4%
mdfil_info: 100.0%   69 sec CPU:  33.1%
mdfil_info: 100.0%   69 sec CPU:  33.1%
21349
AMSCommonsI-I-HardwareIdentifiedAs Linux 3.10.0-957.12.1.el7.x86_64 x86_64 2
AMSCommonsI-I-Identified as LittleEndian 64 bit machine. 4294967295
AMSCommonsI-I-amsdatabase /cvmfs/ams.cern.ch/Offline/AMSDataDir/DataBase/
AMSCommonsI-I-MipsFromCPUInfo: 2394.45
AMSCommonsI-I-SystemIdentified as  Intel Core Processor (Haswell, no TSX, IBRS)
AMSCommonsI-I-ComputerEvaluatedAsMips 3591
AMS Software version v5.02/1220/12 built Fri Apr 19 23:54:38 2019

Geant4  Version 1033
Run ID: 263 Bartel: 47
36064
AMSCommonsI-I-HardwareIdentifiedAs Linux 3.10.0-957.12.1.el7.x86_64 x86_64 2
AMSCommonsI-I-Identified as LittleEndian 64 bit machine. 4294967295
AMSCommonsI-I-amsdatabase /cvmfs/ams.cern.ch/Offline/AMSDataDir/DataBase/
AMSCommonsI-I-MipsFromCPUInfo: 2394.45
AMSCommonsI-I-SystemIdentified as  Intel Core Processor (Haswell, no TSX, IBRS)
AMSCommonsI-I-ComputerEvaluatedAsMips 3591
AMS Software version v5.02/1220/12 built Fri Apr 19 23:54:38 2019

Geant4  Version 1033
Run ID: 445 Bartel: 20
Input Destination: /eos/ams/user/s/selu/mdst/He122/mdst_60442334.root
Output Destination: /afs/cern.ch/work/c/ctuysuz/private/he_flux/LSF/result_mc_time/time_20/he_flux_20_445.root
Add hist00 from /eos/ams/user/s/selu/mdst/He122/mdst_60442334.root
Start of Init
Use new binning
Start of Eventloop
Ntr, Nent= 1 436920
IsMC= 1
Parameter[0] = -2.70518
Parameter[1] = -3.02051
Parameter[2] = -3.58999
Parameter[3] = -5.56547
Parameter[4] = 0.334526
Parameter[5] = -2.62761
mdfil_info:  10.0%   25 sec CPU:   9.8%
mdfil_info:  20.0%   32 sec CPU:  14.7%
mdfil_info:  30.0%   41 sec CPU:  16.8%
mdfil_info:  40.0%   50 sec CPU:  18.4%
mdfil_info:  50.0%   58 sec CPU:  19.9%
mdfil_info:  60.0%   72 sec CPU:  19.1%
mdfil_info:  70.0%   85 sec CPU:  18.9%
mdfil_info:  80.0%   93 sec CPU:  19.6%
mdfil_info:  90.0%  102 sec CPU:  19.9%
mdfil_info: 100.0%  113 sec CPU:  20.1%
