WARN: the 'eosmount' alias is deprecated, please use /eos directly
License ports: 28518@lxlicen01.cern.ch,28518@lxlicen02.cern.ch,28518@lxlicen03.cern.ch:/cvmfs/projects.cern.ch/intelsw/psxe/linux/licenses
Intel(R) Parallel Studio XE 2018 Update 2 for Linux*
Copyright (C) 2009-2018 Intel Corporation. All rights reserved.
14312
AMSCommonsI-I-HardwareIdentifiedAs Linux 3.10.0-957.10.1.el7.x86_64 x86_64 2
AMSCommonsI-I-Identified as LittleEndian 64 bit machine. 4294967295
AMSCommonsI-I-amsdatabase /cvmfs/ams.cern.ch/Offline/AMSDataDir/DataBase/
AMSCommonsI-I-MipsFromCPUInfo: 2194.92
AMSCommonsI-I-SystemIdentified as  Intel(R) Xeon(R) CPU E5-2630 v4 @ 2.20GHz
AMSCommonsI-I-ComputerEvaluatedAsMips 3511
AMS Software version v5.02/1220/12 built Fri Apr 19 23:54:38 2019

Geant4  Version 1033
Run ID: 176 Bartel: 57
Input Destination: /eos/ams/user/s/selu/mdst/He122/mdst_60441716.root
Output Destination: /afs/cern.ch/work/c/ctuysuz/private/he_flux/LSF/result_mc_time/time_57/he_flux_57_176.root
Add hist00 from /eos/ams/user/s/selu/mdst/He122/mdst_60441716.root
Start of Init
Use new binning
Start of Eventloop
Ntr, Nent= 1 437529
IsMC= 1
Parameter[0] = -2.70293
Parameter[1] = -3.03976
Parameter[2] = -3.61538
Parameter[3] = -5.54214
Parameter[4] = 0.274724
Parameter[5] = -2.38056
mdfil_info:  10.0%    2 sec CPU:  75.6%
mdfil_info:  20.0%    6 sec CPU:  54.8%
mdfil_info:  30.0%   10 sec CPU:  52.2%
mdfil_info:  40.0%   12 sec CPU:  54.7%
mdfil_info:  50.0%   14 sec CPU:  58.4%
mdfil_info:  60.0%   16 sec CPU:  61.7%
mdfil_info:  70.0%   18 sec CPU:  64.6%
mdfil_info:  80.0%   20 sec CPU:  66.7%
mdfil_info:  90.0%   22 sec CPU:  68.1%
mdfil_info: 100.0%   24 sec CPU:  69.3%
mdfil_info: 100.0%   24 sec CPU:  69.3%
29027
AMSCommonsI-I-HardwareIdentifiedAs Linux 3.10.0-957.10.1.el7.x86_64 x86_64 2
AMSCommonsI-I-Identified as LittleEndian 64 bit machine. 4294967295
AMSCommonsI-I-amsdatabase /cvmfs/ams.cern.ch/Offline/AMSDataDir/DataBase/
AMSCommonsI-I-MipsFromCPUInfo: 2194.92
AMSCommonsI-I-SystemIdentified as  Intel(R) Xeon(R) CPU E5-2630 v4 @ 2.20GHz
AMSCommonsI-I-ComputerEvaluatedAsMips 3511
AMS Software version v5.02/1220/12 built Fri Apr 19 23:54:38 2019

Geant4  Version 1033
Run ID: 358 Bartel: 30
Input Destination: /eos/ams/user/s/selu/mdst/He122/mdst_60442246.root
Output Destination: /afs/cern.ch/work/c/ctuysuz/private/he_flux/LSF/result_mc_time/time_30/he_flux_30_358.root
Add hist00 from /eos/ams/user/s/selu/mdst/He122/mdst_60442246.root
Start of Init
Use new binning
Start of Eventloop
Ntr, Nent= 1 435627
IsMC= 1
Parameter[0] = -2.78302
Parameter[1] = -3.06111
Parameter[2] = -3.62424
Parameter[3] = -5.59535
Parameter[4] = 0.417456
Parameter[5] = -2.69098
mdfil_info:  10.0%   18 sec CPU:   9.6%
mdfil_info:  20.0%   24 sec CPU:  13.8%
mdfil_info:  30.0%   31 sec CPU:  16.2%
mdfil_info:  40.0%   38 sec CPU:  17.7%
mdfil_info:  50.0%   45 sec CPU:  18.7%
mdfil_info:  60.0%   51 sec CPU:  19.8%
mdfil_info:  70.0%   56 sec CPU:  20.8%
mdfil_info:  80.0%   62 sec CPU:  21.5%
mdfil_info:  90.0%   67 sec CPU:  22.3%
mdfil_info: 100.0%   72 sec CPU:  22.8%
mdfil_info: 100.0%   72 sec CPU:  22.8%
43742
AMSCommonsI-I-HardwareIdentifiedAs Linux 3.10.0-957.10.1.el7.x86_64 x86_64 2
AMSCommonsI-I-Identified as LittleEndian 64 bit machine. 4294967295
AMSCommonsI-I-amsdatabase /cvmfs/ams.cern.ch/Offline/AMSDataDir/DataBase/
AMSCommonsI-I-MipsFromCPUInfo: 2194.92
AMSCommonsI-I-SystemIdentified as  Intel(R) Xeon(R) CPU E5-2630 v4 @ 2.20GHz
AMSCommonsI-I-ComputerEvaluatedAsMips 3511
AMS Software version v5.02/1220/12 built Fri Apr 19 23:54:38 2019

Geant4  Version 1033
Run ID: 540 Bartel: 3
Input Destination: /eos/ams/user/s/selu/mdst/He314/mdst_120929945.root
Output Destination: /afs/cern.ch/work/c/ctuysuz/private/he_flux/LSF/result_mc_time/time_3/he_flux_3_540.root
Add hist00 from /eos/ams/user/s/selu/mdst/He314/mdst_120929945.root
Start of Init
Use new binning
Start of Eventloop
Ntr, Nent= 1 122554
IsMC= 1
Parameter[0] = -2.60444
Parameter[1] = -2.96917
Parameter[2] = -3.55869
Parameter[3] = -5.49263
Parameter[4] = 0.194958
Parameter[5] = -2.37354
mdfil_info:  10.0%    6 sec CPU:   8.5%
mdfil_info:  20.0%   11 sec CPU:   9.2%
mdfil_info:  30.0%   16 sec CPU:   9.6%
mdfil_info:  40.0%   18 sec CPU:  10.9%
mdfil_info:  50.0%   20 sec CPU:  12.9%
mdfil_info:  60.0%   22 sec CPU:  14.5%
mdfil_info:  70.0%   24 sec CPU:  15.0%
mdfil_info:  80.0%   26 sec CPU:  15.7%
mdfil_info:  90.0%   31 sec CPU:  14.8%
mdfil_info: 100.0%   34 sec CPU:  14.5%
mdfil_info: 100.0%   34 sec CPU:  14.5%
