WARN: the 'eosmount' alias is deprecated, please use /eos directly
License ports: 28518@lxlicen01.cern.ch,28518@lxlicen02.cern.ch,28518@lxlicen03.cern.ch:/cvmfs/projects.cern.ch/intelsw/psxe/linux/licenses
Intel(R) Parallel Studio XE 2018 Update 2 for Linux*
Copyright (C) 2009-2018 Intel Corporation. All rights reserved.
14402
AMSCommonsI-I-HardwareIdentifiedAs Linux 3.10.0-957.12.1.el7.x86_64 x86_64 2
AMSCommonsI-I-Identified as LittleEndian 64 bit machine. 4294967295
AMSCommonsI-I-amsdatabase /cvmfs/ams.cern.ch/Offline/AMSDataDir/DataBase/
AMSCommonsI-I-MipsFromCPUInfo: 2195.1
AMSCommonsI-I-SystemIdentified as  Intel(R) Xeon(R) CPU E5-2630 v4 @ 2.20GHz
AMSCommonsI-I-ComputerEvaluatedAsMips 3512
AMS Software version v5.02/1220/12 built Fri Apr 19 23:54:38 2019

Geant4  Version 1033
Run ID: 177 Bartel: 66
Input Destination: /eos/ams/user/s/selu/mdst/He122/mdst_60441717.root
Output Destination: /afs/cern.ch/work/c/ctuysuz/private/he_flux/LSF/result_mc_time/time_66/he_flux_66_177.root
Add hist00 from /eos/ams/user/s/selu/mdst/He122/mdst_60441717.root
Start of Init
Use new binning
Start of Eventloop
Ntr, Nent= 1 438840
IsMC= 1
Parameter[0] = -2.5779
Parameter[1] = -2.99002
Parameter[2] = -3.59372
Parameter[3] = -5.46372
Parameter[4] = 0.117988
Parameter[5] = -1.94602
mdfil_info:  10.0%   16 sec CPU:  12.5%
mdfil_info:  20.0%   22 sec CPU:  16.6%
mdfil_info:  30.0%   31 sec CPU:  18.2%
mdfil_info:  40.0%   37 sec CPU:  20.0%
mdfil_info:  50.0%   43 sec CPU:  21.3%
mdfil_info:  60.0%   49 sec CPU:  22.4%
mdfil_info:  70.0%   54 sec CPU:  23.5%
mdfil_info:  80.0%   59 sec CPU:  24.2%
mdfil_info:  90.0%   65 sec CPU:  24.7%
mdfil_info: 100.0%   75 sec CPU:  23.7%
29117
AMSCommonsI-I-HardwareIdentifiedAs Linux 3.10.0-957.12.1.el7.x86_64 x86_64 2
AMSCommonsI-I-Identified as LittleEndian 64 bit machine. 4294967295
AMSCommonsI-I-amsdatabase /cvmfs/ams.cern.ch/Offline/AMSDataDir/DataBase/
AMSCommonsI-I-MipsFromCPUInfo: 2195.1
AMSCommonsI-I-SystemIdentified as  Intel(R) Xeon(R) CPU E5-2630 v4 @ 2.20GHz
AMSCommonsI-I-ComputerEvaluatedAsMips 3512
AMS Software version v5.02/1220/12 built Fri Apr 19 23:54:38 2019

Geant4  Version 1033
Run ID: 359 Bartel: 39
Input Destination: /eos/ams/user/s/selu/mdst/He122/mdst_60442247.root
Output Destination: /afs/cern.ch/work/c/ctuysuz/private/he_flux/LSF/result_mc_time/time_39/he_flux_39_359.root
Add hist00 from /eos/ams/user/s/selu/mdst/He122/mdst_60442247.root
Start of Init
Use new binning
Start of Eventloop
Ntr, Nent= 1 438356
IsMC= 1
Parameter[0] = -2.81505
Parameter[1] = -3.07484
Parameter[2] = -3.62471
Parameter[3] = -5.62014
Parameter[4] = 0.622835
Parameter[5] = -2.8044
mdfil_info:  10.0%   15 sec CPU:  13.2%
mdfil_info:  20.0%   20 sec CPU:  19.0%
mdfil_info:  30.0%   26 sec CPU:  21.7%
mdfil_info:  40.0%   32 sec CPU:  22.9%
mdfil_info:  50.0%   38 sec CPU:  23.6%
mdfil_info:  60.0%   44 sec CPU:  24.0%
mdfil_info:  70.0%   50 sec CPU:  24.7%
mdfil_info:  80.0%   57 sec CPU:  24.5%
mdfil_info:  90.0%   64 sec CPU:  24.3%
mdfil_info: 100.0%   70 sec CPU:  24.8%
mdfil_info: 100.0%   70 sec CPU:  24.8%
43832
AMSCommonsI-I-HardwareIdentifiedAs Linux 3.10.0-957.12.1.el7.x86_64 x86_64 2
AMSCommonsI-I-Identified as LittleEndian 64 bit machine. 4294967295
AMSCommonsI-I-amsdatabase /cvmfs/ams.cern.ch/Offline/AMSDataDir/DataBase/
AMSCommonsI-I-MipsFromCPUInfo: 2195.1
AMSCommonsI-I-SystemIdentified as  Intel(R) Xeon(R) CPU E5-2630 v4 @ 2.20GHz
AMSCommonsI-I-ComputerEvaluatedAsMips 3512
AMS Software version v5.02/1220/12 built Fri Apr 19 23:54:38 2019

Geant4  Version 1033
Run ID: 541 Bartel: 12
Input Destination: /eos/ams/user/s/selu/mdst/He314/mdst_120929946.root
Output Destination: /afs/cern.ch/work/c/ctuysuz/private/he_flux/LSF/result_mc_time/time_12/he_flux_12_541.root
Add hist00 from /eos/ams/user/s/selu/mdst/He314/mdst_120929946.root
Start of Init
Use new binning
Start of Eventloop
Ntr, Nent= 1 98080
IsMC= 1
Parameter[0] = -2.69683
Parameter[1] = -3.04779
Parameter[2] = -3.61865
Parameter[3] = -5.53473
Parameter[4] = 0.213856
Parameter[5] = -2.39642
mdfil_info:  10.0%    1 sec CPU:  73.2%
mdfil_info:  20.0%    1 sec CPU:  73.0%
mdfil_info:  30.0%    2 sec CPU:  73.7%
mdfil_info:  40.0%    2 sec CPU:  76.2%
mdfil_info:  50.0%    3 sec CPU:  78.3%
mdfil_info:  60.0%    3 sec CPU:  79.7%
mdfil_info:  70.0%    3 sec CPU:  81.3%
mdfil_info:  80.0%    4 sec CPU:  82.3%
mdfil_info:  90.0%    4 sec CPU:  83.2%
mdfil_info: 100.0%    4 sec CPU:  83.8%
