WARN: the 'eosmount' alias is deprecated, please use /eos directly
License ports: 28518@lxlicen01.cern.ch,28518@lxlicen02.cern.ch,28518@lxlicen03.cern.ch:/cvmfs/projects.cern.ch/intelsw/psxe/linux/licenses
Intel(R) Parallel Studio XE 2018 Update 2 for Linux*
Copyright (C) 2009-2018 Intel Corporation. All rights reserved.
8803
AMSCommonsI-I-HardwareIdentifiedAs Linux 3.10.0-957.12.1.el7.x86_64 x86_64 2
AMSCommonsI-I-Identified as LittleEndian 64 bit machine. 4294967295
AMSCommonsI-I-amsdatabase /cvmfs/ams.cern.ch/Offline/AMSDataDir/DataBase/
AMSCommonsI-I-MipsFromCPUInfo: 2194.92
AMSCommonsI-I-SystemIdentified as  Intel(R) Xeon(R) CPU E5-2630 v4 @ 2.20GHz
AMSCommonsI-I-ComputerEvaluatedAsMips 3511
AMS Software version v5.02/1220/12 built Fri Apr 19 23:54:38 2019

Geant4  Version 1033
Run ID: 108 Bartel: 56
Input Destination: /eos/ams/user/s/selu/mdst/He122/mdst_60441648.root
Output Destination: /afs/cern.ch/work/c/ctuysuz/private/he_flux/LSF/result_mc_time/time_56/he_flux_56_108.root
Add hist00 from /eos/ams/user/s/selu/mdst/He122/mdst_60441648.root
Start of Init
Use new binning
Start of Eventloop
Ntr, Nent= 1 427747
IsMC= 1
Parameter[0] = -2.72531
Parameter[1] = -3.04724
Parameter[2] = -3.61961
Parameter[3] = -5.54865
Parameter[4] = 0.293124
Parameter[5] = -2.44228
mdfil_info:  10.0%   17 sec CPU:  12.3%
mdfil_info:  20.0%   25 sec CPU:  15.8%
mdfil_info:  30.0%   32 sec CPU:  18.1%
mdfil_info:  40.0%   39 sec CPU:  20.1%
mdfil_info:  50.0%   46 sec CPU:  20.6%
mdfil_info:  60.0%   52 sec CPU:  21.8%
mdfil_info:  70.0%   58 sec CPU:  22.7%
mdfil_info:  80.0%   63 sec CPU:  23.4%
mdfil_info:  90.0%   69 sec CPU:  24.1%
mdfil_info: 100.0%   75 sec CPU:  24.6%
mdfil_info: 100.0%   75 sec CPU:  24.6%
23518
AMSCommonsI-I-HardwareIdentifiedAs Linux 3.10.0-957.12.1.el7.x86_64 x86_64 2
AMSCommonsI-I-Identified as LittleEndian 64 bit machine. 4294967295
AMSCommonsI-I-amsdatabase /cvmfs/ams.cern.ch/Offline/AMSDataDir/DataBase/
AMSCommonsI-I-MipsFromCPUInfo: 2194.92
AMSCommonsI-I-SystemIdentified as  Intel(R) Xeon(R) CPU E5-2630 v4 @ 2.20GHz
AMSCommonsI-I-ComputerEvaluatedAsMips 3511
AMS Software version v5.02/1220/12 built Fri Apr 19 23:54:38 2019

Geant4  Version 1033
Run ID: 290 Bartel: 29
Input Destination: /eos/ams/user/s/selu/mdst/He122/mdst_60441830.root
Output Destination: /afs/cern.ch/work/c/ctuysuz/private/he_flux/LSF/result_mc_time/time_29/he_flux_29_290.root
Add hist00 from /eos/ams/user/s/selu/mdst/He122/mdst_60441830.root
Start of Init
Use new binning
Start of Eventloop
Ntr, Nent= 1 440637
IsMC= 1
Parameter[0] = -2.79936
Parameter[1] = -3.07658
Parameter[2] = -3.62788
Parameter[3] = -5.57562
Parameter[4] = 0.497287
Parameter[5] = -2.44847
mdfil_info:  10.0%    2 sec CPU:  77.1%
mdfil_info:  20.0%    4 sec CPU:  82.1%
mdfil_info:  30.0%    6 sec CPU:  83.7%
mdfil_info:  40.0%    8 sec CPU:  84.8%
mdfil_info:  50.0%   10 sec CPU:  85.7%
mdfil_info:  60.0%   12 sec CPU:  86.3%
mdfil_info:  70.0%   14 sec CPU:  86.6%
mdfil_info:  80.0%   16 sec CPU:  86.9%
mdfil_info:  90.0%   18 sec CPU:  86.9%
mdfil_info: 100.0%   19 sec CPU:  87.0%
mdfil_info: 100.0%   19 sec CPU:  87.0%
38233
AMSCommonsI-I-HardwareIdentifiedAs Linux 3.10.0-957.12.1.el7.x86_64 x86_64 2
AMSCommonsI-I-Identified as LittleEndian 64 bit machine. 4294967295
AMSCommonsI-I-amsdatabase /cvmfs/ams.cern.ch/Offline/AMSDataDir/DataBase/
AMSCommonsI-I-MipsFromCPUInfo: 2194.92
AMSCommonsI-I-SystemIdentified as  Intel(R) Xeon(R) CPU E5-2630 v4 @ 2.20GHz
AMSCommonsI-I-ComputerEvaluatedAsMips 3511
AMS Software version v5.02/1220/12 built Fri Apr 19 23:54:38 2019

Geant4  Version 1033
Run ID: 472 Bartel: 2
Input Destination: /eos/ams/user/s/selu/mdst/He314/mdst_120929872.root
Output Destination: /afs/cern.ch/work/c/ctuysuz/private/he_flux/LSF/result_mc_time/time_2/he_flux_2_472.root
Add hist00 from /eos/ams/user/s/selu/mdst/He314/mdst_120929872.root
Start of Init
Use new binning
Start of Eventloop
Ntr, Nent= 1 110350
IsMC= 1
Parameter[0] = -2.61736
Parameter[1] = -2.93157
Parameter[2] = -3.51989
Parameter[3] = -5.49278
Parameter[4] = 0.444434
Parameter[5] = -2.60596
mdfil_info:  10.0%    1 sec CPU:  75.5%
mdfil_info:  20.0%    1 sec CPU:  75.9%
mdfil_info:  30.0%    2 sec CPU:  76.3%
mdfil_info:  40.0%    2 sec CPU:  79.4%
mdfil_info:  50.0%    3 sec CPU:  81.9%
mdfil_info:  60.0%    3 sec CPU:  83.3%
mdfil_info:  70.0%    4 sec CPU:  84.5%
mdfil_info:  80.0%    4 sec CPU:  85.2%
mdfil_info:  90.0%    5 sec CPU:  85.6%
mdfil_info: 100.0%    5 sec CPU:  86.4%
