WARN: the 'eosmount' alias is deprecated, please use /eos directly
License ports: 28518@lxlicen01.cern.ch,28518@lxlicen02.cern.ch,28518@lxlicen03.cern.ch:/cvmfs/projects.cern.ch/intelsw/psxe/linux/licenses
Intel(R) Parallel Studio XE 2018 Update 2 for Linux*
Copyright (C) 2009-2018 Intel Corporation. All rights reserved.
7887
AMSCommonsI-I-HardwareIdentifiedAs Linux 3.10.0-957.10.1.el7.x86_64 x86_64 2
AMSCommonsI-I-Identified as LittleEndian 64 bit machine. 4294967295
AMSCommonsI-I-amsdatabase /cvmfs/ams.cern.ch/Offline/AMSDataDir/DataBase/
AMSCommonsI-I-MipsFromCPUInfo: 2194.92
AMSCommonsI-I-SystemIdentified as  Intel(R) Xeon(R) CPU E5-2630 v4 @ 2.20GHz
AMSCommonsI-I-ComputerEvaluatedAsMips 3511
AMS Software version v5.02/1220/12 built Fri Apr 19 23:54:38 2019

Geant4  Version 1033
Run ID: 97 Bartel: 31
Input Destination: /eos/ams/user/s/selu/mdst/He122/mdst_60441637.root
Output Destination: /afs/cern.ch/work/c/ctuysuz/private/he_flux/LSF/result_mc_time/time_31/he_flux_31_97.root
Add hist00 from /eos/ams/user/s/selu/mdst/He122/mdst_60441637.root
Start of Init
Use new binning
Start of Eventloop
Ntr, Nent= 1 431705
IsMC= 1
Parameter[0] = -2.78388
Parameter[1] = -3.06558
Parameter[2] = -3.62012
Parameter[3] = -5.56152
Parameter[4] = 0.319855
Parameter[5] = -2.41575
mdfil_info:  10.0%   21 sec CPU:  10.8%
mdfil_info:  20.0%   28 sec CPU:  15.2%
mdfil_info:  30.0%   38 sec CPU:  17.0%
mdfil_info:  40.0%   49 sec CPU:  17.7%
mdfil_info:  50.0%   57 sec CPU:  18.7%
mdfil_info:  60.0%   65 sec CPU:  19.6%
mdfil_info:  70.0%   72 sec CPU:  20.7%
mdfil_info:  80.0%   81 sec CPU:  21.1%
mdfil_info:  90.0%   92 sec CPU:  20.7%
mdfil_info: 100.0%   99 sec CPU:  21.2%
mdfil_info: 100.0%   99 sec CPU:  21.2%
22602
AMSCommonsI-I-HardwareIdentifiedAs Linux 3.10.0-957.10.1.el7.x86_64 x86_64 2
AMSCommonsI-I-Identified as LittleEndian 64 bit machine. 4294967295
AMSCommonsI-I-amsdatabase /cvmfs/ams.cern.ch/Offline/AMSDataDir/DataBase/
AMSCommonsI-I-MipsFromCPUInfo: 2194.92
AMSCommonsI-I-SystemIdentified as  Intel(R) Xeon(R) CPU E5-2630 v4 @ 2.20GHz
AMSCommonsI-I-ComputerEvaluatedAsMips 3511
AMS Software version v5.02/1220/12 built Fri Apr 19 23:54:38 2019

Geant4  Version 1033
Run ID: 279 Bartel: 4
Input Destination: /eos/ams/user/s/selu/mdst/He122/mdst_60441819.root
Output Destination: /afs/cern.ch/work/c/ctuysuz/private/he_flux/LSF/result_mc_time/time_4/he_flux_4_279.root
Add hist00 from /eos/ams/user/s/selu/mdst/He122/mdst_60441819.root
Start of Init
Use new binning
Start of Eventloop
Ntr, Nent= 1 438009
IsMC= 1
Parameter[0] = -2.61269
Parameter[1] = -3.01592
Parameter[2] = -3.59533
Parameter[3] = -5.49712
Parameter[4] = 0.0687066
Parameter[5] = -2.23552
mdfil_info:  10.0%   18 sec CPU:  12.7%
mdfil_info:  20.0%   25 sec CPU:  17.5%
mdfil_info:  30.0%   32 sec CPU:  20.4%
mdfil_info:  40.0%   39 sec CPU:  22.1%
mdfil_info:  50.0%   46 sec CPU:  23.6%
mdfil_info:  60.0%   52 sec CPU:  24.7%
mdfil_info:  70.0%   59 sec CPU:  25.6%
mdfil_info:  80.0%   66 sec CPU:  25.4%
mdfil_info:  90.0%   73 sec CPU:  25.3%
mdfil_info: 100.0%   80 sec CPU:  25.6%
mdfil_info: 100.0%   80 sec CPU:  25.6%
37317
AMSCommonsI-I-HardwareIdentifiedAs Linux 3.10.0-957.10.1.el7.x86_64 x86_64 2
AMSCommonsI-I-Identified as LittleEndian 64 bit machine. 4294967295
AMSCommonsI-I-amsdatabase /cvmfs/ams.cern.ch/Offline/AMSDataDir/DataBase/
AMSCommonsI-I-MipsFromCPUInfo: 2194.92
AMSCommonsI-I-SystemIdentified as  Intel(R) Xeon(R) CPU E5-2630 v4 @ 2.20GHz
AMSCommonsI-I-ComputerEvaluatedAsMips 3511
AMS Software version v5.02/1220/12 built Fri Apr 19 23:54:38 2019

Geant4  Version 1033
Run ID: 460 Bartel: 58
Input Destination: /eos/ams/user/s/selu/mdst/He314/mdst_120929860.root
Output Destination: /afs/cern.ch/work/c/ctuysuz/private/he_flux/LSF/result_mc_time/time_58/he_flux_58_460.root
Add hist00 from /eos/ams/user/s/selu/mdst/He314/mdst_120929860.root
Start of Init
Use new binning
Start of Eventloop
Ntr, Nent= 1 110192
IsMC= 1
Parameter[0] = -2.68687
Parameter[1] = -3.02567
Parameter[2] = -3.60778
Parameter[3] = -5.55295
Parameter[4] = 0.272681
Parameter[5] = -2.49381
mdfil_info:  10.0%    1 sec CPU:  82.4%
mdfil_info:  20.0%    1 sec CPU:  85.2%
mdfil_info:  30.0%    2 sec CPU:  84.0%
mdfil_info:  40.0%    3 sec CPU:  84.3%
mdfil_info:  50.0%    3 sec CPU:  84.4%
mdfil_info:  60.0%    4 sec CPU:  85.2%
mdfil_info:  70.0%    4 sec CPU:  86.7%
mdfil_info:  80.0%    5 sec CPU:  87.7%
mdfil_info:  90.0%    5 sec CPU:  87.7%
mdfil_info: 100.0%    6 sec CPU:  88.2%
mdfil_info: 100.0%    6 sec CPU:  88.2%
