WARN: the 'eosmount' alias is deprecated, please use /eos directly
License ports: 28518@lxlicen01.cern.ch,28518@lxlicen02.cern.ch,28518@lxlicen03.cern.ch:/cvmfs/projects.cern.ch/intelsw/psxe/linux/licenses
Intel(R) Parallel Studio XE 2018 Update 2 for Linux*
Copyright (C) 2009-2018 Intel Corporation. All rights reserved.
11078
AMSCommonsI-I-HardwareIdentifiedAs Linux 3.10.0-957.10.1.el7.x86_64 x86_64 2
AMSCommonsI-I-Identified as LittleEndian 64 bit machine. 4294967295
AMSCommonsI-I-amsdatabase /cvmfs/ams.cern.ch/Offline/AMSDataDir/DataBase/
AMSCommonsI-I-MipsFromCPUInfo: 2194.92
AMSCommonsI-I-SystemIdentified as  Intel(R) Xeon(R) CPU E5-2630 v4 @ 2.20GHz
AMSCommonsI-I-ComputerEvaluatedAsMips 3511
AMS Software version v5.02/1220/12 built Fri Apr 19 23:54:38 2019

Geant4  Version 1033
Run ID: 136 Bartel: 63
Input Destination: /eos/ams/user/s/selu/mdst/He122/mdst_60441676.root
Output Destination: /afs/cern.ch/work/c/ctuysuz/private/he_flux/LSF/result_mc_time/time_63/he_flux_63_136.root
Add hist00 from /eos/ams/user/s/selu/mdst/He122/mdst_60441676.root
Start of Init
Use new binning
Start of Eventloop
Ntr, Nent= 1 437444
IsMC= 1
Parameter[0] = -2.618
Parameter[1] = -3.00649
Parameter[2] = -3.59895
Parameter[3] = -5.51567
Parameter[4] = 0.0987089
Parameter[5] = -2.27434
mdfil_info:  10.0%    3 sec CPU:  72.6%
mdfil_info:  20.0%    5 sec CPU:  77.7%
mdfil_info:  30.0%    8 sec CPU:  80.2%
mdfil_info:  40.0%   10 sec CPU:  81.1%
mdfil_info:  50.0%   12 sec CPU:  81.9%
mdfil_info:  60.0%   15 sec CPU:  82.4%
mdfil_info:  70.0%   17 sec CPU:  82.8%
mdfil_info:  80.0%   20 sec CPU:  83.4%
mdfil_info:  90.0%   22 sec CPU:  83.7%
mdfil_info: 100.0%   24 sec CPU:  84.0%
mdfil_info: 100.0%   24 sec CPU:  84.0%
25793
AMSCommonsI-I-HardwareIdentifiedAs Linux 3.10.0-957.10.1.el7.x86_64 x86_64 2
AMSCommonsI-I-Identified as LittleEndian 64 bit machine. 4294967295
AMSCommonsI-I-amsdatabase /cvmfs/ams.cern.ch/Offline/AMSDataDir/DataBase/
AMSCommonsI-I-MipsFromCPUInfo: 2194.92
AMSCommonsI-I-SystemIdentified as  Intel(R) Xeon(R) CPU E5-2630 v4 @ 2.20GHz
AMSCommonsI-I-ComputerEvaluatedAsMips 3511
AMS Software version v5.02/1220/12 built Fri Apr 19 23:54:38 2019

Geant4  Version 1033
Run ID: 318 Bartel: 36
Input Destination: /eos/ams/user/s/selu/mdst/He122/mdst_60441858.root
Output Destination: /afs/cern.ch/work/c/ctuysuz/private/he_flux/LSF/result_mc_time/time_36/he_flux_36_318.root
Add hist00 from /eos/ams/user/s/selu/mdst/He122/mdst_60441858.root
Start of Init
Use new binning
Start of Eventloop
Ntr, Nent= 1 440976
IsMC= 1
Parameter[0] = -2.79557
Parameter[1] = -3.06246
Parameter[2] = -3.62389
Parameter[3] = -5.5927
Parameter[4] = 0.507214
Parameter[5] = -2.70126
mdfil_info:  10.0%   16 sec CPU:  14.9%
mdfil_info:  20.0%   21 sec CPU:  21.4%
mdfil_info:  30.0%   29 sec CPU:  23.7%
mdfil_info:  40.0%   36 sec CPU:  25.0%
mdfil_info:  50.0%   43 sec CPU:  26.5%
mdfil_info:  60.0%   50 sec CPU:  27.1%
mdfil_info:  70.0%   56 sec CPU:  27.6%
mdfil_info:  80.0%   63 sec CPU:  28.1%
mdfil_info:  90.0%   71 sec CPU:  27.9%
mdfil_info: 100.0%   78 sec CPU:  28.0%
mdfil_info: 100.0%   78 sec CPU:  28.0%
40508
AMSCommonsI-I-HardwareIdentifiedAs Linux 3.10.0-957.10.1.el7.x86_64 x86_64 2
AMSCommonsI-I-Identified as LittleEndian 64 bit machine. 4294967295
AMSCommonsI-I-amsdatabase /cvmfs/ams.cern.ch/Offline/AMSDataDir/DataBase/
AMSCommonsI-I-MipsFromCPUInfo: 2194.92
AMSCommonsI-I-SystemIdentified as  Intel(R) Xeon(R) CPU E5-2630 v4 @ 2.20GHz
AMSCommonsI-I-ComputerEvaluatedAsMips 3511
AMS Software version v5.02/1220/12 built Fri Apr 19 23:54:38 2019

Geant4  Version 1033
Run ID: 500 Bartel: 9
Input Destination: /eos/ams/user/s/selu/mdst/He314/mdst_120929901.root
Output Destination: /afs/cern.ch/work/c/ctuysuz/private/he_flux/LSF/result_mc_time/time_9/he_flux_9_500.root
Add hist00 from /eos/ams/user/s/selu/mdst/He314/mdst_120929901.root
Start of Init
Use new binning
Start of Eventloop
Ntr, Nent= 1 109804
IsMC= 1
Parameter[0] = -2.5816
Parameter[1] = -2.99063
Parameter[2] = -3.57962
Parameter[3] = -5.50019
Parameter[4] = 0.0791501
Parameter[5] = -2.253
mdfil_info:  10.0%    1 sec CPU:  72.6%
mdfil_info:  20.0%    1 sec CPU:  74.3%
mdfil_info:  30.0%    2 sec CPU:  73.4%
mdfil_info:  40.0%    3 sec CPU:  76.6%
mdfil_info:  50.0%    3 sec CPU:  78.5%
mdfil_info:  60.0%    4 sec CPU:  80.2%
mdfil_info:  70.0%    5 sec CPU:  81.5%
mdfil_info:  80.0%    5 sec CPU:  82.5%
mdfil_info:  90.0%    6 sec CPU:  83.4%
mdfil_info: 100.0%    6 sec CPU:  84.0%
mdfil_info: 100.0%    6 sec CPU:  84.0%
