WARN: the 'eosmount' alias is deprecated, please use /eos directly
License ports: 28518@lxlicen01.cern.ch,28518@lxlicen02.cern.ch,28518@lxlicen03.cern.ch:/cvmfs/projects.cern.ch/intelsw/psxe/linux/licenses
Intel(R) Parallel Studio XE 2018 Update 2 for Linux*
Copyright (C) 2009-2018 Intel Corporation. All rights reserved.
7421
AMSCommonsI-I-HardwareIdentifiedAs Linux 3.10.0-957.10.1.el7.x86_64 x86_64 2
AMSCommonsI-I-Identified as LittleEndian 64 bit machine. 4294967295
AMSCommonsI-I-amsdatabase /cvmfs/ams.cern.ch/Offline/AMSDataDir/DataBase/
AMSCommonsI-I-MipsFromCPUInfo: 2194.92
AMSCommonsI-I-SystemIdentified as  Intel(R) Xeon(R) CPU E5-2630 v4 @ 2.20GHz
AMSCommonsI-I-ComputerEvaluatedAsMips 3511
AMS Software version v5.02/1220/12 built Fri Apr 19 23:54:38 2019

Geant4  Version 1033
Run ID: 91 Bartel: 51
Input Destination: /eos/ams/user/s/selu/mdst/He122/mdst_60441631.root
Output Destination: /afs/cern.ch/work/c/ctuysuz/private/he_flux/LSF/result_mc_time/time_51/he_flux_51_91.root
Add hist00 from /eos/ams/user/s/selu/mdst/He122/mdst_60441631.root
Start of Init
Use new binning
Start of Eventloop
Ntr, Nent= 1 436882
IsMC= 1
Parameter[0] = -2.74568
Parameter[1] = -3.06682
Parameter[2] = -3.63032
Parameter[3] = -5.60094
Parameter[4] = 0.442954
Parameter[5] = -2.61577
mdfil_info:  10.0%    2 sec CPU:  71.5%
mdfil_info:  20.0%    5 sec CPU:  75.7%
mdfil_info:  30.0%    7 sec CPU:  77.7%
mdfil_info:  40.0%    9 sec CPU:  79.3%
mdfil_info:  50.0%   10 sec CPU:  80.3%
mdfil_info:  60.0%   12 sec CPU:  80.9%
mdfil_info:  70.0%   14 sec CPU:  81.8%
mdfil_info:  80.0%   16 sec CPU:  82.3%
mdfil_info:  90.0%   18 sec CPU:  82.9%
mdfil_info: 100.0%   20 sec CPU:  83.5%
mdfil_info: 100.0%   20 sec CPU:  83.5%
22136
AMSCommonsI-I-HardwareIdentifiedAs Linux 3.10.0-957.10.1.el7.x86_64 x86_64 2
AMSCommonsI-I-Identified as LittleEndian 64 bit machine. 4294967295
AMSCommonsI-I-amsdatabase /cvmfs/ams.cern.ch/Offline/AMSDataDir/DataBase/
AMSCommonsI-I-MipsFromCPUInfo: 2194.92
AMSCommonsI-I-SystemIdentified as  Intel(R) Xeon(R) CPU E5-2630 v4 @ 2.20GHz
AMSCommonsI-I-ComputerEvaluatedAsMips 3511
AMS Software version v5.02/1220/12 built Fri Apr 19 23:54:38 2019

Geant4  Version 1033
Run ID: 273 Bartel: 24
Input Destination: /eos/ams/user/s/selu/mdst/He122/mdst_60441813.root
Output Destination: /afs/cern.ch/work/c/ctuysuz/private/he_flux/LSF/result_mc_time/time_24/he_flux_24_273.root
Add hist00 from /eos/ams/user/s/selu/mdst/He122/mdst_60441813.root
Start of Init
Use new binning
Start of Eventloop
Ntr, Nent= 1 438939
IsMC= 1
Parameter[0] = -2.67347
Parameter[1] = -3.02234
Parameter[2] = -3.59529
Parameter[3] = -5.54139
Parameter[4] = 0.298601
Parameter[5] = -2.30285
mdfil_info:  10.0%    2 sec CPU:  76.7%
mdfil_info:  20.0%    4 sec CPU:  79.6%
mdfil_info:  30.0%    6 sec CPU:  81.6%
mdfil_info:  40.0%    8 sec CPU:  82.7%
mdfil_info:  50.0%   10 sec CPU:  83.5%
mdfil_info:  60.0%   12 sec CPU:  84.5%
mdfil_info:  70.0%   14 sec CPU:  84.9%
mdfil_info:  80.0%   16 sec CPU:  85.1%
mdfil_info:  90.0%   18 sec CPU:  85.5%
mdfil_info: 100.0%   20 sec CPU:  85.9%
mdfil_info: 100.0%   20 sec CPU:  85.9%
36851
AMSCommonsI-I-HardwareIdentifiedAs Linux 3.10.0-957.10.1.el7.x86_64 x86_64 2
AMSCommonsI-I-Identified as LittleEndian 64 bit machine. 4294967295
AMSCommonsI-I-amsdatabase /cvmfs/ams.cern.ch/Offline/AMSDataDir/DataBase/
AMSCommonsI-I-MipsFromCPUInfo: 2194.92
AMSCommonsI-I-SystemIdentified as  Intel(R) Xeon(R) CPU E5-2630 v4 @ 2.20GHz
AMSCommonsI-I-ComputerEvaluatedAsMips 3511
AMS Software version v5.02/1220/12 built Fri Apr 19 23:54:38 2019

Geant4  Version 1033
Run ID: 454 Bartel: 78
Input Destination: /eos/ams/user/s/selu/mdst/He314/mdst_120929854.root
Output Destination: /afs/cern.ch/work/c/ctuysuz/private/he_flux/LSF/result_mc_time/time_78/he_flux_78_454.root
Add hist00 from /eos/ams/user/s/selu/mdst/He314/mdst_120929854.root
Start of Init
Use new binning
Start of Eventloop
Ntr, Nent= 1 122402
IsMC= 1
Parameter[0] = -2.48013
Parameter[1] = -2.9556
Parameter[2] = -3.57501
Parameter[3] = -5.51652
Parameter[4] = -0.0886133
Parameter[5] = -2.33511
mdfil_info:  10.0%    1 sec CPU:  73.9%
mdfil_info:  20.0%    1 sec CPU:  74.3%
mdfil_info:  30.0%    2 sec CPU:  76.7%
mdfil_info:  40.0%    3 sec CPU:  79.3%
mdfil_info:  50.0%    3 sec CPU:  81.4%
mdfil_info:  60.0%    4 sec CPU:  82.7%
mdfil_info:  70.0%    4 sec CPU:  83.7%
mdfil_info:  80.0%    5 sec CPU:  84.5%
mdfil_info:  90.0%    5 sec CPU:  84.6%
mdfil_info: 100.0%    6 sec CPU:  84.9%
mdfil_info: 100.0%    6 sec CPU:  84.9%
