WARN: the 'eosmount' alias is deprecated, please use /eos directly
License ports: 28518@lxlicen01.cern.ch,28518@lxlicen02.cern.ch,28518@lxlicen03.cern.ch:/cvmfs/projects.cern.ch/intelsw/psxe/linux/licenses
Intel(R) Parallel Studio XE 2018 Update 2 for Linux*
Copyright (C) 2009-2018 Intel Corporation. All rights reserved.
3807
AMSCommonsI-I-HardwareIdentifiedAs Linux 3.10.0-957.10.1.el7.x86_64 x86_64 2
AMSCommonsI-I-Identified as LittleEndian 64 bit machine. 4294967295
AMSCommonsI-I-amsdatabase /cvmfs/ams.cern.ch/Offline/AMSDataDir/DataBase/
AMSCommonsI-I-MipsFromCPUInfo: 2194.92
AMSCommonsI-I-SystemIdentified as  Intel(R) Xeon(R) CPU E5-2630 v4 @ 2.20GHz
AMSCommonsI-I-ComputerEvaluatedAsMips 3511
AMS Software version v5.02/1220/12 built Fri Apr 19 23:54:38 2019

Geant4  Version 1033
Run ID: 47 Bartel: 1
Input Destination: /eos/ams/user/s/selu/mdst/He122/mdst_60441586.root
Output Destination: /afs/cern.ch/work/c/ctuysuz/private/he_flux/LSF/result_mc_time/time_1/he_flux_1_47.root
Add hist00 from /eos/ams/user/s/selu/mdst/He122/mdst_60441586.root
Start of Init
Use new binning
Start of Eventloop
Ntr, Nent= 1 440436
IsMC= 1
Parameter[0] = -2.47751
Parameter[1] = -2.72369
Parameter[2] = -3.30093
Parameter[3] = -5.32428
Parameter[4] = 0.816566
Parameter[5] = -2.78591
mdfil_info:  10.0%    2 sec CPU:  96.8%
mdfil_info:  20.0%    4 sec CPU:  97.1%
mdfil_info:  30.0%    6 sec CPU:  97.5%
mdfil_info:  40.0%    8 sec CPU:  95.9%
mdfil_info:  50.0%   10 sec CPU:  96.2%
mdfil_info:  60.0%   13 sec CPU:  95.8%
mdfil_info:  70.0%   15 sec CPU:  95.6%
mdfil_info:  80.0%   17 sec CPU:  95.7%
mdfil_info:  90.0%   19 sec CPU:  95.4%
mdfil_info: 100.0%   21 sec CPU:  95.7%
mdfil_info: 100.0%   21 sec CPU:  95.7%
18522
AMSCommonsI-I-HardwareIdentifiedAs Linux 3.10.0-957.10.1.el7.x86_64 x86_64 2
AMSCommonsI-I-Identified as LittleEndian 64 bit machine. 4294967295
AMSCommonsI-I-amsdatabase /cvmfs/ams.cern.ch/Offline/AMSDataDir/DataBase/
AMSCommonsI-I-MipsFromCPUInfo: 2194.92
AMSCommonsI-I-SystemIdentified as  Intel(R) Xeon(R) CPU E5-2630 v4 @ 2.20GHz
AMSCommonsI-I-ComputerEvaluatedAsMips 3511
AMS Software version v5.02/1220/12 built Fri Apr 19 23:54:38 2019

Geant4  Version 1033
Run ID: 228 Bartel: 55
Input Destination: /eos/ams/user/s/selu/mdst/He122/mdst_60441768.root
Output Destination: /afs/cern.ch/work/c/ctuysuz/private/he_flux/LSF/result_mc_time/time_55/he_flux_55_228.root
Add hist00 from /eos/ams/user/s/selu/mdst/He122/mdst_60441768.root
Start of Init
Use new binning
Start of Eventloop
Ntr, Nent= 1 442747
IsMC= 1
Parameter[0] = -2.74163
Parameter[1] = -3.05076
Parameter[2] = -3.61683
Parameter[3] = -5.57138
Parameter[4] = 0.434624
Parameter[5] = -2.47013
mdfil_info:  10.0%    3 sec CPU:  84.5%
mdfil_info:  20.0%    5 sec CPU:  87.4%
mdfil_info:  30.0%    7 sec CPU:  89.5%
mdfil_info:  40.0%   10 sec CPU:  89.9%
mdfil_info:  50.0%   12 sec CPU:  89.8%
mdfil_info:  60.0%   14 sec CPU:  91.0%
mdfil_info:  70.0%   16 sec CPU:  91.8%
mdfil_info:  80.0%   18 sec CPU:  92.0%
mdfil_info:  90.0%   21 sec CPU:  91.5%
mdfil_info: 100.0%   23 sec CPU:  91.6%
mdfil_info: 100.0%   23 sec CPU:  91.6%
33237
AMSCommonsI-I-HardwareIdentifiedAs Linux 3.10.0-957.10.1.el7.x86_64 x86_64 2
AMSCommonsI-I-Identified as LittleEndian 64 bit machine. 4294967295
AMSCommonsI-I-amsdatabase /cvmfs/ams.cern.ch/Offline/AMSDataDir/DataBase/
AMSCommonsI-I-MipsFromCPUInfo: 2194.92
AMSCommonsI-I-SystemIdentified as  Intel(R) Xeon(R) CPU E5-2630 v4 @ 2.20GHz
AMSCommonsI-I-ComputerEvaluatedAsMips 3511
AMS Software version v5.02/1220/12 built Fri Apr 19 23:54:38 2019

Geant4  Version 1033
Run ID: 410 Bartel: 28
Input Destination: /eos/ams/user/s/selu/mdst/He122/mdst_60442298.root
Output Destination: /afs/cern.ch/work/c/ctuysuz/private/he_flux/LSF/result_mc_time/time_28/he_flux_28_410.root
Add hist00 from /eos/ams/user/s/selu/mdst/He122/mdst_60442298.root
Start of Init
Use new binning
Start of Eventloop
Ntr, Nent= 1 435665
IsMC= 1
Parameter[0] = -2.78708
Parameter[1] = -3.08521
Parameter[2] = -3.63404
Parameter[3] = -5.57737
Parameter[4] = 0.368582
Parameter[5] = -2.54212
mdfil_info:  10.0%    6 sec CPU:  36.2%
mdfil_info:  20.0%   11 sec CPU:  40.8%
mdfil_info:  30.0%   15 sec CPU:  44.4%
mdfil_info:  40.0%   19 sec CPU:  46.8%
mdfil_info:  50.0%   21 sec CPU:  51.1%
mdfil_info:  60.0%   24 sec CPU:  54.7%
mdfil_info:  70.0%   26 sec CPU:  57.7%
mdfil_info:  80.0%   28 sec CPU:  60.2%
mdfil_info:  90.0%   31 sec CPU:  62.0%
mdfil_info: 100.0%   33 sec CPU:  64.2%
mdfil_info: 100.0%   33 sec CPU:  64.2%
