WARN: the 'eosmount' alias is deprecated, please use /eos directly
License ports: 28518@lxlicen01.cern.ch,28518@lxlicen02.cern.ch,28518@lxlicen03.cern.ch:/cvmfs/projects.cern.ch/intelsw/psxe/linux/licenses
Intel(R) Parallel Studio XE 2018 Update 2 for Linux*
Copyright (C) 2009-2018 Intel Corporation. All rights reserved.
9537
AMSCommonsI-I-HardwareIdentifiedAs Linux 3.10.0-957.10.1.el7.x86_64 x86_64 2
AMSCommonsI-I-Identified as LittleEndian 64 bit machine. 4294967295
AMSCommonsI-I-amsdatabase /cvmfs/ams.cern.ch/Offline/AMSDataDir/DataBase/
AMSCommonsI-I-MipsFromCPUInfo: 2195.1
AMSCommonsI-I-SystemIdentified as  Intel(R) Xeon(R) CPU E5-2630 v4 @ 2.20GHz
AMSCommonsI-I-ComputerEvaluatedAsMips 3512
AMS Software version v5.02/1220/12 built Fri Apr 19 23:54:38 2019

Geant4  Version 1033
Run ID: 117 Bartel: 61
Input Destination: /eos/ams/user/s/selu/mdst/He122/mdst_60441657.root
Output Destination: /afs/cern.ch/work/c/ctuysuz/private/he_flux/LSF/result_mc_time/time_61/he_flux_61_117.root
Add hist00 from /eos/ams/user/s/selu/mdst/He122/mdst_60441657.root
Start of Init
Use new binning
Start of Eventloop
Ntr, Nent= 1 437254
IsMC= 1
Parameter[0] = -2.66257
Parameter[1] = -3.02879
Parameter[2] = -3.60772
Parameter[3] = -5.54397
Parameter[4] = 0.208408
Parameter[5] = -2.47782
mdfil_info:  10.0%    4 sec CPU:  63.3%
mdfil_info:  20.0%    6 sec CPU:  68.9%
mdfil_info:  30.0%    9 sec CPU:  70.6%
mdfil_info:  40.0%   11 sec CPU:  71.9%
mdfil_info:  50.0%   14 sec CPU:  72.4%
mdfil_info:  60.0%   16 sec CPU:  73.2%
mdfil_info:  70.0%   19 sec CPU:  74.0%
mdfil_info:  80.0%   21 sec CPU:  75.1%
mdfil_info:  90.0%   23 sec CPU:  76.0%
mdfil_info: 100.0%   25 sec CPU:  76.2%
mdfil_info: 100.0%   25 sec CPU:  76.2%
24252
AMSCommonsI-I-HardwareIdentifiedAs Linux 3.10.0-957.10.1.el7.x86_64 x86_64 2
AMSCommonsI-I-Identified as LittleEndian 64 bit machine. 4294967295
AMSCommonsI-I-amsdatabase /cvmfs/ams.cern.ch/Offline/AMSDataDir/DataBase/
AMSCommonsI-I-MipsFromCPUInfo: 2195.1
AMSCommonsI-I-SystemIdentified as  Intel(R) Xeon(R) CPU E5-2630 v4 @ 2.20GHz
AMSCommonsI-I-ComputerEvaluatedAsMips 3512
AMS Software version v5.02/1220/12 built Fri Apr 19 23:54:38 2019

Geant4  Version 1033
Run ID: 299 Bartel: 34
Input Destination: /eos/ams/user/s/selu/mdst/He122/mdst_60441839.root
Output Destination: /afs/cern.ch/work/c/ctuysuz/private/he_flux/LSF/result_mc_time/time_34/he_flux_34_299.root
Add hist00 from /eos/ams/user/s/selu/mdst/He122/mdst_60441839.root
Start of Init
Use new binning
Start of Eventloop
Ntr, Nent= 1 435047
IsMC= 1
Parameter[0] = -2.72052
Parameter[1] = -2.99045
Parameter[2] = -3.54577
Parameter[3] = -5.51973
Parameter[4] = 0.499199
Parameter[5] = -2.55339
mdfil_info:  10.0%   18 sec CPU:  12.2%
mdfil_info:  20.0%   26 sec CPU:  16.7%
mdfil_info:  30.0%   39 sec CPU:  16.2%
mdfil_info:  40.0%   47 sec CPU:  17.9%
mdfil_info:  50.0%   55 sec CPU:  19.2%
mdfil_info:  60.0%   61 sec CPU:  20.4%
mdfil_info:  70.0%   67 sec CPU:  21.5%
mdfil_info:  80.0%   74 sec CPU:  21.8%
mdfil_info:  90.0%   80 sec CPU:  22.7%
mdfil_info: 100.0%   85 sec CPU:  23.5%
mdfil_info: 100.0%   85 sec CPU:  23.5%
38967
AMSCommonsI-I-HardwareIdentifiedAs Linux 3.10.0-957.10.1.el7.x86_64 x86_64 2
AMSCommonsI-I-Identified as LittleEndian 64 bit machine. 4294967295
AMSCommonsI-I-amsdatabase /cvmfs/ams.cern.ch/Offline/AMSDataDir/DataBase/
AMSCommonsI-I-MipsFromCPUInfo: 2195.1
AMSCommonsI-I-SystemIdentified as  Intel(R) Xeon(R) CPU E5-2630 v4 @ 2.20GHz
AMSCommonsI-I-ComputerEvaluatedAsMips 3512
AMS Software version v5.02/1220/12 built Fri Apr 19 23:54:38 2019

Geant4  Version 1033
Run ID: 481 Bartel: 7
Input Destination: /eos/ams/user/s/selu/mdst/He314/mdst_120929881.root
Output Destination: /afs/cern.ch/work/c/ctuysuz/private/he_flux/LSF/result_mc_time/time_7/he_flux_7_481.root
Add hist00 from /eos/ams/user/s/selu/mdst/He314/mdst_120929881.root
Start of Init
Use new binning
Start of Eventloop
Ntr, Nent= 1 122058
IsMC= 1
Parameter[0] = -2.6167
Parameter[1] = -3.01884
Parameter[2] = -3.60527
Parameter[3] = -5.52044
Parameter[4] = 0.00890243
Parameter[5] = -2.31265
mdfil_info:  10.0%    1 sec CPU:  72.5%
mdfil_info:  20.0%    2 sec CPU:  74.2%
mdfil_info:  30.0%    2 sec CPU:  75.1%
mdfil_info:  40.0%    3 sec CPU:  77.3%
mdfil_info:  50.0%    3 sec CPU:  79.7%
mdfil_info:  60.0%    4 sec CPU:  80.9%
mdfil_info:  70.0%    5 sec CPU:  81.9%
mdfil_info:  80.0%    5 sec CPU:  82.4%
mdfil_info:  90.0%    6 sec CPU:  83.2%
mdfil_info: 100.0%    6 sec CPU:  83.2%
mdfil_info: 100.0%    6 sec CPU:  83.2%
