WARN: the 'eosmount' alias is deprecated, please use /eos directly
License ports: 28518@lxlicen01.cern.ch,28518@lxlicen02.cern.ch,28518@lxlicen03.cern.ch:/cvmfs/projects.cern.ch/intelsw/psxe/linux/licenses
Intel(R) Parallel Studio XE 2018 Update 2 for Linux*
Copyright (C) 2009-2018 Intel Corporation. All rights reserved.
1512
AMSCommonsI-I-HardwareIdentifiedAs Linux 3.10.0-957.10.1.el7.x86_64 x86_64 2
AMSCommonsI-I-Identified as LittleEndian 64 bit machine. 4294967295
AMSCommonsI-I-amsdatabase /cvmfs/ams.cern.ch/Offline/AMSDataDir/DataBase/
AMSCommonsI-I-MipsFromCPUInfo: 2194.92
AMSCommonsI-I-SystemIdentified as  Intel(R) Xeon(R) CPU E5-2630 v4 @ 2.20GHz
AMSCommonsI-I-ComputerEvaluatedAsMips 3511
AMS Software version v5.02/1220/12 built Fri Apr 19 23:54:38 2019

Geant4  Version 1033
Run ID: 18 Bartel: 55
Input Destination: /eos/ams/user/s/selu/mdst/He122/mdst_60441557.root
Output Destination: /afs/cern.ch/work/c/ctuysuz/private/he_flux/LSF/result_mc_time/time_55/he_flux_55_18.root
Add hist00 from /eos/ams/user/s/selu/mdst/He122/mdst_60441557.root
Start of Init
Use new binning
Start of Eventloop
Ntr, Nent= 1 433009
IsMC= 1
Parameter[0] = -2.74163
Parameter[1] = -3.05076
Parameter[2] = -3.61683
Parameter[3] = -5.57138
Parameter[4] = 0.434624
Parameter[5] = -2.47013
mdfil_info:  10.0%    3 sec CPU:  73.5%
mdfil_info:  20.0%    5 sec CPU:  80.3%
mdfil_info:  30.0%    7 sec CPU:  82.4%
mdfil_info:  40.0%    9 sec CPU:  83.6%
mdfil_info:  50.0%   11 sec CPU:  84.5%
mdfil_info:  60.0%   13 sec CPU:  85.1%
mdfil_info:  70.0%   15 sec CPU:  85.4%
mdfil_info:  80.0%   18 sec CPU:  85.6%
mdfil_info:  90.0%   20 sec CPU:  85.8%
mdfil_info: 100.0%   22 sec CPU:  86.0%
mdfil_info: 100.0%   22 sec CPU:  86.0%
16227
AMSCommonsI-I-HardwareIdentifiedAs Linux 3.10.0-957.10.1.el7.x86_64 x86_64 2
AMSCommonsI-I-Identified as LittleEndian 64 bit machine. 4294967295
AMSCommonsI-I-amsdatabase /cvmfs/ams.cern.ch/Offline/AMSDataDir/DataBase/
AMSCommonsI-I-MipsFromCPUInfo: 2194.92
AMSCommonsI-I-SystemIdentified as  Intel(R) Xeon(R) CPU E5-2630 v4 @ 2.20GHz
AMSCommonsI-I-ComputerEvaluatedAsMips 3511
AMS Software version v5.02/1220/12 built Fri Apr 19 23:54:38 2019

Geant4  Version 1033
Run ID: 200 Bartel: 28
Input Destination: /eos/ams/user/s/selu/mdst/He122/mdst_60441740.root
Output Destination: /afs/cern.ch/work/c/ctuysuz/private/he_flux/LSF/result_mc_time/time_28/he_flux_28_200.root
Add hist00 from /eos/ams/user/s/selu/mdst/He122/mdst_60441740.root
Start of Init
Use new binning
Start of Eventloop
Ntr, Nent= 1 439491
IsMC= 1
Parameter[0] = -2.78708
Parameter[1] = -3.08521
Parameter[2] = -3.63404
Parameter[3] = -5.57737
Parameter[4] = 0.368582
Parameter[5] = -2.54212
mdfil_info:  10.0%   21 sec CPU:  11.1%
mdfil_info:  20.0%   28 sec CPU:  15.9%
mdfil_info:  30.0%   36 sec CPU:  18.7%
mdfil_info:  40.0%   43 sec CPU:  20.7%
mdfil_info:  50.0%   50 sec CPU:  21.9%
mdfil_info:  60.0%   58 sec CPU:  22.7%
mdfil_info:  70.0%   64 sec CPU:  23.6%
mdfil_info:  80.0%   71 sec CPU:  24.1%
mdfil_info:  90.0%   79 sec CPU:  24.4%
mdfil_info: 100.0%   86 sec CPU:  24.9%
mdfil_info: 100.0%   86 sec CPU:  24.9%
30942
AMSCommonsI-I-HardwareIdentifiedAs Linux 3.10.0-957.10.1.el7.x86_64 x86_64 2
AMSCommonsI-I-Identified as LittleEndian 64 bit machine. 4294967295
AMSCommonsI-I-amsdatabase /cvmfs/ams.cern.ch/Offline/AMSDataDir/DataBase/
AMSCommonsI-I-MipsFromCPUInfo: 2194.92
AMSCommonsI-I-SystemIdentified as  Intel(R) Xeon(R) CPU E5-2630 v4 @ 2.20GHz
AMSCommonsI-I-ComputerEvaluatedAsMips 3511
AMS Software version v5.02/1220/12 built Fri Apr 19 23:54:38 2019

Geant4  Version 1033
Run ID: 382 Bartel: 1
Input Destination: /eos/ams/user/s/selu/mdst/He122/mdst_60442270.root
Output Destination: /afs/cern.ch/work/c/ctuysuz/private/he_flux/LSF/result_mc_time/time_1/he_flux_1_382.root
Add hist00 from /eos/ams/user/s/selu/mdst/He122/mdst_60442270.root
Start of Init
Use new binning
Start of Eventloop
Ntr, Nent= 1 394779
IsMC= 1
Parameter[0] = -2.47751
Parameter[1] = -2.72369
Parameter[2] = -3.30093
Parameter[3] = -5.32428
Parameter[4] = 0.816566
Parameter[5] = -2.78591
mdfil_info:  10.0%    6 sec CPU:  34.5%
mdfil_info:  20.0%    9 sec CPU:  41.3%
mdfil_info:  30.0%   13 sec CPU:  43.4%
mdfil_info:  40.0%   18 sec CPU:  42.4%
mdfil_info:  50.0%   21 sec CPU:  45.7%
mdfil_info:  60.0%   24 sec CPU:  47.7%
mdfil_info:  70.0%   27 sec CPU:  48.1%
mdfil_info:  80.0%   30 sec CPU:  49.6%
mdfil_info:  90.0%   35 sec CPU:  48.9%
mdfil_info: 100.0%   38 sec CPU:  49.2%
mdfil_info: 100.0%   38 sec CPU:  49.2%
