WARN: the 'eosmount' alias is deprecated, please use /eos directly
License ports: 28518@lxlicen01.cern.ch,28518@lxlicen02.cern.ch,28518@lxlicen03.cern.ch:/cvmfs/projects.cern.ch/intelsw/psxe/linux/licenses
Intel(R) Parallel Studio XE 2018 Update 2 for Linux*
Copyright (C) 2009-2018 Intel Corporation. All rights reserved.
14449
AMSCommonsI-I-HardwareIdentifiedAs Linux 3.10.0-957.12.1.el7.x86_64 x86_64 2
AMSCommonsI-I-Identified as LittleEndian 64 bit machine. 4294967295
AMSCommonsI-I-amsdatabase /cvmfs/ams.cern.ch/Offline/AMSDataDir/DataBase/
AMSCommonsI-I-MipsFromCPUInfo: 2194.92
AMSCommonsI-I-SystemIdentified as  Intel(R) Xeon(R) CPU E5-2630 v4 @ 2.20GHz
AMSCommonsI-I-ComputerEvaluatedAsMips 3511
AMS Software version v5.02/1220/12 built Fri Apr 19 23:54:38 2019

Geant4  Version 1033
Run ID: 178 Bartel: 32
Input Destination: /eos/ams/user/s/selu/mdst/He122/mdst_60441718.root
Output Destination: /afs/cern.ch/work/c/ctuysuz/private/he_flux/LSF/result_mc_time/time_32/he_flux_32_178.root
Add hist00 from /eos/ams/user/s/selu/mdst/He122/mdst_60441718.root
Start of Init
Use new binning
Start of Eventloop
Ntr, Nent= 1 437636
IsMC= 1
Parameter[0] = -2.77785
Parameter[1] = -3.05134
Parameter[2] = -3.60147
Parameter[3] = -5.53079
Parameter[4] = 0.319411
Parameter[5] = -2.38899
mdfil_info:  10.0%   16 sec CPU:  12.1%
mdfil_info:  20.0%   21 sec CPU:  17.3%
mdfil_info:  30.0%   29 sec CPU:  17.8%
mdfil_info:  40.0%   37 sec CPU:  19.0%
mdfil_info:  50.0%   42 sec CPU:  20.6%
mdfil_info:  60.0%   49 sec CPU:  21.8%
mdfil_info:  70.0%   55 sec CPU:  22.6%
mdfil_info:  80.0%   61 sec CPU:  23.5%
mdfil_info:  90.0%   69 sec CPU:  23.7%
mdfil_info: 100.0%   74 sec CPU:  24.1%
mdfil_info: 100.0%   74 sec CPU:  24.1%
29164
AMSCommonsI-I-HardwareIdentifiedAs Linux 3.10.0-957.12.1.el7.x86_64 x86_64 2
AMSCommonsI-I-Identified as LittleEndian 64 bit machine. 4294967295
AMSCommonsI-I-amsdatabase /cvmfs/ams.cern.ch/Offline/AMSDataDir/DataBase/
AMSCommonsI-I-MipsFromCPUInfo: 2194.92
AMSCommonsI-I-SystemIdentified as  Intel(R) Xeon(R) CPU E5-2630 v4 @ 2.20GHz
AMSCommonsI-I-ComputerEvaluatedAsMips 3511
AMS Software version v5.02/1220/12 built Fri Apr 19 23:54:38 2019

Geant4  Version 1033
Run ID: 360 Bartel: 5
Input Destination: /eos/ams/user/s/selu/mdst/He122/mdst_60442248.root
Output Destination: /afs/cern.ch/work/c/ctuysuz/private/he_flux/LSF/result_mc_time/time_5/he_flux_5_360.root
Add hist00 from /eos/ams/user/s/selu/mdst/He122/mdst_60442248.root
Start of Init
Use new binning
Start of Eventloop
Ntr, Nent= 1 434103
IsMC= 1
Parameter[0] = -2.62631
Parameter[1] = -3.02179
Parameter[2] = -3.60875
Parameter[3] = -5.5302
Parameter[4] = 0.0850909
Parameter[5] = -2.38189
mdfil_info:  10.0%  135 sec CPU:   1.3%
mdfil_info:  20.0%  179 sec CPU:   1.9%
mdfil_info:  30.0%  217 sec CPU:   2.3%
mdfil_info:  40.0%  258 sec CPU:   2.6%
mdfil_info:  50.0%  331 sec CPU:   2.5%
mdfil_info:  60.0%  369 sec CPU:   2.7%
mdfil_info:  70.0%  418 sec CPU:   2.8%
mdfil_info:  80.0%  473 sec CPU:   2.8%
mdfil_info:  90.0%  509 sec CPU:   2.9%
mdfil_info: 100.0%  541 sec CPU:   3.0%
mdfil_info: 100.0%  541 sec CPU:   3.0%
43879
AMSCommonsI-I-HardwareIdentifiedAs Linux 3.10.0-957.12.1.el7.x86_64 x86_64 2
AMSCommonsI-I-Identified as LittleEndian 64 bit machine. 4294967295
AMSCommonsI-I-amsdatabase /cvmfs/ams.cern.ch/Offline/AMSDataDir/DataBase/
AMSCommonsI-I-MipsFromCPUInfo: 2194.92
AMSCommonsI-I-SystemIdentified as  Intel(R) Xeon(R) CPU E5-2630 v4 @ 2.20GHz
AMSCommonsI-I-ComputerEvaluatedAsMips 3511
AMS Software version v5.02/1220/12 built Fri Apr 19 23:54:38 2019

Geant4  Version 1033
Run ID: 541 Bartel: 59
Input Destination: /eos/ams/user/s/selu/mdst/He314/mdst_120929946.root
Output Destination: /afs/cern.ch/work/c/ctuysuz/private/he_flux/LSF/result_mc_time/time_59/he_flux_59_541.root
Add hist00 from /eos/ams/user/s/selu/mdst/He314/mdst_120929946.root
Start of Init
Use new binning
Start of Eventloop
Ntr, Nent= 1 98080
IsMC= 1
Parameter[0] = -2.68656
Parameter[1] = -3.03432
Parameter[2] = -3.61157
Parameter[3] = -5.53634
Parameter[4] = 0.355938
Parameter[5] = -2.28628
mdfil_info:  10.0%    1 sec CPU:  66.5%
mdfil_info:  20.0%    1 sec CPU:  66.2%
mdfil_info:  30.0%    2 sec CPU:  67.4%
mdfil_info:  40.0%    2 sec CPU:  68.9%
mdfil_info:  50.0%    3 sec CPU:  71.7%
mdfil_info:  60.0%    3 sec CPU:  73.6%
mdfil_info:  70.0%    4 sec CPU:  73.8%
mdfil_info:  80.0%    4 sec CPU:  75.1%
mdfil_info:  90.0%    4 sec CPU:  75.9%
mdfil_info: 100.0%    5 sec CPU:  76.8%
