WARN: the 'eosmount' alias is deprecated, please use /eos directly
License ports: 28518@lxlicen01.cern.ch,28518@lxlicen02.cern.ch,28518@lxlicen03.cern.ch:/cvmfs/projects.cern.ch/intelsw/psxe/linux/licenses
Intel(R) Parallel Studio XE 2018 Update 2 for Linux*
Copyright (C) 2009-2018 Intel Corporation. All rights reserved.
5393
AMSCommonsI-I-HardwareIdentifiedAs Linux 3.10.0-957.12.2.el7.x86_64 x86_64 2
AMSCommonsI-I-Identified as LittleEndian 64 bit machine. 4294967295
AMSCommonsI-I-amsdatabase /cvmfs/ams.cern.ch/Offline/AMSDataDir/DataBase/
AMSCommonsI-I-MipsFromCPUInfo: 2394.45
AMSCommonsI-I-SystemIdentified as  Intel(R) Xeon(R) CPU E5-2630 v3 @ 2.40GHz
AMSCommonsI-I-ComputerEvaluatedAsMips 3831
AMS Software version v5.02/1220/12 built Fri Apr 19 23:54:38 2019

Geant4  Version 1033
Run ID: 66 Bartel: 48
20108
AMSCommonsI-I-HardwareIdentifiedAs Linux 3.10.0-957.12.2.el7.x86_64 x86_64 2
AMSCommonsI-I-Identified as LittleEndian 64 bit machine. 4294967295
AMSCommonsI-I-amsdatabase /cvmfs/ams.cern.ch/Offline/AMSDataDir/DataBase/
AMSCommonsI-I-MipsFromCPUInfo: 2394.45
AMSCommonsI-I-SystemIdentified as  Intel(R) Xeon(R) CPU E5-2630 v3 @ 2.40GHz
AMSCommonsI-I-ComputerEvaluatedAsMips 3831
AMS Software version v5.02/1220/12 built Fri Apr 19 23:54:38 2019

Geant4  Version 1033
Run ID: 248 Bartel: 21
Input Destination: /eos/ams/user/s/selu/mdst/He122/mdst_60441788.root
Output Destination: /afs/cern.ch/work/c/ctuysuz/private/he_flux/LSF/result_mc_time/time_21/he_flux_21_248.root
Add hist00 from /eos/ams/user/s/selu/mdst/He122/mdst_60441788.root
Start of Init
Use new binning
Start of Eventloop
Ntr, Nent= 1 425237
IsMC= 1
Parameter[0] = -2.71679
Parameter[1] = -3.04446
Parameter[2] = -3.60361
Parameter[3] = -5.54759
Parameter[4] = 0.211822
Parameter[5] = -2.44359
mdfil_info:  10.0%    4 sec CPU:  49.2%
mdfil_info:  20.0%    7 sec CPU:  50.4%
mdfil_info:  30.0%    9 sec CPU:  52.7%
mdfil_info:  40.0%   13 sec CPU:  51.0%
mdfil_info:  50.0%   17 sec CPU:  48.1%
mdfil_info:  60.0%   22 sec CPU:  44.4%
mdfil_info:  70.0%   29 sec CPU:  39.2%
mdfil_info:  80.0%   32 sec CPU:  40.8%
mdfil_info:  90.0%   34 sec CPU:  43.0%
mdfil_info: 100.0%   36 sec CPU:  45.1%
mdfil_info: 100.0%   36 sec CPU:  45.1%
34823
AMSCommonsI-I-HardwareIdentifiedAs Linux 3.10.0-957.12.2.el7.x86_64 x86_64 2
AMSCommonsI-I-Identified as LittleEndian 64 bit machine. 4294967295
AMSCommonsI-I-amsdatabase /cvmfs/ams.cern.ch/Offline/AMSDataDir/DataBase/
AMSCommonsI-I-MipsFromCPUInfo: 2394.45
AMSCommonsI-I-SystemIdentified as  Intel(R) Xeon(R) CPU E5-2630 v3 @ 2.40GHz
AMSCommonsI-I-ComputerEvaluatedAsMips 3831
AMS Software version v5.02/1220/12 built Fri Apr 19 23:54:38 2019

Geant4  Version 1033
Run ID: 429 Bartel: 75
Input Destination: /eos/ams/user/s/selu/mdst/He122/mdst_60442317.root
Output Destination: /afs/cern.ch/work/c/ctuysuz/private/he_flux/LSF/result_mc_time/time_75/he_flux_75_429.root
Add hist00 from /eos/ams/user/s/selu/mdst/He122/mdst_60442317.root
Start of Init
Use new binning
Start of Eventloop
Ntr, Nent= 1 430847
IsMC= 1
Parameter[0] = -2.49754
Parameter[1] = -2.96284
Parameter[2] = -3.58257
Parameter[3] = -5.52327
Parameter[4] = -0.0264443
Parameter[5] = -2.34842
mdfil_info:  10.0%    2 sec CPU:  70.2%
mdfil_info:  20.0%    4 sec CPU:  73.2%
mdfil_info:  30.0%    6 sec CPU:  75.3%
mdfil_info:  40.0%    8 sec CPU:  76.3%
mdfil_info:  50.0%   10 sec CPU:  76.8%
mdfil_info:  60.0%   12 sec CPU:  77.7%
mdfil_info:  70.0%   14 sec CPU:  78.4%
mdfil_info:  80.0%   16 sec CPU:  78.7%
mdfil_info:  90.0%   18 sec CPU:  78.9%
mdfil_info: 100.0%   20 sec CPU:  78.8%
mdfil_info: 100.0%   20 sec CPU:  78.8%
