WARN: the 'eosmount' alias is deprecated, please use /eos directly
License ports: 28518@lxlicen01.cern.ch,28518@lxlicen02.cern.ch,28518@lxlicen03.cern.ch:/cvmfs/projects.cern.ch/intelsw/psxe/linux/licenses
Intel(R) Parallel Studio XE 2018 Update 2 for Linux*
Copyright (C) 2009-2018 Intel Corporation. All rights reserved.
11788
AMSCommonsI-I-HardwareIdentifiedAs Linux 3.10.0-957.12.1.el7.x86_64 x86_64 2
AMSCommonsI-I-Identified as LittleEndian 64 bit machine. 4294967295
AMSCommonsI-I-amsdatabase /cvmfs/ams.cern.ch/Offline/AMSDataDir/DataBase/
AMSCommonsI-I-MipsFromCPUInfo: 2194.92
AMSCommonsI-I-SystemIdentified as  Intel(R) Xeon(R) CPU E5-2630 v4 @ 2.20GHz
AMSCommonsI-I-ComputerEvaluatedAsMips 3511
AMS Software version v5.02/1220/12 built Fri Apr 19 23:54:38 2019

Geant4  Version 1033
Run ID: 145 Bartel: 44
Input Destination: /eos/ams/user/s/selu/mdst/He122/mdst_60441685.root
Output Destination: /afs/cern.ch/work/c/ctuysuz/private/he_flux/LSF/result_mc_time/time_44/he_flux_44_145.root
Add hist00 from /eos/ams/user/s/selu/mdst/He122/mdst_60441685.root
Start of Init
Use new binning
Start of Eventloop
Ntr, Nent= 1 435184
IsMC= 1
Parameter[0] = -2.74861
Parameter[1] = -3.04436
Parameter[2] = -3.60474
Parameter[3] = -5.57371
Parameter[4] = 0.412165
Parameter[5] = -2.55999
mdfil_info:  10.0%    2 sec CPU:  77.4%
mdfil_info:  20.0%    4 sec CPU:  82.6%
mdfil_info:  30.0%    6 sec CPU:  84.5%
mdfil_info:  40.0%    7 sec CPU:  85.2%
mdfil_info:  50.0%    9 sec CPU:  85.1%
mdfil_info:  60.0%   11 sec CPU:  84.8%
mdfil_info:  70.0%   13 sec CPU:  83.2%
mdfil_info:  80.0%   15 sec CPU:  82.2%
mdfil_info:  90.0%   17 sec CPU:  81.0%
mdfil_info: 100.0%   19 sec CPU:  79.2%
mdfil_info: 100.0%   19 sec CPU:  79.2%
26503
AMSCommonsI-I-HardwareIdentifiedAs Linux 3.10.0-957.12.1.el7.x86_64 x86_64 2
AMSCommonsI-I-Identified as LittleEndian 64 bit machine. 4294967295
AMSCommonsI-I-amsdatabase /cvmfs/ams.cern.ch/Offline/AMSDataDir/DataBase/
AMSCommonsI-I-MipsFromCPUInfo: 2194.92
AMSCommonsI-I-SystemIdentified as  Intel(R) Xeon(R) CPU E5-2630 v4 @ 2.20GHz
AMSCommonsI-I-ComputerEvaluatedAsMips 3511
AMS Software version v5.02/1220/12 built Fri Apr 19 23:54:38 2019

Geant4  Version 1033
Run ID: 327 Bartel: 17
Input Destination: /eos/ams/user/s/selu/mdst/He122/mdst_60441867.root
Output Destination: /afs/cern.ch/work/c/ctuysuz/private/he_flux/LSF/result_mc_time/time_17/he_flux_17_327.root
Add hist00 from /eos/ams/user/s/selu/mdst/He122/mdst_60441867.root
Start of Init
Use new binning
Start of Eventloop
Ntr, Nent= 1 440092
IsMC= 1
Parameter[0] = -2.73465
Parameter[1] = -3.05909
Parameter[2] = -3.61586
Parameter[3] = -5.54961
Parameter[4] = 0.318406
Parameter[5] = -2.36477
mdfil_info:  10.0%    2 sec CPU:  77.1%
mdfil_info:  20.0%    4 sec CPU:  83.2%
mdfil_info:  30.0%    6 sec CPU:  84.6%
mdfil_info:  40.0%    8 sec CPU:  86.0%
mdfil_info:  50.0%    9 sec CPU:  87.2%
mdfil_info:  60.0%   11 sec CPU:  88.0%
mdfil_info:  70.0%   13 sec CPU:  88.3%
mdfil_info:  80.0%   15 sec CPU:  88.7%
mdfil_info:  90.0%   17 sec CPU:  88.7%
mdfil_info: 100.0%   18 sec CPU:  88.6%
mdfil_info: 100.0%   18 sec CPU:  88.6%
41218
AMSCommonsI-I-HardwareIdentifiedAs Linux 3.10.0-957.12.1.el7.x86_64 x86_64 2
AMSCommonsI-I-Identified as LittleEndian 64 bit machine. 4294967295
AMSCommonsI-I-amsdatabase /cvmfs/ams.cern.ch/Offline/AMSDataDir/DataBase/
AMSCommonsI-I-MipsFromCPUInfo: 2194.92
AMSCommonsI-I-SystemIdentified as  Intel(R) Xeon(R) CPU E5-2630 v4 @ 2.20GHz
AMSCommonsI-I-ComputerEvaluatedAsMips 3511
AMS Software version v5.02/1220/12 built Fri Apr 19 23:54:38 2019

Geant4  Version 1033
Run ID: 508 Bartel: 71
Input Destination: /eos/ams/user/s/selu/mdst/He314/mdst_120929909.root
Output Destination: /afs/cern.ch/work/c/ctuysuz/private/he_flux/LSF/result_mc_time/time_71/he_flux_71_508.root
Add hist00 from /eos/ams/user/s/selu/mdst/He314/mdst_120929909.root
Start of Init
Use new binning
Start of Eventloop
Ntr, Nent= 1 120701
IsMC= 1
Parameter[0] = -2.54894
Parameter[1] = -2.98273
Parameter[2] = -3.58454
Parameter[3] = -5.47731
Parameter[4] = 0.0989745
Parameter[5] = -2.00648
mdfil_info:  10.0%    1 sec CPU:  69.7%
mdfil_info:  20.0%    2 sec CPU:  45.5%
mdfil_info:  30.0%    3 sec CPU:  42.4%
mdfil_info:  40.0%    4 sec CPU:  46.1%
mdfil_info:  50.0%    5 sec CPU:  47.2%
mdfil_info:  60.0%    6 sec CPU:  48.5%
mdfil_info:  70.0%    7 sec CPU:  48.8%
mdfil_info:  80.0%    7 sec CPU:  50.1%
mdfil_info:  90.0%    8 sec CPU:  50.4%
mdfil_info: 100.0%    9 sec CPU:  50.7%
mdfil_info: 100.0%    9 sec CPU:  50.8%
