WARN: the 'eosmount' alias is deprecated, please use /eos directly
License ports: 28518@lxlicen01.cern.ch,28518@lxlicen02.cern.ch,28518@lxlicen03.cern.ch:/cvmfs/projects.cern.ch/intelsw/psxe/linux/licenses
Intel(R) Parallel Studio XE 2018 Update 2 for Linux*
Copyright (C) 2009-2018 Intel Corporation. All rights reserved.
9018
AMSCommonsI-I-HardwareIdentifiedAs Linux 3.10.0-957.10.1.el7.x86_64 x86_64 2
AMSCommonsI-I-Identified as LittleEndian 64 bit machine. 4294967295
AMSCommonsI-I-amsdatabase /cvmfs/ams.cern.ch/Offline/AMSDataDir/DataBase/
AMSCommonsI-I-MipsFromCPUInfo: 2194.92
AMSCommonsI-I-SystemIdentified as  Intel(R) Xeon(R) CPU E5-2630 v4 @ 2.20GHz
AMSCommonsI-I-ComputerEvaluatedAsMips 3511
AMS Software version v5.02/1220/12 built Fri Apr 19 23:54:38 2019

Geant4  Version 1033
Run ID: 111 Bartel: 28
Input Destination: /eos/ams/user/s/selu/mdst/He122/mdst_60441651.root
Output Destination: /afs/cern.ch/work/c/ctuysuz/private/he_flux/LSF/result_mc_time/time_28/he_flux_28_111.root
Add hist00 from /eos/ams/user/s/selu/mdst/He122/mdst_60441651.root
Start of Init
Use new binning
Start of Eventloop
Ntr, Nent= 1 441293
IsMC= 1
Parameter[0] = -2.78708
Parameter[1] = -3.08521
Parameter[2] = -3.63404
Parameter[3] = -5.57737
Parameter[4] = 0.368582
Parameter[5] = -2.54212
mdfil_info:  10.0%   20 sec CPU:  11.3%
mdfil_info:  20.0%   27 sec CPU:  16.5%
mdfil_info:  30.0%   35 sec CPU:  18.7%
mdfil_info:  40.0%   42 sec CPU:  20.1%
mdfil_info:  50.0%   50 sec CPU:  21.2%
mdfil_info:  60.0%   57 sec CPU:  21.9%
mdfil_info:  70.0%   63 sec CPU:  23.3%
mdfil_info:  80.0%   70 sec CPU:  23.8%
mdfil_info:  90.0%   77 sec CPU:  24.4%
mdfil_info: 100.0%   84 sec CPU:  24.6%
mdfil_info: 100.0%   84 sec CPU:  24.6%
23733
AMSCommonsI-I-HardwareIdentifiedAs Linux 3.10.0-957.10.1.el7.x86_64 x86_64 2
AMSCommonsI-I-Identified as LittleEndian 64 bit machine. 4294967295
AMSCommonsI-I-amsdatabase /cvmfs/ams.cern.ch/Offline/AMSDataDir/DataBase/
AMSCommonsI-I-MipsFromCPUInfo: 2194.92
AMSCommonsI-I-SystemIdentified as  Intel(R) Xeon(R) CPU E5-2630 v4 @ 2.20GHz
AMSCommonsI-I-ComputerEvaluatedAsMips 3511
AMS Software version v5.02/1220/12 built Fri Apr 19 23:54:38 2019

Geant4  Version 1033
Run ID: 293 Bartel: 1
Input Destination: /eos/ams/user/s/selu/mdst/He122/mdst_60441833.root
Output Destination: /afs/cern.ch/work/c/ctuysuz/private/he_flux/LSF/result_mc_time/time_1/he_flux_1_293.root
Add hist00 from /eos/ams/user/s/selu/mdst/He122/mdst_60441833.root
Start of Init
Use new binning
Start of Eventloop
Ntr, Nent= 1 437833
IsMC= 1
Parameter[0] = -2.47751
Parameter[1] = -2.72369
Parameter[2] = -3.30093
Parameter[3] = -5.32428
Parameter[4] = 0.816566
Parameter[5] = -2.78591
mdfil_info:  10.0%   28 sec CPU:   8.1%
mdfil_info:  20.0%   42 sec CPU:  10.2%
mdfil_info:  30.0%   53 sec CPU:  12.1%
mdfil_info:  40.0%   66 sec CPU:  12.7%
mdfil_info:  50.0%   77 sec CPU:  13.7%
mdfil_info:  60.0%   87 sec CPU:  14.5%
mdfil_info:  70.0%   99 sec CPU:  14.8%
mdfil_info:  80.0%  109 sec CPU:  15.4%
mdfil_info:  90.0%  121 sec CPU:  15.5%
mdfil_info: 100.0%  132 sec CPU:  15.8%
mdfil_info: 100.0%  132 sec CPU:  15.8%
38448
AMSCommonsI-I-HardwareIdentifiedAs Linux 3.10.0-957.10.1.el7.x86_64 x86_64 2
AMSCommonsI-I-Identified as LittleEndian 64 bit machine. 4294967295
AMSCommonsI-I-amsdatabase /cvmfs/ams.cern.ch/Offline/AMSDataDir/DataBase/
AMSCommonsI-I-MipsFromCPUInfo: 2194.92
AMSCommonsI-I-SystemIdentified as  Intel(R) Xeon(R) CPU E5-2630 v4 @ 2.20GHz
AMSCommonsI-I-ComputerEvaluatedAsMips 3511
AMS Software version v5.02/1220/12 built Fri Apr 19 23:54:38 2019

Geant4  Version 1033
Run ID: 474 Bartel: 55
Input Destination: /eos/ams/user/s/selu/mdst/He314/mdst_120929874.root
Output Destination: /afs/cern.ch/work/c/ctuysuz/private/he_flux/LSF/result_mc_time/time_55/he_flux_55_474.root
Add hist00 from /eos/ams/user/s/selu/mdst/He314/mdst_120929874.root
Start of Init
Use new binning
Start of Eventloop
Ntr, Nent= 1 122823
IsMC= 1
Parameter[0] = -2.74163
Parameter[1] = -3.05076
Parameter[2] = -3.61683
Parameter[3] = -5.57138
Parameter[4] = 0.434624
Parameter[5] = -2.47013
mdfil_info:  10.0%    7 sec CPU:   9.6%
mdfil_info:  20.0%   13 sec CPU:   9.4%
mdfil_info:  30.0%   19 sec CPU:  10.2%
mdfil_info:  40.0%   21 sec CPU:  12.1%
mdfil_info:  50.0%   22 sec CPU:  13.5%
mdfil_info:  60.0%   24 sec CPU:  14.8%
mdfil_info:  70.0%   25 sec CPU:  16.3%
mdfil_info:  80.0%   28 sec CPU:  16.9%
mdfil_info:  90.0%   31 sec CPU:  17.1%
mdfil_info: 100.0%   34 sec CPU:  17.4%
mdfil_info: 100.0%   34 sec CPU:  17.4%
