WARN: the 'eosmount' alias is deprecated, please use /eos directly
License ports: 28518@lxlicen01.cern.ch,28518@lxlicen02.cern.ch,28518@lxlicen03.cern.ch:/cvmfs/projects.cern.ch/intelsw/psxe/linux/licenses
Intel(R) Parallel Studio XE 2018 Update 2 for Linux*
Copyright (C) 2009-2018 Intel Corporation. All rights reserved.
14044
AMSCommonsI-I-HardwareIdentifiedAs Linux 3.10.0-957.10.1.el7.x86_64 x86_64 2
AMSCommonsI-I-Identified as LittleEndian 64 bit machine. 4294967295
AMSCommonsI-I-amsdatabase /cvmfs/ams.cern.ch/Offline/AMSDataDir/DataBase/
AMSCommonsI-I-MipsFromCPUInfo: 2194.92
AMSCommonsI-I-SystemIdentified as  Intel(R) Xeon(R) CPU E5-2630 v4 @ 2.20GHz
AMSCommonsI-I-ComputerEvaluatedAsMips 3511
AMS Software version v5.02/1220/12 built Fri Apr 19 23:54:38 2019

Geant4  Version 1033
Run ID: 173 Bartel: 32
Input Destination: /eos/ams/user/s/selu/mdst/He122/mdst_60441713.root
Output Destination: /afs/cern.ch/work/c/ctuysuz/private/he_flux/LSF/result_mc_time/time_32/he_flux_32_173.root
Add hist00 from /eos/ams/user/s/selu/mdst/He122/mdst_60441713.root
Start of Init
Use new binning
Start of Eventloop
Ntr, Nent= 1 435966
IsMC= 1
Parameter[0] = -2.77785
Parameter[1] = -3.05134
Parameter[2] = -3.60147
Parameter[3] = -5.53079
Parameter[4] = 0.319411
Parameter[5] = -2.38899
mdfil_info:  10.0%    2 sec CPU: 100.0%
mdfil_info:  20.0%    4 sec CPU:  99.7%
mdfil_info:  30.0%    6 sec CPU:  97.5%
mdfil_info:  40.0%    8 sec CPU:  95.3%
mdfil_info:  50.0%   10 sec CPU:  94.1%
mdfil_info:  60.0%   12 sec CPU:  93.2%
mdfil_info:  70.0%   14 sec CPU:  92.1%
mdfil_info:  80.0%   16 sec CPU:  91.1%
mdfil_info:  90.0%   18 sec CPU:  91.0%
mdfil_info: 100.0%   20 sec CPU:  91.6%
mdfil_info: 100.0%   20 sec CPU:  91.6%
28759
AMSCommonsI-I-HardwareIdentifiedAs Linux 3.10.0-957.10.1.el7.x86_64 x86_64 2
AMSCommonsI-I-Identified as LittleEndian 64 bit machine. 4294967295
AMSCommonsI-I-amsdatabase /cvmfs/ams.cern.ch/Offline/AMSDataDir/DataBase/
AMSCommonsI-I-MipsFromCPUInfo: 2194.92
AMSCommonsI-I-SystemIdentified as  Intel(R) Xeon(R) CPU E5-2630 v4 @ 2.20GHz
AMSCommonsI-I-ComputerEvaluatedAsMips 3511
AMS Software version v5.02/1220/12 built Fri Apr 19 23:54:38 2019

Geant4  Version 1033
Run ID: 355 Bartel: 5
Input Destination: /eos/ams/user/s/selu/mdst/He122/mdst_60442243.root
Output Destination: /afs/cern.ch/work/c/ctuysuz/private/he_flux/LSF/result_mc_time/time_5/he_flux_5_355.root
Add hist00 from /eos/ams/user/s/selu/mdst/He122/mdst_60442243.root
Start of Init
Use new binning
Start of Eventloop
Ntr, Nent= 1 435747
IsMC= 1
Parameter[0] = -2.62631
Parameter[1] = -3.02179
Parameter[2] = -3.60875
Parameter[3] = -5.5302
Parameter[4] = 0.0850909
Parameter[5] = -2.38189
mdfil_info:  10.0%   18 sec CPU:  12.7%
mdfil_info:  20.0%   26 sec CPU:  17.0%
mdfil_info:  30.0%   34 sec CPU:  19.2%
mdfil_info:  40.0%   43 sec CPU:  20.3%
mdfil_info:  50.0%   54 sec CPU:  20.2%
mdfil_info:  60.0%   63 sec CPU:  20.6%
mdfil_info:  70.0%   78 sec CPU:  19.5%
mdfil_info:  80.0%   88 sec CPU:  19.7%
mdfil_info:  90.0%  100 sec CPU:  19.4%
mdfil_info: 100.0%  111 sec CPU:  19.3%
mdfil_info: 100.0%  111 sec CPU:  19.3%
43474
AMSCommonsI-I-HardwareIdentifiedAs Linux 3.10.0-957.10.1.el7.x86_64 x86_64 2
AMSCommonsI-I-Identified as LittleEndian 64 bit machine. 4294967295
AMSCommonsI-I-amsdatabase /cvmfs/ams.cern.ch/Offline/AMSDataDir/DataBase/
AMSCommonsI-I-MipsFromCPUInfo: 2194.92
AMSCommonsI-I-SystemIdentified as  Intel(R) Xeon(R) CPU E5-2630 v4 @ 2.20GHz
AMSCommonsI-I-ComputerEvaluatedAsMips 3511
AMS Software version v5.02/1220/12 built Fri Apr 19 23:54:38 2019

Geant4  Version 1033
Run ID: 536 Bartel: 59
Input Destination: /eos/ams/user/s/selu/mdst/He314/mdst_120929941.root
Output Destination: /afs/cern.ch/work/c/ctuysuz/private/he_flux/LSF/result_mc_time/time_59/he_flux_59_536.root
Add hist00 from /eos/ams/user/s/selu/mdst/He314/mdst_120929941.root
Start of Init
Use new binning
Start of Eventloop
Ntr, Nent= 1 122511
IsMC= 1
Parameter[0] = -2.68656
Parameter[1] = -3.03432
Parameter[2] = -3.61157
Parameter[3] = -5.53634
Parameter[4] = 0.355938
Parameter[5] = -2.28628
mdfil_info:  10.0%    1 sec CPU:  94.4%
mdfil_info:  20.0%    1 sec CPU:  97.4%
mdfil_info:  30.0%    2 sec CPU:  98.1%
mdfil_info:  40.0%    2 sec CPU:  98.4%
mdfil_info:  50.0%    3 sec CPU:  98.8%
mdfil_info:  60.0%    3 sec CPU:  98.9%
mdfil_info:  70.0%    4 sec CPU:  99.0%
mdfil_info:  80.0%    5 sec CPU:  98.9%
mdfil_info:  90.0%    5 sec CPU:  99.1%
mdfil_info: 100.0%    5 sec CPU:  99.1%
mdfil_info: 100.0%    5 sec CPU:  99.1%
