WARN: the 'eosmount' alias is deprecated, please use /eos directly
License ports: 28518@lxlicen01.cern.ch,28518@lxlicen02.cern.ch,28518@lxlicen03.cern.ch:/cvmfs/projects.cern.ch/intelsw/psxe/linux/licenses
Intel(R) Parallel Studio XE 2018 Update 2 for Linux*
Copyright (C) 2009-2018 Intel Corporation. All rights reserved.
5022
AMSCommonsI-I-HardwareIdentifiedAs Linux 3.10.0-957.12.1.el7.x86_64 x86_64 2
AMSCommonsI-I-Identified as LittleEndian 64 bit machine. 4294967295
AMSCommonsI-I-amsdatabase /cvmfs/ams.cern.ch/Offline/AMSDataDir/DataBase/
AMSCommonsI-I-MipsFromCPUInfo: 2394.45
AMSCommonsI-I-SystemIdentified as  Intel Core Processor (Haswell, no TSX, IBRS)
AMSCommonsI-I-ComputerEvaluatedAsMips 3591
AMS Software version v5.02/1220/12 built Fri Apr 19 23:54:38 2019

Geant4  Version 1033
Run ID: 62 Bartel: 1
Input Destination: /eos/ams/user/s/selu/mdst/He122/mdst_60441601.root
Output Destination: /afs/cern.ch/work/c/ctuysuz/private/he_flux/LSF/result_mc_time/time_1/he_flux_1_62.root
Add hist00 from /eos/ams/user/s/selu/mdst/He122/mdst_60441601.root
Start of Init
Use new binning
Start of Eventloop
Ntr, Nent= 1 440585
IsMC= 1
Parameter[0] = -2.47751
Parameter[1] = -2.72369
Parameter[2] = -3.30093
Parameter[3] = -5.32428
Parameter[4] = 0.816566
Parameter[5] = -2.78591
mdfil_info:  10.0%    5 sec CPU:  34.5%
mdfil_info:  20.0%    8 sec CPU:  42.3%
mdfil_info:  30.0%   11 sec CPU:  45.5%
mdfil_info:  40.0%   14 sec CPU:  47.2%
mdfil_info:  50.0%   18 sec CPU:  44.9%
mdfil_info:  60.0%   21 sec CPU:  45.8%
mdfil_info:  70.0%   25 sec CPU:  45.9%
mdfil_info:  80.0%   28 sec CPU:  46.7%
mdfil_info:  90.0%   36 sec CPU:  39.8%
mdfil_info: 100.0%   46 sec CPU:  34.9%
mdfil_info: 100.0%   46 sec CPU:  34.9%
19737
AMSCommonsI-I-HardwareIdentifiedAs Linux 3.10.0-957.12.1.el7.x86_64 x86_64 2
AMSCommonsI-I-Identified as LittleEndian 64 bit machine. 4294967295
AMSCommonsI-I-amsdatabase /cvmfs/ams.cern.ch/Offline/AMSDataDir/DataBase/
AMSCommonsI-I-MipsFromCPUInfo: 2394.45
AMSCommonsI-I-SystemIdentified as  Intel Core Processor (Haswell, no TSX, IBRS)
AMSCommonsI-I-ComputerEvaluatedAsMips 3591
AMS Software version v5.02/1220/12 built Fri Apr 19 23:54:38 2019

Geant4  Version 1033
Run ID: 243 Bartel: 55
Input Destination: /eos/ams/user/s/selu/mdst/He122/mdst_60441783.root
Output Destination: /afs/cern.ch/work/c/ctuysuz/private/he_flux/LSF/result_mc_time/time_55/he_flux_55_243.root
Add hist00 from /eos/ams/user/s/selu/mdst/He122/mdst_60441783.root
Start of Init
Use new binning
Start of Eventloop
Ntr, Nent= 1 435024
IsMC= 1
Parameter[0] = -2.74163
Parameter[1] = -3.05076
Parameter[2] = -3.61683
Parameter[3] = -5.57138
Parameter[4] = 0.434624
Parameter[5] = -2.47013
mdfil_info:  10.0%    2 sec CPU:  99.8%
mdfil_info:  20.0%    3 sec CPU:  99.9%
mdfil_info:  30.0%    4 sec CPU: 100.0%
mdfil_info:  40.0%    6 sec CPU: 100.0%
mdfil_info:  50.0%    7 sec CPU: 100.1%
mdfil_info:  60.0%    9 sec CPU: 100.1%
mdfil_info:  70.0%   10 sec CPU: 100.0%
mdfil_info:  80.0%   12 sec CPU: 100.0%
mdfil_info:  90.0%   13 sec CPU: 100.0%
mdfil_info: 100.0%   15 sec CPU:  99.9%
mdfil_info: 100.0%   15 sec CPU:  99.9%
34452
AMSCommonsI-I-HardwareIdentifiedAs Linux 3.10.0-957.12.1.el7.x86_64 x86_64 2
AMSCommonsI-I-Identified as LittleEndian 64 bit machine. 4294967295
AMSCommonsI-I-amsdatabase /cvmfs/ams.cern.ch/Offline/AMSDataDir/DataBase/
AMSCommonsI-I-MipsFromCPUInfo: 2394.45
AMSCommonsI-I-SystemIdentified as  Intel Core Processor (Haswell, no TSX, IBRS)
AMSCommonsI-I-ComputerEvaluatedAsMips 3591
AMS Software version v5.02/1220/12 built Fri Apr 19 23:54:38 2019

Geant4  Version 1033
Run ID: 425 Bartel: 28
Input Destination: /eos/ams/user/s/selu/mdst/He122/mdst_60442313.root
Output Destination: /afs/cern.ch/work/c/ctuysuz/private/he_flux/LSF/result_mc_time/time_28/he_flux_28_425.root
Add hist00 from /eos/ams/user/s/selu/mdst/He122/mdst_60442313.root
Start of Init
Use new binning
Start of Eventloop
Ntr, Nent= 1 438711
IsMC= 1
Parameter[0] = -2.78708
Parameter[1] = -3.08521
Parameter[2] = -3.63404
Parameter[3] = -5.57737
Parameter[4] = 0.368582
Parameter[5] = -2.54212
mdfil_info:  10.0%   15 sec CPU:  11.6%
mdfil_info:  20.0%   19 sec CPU:  16.7%
mdfil_info:  30.0%   24 sec CPU:  20.0%
mdfil_info:  40.0%   29 sec CPU:  22.3%
mdfil_info:  50.0%   34 sec CPU:  23.7%
mdfil_info:  60.0%   39 sec CPU:  25.0%
mdfil_info:  70.0%   44 sec CPU:  26.0%
mdfil_info:  80.0%   48 sec CPU:  26.8%
mdfil_info:  90.0%   54 sec CPU:  27.2%
mdfil_info: 100.0%   59 sec CPU:  27.6%
mdfil_info: 100.0%   59 sec CPU:  27.6%
