WARN: the 'eosmount' alias is deprecated, please use /eos directly
License ports: 28518@lxlicen01.cern.ch,28518@lxlicen02.cern.ch,28518@lxlicen03.cern.ch:/cvmfs/projects.cern.ch/intelsw/psxe/linux/licenses
Intel(R) Parallel Studio XE 2018 Update 2 for Linux*
Copyright (C) 2009-2018 Intel Corporation. All rights reserved.
8462
AMSCommonsI-I-HardwareIdentifiedAs Linux 3.10.0-957.10.1.el7.x86_64 x86_64 2
AMSCommonsI-I-Identified as LittleEndian 64 bit machine. 4294967295
AMSCommonsI-I-amsdatabase /cvmfs/ams.cern.ch/Offline/AMSDataDir/DataBase/
AMSCommonsI-I-MipsFromCPUInfo: 2194.92
AMSCommonsI-I-SystemIdentified as  Intel(R) Xeon(R) CPU E5-2630 v4 @ 2.20GHz
AMSCommonsI-I-ComputerEvaluatedAsMips 3511
AMS Software version v5.02/1220/12 built Fri Apr 19 23:54:38 2019

Geant4  Version 1033
Run ID: 104 Bartel: 39
Input Destination: /eos/ams/user/s/selu/mdst/He122/mdst_60441644.root
Output Destination: /afs/cern.ch/work/c/ctuysuz/private/he_flux/LSF/result_mc_time/time_39/he_flux_39_104.root
Add hist00 from /eos/ams/user/s/selu/mdst/He122/mdst_60441644.root
Start of Init
Use new binning
Start of Eventloop
Ntr, Nent= 1 437153
IsMC= 1
Parameter[0] = -2.81505
Parameter[1] = -3.07484
Parameter[2] = -3.62471
Parameter[3] = -5.62014
Parameter[4] = 0.622835
Parameter[5] = -2.8044
mdfil_info:  10.0%    6 sec CPU:  27.0%
mdfil_info:  20.0%    9 sec CPU:  35.3%
mdfil_info:  30.0%   13 sec CPU:  39.0%
mdfil_info:  40.0%   17 sec CPU:  38.1%
mdfil_info:  50.0%   20 sec CPU:  39.9%
mdfil_info:  60.0%   27 sec CPU:  35.7%
mdfil_info:  70.0%   33 sec CPU:  34.5%
mdfil_info:  80.0%   38 sec CPU:  33.8%
mdfil_info:  90.0%   41 sec CPU:  35.4%
mdfil_info: 100.0%   44 sec CPU:  36.1%
mdfil_info: 100.0%   44 sec CPU:  36.1%
23177
AMSCommonsI-I-HardwareIdentifiedAs Linux 3.10.0-957.10.1.el7.x86_64 x86_64 2
AMSCommonsI-I-Identified as LittleEndian 64 bit machine. 4294967295
AMSCommonsI-I-amsdatabase /cvmfs/ams.cern.ch/Offline/AMSDataDir/DataBase/
AMSCommonsI-I-MipsFromCPUInfo: 2194.92
AMSCommonsI-I-SystemIdentified as  Intel(R) Xeon(R) CPU E5-2630 v4 @ 2.20GHz
AMSCommonsI-I-ComputerEvaluatedAsMips 3511
AMS Software version v5.02/1220/12 built Fri Apr 19 23:54:38 2019

Geant4  Version 1033
Run ID: 286 Bartel: 12
Input Destination: /eos/ams/user/s/selu/mdst/He122/mdst_60441826.root
Output Destination: /afs/cern.ch/work/c/ctuysuz/private/he_flux/LSF/result_mc_time/time_12/he_flux_12_286.root
Add hist00 from /eos/ams/user/s/selu/mdst/He122/mdst_60441826.root
Start of Init
Use new binning
Start of Eventloop
Ntr, Nent= 1 441256
IsMC= 1
Parameter[0] = -2.69683
Parameter[1] = -3.04779
Parameter[2] = -3.61865
Parameter[3] = -5.53473
Parameter[4] = 0.213856
Parameter[5] = -2.39642
mdfil_info:  10.0%    2 sec CPU:  74.9%
mdfil_info:  20.0%    4 sec CPU:  79.6%
mdfil_info:  30.0%    6 sec CPU:  81.5%
mdfil_info:  40.0%    8 sec CPU:  82.4%
mdfil_info:  50.0%   10 sec CPU:  83.1%
mdfil_info:  60.0%   12 sec CPU:  83.9%
mdfil_info:  70.0%   14 sec CPU:  84.2%
mdfil_info:  80.0%   15 sec CPU:  84.3%
mdfil_info:  90.0%   17 sec CPU:  84.2%
mdfil_info: 100.0%   19 sec CPU:  84.2%
mdfil_info: 100.0%   19 sec CPU:  84.2%
37892
AMSCommonsI-I-HardwareIdentifiedAs Linux 3.10.0-957.10.1.el7.x86_64 x86_64 2
AMSCommonsI-I-Identified as LittleEndian 64 bit machine. 4294967295
AMSCommonsI-I-amsdatabase /cvmfs/ams.cern.ch/Offline/AMSDataDir/DataBase/
AMSCommonsI-I-MipsFromCPUInfo: 2194.92
AMSCommonsI-I-SystemIdentified as  Intel(R) Xeon(R) CPU E5-2630 v4 @ 2.20GHz
AMSCommonsI-I-ComputerEvaluatedAsMips 3511
AMS Software version v5.02/1220/12 built Fri Apr 19 23:54:38 2019

Geant4  Version 1033
Run ID: 467 Bartel: 66
Input Destination: /eos/ams/user/s/selu/mdst/He314/mdst_120929867.root
Output Destination: /afs/cern.ch/work/c/ctuysuz/private/he_flux/LSF/result_mc_time/time_66/he_flux_66_467.root
Add hist00 from /eos/ams/user/s/selu/mdst/He314/mdst_120929867.root
Start of Init
Use new binning
Start of Eventloop
Ntr, Nent= 1 122224
IsMC= 1
Parameter[0] = -2.5779
Parameter[1] = -2.99002
Parameter[2] = -3.59372
Parameter[3] = -5.46372
Parameter[4] = 0.117988
Parameter[5] = -1.94602
mdfil_info:  10.0%    1 sec CPU:  69.3%
mdfil_info:  20.0%    1 sec CPU:  70.4%
mdfil_info:  30.0%    2 sec CPU:  72.1%
mdfil_info:  40.0%    3 sec CPU:  75.5%
mdfil_info:  50.0%    3 sec CPU:  78.2%
mdfil_info:  60.0%    4 sec CPU:  80.1%
mdfil_info:  70.0%    4 sec CPU:  81.4%
mdfil_info:  80.0%    5 sec CPU:  82.1%
mdfil_info:  90.0%    5 sec CPU:  82.9%
mdfil_info: 100.0%    6 sec CPU:  83.6%
mdfil_info: 100.0%    6 sec CPU:  83.6%
