WARN: the 'eosmount' alias is deprecated, please use /eos directly
License ports: 28518@lxlicen01.cern.ch,28518@lxlicen02.cern.ch,28518@lxlicen03.cern.ch:/cvmfs/projects.cern.ch/intelsw/psxe/linux/licenses
Intel(R) Parallel Studio XE 2018 Update 2 for Linux*
Copyright (C) 2009-2018 Intel Corporation. All rights reserved.
12625
AMSCommonsI-I-HardwareIdentifiedAs Linux 3.10.0-957.10.1.el7.x86_64 x86_64 2
AMSCommonsI-I-Identified as LittleEndian 64 bit machine. 4294967295
AMSCommonsI-I-amsdatabase /cvmfs/ams.cern.ch/Offline/AMSDataDir/DataBase/
AMSCommonsI-I-MipsFromCPUInfo: 2194.92
AMSCommonsI-I-SystemIdentified as  Intel(R) Xeon(R) CPU E5-2630 v4 @ 2.20GHz
AMSCommonsI-I-ComputerEvaluatedAsMips 3511
AMS Software version v5.02/1220/12 built Fri Apr 19 23:54:38 2019

Geant4  Version 1033
Run ID: 155 Bartel: 71
Input Destination: /eos/ams/user/s/selu/mdst/He122/mdst_60441695.root
Output Destination: /afs/cern.ch/work/c/ctuysuz/private/he_flux/LSF/result_mc_time/time_71/he_flux_71_155.root
Add hist00 from /eos/ams/user/s/selu/mdst/He122/mdst_60441695.root
Start of Init
Use new binning
Start of Eventloop
Ntr, Nent= 1 436002
IsMC= 1
Parameter[0] = -2.54894
Parameter[1] = -2.98273
Parameter[2] = -3.58454
Parameter[3] = -5.47731
Parameter[4] = 0.0989745
Parameter[5] = -2.00648
mdfil_info:  10.0%   21 sec CPU:  11.3%
mdfil_info:  20.0%   28 sec CPU:  15.6%
mdfil_info:  30.0%   36 sec CPU:  17.8%
mdfil_info:  40.0%   44 sec CPU:  19.3%
mdfil_info:  50.0%   51 sec CPU:  21.1%
mdfil_info:  60.0%   59 sec CPU:  22.1%
mdfil_info:  70.0%   66 sec CPU:  22.8%
mdfil_info:  80.0%   73 sec CPU:  23.4%
mdfil_info:  90.0%   80 sec CPU:  23.9%
mdfil_info: 100.0%   87 sec CPU:  24.4%
mdfil_info: 100.0%   87 sec CPU:  24.4%
27340
AMSCommonsI-I-HardwareIdentifiedAs Linux 3.10.0-957.10.1.el7.x86_64 x86_64 2
AMSCommonsI-I-Identified as LittleEndian 64 bit machine. 4294967295
AMSCommonsI-I-amsdatabase /cvmfs/ams.cern.ch/Offline/AMSDataDir/DataBase/
AMSCommonsI-I-MipsFromCPUInfo: 2194.92
AMSCommonsI-I-SystemIdentified as  Intel(R) Xeon(R) CPU E5-2630 v4 @ 2.20GHz
AMSCommonsI-I-ComputerEvaluatedAsMips 3511
AMS Software version v5.02/1220/12 built Fri Apr 19 23:54:38 2019

Geant4  Version 1033
Run ID: 337 Bartel: 44
Input Destination: /eos/ams/user/s/selu/mdst/He122/mdst_60441877.root
Output Destination: /afs/cern.ch/work/c/ctuysuz/private/he_flux/LSF/result_mc_time/time_44/he_flux_44_337.root
Add hist00 from /eos/ams/user/s/selu/mdst/He122/mdst_60441877.root
Start of Init
Use new binning
Start of Eventloop
Ntr, Nent= 1 434044
IsMC= 1
Parameter[0] = -2.74861
Parameter[1] = -3.04436
Parameter[2] = -3.60474
Parameter[3] = -5.57371
Parameter[4] = 0.412165
Parameter[5] = -2.55999
mdfil_info:  10.0%    3 sec CPU:  81.5%
mdfil_info:  20.0%    5 sec CPU:  85.7%
mdfil_info:  30.0%    7 sec CPU:  87.4%
mdfil_info:  40.0%    9 sec CPU:  87.9%
mdfil_info:  50.0%   11 sec CPU:  88.6%
mdfil_info:  60.0%   14 sec CPU:  89.6%
mdfil_info:  70.0%   16 sec CPU:  90.3%
mdfil_info:  80.0%   18 sec CPU:  91.2%
mdfil_info:  90.0%   20 sec CPU:  92.0%
mdfil_info: 100.0%   22 sec CPU:  92.2%
mdfil_info: 100.0%   22 sec CPU:  92.2%
42055
AMSCommonsI-I-HardwareIdentifiedAs Linux 3.10.0-957.10.1.el7.x86_64 x86_64 2
AMSCommonsI-I-Identified as LittleEndian 64 bit machine. 4294967295
AMSCommonsI-I-amsdatabase /cvmfs/ams.cern.ch/Offline/AMSDataDir/DataBase/
AMSCommonsI-I-MipsFromCPUInfo: 2194.92
AMSCommonsI-I-SystemIdentified as  Intel(R) Xeon(R) CPU E5-2630 v4 @ 2.20GHz
AMSCommonsI-I-ComputerEvaluatedAsMips 3511
AMS Software version v5.02/1220/12 built Fri Apr 19 23:54:38 2019

Geant4  Version 1033
Run ID: 519 Bartel: 17
Input Destination: /eos/ams/user/s/selu/mdst/He314/mdst_120929920.root
Output Destination: /afs/cern.ch/work/c/ctuysuz/private/he_flux/LSF/result_mc_time/time_17/he_flux_17_519.root
Add hist00 from /eos/ams/user/s/selu/mdst/He314/mdst_120929920.root
Start of Init
Use new binning
Start of Eventloop
Ntr, Nent= 1 122779
IsMC= 1
Parameter[0] = -2.73465
Parameter[1] = -3.05909
Parameter[2] = -3.61586
Parameter[3] = -5.54961
Parameter[4] = 0.318406
Parameter[5] = -2.36477
mdfil_info:  10.0%    7 sec CPU:  10.3%
mdfil_info:  20.0%   12 sec CPU:  10.9%
mdfil_info:  30.0%   19 sec CPU:  11.0%
mdfil_info:  40.0%   20 sec CPU:  13.0%
mdfil_info:  50.0%   22 sec CPU:  14.5%
mdfil_info:  60.0%   24 sec CPU:  16.2%
mdfil_info:  70.0%   26 sec CPU:  17.0%
mdfil_info:  80.0%   28 sec CPU:  17.9%
mdfil_info:  90.0%   31 sec CPU:  18.7%
mdfil_info: 100.0%   33 sec CPU:  19.3%
mdfil_info: 100.0%   33 sec CPU:  19.3%
