WARN: the 'eosmount' alias is deprecated, please use /eos directly
License ports: 28518@lxlicen01.cern.ch,28518@lxlicen02.cern.ch,28518@lxlicen03.cern.ch:/cvmfs/projects.cern.ch/intelsw/psxe/linux/licenses
Intel(R) Parallel Studio XE 2018 Update 2 for Linux*
Copyright (C) 2009-2018 Intel Corporation. All rights reserved.
11865
AMSCommonsI-I-HardwareIdentifiedAs Linux 3.10.0-957.10.1.el7.x86_64 x86_64 2
AMSCommonsI-I-Identified as LittleEndian 64 bit machine. 4294967295
AMSCommonsI-I-amsdatabase /cvmfs/ams.cern.ch/Offline/AMSDataDir/DataBase/
AMSCommonsI-I-MipsFromCPUInfo: 2194.92
AMSCommonsI-I-SystemIdentified as  Intel(R) Xeon(R) CPU E5-2630 v4 @ 2.20GHz
AMSCommonsI-I-ComputerEvaluatedAsMips 3511
AMS Software version v5.02/1220/12 built Fri Apr 19 23:54:38 2019

Geant4  Version 1033
Run ID: 146 Bartel: 40
Input Destination: /eos/ams/user/s/selu/mdst/He122/mdst_60441686.root
Output Destination: /afs/cern.ch/work/c/ctuysuz/private/he_flux/LSF/result_mc_time/time_40/he_flux_40_146.root
Add hist00 from /eos/ams/user/s/selu/mdst/He122/mdst_60441686.root
Start of Init
Use new binning
Start of Eventloop
Ntr, Nent= 1 434608
IsMC= 1
Parameter[0] = -2.8011
Parameter[1] = -3.07357
Parameter[2] = -3.62055
Parameter[3] = -5.55933
Parameter[4] = 0.549697
Parameter[5] = -2.37552
mdfil_info:  10.0%    7 sec CPU:  29.0%
mdfil_info:  20.0%   12 sec CPU:  34.8%
mdfil_info:  30.0%   15 sec CPU:  40.2%
mdfil_info:  40.0%   21 sec CPU:  38.6%
mdfil_info:  50.0%   28 sec CPU:  35.1%
mdfil_info:  60.0%   33 sec CPU:  35.8%
mdfil_info:  70.0%   37 sec CPU:  37.4%
mdfil_info:  80.0%   40 sec CPU:  39.2%
mdfil_info:  90.0%   44 sec CPU:  40.6%
mdfil_info: 100.0%   48 sec CPU:  41.2%
mdfil_info: 100.0%   48 sec CPU:  41.2%
26580
AMSCommonsI-I-HardwareIdentifiedAs Linux 3.10.0-957.10.1.el7.x86_64 x86_64 2
AMSCommonsI-I-Identified as LittleEndian 64 bit machine. 4294967295
AMSCommonsI-I-amsdatabase /cvmfs/ams.cern.ch/Offline/AMSDataDir/DataBase/
AMSCommonsI-I-MipsFromCPUInfo: 2194.92
AMSCommonsI-I-SystemIdentified as  Intel(R) Xeon(R) CPU E5-2630 v4 @ 2.20GHz
AMSCommonsI-I-ComputerEvaluatedAsMips 3511
AMS Software version v5.02/1220/12 built Fri Apr 19 23:54:38 2019

Geant4  Version 1033
Run ID: 328 Bartel: 13
Input Destination: /eos/ams/user/s/selu/mdst/He122/mdst_60441868.root
Output Destination: /afs/cern.ch/work/c/ctuysuz/private/he_flux/LSF/result_mc_time/time_13/he_flux_13_328.root
Add hist00 from /eos/ams/user/s/selu/mdst/He122/mdst_60441868.root
Start of Init
Use new binning
Start of Eventloop
Ntr, Nent= 1 444309
IsMC= 1
Parameter[0] = -2.65893
Parameter[1] = -3.01855
Parameter[2] = -3.59704
Parameter[3] = -5.53516
Parameter[4] = 0.293906
Parameter[5] = -2.25131
mdfil_info:  10.0%   18 sec CPU:  13.2%
mdfil_info:  20.0%   24 sec CPU:  18.0%
mdfil_info:  30.0%   31 sec CPU:  20.8%
mdfil_info:  40.0%   37 sec CPU:  23.5%
mdfil_info:  50.0%   43 sec CPU:  25.1%
mdfil_info:  60.0%   51 sec CPU:  25.5%
mdfil_info:  70.0%   59 sec CPU:  25.7%
mdfil_info:  80.0%   67 sec CPU:  25.8%
mdfil_info:  90.0%   78 sec CPU:  24.8%
mdfil_info: 100.0%   87 sec CPU:  24.7%
mdfil_info: 100.0%   87 sec CPU:  24.7%
41295
AMSCommonsI-I-HardwareIdentifiedAs Linux 3.10.0-957.10.1.el7.x86_64 x86_64 2
AMSCommonsI-I-Identified as LittleEndian 64 bit machine. 4294967295
AMSCommonsI-I-amsdatabase /cvmfs/ams.cern.ch/Offline/AMSDataDir/DataBase/
AMSCommonsI-I-MipsFromCPUInfo: 2194.92
AMSCommonsI-I-SystemIdentified as  Intel(R) Xeon(R) CPU E5-2630 v4 @ 2.20GHz
AMSCommonsI-I-ComputerEvaluatedAsMips 3511
AMS Software version v5.02/1220/12 built Fri Apr 19 23:54:38 2019

Geant4  Version 1033
Run ID: 509 Bartel: 67
Input Destination: /eos/ams/user/s/selu/mdst/He314/mdst_120929910.root
Output Destination: /afs/cern.ch/work/c/ctuysuz/private/he_flux/LSF/result_mc_time/time_67/he_flux_67_509.root
Add hist00 from /eos/ams/user/s/selu/mdst/He314/mdst_120929910.root
Start of Init
Use new binning
Start of Eventloop
Ntr, Nent= 1 122929
IsMC= 1
Parameter[0] = -2.58662
Parameter[1] = -2.98984
Parameter[2] = -3.59559
Parameter[3] = -5.5153
Parameter[4] = 0.161079
Parameter[5] = -2.33345
mdfil_info:  10.0%    7 sec CPU:   9.5%
mdfil_info:  20.0%   13 sec CPU:  10.6%
mdfil_info:  30.0%   19 sec CPU:  11.1%
mdfil_info:  40.0%   20 sec CPU:  13.3%
mdfil_info:  50.0%   22 sec CPU:  15.1%
mdfil_info:  60.0%   24 sec CPU:  16.6%
mdfil_info:  70.0%   26 sec CPU:  17.6%
mdfil_info:  80.0%   27 sec CPU:  18.7%
mdfil_info:  90.0%   29 sec CPU:  19.4%
mdfil_info: 100.0%   31 sec CPU:  20.4%
mdfil_info: 100.0%   31 sec CPU:  20.4%
