WARN: the 'eosmount' alias is deprecated, please use /eos directly
License ports: 28518@lxlicen01.cern.ch,28518@lxlicen02.cern.ch,28518@lxlicen03.cern.ch:/cvmfs/projects.cern.ch/intelsw/psxe/linux/licenses
Intel(R) Parallel Studio XE 2018 Update 2 for Linux*
Copyright (C) 2009-2018 Intel Corporation. All rights reserved.
14647
AMSCommonsI-I-HardwareIdentifiedAs Linux 3.10.0-957.10.1.el7.x86_64 x86_64 2
AMSCommonsI-I-Identified as LittleEndian 64 bit machine. 4294967295
AMSCommonsI-I-amsdatabase /cvmfs/ams.cern.ch/Offline/AMSDataDir/DataBase/
AMSCommonsI-I-MipsFromCPUInfo: 2194.92
AMSCommonsI-I-SystemIdentified as  Intel(R) Xeon(R) CPU E5-2630 v4 @ 2.20GHz
AMSCommonsI-I-ComputerEvaluatedAsMips 3511
AMS Software version v5.02/1220/12 built Fri Apr 19 23:54:38 2019

Geant4  Version 1033
Run ID: 180 Bartel: 68
Input Destination: /eos/ams/user/s/selu/mdst/He122/mdst_60441720.root
Output Destination: /afs/cern.ch/work/c/ctuysuz/private/he_flux/LSF/result_mc_time/time_68/he_flux_68_180.root
Add hist00 from /eos/ams/user/s/selu/mdst/He122/mdst_60441720.root
Start of Init
Use new binning
Start of Eventloop
Ntr, Nent= 1 440331
IsMC= 1
Parameter[0] = -2.5639
Parameter[1] = -2.98035
Parameter[2] = -3.58993
Parameter[3] = -5.51419
Parameter[4] = 0.0804353
Parameter[5] = -2.39662
mdfil_info:  10.0%   20 sec CPU:  11.9%
mdfil_info:  20.0%   28 sec CPU:  16.1%
mdfil_info:  30.0%   42 sec CPU:  16.1%
mdfil_info:  40.0%   54 sec CPU:  16.5%
mdfil_info:  50.0%   66 sec CPU:  16.8%
mdfil_info:  60.0%   77 sec CPU:  17.2%
mdfil_info:  70.0%   85 sec CPU:  18.2%
mdfil_info:  80.0%   97 sec CPU:  18.2%
mdfil_info:  90.0%  105 sec CPU:  18.7%
mdfil_info: 100.0%  116 sec CPU:  18.6%
mdfil_info: 100.0%  116 sec CPU:  18.6%
29362
AMSCommonsI-I-HardwareIdentifiedAs Linux 3.10.0-957.10.1.el7.x86_64 x86_64 2
AMSCommonsI-I-Identified as LittleEndian 64 bit machine. 4294967295
AMSCommonsI-I-amsdatabase /cvmfs/ams.cern.ch/Offline/AMSDataDir/DataBase/
AMSCommonsI-I-MipsFromCPUInfo: 2194.92
AMSCommonsI-I-SystemIdentified as  Intel(R) Xeon(R) CPU E5-2630 v4 @ 2.20GHz
AMSCommonsI-I-ComputerEvaluatedAsMips 3511
AMS Software version v5.02/1220/12 built Fri Apr 19 23:54:38 2019

Geant4  Version 1033
Run ID: 362 Bartel: 41
Input Destination: /eos/ams/user/s/selu/mdst/He122/mdst_60442250.root
Output Destination: /afs/cern.ch/work/c/ctuysuz/private/he_flux/LSF/result_mc_time/time_41/he_flux_41_362.root
Add hist00 from /eos/ams/user/s/selu/mdst/He122/mdst_60442250.root
Start of Init
Use new binning
Start of Eventloop
Ntr, Nent= 1 436476
IsMC= 1
Parameter[0] = -2.77453
Parameter[1] = -3.05397
Parameter[2] = -3.61054
Parameter[3] = -5.55839
Parameter[4] = 0.485122
Parameter[5] = -2.44204
mdfil_info:  10.0%   23 sec CPU:  10.4%
mdfil_info:  20.0%   32 sec CPU:  14.5%
mdfil_info:  30.0%   43 sec CPU:  16.0%
mdfil_info:  40.0%   51 sec CPU:  17.7%
mdfil_info:  50.0%   65 sec CPU:  17.5%
mdfil_info:  60.0%   73 sec CPU:  18.4%
mdfil_info:  70.0%   83 sec CPU:  18.9%
mdfil_info:  80.0%   93 sec CPU:  19.2%
mdfil_info:  90.0%  103 sec CPU:  19.5%
mdfil_info: 100.0%  115 sec CPU:  19.5%
mdfil_info: 100.0%  115 sec CPU:  19.5%
44077
AMSCommonsI-I-HardwareIdentifiedAs Linux 3.10.0-957.10.1.el7.x86_64 x86_64 2
AMSCommonsI-I-Identified as LittleEndian 64 bit machine. 4294967295
AMSCommonsI-I-amsdatabase /cvmfs/ams.cern.ch/Offline/AMSDataDir/DataBase/
AMSCommonsI-I-MipsFromCPUInfo: 2194.92
AMSCommonsI-I-SystemIdentified as  Intel(R) Xeon(R) CPU E5-2630 v4 @ 2.20GHz
AMSCommonsI-I-ComputerEvaluatedAsMips 3511
AMS Software version v5.02/1220/12 built Fri Apr 19 23:54:38 2019

Geant4  Version 1033
Run ID: 544 Bartel: 14
Input Destination: /eos/ams/user/s/selu/mdst/He314/mdst_120929949.root
Output Destination: /afs/cern.ch/work/c/ctuysuz/private/he_flux/LSF/result_mc_time/time_14/he_flux_14_544.root
Add hist00 from /eos/ams/user/s/selu/mdst/He314/mdst_120929949.root
Start of Init
Use new binning
Start of Eventloop
Ntr, Nent= 1 98161
IsMC= 1
Parameter[0] = -2.62922
Parameter[1] = -3.00854
Parameter[2] = -3.59134
Parameter[3] = -5.49431
Parameter[4] = 0.150366
Parameter[5] = -2.1251
mdfil_info:  10.0%    1 sec CPU:  64.2%
mdfil_info:  20.0%    1 sec CPU:  69.2%
mdfil_info:  30.0%    2 sec CPU:  68.8%
mdfil_info:  40.0%    3 sec CPU:  71.7%
mdfil_info:  50.0%    3 sec CPU:  74.3%
mdfil_info:  60.0%    4 sec CPU:  76.7%
mdfil_info:  70.0%    4 sec CPU:  77.9%
mdfil_info:  80.0%    5 sec CPU:  79.0%
mdfil_info:  90.0%    5 sec CPU:  80.0%
mdfil_info: 100.0%    6 sec CPU:  80.6%
mdfil_info: 100.0%    6 sec CPU:  80.6%
