WARN: the 'eosmount' alias is deprecated, please use /eos directly
License ports: 28518@lxlicen01.cern.ch,28518@lxlicen02.cern.ch,28518@lxlicen03.cern.ch:/cvmfs/projects.cern.ch/intelsw/psxe/linux/licenses
Intel(R) Parallel Studio XE 2018 Update 2 for Linux*
Copyright (C) 2009-2018 Intel Corporation. All rights reserved.
14311
AMSCommonsI-I-HardwareIdentifiedAs Linux 3.10.0-957.10.1.el7.x86_64 x86_64 2
AMSCommonsI-I-Identified as LittleEndian 64 bit machine. 4294967295
AMSCommonsI-I-amsdatabase /cvmfs/ams.cern.ch/Offline/AMSDataDir/DataBase/
AMSCommonsI-I-MipsFromCPUInfo: 2194.92
AMSCommonsI-I-SystemIdentified as  Intel(R) Xeon(R) CPU E5-2630 v4 @ 2.20GHz
AMSCommonsI-I-ComputerEvaluatedAsMips 3511
AMS Software version v5.02/1220/12 built Fri Apr 19 23:54:38 2019

Geant4  Version 1033
Run ID: 176 Bartel: 56
Input Destination: /eos/ams/user/s/selu/mdst/He122/mdst_60441716.root
Output Destination: /afs/cern.ch/work/c/ctuysuz/private/he_flux/LSF/result_mc_time/time_56/he_flux_56_176.root
Add hist00 from /eos/ams/user/s/selu/mdst/He122/mdst_60441716.root
Start of Init
Use new binning
Start of Eventloop
Ntr, Nent= 1 437529
IsMC= 1
Parameter[0] = -2.72531
Parameter[1] = -3.04724
Parameter[2] = -3.61961
Parameter[3] = -5.54865
Parameter[4] = 0.293124
Parameter[5] = -2.44228
mdfil_info:  10.0%    2 sec CPU:  73.3%
mdfil_info:  20.0%    6 sec CPU:  54.4%
mdfil_info:  30.0%   10 sec CPU:  51.6%
mdfil_info:  40.0%   12 sec CPU:  54.2%
mdfil_info:  50.0%   14 sec CPU:  57.9%
mdfil_info:  60.0%   16 sec CPU:  61.2%
mdfil_info:  70.0%   18 sec CPU:  63.9%
mdfil_info:  80.0%   20 sec CPU:  65.9%
mdfil_info:  90.0%   22 sec CPU:  67.2%
mdfil_info: 100.0%   24 sec CPU:  68.4%
mdfil_info: 100.0%   24 sec CPU:  68.4%
29026
AMSCommonsI-I-HardwareIdentifiedAs Linux 3.10.0-957.10.1.el7.x86_64 x86_64 2
AMSCommonsI-I-Identified as LittleEndian 64 bit machine. 4294967295
AMSCommonsI-I-amsdatabase /cvmfs/ams.cern.ch/Offline/AMSDataDir/DataBase/
AMSCommonsI-I-MipsFromCPUInfo: 2194.92
AMSCommonsI-I-SystemIdentified as  Intel(R) Xeon(R) CPU E5-2630 v4 @ 2.20GHz
AMSCommonsI-I-ComputerEvaluatedAsMips 3511
AMS Software version v5.02/1220/12 built Fri Apr 19 23:54:38 2019

Geant4  Version 1033
Run ID: 358 Bartel: 29
Input Destination: /eos/ams/user/s/selu/mdst/He122/mdst_60442246.root
Output Destination: /afs/cern.ch/work/c/ctuysuz/private/he_flux/LSF/result_mc_time/time_29/he_flux_29_358.root
Add hist00 from /eos/ams/user/s/selu/mdst/He122/mdst_60442246.root
Start of Init
Use new binning
Start of Eventloop
Ntr, Nent= 1 435627
IsMC= 1
Parameter[0] = -2.79936
Parameter[1] = -3.07658
Parameter[2] = -3.62788
Parameter[3] = -5.57562
Parameter[4] = 0.497287
Parameter[5] = -2.44847
mdfil_info:  10.0%   18 sec CPU:  10.1%
mdfil_info:  20.0%   24 sec CPU:  14.6%
mdfil_info:  30.0%   31 sec CPU:  16.9%
mdfil_info:  40.0%   38 sec CPU:  18.3%
mdfil_info:  50.0%   45 sec CPU:  19.4%
mdfil_info:  60.0%   51 sec CPU:  20.6%
mdfil_info:  70.0%   56 sec CPU:  21.5%
mdfil_info:  80.0%   62 sec CPU:  22.3%
mdfil_info:  90.0%   67 sec CPU:  23.0%
mdfil_info: 100.0%   72 sec CPU:  23.7%
mdfil_info: 100.0%   72 sec CPU:  23.7%
43741
AMSCommonsI-I-HardwareIdentifiedAs Linux 3.10.0-957.10.1.el7.x86_64 x86_64 2
AMSCommonsI-I-Identified as LittleEndian 64 bit machine. 4294967295
AMSCommonsI-I-amsdatabase /cvmfs/ams.cern.ch/Offline/AMSDataDir/DataBase/
AMSCommonsI-I-MipsFromCPUInfo: 2194.92
AMSCommonsI-I-SystemIdentified as  Intel(R) Xeon(R) CPU E5-2630 v4 @ 2.20GHz
AMSCommonsI-I-ComputerEvaluatedAsMips 3511
AMS Software version v5.02/1220/12 built Fri Apr 19 23:54:38 2019

Geant4  Version 1033
Run ID: 540 Bartel: 2
Input Destination: /eos/ams/user/s/selu/mdst/He314/mdst_120929945.root
Output Destination: /afs/cern.ch/work/c/ctuysuz/private/he_flux/LSF/result_mc_time/time_2/he_flux_2_540.root
Add hist00 from /eos/ams/user/s/selu/mdst/He314/mdst_120929945.root
Start of Init
Use new binning
Start of Eventloop
Ntr, Nent= 1 122554
IsMC= 1
Parameter[0] = -2.61736
Parameter[1] = -2.93157
Parameter[2] = -3.51989
Parameter[3] = -5.49278
Parameter[4] = 0.444434
Parameter[5] = -2.60596
mdfil_info:  10.0%    6 sec CPU:   8.6%
mdfil_info:  20.0%   11 sec CPU:  10.4%
mdfil_info:  30.0%   16 sec CPU:  10.3%
mdfil_info:  40.0%   18 sec CPU:  11.4%
mdfil_info:  50.0%   20 sec CPU:  13.4%
mdfil_info:  60.0%   22 sec CPU:  14.9%
mdfil_info:  70.0%   24 sec CPU:  15.4%
mdfil_info:  80.0%   26 sec CPU:  16.0%
mdfil_info:  90.0%   31 sec CPU:  15.1%
mdfil_info: 100.0%   34 sec CPU:  14.8%
mdfil_info: 100.0%   34 sec CPU:  14.8%
