WARN: the 'eosmount' alias is deprecated, please use /eos directly
License ports: 28518@lxlicen01.cern.ch,28518@lxlicen02.cern.ch,28518@lxlicen03.cern.ch:/cvmfs/projects.cern.ch/intelsw/psxe/linux/licenses
Intel(R) Parallel Studio XE 2018 Update 2 for Linux*
Copyright (C) 2009-2018 Intel Corporation. All rights reserved.
8500
AMSCommonsI-I-HardwareIdentifiedAs Linux 3.10.0-957.12.2.el7.x86_64 x86_64 2
AMSCommonsI-I-Identified as LittleEndian 64 bit machine. 4294967295
AMSCommonsI-I-amsdatabase /cvmfs/ams.cern.ch/Offline/AMSDataDir/DataBase/
AMSCommonsI-I-MipsFromCPUInfo: 2394.45
AMSCommonsI-I-SystemIdentified as  Intel(R) Xeon(R) CPU E5-2630 v3 @ 2.40GHz
AMSCommonsI-I-ComputerEvaluatedAsMips 3831
AMS Software version v5.02/1220/12 built Fri Apr 19 23:54:38 2019

Geant4  Version 1033
Run ID: 104 Bartel: 77
Input Destination: /eos/ams/user/s/selu/mdst/He122/mdst_60441644.root
Output Destination: /afs/cern.ch/work/c/ctuysuz/private/he_flux/LSF/result_mc_time/time_77/he_flux_77_104.root
Add hist00 from /eos/ams/user/s/selu/mdst/He122/mdst_60441644.root
Start of Init
Use new binning
Start of Eventloop
Ntr, Nent= 1 437153
IsMC= 1
Parameter[0] = -2.48824
Parameter[1] = -2.95955
Parameter[2] = -3.57956
Parameter[3] = -5.5244
Parameter[4] = 0.0142674
Parameter[5] = -2.38492
mdfil_info:  10.0%    6 sec CPU:  33.0%
mdfil_info:  20.0%    9 sec CPU:  40.5%
mdfil_info:  30.0%   13 sec CPU:  40.7%
mdfil_info:  40.0%   16 sec CPU:  43.1%
mdfil_info:  50.0%   23 sec CPU:  36.8%
mdfil_info:  60.0%   28 sec CPU:  35.4%
mdfil_info:  70.0%   32 sec CPU:  36.1%
mdfil_info:  80.0%   36 sec CPU:  36.9%
mdfil_info:  90.0%   38 sec CPU:  38.4%
mdfil_info: 100.0%   43 sec CPU:  38.3%
mdfil_info: 100.0%   43 sec CPU:  38.3%
23215
AMSCommonsI-I-HardwareIdentifiedAs Linux 3.10.0-957.12.2.el7.x86_64 x86_64 2
AMSCommonsI-I-Identified as LittleEndian 64 bit machine. 4294967295
AMSCommonsI-I-amsdatabase /cvmfs/ams.cern.ch/Offline/AMSDataDir/DataBase/
AMSCommonsI-I-MipsFromCPUInfo: 2394.45
AMSCommonsI-I-SystemIdentified as  Intel(R) Xeon(R) CPU E5-2630 v3 @ 2.40GHz
AMSCommonsI-I-ComputerEvaluatedAsMips 3831
AMS Software version v5.02/1220/12 built Fri Apr 19 23:54:38 2019

Geant4  Version 1033
Run ID: 286 Bartel: 50
Input Destination: /eos/ams/user/s/selu/mdst/He122/mdst_60441826.root
Output Destination: /afs/cern.ch/work/c/ctuysuz/private/he_flux/LSF/result_mc_time/time_50/he_flux_50_286.root
Add hist00 from /eos/ams/user/s/selu/mdst/He122/mdst_60441826.root
Start of Init
Use new binning
Start of Eventloop
Ntr, Nent= 1 441256
IsMC= 1
Parameter[0] = -2.73471
Parameter[1] = -3.0684
Parameter[2] = -3.6261
Parameter[3] = -5.53452
Parameter[4] = 0.161673
Parameter[5] = -2.21662
mdfil_info:  10.0%    2 sec CPU:  75.4%
mdfil_info:  20.0%    5 sec CPU:  80.8%
mdfil_info:  30.0%    6 sec CPU:  83.0%
mdfil_info:  40.0%    8 sec CPU:  84.5%
mdfil_info:  50.0%   10 sec CPU:  85.5%
mdfil_info:  60.0%   12 sec CPU:  86.2%
mdfil_info:  70.0%   13 sec CPU:  86.8%
mdfil_info:  80.0%   15 sec CPU:  87.1%
mdfil_info:  90.0%   17 sec CPU:  87.4%
mdfil_info: 100.0%   19 sec CPU:  87.0%
mdfil_info: 100.0%   19 sec CPU:  86.9%
37930
AMSCommonsI-I-HardwareIdentifiedAs Linux 3.10.0-957.12.2.el7.x86_64 x86_64 2
AMSCommonsI-I-Identified as LittleEndian 64 bit machine. 4294967295
AMSCommonsI-I-amsdatabase /cvmfs/ams.cern.ch/Offline/AMSDataDir/DataBase/
AMSCommonsI-I-MipsFromCPUInfo: 2394.45
AMSCommonsI-I-SystemIdentified as  Intel(R) Xeon(R) CPU E5-2630 v3 @ 2.40GHz
AMSCommonsI-I-ComputerEvaluatedAsMips 3831
AMS Software version v5.02/1220/12 built Fri Apr 19 23:54:38 2019

Geant4  Version 1033
Run ID: 468 Bartel: 23
Input Destination: /eos/ams/user/s/selu/mdst/He314/mdst_120929868.root
Output Destination: /afs/cern.ch/work/c/ctuysuz/private/he_flux/LSF/result_mc_time/time_23/he_flux_23_468.root
Add hist00 from /eos/ams/user/s/selu/mdst/He314/mdst_120929868.root
Start of Init
Use new binning
Start of Eventloop
Ntr, Nent= 1 109603
IsMC= 1
Parameter[0] = -2.68031
Parameter[1] = -3.0282
Parameter[2] = -3.60077
Parameter[3] = -5.50631
Parameter[4] = 0.188664
Parameter[5] = -2.1921
mdfil_info:  10.0%    1 sec CPU:  77.8%
mdfil_info:  20.0%    1 sec CPU:  78.6%
mdfil_info:  30.0%    2 sec CPU:  78.7%
mdfil_info:  40.0%    2 sec CPU:  81.6%
mdfil_info:  50.0%    2 sec CPU:  82.9%
mdfil_info:  60.0%    3 sec CPU:  83.8%
mdfil_info:  70.0%    3 sec CPU:  85.2%
mdfil_info:  80.0%    4 sec CPU:  85.7%
mdfil_info:  90.0%    4 sec CPU:  86.1%
mdfil_info: 100.0%    5 sec CPU:  86.8%
mdfil_info: 100.0%    5 sec CPU:  86.8%
