WARN: the 'eosmount' alias is deprecated, please use /eos directly
License ports: 28518@lxlicen01.cern.ch,28518@lxlicen02.cern.ch,28518@lxlicen03.cern.ch:/cvmfs/projects.cern.ch/intelsw/psxe/linux/licenses
Intel(R) Parallel Studio XE 2018 Update 2 for Linux*
Copyright (C) 2009-2018 Intel Corporation. All rights reserved.
10042
AMSCommonsI-I-HardwareIdentifiedAs Linux 3.10.0-957.10.1.el7.x86_64 x86_64 2
AMSCommonsI-I-Identified as LittleEndian 64 bit machine. 4294967295
AMSCommonsI-I-amsdatabase /cvmfs/ams.cern.ch/Offline/AMSDataDir/DataBase/
AMSCommonsI-I-MipsFromCPUInfo: 2194.92
AMSCommonsI-I-SystemIdentified as  Intel(R) Xeon(R) CPU E5-2630 v4 @ 2.20GHz
AMSCommonsI-I-ComputerEvaluatedAsMips 3511
AMS Software version v5.02/1220/12 built Fri Apr 19 23:54:38 2019

Geant4  Version 1033
Run ID: 123 Bartel: 80
Input Destination: /eos/ams/user/s/selu/mdst/He122/mdst_60441663.root
Output Destination: /afs/cern.ch/work/c/ctuysuz/private/he_flux/LSF/result_mc_time/time_80/he_flux_80_123.root
Add hist00 from /eos/ams/user/s/selu/mdst/He122/mdst_60441663.root
Start of Init
Use new binning
Start of Eventloop
Ntr, Nent= 1 436817
IsMC= 1
Parameter[0] = -2.47357
Parameter[1] = -2.95263
Parameter[2] = -3.57222
Parameter[3] = -5.51993
Parameter[4] = -0.016679
Parameter[5] = -2.31576
mdfil_info:  10.0%   18 sec CPU:  12.3%
mdfil_info:  20.0%   26 sec CPU:  17.0%
mdfil_info:  30.0%   34 sec CPU:  18.9%
mdfil_info:  40.0%   43 sec CPU:  19.8%
mdfil_info:  50.0%   51 sec CPU:  20.8%
mdfil_info:  60.0%   58 sec CPU:  21.6%
mdfil_info:  70.0%   66 sec CPU:  22.2%
mdfil_info:  80.0%   74 sec CPU:  22.6%
mdfil_info:  90.0%   81 sec CPU:  23.2%
mdfil_info: 100.0%   88 sec CPU:  23.5%
mdfil_info: 100.0%   88 sec CPU:  23.5%
24757
AMSCommonsI-I-HardwareIdentifiedAs Linux 3.10.0-957.10.1.el7.x86_64 x86_64 2
AMSCommonsI-I-Identified as LittleEndian 64 bit machine. 4294967295
AMSCommonsI-I-amsdatabase /cvmfs/ams.cern.ch/Offline/AMSDataDir/DataBase/
AMSCommonsI-I-MipsFromCPUInfo: 2194.92
AMSCommonsI-I-SystemIdentified as  Intel(R) Xeon(R) CPU E5-2630 v4 @ 2.20GHz
AMSCommonsI-I-ComputerEvaluatedAsMips 3511
AMS Software version v5.02/1220/12 built Fri Apr 19 23:54:38 2019

Geant4  Version 1033
Run ID: 305 Bartel: 53
Input Destination: /eos/ams/user/s/selu/mdst/He122/mdst_60441845.root
Output Destination: /afs/cern.ch/work/c/ctuysuz/private/he_flux/LSF/result_mc_time/time_53/he_flux_53_305.root
Add hist00 from /eos/ams/user/s/selu/mdst/He122/mdst_60441845.root
Start of Init
Use new binning
Start of Eventloop
Ntr, Nent= 1 419580
IsMC= 1
Parameter[0] = -2.79614
Parameter[1] = -3.0736
Parameter[2] = -3.62637
Parameter[3] = -5.54999
Parameter[4] = 0.554084
Parameter[5] = -2.43435
mdfil_info:  10.0%    7 sec CPU:  29.7%
mdfil_info:  20.0%   12 sec CPU:  33.4%
mdfil_info:  30.0%   14 sec CPU:  41.5%
mdfil_info:  40.0%   18 sec CPU:  43.3%
mdfil_info:  50.0%   24 sec CPU:  39.5%
mdfil_info:  60.0%   27 sec CPU:  42.0%
mdfil_info:  70.0%   31 sec CPU:  43.0%
mdfil_info:  80.0%   38 sec CPU:  40.6%
mdfil_info:  90.0%   41 sec CPU:  41.6%
mdfil_info: 100.0%   44 sec CPU:  43.3%
39472
AMSCommonsI-I-HardwareIdentifiedAs Linux 3.10.0-957.10.1.el7.x86_64 x86_64 2
AMSCommonsI-I-Identified as LittleEndian 64 bit machine. 4294967295
AMSCommonsI-I-amsdatabase /cvmfs/ams.cern.ch/Offline/AMSDataDir/DataBase/
AMSCommonsI-I-MipsFromCPUInfo: 2194.92
AMSCommonsI-I-SystemIdentified as  Intel(R) Xeon(R) CPU E5-2630 v4 @ 2.20GHz
AMSCommonsI-I-ComputerEvaluatedAsMips 3511
AMS Software version v5.02/1220/12 built Fri Apr 19 23:54:38 2019

Geant4  Version 1033
Run ID: 487 Bartel: 26
Input Destination: /eos/ams/user/s/selu/mdst/He314/mdst_120929887.root
Output Destination: /afs/cern.ch/work/c/ctuysuz/private/he_flux/LSF/result_mc_time/time_26/he_flux_26_487.root
Add hist00 from /eos/ams/user/s/selu/mdst/He314/mdst_120929887.root
Start of Init
Use new binning
Start of Eventloop
Ntr, Nent= 1 109360
IsMC= 1
Parameter[0] = -2.69537
Parameter[1] = -3.03409
Parameter[2] = -3.6054
Parameter[3] = -5.53507
Parameter[4] = 0.209297
Parameter[5] = -2.37536
mdfil_info:  10.0%    4 sec CPU:  14.2%
mdfil_info:  20.0%    6 sec CPU:  19.9%
mdfil_info:  30.0%    9 sec CPU:  19.1%
mdfil_info:  40.0%    9 sec CPU:  23.5%
mdfil_info:  50.0%   10 sec CPU:  27.5%
mdfil_info:  60.0%   11 sec CPU:  31.0%
mdfil_info:  70.0%   11 sec CPU:  34.2%
mdfil_info:  80.0%   12 sec CPU:  36.8%
mdfil_info:  90.0%   12 sec CPU:  39.1%
mdfil_info: 100.0%   13 sec CPU:  41.2%
