WARN: the 'eosmount' alias is deprecated, please use /eos directly
License ports: 28518@lxlicen01.cern.ch,28518@lxlicen02.cern.ch,28518@lxlicen03.cern.ch:/cvmfs/projects.cern.ch/intelsw/psxe/linux/licenses
Intel(R) Parallel Studio XE 2018 Update 2 for Linux*
Copyright (C) 2009-2018 Intel Corporation. All rights reserved.
9049
AMSCommonsI-I-HardwareIdentifiedAs Linux 3.10.0-957.1.3.el7.x86_64 x86_64 2
AMSCommonsI-I-Identified as LittleEndian 64 bit machine. 4294967295
AMSCommonsI-I-amsdatabase /cvmfs/ams.cern.ch/Offline/AMSDataDir/DataBase/
AMSCommonsI-I-MipsFromCPUInfo: 2194.92
AMSCommonsI-I-SystemIdentified as  Intel(R) Xeon(R) CPU E5-2650 v4 @ 2.20GHz
AMSCommonsI-I-ComputerEvaluatedAsMips 3511
AMS Software version v5.02/1220/12 built Fri Apr 19 23:54:38 2019

Geant4  Version 1033
Run ID: 111 Bartel: 59
Input Destination: /eos/ams/user/s/selu/mdst/He122/mdst_60441651.root
Output Destination: /afs/cern.ch/work/c/ctuysuz/private/he_flux/LSF/result_mc_time/time_59/he_flux_59_111.root
Add hist00 from /eos/ams/user/s/selu/mdst/He122/mdst_60441651.root
Start of Init
Use new binning
Start of Eventloop
Ntr, Nent= 1 441293
IsMC= 1
Parameter[0] = -2.68656
Parameter[1] = -3.03432
Parameter[2] = -3.61157
Parameter[3] = -5.53634
Parameter[4] = 0.355938
Parameter[5] = -2.28628
mdfil_info:  10.0%   19 sec CPU:  11.9%
mdfil_info:  20.0%   25 sec CPU:  17.2%
mdfil_info:  30.0%   32 sec CPU:  20.3%
mdfil_info:  40.0%   38 sec CPU:  22.1%
mdfil_info:  50.0%   44 sec CPU:  23.6%
mdfil_info:  60.0%   51 sec CPU:  24.4%
mdfil_info:  70.0%   59 sec CPU:  24.9%
mdfil_info:  80.0%   66 sec CPU:  25.2%
mdfil_info:  90.0%   73 sec CPU:  25.6%
mdfil_info: 100.0%   79 sec CPU:  26.1%
mdfil_info: 100.0%   79 sec CPU:  26.1%
23764
AMSCommonsI-I-HardwareIdentifiedAs Linux 3.10.0-957.1.3.el7.x86_64 x86_64 2
AMSCommonsI-I-Identified as LittleEndian 64 bit machine. 4294967295
AMSCommonsI-I-amsdatabase /cvmfs/ams.cern.ch/Offline/AMSDataDir/DataBase/
AMSCommonsI-I-MipsFromCPUInfo: 2194.92
AMSCommonsI-I-SystemIdentified as  Intel(R) Xeon(R) CPU E5-2650 v4 @ 2.20GHz
AMSCommonsI-I-ComputerEvaluatedAsMips 3511
AMS Software version v5.02/1220/12 built Fri Apr 19 23:54:38 2019

Geant4  Version 1033
Run ID: 293 Bartel: 32
Input Destination: /eos/ams/user/s/selu/mdst/He122/mdst_60441833.root
Output Destination: /afs/cern.ch/work/c/ctuysuz/private/he_flux/LSF/result_mc_time/time_32/he_flux_32_293.root
Add hist00 from /eos/ams/user/s/selu/mdst/He122/mdst_60441833.root
Start of Init
Use new binning
Start of Eventloop
Ntr, Nent= 1 437833
IsMC= 1
Parameter[0] = -2.77785
Parameter[1] = -3.05134
Parameter[2] = -3.60147
Parameter[3] = -5.53079
Parameter[4] = 0.319411
Parameter[5] = -2.38899
mdfil_info:  10.0%   27 sec CPU:   8.1%
mdfil_info:  20.0%   37 sec CPU:  11.2%
mdfil_info:  30.0%   45 sec CPU:  13.5%
mdfil_info:  40.0%   54 sec CPU:  15.1%
mdfil_info:  50.0%   63 sec CPU:  16.1%
mdfil_info:  60.0%   71 sec CPU:  17.0%
mdfil_info:  70.0%   83 sec CPU:  17.0%
mdfil_info:  80.0%   93 sec CPU:  17.1%
mdfil_info:  90.0%  105 sec CPU:  17.0%
mdfil_info: 100.0%  116 sec CPU:  17.1%
mdfil_info: 100.0%  116 sec CPU:  17.1%
38479
AMSCommonsI-I-HardwareIdentifiedAs Linux 3.10.0-957.1.3.el7.x86_64 x86_64 2
AMSCommonsI-I-Identified as LittleEndian 64 bit machine. 4294967295
AMSCommonsI-I-amsdatabase /cvmfs/ams.cern.ch/Offline/AMSDataDir/DataBase/
AMSCommonsI-I-MipsFromCPUInfo: 2194.92
AMSCommonsI-I-SystemIdentified as  Intel(R) Xeon(R) CPU E5-2650 v4 @ 2.20GHz
AMSCommonsI-I-ComputerEvaluatedAsMips 3511
AMS Software version v5.02/1220/12 built Fri Apr 19 23:54:38 2019

Geant4  Version 1033
Run ID: 475 Bartel: 5
Input Destination: /eos/ams/user/s/selu/mdst/He314/mdst_120929875.root
Output Destination: /afs/cern.ch/work/c/ctuysuz/private/he_flux/LSF/result_mc_time/time_5/he_flux_5_475.root
Add hist00 from /eos/ams/user/s/selu/mdst/He314/mdst_120929875.root
Start of Init
Use new binning
Start of Eventloop
Ntr, Nent= 1 121920
IsMC= 1
Parameter[0] = -2.62631
Parameter[1] = -3.02179
Parameter[2] = -3.60875
Parameter[3] = -5.5302
Parameter[4] = 0.0850909
Parameter[5] = -2.38189
mdfil_info:  10.0%    1 sec CPU:  68.2%
mdfil_info:  20.0%    2 sec CPU:  69.1%
mdfil_info:  30.0%    2 sec CPU:  72.8%
mdfil_info:  40.0%    3 sec CPU:  76.4%
mdfil_info:  50.0%    4 sec CPU:  78.3%
mdfil_info:  60.0%    4 sec CPU:  79.7%
mdfil_info:  70.0%    5 sec CPU:  79.9%
mdfil_info:  80.0%    5 sec CPU:  80.1%
mdfil_info:  90.0%    6 sec CPU:  80.9%
mdfil_info: 100.0%    7 sec CPU:  81.4%
