WARN: the 'eosmount' alias is deprecated, please use /eos directly
License ports: 28518@lxlicen01.cern.ch,28518@lxlicen02.cern.ch,28518@lxlicen03.cern.ch:/cvmfs/projects.cern.ch/intelsw/psxe/linux/licenses
Intel(R) Parallel Studio XE 2018 Update 2 for Linux*
Copyright (C) 2009-2018 Intel Corporation. All rights reserved.
13552
AMSCommonsI-I-HardwareIdentifiedAs Linux 3.10.0-957.12.1.el7.x86_64 x86_64 2
AMSCommonsI-I-Identified as LittleEndian 64 bit machine. 4294967295
AMSCommonsI-I-amsdatabase /cvmfs/ams.cern.ch/Offline/AMSDataDir/DataBase/
AMSCommonsI-I-MipsFromCPUInfo: 2394.45
AMSCommonsI-I-SystemIdentified as  Intel(R) Xeon(R) CPU E5-2630 v3 @ 2.40GHz
AMSCommonsI-I-ComputerEvaluatedAsMips 3831
AMS Software version v5.02/1220/12 built Fri Apr 19 23:54:38 2019

Geant4  Version 1033
Run ID: 167 Bartel: 26
Input Destination: /eos/ams/user/s/selu/mdst/He122/mdst_60441707.root
Output Destination: /afs/cern.ch/work/c/ctuysuz/private/he_flux/LSF/result_mc_time/time_26/he_flux_26_167.root
Add hist00 from /eos/ams/user/s/selu/mdst/He122/mdst_60441707.root
Start of Init
Use new binning
Start of Eventloop
Ntr, Nent= 1 396226
IsMC= 1
Parameter[0] = -2.69537
Parameter[1] = -3.03409
Parameter[2] = -3.6054
Parameter[3] = -5.53507
Parameter[4] = 0.209297
Parameter[5] = -2.37536
mdfil_info:  10.0%   15 sec CPU:  12.9%
mdfil_info:  20.0%   20 sec CPU:  18.4%
mdfil_info:  30.0%   25 sec CPU:  22.0%
mdfil_info:  40.0%   30 sec CPU:  24.4%
mdfil_info:  50.0%   36 sec CPU:  27.6%
mdfil_info:  60.0%   46 sec CPU:  25.6%
mdfil_info:  70.0%   51 sec CPU:  26.3%
mdfil_info:  80.0%   58 sec CPU:  26.1%
mdfil_info:  90.0%   69 sec CPU:  24.9%
mdfil_info: 100.0%   75 sec CPU:  25.3%
mdfil_info: 100.0%   75 sec CPU:  25.3%
28267
AMSCommonsI-I-HardwareIdentifiedAs Linux 3.10.0-957.12.1.el7.x86_64 x86_64 2
AMSCommonsI-I-Identified as LittleEndian 64 bit machine. 4294967295
AMSCommonsI-I-amsdatabase /cvmfs/ams.cern.ch/Offline/AMSDataDir/DataBase/
AMSCommonsI-I-MipsFromCPUInfo: 2394.45
AMSCommonsI-I-SystemIdentified as  Intel(R) Xeon(R) CPU E5-2630 v3 @ 2.40GHz
AMSCommonsI-I-ComputerEvaluatedAsMips 3831
AMS Software version v5.02/1220/12 built Fri Apr 19 23:54:38 2019

Geant4  Version 1033
Run ID: 348 Bartel: 80
Input Destination: /eos/ams/user/s/selu/mdst/He122/mdst_60441888.root
Output Destination: /afs/cern.ch/work/c/ctuysuz/private/he_flux/LSF/result_mc_time/time_80/he_flux_80_348.root
Add hist00 from /eos/ams/user/s/selu/mdst/He122/mdst_60441888.root
Start of Init
Use new binning
Start of Eventloop
Ntr, Nent= 1 439405
IsMC= 1
Parameter[0] = -2.47357
Parameter[1] = -2.95263
Parameter[2] = -3.57222
Parameter[3] = -5.51993
Parameter[4] = -0.016679
Parameter[5] = -2.31576
mdfil_info:  10.0%    3 sec CPU:  75.0%
mdfil_info:  20.0%    5 sec CPU:  80.2%
mdfil_info:  30.0%    7 sec CPU:  83.0%
mdfil_info:  40.0%    9 sec CPU:  84.2%
mdfil_info:  50.0%   11 sec CPU:  85.4%
mdfil_info:  60.0%   13 sec CPU:  85.8%
mdfil_info:  70.0%   16 sec CPU:  86.5%
mdfil_info:  80.0%   18 sec CPU:  86.9%
mdfil_info:  90.0%   20 sec CPU:  87.3%
mdfil_info: 100.0%   21 sec CPU:  87.6%
mdfil_info: 100.0%   21 sec CPU:  87.6%
42982
AMSCommonsI-I-HardwareIdentifiedAs Linux 3.10.0-957.12.1.el7.x86_64 x86_64 2
AMSCommonsI-I-Identified as LittleEndian 64 bit machine. 4294967295
AMSCommonsI-I-amsdatabase /cvmfs/ams.cern.ch/Offline/AMSDataDir/DataBase/
AMSCommonsI-I-MipsFromCPUInfo: 2394.45
AMSCommonsI-I-SystemIdentified as  Intel(R) Xeon(R) CPU E5-2630 v3 @ 2.40GHz
AMSCommonsI-I-ComputerEvaluatedAsMips 3831
AMS Software version v5.02/1220/12 built Fri Apr 19 23:54:38 2019

Geant4  Version 1033
Run ID: 530 Bartel: 53
Input Destination: /eos/ams/user/s/selu/mdst/He314/mdst_120929933.root
Output Destination: /afs/cern.ch/work/c/ctuysuz/private/he_flux/LSF/result_mc_time/time_53/he_flux_53_530.root
Add hist00 from /eos/ams/user/s/selu/mdst/He314/mdst_120929933.root
Start of Init
Use new binning
Start of Eventloop
Ntr, Nent= 1 122489
IsMC= 1
Parameter[0] = -2.79614
Parameter[1] = -3.0736
Parameter[2] = -3.62637
Parameter[3] = -5.54999
Parameter[4] = 0.554084
Parameter[5] = -2.43435
mdfil_info:  10.0%    6 sec CPU:  10.3%
mdfil_info:  20.0%   11 sec CPU:  11.1%
mdfil_info:  30.0%   16 sec CPU:  12.3%
mdfil_info:  40.0%   17 sec CPU:  15.0%
mdfil_info:  50.0%   19 sec CPU:  17.1%
mdfil_info:  60.0%   20 sec CPU:  18.6%
mdfil_info:  70.0%   21 sec CPU:  20.2%
mdfil_info:  80.0%   23 sec CPU:  21.0%
mdfil_info:  90.0%   24 sec CPU:  22.1%
mdfil_info: 100.0%   25 sec CPU:  23.1%
mdfil_info: 100.0%   25 sec CPU:  23.1%
