WARN: the 'eosmount' alias is deprecated, please use /eos directly
License ports: 28518@lxlicen01.cern.ch,28518@lxlicen02.cern.ch,28518@lxlicen03.cern.ch:/cvmfs/projects.cern.ch/intelsw/psxe/linux/licenses
Intel(R) Parallel Studio XE 2018 Update 2 for Linux*
Copyright (C) 2009-2018 Intel Corporation. All rights reserved.
65
AMSCommonsI-I-HardwareIdentifiedAs Linux 3.10.0-957.10.1.el7.x86_64 x86_64 2
AMSCommonsI-I-Identified as LittleEndian 64 bit machine. 4294967295
AMSCommonsI-I-amsdatabase /cvmfs/ams.cern.ch/Offline/AMSDataDir/DataBase/
AMSCommonsI-I-MipsFromCPUInfo: 2194.92
AMSCommonsI-I-SystemIdentified as  Intel(R) Xeon(R) CPU E5-2630 v4 @ 2.20GHz
AMSCommonsI-I-ComputerEvaluatedAsMips 3511
AMS Software version v5.02/1220/12 built Fri Apr 19 23:54:38 2019

Geant4  Version 1033
Run ID: 0 Bartel: 66
Input Destination: /eos/ams/user/s/selu/mdst/He122/mdst_60441539.root
Output Destination: /afs/cern.ch/work/c/ctuysuz/private/he_flux/LSF/result_mc_time/time_66/he_flux_66_0.root
Add hist00 from /eos/ams/user/s/selu/mdst/He122/mdst_60441539.root
Start of Init
Use new binning
Start of Eventloop
Ntr, Nent= 1 131394
IsMC= 1
Parameter[0] = -2.5779
Parameter[1] = -2.99002
Parameter[2] = -3.59372
Parameter[3] = -5.46372
Parameter[4] = 0.117988
Parameter[5] = -1.94602
mdfil_info:  10.0%    1 sec CPU:  72.8%
mdfil_info:  20.0%    1 sec CPU:  73.6%
mdfil_info:  30.0%    2 sec CPU:  77.0%
mdfil_info:  40.0%    2 sec CPU:  80.0%
mdfil_info:  50.0%    3 sec CPU:  81.5%
mdfil_info:  60.0%    3 sec CPU:  83.1%
mdfil_info:  70.0%    4 sec CPU:  84.1%
mdfil_info:  80.0%    4 sec CPU:  84.6%
mdfil_info:  90.0%    5 sec CPU:  85.3%
mdfil_info: 100.0%    5 sec CPU:  85.9%
mdfil_info: 100.0%    5 sec CPU:  85.9%
14780
AMSCommonsI-I-HardwareIdentifiedAs Linux 3.10.0-957.10.1.el7.x86_64 x86_64 2
AMSCommonsI-I-Identified as LittleEndian 64 bit machine. 4294967295
AMSCommonsI-I-amsdatabase /cvmfs/ams.cern.ch/Offline/AMSDataDir/DataBase/
AMSCommonsI-I-MipsFromCPUInfo: 2194.92
AMSCommonsI-I-SystemIdentified as  Intel(R) Xeon(R) CPU E5-2630 v4 @ 2.20GHz
AMSCommonsI-I-ComputerEvaluatedAsMips 3511
AMS Software version v5.02/1220/12 built Fri Apr 19 23:54:38 2019

Geant4  Version 1033
Run ID: 182 Bartel: 39
Input Destination: /eos/ams/user/s/selu/mdst/He122/mdst_60441722.root
Output Destination: /afs/cern.ch/work/c/ctuysuz/private/he_flux/LSF/result_mc_time/time_39/he_flux_39_182.root
Add hist00 from /eos/ams/user/s/selu/mdst/He122/mdst_60441722.root
Start of Init
Use new binning
Start of Eventloop
Ntr, Nent= 1 438674
IsMC= 1
Parameter[0] = -2.81505
Parameter[1] = -3.07484
Parameter[2] = -3.62471
Parameter[3] = -5.62014
Parameter[4] = 0.622835
Parameter[5] = -2.8044
mdfil_info:  10.0%   20 sec CPU:   8.8%
mdfil_info:  20.0%   25 sec CPU:  13.6%
mdfil_info:  30.0%   30 sec CPU:  16.5%
mdfil_info:  40.0%   36 sec CPU:  18.3%
mdfil_info:  50.0%   42 sec CPU:  19.4%
mdfil_info:  60.0%   48 sec CPU:  20.4%
mdfil_info:  70.0%   54 sec CPU:  21.1%
mdfil_info:  80.0%   60 sec CPU:  21.7%
mdfil_info:  90.0%   69 sec CPU:  21.2%
mdfil_info: 100.0%   74 sec CPU:  21.9%
mdfil_info: 100.0%   74 sec CPU:  21.9%
29495
AMSCommonsI-I-HardwareIdentifiedAs Linux 3.10.0-957.10.1.el7.x86_64 x86_64 2
AMSCommonsI-I-Identified as LittleEndian 64 bit machine. 4294967295
AMSCommonsI-I-amsdatabase /cvmfs/ams.cern.ch/Offline/AMSDataDir/DataBase/
AMSCommonsI-I-MipsFromCPUInfo: 2194.92
AMSCommonsI-I-SystemIdentified as  Intel(R) Xeon(R) CPU E5-2630 v4 @ 2.20GHz
AMSCommonsI-I-ComputerEvaluatedAsMips 3511
AMS Software version v5.02/1220/12 built Fri Apr 19 23:54:38 2019

Geant4  Version 1033
Run ID: 364 Bartel: 12
Input Destination: /eos/ams/user/s/selu/mdst/He122/mdst_60442252.root
Output Destination: /afs/cern.ch/work/c/ctuysuz/private/he_flux/LSF/result_mc_time/time_12/he_flux_12_364.root
Add hist00 from /eos/ams/user/s/selu/mdst/He122/mdst_60442252.root
Start of Init
Use new binning
Start of Eventloop
Ntr, Nent= 1 437764
IsMC= 1
Parameter[0] = -2.69683
Parameter[1] = -3.04779
Parameter[2] = -3.61865
Parameter[3] = -5.53473
Parameter[4] = 0.213856
Parameter[5] = -2.39642
mdfil_info:  10.0%    2 sec CPU:  74.6%
mdfil_info:  20.0%    4 sec CPU:  80.7%
mdfil_info:  30.0%    6 sec CPU:  83.2%
mdfil_info:  40.0%    8 sec CPU:  84.7%
mdfil_info:  50.0%    9 sec CPU:  85.4%
mdfil_info:  60.0%   11 sec CPU:  86.3%
mdfil_info:  70.0%   13 sec CPU:  86.7%
mdfil_info:  80.0%   15 sec CPU:  87.1%
mdfil_info:  90.0%   16 sec CPU:  87.5%
mdfil_info: 100.0%   18 sec CPU:  87.7%
mdfil_info: 100.0%   18 sec CPU:  87.7%
