WARN: the 'eosmount' alias is deprecated, please use /eos directly
License ports: 28518@lxlicen01.cern.ch,28518@lxlicen02.cern.ch,28518@lxlicen03.cern.ch:/cvmfs/projects.cern.ch/intelsw/psxe/linux/licenses
Intel(R) Parallel Studio XE 2018 Update 2 for Linux*
Copyright (C) 2009-2018 Intel Corporation. All rights reserved.
13783
AMSCommonsI-I-HardwareIdentifiedAs Linux 3.10.0-957.10.1.el7.x86_64 x86_64 2
AMSCommonsI-I-Identified as LittleEndian 64 bit machine. 4294967295
AMSCommonsI-I-amsdatabase /cvmfs/ams.cern.ch/Offline/AMSDataDir/DataBase/
AMSCommonsI-I-MipsFromCPUInfo: 2194.92
AMSCommonsI-I-SystemIdentified as  Intel(R) Xeon(R) CPU E5-2630 v4 @ 2.20GHz
AMSCommonsI-I-ComputerEvaluatedAsMips 3511
AMS Software version v5.02/1220/12 built Fri Apr 19 23:54:38 2019

Geant4  Version 1033
Run ID: 170 Bartel: 14
Input Destination: /eos/ams/user/s/selu/mdst/He122/mdst_60441710.root
Output Destination: /afs/cern.ch/work/c/ctuysuz/private/he_flux/LSF/result_mc_time/time_14/he_flux_14_170.root
Add hist00 from /eos/ams/user/s/selu/mdst/He122/mdst_60441710.root
Start of Init
Use new binning
Start of Eventloop
Ntr, Nent= 1 434411
IsMC= 1
Parameter[0] = -2.62922
Parameter[1] = -3.00854
Parameter[2] = -3.59134
Parameter[3] = -5.49431
Parameter[4] = 0.150366
Parameter[5] = -2.1251
mdfil_info:  10.0%    3 sec CPU:  76.2%
mdfil_info:  20.0%    5 sec CPU:  81.4%
mdfil_info:  30.0%    7 sec CPU:  82.9%
mdfil_info:  40.0%   10 sec CPU:  83.8%
mdfil_info:  50.0%   12 sec CPU:  84.5%
mdfil_info:  60.0%   14 sec CPU:  84.6%
mdfil_info:  70.0%   16 sec CPU:  85.2%
mdfil_info:  80.0%   18 sec CPU:  85.6%
mdfil_info:  90.0%   21 sec CPU:  86.0%
mdfil_info: 100.0%   23 sec CPU:  86.3%
mdfil_info: 100.0%   23 sec CPU:  86.3%
28498
AMSCommonsI-I-HardwareIdentifiedAs Linux 3.10.0-957.10.1.el7.x86_64 x86_64 2
AMSCommonsI-I-Identified as LittleEndian 64 bit machine. 4294967295
AMSCommonsI-I-amsdatabase /cvmfs/ams.cern.ch/Offline/AMSDataDir/DataBase/
AMSCommonsI-I-MipsFromCPUInfo: 2194.92
AMSCommonsI-I-SystemIdentified as  Intel(R) Xeon(R) CPU E5-2630 v4 @ 2.20GHz
AMSCommonsI-I-ComputerEvaluatedAsMips 3511
AMS Software version v5.02/1220/12 built Fri Apr 19 23:54:38 2019

Geant4  Version 1033
Run ID: 351 Bartel: 68
Input Destination: /eos/ams/user/s/selu/mdst/He122/mdst_60442239.root
Output Destination: /afs/cern.ch/work/c/ctuysuz/private/he_flux/LSF/result_mc_time/time_68/he_flux_68_351.root
Add hist00 from /eos/ams/user/s/selu/mdst/He122/mdst_60442239.root
Start of Init
Use new binning
Start of Eventloop
Ntr, Nent= 1 435968
IsMC= 1
Parameter[0] = -2.5639
Parameter[1] = -2.98035
Parameter[2] = -3.58993
Parameter[3] = -5.51419
Parameter[4] = 0.0804353
Parameter[5] = -2.39662
mdfil_info:  10.0%   12 sec CPU:  19.4%
mdfil_info:  20.0%   17 sec CPU:  25.4%
mdfil_info:  30.0%   24 sec CPU:  27.3%
mdfil_info:  40.0%   30 sec CPU:  28.4%
mdfil_info:  50.0%   37 sec CPU:  28.4%
mdfil_info:  60.0%   43 sec CPU:  29.2%
mdfil_info:  70.0%   50 sec CPU:  29.7%
mdfil_info:  80.0%   56 sec CPU:  29.3%
mdfil_info:  90.0%   62 sec CPU:  29.4%
mdfil_info: 100.0%   67 sec CPU:  29.6%
mdfil_info: 100.0%   67 sec CPU:  29.6%
43213
AMSCommonsI-I-HardwareIdentifiedAs Linux 3.10.0-957.10.1.el7.x86_64 x86_64 2
AMSCommonsI-I-Identified as LittleEndian 64 bit machine. 4294967295
AMSCommonsI-I-amsdatabase /cvmfs/ams.cern.ch/Offline/AMSDataDir/DataBase/
AMSCommonsI-I-MipsFromCPUInfo: 2194.92
AMSCommonsI-I-SystemIdentified as  Intel(R) Xeon(R) CPU E5-2630 v4 @ 2.20GHz
AMSCommonsI-I-ComputerEvaluatedAsMips 3511
AMS Software version v5.02/1220/12 built Fri Apr 19 23:54:38 2019

Geant4  Version 1033
Run ID: 533 Bartel: 41
Input Destination: /eos/ams/user/s/selu/mdst/He314/mdst_120929937.root
Output Destination: /afs/cern.ch/work/c/ctuysuz/private/he_flux/LSF/result_mc_time/time_41/he_flux_41_533.root
Add hist00 from /eos/ams/user/s/selu/mdst/He314/mdst_120929937.root
Start of Init
Use new binning
Start of Eventloop
Ntr, Nent= 1 122366
IsMC= 1
Parameter[0] = -2.77453
Parameter[1] = -3.05397
Parameter[2] = -3.61054
Parameter[3] = -5.55839
Parameter[4] = 0.485122
Parameter[5] = -2.44204
mdfil_info:  10.0%    8 sec CPU:   8.8%
mdfil_info:  20.0%   13 sec CPU:   9.9%
mdfil_info:  30.0%   18 sec CPU:  11.1%
mdfil_info:  40.0%   20 sec CPU:  13.4%
mdfil_info:  50.0%   21 sec CPU:  15.3%
mdfil_info:  60.0%   23 sec CPU:  16.9%
mdfil_info:  70.0%   25 sec CPU:  18.2%
mdfil_info:  80.0%   27 sec CPU:  19.1%
mdfil_info:  90.0%   29 sec CPU:  19.5%
mdfil_info: 100.0%   31 sec CPU:  20.3%
mdfil_info: 100.0%   31 sec CPU:  20.3%
