WARN: the 'eosmount' alias is deprecated, please use /eos directly
License ports: 28518@lxlicen01.cern.ch,28518@lxlicen02.cern.ch,28518@lxlicen03.cern.ch:/cvmfs/projects.cern.ch/intelsw/psxe/linux/licenses
Intel(R) Parallel Studio XE 2018 Update 2 for Linux*
Copyright (C) 2009-2018 Intel Corporation. All rights reserved.
4083
AMSCommonsI-I-HardwareIdentifiedAs Linux 3.10.0-957.10.1.el7.x86_64 x86_64 2
AMSCommonsI-I-Identified as LittleEndian 64 bit machine. 4294967295
AMSCommonsI-I-amsdatabase /cvmfs/ams.cern.ch/Offline/AMSDataDir/DataBase/
AMSCommonsI-I-MipsFromCPUInfo: 2194.92
AMSCommonsI-I-SystemIdentified as  Intel(R) Xeon(R) CPU E5-2630 v4 @ 2.20GHz
AMSCommonsI-I-ComputerEvaluatedAsMips 3511
AMS Software version v5.02/1220/12 built Fri Apr 19 23:54:38 2019

Geant4  Version 1033
Run ID: 50 Bartel: 34
Input Destination: /eos/ams/user/s/selu/mdst/He122/mdst_60441589.root
Output Destination: /afs/cern.ch/work/c/ctuysuz/private/he_flux/LSF/result_mc_time/time_34/he_flux_34_50.root
Add hist00 from /eos/ams/user/s/selu/mdst/He122/mdst_60441589.root
Start of Init
Use new binning
Start of Eventloop
Ntr, Nent= 1 398450
IsMC= 1
Parameter[0] = -2.72052
Parameter[1] = -2.99045
Parameter[2] = -3.54577
Parameter[3] = -5.51973
Parameter[4] = 0.499199
Parameter[5] = -2.55339
mdfil_info:  10.0%    2 sec CPU:  77.3%
mdfil_info:  20.0%    5 sec CPU:  81.7%
mdfil_info:  30.0%    7 sec CPU:  83.5%
mdfil_info:  40.0%    9 sec CPU:  84.2%
mdfil_info:  50.0%   11 sec CPU:  84.5%
mdfil_info:  60.0%   14 sec CPU:  84.8%
mdfil_info:  70.0%   16 sec CPU:  85.0%
mdfil_info:  80.0%   18 sec CPU:  85.3%
mdfil_info:  90.0%   20 sec CPU:  85.5%
mdfil_info: 100.0%   22 sec CPU:  85.8%
18798
AMSCommonsI-I-HardwareIdentifiedAs Linux 3.10.0-957.10.1.el7.x86_64 x86_64 2
AMSCommonsI-I-Identified as LittleEndian 64 bit machine. 4294967295
AMSCommonsI-I-amsdatabase /cvmfs/ams.cern.ch/Offline/AMSDataDir/DataBase/
AMSCommonsI-I-MipsFromCPUInfo: 2194.92
AMSCommonsI-I-SystemIdentified as  Intel(R) Xeon(R) CPU E5-2630 v4 @ 2.20GHz
AMSCommonsI-I-ComputerEvaluatedAsMips 3511
AMS Software version v5.02/1220/12 built Fri Apr 19 23:54:38 2019

Geant4  Version 1033
Run ID: 232 Bartel: 7
Input Destination: /eos/ams/user/s/selu/mdst/He122/mdst_60441772.root
Output Destination: /afs/cern.ch/work/c/ctuysuz/private/he_flux/LSF/result_mc_time/time_7/he_flux_7_232.root
Add hist00 from /eos/ams/user/s/selu/mdst/He122/mdst_60441772.root
Start of Init
Use new binning
Start of Eventloop
Ntr, Nent= 1 439689
IsMC= 1
Parameter[0] = -2.6167
Parameter[1] = -3.01884
Parameter[2] = -3.60527
Parameter[3] = -5.52044
Parameter[4] = 0.00890243
Parameter[5] = -2.31265
mdfil_info:  10.0%   17 sec CPU:  13.8%
mdfil_info:  20.0%   24 sec CPU:  18.6%
mdfil_info:  30.0%   31 sec CPU:  20.9%
mdfil_info:  40.0%   38 sec CPU:  22.6%
mdfil_info:  50.0%   45 sec CPU:  23.4%
mdfil_info:  60.0%   52 sec CPU:  24.8%
mdfil_info:  70.0%   59 sec CPU:  25.5%
mdfil_info:  80.0%   66 sec CPU:  26.3%
mdfil_info:  90.0%   72 sec CPU:  26.9%
mdfil_info: 100.0%   79 sec CPU:  27.3%
mdfil_info: 100.0%   79 sec CPU:  27.3%
33513
AMSCommonsI-I-HardwareIdentifiedAs Linux 3.10.0-957.10.1.el7.x86_64 x86_64 2
AMSCommonsI-I-Identified as LittleEndian 64 bit machine. 4294967295
AMSCommonsI-I-amsdatabase /cvmfs/ams.cern.ch/Offline/AMSDataDir/DataBase/
AMSCommonsI-I-MipsFromCPUInfo: 2194.92
AMSCommonsI-I-SystemIdentified as  Intel(R) Xeon(R) CPU E5-2630 v4 @ 2.20GHz
AMSCommonsI-I-ComputerEvaluatedAsMips 3511
AMS Software version v5.02/1220/12 built Fri Apr 19 23:54:38 2019

Geant4  Version 1033
Run ID: 413 Bartel: 61
Input Destination: /eos/ams/user/s/selu/mdst/He122/mdst_60442301.root
Output Destination: /afs/cern.ch/work/c/ctuysuz/private/he_flux/LSF/result_mc_time/time_61/he_flux_61_413.root
Add hist00 from /eos/ams/user/s/selu/mdst/He122/mdst_60442301.root
Start of Init
Use new binning
Start of Eventloop
Ntr, Nent= 1 437037
IsMC= 1
Parameter[0] = -2.66257
Parameter[1] = -3.02879
Parameter[2] = -3.60772
Parameter[3] = -5.54397
Parameter[4] = 0.208408
Parameter[5] = -2.47782
mdfil_info:  10.0%   17 sec CPU:  13.9%
mdfil_info:  20.0%   27 sec CPU:  16.6%
mdfil_info:  30.0%   35 sec CPU:  19.0%
mdfil_info:  40.0%   41 sec CPU:  21.2%
mdfil_info:  50.0%   48 sec CPU:  22.6%
mdfil_info:  60.0%   55 sec CPU:  23.6%
mdfil_info:  70.0%   61 sec CPU:  24.6%
mdfil_info:  80.0%   69 sec CPU:  24.9%
mdfil_info:  90.0%   77 sec CPU:  25.1%
mdfil_info: 100.0%   91 sec CPU:  23.8%
mdfil_info: 100.0%   91 sec CPU:  23.8%
