WARN: the 'eosmount' alias is deprecated, please use /eos directly
License ports: 28518@lxlicen01.cern.ch,28518@lxlicen02.cern.ch,28518@lxlicen03.cern.ch:/cvmfs/projects.cern.ch/intelsw/psxe/linux/licenses
Intel(R) Parallel Studio XE 2018 Update 2 for Linux*
Copyright (C) 2009-2018 Intel Corporation. All rights reserved.
7940
AMSCommonsI-I-HardwareIdentifiedAs Linux 3.10.0-957.10.1.el7.x86_64 x86_64 2
AMSCommonsI-I-Identified as LittleEndian 64 bit machine. 4294967295
AMSCommonsI-I-amsdatabase /cvmfs/ams.cern.ch/Offline/AMSDataDir/DataBase/
AMSCommonsI-I-MipsFromCPUInfo: 2194.92
AMSCommonsI-I-SystemIdentified as  Intel(R) Xeon(R) CPU E5-2630 v4 @ 2.20GHz
AMSCommonsI-I-ComputerEvaluatedAsMips 3511
AMS Software version v5.02/1220/12 built Fri Apr 19 23:54:38 2019

Geant4  Version 1033
Run ID: 98 Bartel: 3
Input Destination: /eos/ams/user/s/selu/mdst/He122/mdst_60441638.root
Output Destination: /afs/cern.ch/work/c/ctuysuz/private/he_flux/LSF/result_mc_time/time_3/he_flux_3_98.root
Add hist00 from /eos/ams/user/s/selu/mdst/He122/mdst_60441638.root
Start of Init
Use new binning
Start of Eventloop
Ntr, Nent= 1 435988
IsMC= 1
Parameter[0] = -2.60444
Parameter[1] = -2.96917
Parameter[2] = -3.55869
Parameter[3] = -5.49263
Parameter[4] = 0.194958
Parameter[5] = -2.37354
mdfil_info:  10.0%    2 sec CPU:  75.7%
mdfil_info:  20.0%    5 sec CPU:  79.2%
mdfil_info:  30.0%    7 sec CPU:  79.9%
mdfil_info:  40.0%    9 sec CPU:  81.9%
mdfil_info:  50.0%   11 sec CPU:  83.9%
mdfil_info:  60.0%   12 sec CPU:  84.3%
mdfil_info:  70.0%   14 sec CPU:  84.7%
mdfil_info:  80.0%   16 sec CPU:  85.0%
mdfil_info:  90.0%   19 sec CPU:  83.2%
mdfil_info: 100.0%   21 sec CPU:  83.1%
mdfil_info: 100.0%   21 sec CPU:  83.1%
22655
AMSCommonsI-I-HardwareIdentifiedAs Linux 3.10.0-957.10.1.el7.x86_64 x86_64 2
AMSCommonsI-I-Identified as LittleEndian 64 bit machine. 4294967295
AMSCommonsI-I-amsdatabase /cvmfs/ams.cern.ch/Offline/AMSDataDir/DataBase/
AMSCommonsI-I-MipsFromCPUInfo: 2194.92
AMSCommonsI-I-SystemIdentified as  Intel(R) Xeon(R) CPU E5-2630 v4 @ 2.20GHz
AMSCommonsI-I-ComputerEvaluatedAsMips 3511
AMS Software version v5.02/1220/12 built Fri Apr 19 23:54:38 2019

Geant4  Version 1033
Run ID: 279 Bartel: 57
Input Destination: /eos/ams/user/s/selu/mdst/He122/mdst_60441819.root
Output Destination: /afs/cern.ch/work/c/ctuysuz/private/he_flux/LSF/result_mc_time/time_57/he_flux_57_279.root
Add hist00 from /eos/ams/user/s/selu/mdst/He122/mdst_60441819.root
Start of Init
Use new binning
Start of Eventloop
Ntr, Nent= 1 438009
IsMC= 1
Parameter[0] = -2.70293
Parameter[1] = -3.03976
Parameter[2] = -3.61538
Parameter[3] = -5.54214
Parameter[4] = 0.274724
Parameter[5] = -2.38056
mdfil_info:  10.0%   18 sec CPU:  12.1%
mdfil_info:  20.0%   25 sec CPU:  16.3%
mdfil_info:  30.0%   32 sec CPU:  19.0%
mdfil_info:  40.0%   39 sec CPU:  20.7%
mdfil_info:  50.0%   47 sec CPU:  21.2%
mdfil_info:  60.0%   58 sec CPU:  20.9%
mdfil_info:  70.0%   69 sec CPU:  20.4%
mdfil_info:  80.0%   79 sec CPU:  19.8%
mdfil_info:  90.0%   87 sec CPU:  19.9%
mdfil_info: 100.0%   93 sec CPU:  20.3%
mdfil_info: 100.0%   93 sec CPU:  20.3%
37370
AMSCommonsI-I-HardwareIdentifiedAs Linux 3.10.0-957.10.1.el7.x86_64 x86_64 2
AMSCommonsI-I-Identified as LittleEndian 64 bit machine. 4294967295
AMSCommonsI-I-amsdatabase /cvmfs/ams.cern.ch/Offline/AMSDataDir/DataBase/
AMSCommonsI-I-MipsFromCPUInfo: 2194.92
AMSCommonsI-I-SystemIdentified as  Intel(R) Xeon(R) CPU E5-2630 v4 @ 2.20GHz
AMSCommonsI-I-ComputerEvaluatedAsMips 3511
AMS Software version v5.02/1220/12 built Fri Apr 19 23:54:38 2019

Geant4  Version 1033
Run ID: 461 Bartel: 30
Input Destination: /eos/ams/user/s/selu/mdst/He314/mdst_120929861.root
Output Destination: /afs/cern.ch/work/c/ctuysuz/private/he_flux/LSF/result_mc_time/time_30/he_flux_30_461.root
Add hist00 from /eos/ams/user/s/selu/mdst/He314/mdst_120929861.root
Start of Init
Use new binning
Start of Eventloop
Ntr, Nent= 1 109860
IsMC= 1
Parameter[0] = -2.78302
Parameter[1] = -3.06111
Parameter[2] = -3.62424
Parameter[3] = -5.59535
Parameter[4] = 0.417456
Parameter[5] = -2.69098
mdfil_info:  10.0%    6 sec CPU:   9.0%
mdfil_info:  20.0%   12 sec CPU:   9.3%
mdfil_info:  30.0%   18 sec CPU:   9.2%
mdfil_info:  40.0%   20 sec CPU:  10.6%
mdfil_info:  50.0%   23 sec CPU:  11.8%
mdfil_info:  60.0%   24 sec CPU:  12.7%
mdfil_info:  70.0%   25 sec CPU:  13.7%
mdfil_info:  80.0%   27 sec CPU:  14.6%
mdfil_info:  90.0%   28 sec CPU:  15.6%
mdfil_info: 100.0%   29 sec CPU:  16.2%
