WARN: the 'eosmount' alias is deprecated, please use /eos directly
License ports: 28518@lxlicen01.cern.ch,28518@lxlicen02.cern.ch,28518@lxlicen03.cern.ch:/cvmfs/projects.cern.ch/intelsw/psxe/linux/licenses
Intel(R) Parallel Studio XE 2018 Update 2 for Linux*
Copyright (C) 2009-2018 Intel Corporation. All rights reserved.
9350
AMSCommonsI-I-HardwareIdentifiedAs Linux 3.10.0-957.10.1.el7.x86_64 x86_64 2
AMSCommonsI-I-Identified as LittleEndian 64 bit machine. 4294967295
AMSCommonsI-I-amsdatabase /cvmfs/ams.cern.ch/Offline/AMSDataDir/DataBase/
AMSCommonsI-I-MipsFromCPUInfo: 2194.92
AMSCommonsI-I-SystemIdentified as  Intel(R) Xeon(R) CPU E5-2630 v4 @ 2.20GHz
AMSCommonsI-I-ComputerEvaluatedAsMips 3511
AMS Software version v5.02/1220/12 built Fri Apr 19 23:54:38 2019

Geant4  Version 1033
Run ID: 115 Bartel: 36
Input Destination: /eos/ams/user/s/selu/mdst/He122/mdst_60441655.root
Output Destination: /afs/cern.ch/work/c/ctuysuz/private/he_flux/LSF/result_mc_time/time_36/he_flux_36_115.root
Add hist00 from /eos/ams/user/s/selu/mdst/He122/mdst_60441655.root
Start of Init
Use new binning
Start of Eventloop
Ntr, Nent= 1 436440
IsMC= 1
Parameter[0] = -2.79557
Parameter[1] = -3.06246
Parameter[2] = -3.62389
Parameter[3] = -5.5927
Parameter[4] = 0.507214
Parameter[5] = -2.70126
mdfil_info:  10.0%   19 sec CPU:  12.0%
mdfil_info:  20.0%   27 sec CPU:  16.4%
mdfil_info:  30.0%   34 sec CPU:  19.1%
mdfil_info:  40.0%   40 sec CPU:  21.3%
mdfil_info:  50.0%   47 sec CPU:  22.4%
mdfil_info:  60.0%   54 sec CPU:  23.8%
mdfil_info:  70.0%   61 sec CPU:  24.4%
mdfil_info:  80.0%   68 sec CPU:  24.7%
mdfil_info:  90.0%   75 sec CPU:  25.1%
mdfil_info: 100.0%   83 sec CPU:  25.3%
24065
AMSCommonsI-I-HardwareIdentifiedAs Linux 3.10.0-957.10.1.el7.x86_64 x86_64 2
AMSCommonsI-I-Identified as LittleEndian 64 bit machine. 4294967295
AMSCommonsI-I-amsdatabase /cvmfs/ams.cern.ch/Offline/AMSDataDir/DataBase/
AMSCommonsI-I-MipsFromCPUInfo: 2194.92
AMSCommonsI-I-SystemIdentified as  Intel(R) Xeon(R) CPU E5-2630 v4 @ 2.20GHz
AMSCommonsI-I-ComputerEvaluatedAsMips 3511
AMS Software version v5.02/1220/12 built Fri Apr 19 23:54:38 2019

Geant4  Version 1033
Run ID: 297 Bartel: 9
Input Destination: /eos/ams/user/s/selu/mdst/He122/mdst_60441837.root
Output Destination: /afs/cern.ch/work/c/ctuysuz/private/he_flux/LSF/result_mc_time/time_9/he_flux_9_297.root
Add hist00 from /eos/ams/user/s/selu/mdst/He122/mdst_60441837.root
Start of Init
Use new binning
Start of Eventloop
Ntr, Nent= 1 436820
IsMC= 1
Parameter[0] = -2.5816
Parameter[1] = -2.99063
Parameter[2] = -3.57962
Parameter[3] = -5.50019
Parameter[4] = 0.0791501
Parameter[5] = -2.253
mdfil_info:  10.0%   16 sec CPU:  13.8%
mdfil_info:  20.0%   24 sec CPU:  17.3%
mdfil_info:  30.0%   32 sec CPU:  19.7%
mdfil_info:  40.0%   40 sec CPU:  20.8%
mdfil_info:  50.0%   47 sec CPU:  21.8%
mdfil_info:  60.0%   55 sec CPU:  22.5%
mdfil_info:  70.0%   63 sec CPU:  22.9%
mdfil_info:  80.0%   72 sec CPU:  22.9%
mdfil_info:  90.0%   79 sec CPU:  23.3%
mdfil_info: 100.0%   86 sec CPU:  23.8%
38780
AMSCommonsI-I-HardwareIdentifiedAs Linux 3.10.0-957.10.1.el7.x86_64 x86_64 2
AMSCommonsI-I-Identified as LittleEndian 64 bit machine. 4294967295
AMSCommonsI-I-amsdatabase /cvmfs/ams.cern.ch/Offline/AMSDataDir/DataBase/
AMSCommonsI-I-MipsFromCPUInfo: 2194.92
AMSCommonsI-I-SystemIdentified as  Intel(R) Xeon(R) CPU E5-2630 v4 @ 2.20GHz
AMSCommonsI-I-ComputerEvaluatedAsMips 3511
AMS Software version v5.02/1220/12 built Fri Apr 19 23:54:38 2019

Geant4  Version 1033
Run ID: 478 Bartel: 63
Input Destination: /eos/ams/user/s/selu/mdst/He314/mdst_120929878.root
Output Destination: /afs/cern.ch/work/c/ctuysuz/private/he_flux/LSF/result_mc_time/time_63/he_flux_63_478.root
Add hist00 from /eos/ams/user/s/selu/mdst/He314/mdst_120929878.root
Start of Init
Use new binning
Start of Eventloop
Ntr, Nent= 1 122040
IsMC= 1
Parameter[0] = -2.618
Parameter[1] = -3.00649
Parameter[2] = -3.59895
Parameter[3] = -5.51567
Parameter[4] = 0.0987089
Parameter[5] = -2.27434
mdfil_info:  10.0%    1 sec CPU:  72.5%
mdfil_info:  20.0%    2 sec CPU:  72.1%
mdfil_info:  30.0%    3 sec CPU:  70.3%
mdfil_info:  40.0%    3 sec CPU:  72.7%
mdfil_info:  50.0%    4 sec CPU:  75.6%
mdfil_info:  60.0%    4 sec CPU:  77.0%
mdfil_info:  70.0%    5 sec CPU:  78.5%
mdfil_info:  80.0%    5 sec CPU:  79.6%
mdfil_info:  90.0%    6 sec CPU:  80.5%
mdfil_info: 100.0%    7 sec CPU:  81.2%
