WARN: the 'eosmount' alias is deprecated, please use /eos directly
License ports: 28518@lxlicen01.cern.ch,28518@lxlicen02.cern.ch,28518@lxlicen03.cern.ch:/cvmfs/projects.cern.ch/intelsw/psxe/linux/licenses
Intel(R) Parallel Studio XE 2018 Update 2 for Linux*
Copyright (C) 2009-2018 Intel Corporation. All rights reserved.
3577
AMSCommonsI-I-HardwareIdentifiedAs Linux 3.10.0-957.10.1.el7.x86_64 x86_64 2
AMSCommonsI-I-Identified as LittleEndian 64 bit machine. 4294967295
AMSCommonsI-I-amsdatabase /cvmfs/ams.cern.ch/Offline/AMSDataDir/DataBase/
AMSCommonsI-I-MipsFromCPUInfo: 2194.92
AMSCommonsI-I-SystemIdentified as  Intel(R) Xeon(R) CPU E5-2630 v4 @ 2.20GHz
AMSCommonsI-I-ComputerEvaluatedAsMips 3511
AMS Software version v5.02/1220/12 built Fri Apr 19 23:54:38 2019

Geant4  Version 1033
Run ID: 44 Bartel: 14
Input Destination: /eos/ams/user/s/selu/mdst/He122/mdst_60441583.root
Output Destination: /afs/cern.ch/work/c/ctuysuz/private/he_flux/LSF/result_mc_time/time_14/he_flux_14_44.root
Add hist00 from /eos/ams/user/s/selu/mdst/He122/mdst_60441583.root
Start of Init
Use new binning
Start of Eventloop
Ntr, Nent= 1 438208
IsMC= 1
Parameter[0] = -2.62922
Parameter[1] = -3.00854
Parameter[2] = -3.59134
Parameter[3] = -5.49431
Parameter[4] = 0.150366
Parameter[5] = -2.1251
mdfil_info:  10.0%   17 sec CPU:  13.0%
mdfil_info:  20.0%   24 sec CPU:  18.2%
mdfil_info:  30.0%   30 sec CPU:  21.5%
mdfil_info:  40.0%   36 sec CPU:  23.6%
mdfil_info:  50.0%   43 sec CPU:  24.7%
mdfil_info:  60.0%   50 sec CPU:  25.5%
mdfil_info:  70.0%   56 sec CPU:  26.1%
mdfil_info:  80.0%   62 sec CPU:  27.3%
mdfil_info:  90.0%   68 sec CPU:  28.2%
mdfil_info: 100.0%   73 sec CPU:  28.9%
mdfil_info: 100.0%   73 sec CPU:  28.9%
18292
AMSCommonsI-I-HardwareIdentifiedAs Linux 3.10.0-957.10.1.el7.x86_64 x86_64 2
AMSCommonsI-I-Identified as LittleEndian 64 bit machine. 4294967295
AMSCommonsI-I-amsdatabase /cvmfs/ams.cern.ch/Offline/AMSDataDir/DataBase/
AMSCommonsI-I-MipsFromCPUInfo: 2194.92
AMSCommonsI-I-SystemIdentified as  Intel(R) Xeon(R) CPU E5-2630 v4 @ 2.20GHz
AMSCommonsI-I-ComputerEvaluatedAsMips 3511
AMS Software version v5.02/1220/12 built Fri Apr 19 23:54:38 2019

Geant4  Version 1033
Run ID: 225 Bartel: 68
Input Destination: /eos/ams/user/s/selu/mdst/He122/mdst_60441765.root
Output Destination: /afs/cern.ch/work/c/ctuysuz/private/he_flux/LSF/result_mc_time/time_68/he_flux_68_225.root
Add hist00 from /eos/ams/user/s/selu/mdst/He122/mdst_60441765.root
Start of Init
Use new binning
Start of Eventloop
Ntr, Nent= 1 441460
IsMC= 1
Parameter[0] = -2.5639
Parameter[1] = -2.98035
Parameter[2] = -3.58993
Parameter[3] = -5.51419
Parameter[4] = 0.0804353
Parameter[5] = -2.39662
mdfil_info:  10.0%    2 sec CPU: 100.3%
mdfil_info:  20.0%    4 sec CPU:  99.8%
mdfil_info:  30.0%    6 sec CPU:  99.6%
mdfil_info:  40.0%    8 sec CPU:  99.8%
mdfil_info:  50.0%   10 sec CPU:  99.8%
mdfil_info:  60.0%   11 sec CPU:  99.8%
mdfil_info:  70.0%   13 sec CPU:  99.8%
mdfil_info:  80.0%   15 sec CPU:  99.8%
mdfil_info:  90.0%   17 sec CPU:  99.8%
mdfil_info: 100.0%   18 sec CPU:  99.9%
33007
AMSCommonsI-I-HardwareIdentifiedAs Linux 3.10.0-957.10.1.el7.x86_64 x86_64 2
AMSCommonsI-I-Identified as LittleEndian 64 bit machine. 4294967295
AMSCommonsI-I-amsdatabase /cvmfs/ams.cern.ch/Offline/AMSDataDir/DataBase/
AMSCommonsI-I-MipsFromCPUInfo: 2194.92
AMSCommonsI-I-SystemIdentified as  Intel(R) Xeon(R) CPU E5-2630 v4 @ 2.20GHz
AMSCommonsI-I-ComputerEvaluatedAsMips 3511
AMS Software version v5.02/1220/12 built Fri Apr 19 23:54:38 2019

Geant4  Version 1033
Run ID: 407 Bartel: 41
Input Destination: /eos/ams/user/s/selu/mdst/He122/mdst_60442295.root
Output Destination: /afs/cern.ch/work/c/ctuysuz/private/he_flux/LSF/result_mc_time/time_41/he_flux_41_407.root
Add hist00 from /eos/ams/user/s/selu/mdst/He122/mdst_60442295.root
Start of Init
Use new binning
Start of Eventloop
Ntr, Nent= 1 435959
IsMC= 1
Parameter[0] = -2.77453
Parameter[1] = -3.05397
Parameter[2] = -3.61054
Parameter[3] = -5.55839
Parameter[4] = 0.485122
Parameter[5] = -2.44204
mdfil_info:  10.0%   17 sec CPU:  12.8%
mdfil_info:  20.0%   24 sec CPU:  18.2%
mdfil_info:  30.0%   30 sec CPU:  21.1%
mdfil_info:  40.0%   37 sec CPU:  22.9%
mdfil_info:  50.0%   43 sec CPU:  24.2%
mdfil_info:  60.0%   49 sec CPU:  25.2%
mdfil_info:  70.0%   56 sec CPU:  25.9%
mdfil_info:  80.0%   63 sec CPU:  26.4%
mdfil_info:  90.0%   69 sec CPU:  27.2%
mdfil_info: 100.0%   76 sec CPU:  27.4%
mdfil_info: 100.0%   76 sec CPU:  27.4%
