WARN: the 'eosmount' alias is deprecated, please use /eos directly
License ports: 28518@lxlicen01.cern.ch,28518@lxlicen02.cern.ch,28518@lxlicen03.cern.ch:/cvmfs/projects.cern.ch/intelsw/psxe/linux/licenses
Intel(R) Parallel Studio XE 2018 Update 2 for Linux*
Copyright (C) 2009-2018 Intel Corporation. All rights reserved.
6753
AMSCommonsI-I-HardwareIdentifiedAs Linux 3.10.0-957.10.1.el7.x86_64 x86_64 2
AMSCommonsI-I-Identified as LittleEndian 64 bit machine. 4294967295
AMSCommonsI-I-amsdatabase /cvmfs/ams.cern.ch/Offline/AMSDataDir/DataBase/
AMSCommonsI-I-MipsFromCPUInfo: 2194.92
AMSCommonsI-I-SystemIdentified as  Intel(R) Xeon(R) CPU E5-2630 v4 @ 2.20GHz
AMSCommonsI-I-ComputerEvaluatedAsMips 3511
AMS Software version v5.02/1220/12 built Fri Apr 19 23:54:38 2019

Geant4  Version 1033
Run ID: 83 Bartel: 31
Input Destination: /eos/ams/user/s/selu/mdst/He122/mdst_60441623.root
Output Destination: /afs/cern.ch/work/c/ctuysuz/private/he_flux/LSF/result_mc_time/time_31/he_flux_31_83.root
Add hist00 from /eos/ams/user/s/selu/mdst/He122/mdst_60441623.root
Start of Init
Use new binning
Start of Eventloop
Ntr, Nent= 1 439142
IsMC= 1
Parameter[0] = -2.78388
Parameter[1] = -3.06558
Parameter[2] = -3.62012
Parameter[3] = -5.56152
Parameter[4] = 0.319855
Parameter[5] = -2.41575
mdfil_info:  10.0%    3 sec CPU:  73.8%
mdfil_info:  20.0%    5 sec CPU:  79.3%
mdfil_info:  30.0%    7 sec CPU:  81.8%
mdfil_info:  40.0%   10 sec CPU:  83.3%
mdfil_info:  50.0%   12 sec CPU:  84.1%
mdfil_info:  60.0%   14 sec CPU:  84.6%
mdfil_info:  70.0%   16 sec CPU:  85.2%
mdfil_info:  80.0%   19 sec CPU:  85.5%
mdfil_info:  90.0%   21 sec CPU:  85.9%
mdfil_info: 100.0%   23 sec CPU:  86.2%
mdfil_info: 100.0%   23 sec CPU:  86.2%
21468
AMSCommonsI-I-HardwareIdentifiedAs Linux 3.10.0-957.10.1.el7.x86_64 x86_64 2
AMSCommonsI-I-Identified as LittleEndian 64 bit machine. 4294967295
AMSCommonsI-I-amsdatabase /cvmfs/ams.cern.ch/Offline/AMSDataDir/DataBase/
AMSCommonsI-I-MipsFromCPUInfo: 2194.92
AMSCommonsI-I-SystemIdentified as  Intel(R) Xeon(R) CPU E5-2630 v4 @ 2.20GHz
AMSCommonsI-I-ComputerEvaluatedAsMips 3511
AMS Software version v5.02/1220/12 built Fri Apr 19 23:54:38 2019

Geant4  Version 1033
Run ID: 265 Bartel: 4
Input Destination: /eos/ams/user/s/selu/mdst/He122/mdst_60441805.root
Output Destination: /afs/cern.ch/work/c/ctuysuz/private/he_flux/LSF/result_mc_time/time_4/he_flux_4_265.root
Add hist00 from /eos/ams/user/s/selu/mdst/He122/mdst_60441805.root
Start of Init
Use new binning
Start of Eventloop
Ntr, Nent= 1 437096
IsMC= 1
Parameter[0] = -2.61269
Parameter[1] = -3.01592
Parameter[2] = -3.59533
Parameter[3] = -5.49712
Parameter[4] = 0.0687066
Parameter[5] = -2.23552
mdfil_info:  10.0%    3 sec CPU:  68.2%
mdfil_info:  20.0%    5 sec CPU:  76.1%
mdfil_info:  30.0%    8 sec CPU:  78.7%
mdfil_info:  40.0%   10 sec CPU:  80.7%
mdfil_info:  50.0%   12 sec CPU:  81.7%
mdfil_info:  60.0%   14 sec CPU:  82.6%
mdfil_info:  70.0%   16 sec CPU:  83.1%
mdfil_info:  80.0%   19 sec CPU:  83.7%
mdfil_info:  90.0%   21 sec CPU:  84.0%
mdfil_info: 100.0%   23 sec CPU:  84.1%
mdfil_info: 100.0%   23 sec CPU:  84.1%
36183
AMSCommonsI-I-HardwareIdentifiedAs Linux 3.10.0-957.10.1.el7.x86_64 x86_64 2
AMSCommonsI-I-Identified as LittleEndian 64 bit machine. 4294967295
AMSCommonsI-I-amsdatabase /cvmfs/ams.cern.ch/Offline/AMSDataDir/DataBase/
AMSCommonsI-I-MipsFromCPUInfo: 2194.92
AMSCommonsI-I-SystemIdentified as  Intel(R) Xeon(R) CPU E5-2630 v4 @ 2.20GHz
AMSCommonsI-I-ComputerEvaluatedAsMips 3511
AMS Software version v5.02/1220/12 built Fri Apr 19 23:54:38 2019

Geant4  Version 1033
Run ID: 446 Bartel: 58
Input Destination: /eos/ams/user/s/selu/mdst/He122/mdst_60442335.root
Output Destination: /afs/cern.ch/work/c/ctuysuz/private/he_flux/LSF/result_mc_time/time_58/he_flux_58_446.root
Add hist00 from /eos/ams/user/s/selu/mdst/He122/mdst_60442335.root
Start of Init
Use new binning
Start of Eventloop
Ntr, Nent= 1 435772
IsMC= 1
Parameter[0] = -2.68687
Parameter[1] = -3.02567
Parameter[2] = -3.60778
Parameter[3] = -5.55295
Parameter[4] = 0.272681
Parameter[5] = -2.49381
mdfil_info:  10.0%   19 sec CPU:  11.6%
mdfil_info:  20.0%   27 sec CPU:  16.2%
mdfil_info:  30.0%   34 sec CPU:  18.8%
mdfil_info:  40.0%   42 sec CPU:  20.0%
mdfil_info:  50.0%   49 sec CPU:  21.4%
mdfil_info:  60.0%   57 sec CPU:  21.9%
mdfil_info:  70.0%   64 sec CPU:  22.5%
mdfil_info:  80.0%   71 sec CPU:  23.3%
mdfil_info:  90.0%   78 sec CPU:  23.8%
mdfil_info: 100.0%   86 sec CPU:  23.9%
mdfil_info: 100.0%   86 sec CPU:  23.9%
