WARN: the 'eosmount' alias is deprecated, please use /eos directly
License ports: 28518@lxlicen01.cern.ch,28518@lxlicen02.cern.ch,28518@lxlicen03.cern.ch:/cvmfs/projects.cern.ch/intelsw/psxe/linux/licenses
Intel(R) Parallel Studio XE 2018 Update 2 for Linux*
Copyright (C) 2009-2018 Intel Corporation. All rights reserved.
8498
AMSCommonsI-I-HardwareIdentifiedAs Linux 3.10.0-957.10.1.el7.x86_64 x86_64 2
AMSCommonsI-I-Identified as LittleEndian 64 bit machine. 4294967295
AMSCommonsI-I-amsdatabase /cvmfs/ams.cern.ch/Offline/AMSDataDir/DataBase/
AMSCommonsI-I-MipsFromCPUInfo: 2194.92
AMSCommonsI-I-SystemIdentified as  Intel(R) Xeon(R) CPU E5-2630 v4 @ 2.20GHz
AMSCommonsI-I-ComputerEvaluatedAsMips 3511
AMS Software version v5.02/1220/12 built Fri Apr 19 23:54:38 2019

Geant4  Version 1033
Run ID: 104 Bartel: 75
Input Destination: /eos/ams/user/s/selu/mdst/He122/mdst_60441644.root
Output Destination: /afs/cern.ch/work/c/ctuysuz/private/he_flux/LSF/result_mc_time/time_75/he_flux_75_104.root
Add hist00 from /eos/ams/user/s/selu/mdst/He122/mdst_60441644.root
Start of Init
Use new binning
Start of Eventloop
Ntr, Nent= 1 437153
IsMC= 1
Parameter[0] = -2.49754
Parameter[1] = -2.96284
Parameter[2] = -3.58257
Parameter[3] = -5.52327
Parameter[4] = -0.0264443
Parameter[5] = -2.34842
mdfil_info:  10.0%    7 sec CPU:  31.1%
mdfil_info:  20.0%   11 sec CPU:  38.8%
mdfil_info:  30.0%   15 sec CPU:  41.6%
mdfil_info:  40.0%   22 sec CPU:  36.3%
mdfil_info:  50.0%   29 sec CPU:  34.6%
mdfil_info:  60.0%   34 sec CPU:  35.2%
mdfil_info:  70.0%   36 sec CPU:  37.9%
mdfil_info:  80.0%   41 sec CPU:  38.7%
mdfil_info:  90.0%   46 sec CPU:  38.7%
mdfil_info: 100.0%   50 sec CPU:  39.9%
mdfil_info: 100.0%   50 sec CPU:  39.9%
23213
AMSCommonsI-I-HardwareIdentifiedAs Linux 3.10.0-957.10.1.el7.x86_64 x86_64 2
AMSCommonsI-I-Identified as LittleEndian 64 bit machine. 4294967295
AMSCommonsI-I-amsdatabase /cvmfs/ams.cern.ch/Offline/AMSDataDir/DataBase/
AMSCommonsI-I-MipsFromCPUInfo: 2194.92
AMSCommonsI-I-SystemIdentified as  Intel(R) Xeon(R) CPU E5-2630 v4 @ 2.20GHz
AMSCommonsI-I-ComputerEvaluatedAsMips 3511
AMS Software version v5.02/1220/12 built Fri Apr 19 23:54:38 2019

Geant4  Version 1033
Run ID: 286 Bartel: 48
37928
AMSCommonsI-I-HardwareIdentifiedAs Linux 3.10.0-957.10.1.el7.x86_64 x86_64 2
AMSCommonsI-I-Identified as LittleEndian 64 bit machine. 4294967295
AMSCommonsI-I-amsdatabase /cvmfs/ams.cern.ch/Offline/AMSDataDir/DataBase/
AMSCommonsI-I-MipsFromCPUInfo: 2194.92
AMSCommonsI-I-SystemIdentified as  Intel(R) Xeon(R) CPU E5-2630 v4 @ 2.20GHz
AMSCommonsI-I-ComputerEvaluatedAsMips 3511
AMS Software version v5.02/1220/12 built Fri Apr 19 23:54:38 2019

Geant4  Version 1033
Run ID: 468 Bartel: 21
Input Destination: /eos/ams/user/s/selu/mdst/He314/mdst_120929868.root
Output Destination: /afs/cern.ch/work/c/ctuysuz/private/he_flux/LSF/result_mc_time/time_21/he_flux_21_468.root
Add hist00 from /eos/ams/user/s/selu/mdst/He314/mdst_120929868.root
Start of Init
Use new binning
Start of Eventloop
Ntr, Nent= 1 109603
IsMC= 1
Parameter[0] = -2.71679
Parameter[1] = -3.04446
Parameter[2] = -3.60361
Parameter[3] = -5.54759
Parameter[4] = 0.211822
Parameter[5] = -2.44359
mdfil_info:  10.0%    1 sec CPU:  68.9%
mdfil_info:  20.0%    2 sec CPU:  70.4%
mdfil_info:  30.0%    2 sec CPU:  69.1%
mdfil_info:  40.0%    3 sec CPU:  72.8%
mdfil_info:  50.0%    4 sec CPU:  75.6%
mdfil_info:  60.0%    4 sec CPU:  76.7%
mdfil_info:  70.0%    5 sec CPU:  78.0%
mdfil_info:  80.0%    5 sec CPU:  79.2%
mdfil_info:  90.0%    6 sec CPU:  79.9%
mdfil_info: 100.0%    6 sec CPU:  80.7%
mdfil_info: 100.0%    6 sec CPU:  80.7%
