WARN: the 'eosmount' alias is deprecated, please use /eos directly
License ports: 28518@lxlicen01.cern.ch,28518@lxlicen02.cern.ch,28518@lxlicen03.cern.ch:/cvmfs/projects.cern.ch/intelsw/psxe/linux/licenses
Intel(R) Parallel Studio XE 2018 Update 2 for Linux*
Copyright (C) 2009-2018 Intel Corporation. All rights reserved.
13601
AMSCommonsI-I-HardwareIdentifiedAs Linux 3.10.0-957.12.2.el7.x86_64 x86_64 2
AMSCommonsI-I-Identified as LittleEndian 64 bit machine. 4294967295
AMSCommonsI-I-amsdatabase /cvmfs/ams.cern.ch/Offline/AMSDataDir/DataBase/
AMSCommonsI-I-MipsFromCPUInfo: 2394.45
AMSCommonsI-I-SystemIdentified as  Intel(R) Xeon(R) CPU E5-2630 v3 @ 2.40GHz
AMSCommonsI-I-ComputerEvaluatedAsMips 3831
AMS Software version v5.02/1220/12 built Fri Apr 19 23:54:38 2019

Geant4  Version 1033
Run ID: 167 Bartel: 75
Input Destination: /eos/ams/user/s/selu/mdst/He122/mdst_60441707.root
Output Destination: /afs/cern.ch/work/c/ctuysuz/private/he_flux/LSF/result_mc_time/time_75/he_flux_75_167.root
Add hist00 from /eos/ams/user/s/selu/mdst/He122/mdst_60441707.root
Start of Init
Use new binning
Start of Eventloop
Ntr, Nent= 1 396226
IsMC= 1
Parameter[0] = -2.49754
Parameter[1] = -2.96284
Parameter[2] = -3.58257
Parameter[3] = -5.52327
Parameter[4] = -0.0264443
Parameter[5] = -2.34842
mdfil_info:  10.0%   14 sec CPU:  12.2%
mdfil_info:  20.0%   19 sec CPU:  17.3%
mdfil_info:  30.0%   24 sec CPU:  20.7%
mdfil_info:  40.0%   28 sec CPU:  22.9%
mdfil_info:  50.0%   32 sec CPU:  24.3%
mdfil_info:  60.0%   36 sec CPU:  25.5%
mdfil_info:  70.0%   41 sec CPU:  26.5%
mdfil_info:  80.0%   45 sec CPU:  27.3%
mdfil_info:  90.0%   49 sec CPU:  28.0%
mdfil_info: 100.0%   54 sec CPU:  28.5%
mdfil_info: 100.0%   54 sec CPU:  28.5%
28316
AMSCommonsI-I-HardwareIdentifiedAs Linux 3.10.0-957.12.2.el7.x86_64 x86_64 2
AMSCommonsI-I-Identified as LittleEndian 64 bit machine. 4294967295
AMSCommonsI-I-amsdatabase /cvmfs/ams.cern.ch/Offline/AMSDataDir/DataBase/
AMSCommonsI-I-MipsFromCPUInfo: 2394.45
AMSCommonsI-I-SystemIdentified as  Intel(R) Xeon(R) CPU E5-2630 v3 @ 2.40GHz
AMSCommonsI-I-ComputerEvaluatedAsMips 3831
AMS Software version v5.02/1220/12 built Fri Apr 19 23:54:38 2019

Geant4  Version 1033
Run ID: 349 Bartel: 48
43031
AMSCommonsI-I-HardwareIdentifiedAs Linux 3.10.0-957.12.2.el7.x86_64 x86_64 2
AMSCommonsI-I-Identified as LittleEndian 64 bit machine. 4294967295
AMSCommonsI-I-amsdatabase /cvmfs/ams.cern.ch/Offline/AMSDataDir/DataBase/
AMSCommonsI-I-MipsFromCPUInfo: 2394.45
AMSCommonsI-I-SystemIdentified as  Intel(R) Xeon(R) CPU E5-2630 v3 @ 2.40GHz
AMSCommonsI-I-ComputerEvaluatedAsMips 3831
AMS Software version v5.02/1220/12 built Fri Apr 19 23:54:38 2019

Geant4  Version 1033
Run ID: 531 Bartel: 21
Input Destination: /eos/ams/user/s/selu/mdst/He314/mdst_120929934.root
Output Destination: /afs/cern.ch/work/c/ctuysuz/private/he_flux/LSF/result_mc_time/time_21/he_flux_21_531.root
Add hist00 from /eos/ams/user/s/selu/mdst/He314/mdst_120929934.root
Start of Init
Use new binning
Start of Eventloop
Ntr, Nent= 1 97988
IsMC= 1
Parameter[0] = -2.71679
Parameter[1] = -3.04446
Parameter[2] = -3.60361
Parameter[3] = -5.54759
Parameter[4] = 0.211822
Parameter[5] = -2.44359
mdfil_info:  10.0%    1 sec CPU:  76.9%
mdfil_info:  20.0%    1 sec CPU:  77.4%
mdfil_info:  30.0%    1 sec CPU:  77.4%
mdfil_info:  40.0%    2 sec CPU:  78.9%
mdfil_info:  50.0%    2 sec CPU:  81.3%
mdfil_info:  60.0%    3 sec CPU:  82.8%
mdfil_info:  70.0%    3 sec CPU:  84.1%
mdfil_info:  80.0%    4 sec CPU:  85.0%
mdfil_info:  90.0%    4 sec CPU:  85.6%
mdfil_info: 100.0%    4 sec CPU:  86.5%
mdfil_info: 100.0%    4 sec CPU:  86.5%
