WARN: the 'eosmount' alias is deprecated, please use /eos directly
License ports: 28518@lxlicen01.cern.ch,28518@lxlicen02.cern.ch,28518@lxlicen03.cern.ch:/cvmfs/projects.cern.ch/intelsw/psxe/linux/licenses
Intel(R) Parallel Studio XE 2018 Update 2 for Linux*
Copyright (C) 2009-2018 Intel Corporation. All rights reserved.
3241
AMSCommonsI-I-HardwareIdentifiedAs Linux 3.10.0-957.10.1.el7.x86_64 x86_64 2
AMSCommonsI-I-Identified as LittleEndian 64 bit machine. 4294967295
AMSCommonsI-I-amsdatabase /cvmfs/ams.cern.ch/Offline/AMSDataDir/DataBase/
AMSCommonsI-I-MipsFromCPUInfo: 2194.92
AMSCommonsI-I-SystemIdentified as  Intel(R) Xeon(R) CPU E5-2630 v4 @ 2.20GHz
AMSCommonsI-I-ComputerEvaluatedAsMips 3511
AMS Software version v5.02/1220/12 built Fri Apr 19 23:54:38 2019

Geant4  Version 1033
Run ID: 40 Bartel: 2
Input Destination: /eos/ams/user/s/selu/mdst/He122/mdst_60441579.root
Output Destination: /afs/cern.ch/work/c/ctuysuz/private/he_flux/LSF/result_mc_time/time_2/he_flux_2_40.root
Add hist00 from /eos/ams/user/s/selu/mdst/He122/mdst_60441579.root
Start of Init
Use new binning
Start of Eventloop
Ntr, Nent= 1 439013
IsMC= 1
Parameter[0] = -2.61736
Parameter[1] = -2.93157
Parameter[2] = -3.51989
Parameter[3] = -5.49278
Parameter[4] = 0.444434
Parameter[5] = -2.60596
mdfil_info:  10.0%    3 sec CPU:  70.9%
mdfil_info:  20.0%    5 sec CPU:  78.5%
mdfil_info:  30.0%    8 sec CPU:  81.0%
mdfil_info:  40.0%   10 sec CPU:  82.2%
mdfil_info:  50.0%   13 sec CPU:  82.8%
mdfil_info:  60.0%   16 sec CPU:  83.1%
mdfil_info:  70.0%   18 sec CPU:  83.2%
mdfil_info:  80.0%   21 sec CPU:  81.9%
mdfil_info:  90.0%   24 sec CPU:  81.4%
mdfil_info: 100.0%   26 sec CPU:  81.2%
mdfil_info: 100.0%   26 sec CPU:  81.2%
17956
AMSCommonsI-I-HardwareIdentifiedAs Linux 3.10.0-957.10.1.el7.x86_64 x86_64 2
AMSCommonsI-I-Identified as LittleEndian 64 bit machine. 4294967295
AMSCommonsI-I-amsdatabase /cvmfs/ams.cern.ch/Offline/AMSDataDir/DataBase/
AMSCommonsI-I-MipsFromCPUInfo: 2194.92
AMSCommonsI-I-SystemIdentified as  Intel(R) Xeon(R) CPU E5-2630 v4 @ 2.20GHz
AMSCommonsI-I-ComputerEvaluatedAsMips 3511
AMS Software version v5.02/1220/12 built Fri Apr 19 23:54:38 2019

Geant4  Version 1033
Run ID: 221 Bartel: 56
Input Destination: /eos/ams/user/s/selu/mdst/He122/mdst_60441761.root
Output Destination: /afs/cern.ch/work/c/ctuysuz/private/he_flux/LSF/result_mc_time/time_56/he_flux_56_221.root
Add hist00 from /eos/ams/user/s/selu/mdst/He122/mdst_60441761.root
Start of Init
Use new binning
Start of Eventloop
Ntr, Nent= 1 439395
IsMC= 1
Parameter[0] = -2.72531
Parameter[1] = -3.04724
Parameter[2] = -3.61961
Parameter[3] = -5.54865
Parameter[4] = 0.293124
Parameter[5] = -2.44228
mdfil_info:  10.0%   20 sec CPU:  11.9%
mdfil_info:  20.0%   26 sec CPU:  16.8%
mdfil_info:  30.0%   34 sec CPU:  19.0%
mdfil_info:  40.0%   41 sec CPU:  20.8%
mdfil_info:  50.0%   49 sec CPU:  22.1%
mdfil_info:  60.0%   57 sec CPU:  22.7%
mdfil_info:  70.0%   64 sec CPU:  23.3%
mdfil_info:  80.0%   70 sec CPU:  24.1%
mdfil_info:  90.0%   78 sec CPU:  24.4%
mdfil_info: 100.0%   85 sec CPU:  24.7%
mdfil_info: 100.0%   85 sec CPU:  24.7%
32671
AMSCommonsI-I-HardwareIdentifiedAs Linux 3.10.0-957.10.1.el7.x86_64 x86_64 2
AMSCommonsI-I-Identified as LittleEndian 64 bit machine. 4294967295
AMSCommonsI-I-amsdatabase /cvmfs/ams.cern.ch/Offline/AMSDataDir/DataBase/
AMSCommonsI-I-MipsFromCPUInfo: 2194.92
AMSCommonsI-I-SystemIdentified as  Intel(R) Xeon(R) CPU E5-2630 v4 @ 2.20GHz
AMSCommonsI-I-ComputerEvaluatedAsMips 3511
AMS Software version v5.02/1220/12 built Fri Apr 19 23:54:38 2019

Geant4  Version 1033
Run ID: 403 Bartel: 29
Input Destination: /eos/ams/user/s/selu/mdst/He122/mdst_60442291.root
Output Destination: /afs/cern.ch/work/c/ctuysuz/private/he_flux/LSF/result_mc_time/time_29/he_flux_29_403.root
Add hist00 from /eos/ams/user/s/selu/mdst/He122/mdst_60442291.root
Start of Init
Use new binning
Start of Eventloop
Ntr, Nent= 1 423989
IsMC= 1
Parameter[0] = -2.79936
Parameter[1] = -3.07658
Parameter[2] = -3.62788
Parameter[3] = -5.57562
Parameter[4] = 0.497287
Parameter[5] = -2.44847
mdfil_info:  10.0%    3 sec CPU:  72.9%
mdfil_info:  20.0%    5 sec CPU:  79.3%
mdfil_info:  30.0%    8 sec CPU:  81.7%
mdfil_info:  40.0%   10 sec CPU:  83.1%
mdfil_info:  50.0%   12 sec CPU:  83.0%
mdfil_info:  60.0%   15 sec CPU:  83.5%
mdfil_info:  70.0%   17 sec CPU:  83.9%
mdfil_info:  80.0%   19 sec CPU:  84.0%
mdfil_info:  90.0%   22 sec CPU:  84.4%
mdfil_info: 100.0%   24 sec CPU:  84.8%
mdfil_info: 100.0%   24 sec CPU:  84.8%
