WARN: the 'eosmount' alias is deprecated, please use /eos directly
License ports: 28518@lxlicen01.cern.ch,28518@lxlicen02.cern.ch,28518@lxlicen03.cern.ch:/cvmfs/projects.cern.ch/intelsw/psxe/linux/licenses
Intel(R) Parallel Studio XE 2018 Update 2 for Linux*
Copyright (C) 2009-2018 Intel Corporation. All rights reserved.
12331
AMSCommonsI-I-HardwareIdentifiedAs Linux 3.10.0-957.12.1.el7.x86_64 x86_64 2
AMSCommonsI-I-Identified as LittleEndian 64 bit machine. 4294967295
AMSCommonsI-I-amsdatabase /cvmfs/ams.cern.ch/Offline/AMSDataDir/DataBase/
AMSCommonsI-I-MipsFromCPUInfo: 2194.92
AMSCommonsI-I-SystemIdentified as  Intel(R) Xeon(R) CPU E5-2630 v4 @ 2.20GHz
AMSCommonsI-I-ComputerEvaluatedAsMips 3511
AMS Software version v5.02/1220/12 built Fri Apr 19 23:54:38 2019

Geant4  Version 1033
Run ID: 152 Bartel: 20
Input Destination: /eos/ams/user/s/selu/mdst/He122/mdst_60441692.root
Output Destination: /afs/cern.ch/work/c/ctuysuz/private/he_flux/LSF/result_mc_time/time_20/he_flux_20_152.root
Add hist00 from /eos/ams/user/s/selu/mdst/He122/mdst_60441692.root
Start of Init
Use new binning
Start of Eventloop
Ntr, Nent= 1 437250
IsMC= 1
Parameter[0] = -2.70518
Parameter[1] = -3.02051
Parameter[2] = -3.58999
Parameter[3] = -5.56547
Parameter[4] = 0.334526
Parameter[5] = -2.62761
mdfil_info:  10.0%   15 sec CPU:  15.2%
mdfil_info:  20.0%   21 sec CPU:  20.3%
mdfil_info:  30.0%   29 sec CPU:  22.2%
mdfil_info:  40.0%   36 sec CPU:  23.7%
mdfil_info:  50.0%   42 sec CPU:  25.3%
mdfil_info:  60.0%   48 sec CPU:  26.5%
mdfil_info:  70.0%   54 sec CPU:  27.4%
mdfil_info:  80.0%   59 sec CPU:  28.4%
mdfil_info:  90.0%   65 sec CPU:  28.8%
mdfil_info: 100.0%   72 sec CPU:  29.3%
27046
AMSCommonsI-I-HardwareIdentifiedAs Linux 3.10.0-957.12.1.el7.x86_64 x86_64 2
AMSCommonsI-I-Identified as LittleEndian 64 bit machine. 4294967295
AMSCommonsI-I-amsdatabase /cvmfs/ams.cern.ch/Offline/AMSDataDir/DataBase/
AMSCommonsI-I-MipsFromCPUInfo: 2194.92
AMSCommonsI-I-SystemIdentified as  Intel(R) Xeon(R) CPU E5-2630 v4 @ 2.20GHz
AMSCommonsI-I-ComputerEvaluatedAsMips 3511
AMS Software version v5.02/1220/12 built Fri Apr 19 23:54:38 2019

Geant4  Version 1033
Run ID: 333 Bartel: 74
Input Destination: /eos/ams/user/s/selu/mdst/He122/mdst_60441873.root
Output Destination: /afs/cern.ch/work/c/ctuysuz/private/he_flux/LSF/result_mc_time/time_74/he_flux_74_333.root
Add hist00 from /eos/ams/user/s/selu/mdst/He122/mdst_60441873.root
Start of Init
Use new binning
Start of Eventloop
Ntr, Nent= 1 437286
IsMC= 1
Parameter[0] = -2.51662
Parameter[1] = -2.96375
Parameter[2] = -3.57829
Parameter[3] = -5.45844
Parameter[4] = 0.103059
Parameter[5] = -1.93983
mdfil_info:  10.0%  103 sec CPU:   2.3%
mdfil_info:  20.0%  122 sec CPU:   3.7%
mdfil_info:  30.0%  148 sec CPU:   4.4%
mdfil_info:  40.0%  174 sec CPU:   5.0%
mdfil_info:  50.0%  200 sec CPU:   5.3%
mdfil_info:  60.0%  222 sec CPU:   5.6%
mdfil_info:  70.0%  251 sec CPU:   5.8%
mdfil_info:  80.0%  282 sec CPU:   5.8%
mdfil_info:  90.0%  305 sec CPU:   6.1%
mdfil_info: 100.0%  328 sec CPU:   6.3%
mdfil_info: 100.0%  328 sec CPU:   6.3%
41761
AMSCommonsI-I-HardwareIdentifiedAs Linux 3.10.0-957.12.1.el7.x86_64 x86_64 2
AMSCommonsI-I-Identified as LittleEndian 64 bit machine. 4294967295
AMSCommonsI-I-amsdatabase /cvmfs/ams.cern.ch/Offline/AMSDataDir/DataBase/
AMSCommonsI-I-MipsFromCPUInfo: 2194.92
AMSCommonsI-I-SystemIdentified as  Intel(R) Xeon(R) CPU E5-2630 v4 @ 2.20GHz
AMSCommonsI-I-ComputerEvaluatedAsMips 3511
AMS Software version v5.02/1220/12 built Fri Apr 19 23:54:38 2019

Geant4  Version 1033
Run ID: 515 Bartel: 47
