WARN: the 'eosmount' alias is deprecated, please use /eos directly
License ports: 28518@lxlicen01.cern.ch,28518@lxlicen02.cern.ch,28518@lxlicen03.cern.ch:/cvmfs/projects.cern.ch/intelsw/psxe/linux/licenses
Intel(R) Parallel Studio XE 2018 Update 2 for Linux*
Copyright (C) 2009-2018 Intel Corporation. All rights reserved.
10483
AMSCommonsI-I-HardwareIdentifiedAs Linux 3.10.0-957.10.1.el7.x86_64 x86_64 2
AMSCommonsI-I-Identified as LittleEndian 64 bit machine. 4294967295
AMSCommonsI-I-amsdatabase /cvmfs/ams.cern.ch/Offline/AMSDataDir/DataBase/
AMSCommonsI-I-MipsFromCPUInfo: 2194.92
AMSCommonsI-I-SystemIdentified as  Intel(R) Xeon(R) CPU E5-2630 v4 @ 2.20GHz
AMSCommonsI-I-ComputerEvaluatedAsMips 3511
AMS Software version v5.02/1220/12 built Fri Apr 19 23:54:38 2019

Geant4  Version 1033
Run ID: 129 Bartel: 35
Input Destination: /eos/ams/user/s/selu/mdst/He122/mdst_60441669.root
Output Destination: /afs/cern.ch/work/c/ctuysuz/private/he_flux/LSF/result_mc_time/time_35/he_flux_35_129.root
Add hist00 from /eos/ams/user/s/selu/mdst/He122/mdst_60441669.root
Start of Init
Use new binning
Start of Eventloop
Ntr, Nent= 1 436405
IsMC= 1
Parameter[0] = -2.78972
Parameter[1] = -3.05942
Parameter[2] = -3.61356
Parameter[3] = -5.57982
Parameter[4] = 0.513637
Parameter[5] = -2.53477
mdfil_info:  10.0%    3 sec CPU:  68.1%
mdfil_info:  20.0%    5 sec CPU:  71.8%
mdfil_info:  30.0%    8 sec CPU:  68.6%
mdfil_info:  40.0%   11 sec CPU:  70.4%
mdfil_info:  50.0%   14 sec CPU:  70.4%
mdfil_info:  60.0%   17 sec CPU:  67.5%
mdfil_info:  70.0%   20 sec CPU:  66.5%
mdfil_info:  80.0%   23 sec CPU:  67.7%
mdfil_info:  90.0%   25 sec CPU:  68.7%
mdfil_info: 100.0%   28 sec CPU:  69.8%
mdfil_info: 100.0%   28 sec CPU:  69.8%
25198
AMSCommonsI-I-HardwareIdentifiedAs Linux 3.10.0-957.10.1.el7.x86_64 x86_64 2
AMSCommonsI-I-Identified as LittleEndian 64 bit machine. 4294967295
AMSCommonsI-I-amsdatabase /cvmfs/ams.cern.ch/Offline/AMSDataDir/DataBase/
AMSCommonsI-I-MipsFromCPUInfo: 2194.92
AMSCommonsI-I-SystemIdentified as  Intel(R) Xeon(R) CPU E5-2630 v4 @ 2.20GHz
AMSCommonsI-I-ComputerEvaluatedAsMips 3511
AMS Software version v5.02/1220/12 built Fri Apr 19 23:54:38 2019

Geant4  Version 1033
Run ID: 311 Bartel: 8
Input Destination: /eos/ams/user/s/selu/mdst/He122/mdst_60441851.root
Output Destination: /afs/cern.ch/work/c/ctuysuz/private/he_flux/LSF/result_mc_time/time_8/he_flux_8_311.root
Add hist00 from /eos/ams/user/s/selu/mdst/He122/mdst_60441851.root
Start of Init
Use new binning
Start of Eventloop
Ntr, Nent= 1 435997
IsMC= 1
Parameter[0] = -2.58724
Parameter[1] = -2.99412
Parameter[2] = -3.58142
Parameter[3] = -5.49201
Parameter[4] = 0.101989
Parameter[5] = -2.14779
mdfil_info:  10.0%   19 sec CPU:  12.3%
mdfil_info:  20.0%   26 sec CPU:  17.3%
mdfil_info:  30.0%   32 sec CPU:  20.6%
mdfil_info:  40.0%   39 sec CPU:  22.8%
mdfil_info:  50.0%   46 sec CPU:  23.8%
mdfil_info:  60.0%   53 sec CPU:  25.0%
mdfil_info:  70.0%   60 sec CPU:  25.7%
mdfil_info:  80.0%   67 sec CPU:  26.5%
mdfil_info:  90.0%   73 sec CPU:  26.9%
mdfil_info: 100.0%   81 sec CPU:  26.8%
mdfil_info: 100.0%   81 sec CPU:  26.8%
39913
AMSCommonsI-I-HardwareIdentifiedAs Linux 3.10.0-957.10.1.el7.x86_64 x86_64 2
AMSCommonsI-I-Identified as LittleEndian 64 bit machine. 4294967295
AMSCommonsI-I-amsdatabase /cvmfs/ams.cern.ch/Offline/AMSDataDir/DataBase/
AMSCommonsI-I-MipsFromCPUInfo: 2194.92
AMSCommonsI-I-SystemIdentified as  Intel(R) Xeon(R) CPU E5-2630 v4 @ 2.20GHz
AMSCommonsI-I-ComputerEvaluatedAsMips 3511
AMS Software version v5.02/1220/12 built Fri Apr 19 23:54:38 2019

Geant4  Version 1033
Run ID: 492 Bartel: 62
Input Destination: /eos/ams/user/s/selu/mdst/He314/mdst_120929893.root
Output Destination: /afs/cern.ch/work/c/ctuysuz/private/he_flux/LSF/result_mc_time/time_62/he_flux_62_492.root
Add hist00 from /eos/ams/user/s/selu/mdst/He314/mdst_120929893.root
Start of Init
Use new binning
Start of Eventloop
Ntr, Nent= 1 122475
IsMC= 1
Parameter[0] = -2.64206
Parameter[1] = -3.02985
Parameter[2] = -3.62083
Parameter[3] = -5.50236
Parameter[4] = 0.0367156
Parameter[5] = -2.23473
mdfil_info:  10.0%    1 sec CPU:  58.9%
mdfil_info:  20.0%    2 sec CPU:  62.7%
mdfil_info:  30.0%    3 sec CPU:  64.7%
mdfil_info:  40.0%    4 sec CPU:  68.4%
mdfil_info:  50.0%    4 sec CPU:  71.0%
mdfil_info:  60.0%    5 sec CPU:  73.0%
mdfil_info:  70.0%    6 sec CPU:  73.7%
mdfil_info:  80.0%    6 sec CPU:  74.5%
mdfil_info:  90.0%    7 sec CPU:  75.7%
mdfil_info: 100.0%    8 sec CPU:  76.3%
mdfil_info: 100.0%    8 sec CPU:  76.3%
