WARN: the 'eosmount' alias is deprecated, please use /eos directly
License ports: 28518@lxlicen01.cern.ch,28518@lxlicen02.cern.ch,28518@lxlicen03.cern.ch:/cvmfs/projects.cern.ch/intelsw/psxe/linux/licenses
Intel(R) Parallel Studio XE 2018 Update 2 for Linux*
Copyright (C) 2009-2018 Intel Corporation. All rights reserved.
2245
AMSCommonsI-I-HardwareIdentifiedAs Linux 3.10.0-957.10.1.el7.x86_64 x86_64 2
AMSCommonsI-I-Identified as LittleEndian 64 bit machine. 4294967295
AMSCommonsI-I-amsdatabase /cvmfs/ams.cern.ch/Offline/AMSDataDir/DataBase/
AMSCommonsI-I-MipsFromCPUInfo: 2194.92
AMSCommonsI-I-SystemIdentified as  Intel(R) Xeon(R) CPU E5-2630 v4 @ 2.20GHz
AMSCommonsI-I-ComputerEvaluatedAsMips 3511
AMS Software version v5.02/1220/12 built Fri Apr 19 23:54:38 2019

Geant4  Version 1033
Run ID: 27 Bartel: 59
Input Destination: /eos/ams/user/s/selu/mdst/He122/mdst_60441566.root
Output Destination: /afs/cern.ch/work/c/ctuysuz/private/he_flux/LSF/result_mc_time/time_59/he_flux_59_27.root
Add hist00 from /eos/ams/user/s/selu/mdst/He122/mdst_60441566.root
Start of Init
Use new binning
Start of Eventloop
Ntr, Nent= 1 434363
IsMC= 1
Parameter[0] = -2.68656
Parameter[1] = -3.03432
Parameter[2] = -3.61157
Parameter[3] = -5.53634
Parameter[4] = 0.355938
Parameter[5] = -2.28628
mdfil_info:  10.0%    3 sec CPU:  74.3%
mdfil_info:  20.0%    5 sec CPU:  79.2%
mdfil_info:  30.0%    8 sec CPU:  80.6%
mdfil_info:  40.0%   10 sec CPU:  81.2%
mdfil_info:  50.0%   13 sec CPU:  81.6%
mdfil_info:  60.0%   15 sec CPU:  81.7%
mdfil_info:  70.0%   18 sec CPU:  81.5%
mdfil_info:  80.0%   20 sec CPU:  81.4%
mdfil_info:  90.0%   22 sec CPU:  81.8%
mdfil_info: 100.0%   25 sec CPU:  81.3%
mdfil_info: 100.0%   25 sec CPU:  81.3%
16960
AMSCommonsI-I-HardwareIdentifiedAs Linux 3.10.0-957.10.1.el7.x86_64 x86_64 2
AMSCommonsI-I-Identified as LittleEndian 64 bit machine. 4294967295
AMSCommonsI-I-amsdatabase /cvmfs/ams.cern.ch/Offline/AMSDataDir/DataBase/
AMSCommonsI-I-MipsFromCPUInfo: 2194.92
AMSCommonsI-I-SystemIdentified as  Intel(R) Xeon(R) CPU E5-2630 v4 @ 2.20GHz
AMSCommonsI-I-ComputerEvaluatedAsMips 3511
AMS Software version v5.02/1220/12 built Fri Apr 19 23:54:38 2019

Geant4  Version 1033
Run ID: 209 Bartel: 32
Input Destination: /eos/ams/user/s/selu/mdst/He122/mdst_60441749.root
Output Destination: /afs/cern.ch/work/c/ctuysuz/private/he_flux/LSF/result_mc_time/time_32/he_flux_32_209.root
Add hist00 from /eos/ams/user/s/selu/mdst/He122/mdst_60441749.root
Start of Init
Use new binning
Start of Eventloop
Ntr, Nent= 1 442500
IsMC= 1
Parameter[0] = -2.77785
Parameter[1] = -3.05134
Parameter[2] = -3.60147
Parameter[3] = -5.53079
Parameter[4] = 0.319411
Parameter[5] = -2.38899
mdfil_info:  10.0%   18 sec CPU:  12.8%
mdfil_info:  20.0%   26 sec CPU:  16.9%
mdfil_info:  30.0%   33 sec CPU:  19.3%
mdfil_info:  40.0%   40 sec CPU:  21.2%
mdfil_info:  50.0%   47 sec CPU:  22.7%
mdfil_info:  60.0%   53 sec CPU:  23.8%
mdfil_info:  70.0%   60 sec CPU:  24.7%
mdfil_info:  80.0%   65 sec CPU:  25.3%
mdfil_info:  90.0%   71 sec CPU:  25.8%
mdfil_info: 100.0%   79 sec CPU:  25.4%
31675
AMSCommonsI-I-HardwareIdentifiedAs Linux 3.10.0-957.10.1.el7.x86_64 x86_64 2
AMSCommonsI-I-Identified as LittleEndian 64 bit machine. 4294967295
AMSCommonsI-I-amsdatabase /cvmfs/ams.cern.ch/Offline/AMSDataDir/DataBase/
AMSCommonsI-I-MipsFromCPUInfo: 2194.92
AMSCommonsI-I-SystemIdentified as  Intel(R) Xeon(R) CPU E5-2630 v4 @ 2.20GHz
AMSCommonsI-I-ComputerEvaluatedAsMips 3511
AMS Software version v5.02/1220/12 built Fri Apr 19 23:54:38 2019

Geant4  Version 1033
Run ID: 391 Bartel: 5
Input Destination: /eos/ams/user/s/selu/mdst/He122/mdst_60442279.root
Output Destination: /afs/cern.ch/work/c/ctuysuz/private/he_flux/LSF/result_mc_time/time_5/he_flux_5_391.root
Add hist00 from /eos/ams/user/s/selu/mdst/He122/mdst_60442279.root
Start of Init
Use new binning
Start of Eventloop
Ntr, Nent= 1 435543
IsMC= 1
Parameter[0] = -2.62631
Parameter[1] = -3.02179
Parameter[2] = -3.60875
Parameter[3] = -5.5302
Parameter[4] = 0.0850909
Parameter[5] = -2.38189
mdfil_info:  10.0%    3 sec CPU:  69.4%
mdfil_info:  20.0%    5 sec CPU:  76.1%
mdfil_info:  30.0%    8 sec CPU:  78.6%
mdfil_info:  40.0%   10 sec CPU:  79.6%
mdfil_info:  50.0%   13 sec CPU:  79.9%
mdfil_info:  60.0%   15 sec CPU:  80.3%
mdfil_info:  70.0%   18 sec CPU:  80.8%
mdfil_info:  80.0%   20 sec CPU:  81.1%
mdfil_info:  90.0%   22 sec CPU:  81.6%
mdfil_info: 100.0%   25 sec CPU:  81.9%
mdfil_info: 100.0%   25 sec CPU:  81.9%
