WARN: the 'eosmount' alias is deprecated, please use /eos directly
License ports: 28518@lxlicen01.cern.ch,28518@lxlicen02.cern.ch,28518@lxlicen03.cern.ch:/cvmfs/projects.cern.ch/intelsw/psxe/linux/licenses
Intel(R) Parallel Studio XE 2018 Update 2 for Linux*
Copyright (C) 2009-2018 Intel Corporation. All rights reserved.
9358
AMSCommonsI-I-HardwareIdentifiedAs Linux 3.10.0-957.10.1.el7.x86_64 x86_64 2
AMSCommonsI-I-Identified as LittleEndian 64 bit machine. 4294967295
AMSCommonsI-I-amsdatabase /cvmfs/ams.cern.ch/Offline/AMSDataDir/DataBase/
AMSCommonsI-I-MipsFromCPUInfo: 2194.92
AMSCommonsI-I-SystemIdentified as  Intel(R) Xeon(R) CPU E5-2630 v4 @ 2.20GHz
AMSCommonsI-I-ComputerEvaluatedAsMips 3511
AMS Software version v5.02/1220/12 built Fri Apr 19 23:54:38 2019

Geant4  Version 1033
Run ID: 115 Bartel: 44
Input Destination: /eos/ams/user/s/selu/mdst/He122/mdst_60441655.root
Output Destination: /afs/cern.ch/work/c/ctuysuz/private/he_flux/LSF/result_mc_time/time_44/he_flux_44_115.root
Add hist00 from /eos/ams/user/s/selu/mdst/He122/mdst_60441655.root
Start of Init
Use new binning
Start of Eventloop
Ntr, Nent= 1 436440
IsMC= 1
Parameter[0] = -2.74861
Parameter[1] = -3.04436
Parameter[2] = -3.60474
Parameter[3] = -5.57371
Parameter[4] = 0.412165
Parameter[5] = -2.55999
mdfil_info:  10.0%   15 sec CPU:  12.5%
mdfil_info:  20.0%   21 sec CPU:  17.5%
mdfil_info:  30.0%   26 sec CPU:  21.1%
mdfil_info:  40.0%   32 sec CPU:  22.9%
mdfil_info:  50.0%   37 sec CPU:  24.4%
mdfil_info:  60.0%   42 sec CPU:  25.5%
mdfil_info:  70.0%   48 sec CPU:  26.5%
mdfil_info:  80.0%   52 sec CPU:  27.2%
mdfil_info:  90.0%   57 sec CPU:  27.8%
mdfil_info: 100.0%   63 sec CPU:  27.9%
24073
AMSCommonsI-I-HardwareIdentifiedAs Linux 3.10.0-957.10.1.el7.x86_64 x86_64 2
AMSCommonsI-I-Identified as LittleEndian 64 bit machine. 4294967295
AMSCommonsI-I-amsdatabase /cvmfs/ams.cern.ch/Offline/AMSDataDir/DataBase/
AMSCommonsI-I-MipsFromCPUInfo: 2194.92
AMSCommonsI-I-SystemIdentified as  Intel(R) Xeon(R) CPU E5-2630 v4 @ 2.20GHz
AMSCommonsI-I-ComputerEvaluatedAsMips 3511
AMS Software version v5.02/1220/12 built Fri Apr 19 23:54:38 2019

Geant4  Version 1033
Run ID: 297 Bartel: 17
Input Destination: /eos/ams/user/s/selu/mdst/He122/mdst_60441837.root
Output Destination: /afs/cern.ch/work/c/ctuysuz/private/he_flux/LSF/result_mc_time/time_17/he_flux_17_297.root
Add hist00 from /eos/ams/user/s/selu/mdst/He122/mdst_60441837.root
Start of Init
Use new binning
Start of Eventloop
Ntr, Nent= 1 436820
IsMC= 1
Parameter[0] = -2.73465
Parameter[1] = -3.05909
Parameter[2] = -3.61586
Parameter[3] = -5.54961
Parameter[4] = 0.318406
Parameter[5] = -2.36477
mdfil_info:  10.0%    2 sec CPU:  76.1%
mdfil_info:  20.0%    4 sec CPU:  82.1%
mdfil_info:  30.0%    6 sec CPU:  84.3%
mdfil_info:  40.0%    8 sec CPU:  85.5%
mdfil_info:  50.0%   10 sec CPU:  86.0%
mdfil_info:  60.0%   11 sec CPU:  86.5%
mdfil_info:  70.0%   13 sec CPU:  86.7%
mdfil_info:  80.0%   15 sec CPU:  86.7%
mdfil_info:  90.0%   18 sec CPU:  84.6%
mdfil_info: 100.0%   20 sec CPU:  84.6%
38788
AMSCommonsI-I-HardwareIdentifiedAs Linux 3.10.0-957.10.1.el7.x86_64 x86_64 2
AMSCommonsI-I-Identified as LittleEndian 64 bit machine. 4294967295
AMSCommonsI-I-amsdatabase /cvmfs/ams.cern.ch/Offline/AMSDataDir/DataBase/
AMSCommonsI-I-MipsFromCPUInfo: 2194.92
AMSCommonsI-I-SystemIdentified as  Intel(R) Xeon(R) CPU E5-2630 v4 @ 2.20GHz
AMSCommonsI-I-ComputerEvaluatedAsMips 3511
AMS Software version v5.02/1220/12 built Fri Apr 19 23:54:38 2019

Geant4  Version 1033
Run ID: 478 Bartel: 71
Input Destination: /eos/ams/user/s/selu/mdst/He314/mdst_120929878.root
Output Destination: /afs/cern.ch/work/c/ctuysuz/private/he_flux/LSF/result_mc_time/time_71/he_flux_71_478.root
Add hist00 from /eos/ams/user/s/selu/mdst/He314/mdst_120929878.root
Start of Init
Use new binning
Start of Eventloop
Ntr, Nent= 1 122040
IsMC= 1
Parameter[0] = -2.54894
Parameter[1] = -2.98273
Parameter[2] = -3.58454
Parameter[3] = -5.47731
Parameter[4] = 0.0989745
Parameter[5] = -2.00648
mdfil_info:  10.0%    0 sec CPU: 100.2%
mdfil_info:  20.0%    1 sec CPU:  99.8%
mdfil_info:  30.0%    1 sec CPU: 100.3%
mdfil_info:  40.0%    2 sec CPU: 100.1%
mdfil_info:  50.0%    2 sec CPU:  99.8%
mdfil_info:  60.0%    3 sec CPU: 100.2%
mdfil_info:  70.0%    3 sec CPU: 100.2%
mdfil_info:  80.0%    4 sec CPU: 100.1%
mdfil_info:  90.0%    4 sec CPU: 100.2%
mdfil_info: 100.0%    4 sec CPU:  99.9%
