WARN: the 'eosmount' alias is deprecated, please use /eos directly
License ports: 28518@lxlicen01.cern.ch,28518@lxlicen02.cern.ch,28518@lxlicen03.cern.ch:/cvmfs/projects.cern.ch/intelsw/psxe/linux/licenses
Intel(R) Parallel Studio XE 2018 Update 2 for Linux*
Copyright (C) 2009-2018 Intel Corporation. All rights reserved.
6675
AMSCommonsI-I-HardwareIdentifiedAs Linux 3.10.0-957.10.1.el7.x86_64 x86_64 2
AMSCommonsI-I-Identified as LittleEndian 64 bit machine. 4294967295
AMSCommonsI-I-amsdatabase /cvmfs/ams.cern.ch/Offline/AMSDataDir/DataBase/
AMSCommonsI-I-MipsFromCPUInfo: 2194.92
AMSCommonsI-I-SystemIdentified as  Intel(R) Xeon(R) CPU E5-2630 v4 @ 2.20GHz
AMSCommonsI-I-ComputerEvaluatedAsMips 3511
AMS Software version v5.02/1220/12 built Fri Apr 19 23:54:38 2019

Geant4  Version 1033
Run ID: 82 Bartel: 34
Input Destination: /eos/ams/user/s/selu/mdst/He122/mdst_60441622.root
Output Destination: /afs/cern.ch/work/c/ctuysuz/private/he_flux/LSF/result_mc_time/time_34/he_flux_34_82.root
Add hist00 from /eos/ams/user/s/selu/mdst/He122/mdst_60441622.root
Start of Init
Use new binning
Start of Eventloop
Ntr, Nent= 1 440083
IsMC= 1
Parameter[0] = -2.72052
Parameter[1] = -2.99045
Parameter[2] = -3.54577
Parameter[3] = -5.51973
Parameter[4] = 0.499199
Parameter[5] = -2.55339
mdfil_info:  10.0%    3 sec CPU:  75.8%
mdfil_info:  20.0%    5 sec CPU:  80.2%
mdfil_info:  30.0%    7 sec CPU:  81.1%
mdfil_info:  40.0%    9 sec CPU:  82.2%
mdfil_info:  50.0%   11 sec CPU:  83.2%
mdfil_info:  60.0%   13 sec CPU:  83.5%
mdfil_info:  70.0%   16 sec CPU:  84.0%
mdfil_info:  80.0%   18 sec CPU:  84.2%
mdfil_info:  90.0%   20 sec CPU:  84.0%
mdfil_info: 100.0%   23 sec CPU:  84.2%
mdfil_info: 100.0%   23 sec CPU:  84.2%
21390
AMSCommonsI-I-HardwareIdentifiedAs Linux 3.10.0-957.10.1.el7.x86_64 x86_64 2
AMSCommonsI-I-Identified as LittleEndian 64 bit machine. 4294967295
AMSCommonsI-I-amsdatabase /cvmfs/ams.cern.ch/Offline/AMSDataDir/DataBase/
AMSCommonsI-I-MipsFromCPUInfo: 2194.92
AMSCommonsI-I-SystemIdentified as  Intel(R) Xeon(R) CPU E5-2630 v4 @ 2.20GHz
AMSCommonsI-I-ComputerEvaluatedAsMips 3511
AMS Software version v5.02/1220/12 built Fri Apr 19 23:54:38 2019

Geant4  Version 1033
Run ID: 264 Bartel: 7
Input Destination: /eos/ams/user/s/selu/mdst/He122/mdst_60441804.root
Output Destination: /afs/cern.ch/work/c/ctuysuz/private/he_flux/LSF/result_mc_time/time_7/he_flux_7_264.root
Add hist00 from /eos/ams/user/s/selu/mdst/He122/mdst_60441804.root
Start of Init
Use new binning
Start of Eventloop
Ntr, Nent= 1 436308
IsMC= 1
Parameter[0] = -2.6167
Parameter[1] = -3.01884
Parameter[2] = -3.60527
Parameter[3] = -5.52044
Parameter[4] = 0.00890243
Parameter[5] = -2.31265
mdfil_info:  10.0%    3 sec CPU:  72.3%
mdfil_info:  20.0%    8 sec CPU:  49.1%
mdfil_info:  30.0%   20 sec CPU:  29.1%
mdfil_info:  40.0%   31 sec CPU:  25.3%
mdfil_info:  50.0%   36 sec CPU:  26.9%
mdfil_info:  60.0%   38 sec CPU:  30.4%
mdfil_info:  70.0%   41 sec CPU:  33.5%
mdfil_info:  80.0%   43 sec CPU:  36.2%
mdfil_info:  90.0%   45 sec CPU:  38.7%
mdfil_info: 100.0%   47 sec CPU:  40.8%
mdfil_info: 100.0%   47 sec CPU:  40.8%
36105
AMSCommonsI-I-HardwareIdentifiedAs Linux 3.10.0-957.10.1.el7.x86_64 x86_64 2
AMSCommonsI-I-Identified as LittleEndian 64 bit machine. 4294967295
AMSCommonsI-I-amsdatabase /cvmfs/ams.cern.ch/Offline/AMSDataDir/DataBase/
AMSCommonsI-I-MipsFromCPUInfo: 2194.92
AMSCommonsI-I-SystemIdentified as  Intel(R) Xeon(R) CPU E5-2630 v4 @ 2.20GHz
AMSCommonsI-I-ComputerEvaluatedAsMips 3511
AMS Software version v5.02/1220/12 built Fri Apr 19 23:54:38 2019

Geant4  Version 1033
Run ID: 445 Bartel: 61
Input Destination: /eos/ams/user/s/selu/mdst/He122/mdst_60442334.root
Output Destination: /afs/cern.ch/work/c/ctuysuz/private/he_flux/LSF/result_mc_time/time_61/he_flux_61_445.root
Add hist00 from /eos/ams/user/s/selu/mdst/He122/mdst_60442334.root
Start of Init
Use new binning
Start of Eventloop
Ntr, Nent= 1 436920
IsMC= 1
Parameter[0] = -2.66257
Parameter[1] = -3.02879
Parameter[2] = -3.60772
Parameter[3] = -5.54397
Parameter[4] = 0.208408
Parameter[5] = -2.47782
mdfil_info:  10.0%   22 sec CPU:  10.2%
mdfil_info:  20.0%   32 sec CPU:  13.1%
mdfil_info:  30.0%   43 sec CPU:  14.5%
mdfil_info:  40.0%   56 sec CPU:  15.0%
mdfil_info:  50.0%   73 sec CPU:  14.3%
mdfil_info:  60.0%   83 sec CPU:  14.9%
mdfil_info:  70.0%   91 sec CPU:  15.9%
mdfil_info:  80.0%  109 sec CPU:  15.2%
mdfil_info:  90.0%  117 sec CPU:  15.9%
mdfil_info: 100.0%  129 sec CPU:  16.0%
