WARN: the 'eosmount' alias is deprecated, please use /eos directly
License ports: 28518@lxlicen01.cern.ch,28518@lxlicen02.cern.ch,28518@lxlicen03.cern.ch:/cvmfs/projects.cern.ch/intelsw/psxe/linux/licenses
Intel(R) Parallel Studio XE 2018 Update 2 for Linux*
Copyright (C) 2009-2018 Intel Corporation. All rights reserved.
7636
AMSCommonsI-I-HardwareIdentifiedAs Linux 3.10.0-957.10.1.el7.x86_64 x86_64 2
AMSCommonsI-I-Identified as LittleEndian 64 bit machine. 4294967295
AMSCommonsI-I-amsdatabase /cvmfs/ams.cern.ch/Offline/AMSDataDir/DataBase/
AMSCommonsI-I-MipsFromCPUInfo: 2194.92
AMSCommonsI-I-SystemIdentified as  Intel(R) Xeon(R) CPU E5-2630 v4 @ 2.20GHz
AMSCommonsI-I-ComputerEvaluatedAsMips 3511
AMS Software version v5.02/1220/12 built Fri Apr 19 23:54:38 2019

Geant4  Version 1033
Run ID: 94 Bartel: 23
Input Destination: /eos/ams/user/s/selu/mdst/He122/mdst_60441634.root
Output Destination: /afs/cern.ch/work/c/ctuysuz/private/he_flux/LSF/result_mc_time/time_23/he_flux_23_94.root
Add hist00 from /eos/ams/user/s/selu/mdst/He122/mdst_60441634.root
Start of Init
Use new binning
Start of Eventloop
Ntr, Nent= 1 436444
IsMC= 1
Parameter[0] = -2.68031
Parameter[1] = -3.0282
Parameter[2] = -3.60077
Parameter[3] = -5.50631
Parameter[4] = 0.188664
Parameter[5] = -2.1921
mdfil_info:  10.0%   18 sec CPU:  12.6%
mdfil_info:  20.0%   25 sec CPU:  17.6%
mdfil_info:  30.0%   32 sec CPU:  20.5%
mdfil_info:  40.0%   39 sec CPU:  22.3%
mdfil_info:  50.0%   46 sec CPU:  23.9%
mdfil_info:  60.0%   53 sec CPU:  24.7%
mdfil_info:  70.0%   60 sec CPU:  25.5%
mdfil_info:  80.0%   67 sec CPU:  25.9%
mdfil_info:  90.0%   74 sec CPU:  26.2%
mdfil_info: 100.0%   81 sec CPU:  26.3%
mdfil_info: 100.0%   81 sec CPU:  26.3%
22351
AMSCommonsI-I-HardwareIdentifiedAs Linux 3.10.0-957.10.1.el7.x86_64 x86_64 2
AMSCommonsI-I-Identified as LittleEndian 64 bit machine. 4294967295
AMSCommonsI-I-amsdatabase /cvmfs/ams.cern.ch/Offline/AMSDataDir/DataBase/
AMSCommonsI-I-MipsFromCPUInfo: 2194.92
AMSCommonsI-I-SystemIdentified as  Intel(R) Xeon(R) CPU E5-2630 v4 @ 2.20GHz
AMSCommonsI-I-ComputerEvaluatedAsMips 3511
AMS Software version v5.02/1220/12 built Fri Apr 19 23:54:38 2019

Geant4  Version 1033
Run ID: 275 Bartel: 77
Input Destination: /eos/ams/user/s/selu/mdst/He122/mdst_60441815.root
Output Destination: /afs/cern.ch/work/c/ctuysuz/private/he_flux/LSF/result_mc_time/time_77/he_flux_77_275.root
Add hist00 from /eos/ams/user/s/selu/mdst/He122/mdst_60441815.root
Start of Init
Use new binning
Start of Eventloop
Ntr, Nent= 1 442905
IsMC= 1
Parameter[0] = -2.48824
Parameter[1] = -2.95955
Parameter[2] = -3.57956
Parameter[3] = -5.5244
Parameter[4] = 0.0142674
Parameter[5] = -2.38492
mdfil_info:  10.0%   19 sec CPU:  12.5%
mdfil_info:  20.0%   26 sec CPU:  17.1%
mdfil_info:  30.0%   34 sec CPU:  19.2%
mdfil_info:  40.0%   42 sec CPU:  20.8%
mdfil_info:  50.0%   49 sec CPU:  21.9%
mdfil_info:  60.0%   57 sec CPU:  22.4%
mdfil_info:  70.0%   65 sec CPU:  23.1%
mdfil_info:  80.0%   72 sec CPU:  23.6%
mdfil_info:  90.0%   80 sec CPU:  24.1%
mdfil_info: 100.0%   87 sec CPU:  24.7%
mdfil_info: 100.0%   87 sec CPU:  24.7%
37066
AMSCommonsI-I-HardwareIdentifiedAs Linux 3.10.0-957.10.1.el7.x86_64 x86_64 2
AMSCommonsI-I-Identified as LittleEndian 64 bit machine. 4294967295
AMSCommonsI-I-amsdatabase /cvmfs/ams.cern.ch/Offline/AMSDataDir/DataBase/
AMSCommonsI-I-MipsFromCPUInfo: 2194.92
AMSCommonsI-I-SystemIdentified as  Intel(R) Xeon(R) CPU E5-2630 v4 @ 2.20GHz
AMSCommonsI-I-ComputerEvaluatedAsMips 3511
AMS Software version v5.02/1220/12 built Fri Apr 19 23:54:38 2019

Geant4  Version 1033
Run ID: 457 Bartel: 50
Input Destination: /eos/ams/user/s/selu/mdst/He314/mdst_120929857.root
Output Destination: /afs/cern.ch/work/c/ctuysuz/private/he_flux/LSF/result_mc_time/time_50/he_flux_50_457.root
Add hist00 from /eos/ams/user/s/selu/mdst/He314/mdst_120929857.root
Start of Init
Use new binning
Start of Eventloop
Ntr, Nent= 1 122421
IsMC= 1
Parameter[0] = -2.73471
Parameter[1] = -3.0684
Parameter[2] = -3.6261
Parameter[3] = -5.53452
Parameter[4] = 0.161673
Parameter[5] = -2.21662
mdfil_info:  10.0%    1 sec CPU:  66.1%
mdfil_info:  20.0%    2 sec CPU:  60.5%
mdfil_info:  30.0%    3 sec CPU:  63.3%
mdfil_info:  40.0%    4 sec CPU:  67.9%
mdfil_info:  50.0%    4 sec CPU:  70.7%
mdfil_info:  60.0%    5 sec CPU:  72.6%
mdfil_info:  70.0%    5 sec CPU:  74.1%
mdfil_info:  80.0%    6 sec CPU:  75.4%
mdfil_info:  90.0%    7 sec CPU:  76.5%
mdfil_info: 100.0%    8 sec CPU:  77.2%
mdfil_info: 100.0%    8 sec CPU:  77.2%
