WARN: the 'eosmount' alias is deprecated, please use /eos directly
License ports: 28518@lxlicen01.cern.ch,28518@lxlicen02.cern.ch,28518@lxlicen03.cern.ch:/cvmfs/projects.cern.ch/intelsw/psxe/linux/licenses
Intel(R) Parallel Studio XE 2018 Update 2 for Linux*
Copyright (C) 2009-2018 Intel Corporation. All rights reserved.
12994
AMSCommonsI-I-HardwareIdentifiedAs Linux 3.10.0-957.5.1.el7.x86_64 x86_64 2
AMSCommonsI-I-Identified as LittleEndian 64 bit machine. 4294967295
AMSCommonsI-I-amsdatabase /cvmfs/ams.cern.ch/Offline/AMSDataDir/DataBase/
AMSCommonsI-I-MipsFromCPUInfo: 2194.92
AMSCommonsI-I-SystemIdentified as  Intel(R) Xeon(R) CPU E5-2650 v4 @ 2.20GHz
AMSCommonsI-I-ComputerEvaluatedAsMips 3511
AMS Software version v5.02/1220/12 built Fri Apr 19 23:54:38 2019

Geant4  Version 1033
Run ID: 160 Bartel: 35
Input Destination: /eos/ams/user/s/selu/mdst/He122/mdst_60441700.root
Output Destination: /afs/cern.ch/work/c/ctuysuz/private/he_flux/LSF/result_mc_time/time_35/he_flux_35_160.root
Add hist00 from /eos/ams/user/s/selu/mdst/He122/mdst_60441700.root
Start of Init
Use new binning
Start of Eventloop
Ntr, Nent= 1 442470
IsMC= 1
Parameter[0] = -2.78972
Parameter[1] = -3.05942
Parameter[2] = -3.61356
Parameter[3] = -5.57982
Parameter[4] = 0.513637
Parameter[5] = -2.53477
mdfil_info:  10.0%   17 sec CPU:  13.8%
mdfil_info:  20.0%   23 sec CPU:  19.4%
mdfil_info:  30.0%   29 sec CPU:  23.3%
mdfil_info:  40.0%   35 sec CPU:  25.4%
mdfil_info:  50.0%   42 sec CPU:  26.7%
mdfil_info:  60.0%   47 sec CPU:  28.1%
mdfil_info:  70.0%   53 sec CPU:  29.0%
mdfil_info:  80.0%   59 sec CPU:  29.6%
mdfil_info:  90.0%   66 sec CPU:  29.9%
mdfil_info: 100.0%   73 sec CPU:  30.2%
27709
AMSCommonsI-I-HardwareIdentifiedAs Linux 3.10.0-957.5.1.el7.x86_64 x86_64 2
AMSCommonsI-I-Identified as LittleEndian 64 bit machine. 4294967295
AMSCommonsI-I-amsdatabase /cvmfs/ams.cern.ch/Offline/AMSDataDir/DataBase/
AMSCommonsI-I-MipsFromCPUInfo: 2194.92
AMSCommonsI-I-SystemIdentified as  Intel(R) Xeon(R) CPU E5-2650 v4 @ 2.20GHz
AMSCommonsI-I-ComputerEvaluatedAsMips 3511
AMS Software version v5.02/1220/12 built Fri Apr 19 23:54:38 2019

Geant4  Version 1033
Run ID: 342 Bartel: 8
Input Destination: /eos/ams/user/s/selu/mdst/He122/mdst_60441882.root
Output Destination: /afs/cern.ch/work/c/ctuysuz/private/he_flux/LSF/result_mc_time/time_8/he_flux_8_342.root
Add hist00 from /eos/ams/user/s/selu/mdst/He122/mdst_60441882.root
Start of Init
Use new binning
Start of Eventloop
Ntr, Nent= 1 438291
IsMC= 1
Parameter[0] = -2.58724
Parameter[1] = -2.99412
Parameter[2] = -3.58142
Parameter[3] = -5.49201
Parameter[4] = 0.101989
Parameter[5] = -2.14779
mdfil_info:  10.0%    3 sec CPU:  79.4%
mdfil_info:  20.0%    5 sec CPU:  83.7%
mdfil_info:  30.0%    7 sec CPU:  85.6%
mdfil_info:  40.0%    9 sec CPU:  86.9%
mdfil_info:  50.0%   11 sec CPU:  87.3%
mdfil_info:  60.0%   13 sec CPU:  87.7%
mdfil_info:  70.0%   15 sec CPU:  88.2%
mdfil_info:  80.0%   17 sec CPU:  88.1%
mdfil_info:  90.0%   19 sec CPU:  88.1%
mdfil_info: 100.0%   21 sec CPU:  88.7%
mdfil_info: 100.0%   21 sec CPU:  88.7%
42424
AMSCommonsI-I-HardwareIdentifiedAs Linux 3.10.0-957.5.1.el7.x86_64 x86_64 2
AMSCommonsI-I-Identified as LittleEndian 64 bit machine. 4294967295
AMSCommonsI-I-amsdatabase /cvmfs/ams.cern.ch/Offline/AMSDataDir/DataBase/
AMSCommonsI-I-MipsFromCPUInfo: 2194.92
AMSCommonsI-I-SystemIdentified as  Intel(R) Xeon(R) CPU E5-2650 v4 @ 2.20GHz
AMSCommonsI-I-ComputerEvaluatedAsMips 3511
AMS Software version v5.02/1220/12 built Fri Apr 19 23:54:38 2019

Geant4  Version 1033
Run ID: 523 Bartel: 62
Input Destination: /eos/ams/user/s/selu/mdst/He314/mdst_120929924.root
Output Destination: /afs/cern.ch/work/c/ctuysuz/private/he_flux/LSF/result_mc_time/time_62/he_flux_62_523.root
Add hist00 from /eos/ams/user/s/selu/mdst/He314/mdst_120929924.root
Start of Init
Use new binning
Start of Eventloop
Ntr, Nent= 1 109997
IsMC= 1
Parameter[0] = -2.64206
Parameter[1] = -3.02985
Parameter[2] = -3.62083
Parameter[3] = -5.50236
Parameter[4] = 0.0367156
Parameter[5] = -2.23473
mdfil_info:  10.0%    6 sec CPU:  10.9%
mdfil_info:  20.0%   10 sec CPU:  12.0%
mdfil_info:  30.0%   15 sec CPU:  12.3%
mdfil_info:  40.0%   16 sec CPU:  14.8%
mdfil_info:  50.0%   19 sec CPU:  15.2%
mdfil_info:  60.0%   22 sec CPU:  15.9%
mdfil_info:  70.0%   25 sec CPU:  16.2%
mdfil_info:  80.0%   28 sec CPU:  16.7%
mdfil_info:  90.0%   30 sec CPU:  17.4%
mdfil_info: 100.0%   32 sec CPU:  18.1%
mdfil_info: 100.0%   32 sec CPU:  18.1%
