WARN: the 'eosmount' alias is deprecated, please use /eos directly
License ports: 28518@lxlicen01.cern.ch,28518@lxlicen02.cern.ch,28518@lxlicen03.cern.ch:/cvmfs/projects.cern.ch/intelsw/psxe/linux/licenses
Intel(R) Parallel Studio XE 2018 Update 2 for Linux*
Copyright (C) 2009-2018 Intel Corporation. All rights reserved.
13520
AMSCommonsI-I-HardwareIdentifiedAs Linux 3.10.0-957.10.1.el7.x86_64 x86_64 2
AMSCommonsI-I-Identified as LittleEndian 64 bit machine. 4294967295
AMSCommonsI-I-amsdatabase /cvmfs/ams.cern.ch/Offline/AMSDataDir/DataBase/
AMSCommonsI-I-MipsFromCPUInfo: 2194.92
AMSCommonsI-I-SystemIdentified as  Intel(R) Xeon(R) CPU E5-2630 v4 @ 2.20GHz
AMSCommonsI-I-ComputerEvaluatedAsMips 3511
AMS Software version v5.02/1220/12 built Fri Apr 19 23:54:38 2019

Geant4  Version 1033
Run ID: 166 Bartel: 75
Input Destination: /eos/ams/user/s/selu/mdst/He122/mdst_60441706.root
Output Destination: /afs/cern.ch/work/c/ctuysuz/private/he_flux/LSF/result_mc_time/time_75/he_flux_75_166.root
Add hist00 from /eos/ams/user/s/selu/mdst/He122/mdst_60441706.root
Start of Init
Use new binning
Start of Eventloop
Ntr, Nent= 1 437712
IsMC= 1
Parameter[0] = -2.49754
Parameter[1] = -2.96284
Parameter[2] = -3.58257
Parameter[3] = -5.52327
Parameter[4] = -0.0264443
Parameter[5] = -2.34842
mdfil_info:  10.0%  120 sec CPU:   2.0%
mdfil_info:  20.0%  168 sec CPU:   2.7%
mdfil_info:  30.0%  216 sec CPU:   3.1%
mdfil_info:  40.0%  273 sec CPU:   3.3%
mdfil_info:  50.0%  328 sec CPU:   3.4%
mdfil_info:  60.0%  378 sec CPU:   3.6%
mdfil_info:  70.0%  455 sec CPU:   3.5%
mdfil_info:  80.0%  511 sec CPU:   3.5%
mdfil_info:  90.0%  568 sec CPU:   3.5%
mdfil_info: 100.0%  608 sec CPU:   3.7%
mdfil_info: 100.0%  608 sec CPU:   3.7%
28235
AMSCommonsI-I-HardwareIdentifiedAs Linux 3.10.0-957.10.1.el7.x86_64 x86_64 2
AMSCommonsI-I-Identified as LittleEndian 64 bit machine. 4294967295
AMSCommonsI-I-amsdatabase /cvmfs/ams.cern.ch/Offline/AMSDataDir/DataBase/
AMSCommonsI-I-MipsFromCPUInfo: 2194.92
AMSCommonsI-I-SystemIdentified as  Intel(R) Xeon(R) CPU E5-2630 v4 @ 2.20GHz
AMSCommonsI-I-ComputerEvaluatedAsMips 3511
AMS Software version v5.02/1220/12 built Fri Apr 19 23:54:38 2019

Geant4  Version 1033
Run ID: 348 Bartel: 48
42950
AMSCommonsI-I-HardwareIdentifiedAs Linux 3.10.0-957.10.1.el7.x86_64 x86_64 2
AMSCommonsI-I-Identified as LittleEndian 64 bit machine. 4294967295
AMSCommonsI-I-amsdatabase /cvmfs/ams.cern.ch/Offline/AMSDataDir/DataBase/
AMSCommonsI-I-MipsFromCPUInfo: 2194.92
AMSCommonsI-I-SystemIdentified as  Intel(R) Xeon(R) CPU E5-2630 v4 @ 2.20GHz
AMSCommonsI-I-ComputerEvaluatedAsMips 3511
AMS Software version v5.02/1220/12 built Fri Apr 19 23:54:38 2019

Geant4  Version 1033
Run ID: 530 Bartel: 21
Input Destination: /eos/ams/user/s/selu/mdst/He314/mdst_120929933.root
Output Destination: /afs/cern.ch/work/c/ctuysuz/private/he_flux/LSF/result_mc_time/time_21/he_flux_21_530.root
Add hist00 from /eos/ams/user/s/selu/mdst/He314/mdst_120929933.root
Start of Init
Use new binning
Start of Eventloop
Ntr, Nent= 1 122489
IsMC= 1
Parameter[0] = -2.71679
Parameter[1] = -3.04446
Parameter[2] = -3.60361
Parameter[3] = -5.54759
Parameter[4] = 0.211822
Parameter[5] = -2.44359
mdfil_info:  10.0%    7 sec CPU:   9.1%
mdfil_info:  20.0%   13 sec CPU:   9.7%
mdfil_info:  30.0%   19 sec CPU:  10.6%
mdfil_info:  40.0%   20 sec CPU:  12.6%
mdfil_info:  50.0%   22 sec CPU:  14.3%
mdfil_info:  60.0%   24 sec CPU:  15.5%
mdfil_info:  70.0%   26 sec CPU:  17.0%
mdfil_info:  80.0%   27 sec CPU:  18.4%
mdfil_info:  90.0%   29 sec CPU:  19.3%
mdfil_info: 100.0%   30 sec CPU:  20.3%
mdfil_info: 100.0%   30 sec CPU:  20.3%
