WARN: the 'eosmount' alias is deprecated, please use /eos directly
License ports: 28518@lxlicen01.cern.ch,28518@lxlicen02.cern.ch,28518@lxlicen03.cern.ch:/cvmfs/projects.cern.ch/intelsw/psxe/linux/licenses
Intel(R) Parallel Studio XE 2018 Update 2 for Linux*
Copyright (C) 2009-2018 Intel Corporation. All rights reserved.
7304
AMSCommonsI-I-HardwareIdentifiedAs Linux 3.10.0-957.12.1.el7.x86_64 x86_64 2
AMSCommonsI-I-Identified as LittleEndian 64 bit machine. 4294967295
AMSCommonsI-I-amsdatabase /cvmfs/ams.cern.ch/Offline/AMSDataDir/DataBase/
AMSCommonsI-I-MipsFromCPUInfo: 2394.45
AMSCommonsI-I-SystemIdentified as  Intel Core Processor (Haswell, no TSX, IBRS)
AMSCommonsI-I-ComputerEvaluatedAsMips 3591
AMS Software version v5.02/1220/12 built Fri Apr 19 23:54:38 2019

Geant4  Version 1033
Run ID: 90 Bartel: 15
Input Destination: /eos/ams/user/s/selu/mdst/He122/mdst_60441630.root
Output Destination: /afs/cern.ch/work/c/ctuysuz/private/he_flux/LSF/result_mc_time/time_15/he_flux_15_90.root
Add hist00 from /eos/ams/user/s/selu/mdst/He122/mdst_60441630.root
Start of Init
Use new binning
Start of Eventloop
Ntr, Nent= 1 438013
IsMC= 1
Parameter[0] = -2.64949
Parameter[1] = -3.02393
Parameter[2] = -3.59344
Parameter[3] = -5.52782
Parameter[4] = 0.200514
Parameter[5] = -2.29505
mdfil_info:  10.0%   17 sec CPU:  14.1%
mdfil_info:  20.0%   22 sec CPU:  20.3%
mdfil_info:  30.0%   28 sec CPU:  23.8%
mdfil_info:  40.0%   35 sec CPU:  25.4%
mdfil_info:  50.0%   43 sec CPU:  25.5%
mdfil_info:  60.0%   49 sec CPU:  26.5%
mdfil_info:  70.0%   55 sec CPU:  27.5%
mdfil_info:  80.0%   60 sec CPU:  28.4%
mdfil_info:  90.0%   69 sec CPU:  27.9%
mdfil_info: 100.0%   77 sec CPU:  27.8%
mdfil_info: 100.0%   77 sec CPU:  27.8%
22019
AMSCommonsI-I-HardwareIdentifiedAs Linux 3.10.0-957.12.1.el7.x86_64 x86_64 2
AMSCommonsI-I-Identified as LittleEndian 64 bit machine. 4294967295
AMSCommonsI-I-amsdatabase /cvmfs/ams.cern.ch/Offline/AMSDataDir/DataBase/
AMSCommonsI-I-MipsFromCPUInfo: 2394.45
AMSCommonsI-I-SystemIdentified as  Intel Core Processor (Haswell, no TSX, IBRS)
AMSCommonsI-I-ComputerEvaluatedAsMips 3591
AMS Software version v5.02/1220/12 built Fri Apr 19 23:54:38 2019

Geant4  Version 1033
Run ID: 271 Bartel: 69
Input Destination: /eos/ams/user/s/selu/mdst/He122/mdst_60441811.root
Output Destination: /afs/cern.ch/work/c/ctuysuz/private/he_flux/LSF/result_mc_time/time_69/he_flux_69_271.root
Add hist00 from /eos/ams/user/s/selu/mdst/He122/mdst_60441811.root
Start of Init
Use new binning
Start of Eventloop
Ntr, Nent= 1 441064
IsMC= 1
Parameter[0] = -2.5456
Parameter[1] = -2.98028
Parameter[2] = -3.58897
Parameter[3] = -5.48942
Parameter[4] = 0.110577
Parameter[5] = -2.14012
mdfil_info:  10.0%    3 sec CPU:  78.1%
mdfil_info:  20.0%    5 sec CPU:  84.9%
mdfil_info:  30.0%    7 sec CPU:  87.6%
mdfil_info:  40.0%    9 sec CPU:  88.9%
mdfil_info:  50.0%   11 sec CPU:  89.5%
mdfil_info:  60.0%   13 sec CPU:  89.7%
mdfil_info:  70.0%   15 sec CPU:  90.8%
mdfil_info:  80.0%   17 sec CPU:  91.6%
mdfil_info:  90.0%   19 sec CPU:  91.7%
mdfil_info: 100.0%   21 sec CPU:  92.2%
mdfil_info: 100.0%   21 sec CPU:  92.2%
36734
AMSCommonsI-I-HardwareIdentifiedAs Linux 3.10.0-957.12.1.el7.x86_64 x86_64 2
AMSCommonsI-I-Identified as LittleEndian 64 bit machine. 4294967295
AMSCommonsI-I-amsdatabase /cvmfs/ams.cern.ch/Offline/AMSDataDir/DataBase/
AMSCommonsI-I-MipsFromCPUInfo: 2394.45
AMSCommonsI-I-SystemIdentified as  Intel Core Processor (Haswell, no TSX, IBRS)
AMSCommonsI-I-ComputerEvaluatedAsMips 3591
AMS Software version v5.02/1220/12 built Fri Apr 19 23:54:38 2019

Geant4  Version 1033
Run ID: 453 Bartel: 42
Input Destination: /eos/ams/user/s/selu/mdst/He314/mdst_120929853.root
Output Destination: /afs/cern.ch/work/c/ctuysuz/private/he_flux/LSF/result_mc_time/time_42/he_flux_42_453.root
Add hist00 from /eos/ams/user/s/selu/mdst/He314/mdst_120929853.root
Start of Init
Use new binning
Start of Eventloop
Ntr, Nent= 1 98147
IsMC= 1
Parameter[0] = -2.78027
Parameter[1] = -3.06778
Parameter[2] = -3.62449
Parameter[3] = -5.58149
Parameter[4] = 0.44175
Parameter[5] = -2.56338
mdfil_info:  10.0%    5 sec CPU:  11.7%
mdfil_info:  20.0%    9 sec CPU:  12.5%
mdfil_info:  30.0%   12 sec CPU:  13.3%
mdfil_info:  40.0%   14 sec CPU:  15.0%
mdfil_info:  50.0%   16 sec CPU:  17.1%
mdfil_info:  60.0%   17 sec CPU:  18.9%
mdfil_info:  70.0%   18 sec CPU:  20.4%
mdfil_info:  80.0%   19 sec CPU:  21.6%
mdfil_info:  90.0%   20 sec CPU:  22.9%
mdfil_info: 100.0%   21 sec CPU:  24.0%
mdfil_info: 100.0%   21 sec CPU:  24.0%
