WARN: the 'eosmount' alias is deprecated, please use /eos directly
License ports: 28518@lxlicen01.cern.ch,28518@lxlicen02.cern.ch,28518@lxlicen03.cern.ch:/cvmfs/projects.cern.ch/intelsw/psxe/linux/licenses
Intel(R) Parallel Studio XE 2018 Update 2 for Linux*
Copyright (C) 2009-2018 Intel Corporation. All rights reserved.
11365
AMSCommonsI-I-HardwareIdentifiedAs Linux 3.10.0-957.12.1.el7.x86_64 x86_64 2
AMSCommonsI-I-Identified as LittleEndian 64 bit machine. 4294967295
AMSCommonsI-I-amsdatabase /cvmfs/ams.cern.ch/Offline/AMSDataDir/DataBase/
AMSCommonsI-I-MipsFromCPUInfo: 2194.92
AMSCommonsI-I-SystemIdentified as  Intel(R) Xeon(R) CPU E5-2630 v4 @ 2.20GHz
AMSCommonsI-I-ComputerEvaluatedAsMips 3511
AMS Software version v5.02/1220/12 built Fri Apr 19 23:54:38 2019

Geant4  Version 1033
Run ID: 140 Bartel: 26
Input Destination: /eos/ams/user/s/selu/mdst/He122/mdst_60441680.root
Output Destination: /afs/cern.ch/work/c/ctuysuz/private/he_flux/LSF/result_mc_time/time_26/he_flux_26_140.root
Add hist00 from /eos/ams/user/s/selu/mdst/He122/mdst_60441680.root
Start of Init
Use new binning
Start of Eventloop
Ntr, Nent= 1 439343
IsMC= 1
Parameter[0] = -2.69537
Parameter[1] = -3.03409
Parameter[2] = -3.6054
Parameter[3] = -5.53507
Parameter[4] = 0.209297
Parameter[5] = -2.37536
mdfil_info:  10.0%   12 sec CPU:  16.1%
mdfil_info:  20.0%   17 sec CPU:  21.0%
mdfil_info:  30.0%   22 sec CPU:  23.5%
mdfil_info:  40.0%   27 sec CPU:  25.2%
mdfil_info:  50.0%   32 sec CPU:  26.5%
mdfil_info:  60.0%   38 sec CPU:  27.3%
mdfil_info:  70.0%   43 sec CPU:  27.8%
mdfil_info:  80.0%   48 sec CPU:  28.2%
mdfil_info:  90.0%   53 sec CPU:  28.5%
mdfil_info: 100.0%   58 sec CPU:  28.9%
mdfil_info: 100.0%   58 sec CPU:  28.9%
26080
AMSCommonsI-I-HardwareIdentifiedAs Linux 3.10.0-957.12.1.el7.x86_64 x86_64 2
AMSCommonsI-I-Identified as LittleEndian 64 bit machine. 4294967295
AMSCommonsI-I-amsdatabase /cvmfs/ams.cern.ch/Offline/AMSDataDir/DataBase/
AMSCommonsI-I-MipsFromCPUInfo: 2194.92
AMSCommonsI-I-SystemIdentified as  Intel(R) Xeon(R) CPU E5-2630 v4 @ 2.20GHz
AMSCommonsI-I-ComputerEvaluatedAsMips 3511
AMS Software version v5.02/1220/12 built Fri Apr 19 23:54:38 2019

Geant4  Version 1033
Run ID: 321 Bartel: 80
Input Destination: /eos/ams/user/s/selu/mdst/He122/mdst_60441861.root
Output Destination: /afs/cern.ch/work/c/ctuysuz/private/he_flux/LSF/result_mc_time/time_80/he_flux_80_321.root
Add hist00 from /eos/ams/user/s/selu/mdst/He122/mdst_60441861.root
Start of Init
Use new binning
Start of Eventloop
Ntr, Nent= 1 395355
IsMC= 1
Parameter[0] = -2.47357
Parameter[1] = -2.95263
Parameter[2] = -3.57222
Parameter[3] = -5.51993
Parameter[4] = -0.016679
Parameter[5] = -2.31576
mdfil_info:  10.0%    2 sec CPU:  75.0%
mdfil_info:  20.0%    4 sec CPU:  80.7%
mdfil_info:  30.0%    5 sec CPU:  83.4%
mdfil_info:  40.0%    7 sec CPU:  84.4%
mdfil_info:  50.0%    9 sec CPU:  85.7%
mdfil_info:  60.0%   10 sec CPU:  86.4%
mdfil_info:  70.0%   12 sec CPU:  86.3%
mdfil_info:  80.0%   14 sec CPU:  86.4%
mdfil_info:  90.0%   16 sec CPU:  86.4%
mdfil_info: 100.0%   17 sec CPU:  86.4%
mdfil_info: 100.0%   17 sec CPU:  86.4%
40795
AMSCommonsI-I-HardwareIdentifiedAs Linux 3.10.0-957.12.1.el7.x86_64 x86_64 2
AMSCommonsI-I-Identified as LittleEndian 64 bit machine. 4294967295
AMSCommonsI-I-amsdatabase /cvmfs/ams.cern.ch/Offline/AMSDataDir/DataBase/
AMSCommonsI-I-MipsFromCPUInfo: 2194.92
AMSCommonsI-I-SystemIdentified as  Intel(R) Xeon(R) CPU E5-2630 v4 @ 2.20GHz
AMSCommonsI-I-ComputerEvaluatedAsMips 3511
AMS Software version v5.02/1220/12 built Fri Apr 19 23:54:38 2019

Geant4  Version 1033
Run ID: 503 Bartel: 53
Input Destination: /eos/ams/user/s/selu/mdst/He314/mdst_120929904.root
Output Destination: /afs/cern.ch/work/c/ctuysuz/private/he_flux/LSF/result_mc_time/time_53/he_flux_53_503.root
Add hist00 from /eos/ams/user/s/selu/mdst/He314/mdst_120929904.root
Start of Init
Use new binning
Start of Eventloop
Ntr, Nent= 1 110086
IsMC= 1
Parameter[0] = -2.79614
Parameter[1] = -3.0736
Parameter[2] = -3.62637
Parameter[3] = -5.54999
Parameter[4] = 0.554084
Parameter[5] = -2.43435
mdfil_info:  10.0%    1 sec CPU:  81.6%
mdfil_info:  20.0%    1 sec CPU:  81.1%
mdfil_info:  30.0%    2 sec CPU:  81.5%
mdfil_info:  40.0%    2 sec CPU:  83.8%
mdfil_info:  50.0%    3 sec CPU:  85.1%
mdfil_info:  60.0%    3 sec CPU:  85.5%
mdfil_info:  70.0%    3 sec CPU:  86.1%
mdfil_info:  80.0%    4 sec CPU:  86.4%
mdfil_info:  90.0%    4 sec CPU:  86.8%
mdfil_info: 100.0%    5 sec CPU:  87.3%
mdfil_info: 100.0%    5 sec CPU:  87.3%
