WARN: the 'eosmount' alias is deprecated, please use /eos directly
License ports: 28518@lxlicen01.cern.ch,28518@lxlicen02.cern.ch,28518@lxlicen03.cern.ch:/cvmfs/projects.cern.ch/intelsw/psxe/linux/licenses
Intel(R) Parallel Studio XE 2018 Update 2 for Linux*
Copyright (C) 2009-2018 Intel Corporation. All rights reserved.
1581
AMSCommonsI-I-HardwareIdentifiedAs Linux 3.10.0-957.10.1.el7.x86_64 x86_64 2
AMSCommonsI-I-Identified as LittleEndian 64 bit machine. 4294967295
AMSCommonsI-I-amsdatabase /cvmfs/ams.cern.ch/Offline/AMSDataDir/DataBase/
AMSCommonsI-I-MipsFromCPUInfo: 2194.92
AMSCommonsI-I-SystemIdentified as  Intel(R) Xeon(R) CPU E5-2630 v4 @ 2.20GHz
AMSCommonsI-I-ComputerEvaluatedAsMips 3511
AMS Software version v5.02/1220/12 built Fri Apr 19 23:54:38 2019

Geant4  Version 1033
Run ID: 19 Bartel: 43
Input Destination: /eos/ams/user/s/selu/mdst/He122/mdst_60441558.root
Output Destination: /afs/cern.ch/work/c/ctuysuz/private/he_flux/LSF/result_mc_time/time_43/he_flux_43_19.root
Add hist00 from /eos/ams/user/s/selu/mdst/He122/mdst_60441558.root
Start of Init
Use new binning
Start of Eventloop
Ntr, Nent= 1 435125
IsMC= 1
Parameter[0] = -2.79775
Parameter[1] = -3.07523
Parameter[2] = -3.62821
Parameter[3] = -5.6114
Parameter[4] = 0.460986
Parameter[5] = -2.73201
mdfil_info:  10.0%   18 sec CPU:  13.2%
mdfil_info:  20.0%   24 sec CPU:  19.4%
mdfil_info:  30.0%   29 sec CPU:  22.8%
mdfil_info:  40.0%   36 sec CPU:  24.3%
mdfil_info:  50.0%   50 sec CPU:  21.7%
mdfil_info:  60.0%   57 sec CPU:  22.8%
mdfil_info:  70.0%   64 sec CPU:  23.7%
mdfil_info:  80.0%   70 sec CPU:  24.5%
mdfil_info:  90.0%   76 sec CPU:  25.1%
mdfil_info: 100.0%   88 sec CPU:  24.3%
mdfil_info: 100.0%   88 sec CPU:  24.3%
16296
AMSCommonsI-I-HardwareIdentifiedAs Linux 3.10.0-957.10.1.el7.x86_64 x86_64 2
AMSCommonsI-I-Identified as LittleEndian 64 bit machine. 4294967295
AMSCommonsI-I-amsdatabase /cvmfs/ams.cern.ch/Offline/AMSDataDir/DataBase/
AMSCommonsI-I-MipsFromCPUInfo: 2194.92
AMSCommonsI-I-SystemIdentified as  Intel(R) Xeon(R) CPU E5-2630 v4 @ 2.20GHz
AMSCommonsI-I-ComputerEvaluatedAsMips 3511
AMS Software version v5.02/1220/12 built Fri Apr 19 23:54:38 2019

Geant4  Version 1033
Run ID: 201 Bartel: 16
Input Destination: /eos/ams/user/s/selu/mdst/He122/mdst_60441741.root
Output Destination: /afs/cern.ch/work/c/ctuysuz/private/he_flux/LSF/result_mc_time/time_16/he_flux_16_201.root
Add hist00 from /eos/ams/user/s/selu/mdst/He122/mdst_60441741.root
Start of Init
Use new binning
Start of Eventloop
Ntr, Nent= 1 443992
IsMC= 1
Parameter[0] = -2.6668
Parameter[1] = -3.03435
Parameter[2] = -3.60385
Parameter[3] = -5.49763
Parameter[4] = 0.211134
Parameter[5] = -2.07053
mdfil_info:  10.0%   20 sec CPU:  12.1%
mdfil_info:  20.0%   27 sec CPU:  17.2%
mdfil_info:  30.0%   34 sec CPU:  20.1%
mdfil_info:  40.0%   41 sec CPU:  22.1%
mdfil_info:  50.0%   49 sec CPU:  23.0%
mdfil_info:  60.0%   57 sec CPU:  23.6%
mdfil_info:  70.0%   64 sec CPU:  24.2%
mdfil_info:  80.0%   71 sec CPU:  25.0%
mdfil_info:  90.0%   79 sec CPU:  25.2%
mdfil_info: 100.0%   86 sec CPU:  25.5%
mdfil_info: 100.0%   86 sec CPU:  25.5%
31011
AMSCommonsI-I-HardwareIdentifiedAs Linux 3.10.0-957.10.1.el7.x86_64 x86_64 2
AMSCommonsI-I-Identified as LittleEndian 64 bit machine. 4294967295
AMSCommonsI-I-amsdatabase /cvmfs/ams.cern.ch/Offline/AMSDataDir/DataBase/
AMSCommonsI-I-MipsFromCPUInfo: 2194.92
AMSCommonsI-I-SystemIdentified as  Intel(R) Xeon(R) CPU E5-2630 v4 @ 2.20GHz
AMSCommonsI-I-ComputerEvaluatedAsMips 3511
AMS Software version v5.02/1220/12 built Fri Apr 19 23:54:38 2019

Geant4  Version 1033
Run ID: 382 Bartel: 70
Input Destination: /eos/ams/user/s/selu/mdst/He122/mdst_60442270.root
Output Destination: /afs/cern.ch/work/c/ctuysuz/private/he_flux/LSF/result_mc_time/time_70/he_flux_70_382.root
Add hist00 from /eos/ams/user/s/selu/mdst/He122/mdst_60442270.root
Start of Init
Use new binning
Start of Eventloop
Ntr, Nent= 1 394779
IsMC= 1
Parameter[0] = -2.55238
Parameter[1] = -2.98162
Parameter[2] = -3.58419
Parameter[3] = -5.43685
Parameter[4] = 0.00689862
Parameter[5] = -1.78447
mdfil_info:  10.0%    3 sec CPU:  68.7%
mdfil_info:  20.0%    5 sec CPU:  75.5%
mdfil_info:  30.0%    8 sec CPU:  78.3%
mdfil_info:  40.0%   10 sec CPU:  79.5%
mdfil_info:  50.0%   12 sec CPU:  80.4%
mdfil_info:  60.0%   14 sec CPU:  81.3%
mdfil_info:  70.0%   17 sec CPU:  81.6%
mdfil_info:  80.0%   19 sec CPU:  82.0%
mdfil_info:  90.0%   21 sec CPU:  82.0%
mdfil_info: 100.0%   23 sec CPU:  82.2%
mdfil_info: 100.0%   23 sec CPU:  82.2%
