WARN: the 'eosmount' alias is deprecated, please use /eos directly
License ports: 28518@lxlicen01.cern.ch,28518@lxlicen02.cern.ch,28518@lxlicen03.cern.ch:/cvmfs/projects.cern.ch/intelsw/psxe/linux/licenses
Intel(R) Parallel Studio XE 2018 Update 2 for Linux*
Copyright (C) 2009-2018 Intel Corporation. All rights reserved.
7617
AMSCommonsI-I-HardwareIdentifiedAs Linux 3.10.0-957.10.1.el7.x86_64 x86_64 2
AMSCommonsI-I-Identified as LittleEndian 64 bit machine. 4294967295
AMSCommonsI-I-amsdatabase /cvmfs/ams.cern.ch/Offline/AMSDataDir/DataBase/
AMSCommonsI-I-MipsFromCPUInfo: 2194.92
AMSCommonsI-I-SystemIdentified as  Intel(R) Xeon(R) CPU E5-2630 v4 @ 2.20GHz
AMSCommonsI-I-ComputerEvaluatedAsMips 3511
AMS Software version v5.02/1220/12 built Fri Apr 19 23:54:38 2019

Geant4  Version 1033
Run ID: 94 Bartel: 4
Input Destination: /eos/ams/user/s/selu/mdst/He122/mdst_60441634.root
Output Destination: /afs/cern.ch/work/c/ctuysuz/private/he_flux/LSF/result_mc_time/time_4/he_flux_4_94.root
Add hist00 from /eos/ams/user/s/selu/mdst/He122/mdst_60441634.root
Start of Init
Use new binning
Start of Eventloop
Ntr, Nent= 1 436444
IsMC= 1
Parameter[0] = -2.61269
Parameter[1] = -3.01592
Parameter[2] = -3.59533
Parameter[3] = -5.49712
Parameter[4] = 0.0687066
Parameter[5] = -2.23552
mdfil_info:  10.0%   17 sec CPU:  11.1%
mdfil_info:  20.0%   24 sec CPU:  15.2%
mdfil_info:  30.0%   31 sec CPU:  17.7%
mdfil_info:  40.0%   38 sec CPU:  18.5%
mdfil_info:  50.0%   45 sec CPU:  19.6%
mdfil_info:  60.0%   50 sec CPU:  20.9%
mdfil_info:  70.0%   56 sec CPU:  21.8%
mdfil_info:  80.0%   65 sec CPU:  21.7%
mdfil_info:  90.0%   72 sec CPU:  21.8%
mdfil_info: 100.0%   78 sec CPU:  22.4%
mdfil_info: 100.0%   78 sec CPU:  22.4%
22332
AMSCommonsI-I-HardwareIdentifiedAs Linux 3.10.0-957.10.1.el7.x86_64 x86_64 2
AMSCommonsI-I-Identified as LittleEndian 64 bit machine. 4294967295
AMSCommonsI-I-amsdatabase /cvmfs/ams.cern.ch/Offline/AMSDataDir/DataBase/
AMSCommonsI-I-MipsFromCPUInfo: 2194.92
AMSCommonsI-I-SystemIdentified as  Intel(R) Xeon(R) CPU E5-2630 v4 @ 2.20GHz
AMSCommonsI-I-ComputerEvaluatedAsMips 3511
AMS Software version v5.02/1220/12 built Fri Apr 19 23:54:38 2019

Geant4  Version 1033
Run ID: 275 Bartel: 58
Input Destination: /eos/ams/user/s/selu/mdst/He122/mdst_60441815.root
Output Destination: /afs/cern.ch/work/c/ctuysuz/private/he_flux/LSF/result_mc_time/time_58/he_flux_58_275.root
Add hist00 from /eos/ams/user/s/selu/mdst/He122/mdst_60441815.root
Start of Init
Use new binning
Start of Eventloop
Ntr, Nent= 1 442905
IsMC= 1
Parameter[0] = -2.68687
Parameter[1] = -3.02567
Parameter[2] = -3.60778
Parameter[3] = -5.55295
Parameter[4] = 0.272681
Parameter[5] = -2.49381
mdfil_info:  10.0%    2 sec CPU:  99.4%
mdfil_info:  20.0%    3 sec CPU:  99.8%
mdfil_info:  30.0%    5 sec CPU:  99.8%
mdfil_info:  40.0%    6 sec CPU:  99.8%
mdfil_info:  50.0%    8 sec CPU:  99.7%
mdfil_info:  60.0%   10 sec CPU:  99.8%
mdfil_info:  70.0%   11 sec CPU:  99.8%
mdfil_info:  80.0%   13 sec CPU:  99.8%
mdfil_info:  90.0%   14 sec CPU:  99.8%
mdfil_info: 100.0%   16 sec CPU:  99.9%
mdfil_info: 100.0%   16 sec CPU:  99.9%
37047
AMSCommonsI-I-HardwareIdentifiedAs Linux 3.10.0-957.10.1.el7.x86_64 x86_64 2
AMSCommonsI-I-Identified as LittleEndian 64 bit machine. 4294967295
AMSCommonsI-I-amsdatabase /cvmfs/ams.cern.ch/Offline/AMSDataDir/DataBase/
AMSCommonsI-I-MipsFromCPUInfo: 2194.92
AMSCommonsI-I-SystemIdentified as  Intel(R) Xeon(R) CPU E5-2630 v4 @ 2.20GHz
AMSCommonsI-I-ComputerEvaluatedAsMips 3511
AMS Software version v5.02/1220/12 built Fri Apr 19 23:54:38 2019

Geant4  Version 1033
Run ID: 457 Bartel: 31
Input Destination: /eos/ams/user/s/selu/mdst/He314/mdst_120929857.root
Output Destination: /afs/cern.ch/work/c/ctuysuz/private/he_flux/LSF/result_mc_time/time_31/he_flux_31_457.root
Add hist00 from /eos/ams/user/s/selu/mdst/He314/mdst_120929857.root
Start of Init
Use new binning
Start of Eventloop
Ntr, Nent= 1 122421
IsMC= 1
Parameter[0] = -2.78388
Parameter[1] = -3.06558
Parameter[2] = -3.62012
Parameter[3] = -5.56152
Parameter[4] = 0.319855
Parameter[5] = -2.41575
mdfil_info:  10.0%    1 sec CPU:  68.8%
mdfil_info:  20.0%    1 sec CPU:  71.2%
mdfil_info:  30.0%    2 sec CPU:  71.5%
mdfil_info:  40.0%    3 sec CPU:  74.3%
mdfil_info:  50.0%    3 sec CPU:  76.7%
mdfil_info:  60.0%    4 sec CPU:  78.2%
mdfil_info:  70.0%    4 sec CPU:  79.2%
mdfil_info:  80.0%    5 sec CPU:  80.1%
mdfil_info:  90.0%    5 sec CPU:  80.7%
mdfil_info: 100.0%    6 sec CPU:  78.2%
mdfil_info: 100.0%    6 sec CPU:  78.2%
