WARN: the 'eosmount' alias is deprecated, please use /eos directly
License ports: 28518@lxlicen01.cern.ch,28518@lxlicen02.cern.ch,28518@lxlicen03.cern.ch:/cvmfs/projects.cern.ch/intelsw/psxe/linux/licenses
Intel(R) Parallel Studio XE 2018 Update 2 for Linux*
Copyright (C) 2009-2018 Intel Corporation. All rights reserved.
1099
AMSCommonsI-I-HardwareIdentifiedAs Linux 3.10.0-957.12.1.el7.x86_64 x86_64 2
AMSCommonsI-I-Identified as LittleEndian 64 bit machine. 4294967295
AMSCommonsI-I-amsdatabase /cvmfs/ams.cern.ch/Offline/AMSDataDir/DataBase/
AMSCommonsI-I-MipsFromCPUInfo: 2394.45
AMSCommonsI-I-SystemIdentified as  Intel Core Processor (Haswell, no TSX, IBRS)
AMSCommonsI-I-ComputerEvaluatedAsMips 3591
AMS Software version v5.02/1220/12 built Fri Apr 19 23:54:38 2019

Geant4  Version 1033
Run ID: 13 Bartel: 47
15814
AMSCommonsI-I-HardwareIdentifiedAs Linux 3.10.0-957.12.1.el7.x86_64 x86_64 2
AMSCommonsI-I-Identified as LittleEndian 64 bit machine. 4294967295
AMSCommonsI-I-amsdatabase /cvmfs/ams.cern.ch/Offline/AMSDataDir/DataBase/
AMSCommonsI-I-MipsFromCPUInfo: 2394.45
AMSCommonsI-I-SystemIdentified as  Intel Core Processor (Haswell, no TSX, IBRS)
AMSCommonsI-I-ComputerEvaluatedAsMips 3591
AMS Software version v5.02/1220/12 built Fri Apr 19 23:54:38 2019

Geant4  Version 1033
Run ID: 195 Bartel: 20
Input Destination: /eos/ams/user/s/selu/mdst/He122/mdst_60441735.root
Output Destination: /afs/cern.ch/work/c/ctuysuz/private/he_flux/LSF/result_mc_time/time_20/he_flux_20_195.root
Add hist00 from /eos/ams/user/s/selu/mdst/He122/mdst_60441735.root
Start of Init
Use new binning
Start of Eventloop
Ntr, Nent= 1 438075
IsMC= 1
Parameter[0] = -2.70518
Parameter[1] = -3.02051
Parameter[2] = -3.58999
Parameter[3] = -5.56547
Parameter[4] = 0.334526
Parameter[5] = -2.62761
mdfil_info:  10.0%    5 sec CPU:  33.8%
mdfil_info:  20.0%    9 sec CPU:  38.1%
mdfil_info:  30.0%   12 sec CPU:  40.7%
mdfil_info:  40.0%   16 sec CPU:  40.7%
mdfil_info:  50.0%   20 sec CPU:  42.0%
mdfil_info:  60.0%   23 sec CPU:  42.9%
mdfil_info:  70.0%   26 sec CPU:  45.7%
mdfil_info:  80.0%   28 sec CPU:  48.3%
mdfil_info:  90.0%   30 sec CPU:  50.6%
mdfil_info: 100.0%   32 sec CPU:  52.4%
mdfil_info: 100.0%   32 sec CPU:  52.4%
30529
AMSCommonsI-I-HardwareIdentifiedAs Linux 3.10.0-957.12.1.el7.x86_64 x86_64 2
AMSCommonsI-I-Identified as LittleEndian 64 bit machine. 4294967295
AMSCommonsI-I-amsdatabase /cvmfs/ams.cern.ch/Offline/AMSDataDir/DataBase/
AMSCommonsI-I-MipsFromCPUInfo: 2394.45
AMSCommonsI-I-SystemIdentified as  Intel Core Processor (Haswell, no TSX, IBRS)
AMSCommonsI-I-ComputerEvaluatedAsMips 3591
AMS Software version v5.02/1220/12 built Fri Apr 19 23:54:38 2019

Geant4  Version 1033
Run ID: 376 Bartel: 74
Input Destination: /eos/ams/user/s/selu/mdst/He122/mdst_60442264.root
Output Destination: /afs/cern.ch/work/c/ctuysuz/private/he_flux/LSF/result_mc_time/time_74/he_flux_74_376.root
Add hist00 from /eos/ams/user/s/selu/mdst/He122/mdst_60442264.root
Start of Init
Use new binning
Start of Eventloop
Ntr, Nent= 1 398001
IsMC= 1
Parameter[0] = -2.51662
Parameter[1] = -2.96375
Parameter[2] = -3.57829
Parameter[3] = -5.45844
Parameter[4] = 0.103059
Parameter[5] = -1.93983
mdfil_info:  10.0%    2 sec CPU:  79.2%
mdfil_info:  20.0%    4 sec CPU:  83.8%
mdfil_info:  30.0%    6 sec CPU:  85.6%
mdfil_info:  40.0%    7 sec CPU:  86.3%
mdfil_info:  50.0%    9 sec CPU:  86.4%
mdfil_info:  60.0%   11 sec CPU:  87.0%
mdfil_info:  70.0%   13 sec CPU:  87.3%
mdfil_info:  80.0%   14 sec CPU:  87.3%
mdfil_info:  90.0%   16 sec CPU:  87.3%
mdfil_info: 100.0%   18 sec CPU:  86.9%
mdfil_info: 100.0%   18 sec CPU:  86.9%
