WARN: the 'eosmount' alias is deprecated, please use /eos directly
License ports: 28518@lxlicen01.cern.ch,28518@lxlicen02.cern.ch,28518@lxlicen03.cern.ch:/cvmfs/projects.cern.ch/intelsw/psxe/linux/licenses
Intel(R) Parallel Studio XE 2018 Update 2 for Linux*
Copyright (C) 2009-2018 Intel Corporation. All rights reserved.
11328
AMSCommonsI-I-HardwareIdentifiedAs Linux 3.10.0-957.12.1.el7.x86_64 x86_64 2
AMSCommonsI-I-Identified as LittleEndian 64 bit machine. 4294967295
AMSCommonsI-I-amsdatabase /cvmfs/ams.cern.ch/Offline/AMSDataDir/DataBase/
AMSCommonsI-I-MipsFromCPUInfo: 2593.75
AMSCommonsI-I-SystemIdentified as  Intel(R) Xeon(R) CPU E5-2650 v2 @ 2.60GHz
AMSCommonsI-I-ComputerEvaluatedAsMips 4149
AMS Software version v5.02/1220/12 built Fri Apr 19 23:54:38 2019

Geant4  Version 1033
Run ID: 139 Bartel: 70
Input Destination: /eos/ams/user/s/selu/mdst/He122/mdst_60441679.root
Output Destination: /afs/cern.ch/work/c/ctuysuz/private/he_flux/LSF/result_mc_time/time_70/he_flux_70_139.root
Add hist00 from /eos/ams/user/s/selu/mdst/He122/mdst_60441679.root
Start of Init
Use new binning
Start of Eventloop
Ntr, Nent= 1 394512
IsMC= 1
Parameter[0] = -2.55238
Parameter[1] = -2.98162
Parameter[2] = -3.58419
Parameter[3] = -5.43685
Parameter[4] = 0.00689862
Parameter[5] = -1.78447
mdfil_info:  10.0%   25 sec CPU:   9.4%
mdfil_info:  20.0%   33 sec CPU:  13.9%
mdfil_info:  30.0%   40 sec CPU:  16.8%
mdfil_info:  40.0%   53 sec CPU:  16.7%
mdfil_info:  50.0%   63 sec CPU:  17.6%
mdfil_info:  60.0%   75 sec CPU:  17.8%
mdfil_info:  70.0%   90 sec CPU:  17.1%
mdfil_info:  80.0%  102 sec CPU:  17.3%
mdfil_info:  90.0%  111 sec CPU:  17.5%
mdfil_info: 100.0%  121 sec CPU:  17.4%
mdfil_info: 100.0%  121 sec CPU:  17.4%
26043
AMSCommonsI-I-HardwareIdentifiedAs Linux 3.10.0-957.12.1.el7.x86_64 x86_64 2
AMSCommonsI-I-Identified as LittleEndian 64 bit machine. 4294967295
AMSCommonsI-I-amsdatabase /cvmfs/ams.cern.ch/Offline/AMSDataDir/DataBase/
AMSCommonsI-I-MipsFromCPUInfo: 2593.75
AMSCommonsI-I-SystemIdentified as  Intel(R) Xeon(R) CPU E5-2650 v2 @ 2.60GHz
AMSCommonsI-I-ComputerEvaluatedAsMips 4149
AMS Software version v5.02/1220/12 built Fri Apr 19 23:54:38 2019

Geant4  Version 1033
Run ID: 321 Bartel: 43
Input Destination: /eos/ams/user/s/selu/mdst/He122/mdst_60441861.root
Output Destination: /afs/cern.ch/work/c/ctuysuz/private/he_flux/LSF/result_mc_time/time_43/he_flux_43_321.root
Add hist00 from /eos/ams/user/s/selu/mdst/He122/mdst_60441861.root
Start of Init
Use new binning
Start of Eventloop
Ntr, Nent= 1 395355
IsMC= 1
Parameter[0] = -2.79775
Parameter[1] = -3.07523
Parameter[2] = -3.62821
Parameter[3] = -5.6114
Parameter[4] = 0.460986
Parameter[5] = -2.73201
mdfil_info:  10.0%   21 sec CPU:  11.3%
mdfil_info:  20.0%   33 sec CPU:  13.9%
mdfil_info:  30.0%   42 sec CPU:  15.9%
mdfil_info:  40.0%   52 sec CPU:  17.0%
mdfil_info:  50.0%   61 sec CPU:  18.0%
mdfil_info:  60.0%   75 sec CPU:  17.6%
mdfil_info:  70.0%   88 sec CPU:  17.2%
mdfil_info:  80.0%   98 sec CPU:  17.6%
mdfil_info:  90.0%  109 sec CPU:  17.7%
mdfil_info: 100.0%  121 sec CPU:  17.8%
mdfil_info: 100.0%  121 sec CPU:  17.8%
40758
AMSCommonsI-I-HardwareIdentifiedAs Linux 3.10.0-957.12.1.el7.x86_64 x86_64 2
AMSCommonsI-I-Identified as LittleEndian 64 bit machine. 4294967295
AMSCommonsI-I-amsdatabase /cvmfs/ams.cern.ch/Offline/AMSDataDir/DataBase/
AMSCommonsI-I-MipsFromCPUInfo: 2593.75
AMSCommonsI-I-SystemIdentified as  Intel(R) Xeon(R) CPU E5-2650 v2 @ 2.60GHz
AMSCommonsI-I-ComputerEvaluatedAsMips 4149
AMS Software version v5.02/1220/12 built Fri Apr 19 23:54:38 2019

Geant4  Version 1033
Run ID: 503 Bartel: 16
Input Destination: /eos/ams/user/s/selu/mdst/He314/mdst_120929904.root
Output Destination: /afs/cern.ch/work/c/ctuysuz/private/he_flux/LSF/result_mc_time/time_16/he_flux_16_503.root
Add hist00 from /eos/ams/user/s/selu/mdst/He314/mdst_120929904.root
Start of Init
Use new binning
Start of Eventloop
Ntr, Nent= 1 110086
IsMC= 1
Parameter[0] = -2.6668
Parameter[1] = -3.03435
Parameter[2] = -3.60385
Parameter[3] = -5.49763
Parameter[4] = 0.211134
Parameter[5] = -2.07053
mdfil_info:  10.0%    6 sec CPU:  11.0%
mdfil_info:  20.0%   15 sec CPU:   9.2%
mdfil_info:  30.0%   22 sec CPU:   9.2%
mdfil_info:  40.0%   25 sec CPU:  10.5%
mdfil_info:  50.0%   27 sec CPU:  11.9%
mdfil_info:  60.0%   30 sec CPU:  13.0%
mdfil_info:  70.0%   32 sec CPU:  13.9%
mdfil_info:  80.0%   35 sec CPU:  14.7%
mdfil_info:  90.0%   37 sec CPU:  15.4%
mdfil_info: 100.0%   40 sec CPU:  16.0%
mdfil_info: 100.0%   40 sec CPU:  16.0%
