WARN: the 'eosmount' alias is deprecated, please use /eos directly
License ports: 28518@lxlicen01.cern.ch,28518@lxlicen02.cern.ch,28518@lxlicen03.cern.ch:/cvmfs/projects.cern.ch/intelsw/psxe/linux/licenses
Intel(R) Parallel Studio XE 2018 Update 2 for Linux*
Copyright (C) 2009-2018 Intel Corporation. All rights reserved.
5111
AMSCommonsI-I-HardwareIdentifiedAs Linux 3.10.0-957.10.1.el7.x86_64 x86_64 2
AMSCommonsI-I-Identified as LittleEndian 64 bit machine. 4294967295
AMSCommonsI-I-amsdatabase /cvmfs/ams.cern.ch/Offline/AMSDataDir/DataBase/
AMSCommonsI-I-MipsFromCPUInfo: 2194.92
AMSCommonsI-I-SystemIdentified as  Intel(R) Xeon(R) CPU E5-2630 v4 @ 2.20GHz
AMSCommonsI-I-ComputerEvaluatedAsMips 3511
AMS Software version v5.02/1220/12 built Fri Apr 19 23:54:38 2019

Geant4  Version 1033
Run ID: 63 Bartel: 9
Input Destination: /eos/ams/user/s/selu/mdst/He122/mdst_60441602.root
Output Destination: /afs/cern.ch/work/c/ctuysuz/private/he_flux/LSF/result_mc_time/time_9/he_flux_9_63.root
Add hist00 from /eos/ams/user/s/selu/mdst/He122/mdst_60441602.root
Start of Init
Use new binning
Start of Eventloop
Ntr, Nent= 1 438737
IsMC= 1
Parameter[0] = -2.5816
Parameter[1] = -2.99063
Parameter[2] = -3.57962
Parameter[3] = -5.50019
Parameter[4] = 0.0791501
Parameter[5] = -2.253
mdfil_info:  10.0%    3 sec CPU:  69.4%
mdfil_info:  20.0%    5 sec CPU:  75.8%
mdfil_info:  30.0%    8 sec CPU:  79.1%
mdfil_info:  40.0%   10 sec CPU:  80.4%
mdfil_info:  50.0%   13 sec CPU:  80.8%
mdfil_info:  60.0%   15 sec CPU:  80.8%
mdfil_info:  70.0%   18 sec CPU:  81.2%
mdfil_info:  80.0%   20 sec CPU:  81.3%
mdfil_info:  90.0%   23 sec CPU:  81.4%
mdfil_info: 100.0%   25 sec CPU:  81.9%
mdfil_info: 100.0%   25 sec CPU:  81.9%
19826
AMSCommonsI-I-HardwareIdentifiedAs Linux 3.10.0-957.10.1.el7.x86_64 x86_64 2
AMSCommonsI-I-Identified as LittleEndian 64 bit machine. 4294967295
AMSCommonsI-I-amsdatabase /cvmfs/ams.cern.ch/Offline/AMSDataDir/DataBase/
AMSCommonsI-I-MipsFromCPUInfo: 2194.92
AMSCommonsI-I-SystemIdentified as  Intel(R) Xeon(R) CPU E5-2630 v4 @ 2.20GHz
AMSCommonsI-I-ComputerEvaluatedAsMips 3511
AMS Software version v5.02/1220/12 built Fri Apr 19 23:54:38 2019

Geant4  Version 1033
Run ID: 244 Bartel: 63
Input Destination: /eos/ams/user/s/selu/mdst/He122/mdst_60441784.root
Output Destination: /afs/cern.ch/work/c/ctuysuz/private/he_flux/LSF/result_mc_time/time_63/he_flux_63_244.root
Add hist00 from /eos/ams/user/s/selu/mdst/He122/mdst_60441784.root
Start of Init
Use new binning
Start of Eventloop
Ntr, Nent= 1 434314
IsMC= 1
Parameter[0] = -2.618
Parameter[1] = -3.00649
Parameter[2] = -3.59895
Parameter[3] = -5.51567
Parameter[4] = 0.0987089
Parameter[5] = -2.27434
mdfil_info:  10.0%   20 sec CPU:  11.0%
mdfil_info:  20.0%   28 sec CPU:  15.6%
mdfil_info:  30.0%   40 sec CPU:  15.6%
mdfil_info:  40.0%   51 sec CPU:  16.5%
mdfil_info:  50.0%   61 sec CPU:  16.8%
mdfil_info:  60.0%   74 sec CPU:  16.6%
mdfil_info:  70.0%   82 sec CPU:  17.5%
mdfil_info:  80.0%   90 sec CPU:  18.1%
mdfil_info:  90.0%  101 sec CPU:  18.3%
mdfil_info: 100.0%  114 sec CPU:  18.0%
mdfil_info: 100.0%  114 sec CPU:  18.0%
34541
AMSCommonsI-I-HardwareIdentifiedAs Linux 3.10.0-957.10.1.el7.x86_64 x86_64 2
AMSCommonsI-I-Identified as LittleEndian 64 bit machine. 4294967295
AMSCommonsI-I-amsdatabase /cvmfs/ams.cern.ch/Offline/AMSDataDir/DataBase/
AMSCommonsI-I-MipsFromCPUInfo: 2194.92
AMSCommonsI-I-SystemIdentified as  Intel(R) Xeon(R) CPU E5-2630 v4 @ 2.20GHz
AMSCommonsI-I-ComputerEvaluatedAsMips 3511
AMS Software version v5.02/1220/12 built Fri Apr 19 23:54:38 2019

Geant4  Version 1033
Run ID: 426 Bartel: 36
Input Destination: /eos/ams/user/s/selu/mdst/He122/mdst_60442314.root
Output Destination: /afs/cern.ch/work/c/ctuysuz/private/he_flux/LSF/result_mc_time/time_36/he_flux_36_426.root
Add hist00 from /eos/ams/user/s/selu/mdst/He122/mdst_60442314.root
Start of Init
Use new binning
Start of Eventloop
Ntr, Nent= 1 388012
IsMC= 1
Parameter[0] = -2.79557
Parameter[1] = -3.06246
Parameter[2] = -3.62389
Parameter[3] = -5.5927
Parameter[4] = 0.507214
Parameter[5] = -2.70126
mdfil_info:  10.0%   21 sec CPU:   9.5%
mdfil_info:  20.0%   28 sec CPU:  13.5%
mdfil_info:  30.0%   35 sec CPU:  15.7%
mdfil_info:  40.0%   43 sec CPU:  17.1%
mdfil_info:  50.0%   50 sec CPU:  18.6%
mdfil_info:  60.0%   57 sec CPU:  19.6%
mdfil_info:  70.0%   64 sec CPU:  20.5%
mdfil_info:  80.0%   71 sec CPU:  21.2%
mdfil_info:  90.0%   77 sec CPU:  21.8%
mdfil_info: 100.0%   83 sec CPU:  22.2%
mdfil_info: 100.0%   83 sec CPU:  22.2%
