WARN: the 'eosmount' alias is deprecated, please use /eos directly
License ports: 28518@lxlicen01.cern.ch,28518@lxlicen02.cern.ch,28518@lxlicen03.cern.ch:/cvmfs/projects.cern.ch/intelsw/psxe/linux/licenses
Intel(R) Parallel Studio XE 2018 Update 2 for Linux*
Copyright (C) 2009-2018 Intel Corporation. All rights reserved.
4084
AMSCommonsI-I-HardwareIdentifiedAs Linux 3.10.0-957.10.1.el7.x86_64 x86_64 2
AMSCommonsI-I-Identified as LittleEndian 64 bit machine. 4294967295
AMSCommonsI-I-amsdatabase /cvmfs/ams.cern.ch/Offline/AMSDataDir/DataBase/
AMSCommonsI-I-MipsFromCPUInfo: 2194.92
AMSCommonsI-I-SystemIdentified as  Intel(R) Xeon(R) CPU E5-2630 v4 @ 2.20GHz
AMSCommonsI-I-ComputerEvaluatedAsMips 3511
AMS Software version v5.02/1220/12 built Fri Apr 19 23:54:38 2019

Geant4  Version 1033
Run ID: 50 Bartel: 35
Input Destination: /eos/ams/user/s/selu/mdst/He122/mdst_60441589.root
Output Destination: /afs/cern.ch/work/c/ctuysuz/private/he_flux/LSF/result_mc_time/time_35/he_flux_35_50.root
Add hist00 from /eos/ams/user/s/selu/mdst/He122/mdst_60441589.root
Start of Init
Use new binning
Start of Eventloop
Ntr, Nent= 1 398450
IsMC= 1
Parameter[0] = -2.78972
Parameter[1] = -3.05942
Parameter[2] = -3.61356
Parameter[3] = -5.57982
Parameter[4] = 0.513637
Parameter[5] = -2.53477
mdfil_info:  10.0%    3 sec CPU:  72.5%
mdfil_info:  20.0%    5 sec CPU:  78.5%
mdfil_info:  30.0%    7 sec CPU:  81.0%
mdfil_info:  40.0%    9 sec CPU:  82.5%
mdfil_info:  50.0%   12 sec CPU:  82.7%
mdfil_info:  60.0%   14 sec CPU:  83.1%
mdfil_info:  70.0%   16 sec CPU:  83.7%
mdfil_info:  80.0%   19 sec CPU:  84.2%
mdfil_info:  90.0%   21 sec CPU:  84.5%
mdfil_info: 100.0%   23 sec CPU:  84.9%
18799
AMSCommonsI-I-HardwareIdentifiedAs Linux 3.10.0-957.10.1.el7.x86_64 x86_64 2
AMSCommonsI-I-Identified as LittleEndian 64 bit machine. 4294967295
AMSCommonsI-I-amsdatabase /cvmfs/ams.cern.ch/Offline/AMSDataDir/DataBase/
AMSCommonsI-I-MipsFromCPUInfo: 2194.92
AMSCommonsI-I-SystemIdentified as  Intel(R) Xeon(R) CPU E5-2630 v4 @ 2.20GHz
AMSCommonsI-I-ComputerEvaluatedAsMips 3511
AMS Software version v5.02/1220/12 built Fri Apr 19 23:54:38 2019

Geant4  Version 1033
Run ID: 232 Bartel: 8
Input Destination: /eos/ams/user/s/selu/mdst/He122/mdst_60441772.root
Output Destination: /afs/cern.ch/work/c/ctuysuz/private/he_flux/LSF/result_mc_time/time_8/he_flux_8_232.root
Add hist00 from /eos/ams/user/s/selu/mdst/He122/mdst_60441772.root
Start of Init
Use new binning
Start of Eventloop
Ntr, Nent= 1 439689
IsMC= 1
Parameter[0] = -2.58724
Parameter[1] = -2.99412
Parameter[2] = -3.58142
Parameter[3] = -5.49201
Parameter[4] = 0.101989
Parameter[5] = -2.14779
mdfil_info:  10.0%   18 sec CPU:  12.1%
mdfil_info:  20.0%   26 sec CPU:  16.6%
mdfil_info:  30.0%   35 sec CPU:  18.6%
mdfil_info:  40.0%   44 sec CPU:  19.8%
mdfil_info:  50.0%   51 sec CPU:  21.0%
mdfil_info:  60.0%   59 sec CPU:  21.9%
mdfil_info:  70.0%   67 sec CPU:  22.5%
mdfil_info:  80.0%   75 sec CPU:  22.9%
mdfil_info:  90.0%   83 sec CPU:  23.3%
mdfil_info: 100.0%   91 sec CPU:  23.6%
mdfil_info: 100.0%   91 sec CPU:  23.6%
33514
AMSCommonsI-I-HardwareIdentifiedAs Linux 3.10.0-957.10.1.el7.x86_64 x86_64 2
AMSCommonsI-I-Identified as LittleEndian 64 bit machine. 4294967295
AMSCommonsI-I-amsdatabase /cvmfs/ams.cern.ch/Offline/AMSDataDir/DataBase/
AMSCommonsI-I-MipsFromCPUInfo: 2194.92
AMSCommonsI-I-SystemIdentified as  Intel(R) Xeon(R) CPU E5-2630 v4 @ 2.20GHz
AMSCommonsI-I-ComputerEvaluatedAsMips 3511
AMS Software version v5.02/1220/12 built Fri Apr 19 23:54:38 2019

Geant4  Version 1033
Run ID: 413 Bartel: 62
Input Destination: /eos/ams/user/s/selu/mdst/He122/mdst_60442301.root
Output Destination: /afs/cern.ch/work/c/ctuysuz/private/he_flux/LSF/result_mc_time/time_62/he_flux_62_413.root
Add hist00 from /eos/ams/user/s/selu/mdst/He122/mdst_60442301.root
Start of Init
Use new binning
Start of Eventloop
Ntr, Nent= 1 437037
IsMC= 1
Parameter[0] = -2.64206
Parameter[1] = -3.02985
Parameter[2] = -3.62083
Parameter[3] = -5.50236
Parameter[4] = 0.0367156
Parameter[5] = -2.23473
mdfil_info:  10.0%   19 sec CPU:  11.9%
mdfil_info:  20.0%   25 sec CPU:  17.6%
mdfil_info:  30.0%   32 sec CPU:  20.8%
mdfil_info:  40.0%   46 sec CPU:  19.3%
mdfil_info:  50.0%   53 sec CPU:  20.7%
mdfil_info:  60.0%   60 sec CPU:  22.0%
mdfil_info:  70.0%   68 sec CPU:  22.8%
mdfil_info:  80.0%   83 sec CPU:  21.2%
mdfil_info:  90.0%   92 sec CPU:  21.5%
mdfil_info: 100.0%  101 sec CPU:  21.7%
mdfil_info: 100.0%  101 sec CPU:  21.7%
