WARN: the 'eosmount' alias is deprecated, please use /eos directly
License ports: 28518@lxlicen01.cern.ch,28518@lxlicen02.cern.ch,28518@lxlicen03.cern.ch:/cvmfs/projects.cern.ch/intelsw/psxe/linux/licenses
Intel(R) Parallel Studio XE 2018 Update 2 for Linux*
Copyright (C) 2009-2018 Intel Corporation. All rights reserved.
9153
AMSCommonsI-I-HardwareIdentifiedAs Linux 3.10.0-957.12.1.el7.x86_64 x86_64 2
AMSCommonsI-I-Identified as LittleEndian 64 bit machine. 4294967295
AMSCommonsI-I-amsdatabase /cvmfs/ams.cern.ch/Offline/AMSDataDir/DataBase/
AMSCommonsI-I-MipsFromCPUInfo: 2194.92
AMSCommonsI-I-SystemIdentified as  Intel(R) Xeon(R) CPU E5-2630 v4 @ 2.20GHz
AMSCommonsI-I-ComputerEvaluatedAsMips 3511
AMS Software version v5.02/1220/12 built Fri Apr 19 23:54:38 2019

Geant4  Version 1033
Run ID: 113 Bartel: 1
Input Destination: /eos/ams/user/s/selu/mdst/He122/mdst_60441653.root
Output Destination: /afs/cern.ch/work/c/ctuysuz/private/he_flux/LSF/result_mc_time/time_1/he_flux_1_113.root
Add hist00 from /eos/ams/user/s/selu/mdst/He122/mdst_60441653.root
Start of Init
Use new binning
Start of Eventloop
Ntr, Nent= 1 440609
IsMC= 1
Parameter[0] = -2.47751
Parameter[1] = -2.72369
Parameter[2] = -3.30093
Parameter[3] = -5.32428
Parameter[4] = 0.816566
Parameter[5] = -2.78591
mdfil_info:  10.0%    2 sec CPU:  76.9%
mdfil_info:  20.0%    4 sec CPU:  82.9%
mdfil_info:  30.0%    6 sec CPU:  85.0%
mdfil_info:  40.0%    8 sec CPU:  85.8%
mdfil_info:  50.0%   10 sec CPU:  86.5%
mdfil_info:  60.0%   12 sec CPU:  86.6%
mdfil_info:  70.0%   14 sec CPU:  87.0%
mdfil_info:  80.0%   16 sec CPU:  87.3%
mdfil_info:  90.0%   17 sec CPU:  87.3%
mdfil_info: 100.0%   19 sec CPU:  87.5%
mdfil_info: 100.0%   19 sec CPU:  87.5%
23868
AMSCommonsI-I-HardwareIdentifiedAs Linux 3.10.0-957.12.1.el7.x86_64 x86_64 2
AMSCommonsI-I-Identified as LittleEndian 64 bit machine. 4294967295
AMSCommonsI-I-amsdatabase /cvmfs/ams.cern.ch/Offline/AMSDataDir/DataBase/
AMSCommonsI-I-MipsFromCPUInfo: 2194.92
AMSCommonsI-I-SystemIdentified as  Intel(R) Xeon(R) CPU E5-2630 v4 @ 2.20GHz
AMSCommonsI-I-ComputerEvaluatedAsMips 3511
AMS Software version v5.02/1220/12 built Fri Apr 19 23:54:38 2019

Geant4  Version 1033
Run ID: 294 Bartel: 55
Input Destination: /eos/ams/user/s/selu/mdst/He122/mdst_60441834.root
Output Destination: /afs/cern.ch/work/c/ctuysuz/private/he_flux/LSF/result_mc_time/time_55/he_flux_55_294.root
Add hist00 from /eos/ams/user/s/selu/mdst/He122/mdst_60441834.root
Start of Init
Use new binning
Start of Eventloop
Ntr, Nent= 1 438309
IsMC= 1
Parameter[0] = -2.74163
Parameter[1] = -3.05076
Parameter[2] = -3.61683
Parameter[3] = -5.57138
Parameter[4] = 0.434624
Parameter[5] = -2.47013
mdfil_info:  10.0%   20 sec CPU:  10.0%
mdfil_info:  20.0%   28 sec CPU:  13.4%
mdfil_info:  30.0%   35 sec CPU:  16.0%
mdfil_info:  40.0%   42 sec CPU:  17.8%
mdfil_info:  50.0%   52 sec CPU:  18.4%
mdfil_info:  60.0%   62 sec CPU:  18.6%
mdfil_info:  70.0%   70 sec CPU:  19.1%
mdfil_info:  80.0%   77 sec CPU:  19.8%
mdfil_info:  90.0%   84 sec CPU:  20.4%
mdfil_info: 100.0%   91 sec CPU:  21.0%
mdfil_info: 100.0%   91 sec CPU:  21.0%
38583
AMSCommonsI-I-HardwareIdentifiedAs Linux 3.10.0-957.12.1.el7.x86_64 x86_64 2
AMSCommonsI-I-Identified as LittleEndian 64 bit machine. 4294967295
AMSCommonsI-I-amsdatabase /cvmfs/ams.cern.ch/Offline/AMSDataDir/DataBase/
AMSCommonsI-I-MipsFromCPUInfo: 2194.92
AMSCommonsI-I-SystemIdentified as  Intel(R) Xeon(R) CPU E5-2630 v4 @ 2.20GHz
AMSCommonsI-I-ComputerEvaluatedAsMips 3511
AMS Software version v5.02/1220/12 built Fri Apr 19 23:54:38 2019

Geant4  Version 1033
Run ID: 476 Bartel: 28
Input Destination: /eos/ams/user/s/selu/mdst/He314/mdst_120929876.root
Output Destination: /afs/cern.ch/work/c/ctuysuz/private/he_flux/LSF/result_mc_time/time_28/he_flux_28_476.root
Add hist00 from /eos/ams/user/s/selu/mdst/He314/mdst_120929876.root
Start of Init
Use new binning
Start of Eventloop
Ntr, Nent= 1 109817
IsMC= 1
Parameter[0] = -2.78708
Parameter[1] = -3.08521
Parameter[2] = -3.63404
Parameter[3] = -5.57737
Parameter[4] = 0.368582
Parameter[5] = -2.54212
mdfil_info:  10.0%    5 sec CPU:  11.4%
mdfil_info:  20.0%   10 sec CPU:  11.7%
mdfil_info:  30.0%   15 sec CPU:  11.9%
mdfil_info:  40.0%   16 sec CPU:  14.1%
mdfil_info:  50.0%   18 sec CPU:  15.9%
mdfil_info:  60.0%   19 sec CPU:  17.1%
mdfil_info:  70.0%   21 sec CPU:  18.2%
mdfil_info:  80.0%   22 sec CPU:  19.4%
mdfil_info:  90.0%   23 sec CPU:  20.3%
mdfil_info: 100.0%   24 sec CPU:  20.7%
mdfil_info: 100.0%   24 sec CPU:  20.7%
