WARN: the 'eosmount' alias is deprecated, please use /eos directly
License ports: 28518@lxlicen01.cern.ch,28518@lxlicen02.cern.ch,28518@lxlicen03.cern.ch:/cvmfs/projects.cern.ch/intelsw/psxe/linux/licenses
Intel(R) Parallel Studio XE 2018 Update 2 for Linux*
Copyright (C) 2009-2018 Intel Corporation. All rights reserved.
5670
AMSCommonsI-I-HardwareIdentifiedAs Linux 3.10.0-957.10.1.el7.x86_64 x86_64 2
AMSCommonsI-I-Identified as LittleEndian 64 bit machine. 4294967295
AMSCommonsI-I-amsdatabase /cvmfs/ams.cern.ch/Offline/AMSDataDir/DataBase/
AMSCommonsI-I-MipsFromCPUInfo: 2194.92
AMSCommonsI-I-SystemIdentified as  Intel(R) Xeon(R) CPU E5-2630 v4 @ 2.20GHz
AMSCommonsI-I-ComputerEvaluatedAsMips 3511
AMS Software version v5.02/1220/12 built Fri Apr 19 23:54:38 2019

Geant4  Version 1033
Run ID: 70 Bartel: 1
Input Destination: /eos/ams/user/s/selu/mdst/He122/mdst_60441610.root
Output Destination: /afs/cern.ch/work/c/ctuysuz/private/he_flux/LSF/result_mc_time/time_1/he_flux_1_70.root
Add hist00 from /eos/ams/user/s/selu/mdst/He122/mdst_60441610.root
Start of Init
Use new binning
Start of Eventloop
Ntr, Nent= 1 434486
IsMC= 1
Parameter[0] = -2.47751
Parameter[1] = -2.72369
Parameter[2] = -3.30093
Parameter[3] = -5.32428
Parameter[4] = 0.816566
Parameter[5] = -2.78591
mdfil_info:  10.0%   20 sec CPU:  11.7%
mdfil_info:  20.0%   27 sec CPU:  16.6%
mdfil_info:  30.0%   34 sec CPU:  19.6%
mdfil_info:  40.0%   41 sec CPU:  21.9%
mdfil_info:  50.0%   47 sec CPU:  23.4%
mdfil_info:  60.0%   54 sec CPU:  24.7%
mdfil_info:  70.0%   61 sec CPU:  25.4%
mdfil_info:  80.0%   69 sec CPU:  25.7%
mdfil_info:  90.0%   75 sec CPU:  26.2%
mdfil_info: 100.0%   82 sec CPU:  26.7%
mdfil_info: 100.0%   82 sec CPU:  26.7%
20385
AMSCommonsI-I-HardwareIdentifiedAs Linux 3.10.0-957.10.1.el7.x86_64 x86_64 2
AMSCommonsI-I-Identified as LittleEndian 64 bit machine. 4294967295
AMSCommonsI-I-amsdatabase /cvmfs/ams.cern.ch/Offline/AMSDataDir/DataBase/
AMSCommonsI-I-MipsFromCPUInfo: 2194.92
AMSCommonsI-I-SystemIdentified as  Intel(R) Xeon(R) CPU E5-2630 v4 @ 2.20GHz
AMSCommonsI-I-ComputerEvaluatedAsMips 3511
AMS Software version v5.02/1220/12 built Fri Apr 19 23:54:38 2019

Geant4  Version 1033
Run ID: 251 Bartel: 55
Input Destination: /eos/ams/user/s/selu/mdst/He122/mdst_60441791.root
Output Destination: /afs/cern.ch/work/c/ctuysuz/private/he_flux/LSF/result_mc_time/time_55/he_flux_55_251.root
Add hist00 from /eos/ams/user/s/selu/mdst/He122/mdst_60441791.root
Start of Init
Use new binning
Start of Eventloop
Ntr, Nent= 1 440914
IsMC= 1
Parameter[0] = -2.74163
Parameter[1] = -3.05076
Parameter[2] = -3.61683
Parameter[3] = -5.57138
Parameter[4] = 0.434624
Parameter[5] = -2.47013
mdfil_info:  10.0%    3 sec CPU:  71.4%
mdfil_info:  20.0%    5 sec CPU:  79.5%
mdfil_info:  30.0%    7 sec CPU:  83.6%
mdfil_info:  40.0%   10 sec CPU:  84.6%
mdfil_info:  50.0%   12 sec CPU:  85.7%
mdfil_info:  60.0%   15 sec CPU:  86.8%
mdfil_info:  70.0%   17 sec CPU:  87.4%
mdfil_info:  80.0%   19 sec CPU:  88.0%
mdfil_info:  90.0%   21 sec CPU:  88.0%
mdfil_info: 100.0%   23 sec CPU:  88.8%
mdfil_info: 100.0%   23 sec CPU:  88.8%
35100
AMSCommonsI-I-HardwareIdentifiedAs Linux 3.10.0-957.10.1.el7.x86_64 x86_64 2
AMSCommonsI-I-Identified as LittleEndian 64 bit machine. 4294967295
AMSCommonsI-I-amsdatabase /cvmfs/ams.cern.ch/Offline/AMSDataDir/DataBase/
AMSCommonsI-I-MipsFromCPUInfo: 2194.92
AMSCommonsI-I-SystemIdentified as  Intel(R) Xeon(R) CPU E5-2630 v4 @ 2.20GHz
AMSCommonsI-I-ComputerEvaluatedAsMips 3511
AMS Software version v5.02/1220/12 built Fri Apr 19 23:54:38 2019

Geant4  Version 1033
Run ID: 433 Bartel: 28
Input Destination: /eos/ams/user/s/selu/mdst/He122/mdst_60442321.root
Output Destination: /afs/cern.ch/work/c/ctuysuz/private/he_flux/LSF/result_mc_time/time_28/he_flux_28_433.root
Add hist00 from /eos/ams/user/s/selu/mdst/He122/mdst_60442321.root
Start of Init
Use new binning
Start of Eventloop
Ntr, Nent= 1 437691
IsMC= 1
Parameter[0] = -2.78708
Parameter[1] = -3.08521
Parameter[2] = -3.63404
Parameter[3] = -5.57737
Parameter[4] = 0.368582
Parameter[5] = -2.54212
mdfil_info:  10.0%    3 sec CPU:  73.0%
mdfil_info:  20.0%    5 sec CPU:  81.6%
mdfil_info:  30.0%    7 sec CPU:  85.5%
mdfil_info:  40.0%   10 sec CPU:  87.6%
mdfil_info:  50.0%   12 sec CPU:  88.7%
mdfil_info:  60.0%   14 sec CPU:  88.4%
mdfil_info:  70.0%   16 sec CPU:  88.7%
mdfil_info:  80.0%   18 sec CPU:  89.1%
mdfil_info:  90.0%   20 sec CPU:  89.3%
mdfil_info: 100.0%   23 sec CPU:  89.7%
mdfil_info: 100.0%   23 sec CPU:  89.7%
