WARN: the 'eosmount' alias is deprecated, please use /eos directly
License ports: 28518@lxlicen01.cern.ch,28518@lxlicen02.cern.ch,28518@lxlicen03.cern.ch:/cvmfs/projects.cern.ch/intelsw/psxe/linux/licenses
Intel(R) Parallel Studio XE 2018 Update 2 for Linux*
Copyright (C) 2009-2018 Intel Corporation. All rights reserved.
9676
AMSCommonsI-I-HardwareIdentifiedAs Linux 3.10.0-957.10.1.el7.x86_64 x86_64 2
AMSCommonsI-I-Identified as LittleEndian 64 bit machine. 4294967295
AMSCommonsI-I-amsdatabase /cvmfs/ams.cern.ch/Offline/AMSDataDir/DataBase/
AMSCommonsI-I-MipsFromCPUInfo: 2195.1
AMSCommonsI-I-SystemIdentified as  Intel(R) Xeon(R) CPU E5-2630 v4 @ 2.20GHz
AMSCommonsI-I-ComputerEvaluatedAsMips 3512
AMS Software version v5.02/1220/12 built Fri Apr 19 23:54:38 2019

Geant4  Version 1033
Run ID: 119 Bartel: 38
Input Destination: /eos/ams/user/s/selu/mdst/He122/mdst_60441659.root
Output Destination: /afs/cern.ch/work/c/ctuysuz/private/he_flux/LSF/result_mc_time/time_38/he_flux_38_119.root
Add hist00 from /eos/ams/user/s/selu/mdst/He122/mdst_60441659.root
Start of Init
Use new binning
Start of Eventloop
Ntr, Nent= 1 437530
IsMC= 1
Parameter[0] = -2.81232
Parameter[1] = -3.08566
Parameter[2] = -3.62933
Parameter[3] = -5.55815
Parameter[4] = 0.386285
Parameter[5] = -2.46956
mdfil_info:  10.0%   19 sec CPU:  12.5%
mdfil_info:  20.0%   27 sec CPU:  16.9%
mdfil_info:  30.0%   35 sec CPU:  19.7%
mdfil_info:  40.0%   41 sec CPU:  21.9%
mdfil_info:  50.0%   48 sec CPU:  23.7%
mdfil_info:  60.0%   55 sec CPU:  24.4%
mdfil_info:  70.0%   64 sec CPU:  24.5%
mdfil_info:  80.0%   73 sec CPU:  24.5%
mdfil_info:  90.0%   81 sec CPU:  24.7%
mdfil_info: 100.0%   89 sec CPU:  25.0%
24391
AMSCommonsI-I-HardwareIdentifiedAs Linux 3.10.0-957.10.1.el7.x86_64 x86_64 2
AMSCommonsI-I-Identified as LittleEndian 64 bit machine. 4294967295
AMSCommonsI-I-amsdatabase /cvmfs/ams.cern.ch/Offline/AMSDataDir/DataBase/
AMSCommonsI-I-MipsFromCPUInfo: 2195.1
AMSCommonsI-I-SystemIdentified as  Intel(R) Xeon(R) CPU E5-2630 v4 @ 2.20GHz
AMSCommonsI-I-ComputerEvaluatedAsMips 3512
AMS Software version v5.02/1220/12 built Fri Apr 19 23:54:38 2019

Geant4  Version 1033
Run ID: 301 Bartel: 11
Input Destination: /eos/ams/user/s/selu/mdst/He122/mdst_60441841.root
Output Destination: /afs/cern.ch/work/c/ctuysuz/private/he_flux/LSF/result_mc_time/time_11/he_flux_11_301.root
Add hist00 from /eos/ams/user/s/selu/mdst/He122/mdst_60441841.root
Start of Init
Use new binning
Start of Eventloop
Ntr, Nent= 1 440048
IsMC= 1
Parameter[0] = -2.62211
Parameter[1] = -3.02015
Parameter[2] = -3.60112
Parameter[3] = -5.50361
Parameter[4] = 0.101851
Parameter[5] = -2.22239
mdfil_info:  10.0%    3 sec CPU:  65.1%
mdfil_info:  20.0%    6 sec CPU:  74.4%
mdfil_info:  30.0%    8 sec CPU:  78.2%
mdfil_info:  40.0%   10 sec CPU:  80.0%
mdfil_info:  50.0%   12 sec CPU:  81.9%
mdfil_info:  60.0%   15 sec CPU:  82.8%
mdfil_info:  70.0%   17 sec CPU:  83.2%
mdfil_info:  80.0%   20 sec CPU:  83.8%
mdfil_info:  90.0%   22 sec CPU:  84.3%
mdfil_info: 100.0%   24 sec CPU:  84.4%
mdfil_info: 100.0%   24 sec CPU:  84.4%
39106
AMSCommonsI-I-HardwareIdentifiedAs Linux 3.10.0-957.10.1.el7.x86_64 x86_64 2
AMSCommonsI-I-Identified as LittleEndian 64 bit machine. 4294967295
AMSCommonsI-I-amsdatabase /cvmfs/ams.cern.ch/Offline/AMSDataDir/DataBase/
AMSCommonsI-I-MipsFromCPUInfo: 2195.1
AMSCommonsI-I-SystemIdentified as  Intel(R) Xeon(R) CPU E5-2630 v4 @ 2.20GHz
AMSCommonsI-I-ComputerEvaluatedAsMips 3512
AMS Software version v5.02/1220/12 built Fri Apr 19 23:54:38 2019

Geant4  Version 1033
Run ID: 482 Bartel: 65
Input Destination: /eos/ams/user/s/selu/mdst/He314/mdst_120929882.root
Output Destination: /afs/cern.ch/work/c/ctuysuz/private/he_flux/LSF/result_mc_time/time_65/he_flux_65_482.root
Add hist00 from /eos/ams/user/s/selu/mdst/He314/mdst_120929882.root
Start of Init
Use new binning
Start of Eventloop
Ntr, Nent= 1 122458
IsMC= 1
Parameter[0] = -2.59221
Parameter[1] = -2.99417
Parameter[2] = -3.58427
Parameter[3] = -5.53167
Parameter[4] = 0.305015
Parameter[5] = -2.21807
mdfil_info:  10.0%    1 sec CPU:  68.9%
mdfil_info:  20.0%    2 sec CPU:  66.2%
mdfil_info:  30.0%    3 sec CPU:  67.7%
mdfil_info:  40.0%    3 sec CPU:  72.1%
mdfil_info:  50.0%    4 sec CPU:  74.8%
mdfil_info:  60.0%    4 sec CPU:  76.7%
mdfil_info:  70.0%    5 sec CPU:  77.9%
mdfil_info:  80.0%    6 sec CPU:  79.1%
mdfil_info:  90.0%    6 sec CPU:  80.0%
mdfil_info: 100.0%    7 sec CPU:  80.9%
mdfil_info: 100.0%    7 sec CPU:  80.9%
