WARN: the 'eosmount' alias is deprecated, please use /eos directly
License ports: 28518@lxlicen01.cern.ch,28518@lxlicen02.cern.ch,28518@lxlicen03.cern.ch:/cvmfs/projects.cern.ch/intelsw/psxe/linux/licenses
Intel(R) Parallel Studio XE 2018 Update 2 for Linux*
Copyright (C) 2009-2018 Intel Corporation. All rights reserved.
40
AMSCommonsI-I-HardwareIdentifiedAs Linux 3.10.0-957.12.1.el7.x86_64 x86_64 2
AMSCommonsI-I-Identified as LittleEndian 64 bit machine. 4294967295
AMSCommonsI-I-amsdatabase /cvmfs/ams.cern.ch/Offline/AMSDataDir/DataBase/
AMSCommonsI-I-MipsFromCPUInfo: 2194.92
AMSCommonsI-I-SystemIdentified as  Intel(R) Xeon(R) CPU E5-2630 v4 @ 2.20GHz
AMSCommonsI-I-ComputerEvaluatedAsMips 3511
AMS Software version v5.02/1220/12 built Fri Apr 19 23:54:38 2019

Geant4  Version 1033
Run ID: 0 Bartel: 41
Input Destination: /eos/ams/user/s/selu/mdst/He122/mdst_60441539.root
Output Destination: /afs/cern.ch/work/c/ctuysuz/private/he_flux/LSF/result_mc_time/time_41/he_flux_41_0.root
Add hist00 from /eos/ams/user/s/selu/mdst/He122/mdst_60441539.root
Start of Init
Use new binning
Start of Eventloop
Ntr, Nent= 1 131394
IsMC= 1
Parameter[0] = -2.77453
Parameter[1] = -3.05397
Parameter[2] = -3.61054
Parameter[3] = -5.55839
Parameter[4] = 0.485122
Parameter[5] = -2.44204
mdfil_info:  10.0%    1 sec CPU:  74.6%
mdfil_info:  20.0%    2 sec CPU:  76.2%
mdfil_info:  30.0%    2 sec CPU:  78.8%
mdfil_info:  40.0%    3 sec CPU:  81.1%
mdfil_info:  50.0%    3 sec CPU:  83.2%
mdfil_info:  60.0%    4 sec CPU:  83.9%
mdfil_info:  70.0%    4 sec CPU:  84.9%
mdfil_info:  80.0%    5 sec CPU:  85.3%
mdfil_info:  90.0%    5 sec CPU:  85.8%
mdfil_info: 100.0%    6 sec CPU:  86.4%
mdfil_info: 100.0%    6 sec CPU:  86.4%
14755
AMSCommonsI-I-HardwareIdentifiedAs Linux 3.10.0-957.12.1.el7.x86_64 x86_64 2
AMSCommonsI-I-Identified as LittleEndian 64 bit machine. 4294967295
AMSCommonsI-I-amsdatabase /cvmfs/ams.cern.ch/Offline/AMSDataDir/DataBase/
AMSCommonsI-I-MipsFromCPUInfo: 2194.92
AMSCommonsI-I-SystemIdentified as  Intel(R) Xeon(R) CPU E5-2630 v4 @ 2.20GHz
AMSCommonsI-I-ComputerEvaluatedAsMips 3511
AMS Software version v5.02/1220/12 built Fri Apr 19 23:54:38 2019

Geant4  Version 1033
Run ID: 182 Bartel: 14
Input Destination: /eos/ams/user/s/selu/mdst/He122/mdst_60441722.root
Output Destination: /afs/cern.ch/work/c/ctuysuz/private/he_flux/LSF/result_mc_time/time_14/he_flux_14_182.root
Add hist00 from /eos/ams/user/s/selu/mdst/He122/mdst_60441722.root
Start of Init
Use new binning
Start of Eventloop
Ntr, Nent= 1 438674
IsMC= 1
Parameter[0] = -2.62922
Parameter[1] = -3.00854
Parameter[2] = -3.59134
Parameter[3] = -5.49431
Parameter[4] = 0.150366
Parameter[5] = -2.1251
mdfil_info:  10.0%    2 sec CPU:  79.2%
mdfil_info:  20.0%    4 sec CPU:  83.7%
mdfil_info:  30.0%    6 sec CPU:  85.7%
mdfil_info:  40.0%    8 sec CPU:  86.9%
mdfil_info:  50.0%   10 sec CPU:  87.6%
mdfil_info:  60.0%   11 sec CPU:  88.3%
mdfil_info:  70.0%   13 sec CPU:  88.5%
mdfil_info:  80.0%   15 sec CPU:  88.7%
mdfil_info:  90.0%   17 sec CPU:  88.8%
mdfil_info: 100.0%   19 sec CPU:  89.0%
mdfil_info: 100.0%   19 sec CPU:  89.0%
29470
AMSCommonsI-I-HardwareIdentifiedAs Linux 3.10.0-957.12.1.el7.x86_64 x86_64 2
AMSCommonsI-I-Identified as LittleEndian 64 bit machine. 4294967295
AMSCommonsI-I-amsdatabase /cvmfs/ams.cern.ch/Offline/AMSDataDir/DataBase/
AMSCommonsI-I-MipsFromCPUInfo: 2194.92
AMSCommonsI-I-SystemIdentified as  Intel(R) Xeon(R) CPU E5-2630 v4 @ 2.20GHz
AMSCommonsI-I-ComputerEvaluatedAsMips 3511
AMS Software version v5.02/1220/12 built Fri Apr 19 23:54:38 2019

Geant4  Version 1033
Run ID: 363 Bartel: 68
Input Destination: /eos/ams/user/s/selu/mdst/He122/mdst_60442251.root
Output Destination: /afs/cern.ch/work/c/ctuysuz/private/he_flux/LSF/result_mc_time/time_68/he_flux_68_363.root
Add hist00 from /eos/ams/user/s/selu/mdst/He122/mdst_60442251.root
Start of Init
Use new binning
Start of Eventloop
Ntr, Nent= 1 433984
IsMC= 1
Parameter[0] = -2.5639
Parameter[1] = -2.98035
Parameter[2] = -3.58993
Parameter[3] = -5.51419
Parameter[4] = 0.0804353
Parameter[5] = -2.39662
mdfil_info:  10.0%    2 sec CPU:  79.2%
mdfil_info:  20.0%    4 sec CPU:  84.3%
mdfil_info:  30.0%    6 sec CPU:  85.8%
mdfil_info:  40.0%    8 sec CPU:  86.8%
mdfil_info:  50.0%   10 sec CPU:  87.4%
mdfil_info:  60.0%   11 sec CPU:  87.9%
mdfil_info:  70.0%   13 sec CPU:  88.3%
mdfil_info:  80.0%   15 sec CPU:  88.6%
mdfil_info:  90.0%   17 sec CPU:  88.8%
mdfil_info: 100.0%   19 sec CPU:  88.9%
mdfil_info: 100.0%   19 sec CPU:  88.9%
