WARN: the 'eosmount' alias is deprecated, please use /eos directly
License ports: 28518@lxlicen01.cern.ch,28518@lxlicen02.cern.ch,28518@lxlicen03.cern.ch:/cvmfs/projects.cern.ch/intelsw/psxe/linux/licenses
Intel(R) Parallel Studio XE 2018 Update 2 for Linux*
Copyright (C) 2009-2018 Intel Corporation. All rights reserved.
7469
AMSCommonsI-I-HardwareIdentifiedAs Linux 3.10.0-957.10.1.el7.x86_64 x86_64 2
AMSCommonsI-I-Identified as LittleEndian 64 bit machine. 4294967295
AMSCommonsI-I-amsdatabase /cvmfs/ams.cern.ch/Offline/AMSDataDir/DataBase/
AMSCommonsI-I-MipsFromCPUInfo: 2194.92
AMSCommonsI-I-SystemIdentified as  Intel(R) Xeon(R) CPU E5-2630 v4 @ 2.20GHz
AMSCommonsI-I-ComputerEvaluatedAsMips 3511
AMS Software version v5.02/1220/12 built Fri Apr 19 23:54:38 2019

Geant4  Version 1033
Run ID: 92 Bartel: 18
Input Destination: /eos/ams/user/s/selu/mdst/He122/mdst_60441632.root
Output Destination: /afs/cern.ch/work/c/ctuysuz/private/he_flux/LSF/result_mc_time/time_18/he_flux_18_92.root
Add hist00 from /eos/ams/user/s/selu/mdst/He122/mdst_60441632.root
Start of Init
Use new binning
Start of Eventloop
Ntr, Nent= 1 438280
IsMC= 1
Parameter[0] = -2.73216
Parameter[1] = -3.05371
Parameter[2] = -3.61222
Parameter[3] = -5.57201
Parameter[4] = 0.25419
Parameter[5] = -2.54834
mdfil_info:  10.0%   21 sec CPU:  10.7%
mdfil_info:  20.0%   28 sec CPU:  15.5%
mdfil_info:  30.0%   36 sec CPU:  18.2%
mdfil_info:  40.0%   43 sec CPU:  20.0%
mdfil_info:  50.0%   51 sec CPU:  21.0%
mdfil_info:  60.0%   58 sec CPU:  21.9%
mdfil_info:  70.0%   65 sec CPU:  22.7%
mdfil_info:  80.0%   72 sec CPU:  23.4%
mdfil_info:  90.0%   79 sec CPU:  24.1%
mdfil_info: 100.0%   86 sec CPU:  24.5%
22184
AMSCommonsI-I-HardwareIdentifiedAs Linux 3.10.0-957.10.1.el7.x86_64 x86_64 2
AMSCommonsI-I-Identified as LittleEndian 64 bit machine. 4294967295
AMSCommonsI-I-amsdatabase /cvmfs/ams.cern.ch/Offline/AMSDataDir/DataBase/
AMSCommonsI-I-MipsFromCPUInfo: 2194.92
AMSCommonsI-I-SystemIdentified as  Intel(R) Xeon(R) CPU E5-2630 v4 @ 2.20GHz
AMSCommonsI-I-ComputerEvaluatedAsMips 3511
AMS Software version v5.02/1220/12 built Fri Apr 19 23:54:38 2019

Geant4  Version 1033
Run ID: 273 Bartel: 72
Input Destination: /eos/ams/user/s/selu/mdst/He122/mdst_60441813.root
Output Destination: /afs/cern.ch/work/c/ctuysuz/private/he_flux/LSF/result_mc_time/time_72/he_flux_72_273.root
Add hist00 from /eos/ams/user/s/selu/mdst/He122/mdst_60441813.root
Start of Init
Use new binning
Start of Eventloop
Ntr, Nent= 1 438939
IsMC= 1
Parameter[0] = -2.52985
Parameter[1] = -2.97442
Parameter[2] = -3.57417
Parameter[3] = -5.4923
Parameter[4] = 0.0500631
Parameter[5] = -2.16099
mdfil_info:  10.0%    3 sec CPU:  70.2%
mdfil_info:  20.0%    6 sec CPU:  70.8%
mdfil_info:  30.0%    8 sec CPU:  75.3%
mdfil_info:  40.0%   10 sec CPU:  77.2%
mdfil_info:  50.0%   13 sec CPU:  78.6%
mdfil_info:  60.0%   15 sec CPU:  79.8%
mdfil_info:  70.0%   18 sec CPU:  80.5%
mdfil_info:  80.0%   20 sec CPU:  80.6%
mdfil_info:  90.0%   23 sec CPU:  81.1%
mdfil_info: 100.0%   25 sec CPU:  81.6%
mdfil_info: 100.0%   25 sec CPU:  81.6%
36899
AMSCommonsI-I-HardwareIdentifiedAs Linux 3.10.0-957.10.1.el7.x86_64 x86_64 2
AMSCommonsI-I-Identified as LittleEndian 64 bit machine. 4294967295
AMSCommonsI-I-amsdatabase /cvmfs/ams.cern.ch/Offline/AMSDataDir/DataBase/
AMSCommonsI-I-MipsFromCPUInfo: 2194.92
AMSCommonsI-I-SystemIdentified as  Intel(R) Xeon(R) CPU E5-2630 v4 @ 2.20GHz
AMSCommonsI-I-ComputerEvaluatedAsMips 3511
AMS Software version v5.02/1220/12 built Fri Apr 19 23:54:38 2019

Geant4  Version 1033
Run ID: 455 Bartel: 45
Input Destination: /eos/ams/user/s/selu/mdst/He314/mdst_120929855.root
Output Destination: /afs/cern.ch/work/c/ctuysuz/private/he_flux/LSF/result_mc_time/time_45/he_flux_45_455.root
Add hist00 from /eos/ams/user/s/selu/mdst/He314/mdst_120929855.root
Start of Init
Use new binning
Start of Eventloop
Ntr, Nent= 1 122680
IsMC= 1
Parameter[0] = -2.72237
Parameter[1] = -3.03584
Parameter[2] = -3.61262
Parameter[3] = -5.57823
Parameter[4] = 0.342515
Parameter[5] = -2.5989
mdfil_info:  10.0%    1 sec CPU:  69.6%
mdfil_info:  20.0%    2 sec CPU:  71.5%
mdfil_info:  30.0%    3 sec CPU:  72.3%
mdfil_info:  40.0%    3 sec CPU:  74.8%
mdfil_info:  50.0%    4 sec CPU:  76.8%
mdfil_info:  60.0%    5 sec CPU:  78.6%
mdfil_info:  70.0%    5 sec CPU:  79.8%
mdfil_info:  80.0%    6 sec CPU:  81.0%
mdfil_info:  90.0%    7 sec CPU:  81.5%
mdfil_info: 100.0%    7 sec CPU:  82.1%
