WARN: the 'eosmount' alias is deprecated, please use /eos directly
License ports: 28518@lxlicen01.cern.ch,28518@lxlicen02.cern.ch,28518@lxlicen03.cern.ch:/cvmfs/projects.cern.ch/intelsw/psxe/linux/licenses
Intel(R) Parallel Studio XE 2018 Update 2 for Linux*
Copyright (C) 2009-2018 Intel Corporation. All rights reserved.
7691
AMSCommonsI-I-HardwareIdentifiedAs Linux 3.10.0-957.10.1.el7.x86_64 x86_64 2
AMSCommonsI-I-Identified as LittleEndian 64 bit machine. 4294967295
AMSCommonsI-I-amsdatabase /cvmfs/ams.cern.ch/Offline/AMSDataDir/DataBase/
AMSCommonsI-I-MipsFromCPUInfo: 2194.92
AMSCommonsI-I-SystemIdentified as  Intel(R) Xeon(R) CPU E5-2630 v4 @ 2.20GHz
AMSCommonsI-I-ComputerEvaluatedAsMips 3511
AMS Software version v5.02/1220/12 built Fri Apr 19 23:54:38 2019

Geant4  Version 1033
Run ID: 94 Bartel: 78
Input Destination: /eos/ams/user/s/selu/mdst/He122/mdst_60441634.root
Output Destination: /afs/cern.ch/work/c/ctuysuz/private/he_flux/LSF/result_mc_time/time_78/he_flux_78_94.root
Add hist00 from /eos/ams/user/s/selu/mdst/He122/mdst_60441634.root
Start of Init
Use new binning
Start of Eventloop
Ntr, Nent= 1 436444
IsMC= 1
Parameter[0] = -2.48013
Parameter[1] = -2.9556
Parameter[2] = -3.57501
Parameter[3] = -5.51652
Parameter[4] = -0.0886133
Parameter[5] = -2.33511
mdfil_info:  10.0%   20 sec CPU:  11.5%
mdfil_info:  20.0%   28 sec CPU:  16.1%
mdfil_info:  30.0%   35 sec CPU:  18.9%
mdfil_info:  40.0%   43 sec CPU:  20.5%
mdfil_info:  50.0%   57 sec CPU:  19.2%
mdfil_info:  60.0%   72 sec CPU:  18.5%
mdfil_info:  70.0%   81 sec CPU:  19.0%
mdfil_info:  80.0%   91 sec CPU:  19.2%
mdfil_info:  90.0%  100 sec CPU:  19.6%
mdfil_info: 100.0%  110 sec CPU:  19.8%
mdfil_info: 100.0%  110 sec CPU:  19.8%
22406
AMSCommonsI-I-HardwareIdentifiedAs Linux 3.10.0-957.10.1.el7.x86_64 x86_64 2
AMSCommonsI-I-Identified as LittleEndian 64 bit machine. 4294967295
AMSCommonsI-I-amsdatabase /cvmfs/ams.cern.ch/Offline/AMSDataDir/DataBase/
AMSCommonsI-I-MipsFromCPUInfo: 2194.92
AMSCommonsI-I-SystemIdentified as  Intel(R) Xeon(R) CPU E5-2630 v4 @ 2.20GHz
AMSCommonsI-I-ComputerEvaluatedAsMips 3511
AMS Software version v5.02/1220/12 built Fri Apr 19 23:54:38 2019

Geant4  Version 1033
Run ID: 276 Bartel: 51
Input Destination: /eos/ams/user/s/selu/mdst/He122/mdst_60441816.root
Output Destination: /afs/cern.ch/work/c/ctuysuz/private/he_flux/LSF/result_mc_time/time_51/he_flux_51_276.root
Add hist00 from /eos/ams/user/s/selu/mdst/He122/mdst_60441816.root
Start of Init
Use new binning
Start of Eventloop
Ntr, Nent= 1 440901
IsMC= 1
Parameter[0] = -2.74568
Parameter[1] = -3.06682
Parameter[2] = -3.63032
Parameter[3] = -5.60094
Parameter[4] = 0.442954
Parameter[5] = -2.61577
mdfil_info:  10.0%   19 sec CPU:  12.5%
mdfil_info:  20.0%   27 sec CPU:  16.7%
mdfil_info:  30.0%   34 sec CPU:  19.6%
mdfil_info:  40.0%   42 sec CPU:  21.5%
mdfil_info:  50.0%   49 sec CPU:  23.0%
mdfil_info:  60.0%   55 sec CPU:  24.3%
mdfil_info:  70.0%   63 sec CPU:  25.1%
mdfil_info:  80.0%   70 sec CPU:  25.8%
mdfil_info:  90.0%   78 sec CPU:  25.7%
mdfil_info: 100.0%   86 sec CPU:  25.8%
mdfil_info: 100.0%   86 sec CPU:  25.8%
37121
AMSCommonsI-I-HardwareIdentifiedAs Linux 3.10.0-957.10.1.el7.x86_64 x86_64 2
AMSCommonsI-I-Identified as LittleEndian 64 bit machine. 4294967295
AMSCommonsI-I-amsdatabase /cvmfs/ams.cern.ch/Offline/AMSDataDir/DataBase/
AMSCommonsI-I-MipsFromCPUInfo: 2194.92
AMSCommonsI-I-SystemIdentified as  Intel(R) Xeon(R) CPU E5-2630 v4 @ 2.20GHz
AMSCommonsI-I-ComputerEvaluatedAsMips 3511
AMS Software version v5.02/1220/12 built Fri Apr 19 23:54:38 2019

Geant4  Version 1033
Run ID: 458 Bartel: 24
Input Destination: /eos/ams/user/s/selu/mdst/He314/mdst_120929858.root
Output Destination: /afs/cern.ch/work/c/ctuysuz/private/he_flux/LSF/result_mc_time/time_24/he_flux_24_458.root
Add hist00 from /eos/ams/user/s/selu/mdst/He314/mdst_120929858.root
Start of Init
Use new binning
Start of Eventloop
Ntr, Nent= 1 110527
IsMC= 1
Parameter[0] = -2.67347
Parameter[1] = -3.02234
Parameter[2] = -3.59529
Parameter[3] = -5.54139
Parameter[4] = 0.298601
Parameter[5] = -2.30285
mdfil_info:  10.0%    1 sec CPU:  54.1%
mdfil_info:  20.0%    2 sec CPU:  56.0%
mdfil_info:  30.0%    3 sec CPU:  59.3%
mdfil_info:  40.0%    3 sec CPU:  63.5%
mdfil_info:  50.0%    4 sec CPU:  67.0%
mdfil_info:  60.0%    5 sec CPU:  69.4%
mdfil_info:  70.0%    5 sec CPU:  72.0%
mdfil_info:  80.0%    6 sec CPU:  73.3%
mdfil_info:  90.0%    6 sec CPU:  74.4%
mdfil_info: 100.0%    7 sec CPU:  75.3%
mdfil_info: 100.0%    7 sec CPU:  75.3%
