WARN: the 'eosmount' alias is deprecated, please use /eos directly
License ports: 28518@lxlicen01.cern.ch,28518@lxlicen02.cern.ch,28518@lxlicen03.cern.ch:/cvmfs/projects.cern.ch/intelsw/psxe/linux/licenses
Intel(R) Parallel Studio XE 2018 Update 2 for Linux*
Copyright (C) 2009-2018 Intel Corporation. All rights reserved.
5727
AMSCommonsI-I-HardwareIdentifiedAs Linux 3.10.0-957.10.1.el7.x86_64 x86_64 2
AMSCommonsI-I-Identified as LittleEndian 64 bit machine. 4294967295
AMSCommonsI-I-amsdatabase /cvmfs/ams.cern.ch/Offline/AMSDataDir/DataBase/
AMSCommonsI-I-MipsFromCPUInfo: 2194.92
AMSCommonsI-I-SystemIdentified as  Intel(R) Xeon(R) CPU E5-2630 v4 @ 2.20GHz
AMSCommonsI-I-ComputerEvaluatedAsMips 3511
AMS Software version v5.02/1220/12 built Fri Apr 19 23:54:38 2019

Geant4  Version 1033
Run ID: 70 Bartel: 58
Input Destination: /eos/ams/user/s/selu/mdst/He122/mdst_60441610.root
Output Destination: /afs/cern.ch/work/c/ctuysuz/private/he_flux/LSF/result_mc_time/time_58/he_flux_58_70.root
Add hist00 from /eos/ams/user/s/selu/mdst/He122/mdst_60441610.root
Start of Init
Use new binning
Start of Eventloop
Ntr, Nent= 1 434486
IsMC= 1
Parameter[0] = -2.68687
Parameter[1] = -3.02567
Parameter[2] = -3.60778
Parameter[3] = -5.55295
Parameter[4] = 0.272681
Parameter[5] = -2.49381
mdfil_info:  10.0%   18 sec CPU:  11.7%
mdfil_info:  20.0%   27 sec CPU:  15.4%
mdfil_info:  30.0%   35 sec CPU:  17.8%
mdfil_info:  40.0%   42 sec CPU:  19.8%
mdfil_info:  50.0%   49 sec CPU:  21.0%
mdfil_info:  60.0%   57 sec CPU:  21.9%
mdfil_info:  70.0%   63 sec CPU:  22.9%
mdfil_info:  80.0%   71 sec CPU:  23.3%
mdfil_info:  90.0%   79 sec CPU:  23.5%
mdfil_info: 100.0%   87 sec CPU:  23.8%
mdfil_info: 100.0%   87 sec CPU:  23.8%
20442
AMSCommonsI-I-HardwareIdentifiedAs Linux 3.10.0-957.10.1.el7.x86_64 x86_64 2
AMSCommonsI-I-Identified as LittleEndian 64 bit machine. 4294967295
AMSCommonsI-I-amsdatabase /cvmfs/ams.cern.ch/Offline/AMSDataDir/DataBase/
AMSCommonsI-I-MipsFromCPUInfo: 2194.92
AMSCommonsI-I-SystemIdentified as  Intel(R) Xeon(R) CPU E5-2630 v4 @ 2.20GHz
AMSCommonsI-I-ComputerEvaluatedAsMips 3511
AMS Software version v5.02/1220/12 built Fri Apr 19 23:54:38 2019

Geant4  Version 1033
Run ID: 252 Bartel: 31
Input Destination: /eos/ams/user/s/selu/mdst/He122/mdst_60441792.root
Output Destination: /afs/cern.ch/work/c/ctuysuz/private/he_flux/LSF/result_mc_time/time_31/he_flux_31_252.root
Add hist00 from /eos/ams/user/s/selu/mdst/He122/mdst_60441792.root
Start of Init
Use new binning
Start of Eventloop
Ntr, Nent= 1 441182
IsMC= 1
Parameter[0] = -2.78388
Parameter[1] = -3.06558
Parameter[2] = -3.62012
Parameter[3] = -5.56152
Parameter[4] = 0.319855
Parameter[5] = -2.41575
mdfil_info:  10.0%   19 sec CPU:  12.3%
mdfil_info:  20.0%   26 sec CPU:  16.7%
mdfil_info:  30.0%   33 sec CPU:  19.3%
mdfil_info:  40.0%   40 sec CPU:  21.5%
mdfil_info:  50.0%   46 sec CPU:  23.1%
mdfil_info:  60.0%   53 sec CPU:  24.3%
mdfil_info:  70.0%   59 sec CPU:  25.0%
mdfil_info:  80.0%   67 sec CPU:  25.1%
mdfil_info:  90.0%   75 sec CPU:  25.4%
mdfil_info: 100.0%   81 sec CPU:  25.8%
mdfil_info: 100.0%   81 sec CPU:  25.8%
35157
AMSCommonsI-I-HardwareIdentifiedAs Linux 3.10.0-957.10.1.el7.x86_64 x86_64 2
AMSCommonsI-I-Identified as LittleEndian 64 bit machine. 4294967295
AMSCommonsI-I-amsdatabase /cvmfs/ams.cern.ch/Offline/AMSDataDir/DataBase/
AMSCommonsI-I-MipsFromCPUInfo: 2194.92
AMSCommonsI-I-SystemIdentified as  Intel(R) Xeon(R) CPU E5-2630 v4 @ 2.20GHz
AMSCommonsI-I-ComputerEvaluatedAsMips 3511
AMS Software version v5.02/1220/12 built Fri Apr 19 23:54:38 2019

Geant4  Version 1033
Run ID: 434 Bartel: 4
Input Destination: /eos/ams/user/s/selu/mdst/He122/mdst_60442322.root
Output Destination: /afs/cern.ch/work/c/ctuysuz/private/he_flux/LSF/result_mc_time/time_4/he_flux_4_434.root
Add hist00 from /eos/ams/user/s/selu/mdst/He122/mdst_60442322.root
Start of Init
Use new binning
Start of Eventloop
Ntr, Nent= 1 435575
IsMC= 1
Parameter[0] = -2.61269
Parameter[1] = -3.01592
Parameter[2] = -3.59533
Parameter[3] = -5.49712
Parameter[4] = 0.0687066
Parameter[5] = -2.23552
mdfil_info:  10.0%    3 sec CPU:  75.0%
mdfil_info:  20.0%    5 sec CPU:  80.6%
mdfil_info:  30.0%    7 sec CPU:  82.9%
mdfil_info:  40.0%   10 sec CPU:  84.1%
mdfil_info:  50.0%   12 sec CPU:  85.0%
mdfil_info:  60.0%   14 sec CPU:  85.5%
mdfil_info:  70.0%   16 sec CPU:  86.1%
mdfil_info:  80.0%   19 sec CPU:  86.3%
mdfil_info:  90.0%   21 sec CPU:  86.4%
mdfil_info: 100.0%   23 sec CPU:  86.4%
mdfil_info: 100.0%   23 sec CPU:  86.4%
