WARN: the 'eosmount' alias is deprecated, please use /eos directly
License ports: 28518@lxlicen01.cern.ch,28518@lxlicen02.cern.ch,28518@lxlicen03.cern.ch:/cvmfs/projects.cern.ch/intelsw/psxe/linux/licenses
Intel(R) Parallel Studio XE 2018 Update 2 for Linux*
Copyright (C) 2009-2018 Intel Corporation. All rights reserved.
1960
AMSCommonsI-I-HardwareIdentifiedAs Linux 3.10.0-957.10.1.el7.x86_64 x86_64 2
AMSCommonsI-I-Identified as LittleEndian 64 bit machine. 4294967295
AMSCommonsI-I-amsdatabase /cvmfs/ams.cern.ch/Offline/AMSDataDir/DataBase/
AMSCommonsI-I-MipsFromCPUInfo: 2195.1
AMSCommonsI-I-SystemIdentified as  Intel(R) Xeon(R) CPU E5-2630 v4 @ 2.20GHz
AMSCommonsI-I-ComputerEvaluatedAsMips 3512
AMS Software version v5.02/1220/12 built Fri Apr 19 23:54:38 2019

Geant4  Version 1033
Run ID: 24 Bartel: 17
Input Destination: /eos/ams/user/s/selu/mdst/He122/mdst_60441563.root
Output Destination: /afs/cern.ch/work/c/ctuysuz/private/he_flux/LSF/result_mc_time/time_17/he_flux_17_24.root
Add hist00 from /eos/ams/user/s/selu/mdst/He122/mdst_60441563.root
Start of Init
Use new binning
Start of Eventloop
Ntr, Nent= 1 440388
IsMC= 1
Parameter[0] = -2.73465
Parameter[1] = -3.05909
Parameter[2] = -3.61586
Parameter[3] = -5.54961
Parameter[4] = 0.318406
Parameter[5] = -2.36477
mdfil_info:  10.0%   18 sec CPU:  13.5%
mdfil_info:  20.0%   24 sec CPU:  19.6%
mdfil_info:  30.0%   30 sec CPU:  23.1%
mdfil_info:  40.0%   36 sec CPU:  24.9%
mdfil_info:  50.0%   43 sec CPU:  25.8%
mdfil_info:  60.0%   49 sec CPU:  27.2%
mdfil_info:  70.0%   56 sec CPU:  27.9%
mdfil_info:  80.0%   63 sec CPU:  28.3%
mdfil_info:  90.0%   70 sec CPU:  28.9%
mdfil_info: 100.0%   75 sec CPU:  29.5%
mdfil_info: 100.0%   75 sec CPU:  29.5%
16675
AMSCommonsI-I-HardwareIdentifiedAs Linux 3.10.0-957.10.1.el7.x86_64 x86_64 2
AMSCommonsI-I-Identified as LittleEndian 64 bit machine. 4294967295
AMSCommonsI-I-amsdatabase /cvmfs/ams.cern.ch/Offline/AMSDataDir/DataBase/
AMSCommonsI-I-MipsFromCPUInfo: 2195.1
AMSCommonsI-I-SystemIdentified as  Intel(R) Xeon(R) CPU E5-2630 v4 @ 2.20GHz
AMSCommonsI-I-ComputerEvaluatedAsMips 3512
AMS Software version v5.02/1220/12 built Fri Apr 19 23:54:38 2019

Geant4  Version 1033
Run ID: 205 Bartel: 71
Input Destination: /eos/ams/user/s/selu/mdst/He122/mdst_60441745.root
Output Destination: /afs/cern.ch/work/c/ctuysuz/private/he_flux/LSF/result_mc_time/time_71/he_flux_71_205.root
Add hist00 from /eos/ams/user/s/selu/mdst/He122/mdst_60441745.root
Start of Init
Use new binning
Start of Eventloop
Ntr, Nent= 1 432156
IsMC= 1
Parameter[0] = -2.54894
Parameter[1] = -2.98273
Parameter[2] = -3.58454
Parameter[3] = -5.47731
Parameter[4] = 0.0989745
Parameter[5] = -2.00648
mdfil_info:  10.0%   17 sec CPU:  13.6%
mdfil_info:  20.0%   24 sec CPU:  18.7%
mdfil_info:  30.0%   30 sec CPU:  21.9%
mdfil_info:  40.0%   37 sec CPU:  23.7%
mdfil_info:  50.0%   44 sec CPU:  24.7%
mdfil_info:  60.0%   51 sec CPU:  25.5%
mdfil_info:  70.0%   58 sec CPU:  26.3%
mdfil_info:  80.0%   65 sec CPU:  26.9%
mdfil_info:  90.0%   73 sec CPU:  26.8%
mdfil_info: 100.0%   81 sec CPU:  26.8%
mdfil_info: 100.0%   81 sec CPU:  26.8%
31390
AMSCommonsI-I-HardwareIdentifiedAs Linux 3.10.0-957.10.1.el7.x86_64 x86_64 2
AMSCommonsI-I-Identified as LittleEndian 64 bit machine. 4294967295
AMSCommonsI-I-amsdatabase /cvmfs/ams.cern.ch/Offline/AMSDataDir/DataBase/
AMSCommonsI-I-MipsFromCPUInfo: 2195.1
AMSCommonsI-I-SystemIdentified as  Intel(R) Xeon(R) CPU E5-2630 v4 @ 2.20GHz
AMSCommonsI-I-ComputerEvaluatedAsMips 3512
AMS Software version v5.02/1220/12 built Fri Apr 19 23:54:38 2019

Geant4  Version 1033
Run ID: 387 Bartel: 44
Input Destination: /eos/ams/user/s/selu/mdst/He122/mdst_60442275.root
Output Destination: /afs/cern.ch/work/c/ctuysuz/private/he_flux/LSF/result_mc_time/time_44/he_flux_44_387.root
Add hist00 from /eos/ams/user/s/selu/mdst/He122/mdst_60442275.root
Start of Init
Use new binning
Start of Eventloop
Ntr, Nent= 1 438905
IsMC= 1
Parameter[0] = -2.74861
Parameter[1] = -3.04436
Parameter[2] = -3.60474
Parameter[3] = -5.57371
Parameter[4] = 0.412165
Parameter[5] = -2.55999
mdfil_info:  10.0%    4 sec CPU:  55.9%
mdfil_info:  20.0%    6 sec CPU:  66.8%
mdfil_info:  30.0%    9 sec CPU:  72.1%
mdfil_info:  40.0%   11 sec CPU:  74.9%
mdfil_info:  50.0%   14 sec CPU:  76.5%
mdfil_info:  60.0%   16 sec CPU:  77.3%
mdfil_info:  70.0%   19 sec CPU:  77.8%
mdfil_info:  80.0%   21 sec CPU:  78.8%
mdfil_info:  90.0%   24 sec CPU:  79.7%
mdfil_info: 100.0%   26 sec CPU:  80.4%
mdfil_info: 100.0%   26 sec CPU:  80.4%
