WARN: the 'eosmount' alias is deprecated, please use /eos directly
License ports: 28518@lxlicen01.cern.ch,28518@lxlicen02.cern.ch,28518@lxlicen03.cern.ch:/cvmfs/projects.cern.ch/intelsw/psxe/linux/licenses
Intel(R) Parallel Studio XE 2018 Update 2 for Linux*
Copyright (C) 2009-2018 Intel Corporation. All rights reserved.
13352
AMSCommonsI-I-HardwareIdentifiedAs Linux 3.10.0-957.10.1.el7.x86_64 x86_64 2
AMSCommonsI-I-Identified as LittleEndian 64 bit machine. 4294967295
AMSCommonsI-I-amsdatabase /cvmfs/ams.cern.ch/Offline/AMSDataDir/DataBase/
AMSCommonsI-I-MipsFromCPUInfo: 2195.1
AMSCommonsI-I-SystemIdentified as  Intel(R) Xeon(R) CPU E5-2630 v4 @ 2.20GHz
AMSCommonsI-I-ComputerEvaluatedAsMips 3512
AMS Software version v5.02/1220/12 built Fri Apr 19 23:54:38 2019

Geant4  Version 1033
Run ID: 164 Bartel: 69
Input Destination: /eos/ams/user/s/selu/mdst/He122/mdst_60441704.root
Output Destination: /afs/cern.ch/work/c/ctuysuz/private/he_flux/LSF/result_mc_time/time_69/he_flux_69_164.root
Add hist00 from /eos/ams/user/s/selu/mdst/He122/mdst_60441704.root
Start of Init
Use new binning
Start of Eventloop
Ntr, Nent= 1 440058
IsMC= 1
Parameter[0] = -2.5456
Parameter[1] = -2.98028
Parameter[2] = -3.58897
Parameter[3] = -5.48942
Parameter[4] = 0.110577
Parameter[5] = -2.14012
mdfil_info:  10.0%   13 sec CPU:  14.6%
mdfil_info:  20.0%   21 sec CPU:  18.3%
mdfil_info:  30.0%   31 sec CPU:  18.9%
mdfil_info:  40.0%   42 sec CPU:  18.9%
mdfil_info:  50.0%   51 sec CPU:  19.4%
mdfil_info:  60.0%   58 sec CPU:  20.3%
mdfil_info:  70.0%   65 sec CPU:  21.4%
mdfil_info:  80.0%   72 sec CPU:  21.7%
mdfil_info:  90.0%   85 sec CPU:  20.9%
mdfil_info: 100.0%   94 sec CPU:  21.0%
mdfil_info: 100.0%   94 sec CPU:  21.0%
28067
AMSCommonsI-I-HardwareIdentifiedAs Linux 3.10.0-957.10.1.el7.x86_64 x86_64 2
AMSCommonsI-I-Identified as LittleEndian 64 bit machine. 4294967295
AMSCommonsI-I-amsdatabase /cvmfs/ams.cern.ch/Offline/AMSDataDir/DataBase/
AMSCommonsI-I-MipsFromCPUInfo: 2195.1
AMSCommonsI-I-SystemIdentified as  Intel(R) Xeon(R) CPU E5-2630 v4 @ 2.20GHz
AMSCommonsI-I-ComputerEvaluatedAsMips 3512
AMS Software version v5.02/1220/12 built Fri Apr 19 23:54:38 2019

Geant4  Version 1033
Run ID: 346 Bartel: 42
Input Destination: /eos/ams/user/s/selu/mdst/He122/mdst_60441886.root
Output Destination: /afs/cern.ch/work/c/ctuysuz/private/he_flux/LSF/result_mc_time/time_42/he_flux_42_346.root
Add hist00 from /eos/ams/user/s/selu/mdst/He122/mdst_60441886.root
Start of Init
Use new binning
Start of Eventloop
Ntr, Nent= 1 394682
IsMC= 1
Parameter[0] = -2.78027
Parameter[1] = -3.06778
Parameter[2] = -3.62449
Parameter[3] = -5.58149
Parameter[4] = 0.44175
Parameter[5] = -2.56338
mdfil_info:  10.0%   15 sec CPU:  12.5%
mdfil_info:  20.0%   19 sec CPU:  18.0%
mdfil_info:  30.0%   24 sec CPU:  21.2%
mdfil_info:  40.0%   28 sec CPU:  23.7%
mdfil_info:  50.0%   32 sec CPU:  25.2%
mdfil_info:  60.0%   36 sec CPU:  26.3%
mdfil_info:  70.0%   41 sec CPU:  27.3%
mdfil_info:  80.0%   45 sec CPU:  27.9%
mdfil_info:  90.0%   49 sec CPU:  28.6%
mdfil_info: 100.0%   54 sec CPU:  28.9%
mdfil_info: 100.0%   54 sec CPU:  28.9%
42782
AMSCommonsI-I-HardwareIdentifiedAs Linux 3.10.0-957.10.1.el7.x86_64 x86_64 2
AMSCommonsI-I-Identified as LittleEndian 64 bit machine. 4294967295
AMSCommonsI-I-amsdatabase /cvmfs/ams.cern.ch/Offline/AMSDataDir/DataBase/
AMSCommonsI-I-MipsFromCPUInfo: 2195.1
AMSCommonsI-I-SystemIdentified as  Intel(R) Xeon(R) CPU E5-2630 v4 @ 2.20GHz
AMSCommonsI-I-ComputerEvaluatedAsMips 3512
AMS Software version v5.02/1220/12 built Fri Apr 19 23:54:38 2019

Geant4  Version 1033
Run ID: 528 Bartel: 15
Input Destination: /eos/ams/user/s/selu/mdst/He314/mdst_120929931.root
Output Destination: /afs/cern.ch/work/c/ctuysuz/private/he_flux/LSF/result_mc_time/time_15/he_flux_15_528.root
Add hist00 from /eos/ams/user/s/selu/mdst/He314/mdst_120929931.root
Start of Init
Use new binning
Start of Eventloop
Ntr, Nent= 1 110806
IsMC= 1
Parameter[0] = -2.64949
Parameter[1] = -3.02393
Parameter[2] = -3.59344
Parameter[3] = -5.52782
Parameter[4] = 0.200514
Parameter[5] = -2.29505
mdfil_info:  10.0%    0 sec CPU:  98.4%
mdfil_info:  20.0%    1 sec CPU: 100.4%
mdfil_info:  30.0%    1 sec CPU: 100.4%
mdfil_info:  40.0%    2 sec CPU:  99.6%
mdfil_info:  50.0%    2 sec CPU: 100.3%
mdfil_info:  60.0%    2 sec CPU: 100.0%
mdfil_info:  70.0%    3 sec CPU:  99.9%
mdfil_info:  80.0%    3 sec CPU:  99.9%
mdfil_info:  90.0%    4 sec CPU: 100.1%
mdfil_info: 100.0%    4 sec CPU:  99.9%
mdfil_info: 100.0%    4 sec CPU:  99.8%
