WARN: the 'eosmount' alias is deprecated, please use /eos directly
License ports: 28518@lxlicen01.cern.ch,28518@lxlicen02.cern.ch,28518@lxlicen03.cern.ch:/cvmfs/projects.cern.ch/intelsw/psxe/linux/licenses
Intel(R) Parallel Studio XE 2018 Update 2 for Linux*
Copyright (C) 2009-2018 Intel Corporation. All rights reserved.
4345
AMSCommonsI-I-HardwareIdentifiedAs Linux 3.10.0-957.10.1.el7.x86_64 x86_64 2
AMSCommonsI-I-Identified as LittleEndian 64 bit machine. 4294967295
AMSCommonsI-I-amsdatabase /cvmfs/ams.cern.ch/Offline/AMSDataDir/DataBase/
AMSCommonsI-I-MipsFromCPUInfo: 2194.92
AMSCommonsI-I-SystemIdentified as  Intel(R) Xeon(R) CPU E5-2630 v4 @ 2.20GHz
AMSCommonsI-I-ComputerEvaluatedAsMips 3511
AMS Software version v5.02/1220/12 built Fri Apr 19 23:54:38 2019

Geant4  Version 1033
Run ID: 53 Bartel: 53
Input Destination: /eos/ams/user/s/selu/mdst/He122/mdst_60441592.root
Output Destination: /afs/cern.ch/work/c/ctuysuz/private/he_flux/LSF/result_mc_time/time_53/he_flux_53_53.root
Add hist00 from /eos/ams/user/s/selu/mdst/He122/mdst_60441592.root
Start of Init
Use new binning
Start of Eventloop
Ntr, Nent= 1 397283
IsMC= 1
Parameter[0] = -2.79614
Parameter[1] = -3.0736
Parameter[2] = -3.62637
Parameter[3] = -5.54999
Parameter[4] = 0.554084
Parameter[5] = -2.43435
mdfil_info:  10.0%   20 sec CPU:  10.1%
mdfil_info:  20.0%   27 sec CPU:  13.8%
mdfil_info:  30.0%   34 sec CPU:  16.2%
mdfil_info:  40.0%   44 sec CPU:  16.9%
mdfil_info:  50.0%   53 sec CPU:  17.6%
mdfil_info:  60.0%   61 sec CPU:  18.3%
mdfil_info:  70.0%   71 sec CPU:  18.4%
mdfil_info:  80.0%   79 sec CPU:  18.8%
mdfil_info:  90.0%   87 sec CPU:  19.3%
mdfil_info: 100.0%   99 sec CPU:  18.8%
mdfil_info: 100.0%   99 sec CPU:  18.8%
19060
AMSCommonsI-I-HardwareIdentifiedAs Linux 3.10.0-957.10.1.el7.x86_64 x86_64 2
AMSCommonsI-I-Identified as LittleEndian 64 bit machine. 4294967295
AMSCommonsI-I-amsdatabase /cvmfs/ams.cern.ch/Offline/AMSDataDir/DataBase/
AMSCommonsI-I-MipsFromCPUInfo: 2194.92
AMSCommonsI-I-SystemIdentified as  Intel(R) Xeon(R) CPU E5-2630 v4 @ 2.20GHz
AMSCommonsI-I-ComputerEvaluatedAsMips 3511
AMS Software version v5.02/1220/12 built Fri Apr 19 23:54:38 2019

Geant4  Version 1033
Run ID: 235 Bartel: 26
Input Destination: /eos/ams/user/s/selu/mdst/He122/mdst_60441775.root
Output Destination: /afs/cern.ch/work/c/ctuysuz/private/he_flux/LSF/result_mc_time/time_26/he_flux_26_235.root
Add hist00 from /eos/ams/user/s/selu/mdst/He122/mdst_60441775.root
Start of Init
Use new binning
Start of Eventloop
Ntr, Nent= 1 440532
IsMC= 1
Parameter[0] = -2.69537
Parameter[1] = -3.03409
Parameter[2] = -3.6054
Parameter[3] = -5.53507
Parameter[4] = 0.209297
Parameter[5] = -2.37536
mdfil_info:  10.0%    3 sec CPU:  74.7%
mdfil_info:  20.0%    5 sec CPU:  80.2%
mdfil_info:  30.0%    8 sec CPU:  82.4%
mdfil_info:  40.0%   10 sec CPU:  83.0%
mdfil_info:  50.0%   12 sec CPU:  84.1%
mdfil_info:  60.0%   15 sec CPU:  84.4%
mdfil_info:  70.0%   17 sec CPU:  85.0%
mdfil_info:  80.0%   19 sec CPU:  85.3%
mdfil_info:  90.0%   22 sec CPU:  85.7%
mdfil_info: 100.0%   24 sec CPU:  85.9%
mdfil_info: 100.0%   24 sec CPU:  85.9%
33775
AMSCommonsI-I-HardwareIdentifiedAs Linux 3.10.0-957.10.1.el7.x86_64 x86_64 2
AMSCommonsI-I-Identified as LittleEndian 64 bit machine. 4294967295
AMSCommonsI-I-amsdatabase /cvmfs/ams.cern.ch/Offline/AMSDataDir/DataBase/
AMSCommonsI-I-MipsFromCPUInfo: 2194.92
AMSCommonsI-I-SystemIdentified as  Intel(R) Xeon(R) CPU E5-2630 v4 @ 2.20GHz
AMSCommonsI-I-ComputerEvaluatedAsMips 3511
AMS Software version v5.02/1220/12 built Fri Apr 19 23:54:38 2019

Geant4  Version 1033
Run ID: 416 Bartel: 80
Input Destination: /eos/ams/user/s/selu/mdst/He122/mdst_60442304.root
Output Destination: /afs/cern.ch/work/c/ctuysuz/private/he_flux/LSF/result_mc_time/time_80/he_flux_80_416.root
Add hist00 from /eos/ams/user/s/selu/mdst/He122/mdst_60442304.root
Start of Init
Use new binning
Start of Eventloop
Ntr, Nent= 1 438969
IsMC= 1
Parameter[0] = -2.47357
Parameter[1] = -2.95263
Parameter[2] = -3.57222
Parameter[3] = -5.51993
Parameter[4] = -0.016679
Parameter[5] = -2.31576
mdfil_info:  10.0%   20 sec CPU:  11.4%
mdfil_info:  20.0%   26 sec CPU:  16.3%
mdfil_info:  30.0%   33 sec CPU:  19.0%
mdfil_info:  40.0%   40 sec CPU:  21.1%
mdfil_info:  50.0%   47 sec CPU:  22.3%
mdfil_info:  60.0%   54 sec CPU:  23.2%
mdfil_info:  70.0%   62 sec CPU:  23.6%
mdfil_info:  80.0%   70 sec CPU:  24.0%
mdfil_info:  90.0%   77 sec CPU:  24.5%
mdfil_info: 100.0%   85 sec CPU:  24.6%
mdfil_info: 100.0%   85 sec CPU:  24.6%
