WARN: the 'eosmount' alias is deprecated, please use /eos directly
License ports: 28518@lxlicen01.cern.ch,28518@lxlicen02.cern.ch,28518@lxlicen03.cern.ch:/cvmfs/projects.cern.ch/intelsw/psxe/linux/licenses
Intel(R) Parallel Studio XE 2018 Update 2 for Linux*
Copyright (C) 2009-2018 Intel Corporation. All rights reserved.
2591
AMSCommonsI-I-HardwareIdentifiedAs Linux 3.10.0-957.12.1.el7.x86_64 x86_64 2
AMSCommonsI-I-Identified as LittleEndian 64 bit machine. 4294967295
AMSCommonsI-I-amsdatabase /cvmfs/ams.cern.ch/Offline/AMSDataDir/DataBase/
AMSCommonsI-I-MipsFromCPUInfo: 2194.92
AMSCommonsI-I-SystemIdentified as  Intel(R) Xeon(R) CPU E5-2630 v4 @ 2.20GHz
AMSCommonsI-I-ComputerEvaluatedAsMips 3511
AMS Software version v5.02/1220/12 built Fri Apr 19 23:54:38 2019

Geant4  Version 1033
Run ID: 31 Bartel: 81
Input Destination: /eos/ams/user/s/selu/mdst/He122/mdst_60441570.root
Output Destination: /afs/cern.ch/work/c/ctuysuz/private/he_flux/LSF/result_mc_time/time_81/he_flux_81_31.root
Add hist00 from /eos/ams/user/s/selu/mdst/He122/mdst_60441570.root
Start of Init
Use new binning
Start of Eventloop
Ntr, Nent= 1 435000
IsMC= 1
Parameter[0] = -2.48037
Parameter[1] = -2.95644
Parameter[2] = -3.57046
Parameter[3] = -5.46876
Parameter[4] = -0.0472079
Parameter[5] = -1.99045
mdfil_info:  10.0%    2 sec CPU:  99.5%
mdfil_info:  20.0%    3 sec CPU:  99.9%
mdfil_info:  30.0%    5 sec CPU:  99.9%
mdfil_info:  40.0%    6 sec CPU:  99.8%
mdfil_info:  50.0%    8 sec CPU:  99.9%
mdfil_info:  60.0%    9 sec CPU:  99.9%
mdfil_info:  70.0%   11 sec CPU:  99.9%
mdfil_info:  80.0%   13 sec CPU:  99.9%
mdfil_info:  90.0%   14 sec CPU: 100.0%
mdfil_info: 100.0%   16 sec CPU:  99.9%
17306
AMSCommonsI-I-HardwareIdentifiedAs Linux 3.10.0-957.12.1.el7.x86_64 x86_64 2
AMSCommonsI-I-Identified as LittleEndian 64 bit machine. 4294967295
AMSCommonsI-I-amsdatabase /cvmfs/ams.cern.ch/Offline/AMSDataDir/DataBase/
AMSCommonsI-I-MipsFromCPUInfo: 2194.92
AMSCommonsI-I-SystemIdentified as  Intel(R) Xeon(R) CPU E5-2630 v4 @ 2.20GHz
AMSCommonsI-I-ComputerEvaluatedAsMips 3511
AMS Software version v5.02/1220/12 built Fri Apr 19 23:54:38 2019

Geant4  Version 1033
Run ID: 213 Bartel: 54
Input Destination: /eos/ams/user/s/selu/mdst/He122/mdst_60441753.root
Output Destination: /afs/cern.ch/work/c/ctuysuz/private/he_flux/LSF/result_mc_time/time_54/he_flux_54_213.root
Add hist00 from /eos/ams/user/s/selu/mdst/He122/mdst_60441753.root
Start of Init
Use new binning
Start of Eventloop
Ntr, Nent= 1 436750
IsMC= 1
Parameter[0] = -2.78801
Parameter[1] = -3.07185
Parameter[2] = -3.62903
Parameter[3] = -5.57585
Parameter[4] = 0.451953
Parameter[5] = -2.58019
mdfil_info:  10.0%   17 sec CPU:  12.5%
mdfil_info:  20.0%   23 sec CPU:  18.0%
mdfil_info:  30.0%   28 sec CPU:  20.9%
mdfil_info:  40.0%   34 sec CPU:  22.7%
mdfil_info:  50.0%   39 sec CPU:  24.4%
mdfil_info:  60.0%   45 sec CPU:  25.7%
mdfil_info:  70.0%   51 sec CPU:  26.8%
mdfil_info:  80.0%   57 sec CPU:  27.4%
mdfil_info:  90.0%   63 sec CPU:  28.2%
mdfil_info: 100.0%   69 sec CPU:  28.5%
32021
AMSCommonsI-I-HardwareIdentifiedAs Linux 3.10.0-957.12.1.el7.x86_64 x86_64 2
AMSCommonsI-I-Identified as LittleEndian 64 bit machine. 4294967295
AMSCommonsI-I-amsdatabase /cvmfs/ams.cern.ch/Offline/AMSDataDir/DataBase/
AMSCommonsI-I-MipsFromCPUInfo: 2194.92
AMSCommonsI-I-SystemIdentified as  Intel(R) Xeon(R) CPU E5-2630 v4 @ 2.20GHz
AMSCommonsI-I-ComputerEvaluatedAsMips 3511
AMS Software version v5.02/1220/12 built Fri Apr 19 23:54:38 2019

Geant4  Version 1033
Run ID: 395 Bartel: 27
Input Destination: /eos/ams/user/s/selu/mdst/He122/mdst_60442283.root
Output Destination: /afs/cern.ch/work/c/ctuysuz/private/he_flux/LSF/result_mc_time/time_27/he_flux_27_395.root
Add hist00 from /eos/ams/user/s/selu/mdst/He122/mdst_60442283.root
Start of Init
Use new binning
Start of Eventloop
Ntr, Nent= 1 391098
IsMC= 1
Parameter[0] = -2.70724
Parameter[1] = -3.04642
Parameter[2] = -3.62117
Parameter[3] = -5.56267
Parameter[4] = 0.257638
Parameter[5] = -2.47221
mdfil_info:  10.0%    3 sec CPU:  66.2%
mdfil_info:  20.0%    5 sec CPU:  73.6%
mdfil_info:  30.0%    7 sec CPU:  77.5%
mdfil_info:  40.0%    9 sec CPU:  79.7%
mdfil_info:  50.0%   11 sec CPU:  80.9%
mdfil_info:  60.0%   13 sec CPU:  82.4%
mdfil_info:  70.0%   15 sec CPU:  83.3%
mdfil_info:  80.0%   17 sec CPU:  84.1%
mdfil_info:  90.0%   18 sec CPU:  84.7%
mdfil_info: 100.0%   20 sec CPU:  85.2%
mdfil_info: 100.0%   20 sec CPU:  85.2%
