WARN: the 'eosmount' alias is deprecated, please use /eos directly
License ports: 28518@lxlicen01.cern.ch,28518@lxlicen02.cern.ch,28518@lxlicen03.cern.ch:/cvmfs/projects.cern.ch/intelsw/psxe/linux/licenses
Intel(R) Parallel Studio XE 2018 Update 2 for Linux*
Copyright (C) 2009-2018 Intel Corporation. All rights reserved.
4397
AMSCommonsI-I-HardwareIdentifiedAs Linux 3.10.0-957.10.1.el7.x86_64 x86_64 2
AMSCommonsI-I-Identified as LittleEndian 64 bit machine. 4294967295
AMSCommonsI-I-amsdatabase /cvmfs/ams.cern.ch/Offline/AMSDataDir/DataBase/
AMSCommonsI-I-MipsFromCPUInfo: 2194.92
AMSCommonsI-I-SystemIdentified as  Intel(R) Xeon(R) CPU E5-2630 v4 @ 2.20GHz
AMSCommonsI-I-ComputerEvaluatedAsMips 3511
AMS Software version v5.02/1220/12 built Fri Apr 19 23:54:38 2019

Geant4  Version 1033
Run ID: 54 Bartel: 24
Input Destination: /eos/ams/user/s/selu/mdst/He122/mdst_60441593.root
Output Destination: /afs/cern.ch/work/c/ctuysuz/private/he_flux/LSF/result_mc_time/time_24/he_flux_24_54.root
Add hist00 from /eos/ams/user/s/selu/mdst/He122/mdst_60441593.root
Start of Init
Use new binning
Start of Eventloop
Ntr, Nent= 1 441388
IsMC= 1
Parameter[0] = -2.67347
Parameter[1] = -3.02234
Parameter[2] = -3.59529
Parameter[3] = -5.54139
Parameter[4] = 0.298601
Parameter[5] = -2.30285
mdfil_info:  10.0%    6 sec CPU:  35.5%
mdfil_info:  20.0%    9 sec CPU:  49.3%
mdfil_info:  30.0%   25 sec CPU:  24.2%
mdfil_info:  40.0%   32 sec CPU:  25.7%
mdfil_info:  50.0%   34 sec CPU:  29.4%
mdfil_info:  60.0%   38 sec CPU:  31.8%
mdfil_info:  70.0%   42 sec CPU:  33.5%
mdfil_info:  80.0%   47 sec CPU:  34.4%
mdfil_info:  90.0%   56 sec CPU:  32.4%
mdfil_info: 100.0%   61 sec CPU:  32.8%
mdfil_info: 100.0%   61 sec CPU:  32.8%
19112
AMSCommonsI-I-HardwareIdentifiedAs Linux 3.10.0-957.10.1.el7.x86_64 x86_64 2
AMSCommonsI-I-Identified as LittleEndian 64 bit machine. 4294967295
AMSCommonsI-I-amsdatabase /cvmfs/ams.cern.ch/Offline/AMSDataDir/DataBase/
AMSCommonsI-I-MipsFromCPUInfo: 2194.92
AMSCommonsI-I-SystemIdentified as  Intel(R) Xeon(R) CPU E5-2630 v4 @ 2.20GHz
AMSCommonsI-I-ComputerEvaluatedAsMips 3511
AMS Software version v5.02/1220/12 built Fri Apr 19 23:54:38 2019

Geant4  Version 1033
Run ID: 235 Bartel: 78
Input Destination: /eos/ams/user/s/selu/mdst/He122/mdst_60441775.root
Output Destination: /afs/cern.ch/work/c/ctuysuz/private/he_flux/LSF/result_mc_time/time_78/he_flux_78_235.root
Add hist00 from /eos/ams/user/s/selu/mdst/He122/mdst_60441775.root
Start of Init
Use new binning
Start of Eventloop
Ntr, Nent= 1 440532
IsMC= 1
Parameter[0] = -2.48013
Parameter[1] = -2.9556
Parameter[2] = -3.57501
Parameter[3] = -5.51652
Parameter[4] = -0.0886133
Parameter[5] = -2.33511
mdfil_info:  10.0%   22 sec CPU:  11.1%
mdfil_info:  20.0%   30 sec CPU:  15.0%
mdfil_info:  30.0%   39 sec CPU:  17.4%
mdfil_info:  40.0%   47 sec CPU:  19.2%
mdfil_info:  50.0%   56 sec CPU:  19.9%
mdfil_info:  60.0%   65 sec CPU:  20.4%
mdfil_info:  70.0%   74 sec CPU:  20.8%
mdfil_info:  80.0%   83 sec CPU:  21.1%
mdfil_info:  90.0%   92 sec CPU:  21.4%
mdfil_info: 100.0%  100 sec CPU:  21.7%
mdfil_info: 100.0%  100 sec CPU:  21.7%
33827
AMSCommonsI-I-HardwareIdentifiedAs Linux 3.10.0-957.10.1.el7.x86_64 x86_64 2
AMSCommonsI-I-Identified as LittleEndian 64 bit machine. 4294967295
AMSCommonsI-I-amsdatabase /cvmfs/ams.cern.ch/Offline/AMSDataDir/DataBase/
AMSCommonsI-I-MipsFromCPUInfo: 2194.92
AMSCommonsI-I-SystemIdentified as  Intel(R) Xeon(R) CPU E5-2630 v4 @ 2.20GHz
AMSCommonsI-I-ComputerEvaluatedAsMips 3511
AMS Software version v5.02/1220/12 built Fri Apr 19 23:54:38 2019

Geant4  Version 1033
Run ID: 417 Bartel: 51
Input Destination: /eos/ams/user/s/selu/mdst/He122/mdst_60442305.root
Output Destination: /afs/cern.ch/work/c/ctuysuz/private/he_flux/LSF/result_mc_time/time_51/he_flux_51_417.root
Add hist00 from /eos/ams/user/s/selu/mdst/He122/mdst_60442305.root
Start of Init
Use new binning
Start of Eventloop
Ntr, Nent= 1 439690
IsMC= 1
Parameter[0] = -2.74568
Parameter[1] = -3.06682
Parameter[2] = -3.63032
Parameter[3] = -5.60094
Parameter[4] = 0.442954
Parameter[5] = -2.61577
mdfil_info:  10.0%   21 sec CPU:  11.3%
mdfil_info:  20.0%   29 sec CPU:  15.2%
mdfil_info:  30.0%   37 sec CPU:  17.4%
mdfil_info:  40.0%   49 sec CPU:  17.6%
mdfil_info:  50.0%   59 sec CPU:  18.2%
mdfil_info:  60.0%   72 sec CPU:  17.9%
mdfil_info:  70.0%   81 sec CPU:  18.6%
mdfil_info:  80.0%   92 sec CPU:  18.7%
mdfil_info:  90.0%  102 sec CPU:  19.1%
mdfil_info: 100.0%  113 sec CPU:  18.9%
