WARN: the 'eosmount' alias is deprecated, please use /eos directly
License ports: 28518@lxlicen01.cern.ch,28518@lxlicen02.cern.ch,28518@lxlicen03.cern.ch:/cvmfs/projects.cern.ch/intelsw/psxe/linux/licenses
Intel(R) Parallel Studio XE 2018 Update 2 for Linux*
Copyright (C) 2009-2018 Intel Corporation. All rights reserved.
1070
AMSCommonsI-I-HardwareIdentifiedAs Linux 3.10.0-957.10.1.el7.x86_64 x86_64 2
AMSCommonsI-I-Identified as LittleEndian 64 bit machine. 4294967295
AMSCommonsI-I-amsdatabase /cvmfs/ams.cern.ch/Offline/AMSDataDir/DataBase/
AMSCommonsI-I-MipsFromCPUInfo: 2194.92
AMSCommonsI-I-SystemIdentified as  Intel(R) Xeon(R) CPU E5-2630 v4 @ 2.20GHz
AMSCommonsI-I-ComputerEvaluatedAsMips 3511
AMS Software version v5.02/1220/12 built Fri Apr 19 23:54:38 2019

Geant4  Version 1033
Run ID: 13 Bartel: 18
Input Destination: /eos/ams/user/s/selu/mdst/He122/mdst_60441552.root
Output Destination: /afs/cern.ch/work/c/ctuysuz/private/he_flux/LSF/result_mc_time/time_18/he_flux_18_13.root
Add hist00 from /eos/ams/user/s/selu/mdst/He122/mdst_60441552.root
Start of Init
Use new binning
Start of Eventloop
Ntr, Nent= 1 440496
IsMC= 1
Parameter[0] = -2.73216
Parameter[1] = -3.05371
Parameter[2] = -3.61222
Parameter[3] = -5.57201
Parameter[4] = 0.25419
Parameter[5] = -2.54834
mdfil_info:  10.0%   26 sec CPU:   8.9%
mdfil_info:  20.0%   35 sec CPU:  12.9%
mdfil_info:  30.0%   45 sec CPU:  14.9%
mdfil_info:  40.0%   53 sec CPU:  16.9%
mdfil_info:  50.0%   60 sec CPU:  18.3%
mdfil_info:  60.0%   70 sec CPU:  18.7%
mdfil_info:  70.0%   84 sec CPU:  18.1%
mdfil_info:  80.0%   92 sec CPU:  18.8%
mdfil_info:  90.0%  100 sec CPU:  19.5%
mdfil_info: 100.0%  108 sec CPU:  20.0%
mdfil_info: 100.0%  108 sec CPU:  20.0%
15785
AMSCommonsI-I-HardwareIdentifiedAs Linux 3.10.0-957.10.1.el7.x86_64 x86_64 2
AMSCommonsI-I-Identified as LittleEndian 64 bit machine. 4294967295
AMSCommonsI-I-amsdatabase /cvmfs/ams.cern.ch/Offline/AMSDataDir/DataBase/
AMSCommonsI-I-MipsFromCPUInfo: 2194.92
AMSCommonsI-I-SystemIdentified as  Intel(R) Xeon(R) CPU E5-2630 v4 @ 2.20GHz
AMSCommonsI-I-ComputerEvaluatedAsMips 3511
AMS Software version v5.02/1220/12 built Fri Apr 19 23:54:38 2019

Geant4  Version 1033
Run ID: 194 Bartel: 72
Input Destination: /eos/ams/user/s/selu/mdst/He122/mdst_60441734.root
Output Destination: /afs/cern.ch/work/c/ctuysuz/private/he_flux/LSF/result_mc_time/time_72/he_flux_72_194.root
Add hist00 from /eos/ams/user/s/selu/mdst/He122/mdst_60441734.root
Start of Init
Use new binning
Start of Eventloop
Ntr, Nent= 1 439192
IsMC= 1
Parameter[0] = -2.52985
Parameter[1] = -2.97442
Parameter[2] = -3.57417
Parameter[3] = -5.4923
Parameter[4] = 0.0500631
Parameter[5] = -2.16099
mdfil_info:  10.0%    5 sec CPU:  42.5%
mdfil_info:  20.0%   17 sec CPU:  24.3%
mdfil_info:  30.0%   22 sec CPU:  27.6%
mdfil_info:  40.0%   28 sec CPU:  28.0%
mdfil_info:  50.0%   31 sec CPU:  31.5%
mdfil_info:  60.0%   34 sec CPU:  34.6%
mdfil_info:  70.0%   43 sec CPU:  32.4%
mdfil_info:  80.0%   48 sec CPU:  33.5%
mdfil_info:  90.0%   50 sec CPU:  35.9%
mdfil_info: 100.0%   53 sec CPU:  38.2%
mdfil_info: 100.0%   53 sec CPU:  38.2%
30500
AMSCommonsI-I-HardwareIdentifiedAs Linux 3.10.0-957.10.1.el7.x86_64 x86_64 2
AMSCommonsI-I-Identified as LittleEndian 64 bit machine. 4294967295
AMSCommonsI-I-amsdatabase /cvmfs/ams.cern.ch/Offline/AMSDataDir/DataBase/
AMSCommonsI-I-MipsFromCPUInfo: 2194.92
AMSCommonsI-I-SystemIdentified as  Intel(R) Xeon(R) CPU E5-2630 v4 @ 2.20GHz
AMSCommonsI-I-ComputerEvaluatedAsMips 3511
AMS Software version v5.02/1220/12 built Fri Apr 19 23:54:38 2019

Geant4  Version 1033
Run ID: 376 Bartel: 45
Input Destination: /eos/ams/user/s/selu/mdst/He122/mdst_60442264.root
Output Destination: /afs/cern.ch/work/c/ctuysuz/private/he_flux/LSF/result_mc_time/time_45/he_flux_45_376.root
Add hist00 from /eos/ams/user/s/selu/mdst/He122/mdst_60442264.root
Start of Init
Use new binning
Start of Eventloop
Ntr, Nent= 1 398001
IsMC= 1
Parameter[0] = -2.72237
Parameter[1] = -3.03584
Parameter[2] = -3.61262
Parameter[3] = -5.57823
Parameter[4] = 0.342515
Parameter[5] = -2.5989
mdfil_info:  10.0%    3 sec CPU:  67.4%
mdfil_info:  20.0%    5 sec CPU:  73.0%
mdfil_info:  30.0%    7 sec CPU:  76.0%
mdfil_info:  40.0%    9 sec CPU:  77.1%
mdfil_info:  50.0%   12 sec CPU:  78.3%
mdfil_info:  60.0%   14 sec CPU:  79.0%
mdfil_info:  70.0%   16 sec CPU:  80.0%
mdfil_info:  80.0%   18 sec CPU:  80.8%
mdfil_info:  90.0%   21 sec CPU:  81.3%
mdfil_info: 100.0%   23 sec CPU:  82.0%
mdfil_info: 100.0%   23 sec CPU:  82.0%
