WARN: the 'eosmount' alias is deprecated, please use /eos directly
License ports: 28518@lxlicen01.cern.ch,28518@lxlicen02.cern.ch,28518@lxlicen03.cern.ch:/cvmfs/projects.cern.ch/intelsw/psxe/linux/licenses
Intel(R) Parallel Studio XE 2018 Update 2 for Linux*
Copyright (C) 2009-2018 Intel Corporation. All rights reserved.
8494
AMSCommonsI-I-HardwareIdentifiedAs Linux 3.10.0-957.10.1.el7.x86_64 x86_64 2
AMSCommonsI-I-Identified as LittleEndian 64 bit machine. 4294967295
AMSCommonsI-I-amsdatabase /cvmfs/ams.cern.ch/Offline/AMSDataDir/DataBase/
AMSCommonsI-I-MipsFromCPUInfo: 2194.92
AMSCommonsI-I-SystemIdentified as  Intel(R) Xeon(R) CPU E5-2630 v4 @ 2.20GHz
AMSCommonsI-I-ComputerEvaluatedAsMips 3511
AMS Software version v5.02/1220/12 built Fri Apr 19 23:54:38 2019

Geant4  Version 1033
Run ID: 104 Bartel: 71
Input Destination: /eos/ams/user/s/selu/mdst/He122/mdst_60441644.root
Output Destination: /afs/cern.ch/work/c/ctuysuz/private/he_flux/LSF/result_mc_time/time_71/he_flux_71_104.root
Add hist00 from /eos/ams/user/s/selu/mdst/He122/mdst_60441644.root
Start of Init
Use new binning
Start of Eventloop
Ntr, Nent= 1 437153
IsMC= 1
Parameter[0] = -2.54894
Parameter[1] = -2.98273
Parameter[2] = -3.58454
Parameter[3] = -5.47731
Parameter[4] = 0.0989745
Parameter[5] = -2.00648
mdfil_info:  10.0%    7 sec CPU:  30.2%
mdfil_info:  20.0%   11 sec CPU:  37.4%
mdfil_info:  30.0%   19 sec CPU:  33.4%
mdfil_info:  40.0%   24 sec CPU:  35.7%
mdfil_info:  50.0%   31 sec CPU:  34.4%
mdfil_info:  60.0%   34 sec CPU:  36.9%
mdfil_info:  70.0%   38 sec CPU:  38.4%
mdfil_info:  80.0%   43 sec CPU:  38.7%
mdfil_info:  90.0%   48 sec CPU:  39.0%
mdfil_info: 100.0%   52 sec CPU:  39.9%
mdfil_info: 100.0%   52 sec CPU:  39.9%
23209
AMSCommonsI-I-HardwareIdentifiedAs Linux 3.10.0-957.10.1.el7.x86_64 x86_64 2
AMSCommonsI-I-Identified as LittleEndian 64 bit machine. 4294967295
AMSCommonsI-I-amsdatabase /cvmfs/ams.cern.ch/Offline/AMSDataDir/DataBase/
AMSCommonsI-I-MipsFromCPUInfo: 2194.92
AMSCommonsI-I-SystemIdentified as  Intel(R) Xeon(R) CPU E5-2630 v4 @ 2.20GHz
AMSCommonsI-I-ComputerEvaluatedAsMips 3511
AMS Software version v5.02/1220/12 built Fri Apr 19 23:54:38 2019

Geant4  Version 1033
Run ID: 286 Bartel: 44
Input Destination: /eos/ams/user/s/selu/mdst/He122/mdst_60441826.root
Output Destination: /afs/cern.ch/work/c/ctuysuz/private/he_flux/LSF/result_mc_time/time_44/he_flux_44_286.root
Add hist00 from /eos/ams/user/s/selu/mdst/He122/mdst_60441826.root
Start of Init
Use new binning
Start of Eventloop
Ntr, Nent= 1 441256
IsMC= 1
Parameter[0] = -2.74861
Parameter[1] = -3.04436
Parameter[2] = -3.60474
Parameter[3] = -5.57371
Parameter[4] = 0.412165
Parameter[5] = -2.55999
mdfil_info:  10.0%   21 sec CPU:  11.2%
mdfil_info:  20.0%   29 sec CPU:  15.2%
mdfil_info:  30.0%   37 sec CPU:  17.4%
mdfil_info:  40.0%   45 sec CPU:  19.1%
mdfil_info:  50.0%   57 sec CPU:  18.9%
mdfil_info:  60.0%   65 sec CPU:  19.8%
mdfil_info:  70.0%   72 sec CPU:  21.0%
mdfil_info:  80.0%   80 sec CPU:  21.7%
mdfil_info:  90.0%   91 sec CPU:  21.2%
mdfil_info: 100.0%   99 sec CPU:  21.5%
mdfil_info: 100.0%   99 sec CPU:  21.5%
37924
AMSCommonsI-I-HardwareIdentifiedAs Linux 3.10.0-957.10.1.el7.x86_64 x86_64 2
AMSCommonsI-I-Identified as LittleEndian 64 bit machine. 4294967295
AMSCommonsI-I-amsdatabase /cvmfs/ams.cern.ch/Offline/AMSDataDir/DataBase/
AMSCommonsI-I-MipsFromCPUInfo: 2194.92
AMSCommonsI-I-SystemIdentified as  Intel(R) Xeon(R) CPU E5-2630 v4 @ 2.20GHz
AMSCommonsI-I-ComputerEvaluatedAsMips 3511
AMS Software version v5.02/1220/12 built Fri Apr 19 23:54:38 2019

Geant4  Version 1033
Run ID: 468 Bartel: 17
Input Destination: /eos/ams/user/s/selu/mdst/He314/mdst_120929868.root
Output Destination: /afs/cern.ch/work/c/ctuysuz/private/he_flux/LSF/result_mc_time/time_17/he_flux_17_468.root
Add hist00 from /eos/ams/user/s/selu/mdst/He314/mdst_120929868.root
Start of Init
Use new binning
Start of Eventloop
Ntr, Nent= 1 109603
IsMC= 1
Parameter[0] = -2.73465
Parameter[1] = -3.05909
Parameter[2] = -3.61586
Parameter[3] = -5.54961
Parameter[4] = 0.318406
Parameter[5] = -2.36477
mdfil_info:  10.0%    1 sec CPU:  73.7%
mdfil_info:  20.0%    2 sec CPU:  73.8%
mdfil_info:  30.0%    2 sec CPU:  73.6%
mdfil_info:  40.0%    3 sec CPU:  76.3%
mdfil_info:  50.0%    4 sec CPU:  77.9%
mdfil_info:  60.0%    4 sec CPU:  79.5%
mdfil_info:  70.0%    5 sec CPU:  80.1%
mdfil_info:  80.0%    5 sec CPU:  79.8%
mdfil_info:  90.0%    6 sec CPU:  79.9%
mdfil_info: 100.0%    7 sec CPU:  80.2%
mdfil_info: 100.0%    7 sec CPU:  80.2%
