WARN: the 'eosmount' alias is deprecated, please use /eos directly
License ports: 28518@lxlicen01.cern.ch,28518@lxlicen02.cern.ch,28518@lxlicen03.cern.ch:/cvmfs/projects.cern.ch/intelsw/psxe/linux/licenses
Intel(R) Parallel Studio XE 2018 Update 2 for Linux*
Copyright (C) 2009-2018 Intel Corporation. All rights reserved.
14324
AMSCommonsI-I-HardwareIdentifiedAs Linux 3.10.0-957.12.1.el7.x86_64 x86_64 2
AMSCommonsI-I-Identified as LittleEndian 64 bit machine. 4294967295
AMSCommonsI-I-amsdatabase /cvmfs/ams.cern.ch/Offline/AMSDataDir/DataBase/
AMSCommonsI-I-MipsFromCPUInfo: 2394.45
AMSCommonsI-I-SystemIdentified as  Intel(R) Xeon(R) CPU E5-2630 v3 @ 2.40GHz
AMSCommonsI-I-ComputerEvaluatedAsMips 3831
AMS Software version v5.02/1220/12 built Fri Apr 19 23:54:38 2019

Geant4  Version 1033
Run ID: 176 Bartel: 69
Input Destination: /eos/ams/user/s/selu/mdst/He122/mdst_60441716.root
Output Destination: /afs/cern.ch/work/c/ctuysuz/private/he_flux/LSF/result_mc_time/time_69/he_flux_69_176.root
Add hist00 from /eos/ams/user/s/selu/mdst/He122/mdst_60441716.root
Start of Init
Use new binning
Start of Eventloop
Ntr, Nent= 1 437529
IsMC= 1
Parameter[0] = -2.5456
Parameter[1] = -2.98028
Parameter[2] = -3.58897
Parameter[3] = -5.48942
Parameter[4] = 0.110577
Parameter[5] = -2.14012
mdfil_info:  10.0%    2 sec CPU:  76.0%
mdfil_info:  20.0%    6 sec CPU:  57.1%
mdfil_info:  30.0%    9 sec CPU:  55.5%
mdfil_info:  40.0%   12 sec CPU:  57.8%
mdfil_info:  50.0%   14 sec CPU:  61.6%
mdfil_info:  60.0%   16 sec CPU:  64.5%
mdfil_info:  70.0%   18 sec CPU:  67.0%
mdfil_info:  80.0%   19 sec CPU:  68.7%
mdfil_info:  90.0%   21 sec CPU:  69.7%
mdfil_info: 100.0%   23 sec CPU:  70.7%
mdfil_info: 100.0%   23 sec CPU:  70.7%
29039
AMSCommonsI-I-HardwareIdentifiedAs Linux 3.10.0-957.12.1.el7.x86_64 x86_64 2
AMSCommonsI-I-Identified as LittleEndian 64 bit machine. 4294967295
AMSCommonsI-I-amsdatabase /cvmfs/ams.cern.ch/Offline/AMSDataDir/DataBase/
AMSCommonsI-I-MipsFromCPUInfo: 2394.45
AMSCommonsI-I-SystemIdentified as  Intel(R) Xeon(R) CPU E5-2630 v3 @ 2.40GHz
AMSCommonsI-I-ComputerEvaluatedAsMips 3831
AMS Software version v5.02/1220/12 built Fri Apr 19 23:54:38 2019

Geant4  Version 1033
Run ID: 358 Bartel: 42
Input Destination: /eos/ams/user/s/selu/mdst/He122/mdst_60442246.root
Output Destination: /afs/cern.ch/work/c/ctuysuz/private/he_flux/LSF/result_mc_time/time_42/he_flux_42_358.root
Add hist00 from /eos/ams/user/s/selu/mdst/He122/mdst_60442246.root
Start of Init
Use new binning
Start of Eventloop
Ntr, Nent= 1 435627
IsMC= 1
Parameter[0] = -2.78027
Parameter[1] = -3.06778
Parameter[2] = -3.62449
Parameter[3] = -5.58149
Parameter[4] = 0.44175
Parameter[5] = -2.56338
mdfil_info:  10.0%   16 sec CPU:  12.3%
mdfil_info:  20.0%   21 sec CPU:  17.4%
mdfil_info:  30.0%   27 sec CPU:  20.2%
mdfil_info:  40.0%   33 sec CPU:  22.4%
mdfil_info:  50.0%   38 sec CPU:  24.5%
mdfil_info:  60.0%   44 sec CPU:  25.8%
mdfil_info:  70.0%   50 sec CPU:  26.8%
mdfil_info:  80.0%   55 sec CPU:  27.7%
mdfil_info:  90.0%   61 sec CPU:  28.1%
mdfil_info: 100.0%   66 sec CPU:  28.6%
mdfil_info: 100.0%   66 sec CPU:  28.6%
43754
AMSCommonsI-I-HardwareIdentifiedAs Linux 3.10.0-957.12.1.el7.x86_64 x86_64 2
AMSCommonsI-I-Identified as LittleEndian 64 bit machine. 4294967295
AMSCommonsI-I-amsdatabase /cvmfs/ams.cern.ch/Offline/AMSDataDir/DataBase/
AMSCommonsI-I-MipsFromCPUInfo: 2394.45
AMSCommonsI-I-SystemIdentified as  Intel(R) Xeon(R) CPU E5-2630 v3 @ 2.40GHz
AMSCommonsI-I-ComputerEvaluatedAsMips 3831
AMS Software version v5.02/1220/12 built Fri Apr 19 23:54:38 2019

Geant4  Version 1033
Run ID: 540 Bartel: 15
Input Destination: /eos/ams/user/s/selu/mdst/He314/mdst_120929945.root
Output Destination: /afs/cern.ch/work/c/ctuysuz/private/he_flux/LSF/result_mc_time/time_15/he_flux_15_540.root
Add hist00 from /eos/ams/user/s/selu/mdst/He314/mdst_120929945.root
Start of Init
Use new binning
Start of Eventloop
Ntr, Nent= 1 122554
IsMC= 1
Parameter[0] = -2.64949
Parameter[1] = -3.02393
Parameter[2] = -3.59344
Parameter[3] = -5.52782
Parameter[4] = 0.200514
Parameter[5] = -2.29505
mdfil_info:  10.0%    2 sec CPU:  25.9%
mdfil_info:  20.0%    4 sec CPU:  24.4%
mdfil_info:  30.0%    6 sec CPU:  24.5%
mdfil_info:  40.0%    7 sec CPU:  29.0%
mdfil_info:  50.0%    9 sec CPU:  27.6%
mdfil_info:  60.0%    9 sec CPU:  31.0%
mdfil_info:  70.0%   11 sec CPU:  31.1%
mdfil_info:  80.0%   12 sec CPU:  32.3%
mdfil_info:  90.0%   12 sec CPU:  34.9%
mdfil_info: 100.0%   13 sec CPU:  36.0%
mdfil_info: 100.0%   13 sec CPU:  36.0%
