WARN: the 'eosmount' alias is deprecated, please use /eos directly
License ports: 28518@lxlicen01.cern.ch,28518@lxlicen02.cern.ch,28518@lxlicen03.cern.ch:/cvmfs/projects.cern.ch/intelsw/psxe/linux/licenses
Intel(R) Parallel Studio XE 2018 Update 2 for Linux*
Copyright (C) 2009-2018 Intel Corporation. All rights reserved.
8630
AMSCommonsI-I-HardwareIdentifiedAs Linux 3.10.0-957.10.1.el7.x86_64 x86_64 2
AMSCommonsI-I-Identified as LittleEndian 64 bit machine. 4294967295
AMSCommonsI-I-amsdatabase /cvmfs/ams.cern.ch/Offline/AMSDataDir/DataBase/
AMSCommonsI-I-MipsFromCPUInfo: 2194.92
AMSCommonsI-I-SystemIdentified as  Intel(R) Xeon(R) CPU E5-2630 v4 @ 2.20GHz
AMSCommonsI-I-ComputerEvaluatedAsMips 3511
AMS Software version v5.02/1220/12 built Fri Apr 19 23:54:38 2019

Geant4  Version 1033
Run ID: 106 Bartel: 45
Input Destination: /eos/ams/user/s/selu/mdst/He122/mdst_60441646.root
Output Destination: /afs/cern.ch/work/c/ctuysuz/private/he_flux/LSF/result_mc_time/time_45/he_flux_45_106.root
Add hist00 from /eos/ams/user/s/selu/mdst/He122/mdst_60441646.root
Start of Init
Use new binning
Start of Eventloop
Ntr, Nent= 1 439750
IsMC= 1
Parameter[0] = -2.72237
Parameter[1] = -3.03584
Parameter[2] = -3.61262
Parameter[3] = -5.57823
Parameter[4] = 0.342515
Parameter[5] = -2.5989
mdfil_info:  10.0%    3 sec CPU:  71.3%
mdfil_info:  20.0%    5 sec CPU:  77.5%
mdfil_info:  30.0%    8 sec CPU:  80.2%
mdfil_info:  40.0%   10 sec CPU:  80.9%
mdfil_info:  50.0%   13 sec CPU:  81.3%
mdfil_info:  60.0%   16 sec CPU:  81.9%
mdfil_info:  70.0%   18 sec CPU:  82.0%
mdfil_info:  80.0%   21 sec CPU:  82.5%
mdfil_info:  90.0%   23 sec CPU:  82.9%
mdfil_info: 100.0%   25 sec CPU:  83.1%
23345
AMSCommonsI-I-HardwareIdentifiedAs Linux 3.10.0-957.10.1.el7.x86_64 x86_64 2
AMSCommonsI-I-Identified as LittleEndian 64 bit machine. 4294967295
AMSCommonsI-I-amsdatabase /cvmfs/ams.cern.ch/Offline/AMSDataDir/DataBase/
AMSCommonsI-I-MipsFromCPUInfo: 2194.92
AMSCommonsI-I-SystemIdentified as  Intel(R) Xeon(R) CPU E5-2630 v4 @ 2.20GHz
AMSCommonsI-I-ComputerEvaluatedAsMips 3511
AMS Software version v5.02/1220/12 built Fri Apr 19 23:54:38 2019

Geant4  Version 1033
Run ID: 288 Bartel: 18
Input Destination: /eos/ams/user/s/selu/mdst/He122/mdst_60441828.root
Output Destination: /afs/cern.ch/work/c/ctuysuz/private/he_flux/LSF/result_mc_time/time_18/he_flux_18_288.root
Add hist00 from /eos/ams/user/s/selu/mdst/He122/mdst_60441828.root
Start of Init
Use new binning
Start of Eventloop
Ntr, Nent= 1 438078
IsMC= 1
Parameter[0] = -2.73216
Parameter[1] = -3.05371
Parameter[2] = -3.61222
Parameter[3] = -5.57201
Parameter[4] = 0.25419
Parameter[5] = -2.54834
mdfil_info:  10.0%   20 sec CPU:  11.5%
mdfil_info:  20.0%   29 sec CPU:  16.0%
mdfil_info:  30.0%   37 sec CPU:  18.2%
mdfil_info:  40.0%   45 sec CPU:  19.8%
mdfil_info:  50.0%   52 sec CPU:  21.0%
mdfil_info:  60.0%   60 sec CPU:  22.0%
mdfil_info:  70.0%   67 sec CPU:  22.9%
mdfil_info:  80.0%   74 sec CPU:  23.8%
mdfil_info:  90.0%   81 sec CPU:  24.3%
mdfil_info: 100.0%   88 sec CPU:  24.8%
mdfil_info: 100.0%   88 sec CPU:  24.8%
38060
AMSCommonsI-I-HardwareIdentifiedAs Linux 3.10.0-957.10.1.el7.x86_64 x86_64 2
AMSCommonsI-I-Identified as LittleEndian 64 bit machine. 4294967295
AMSCommonsI-I-amsdatabase /cvmfs/ams.cern.ch/Offline/AMSDataDir/DataBase/
AMSCommonsI-I-MipsFromCPUInfo: 2194.92
AMSCommonsI-I-SystemIdentified as  Intel(R) Xeon(R) CPU E5-2630 v4 @ 2.20GHz
AMSCommonsI-I-ComputerEvaluatedAsMips 3511
AMS Software version v5.02/1220/12 built Fri Apr 19 23:54:38 2019

Geant4  Version 1033
Run ID: 469 Bartel: 72
Input Destination: /eos/ams/user/s/selu/mdst/He314/mdst_120929869.root
Output Destination: /afs/cern.ch/work/c/ctuysuz/private/he_flux/LSF/result_mc_time/time_72/he_flux_72_469.root
Add hist00 from /eos/ams/user/s/selu/mdst/He314/mdst_120929869.root
Start of Init
Use new binning
Start of Eventloop
Ntr, Nent= 1 98549
IsMC= 1
Parameter[0] = -2.52985
Parameter[1] = -2.97442
Parameter[2] = -3.57417
Parameter[3] = -5.4923
Parameter[4] = 0.0500631
Parameter[5] = -2.16099
mdfil_info:  10.0%    5 sec CPU:   9.5%
mdfil_info:  20.0%   11 sec CPU:   9.8%
mdfil_info:  30.0%   16 sec CPU:   9.8%
mdfil_info:  40.0%   19 sec CPU:  11.1%
mdfil_info:  50.0%   21 sec CPU:  12.6%
mdfil_info:  60.0%   23 sec CPU:  14.0%
mdfil_info:  70.0%   24 sec CPU:  15.0%
mdfil_info:  80.0%   26 sec CPU:  15.9%
mdfil_info:  90.0%   27 sec CPU:  17.0%
mdfil_info: 100.0%   28 sec CPU:  17.9%
mdfil_info: 100.0%   28 sec CPU:  17.9%
