WARN: the 'eosmount' alias is deprecated, please use /eos directly
License ports: 28518@lxlicen01.cern.ch,28518@lxlicen02.cern.ch,28518@lxlicen03.cern.ch:/cvmfs/projects.cern.ch/intelsw/psxe/linux/licenses
Intel(R) Parallel Studio XE 2018 Update 2 for Linux*
Copyright (C) 2009-2018 Intel Corporation. All rights reserved.
4699
AMSCommonsI-I-HardwareIdentifiedAs Linux 3.10.0-957.10.1.el7.x86_64 x86_64 2
AMSCommonsI-I-Identified as LittleEndian 64 bit machine. 4294967295
AMSCommonsI-I-amsdatabase /cvmfs/ams.cern.ch/Offline/AMSDataDir/DataBase/
AMSCommonsI-I-MipsFromCPUInfo: 2194.92
AMSCommonsI-I-SystemIdentified as  Intel(R) Xeon(R) CPU E5-2630 v4 @ 2.20GHz
AMSCommonsI-I-ComputerEvaluatedAsMips 3511
AMS Software version v5.02/1220/12 built Fri Apr 19 23:54:38 2019

Geant4  Version 1033
Run ID: 58 Bartel: 2
Input Destination: /eos/ams/user/s/selu/mdst/He122/mdst_60441597.root
Output Destination: /afs/cern.ch/work/c/ctuysuz/private/he_flux/LSF/result_mc_time/time_2/he_flux_2_58.root
Add hist00 from /eos/ams/user/s/selu/mdst/He122/mdst_60441597.root
Start of Init
Use new binning
Start of Eventloop
Ntr, Nent= 1 436163
IsMC= 1
Parameter[0] = -2.61736
Parameter[1] = -2.93157
Parameter[2] = -3.51989
Parameter[3] = -5.49278
Parameter[4] = 0.444434
Parameter[5] = -2.60596
mdfil_info:  10.0%    3 sec CPU:  69.3%
mdfil_info:  20.0%    5 sec CPU:  73.2%
mdfil_info:  30.0%    7 sec CPU:  76.1%
mdfil_info:  40.0%    9 sec CPU:  78.2%
mdfil_info:  50.0%   11 sec CPU:  80.1%
mdfil_info:  60.0%   13 sec CPU:  81.8%
mdfil_info:  70.0%   15 sec CPU:  82.7%
mdfil_info:  80.0%   17 sec CPU:  83.3%
mdfil_info:  90.0%   19 sec CPU:  83.8%
mdfil_info: 100.0%   20 sec CPU:  84.0%
mdfil_info: 100.0%   20 sec CPU:  84.0%
19414
AMSCommonsI-I-HardwareIdentifiedAs Linux 3.10.0-957.10.1.el7.x86_64 x86_64 2
AMSCommonsI-I-Identified as LittleEndian 64 bit machine. 4294967295
AMSCommonsI-I-amsdatabase /cvmfs/ams.cern.ch/Offline/AMSDataDir/DataBase/
AMSCommonsI-I-MipsFromCPUInfo: 2194.92
AMSCommonsI-I-SystemIdentified as  Intel(R) Xeon(R) CPU E5-2630 v4 @ 2.20GHz
AMSCommonsI-I-ComputerEvaluatedAsMips 3511
AMS Software version v5.02/1220/12 built Fri Apr 19 23:54:38 2019

Geant4  Version 1033
Run ID: 239 Bartel: 56
Input Destination: /eos/ams/user/s/selu/mdst/He122/mdst_60441779.root
Output Destination: /afs/cern.ch/work/c/ctuysuz/private/he_flux/LSF/result_mc_time/time_56/he_flux_56_239.root
Add hist00 from /eos/ams/user/s/selu/mdst/He122/mdst_60441779.root
Start of Init
Use new binning
Start of Eventloop
Ntr, Nent= 1 436010
IsMC= 1
Parameter[0] = -2.72531
Parameter[1] = -3.04724
Parameter[2] = -3.61961
Parameter[3] = -5.54865
Parameter[4] = 0.293124
Parameter[5] = -2.44228
mdfil_info:  10.0%    2 sec CPU: 100.1%
mdfil_info:  20.0%    3 sec CPU: 100.2%
mdfil_info:  30.0%    5 sec CPU:  99.8%
mdfil_info:  40.0%    7 sec CPU:  97.0%
mdfil_info:  50.0%    9 sec CPU:  95.3%
mdfil_info:  60.0%   10 sec CPU:  94.4%
mdfil_info:  70.0%   12 sec CPU:  93.4%
mdfil_info:  80.0%   14 sec CPU:  93.0%
mdfil_info:  90.0%   27 sec CPU:  56.5%
mdfil_info: 100.0%   31 sec CPU:  55.4%
34129
AMSCommonsI-I-HardwareIdentifiedAs Linux 3.10.0-957.10.1.el7.x86_64 x86_64 2
AMSCommonsI-I-Identified as LittleEndian 64 bit machine. 4294967295
AMSCommonsI-I-amsdatabase /cvmfs/ams.cern.ch/Offline/AMSDataDir/DataBase/
AMSCommonsI-I-MipsFromCPUInfo: 2194.92
AMSCommonsI-I-SystemIdentified as  Intel(R) Xeon(R) CPU E5-2630 v4 @ 2.20GHz
AMSCommonsI-I-ComputerEvaluatedAsMips 3511
AMS Software version v5.02/1220/12 built Fri Apr 19 23:54:38 2019

Geant4  Version 1033
Run ID: 421 Bartel: 29
Input Destination: /eos/ams/user/s/selu/mdst/He122/mdst_60442309.root
Output Destination: /afs/cern.ch/work/c/ctuysuz/private/he_flux/LSF/result_mc_time/time_29/he_flux_29_421.root
Add hist00 from /eos/ams/user/s/selu/mdst/He122/mdst_60442309.root
Start of Init
Use new binning
Start of Eventloop
Ntr, Nent= 1 436901
IsMC= 1
Parameter[0] = -2.79936
Parameter[1] = -3.07658
Parameter[2] = -3.62788
Parameter[3] = -5.57562
Parameter[4] = 0.497287
Parameter[5] = -2.44847
mdfil_info:  10.0%    4 sec CPU:  55.5%
mdfil_info:  20.0%    6 sec CPU:  62.2%
mdfil_info:  30.0%    9 sec CPU:  66.6%
mdfil_info:  40.0%   11 sec CPU:  68.4%
mdfil_info:  50.0%   14 sec CPU:  70.2%
mdfil_info:  60.0%   16 sec CPU:  70.8%
mdfil_info:  70.0%   18 sec CPU:  71.9%
mdfil_info:  80.0%   20 sec CPU:  73.0%
mdfil_info:  90.0%   22 sec CPU:  73.9%
mdfil_info: 100.0%   23 sec CPU:  74.4%
mdfil_info: 100.0%   23 sec CPU:  74.4%
