WARN: the 'eosmount' alias is deprecated, please use /eos directly
License ports: 28518@lxlicen01.cern.ch,28518@lxlicen02.cern.ch,28518@lxlicen03.cern.ch:/cvmfs/projects.cern.ch/intelsw/psxe/linux/licenses
Intel(R) Parallel Studio XE 2018 Update 2 for Linux*
Copyright (C) 2009-2018 Intel Corporation. All rights reserved.
8148
AMSCommonsI-I-HardwareIdentifiedAs Linux 3.10.0-957.1.3.el7.x86_64 x86_64 2
AMSCommonsI-I-Identified as LittleEndian 64 bit machine. 4294967295
AMSCommonsI-I-amsdatabase /cvmfs/ams.cern.ch/Offline/AMSDataDir/DataBase/
AMSCommonsI-I-MipsFromCPUInfo: 2194.92
AMSCommonsI-I-SystemIdentified as  Intel(R) Xeon(R) CPU E5-2650 v4 @ 2.20GHz
AMSCommonsI-I-ComputerEvaluatedAsMips 3511
AMS Software version v5.02/1220/12 built Fri Apr 19 23:54:38 2019

Geant4  Version 1033
Run ID: 100 Bartel: 49
Input Destination: /eos/ams/user/s/selu/mdst/He122/mdst_60441640.root
Output Destination: /afs/cern.ch/work/c/ctuysuz/private/he_flux/LSF/result_mc_time/time_49/he_flux_49_100.root
Add hist00 from /eos/ams/user/s/selu/mdst/He122/mdst_60441640.root
Start of Init
Use new binning
Start of Eventloop
Ntr, Nent= 1 438831
IsMC= 1
Parameter[0] = -2.73128
Parameter[1] = -3.07003
Parameter[2] = -3.63758
Parameter[3] = -5.55781
Parameter[4] = 0.280142
Parameter[5] = -2.35464
mdfil_info:  10.0%   18 sec CPU:  10.3%
mdfil_info:  20.0%   23 sec CPU:  14.3%
mdfil_info:  30.0%   30 sec CPU:  16.5%
mdfil_info:  40.0%   37 sec CPU:  17.6%
mdfil_info:  50.0%   43 sec CPU:  19.0%
mdfil_info:  60.0%   49 sec CPU:  19.8%
mdfil_info:  70.0%   55 sec CPU:  20.5%
mdfil_info:  80.0%   62 sec CPU:  20.9%
mdfil_info:  90.0%   74 sec CPU:  19.7%
mdfil_info: 100.0%   82 sec CPU:  19.7%
mdfil_info: 100.0%   82 sec CPU:  19.7%
22863
AMSCommonsI-I-HardwareIdentifiedAs Linux 3.10.0-957.1.3.el7.x86_64 x86_64 2
AMSCommonsI-I-Identified as LittleEndian 64 bit machine. 4294967295
AMSCommonsI-I-amsdatabase /cvmfs/ams.cern.ch/Offline/AMSDataDir/DataBase/
AMSCommonsI-I-MipsFromCPUInfo: 2194.92
AMSCommonsI-I-SystemIdentified as  Intel(R) Xeon(R) CPU E5-2650 v4 @ 2.20GHz
AMSCommonsI-I-ComputerEvaluatedAsMips 3511
AMS Software version v5.02/1220/12 built Fri Apr 19 23:54:38 2019

Geant4  Version 1033
Run ID: 282 Bartel: 22
Input Destination: /eos/ams/user/s/selu/mdst/He122/mdst_60441822.root
Output Destination: /afs/cern.ch/work/c/ctuysuz/private/he_flux/LSF/result_mc_time/time_22/he_flux_22_282.root
Add hist00 from /eos/ams/user/s/selu/mdst/He122/mdst_60441822.root
Start of Init
Use new binning
Start of Eventloop
Ntr, Nent= 1 437814
IsMC= 1
Parameter[0] = -2.70854
Parameter[1] = -3.0386
Parameter[2] = -3.60827
Parameter[3] = -5.53986
Parameter[4] = 0.260502
Parameter[5] = -2.32334
mdfil_info:  10.0%   20 sec CPU:   9.1%
mdfil_info:  20.0%   25 sec CPU:  13.6%
mdfil_info:  30.0%   30 sec CPU:  16.1%
mdfil_info:  40.0%   36 sec CPU:  17.9%
mdfil_info:  50.0%   41 sec CPU:  19.4%
mdfil_info:  60.0%   46 sec CPU:  20.6%
mdfil_info:  70.0%   51 sec CPU:  21.3%
mdfil_info:  80.0%   57 sec CPU:  22.1%
mdfil_info:  90.0%   62 sec CPU:  22.7%
mdfil_info: 100.0%   67 sec CPU:  23.2%
mdfil_info: 100.0%   67 sec CPU:  23.2%
37578
AMSCommonsI-I-HardwareIdentifiedAs Linux 3.10.0-957.1.3.el7.x86_64 x86_64 2
AMSCommonsI-I-Identified as LittleEndian 64 bit machine. 4294967295
AMSCommonsI-I-amsdatabase /cvmfs/ams.cern.ch/Offline/AMSDataDir/DataBase/
AMSCommonsI-I-MipsFromCPUInfo: 2194.92
AMSCommonsI-I-SystemIdentified as  Intel(R) Xeon(R) CPU E5-2650 v4 @ 2.20GHz
AMSCommonsI-I-ComputerEvaluatedAsMips 3511
AMS Software version v5.02/1220/12 built Fri Apr 19 23:54:38 2019

Geant4  Version 1033
Run ID: 463 Bartel: 76
Input Destination: /eos/ams/user/s/selu/mdst/He314/mdst_120929863.root
Output Destination: /afs/cern.ch/work/c/ctuysuz/private/he_flux/LSF/result_mc_time/time_76/he_flux_76_463.root
Add hist00 from /eos/ams/user/s/selu/mdst/He314/mdst_120929863.root
Start of Init
Use new binning
Start of Eventloop
Ntr, Nent= 1 122776
IsMC= 1
Parameter[0] = -2.48624
Parameter[1] = -2.95496
Parameter[2] = -3.57221
Parameter[3] = -5.5192
Parameter[4] = 0.00191236
Parameter[5] = -2.34472
mdfil_info:  10.0%    0 sec CPU:  97.9%
mdfil_info:  20.0%    1 sec CPU:  98.6%
mdfil_info:  30.0%    1 sec CPU:  99.5%
mdfil_info:  40.0%    2 sec CPU:  99.6%
mdfil_info:  50.0%    2 sec CPU:  99.3%
mdfil_info:  60.0%    3 sec CPU:  99.7%
mdfil_info:  70.0%    3 sec CPU:  99.6%
mdfil_info:  80.0%    3 sec CPU:  99.7%
mdfil_info:  90.0%    4 sec CPU:  99.9%
mdfil_info: 100.0%    4 sec CPU:  99.8%
mdfil_info: 100.0%    4 sec CPU:  99.8%
