WARN: the 'eosmount' alias is deprecated, please use /eos directly
License ports: 28518@lxlicen01.cern.ch,28518@lxlicen02.cern.ch,28518@lxlicen03.cern.ch:/cvmfs/projects.cern.ch/intelsw/psxe/linux/licenses
Intel(R) Parallel Studio XE 2018 Update 2 for Linux*
Copyright (C) 2009-2018 Intel Corporation. All rights reserved.
13359
AMSCommonsI-I-HardwareIdentifiedAs Linux 3.10.0-957.10.1.el7.x86_64 x86_64 2
AMSCommonsI-I-Identified as LittleEndian 64 bit machine. 4294967295
AMSCommonsI-I-amsdatabase /cvmfs/ams.cern.ch/Offline/AMSDataDir/DataBase/
AMSCommonsI-I-MipsFromCPUInfo: 2195.1
AMSCommonsI-I-SystemIdentified as  Intel(R) Xeon(R) CPU E5-2630 v4 @ 2.20GHz
AMSCommonsI-I-ComputerEvaluatedAsMips 3512
AMS Software version v5.02/1220/12 built Fri Apr 19 23:54:38 2019

Geant4  Version 1033
Run ID: 164 Bartel: 76
Input Destination: /eos/ams/user/s/selu/mdst/He122/mdst_60441704.root
Output Destination: /afs/cern.ch/work/c/ctuysuz/private/he_flux/LSF/result_mc_time/time_76/he_flux_76_164.root
Add hist00 from /eos/ams/user/s/selu/mdst/He122/mdst_60441704.root
Start of Init
Use new binning
Start of Eventloop
Ntr, Nent= 1 440058
IsMC= 1
Parameter[0] = -2.48624
Parameter[1] = -2.95496
Parameter[2] = -3.57221
Parameter[3] = -5.5192
Parameter[4] = 0.00191236
Parameter[5] = -2.34472
mdfil_info:  10.0%   19 sec CPU:  11.6%
mdfil_info:  20.0%   29 sec CPU:  13.9%
mdfil_info:  30.0%   38 sec CPU:  15.8%
mdfil_info:  40.0%   52 sec CPU:  15.5%
mdfil_info:  50.0%   60 sec CPU:  17.0%
mdfil_info:  60.0%   68 sec CPU:  17.8%
mdfil_info:  70.0%   76 sec CPU:  18.6%
mdfil_info:  80.0%   89 sec CPU:  18.1%
mdfil_info:  90.0%   98 sec CPU:  18.4%
mdfil_info: 100.0%  109 sec CPU:  18.5%
mdfil_info: 100.0%  109 sec CPU:  18.5%
28074
AMSCommonsI-I-HardwareIdentifiedAs Linux 3.10.0-957.10.1.el7.x86_64 x86_64 2
AMSCommonsI-I-Identified as LittleEndian 64 bit machine. 4294967295
AMSCommonsI-I-amsdatabase /cvmfs/ams.cern.ch/Offline/AMSDataDir/DataBase/
AMSCommonsI-I-MipsFromCPUInfo: 2195.1
AMSCommonsI-I-SystemIdentified as  Intel(R) Xeon(R) CPU E5-2630 v4 @ 2.20GHz
AMSCommonsI-I-ComputerEvaluatedAsMips 3512
AMS Software version v5.02/1220/12 built Fri Apr 19 23:54:38 2019

Geant4  Version 1033
Run ID: 346 Bartel: 49
Input Destination: /eos/ams/user/s/selu/mdst/He122/mdst_60441886.root
Output Destination: /afs/cern.ch/work/c/ctuysuz/private/he_flux/LSF/result_mc_time/time_49/he_flux_49_346.root
Add hist00 from /eos/ams/user/s/selu/mdst/He122/mdst_60441886.root
Start of Init
Use new binning
Start of Eventloop
Ntr, Nent= 1 394682
IsMC= 1
Parameter[0] = -2.73128
Parameter[1] = -3.07003
Parameter[2] = -3.63758
Parameter[3] = -5.55781
Parameter[4] = 0.280142
Parameter[5] = -2.35464
mdfil_info:  10.0%   17 sec CPU:  11.3%
mdfil_info:  20.0%   23 sec CPU:  16.0%
mdfil_info:  30.0%   28 sec CPU:  19.4%
mdfil_info:  40.0%   40 sec CPU:  18.2%
mdfil_info:  50.0%   48 sec CPU:  19.0%
mdfil_info:  60.0%   53 sec CPU:  20.5%
mdfil_info:  70.0%   64 sec CPU:  19.7%
mdfil_info:  80.0%   72 sec CPU:  19.9%
mdfil_info:  90.0%   79 sec CPU:  20.5%
mdfil_info: 100.0%   84 sec CPU:  21.2%
mdfil_info: 100.0%   84 sec CPU:  21.2%
42789
AMSCommonsI-I-HardwareIdentifiedAs Linux 3.10.0-957.10.1.el7.x86_64 x86_64 2
AMSCommonsI-I-Identified as LittleEndian 64 bit machine. 4294967295
AMSCommonsI-I-amsdatabase /cvmfs/ams.cern.ch/Offline/AMSDataDir/DataBase/
AMSCommonsI-I-MipsFromCPUInfo: 2195.1
AMSCommonsI-I-SystemIdentified as  Intel(R) Xeon(R) CPU E5-2630 v4 @ 2.20GHz
AMSCommonsI-I-ComputerEvaluatedAsMips 3512
AMS Software version v5.02/1220/12 built Fri Apr 19 23:54:38 2019

Geant4  Version 1033
Run ID: 528 Bartel: 22
Input Destination: /eos/ams/user/s/selu/mdst/He314/mdst_120929931.root
Output Destination: /afs/cern.ch/work/c/ctuysuz/private/he_flux/LSF/result_mc_time/time_22/he_flux_22_528.root
Add hist00 from /eos/ams/user/s/selu/mdst/He314/mdst_120929931.root
Start of Init
Use new binning
Start of Eventloop
Ntr, Nent= 1 110806
IsMC= 1
Parameter[0] = -2.70854
Parameter[1] = -3.0386
Parameter[2] = -3.60827
Parameter[3] = -5.53986
Parameter[4] = 0.260502
Parameter[5] = -2.32334
mdfil_info:  10.0%    6 sec CPU:  10.0%
mdfil_info:  20.0%   12 sec CPU:  10.4%
mdfil_info:  30.0%   16 sec CPU:  11.0%
mdfil_info:  40.0%   18 sec CPU:  13.1%
mdfil_info:  50.0%   19 sec CPU:  14.6%
mdfil_info:  60.0%   21 sec CPU:  15.7%
mdfil_info:  70.0%   23 sec CPU:  16.7%
mdfil_info:  80.0%   24 sec CPU:  17.9%
mdfil_info:  90.0%   25 sec CPU:  18.8%
mdfil_info: 100.0%   27 sec CPU:  19.5%
mdfil_info: 100.0%   27 sec CPU:  19.5%
