WARN: the 'eosmount' alias is deprecated, please use /eos directly
License ports: 28518@lxlicen01.cern.ch,28518@lxlicen02.cern.ch,28518@lxlicen03.cern.ch:/cvmfs/projects.cern.ch/intelsw/psxe/linux/licenses
Intel(R) Parallel Studio XE 2018 Update 2 for Linux*
Copyright (C) 2009-2018 Intel Corporation. All rights reserved.
6454
AMSCommonsI-I-HardwareIdentifiedAs Linux 3.10.0-957.10.1.el7.x86_64 x86_64 2
AMSCommonsI-I-Identified as LittleEndian 64 bit machine. 4294967295
AMSCommonsI-I-amsdatabase /cvmfs/ams.cern.ch/Offline/AMSDataDir/DataBase/
AMSCommonsI-I-MipsFromCPUInfo: 2194.92
AMSCommonsI-I-SystemIdentified as  Intel(R) Xeon(R) CPU E5-2630 v4 @ 2.20GHz
AMSCommonsI-I-ComputerEvaluatedAsMips 3511
AMS Software version v5.02/1220/12 built Fri Apr 19 23:54:38 2019

Geant4  Version 1033
Run ID: 79 Bartel: 56
Input Destination: /eos/ams/user/s/selu/mdst/He122/mdst_60441619.root
Output Destination: /afs/cern.ch/work/c/ctuysuz/private/he_flux/LSF/result_mc_time/time_56/he_flux_56_79.root
Add hist00 from /eos/ams/user/s/selu/mdst/He122/mdst_60441619.root
Start of Init
Use new binning
Start of Eventloop
Ntr, Nent= 1 440407
IsMC= 1
Parameter[0] = -2.72531
Parameter[1] = -3.04724
Parameter[2] = -3.61961
Parameter[3] = -5.54865
Parameter[4] = 0.293124
Parameter[5] = -2.44228
mdfil_info:  10.0%    3 sec CPU:  73.2%
mdfil_info:  20.0%    5 sec CPU:  78.7%
mdfil_info:  30.0%    7 sec CPU:  81.1%
mdfil_info:  40.0%    9 sec CPU:  82.2%
mdfil_info:  50.0%   11 sec CPU:  82.9%
mdfil_info:  60.0%   13 sec CPU:  83.6%
mdfil_info:  70.0%   15 sec CPU:  84.1%
mdfil_info:  80.0%   17 sec CPU:  84.4%
mdfil_info:  90.0%   19 sec CPU:  84.3%
mdfil_info: 100.0%   21 sec CPU:  84.6%
mdfil_info: 100.0%   21 sec CPU:  84.6%
21169
AMSCommonsI-I-HardwareIdentifiedAs Linux 3.10.0-957.10.1.el7.x86_64 x86_64 2
AMSCommonsI-I-Identified as LittleEndian 64 bit machine. 4294967295
AMSCommonsI-I-amsdatabase /cvmfs/ams.cern.ch/Offline/AMSDataDir/DataBase/
AMSCommonsI-I-MipsFromCPUInfo: 2194.92
AMSCommonsI-I-SystemIdentified as  Intel(R) Xeon(R) CPU E5-2630 v4 @ 2.20GHz
AMSCommonsI-I-ComputerEvaluatedAsMips 3511
AMS Software version v5.02/1220/12 built Fri Apr 19 23:54:38 2019

Geant4  Version 1033
Run ID: 261 Bartel: 29
Input Destination: /eos/ams/user/s/selu/mdst/He122/mdst_60441801.root
Output Destination: /afs/cern.ch/work/c/ctuysuz/private/he_flux/LSF/result_mc_time/time_29/he_flux_29_261.root
Add hist00 from /eos/ams/user/s/selu/mdst/He122/mdst_60441801.root
Start of Init
Use new binning
Start of Eventloop
Ntr, Nent= 1 437777
IsMC= 1
Parameter[0] = -2.79936
Parameter[1] = -3.07658
Parameter[2] = -3.62788
Parameter[3] = -5.57562
Parameter[4] = 0.497287
Parameter[5] = -2.44847
mdfil_info:  10.0%   17 sec CPU:  10.9%
mdfil_info:  20.0%   23 sec CPU:  15.8%
mdfil_info:  30.0%   29 sec CPU:  18.6%
mdfil_info:  40.0%   35 sec CPU:  20.8%
mdfil_info:  50.0%   41 sec CPU:  21.6%
mdfil_info:  60.0%   48 sec CPU:  22.2%
mdfil_info:  70.0%   55 sec CPU:  22.9%
mdfil_info:  80.0%   62 sec CPU:  22.8%
mdfil_info:  90.0%   70 sec CPU:  22.7%
mdfil_info: 100.0%   77 sec CPU:  22.7%
mdfil_info: 100.0%   77 sec CPU:  22.7%
35884
AMSCommonsI-I-HardwareIdentifiedAs Linux 3.10.0-957.10.1.el7.x86_64 x86_64 2
AMSCommonsI-I-Identified as LittleEndian 64 bit machine. 4294967295
AMSCommonsI-I-amsdatabase /cvmfs/ams.cern.ch/Offline/AMSDataDir/DataBase/
AMSCommonsI-I-MipsFromCPUInfo: 2194.92
AMSCommonsI-I-SystemIdentified as  Intel(R) Xeon(R) CPU E5-2630 v4 @ 2.20GHz
AMSCommonsI-I-ComputerEvaluatedAsMips 3511
AMS Software version v5.02/1220/12 built Fri Apr 19 23:54:38 2019

Geant4  Version 1033
Run ID: 443 Bartel: 2
Input Destination: /eos/ams/user/s/selu/mdst/He122/mdst_60442331.root
Output Destination: /afs/cern.ch/work/c/ctuysuz/private/he_flux/LSF/result_mc_time/time_2/he_flux_2_443.root
Add hist00 from /eos/ams/user/s/selu/mdst/He122/mdst_60442331.root
Start of Init
Use new binning
Start of Eventloop
Ntr, Nent= 1 435150
IsMC= 1
Parameter[0] = -2.61736
Parameter[1] = -2.93157
Parameter[2] = -3.51989
Parameter[3] = -5.49278
Parameter[4] = 0.444434
Parameter[5] = -2.60596
mdfil_info:  10.0%   19 sec CPU:   9.6%
mdfil_info:  20.0%   25 sec CPU:  13.5%
mdfil_info:  30.0%   32 sec CPU:  15.7%
mdfil_info:  40.0%   39 sec CPU:  17.5%
mdfil_info:  50.0%   50 sec CPU:  17.0%
mdfil_info:  60.0%   59 sec CPU:  17.3%
mdfil_info:  70.0%   66 sec CPU:  18.3%
mdfil_info:  80.0%   73 sec CPU:  18.7%
mdfil_info:  90.0%   82 sec CPU:  18.9%
mdfil_info: 100.0%   91 sec CPU:  19.1%
