WARN: the 'eosmount' alias is deprecated, please use /eos directly
License ports: 28518@lxlicen01.cern.ch,28518@lxlicen02.cern.ch,28518@lxlicen03.cern.ch:/cvmfs/projects.cern.ch/intelsw/psxe/linux/licenses
Intel(R) Parallel Studio XE 2018 Update 2 for Linux*
Copyright (C) 2009-2018 Intel Corporation. All rights reserved.
1219
AMSCommonsI-I-HardwareIdentifiedAs Linux 3.10.0-957.12.1.el7.x86_64 x86_64 2
AMSCommonsI-I-Identified as LittleEndian 64 bit machine. 4294967295
AMSCommonsI-I-amsdatabase /cvmfs/ams.cern.ch/Offline/AMSDataDir/DataBase/
AMSCommonsI-I-MipsFromCPUInfo: 2394.45
AMSCommonsI-I-SystemIdentified as  Intel(R) Xeon(R) CPU E5-2630 v3 @ 2.40GHz
AMSCommonsI-I-ComputerEvaluatedAsMips 3831
AMS Software version v5.02/1220/12 built Fri Apr 19 23:54:38 2019

Geant4  Version 1033
Run ID: 15 Bartel: 5
Input Destination: /eos/ams/user/s/selu/mdst/He122/mdst_60441554.root
Output Destination: /afs/cern.ch/work/c/ctuysuz/private/he_flux/LSF/result_mc_time/time_5/he_flux_5_15.root
Add hist00 from /eos/ams/user/s/selu/mdst/He122/mdst_60441554.root
Start of Init
Use new binning
Start of Eventloop
Ntr, Nent= 1 437109
IsMC= 1
Parameter[0] = -2.62631
Parameter[1] = -3.02179
Parameter[2] = -3.60875
Parameter[3] = -5.5302
Parameter[4] = 0.0850909
Parameter[5] = -2.38189
mdfil_info:  10.0%    2 sec CPU:  84.1%
mdfil_info:  20.0%    4 sec CPU:  87.9%
mdfil_info:  30.0%    5 sec CPU:  89.8%
mdfil_info:  40.0%    7 sec CPU:  91.1%
mdfil_info:  50.0%    9 sec CPU:  91.6%
mdfil_info:  60.0%   11 sec CPU:  92.3%
mdfil_info:  70.0%   12 sec CPU:  92.9%
mdfil_info:  80.0%   14 sec CPU:  93.2%
mdfil_info:  90.0%   16 sec CPU:  93.5%
mdfil_info: 100.0%   17 sec CPU:  93.8%
mdfil_info: 100.0%   17 sec CPU:  93.8%
15934
AMSCommonsI-I-HardwareIdentifiedAs Linux 3.10.0-957.12.1.el7.x86_64 x86_64 2
AMSCommonsI-I-Identified as LittleEndian 64 bit machine. 4294967295
AMSCommonsI-I-amsdatabase /cvmfs/ams.cern.ch/Offline/AMSDataDir/DataBase/
AMSCommonsI-I-MipsFromCPUInfo: 2394.45
AMSCommonsI-I-SystemIdentified as  Intel(R) Xeon(R) CPU E5-2630 v3 @ 2.40GHz
AMSCommonsI-I-ComputerEvaluatedAsMips 3831
AMS Software version v5.02/1220/12 built Fri Apr 19 23:54:38 2019

Geant4  Version 1033
Run ID: 196 Bartel: 59
Input Destination: /eos/ams/user/s/selu/mdst/He122/mdst_60441736.root
Output Destination: /afs/cern.ch/work/c/ctuysuz/private/he_flux/LSF/result_mc_time/time_59/he_flux_59_196.root
Add hist00 from /eos/ams/user/s/selu/mdst/He122/mdst_60441736.root
Start of Init
Use new binning
Start of Eventloop
Ntr, Nent= 1 437049
IsMC= 1
Parameter[0] = -2.68656
Parameter[1] = -3.03432
Parameter[2] = -3.61157
Parameter[3] = -5.53634
Parameter[4] = 0.355938
Parameter[5] = -2.28628
mdfil_info:  10.0%    2 sec CPU: 100.4%
mdfil_info:  20.0%    3 sec CPU: 100.1%
mdfil_info:  30.0%    4 sec CPU: 100.1%
mdfil_info:  40.0%    6 sec CPU: 100.1%
mdfil_info:  50.0%    7 sec CPU: 100.0%
mdfil_info:  60.0%    9 sec CPU: 100.0%
mdfil_info:  70.0%   10 sec CPU: 100.0%
mdfil_info:  80.0%   12 sec CPU: 100.0%
mdfil_info:  90.0%   13 sec CPU: 100.0%
mdfil_info: 100.0%   14 sec CPU: 100.0%
mdfil_info: 100.0%   14 sec CPU: 100.0%
30649
AMSCommonsI-I-HardwareIdentifiedAs Linux 3.10.0-957.12.1.el7.x86_64 x86_64 2
AMSCommonsI-I-Identified as LittleEndian 64 bit machine. 4294967295
AMSCommonsI-I-amsdatabase /cvmfs/ams.cern.ch/Offline/AMSDataDir/DataBase/
AMSCommonsI-I-MipsFromCPUInfo: 2394.45
AMSCommonsI-I-SystemIdentified as  Intel(R) Xeon(R) CPU E5-2630 v3 @ 2.40GHz
AMSCommonsI-I-ComputerEvaluatedAsMips 3831
AMS Software version v5.02/1220/12 built Fri Apr 19 23:54:38 2019

Geant4  Version 1033
Run ID: 378 Bartel: 32
Input Destination: /eos/ams/user/s/selu/mdst/He122/mdst_60442266.root
Output Destination: /afs/cern.ch/work/c/ctuysuz/private/he_flux/LSF/result_mc_time/time_32/he_flux_32_378.root
Add hist00 from /eos/ams/user/s/selu/mdst/He122/mdst_60442266.root
Start of Init
Use new binning
Start of Eventloop
Ntr, Nent= 1 436516
IsMC= 1
Parameter[0] = -2.77785
Parameter[1] = -3.05134
Parameter[2] = -3.60147
Parameter[3] = -5.53079
Parameter[4] = 0.319411
Parameter[5] = -2.38899
mdfil_info:  10.0%   12 sec CPU:  16.6%
mdfil_info:  20.0%   17 sec CPU:  22.0%
mdfil_info:  30.0%   22 sec CPU:  25.0%
mdfil_info:  40.0%   27 sec CPU:  27.6%
mdfil_info:  50.0%   32 sec CPU:  29.2%
mdfil_info:  60.0%   37 sec CPU:  30.7%
mdfil_info:  70.0%   42 sec CPU:  31.3%
mdfil_info:  80.0%   47 sec CPU:  31.8%
mdfil_info:  90.0%   51 sec CPU:  31.9%
mdfil_info: 100.0%   56 sec CPU:  31.9%
mdfil_info: 100.0%   56 sec CPU:  31.9%
