WARN: the 'eosmount' alias is deprecated, please use /eos directly
License ports: 28518@lxlicen01.cern.ch,28518@lxlicen02.cern.ch,28518@lxlicen03.cern.ch:/cvmfs/projects.cern.ch/intelsw/psxe/linux/licenses
Intel(R) Parallel Studio XE 2018 Update 2 for Linux*
Copyright (C) 2009-2018 Intel Corporation. All rights reserved.
13420
AMSCommonsI-I-HardwareIdentifiedAs Linux 3.10.0-957.1.3.el7.x86_64 x86_64 2
AMSCommonsI-I-Identified as LittleEndian 64 bit machine. 4294967295
AMSCommonsI-I-amsdatabase /cvmfs/ams.cern.ch/Offline/AMSDataDir/DataBase/
AMSCommonsI-I-MipsFromCPUInfo: 2195.1
AMSCommonsI-I-SystemIdentified as  Intel(R) Xeon(R) CPU E5-2630 v4 @ 2.20GHz
AMSCommonsI-I-ComputerEvaluatedAsMips 3512
AMS Software version v5.02/1220/12 built Fri Apr 19 23:54:38 2019

Geant4  Version 1033
Run ID: 165 Bartel: 56
Input Destination: /eos/ams/user/s/selu/mdst/He122/mdst_60441705.root
Output Destination: /afs/cern.ch/work/c/ctuysuz/private/he_flux/LSF/result_mc_time/time_56/he_flux_56_165.root
Add hist00 from /eos/ams/user/s/selu/mdst/He122/mdst_60441705.root
Start of Init
Use new binning
Start of Eventloop
Ntr, Nent= 1 438904
IsMC= 1
Parameter[0] = -2.72531
Parameter[1] = -3.04724
Parameter[2] = -3.61961
Parameter[3] = -5.54865
Parameter[4] = 0.293124
Parameter[5] = -2.44228
mdfil_info:  10.0%   19 sec CPU:  11.3%
mdfil_info:  20.0%   26 sec CPU:  15.6%
mdfil_info:  30.0%   32 sec CPU:  18.4%
mdfil_info:  40.0%   39 sec CPU:  20.2%
mdfil_info:  50.0%   45 sec CPU:  21.6%
mdfil_info:  60.0%   51 sec CPU:  23.1%
mdfil_info:  70.0%   58 sec CPU:  23.7%
mdfil_info:  80.0%   65 sec CPU:  24.0%
mdfil_info:  90.0%   72 sec CPU:  24.3%
mdfil_info: 100.0%   79 sec CPU:  24.4%
mdfil_info: 100.0%   79 sec CPU:  24.4%
28135
AMSCommonsI-I-HardwareIdentifiedAs Linux 3.10.0-957.1.3.el7.x86_64 x86_64 2
AMSCommonsI-I-Identified as LittleEndian 64 bit machine. 4294967295
AMSCommonsI-I-amsdatabase /cvmfs/ams.cern.ch/Offline/AMSDataDir/DataBase/
AMSCommonsI-I-MipsFromCPUInfo: 2195.1
AMSCommonsI-I-SystemIdentified as  Intel(R) Xeon(R) CPU E5-2630 v4 @ 2.20GHz
AMSCommonsI-I-ComputerEvaluatedAsMips 3512
AMS Software version v5.02/1220/12 built Fri Apr 19 23:54:38 2019

Geant4  Version 1033
Run ID: 347 Bartel: 29
Input Destination: /eos/ams/user/s/selu/mdst/He122/mdst_60441887.root
Output Destination: /afs/cern.ch/work/c/ctuysuz/private/he_flux/LSF/result_mc_time/time_29/he_flux_29_347.root
Add hist00 from /eos/ams/user/s/selu/mdst/He122/mdst_60441887.root
Start of Init
Use new binning
Start of Eventloop
Ntr, Nent= 1 439485
IsMC= 1
Parameter[0] = -2.79936
Parameter[1] = -3.07658
Parameter[2] = -3.62788
Parameter[3] = -5.57562
Parameter[4] = 0.497287
Parameter[5] = -2.44847
mdfil_info:  10.0%    2 sec CPU:  79.2%
mdfil_info:  20.0%    4 sec CPU:  84.0%
mdfil_info:  30.0%    6 sec CPU:  86.2%
mdfil_info:  40.0%    8 sec CPU:  87.3%
mdfil_info:  50.0%   10 sec CPU:  87.5%
mdfil_info:  60.0%   12 sec CPU:  87.8%
mdfil_info:  70.0%   14 sec CPU:  87.6%
mdfil_info:  80.0%   16 sec CPU:  87.4%
mdfil_info:  90.0%   17 sec CPU:  87.5%
mdfil_info: 100.0%   19 sec CPU:  87.7%
mdfil_info: 100.0%   19 sec CPU:  87.7%
42850
AMSCommonsI-I-HardwareIdentifiedAs Linux 3.10.0-957.1.3.el7.x86_64 x86_64 2
AMSCommonsI-I-Identified as LittleEndian 64 bit machine. 4294967295
AMSCommonsI-I-amsdatabase /cvmfs/ams.cern.ch/Offline/AMSDataDir/DataBase/
AMSCommonsI-I-MipsFromCPUInfo: 2195.1
AMSCommonsI-I-SystemIdentified as  Intel(R) Xeon(R) CPU E5-2630 v4 @ 2.20GHz
AMSCommonsI-I-ComputerEvaluatedAsMips 3512
AMS Software version v5.02/1220/12 built Fri Apr 19 23:54:38 2019

Geant4  Version 1033
Run ID: 529 Bartel: 2
Input Destination: /eos/ams/user/s/selu/mdst/He314/mdst_120929932.root
Output Destination: /afs/cern.ch/work/c/ctuysuz/private/he_flux/LSF/result_mc_time/time_2/he_flux_2_529.root
Add hist00 from /eos/ams/user/s/selu/mdst/He314/mdst_120929932.root
Start of Init
Use new binning
Start of Eventloop
Ntr, Nent= 1 122813
IsMC= 1
Parameter[0] = -2.61736
Parameter[1] = -2.93157
Parameter[2] = -3.51989
Parameter[3] = -5.49278
Parameter[4] = 0.444434
Parameter[5] = -2.60596
mdfil_info:  10.0%    2 sec CPU:  20.9%
mdfil_info:  20.0%    5 sec CPU:  24.2%
mdfil_info:  30.0%    6 sec CPU:  27.1%
mdfil_info:  40.0%    7 sec CPU:  30.8%
mdfil_info:  50.0%    8 sec CPU:  33.4%
mdfil_info:  60.0%    9 sec CPU:  36.1%
mdfil_info:  70.0%    9 sec CPU:  38.8%
mdfil_info:  80.0%   10 sec CPU:  40.1%
mdfil_info:  90.0%   11 sec CPU:  42.2%
mdfil_info: 100.0%   12 sec CPU:  41.7%
mdfil_info: 100.0%   12 sec CPU:  41.7%
