WARN: the 'eosmount' alias is deprecated, please use /eos directly
License ports: 28518@lxlicen01.cern.ch,28518@lxlicen02.cern.ch,28518@lxlicen03.cern.ch:/cvmfs/projects.cern.ch/intelsw/psxe/linux/licenses
Intel(R) Parallel Studio XE 2018 Update 2 for Linux*
Copyright (C) 2009-2018 Intel Corporation. All rights reserved.
13381
AMSCommonsI-I-HardwareIdentifiedAs Linux 3.10.0-957.10.1.el7.x86_64 x86_64 2
AMSCommonsI-I-Identified as LittleEndian 64 bit machine. 4294967295
AMSCommonsI-I-amsdatabase /cvmfs/ams.cern.ch/Offline/AMSDataDir/DataBase/
AMSCommonsI-I-MipsFromCPUInfo: 2194.92
AMSCommonsI-I-SystemIdentified as  Intel(R) Xeon(R) CPU E5-2630 v4 @ 2.20GHz
AMSCommonsI-I-ComputerEvaluatedAsMips 3511
AMS Software version v5.02/1220/12 built Fri Apr 19 23:54:38 2019

Geant4  Version 1033
Run ID: 165 Bartel: 17
Input Destination: /eos/ams/user/s/selu/mdst/He122/mdst_60441705.root
Output Destination: /afs/cern.ch/work/c/ctuysuz/private/he_flux/LSF/result_mc_time/time_17/he_flux_17_165.root
Add hist00 from /eos/ams/user/s/selu/mdst/He122/mdst_60441705.root
Start of Init
Use new binning
Start of Eventloop
Ntr, Nent= 1 438904
IsMC= 1
Parameter[0] = -2.73465
Parameter[1] = -3.05909
Parameter[2] = -3.61586
Parameter[3] = -5.54961
Parameter[4] = 0.318406
Parameter[5] = -2.36477
mdfil_info:  10.0%   16 sec CPU:  13.1%
mdfil_info:  20.0%   21 sec CPU:  18.2%
mdfil_info:  30.0%   26 sec CPU:  21.4%
mdfil_info:  40.0%   31 sec CPU:  23.8%
mdfil_info:  50.0%   38 sec CPU:  25.1%
mdfil_info:  60.0%   45 sec CPU:  25.7%
mdfil_info:  70.0%   51 sec CPU:  26.6%
mdfil_info:  80.0%   57 sec CPU:  27.4%
mdfil_info:  90.0%   63 sec CPU:  27.4%
mdfil_info: 100.0%   69 sec CPU:  27.9%
mdfil_info: 100.0%   69 sec CPU:  27.9%
28096
AMSCommonsI-I-HardwareIdentifiedAs Linux 3.10.0-957.10.1.el7.x86_64 x86_64 2
AMSCommonsI-I-Identified as LittleEndian 64 bit machine. 4294967295
AMSCommonsI-I-amsdatabase /cvmfs/ams.cern.ch/Offline/AMSDataDir/DataBase/
AMSCommonsI-I-MipsFromCPUInfo: 2194.92
AMSCommonsI-I-SystemIdentified as  Intel(R) Xeon(R) CPU E5-2630 v4 @ 2.20GHz
AMSCommonsI-I-ComputerEvaluatedAsMips 3511
AMS Software version v5.02/1220/12 built Fri Apr 19 23:54:38 2019

Geant4  Version 1033
Run ID: 346 Bartel: 71
Input Destination: /eos/ams/user/s/selu/mdst/He122/mdst_60441886.root
Output Destination: /afs/cern.ch/work/c/ctuysuz/private/he_flux/LSF/result_mc_time/time_71/he_flux_71_346.root
Add hist00 from /eos/ams/user/s/selu/mdst/He122/mdst_60441886.root
Start of Init
Use new binning
Start of Eventloop
Ntr, Nent= 1 394682
IsMC= 1
Parameter[0] = -2.54894
Parameter[1] = -2.98273
Parameter[2] = -3.58454
Parameter[3] = -5.47731
Parameter[4] = 0.0989745
Parameter[5] = -2.00648
mdfil_info:  10.0%   17 sec CPU:  10.5%
mdfil_info:  20.0%   29 sec CPU:  11.5%
mdfil_info:  30.0%   35 sec CPU:  14.0%
mdfil_info:  40.0%   40 sec CPU:  16.2%
mdfil_info:  50.0%   49 sec CPU:  16.7%
mdfil_info:  60.0%   56 sec CPU:  17.5%
mdfil_info:  70.0%   63 sec CPU:  18.2%
mdfil_info:  80.0%   68 sec CPU:  19.0%
mdfil_info:  90.0%   75 sec CPU:  19.4%
mdfil_info: 100.0%   82 sec CPU:  19.9%
mdfil_info: 100.0%   82 sec CPU:  19.9%
42811
AMSCommonsI-I-HardwareIdentifiedAs Linux 3.10.0-957.10.1.el7.x86_64 x86_64 2
AMSCommonsI-I-Identified as LittleEndian 64 bit machine. 4294967295
AMSCommonsI-I-amsdatabase /cvmfs/ams.cern.ch/Offline/AMSDataDir/DataBase/
AMSCommonsI-I-MipsFromCPUInfo: 2194.92
AMSCommonsI-I-SystemIdentified as  Intel(R) Xeon(R) CPU E5-2630 v4 @ 2.20GHz
AMSCommonsI-I-ComputerEvaluatedAsMips 3511
AMS Software version v5.02/1220/12 built Fri Apr 19 23:54:38 2019

Geant4  Version 1033
Run ID: 528 Bartel: 44
Input Destination: /eos/ams/user/s/selu/mdst/He314/mdst_120929931.root
Output Destination: /afs/cern.ch/work/c/ctuysuz/private/he_flux/LSF/result_mc_time/time_44/he_flux_44_528.root
Add hist00 from /eos/ams/user/s/selu/mdst/He314/mdst_120929931.root
Start of Init
Use new binning
Start of Eventloop
Ntr, Nent= 1 110806
IsMC= 1
Parameter[0] = -2.74861
Parameter[1] = -3.04436
Parameter[2] = -3.60474
Parameter[3] = -5.57371
Parameter[4] = 0.412165
Parameter[5] = -2.55999
mdfil_info:  10.0%    6 sec CPU:   8.3%
mdfil_info:  20.0%   11 sec CPU:   8.9%
mdfil_info:  30.0%   16 sec CPU:   9.4%
mdfil_info:  40.0%   17 sec CPU:  11.4%
mdfil_info:  50.0%   18 sec CPU:  13.5%
mdfil_info:  60.0%   20 sec CPU:  15.0%
mdfil_info:  70.0%   21 sec CPU:  15.9%
mdfil_info:  80.0%   23 sec CPU:  16.9%
mdfil_info:  90.0%   24 sec CPU:  17.9%
mdfil_info: 100.0%   25 sec CPU:  18.7%
mdfil_info: 100.0%   25 sec CPU:  18.7%
