WARN: the 'eosmount' alias is deprecated, please use /eos directly
License ports: 28518@lxlicen01.cern.ch,28518@lxlicen02.cern.ch,28518@lxlicen03.cern.ch:/cvmfs/projects.cern.ch/intelsw/psxe/linux/licenses
Intel(R) Parallel Studio XE 2018 Update 2 for Linux*
Copyright (C) 2009-2018 Intel Corporation. All rights reserved.
2941
AMSCommonsI-I-HardwareIdentifiedAs Linux 3.10.0-957.10.1.el7.x86_64 x86_64 2
AMSCommonsI-I-Identified as LittleEndian 64 bit machine. 4294967295
AMSCommonsI-I-amsdatabase /cvmfs/ams.cern.ch/Offline/AMSDataDir/DataBase/
AMSCommonsI-I-MipsFromCPUInfo: 2194.92
AMSCommonsI-I-SystemIdentified as  Intel(R) Xeon(R) CPU E5-2630 v4 @ 2.20GHz
AMSCommonsI-I-ComputerEvaluatedAsMips 3511
AMS Software version v5.02/1220/12 built Fri Apr 19 23:54:38 2019

Geant4  Version 1033
Run ID: 36 Bartel: 26
Input Destination: /eos/ams/user/s/selu/mdst/He122/mdst_60441575.root
Output Destination: /afs/cern.ch/work/c/ctuysuz/private/he_flux/LSF/result_mc_time/time_26/he_flux_26_36.root
Add hist00 from /eos/ams/user/s/selu/mdst/He122/mdst_60441575.root
Start of Init
Use new binning
Start of Eventloop
Ntr, Nent= 1 437082
IsMC= 1
Parameter[0] = -2.69537
Parameter[1] = -3.03409
Parameter[2] = -3.6054
Parameter[3] = -5.53507
Parameter[4] = 0.209297
Parameter[5] = -2.37536
mdfil_info:  10.0%    6 sec CPU:  31.9%
mdfil_info:  20.0%   10 sec CPU:  36.8%
mdfil_info:  30.0%   14 sec CPU:  40.4%
mdfil_info:  40.0%   17 sec CPU:  43.9%
mdfil_info:  50.0%   20 sec CPU:  46.1%
mdfil_info:  60.0%   22 sec CPU:  50.0%
mdfil_info:  70.0%   25 sec CPU:  51.8%
mdfil_info:  80.0%   29 sec CPU:  49.6%
mdfil_info:  90.0%   38 sec CPU:  43.3%
mdfil_info: 100.0%   42 sec CPU:  43.9%
mdfil_info: 100.0%   42 sec CPU:  43.9%
17656
AMSCommonsI-I-HardwareIdentifiedAs Linux 3.10.0-957.10.1.el7.x86_64 x86_64 2
AMSCommonsI-I-Identified as LittleEndian 64 bit machine. 4294967295
AMSCommonsI-I-amsdatabase /cvmfs/ams.cern.ch/Offline/AMSDataDir/DataBase/
AMSCommonsI-I-MipsFromCPUInfo: 2194.92
AMSCommonsI-I-SystemIdentified as  Intel(R) Xeon(R) CPU E5-2630 v4 @ 2.20GHz
AMSCommonsI-I-ComputerEvaluatedAsMips 3511
AMS Software version v5.02/1220/12 built Fri Apr 19 23:54:38 2019

Geant4  Version 1033
Run ID: 217 Bartel: 80
Input Destination: /eos/ams/user/s/selu/mdst/He122/mdst_60441757.root
Output Destination: /afs/cern.ch/work/c/ctuysuz/private/he_flux/LSF/result_mc_time/time_80/he_flux_80_217.root
Add hist00 from /eos/ams/user/s/selu/mdst/He122/mdst_60441757.root
Start of Init
Use new binning
Start of Eventloop
Ntr, Nent= 1 439442
IsMC= 1
Parameter[0] = -2.47357
Parameter[1] = -2.95263
Parameter[2] = -3.57222
Parameter[3] = -5.51993
Parameter[4] = -0.016679
Parameter[5] = -2.31576
mdfil_info:  10.0%   19 sec CPU:  11.3%
mdfil_info:  20.0%   27 sec CPU:  14.8%
mdfil_info:  30.0%   35 sec CPU:  17.6%
mdfil_info:  40.0%   42 sec CPU:  19.6%
mdfil_info:  50.0%   50 sec CPU:  20.7%
mdfil_info:  60.0%   57 sec CPU:  21.5%
mdfil_info:  70.0%   64 sec CPU:  22.0%
mdfil_info:  80.0%   71 sec CPU:  22.5%
mdfil_info:  90.0%   78 sec CPU:  23.1%
mdfil_info: 100.0%   84 sec CPU:  23.6%
mdfil_info: 100.0%   84 sec CPU:  23.6%
32371
AMSCommonsI-I-HardwareIdentifiedAs Linux 3.10.0-957.10.1.el7.x86_64 x86_64 2
AMSCommonsI-I-Identified as LittleEndian 64 bit machine. 4294967295
AMSCommonsI-I-amsdatabase /cvmfs/ams.cern.ch/Offline/AMSDataDir/DataBase/
AMSCommonsI-I-MipsFromCPUInfo: 2194.92
AMSCommonsI-I-SystemIdentified as  Intel(R) Xeon(R) CPU E5-2630 v4 @ 2.20GHz
AMSCommonsI-I-ComputerEvaluatedAsMips 3511
AMS Software version v5.02/1220/12 built Fri Apr 19 23:54:38 2019

Geant4  Version 1033
Run ID: 399 Bartel: 53
Input Destination: /eos/ams/user/s/selu/mdst/He122/mdst_60442287.root
Output Destination: /afs/cern.ch/work/c/ctuysuz/private/he_flux/LSF/result_mc_time/time_53/he_flux_53_399.root
Add hist00 from /eos/ams/user/s/selu/mdst/He122/mdst_60442287.root
Start of Init
Use new binning
Start of Eventloop
Ntr, Nent= 1 423000
IsMC= 1
Parameter[0] = -2.79614
Parameter[1] = -3.0736
Parameter[2] = -3.62637
Parameter[3] = -5.54999
Parameter[4] = 0.554084
Parameter[5] = -2.43435
mdfil_info:  10.0%    3 sec CPU:  71.9%
mdfil_info:  20.0%    5 sec CPU:  73.9%
mdfil_info:  30.0%    7 sec CPU:  77.8%
mdfil_info:  40.0%    9 sec CPU:  79.7%
mdfil_info:  50.0%   11 sec CPU:  81.0%
mdfil_info:  60.0%   13 sec CPU:  81.9%
mdfil_info:  70.0%   15 sec CPU:  82.9%
mdfil_info:  80.0%   17 sec CPU:  83.6%
mdfil_info:  90.0%   19 sec CPU:  84.2%
mdfil_info: 100.0%   21 sec CPU:  84.8%
