WARN: the 'eosmount' alias is deprecated, please use /eos directly
License ports: 28518@lxlicen01.cern.ch,28518@lxlicen02.cern.ch,28518@lxlicen03.cern.ch:/cvmfs/projects.cern.ch/intelsw/psxe/linux/licenses
Intel(R) Parallel Studio XE 2018 Update 2 for Linux*
Copyright (C) 2009-2018 Intel Corporation. All rights reserved.
13212
AMSCommonsI-I-HardwareIdentifiedAs Linux 3.10.0-957.12.1.el7.x86_64 x86_64 2
AMSCommonsI-I-Identified as LittleEndian 64 bit machine. 4294967295
AMSCommonsI-I-amsdatabase /cvmfs/ams.cern.ch/Offline/AMSDataDir/DataBase/
AMSCommonsI-I-MipsFromCPUInfo: 2394.45
AMSCommonsI-I-SystemIdentified as  Intel(R) Xeon(R) CPU E5-2630 v3 @ 2.40GHz
AMSCommonsI-I-ComputerEvaluatedAsMips 3831
AMS Software version v5.02/1220/12 built Fri Apr 19 23:54:38 2019

Geant4  Version 1033
Run ID: 163 Bartel: 10
Input Destination: /eos/ams/user/s/selu/mdst/He122/mdst_60441703.root
Output Destination: /afs/cern.ch/work/c/ctuysuz/private/he_flux/LSF/result_mc_time/time_10/he_flux_10_163.root
Add hist00 from /eos/ams/user/s/selu/mdst/He122/mdst_60441703.root
Start of Init
Use new binning
Start of Eventloop
Ntr, Nent= 1 440579
IsMC= 1
Parameter[0] = -2.60695
Parameter[1] = -3.01041
Parameter[2] = -3.5903
Parameter[3] = -5.48712
Parameter[4] = 0.0628761
Parameter[5] = -2.10837
mdfil_info:  10.0%    2 sec CPU:  74.4%
mdfil_info:  20.0%    4 sec CPU:  78.5%
mdfil_info:  30.0%    6 sec CPU:  80.4%
mdfil_info:  40.0%    7 sec CPU:  81.4%
mdfil_info:  50.0%    9 sec CPU:  81.8%
mdfil_info:  60.0%   11 sec CPU:  82.0%
mdfil_info:  70.0%   12 sec CPU:  82.1%
mdfil_info:  80.0%   14 sec CPU:  82.1%
mdfil_info:  90.0%   16 sec CPU:  82.3%
mdfil_info: 100.0%   18 sec CPU:  82.6%
mdfil_info: 100.0%   18 sec CPU:  82.6%
27927
AMSCommonsI-I-HardwareIdentifiedAs Linux 3.10.0-957.12.1.el7.x86_64 x86_64 2
AMSCommonsI-I-Identified as LittleEndian 64 bit machine. 4294967295
AMSCommonsI-I-amsdatabase /cvmfs/ams.cern.ch/Offline/AMSDataDir/DataBase/
AMSCommonsI-I-MipsFromCPUInfo: 2394.45
AMSCommonsI-I-SystemIdentified as  Intel(R) Xeon(R) CPU E5-2630 v3 @ 2.40GHz
AMSCommonsI-I-ComputerEvaluatedAsMips 3831
AMS Software version v5.02/1220/12 built Fri Apr 19 23:54:38 2019

Geant4  Version 1033
Run ID: 344 Bartel: 64
Input Destination: /eos/ams/user/s/selu/mdst/He122/mdst_60441884.root
Output Destination: /afs/cern.ch/work/c/ctuysuz/private/he_flux/LSF/result_mc_time/time_64/he_flux_64_344.root
Add hist00 from /eos/ams/user/s/selu/mdst/He122/mdst_60441884.root
Start of Init
Use new binning
Start of Eventloop
Ntr, Nent= 1 438365
IsMC= 1
Parameter[0] = -2.60351
Parameter[1] = -3.00196
Parameter[2] = -3.60517
Parameter[3] = -5.53742
Parameter[4] = 0.137006
Parameter[5] = -2.40049
mdfil_info:  10.0%    2 sec CPU:  81.6%
mdfil_info:  20.0%    3 sec CPU:  86.4%
mdfil_info:  30.0%    5 sec CPU:  88.2%
mdfil_info:  40.0%    7 sec CPU:  89.0%
mdfil_info:  50.0%    8 sec CPU:  89.6%
mdfil_info:  60.0%   10 sec CPU:  90.0%
mdfil_info:  70.0%   11 sec CPU:  90.4%
mdfil_info:  80.0%   13 sec CPU:  90.5%
mdfil_info:  90.0%   14 sec CPU:  90.7%
mdfil_info: 100.0%   16 sec CPU:  90.9%
mdfil_info: 100.0%   16 sec CPU:  90.9%
42642
AMSCommonsI-I-HardwareIdentifiedAs Linux 3.10.0-957.12.1.el7.x86_64 x86_64 2
AMSCommonsI-I-Identified as LittleEndian 64 bit machine. 4294967295
AMSCommonsI-I-amsdatabase /cvmfs/ams.cern.ch/Offline/AMSDataDir/DataBase/
AMSCommonsI-I-MipsFromCPUInfo: 2394.45
AMSCommonsI-I-SystemIdentified as  Intel(R) Xeon(R) CPU E5-2630 v3 @ 2.40GHz
AMSCommonsI-I-ComputerEvaluatedAsMips 3831
AMS Software version v5.02/1220/12 built Fri Apr 19 23:54:38 2019

Geant4  Version 1033
Run ID: 526 Bartel: 37
Input Destination: /eos/ams/user/s/selu/mdst/He314/mdst_120929928.root
Output Destination: /afs/cern.ch/work/c/ctuysuz/private/he_flux/LSF/result_mc_time/time_37/he_flux_37_526.root
Add hist00 from /eos/ams/user/s/selu/mdst/He314/mdst_120929928.root
Start of Init
Use new binning
Start of Eventloop
Ntr, Nent= 1 122654
IsMC= 1
Parameter[0] = -2.7864
Parameter[1] = -3.05696
Parameter[2] = -3.61656
Parameter[3] = -5.57878
Parameter[4] = 0.423344
Parameter[5] = -2.57309
mdfil_info:  10.0%    1 sec CPU:  75.3%
mdfil_info:  20.0%    1 sec CPU:  77.9%
mdfil_info:  30.0%    2 sec CPU:  78.8%
mdfil_info:  40.0%    2 sec CPU:  81.8%
mdfil_info:  50.0%    3 sec CPU:  84.0%
mdfil_info:  60.0%    3 sec CPU:  85.3%
mdfil_info:  70.0%    4 sec CPU:  86.2%
mdfil_info:  80.0%    4 sec CPU:  86.9%
mdfil_info:  90.0%    4 sec CPU:  87.6%
mdfil_info: 100.0%    5 sec CPU:  88.0%
mdfil_info: 100.0%    5 sec CPU:  88.0%
