WARN: the 'eosmount' alias is deprecated, please use /eos directly
License ports: 28518@lxlicen01.cern.ch,28518@lxlicen02.cern.ch,28518@lxlicen03.cern.ch:/cvmfs/projects.cern.ch/intelsw/psxe/linux/licenses
Intel(R) Parallel Studio XE 2018 Update 2 for Linux*
Copyright (C) 2009-2018 Intel Corporation. All rights reserved.
11535
AMSCommonsI-I-HardwareIdentifiedAs Linux 3.10.0-957.10.1.el7.x86_64 x86_64 2
AMSCommonsI-I-Identified as LittleEndian 64 bit machine. 4294967295
AMSCommonsI-I-amsdatabase /cvmfs/ams.cern.ch/Offline/AMSDataDir/DataBase/
AMSCommonsI-I-MipsFromCPUInfo: 2194.92
AMSCommonsI-I-SystemIdentified as  Intel(R) Xeon(R) CPU E5-2630 v4 @ 2.20GHz
AMSCommonsI-I-ComputerEvaluatedAsMips 3511
AMS Software version v5.02/1220/12 built Fri Apr 19 23:54:38 2019

Geant4  Version 1033
Run ID: 142 Bartel: 34
Input Destination: /eos/ams/user/s/selu/mdst/He122/mdst_60441682.root
Output Destination: /afs/cern.ch/work/c/ctuysuz/private/he_flux/LSF/result_mc_time/time_34/he_flux_34_142.root
Add hist00 from /eos/ams/user/s/selu/mdst/He122/mdst_60441682.root
Start of Init
Use new binning
Start of Eventloop
Ntr, Nent= 1 440433
IsMC= 1
Parameter[0] = -2.72052
Parameter[1] = -2.99045
Parameter[2] = -3.54577
Parameter[3] = -5.51973
Parameter[4] = 0.499199
Parameter[5] = -2.55339
mdfil_info:  10.0%   18 sec CPU:   9.5%
mdfil_info:  20.0%   25 sec CPU:  13.2%
mdfil_info:  30.0%   30 sec CPU:  16.1%
mdfil_info:  40.0%   35 sec CPU:  18.3%
mdfil_info:  50.0%   40 sec CPU:  19.8%
mdfil_info:  60.0%   45 sec CPU:  21.2%
mdfil_info:  70.0%   51 sec CPU:  22.0%
mdfil_info:  80.0%   56 sec CPU:  22.8%
mdfil_info:  90.0%   62 sec CPU:  23.4%
mdfil_info: 100.0%   67 sec CPU:  23.8%
mdfil_info: 100.0%   67 sec CPU:  23.8%
26250
AMSCommonsI-I-HardwareIdentifiedAs Linux 3.10.0-957.10.1.el7.x86_64 x86_64 2
AMSCommonsI-I-Identified as LittleEndian 64 bit machine. 4294967295
AMSCommonsI-I-amsdatabase /cvmfs/ams.cern.ch/Offline/AMSDataDir/DataBase/
AMSCommonsI-I-MipsFromCPUInfo: 2194.92
AMSCommonsI-I-SystemIdentified as  Intel(R) Xeon(R) CPU E5-2630 v4 @ 2.20GHz
AMSCommonsI-I-ComputerEvaluatedAsMips 3511
AMS Software version v5.02/1220/12 built Fri Apr 19 23:54:38 2019

Geant4  Version 1033
Run ID: 324 Bartel: 7
Input Destination: /eos/ams/user/s/selu/mdst/He122/mdst_60441864.root
Output Destination: /afs/cern.ch/work/c/ctuysuz/private/he_flux/LSF/result_mc_time/time_7/he_flux_7_324.root
Add hist00 from /eos/ams/user/s/selu/mdst/He122/mdst_60441864.root
Start of Init
Use new binning
Start of Eventloop
Ntr, Nent= 1 406393
IsMC= 1
Parameter[0] = -2.6167
Parameter[1] = -3.01884
Parameter[2] = -3.60527
Parameter[3] = -5.52044
Parameter[4] = 0.00890243
Parameter[5] = -2.31265
mdfil_info:  10.0%    2 sec CPU:  72.5%
mdfil_info:  20.0%    4 sec CPU:  79.3%
mdfil_info:  30.0%    6 sec CPU:  81.6%
mdfil_info:  40.0%    7 sec CPU:  83.5%
mdfil_info:  50.0%    9 sec CPU:  84.5%
mdfil_info:  60.0%   11 sec CPU:  85.1%
mdfil_info:  70.0%   12 sec CPU:  85.7%
mdfil_info:  80.0%   14 sec CPU:  86.0%
mdfil_info:  90.0%   16 sec CPU:  86.3%
mdfil_info: 100.0%   17 sec CPU:  86.4%
mdfil_info: 100.0%   17 sec CPU:  86.4%
40965
AMSCommonsI-I-HardwareIdentifiedAs Linux 3.10.0-957.10.1.el7.x86_64 x86_64 2
AMSCommonsI-I-Identified as LittleEndian 64 bit machine. 4294967295
AMSCommonsI-I-amsdatabase /cvmfs/ams.cern.ch/Offline/AMSDataDir/DataBase/
AMSCommonsI-I-MipsFromCPUInfo: 2194.92
AMSCommonsI-I-SystemIdentified as  Intel(R) Xeon(R) CPU E5-2630 v4 @ 2.20GHz
AMSCommonsI-I-ComputerEvaluatedAsMips 3511
AMS Software version v5.02/1220/12 built Fri Apr 19 23:54:38 2019

Geant4  Version 1033
Run ID: 505 Bartel: 61
Input Destination: /eos/ams/user/s/selu/mdst/He314/mdst_120929906.root
Output Destination: /afs/cern.ch/work/c/ctuysuz/private/he_flux/LSF/result_mc_time/time_61/he_flux_61_505.root
Add hist00 from /eos/ams/user/s/selu/mdst/He314/mdst_120929906.root
Start of Init
Use new binning
Start of Eventloop
Ntr, Nent= 1 110936
IsMC= 1
Parameter[0] = -2.66257
Parameter[1] = -3.02879
Parameter[2] = -3.60772
Parameter[3] = -5.54397
Parameter[4] = 0.208408
Parameter[5] = -2.47782
mdfil_info:  10.0%    1 sec CPU:  70.0%
mdfil_info:  20.0%    1 sec CPU:  70.7%
mdfil_info:  30.0%    2 sec CPU:  70.5%
mdfil_info:  40.0%    2 sec CPU:  73.6%
mdfil_info:  50.0%    3 sec CPU:  76.2%
mdfil_info:  60.0%    3 sec CPU:  77.6%
mdfil_info:  70.0%    4 sec CPU:  78.6%
mdfil_info:  80.0%    4 sec CPU:  79.9%
mdfil_info:  90.0%    5 sec CPU:  80.9%
mdfil_info: 100.0%    5 sec CPU:  81.6%
mdfil_info: 100.0%    5 sec CPU:  81.6%
