WARN: the 'eosmount' alias is deprecated, please use /eos directly
License ports: 28518@lxlicen01.cern.ch,28518@lxlicen02.cern.ch,28518@lxlicen03.cern.ch:/cvmfs/projects.cern.ch/intelsw/psxe/linux/licenses
Intel(R) Parallel Studio XE 2018 Update 2 for Linux*
Copyright (C) 2009-2018 Intel Corporation. All rights reserved.
13494
AMSCommonsI-I-HardwareIdentifiedAs Linux 3.10.0-957.12.1.el7.x86_64 x86_64 2
AMSCommonsI-I-Identified as LittleEndian 64 bit machine. 4294967295
AMSCommonsI-I-amsdatabase /cvmfs/ams.cern.ch/Offline/AMSDataDir/DataBase/
AMSCommonsI-I-MipsFromCPUInfo: 2394.45
AMSCommonsI-I-SystemIdentified as  Intel(R) Xeon(R) CPU E5-2630 v3 @ 2.40GHz
AMSCommonsI-I-ComputerEvaluatedAsMips 3831
AMS Software version v5.02/1220/12 built Fri Apr 19 23:54:38 2019

Geant4  Version 1033
Run ID: 166 Bartel: 49
Input Destination: /eos/ams/user/s/selu/mdst/He122/mdst_60441706.root
Output Destination: /afs/cern.ch/work/c/ctuysuz/private/he_flux/LSF/result_mc_time/time_49/he_flux_49_166.root
Add hist00 from /eos/ams/user/s/selu/mdst/He122/mdst_60441706.root
Start of Init
Use new binning
Start of Eventloop
Ntr, Nent= 1 437712
IsMC= 1
Parameter[0] = -2.73128
Parameter[1] = -3.07003
Parameter[2] = -3.63758
Parameter[3] = -5.55781
Parameter[4] = 0.280142
Parameter[5] = -2.35464
mdfil_info:  10.0%   91 sec CPU:   2.4%
mdfil_info:  20.0%  118 sec CPU:   3.6%
mdfil_info:  30.0%  155 sec CPU:   4.1%
mdfil_info:  40.0%  179 sec CPU:   4.6%
mdfil_info:  50.0%  209 sec CPU:   4.9%
mdfil_info:  60.0%  245 sec CPU:   5.0%
mdfil_info:  70.0%  273 sec CPU:   5.2%
mdfil_info:  80.0%  304 sec CPU:   5.4%
mdfil_info:  90.0%  329 sec CPU:   5.5%
mdfil_info: 100.0%  364 sec CPU:   5.6%
mdfil_info: 100.0%  364 sec CPU:   5.6%
28209
AMSCommonsI-I-HardwareIdentifiedAs Linux 3.10.0-957.12.1.el7.x86_64 x86_64 2
AMSCommonsI-I-Identified as LittleEndian 64 bit machine. 4294967295
AMSCommonsI-I-amsdatabase /cvmfs/ams.cern.ch/Offline/AMSDataDir/DataBase/
AMSCommonsI-I-MipsFromCPUInfo: 2394.45
AMSCommonsI-I-SystemIdentified as  Intel(R) Xeon(R) CPU E5-2630 v3 @ 2.40GHz
AMSCommonsI-I-ComputerEvaluatedAsMips 3831
AMS Software version v5.02/1220/12 built Fri Apr 19 23:54:38 2019

Geant4  Version 1033
Run ID: 348 Bartel: 22
Input Destination: /eos/ams/user/s/selu/mdst/He122/mdst_60441888.root
Output Destination: /afs/cern.ch/work/c/ctuysuz/private/he_flux/LSF/result_mc_time/time_22/he_flux_22_348.root
Add hist00 from /eos/ams/user/s/selu/mdst/He122/mdst_60441888.root
Start of Init
Use new binning
Start of Eventloop
Ntr, Nent= 1 439405
IsMC= 1
Parameter[0] = -2.70854
Parameter[1] = -3.0386
Parameter[2] = -3.60827
Parameter[3] = -5.53986
Parameter[4] = 0.260502
Parameter[5] = -2.32334
mdfil_info:  10.0%    2 sec CPU:  98.9%
mdfil_info:  20.0%    3 sec CPU:  99.7%
mdfil_info:  30.0%    5 sec CPU:  99.7%
mdfil_info:  40.0%    6 sec CPU:  99.9%
mdfil_info:  50.0%    8 sec CPU:  99.8%
mdfil_info:  60.0%   10 sec CPU:  99.9%
mdfil_info:  70.0%   12 sec CPU:  99.9%
mdfil_info:  80.0%   13 sec CPU:  99.9%
mdfil_info:  90.0%   15 sec CPU:  99.8%
mdfil_info: 100.0%   16 sec CPU:  99.9%
mdfil_info: 100.0%   16 sec CPU:  99.9%
42924
AMSCommonsI-I-HardwareIdentifiedAs Linux 3.10.0-957.12.1.el7.x86_64 x86_64 2
AMSCommonsI-I-Identified as LittleEndian 64 bit machine. 4294967295
AMSCommonsI-I-amsdatabase /cvmfs/ams.cern.ch/Offline/AMSDataDir/DataBase/
AMSCommonsI-I-MipsFromCPUInfo: 2394.45
AMSCommonsI-I-SystemIdentified as  Intel(R) Xeon(R) CPU E5-2630 v3 @ 2.40GHz
AMSCommonsI-I-ComputerEvaluatedAsMips 3831
AMS Software version v5.02/1220/12 built Fri Apr 19 23:54:38 2019

Geant4  Version 1033
Run ID: 529 Bartel: 76
Input Destination: /eos/ams/user/s/selu/mdst/He314/mdst_120929932.root
Output Destination: /afs/cern.ch/work/c/ctuysuz/private/he_flux/LSF/result_mc_time/time_76/he_flux_76_529.root
Add hist00 from /eos/ams/user/s/selu/mdst/He314/mdst_120929932.root
Start of Init
Use new binning
Start of Eventloop
Ntr, Nent= 1 122813
IsMC= 1
Parameter[0] = -2.48624
Parameter[1] = -2.95496
Parameter[2] = -3.57221
Parameter[3] = -5.5192
Parameter[4] = 0.00191236
Parameter[5] = -2.34472
mdfil_info:  10.0%    0 sec CPU:  98.8%
mdfil_info:  20.0%    1 sec CPU: 100.0%
mdfil_info:  30.0%    2 sec CPU:  99.7%
mdfil_info:  40.0%    2 sec CPU:  99.7%
mdfil_info:  50.0%    2 sec CPU:  99.7%
mdfil_info:  60.0%    3 sec CPU:  99.7%
mdfil_info:  70.0%    3 sec CPU:  99.6%
mdfil_info:  80.0%    4 sec CPU:  99.7%
mdfil_info:  90.0%    4 sec CPU:  99.8%
mdfil_info: 100.0%    5 sec CPU:  99.8%
mdfil_info: 100.0%    5 sec CPU:  99.8%
