WARN: the 'eosmount' alias is deprecated, please use /eos directly
License ports: 28518@lxlicen01.cern.ch,28518@lxlicen02.cern.ch,28518@lxlicen03.cern.ch:/cvmfs/projects.cern.ch/intelsw/psxe/linux/licenses
Intel(R) Parallel Studio XE 2018 Update 2 for Linux*
Copyright (C) 2009-2018 Intel Corporation. All rights reserved.
5066
AMSCommonsI-I-HardwareIdentifiedAs Linux 3.10.0-957.12.1.el7.x86_64 x86_64 2
AMSCommonsI-I-Identified as LittleEndian 64 bit machine. 4294967295
AMSCommonsI-I-amsdatabase /cvmfs/ams.cern.ch/Offline/AMSDataDir/DataBase/
AMSCommonsI-I-MipsFromCPUInfo: 2394.45
AMSCommonsI-I-SystemIdentified as  Intel(R) Xeon(R) CPU E5-2630 v3 @ 2.40GHz
AMSCommonsI-I-ComputerEvaluatedAsMips 3831
AMS Software version v5.02/1220/12 built Fri Apr 19 23:54:38 2019

Geant4  Version 1033
Run ID: 62 Bartel: 45
Input Destination: /eos/ams/user/s/selu/mdst/He122/mdst_60441601.root
Output Destination: /afs/cern.ch/work/c/ctuysuz/private/he_flux/LSF/result_mc_time/time_45/he_flux_45_62.root
Add hist00 from /eos/ams/user/s/selu/mdst/He122/mdst_60441601.root
Start of Init
Use new binning
Start of Eventloop
Ntr, Nent= 1 440585
IsMC= 1
Parameter[0] = -2.72237
Parameter[1] = -3.03584
Parameter[2] = -3.61262
Parameter[3] = -5.57823
Parameter[4] = 0.342515
Parameter[5] = -2.5989
mdfil_info:  10.0%   13 sec CPU:  15.0%
mdfil_info:  20.0%   18 sec CPU:  20.6%
mdfil_info:  30.0%   23 sec CPU:  24.2%
mdfil_info:  40.0%   28 sec CPU:  25.7%
mdfil_info:  50.0%   33 sec CPU:  26.8%
mdfil_info:  60.0%   39 sec CPU:  27.9%
mdfil_info:  70.0%   44 sec CPU:  28.9%
mdfil_info:  80.0%   49 sec CPU:  29.4%
mdfil_info:  90.0%   55 sec CPU:  29.4%
mdfil_info: 100.0%   59 sec CPU:  29.8%
mdfil_info: 100.0%   59 sec CPU:  29.8%
19781
AMSCommonsI-I-HardwareIdentifiedAs Linux 3.10.0-957.12.1.el7.x86_64 x86_64 2
AMSCommonsI-I-Identified as LittleEndian 64 bit machine. 4294967295
AMSCommonsI-I-amsdatabase /cvmfs/ams.cern.ch/Offline/AMSDataDir/DataBase/
AMSCommonsI-I-MipsFromCPUInfo: 2394.45
AMSCommonsI-I-SystemIdentified as  Intel(R) Xeon(R) CPU E5-2630 v3 @ 2.40GHz
AMSCommonsI-I-ComputerEvaluatedAsMips 3831
AMS Software version v5.02/1220/12 built Fri Apr 19 23:54:38 2019

Geant4  Version 1033
Run ID: 244 Bartel: 18
Input Destination: /eos/ams/user/s/selu/mdst/He122/mdst_60441784.root
Output Destination: /afs/cern.ch/work/c/ctuysuz/private/he_flux/LSF/result_mc_time/time_18/he_flux_18_244.root
Add hist00 from /eos/ams/user/s/selu/mdst/He122/mdst_60441784.root
Start of Init
Use new binning
Start of Eventloop
Ntr, Nent= 1 434314
IsMC= 1
Parameter[0] = -2.73216
Parameter[1] = -3.05371
Parameter[2] = -3.61222
Parameter[3] = -5.57201
Parameter[4] = 0.25419
Parameter[5] = -2.54834
mdfil_info:  10.0%   15 sec CPU:  13.3%
mdfil_info:  20.0%   22 sec CPU:  17.0%
mdfil_info:  30.0%   28 sec CPU:  19.5%
mdfil_info:  40.0%   33 sec CPU:  22.0%
mdfil_info:  50.0%   38 sec CPU:  24.0%
mdfil_info:  60.0%   48 sec CPU:  23.0%
mdfil_info:  70.0%   54 sec CPU:  24.4%
mdfil_info:  80.0%   59 sec CPU:  25.5%
mdfil_info:  90.0%   64 sec CPU:  26.6%
mdfil_info: 100.0%   69 sec CPU:  27.4%
mdfil_info: 100.0%   69 sec CPU:  27.4%
34496
AMSCommonsI-I-HardwareIdentifiedAs Linux 3.10.0-957.12.1.el7.x86_64 x86_64 2
AMSCommonsI-I-Identified as LittleEndian 64 bit machine. 4294967295
AMSCommonsI-I-amsdatabase /cvmfs/ams.cern.ch/Offline/AMSDataDir/DataBase/
AMSCommonsI-I-MipsFromCPUInfo: 2394.45
AMSCommonsI-I-SystemIdentified as  Intel(R) Xeon(R) CPU E5-2630 v3 @ 2.40GHz
AMSCommonsI-I-ComputerEvaluatedAsMips 3831
AMS Software version v5.02/1220/12 built Fri Apr 19 23:54:38 2019

Geant4  Version 1033
Run ID: 425 Bartel: 72
Input Destination: /eos/ams/user/s/selu/mdst/He122/mdst_60442313.root
Output Destination: /afs/cern.ch/work/c/ctuysuz/private/he_flux/LSF/result_mc_time/time_72/he_flux_72_425.root
Add hist00 from /eos/ams/user/s/selu/mdst/He122/mdst_60442313.root
Start of Init
Use new binning
Start of Eventloop
Ntr, Nent= 1 438711
IsMC= 1
Parameter[0] = -2.52985
Parameter[1] = -2.97442
Parameter[2] = -3.57417
Parameter[3] = -5.4923
Parameter[4] = 0.0500631
Parameter[5] = -2.16099
mdfil_info:  10.0%    2 sec CPU: 100.2%
mdfil_info:  20.0%    4 sec CPU:  99.9%
mdfil_info:  30.0%    5 sec CPU:  99.9%
mdfil_info:  40.0%    7 sec CPU: 100.0%
mdfil_info:  50.0%    8 sec CPU: 100.0%
mdfil_info:  60.0%   10 sec CPU: 100.0%
mdfil_info:  70.0%   11 sec CPU: 100.0%
mdfil_info:  80.0%   13 sec CPU: 100.0%
mdfil_info:  90.0%   14 sec CPU: 100.0%
mdfil_info: 100.0%   16 sec CPU: 100.0%
mdfil_info: 100.0%   16 sec CPU: 100.0%
