WARN: the 'eosmount' alias is deprecated, please use /eos directly
License ports: 28518@lxlicen01.cern.ch,28518@lxlicen02.cern.ch,28518@lxlicen03.cern.ch:/cvmfs/projects.cern.ch/intelsw/psxe/linux/licenses
Intel(R) Parallel Studio XE 2018 Update 2 for Linux*
Copyright (C) 2009-2018 Intel Corporation. All rights reserved.
13205
AMSCommonsI-I-HardwareIdentifiedAs Linux 3.10.0-957.12.1.el7.x86_64 x86_64 2
AMSCommonsI-I-Identified as LittleEndian 64 bit machine. 4294967295
AMSCommonsI-I-amsdatabase /cvmfs/ams.cern.ch/Offline/AMSDataDir/DataBase/
AMSCommonsI-I-MipsFromCPUInfo: 2593.75
AMSCommonsI-I-SystemIdentified as  Intel(R) Xeon(R) CPU E5-2650 v2 @ 2.60GHz
AMSCommonsI-I-ComputerEvaluatedAsMips 4149
AMS Software version v5.02/1220/12 built Fri Apr 19 23:54:38 2019

Geant4  Version 1033
Run ID: 163 Bartel: 3
Input Destination: /eos/ams/user/s/selu/mdst/He122/mdst_60441703.root
Output Destination: /afs/cern.ch/work/c/ctuysuz/private/he_flux/LSF/result_mc_time/time_3/he_flux_3_163.root
Add hist00 from /eos/ams/user/s/selu/mdst/He122/mdst_60441703.root
Start of Init
Use new binning
Start of Eventloop
Ntr, Nent= 1 440579
IsMC= 1
Parameter[0] = -2.60444
Parameter[1] = -2.96917
Parameter[2] = -3.55869
Parameter[3] = -5.49263
Parameter[4] = 0.194958
Parameter[5] = -2.37354
mdfil_info:  10.0%   16 sec CPU:  13.8%
mdfil_info:  20.0%   21 sec CPU:  20.2%
mdfil_info:  30.0%   27 sec CPU:  24.4%
mdfil_info:  40.0%   32 sec CPU:  27.2%
mdfil_info:  50.0%   38 sec CPU:  29.2%
mdfil_info:  60.0%   43 sec CPU:  30.7%
mdfil_info:  70.0%   49 sec CPU:  32.4%
mdfil_info:  80.0%   55 sec CPU:  33.6%
mdfil_info:  90.0%   60 sec CPU:  34.2%
mdfil_info: 100.0%   65 sec CPU:  34.6%
mdfil_info: 100.0%   65 sec CPU:  34.6%
27920
AMSCommonsI-I-HardwareIdentifiedAs Linux 3.10.0-957.12.1.el7.x86_64 x86_64 2
AMSCommonsI-I-Identified as LittleEndian 64 bit machine. 4294967295
AMSCommonsI-I-amsdatabase /cvmfs/ams.cern.ch/Offline/AMSDataDir/DataBase/
AMSCommonsI-I-MipsFromCPUInfo: 2593.75
AMSCommonsI-I-SystemIdentified as  Intel(R) Xeon(R) CPU E5-2650 v2 @ 2.60GHz
AMSCommonsI-I-ComputerEvaluatedAsMips 4149
AMS Software version v5.02/1220/12 built Fri Apr 19 23:54:38 2019

Geant4  Version 1033
Run ID: 344 Bartel: 57
Input Destination: /eos/ams/user/s/selu/mdst/He122/mdst_60441884.root
Output Destination: /afs/cern.ch/work/c/ctuysuz/private/he_flux/LSF/result_mc_time/time_57/he_flux_57_344.root
Add hist00 from /eos/ams/user/s/selu/mdst/He122/mdst_60441884.root
Start of Init
Use new binning
Start of Eventloop
Ntr, Nent= 1 438365
IsMC= 1
Parameter[0] = -2.70293
Parameter[1] = -3.03976
Parameter[2] = -3.61538
Parameter[3] = -5.54214
Parameter[4] = 0.274724
Parameter[5] = -2.38056
mdfil_info:  10.0%   16 sec CPU:  13.2%
mdfil_info:  20.0%   21 sec CPU:  19.7%
mdfil_info:  30.0%   26 sec CPU:  23.7%
mdfil_info:  40.0%   31 sec CPU:  26.5%
mdfil_info:  50.0%   37 sec CPU:  28.5%
mdfil_info:  60.0%   44 sec CPU:  29.2%
mdfil_info:  70.0%   49 sec CPU:  30.5%
mdfil_info:  80.0%   54 sec CPU:  31.5%
mdfil_info:  90.0%   60 sec CPU:  32.5%
mdfil_info: 100.0%   65 sec CPU:  33.5%
mdfil_info: 100.0%   65 sec CPU:  33.5%
42635
AMSCommonsI-I-HardwareIdentifiedAs Linux 3.10.0-957.12.1.el7.x86_64 x86_64 2
AMSCommonsI-I-Identified as LittleEndian 64 bit machine. 4294967295
AMSCommonsI-I-amsdatabase /cvmfs/ams.cern.ch/Offline/AMSDataDir/DataBase/
AMSCommonsI-I-MipsFromCPUInfo: 2593.75
AMSCommonsI-I-SystemIdentified as  Intel(R) Xeon(R) CPU E5-2650 v2 @ 2.60GHz
AMSCommonsI-I-ComputerEvaluatedAsMips 4149
AMS Software version v5.02/1220/12 built Fri Apr 19 23:54:38 2019

Geant4  Version 1033
Run ID: 526 Bartel: 30
Input Destination: /eos/ams/user/s/selu/mdst/He314/mdst_120929928.root
Output Destination: /afs/cern.ch/work/c/ctuysuz/private/he_flux/LSF/result_mc_time/time_30/he_flux_30_526.root
Add hist00 from /eos/ams/user/s/selu/mdst/He314/mdst_120929928.root
Start of Init
Use new binning
Start of Eventloop
Ntr, Nent= 1 122654
IsMC= 1
Parameter[0] = -2.78302
Parameter[1] = -3.06111
Parameter[2] = -3.62424
Parameter[3] = -5.59535
Parameter[4] = 0.417456
Parameter[5] = -2.69098
mdfil_info:  10.0%    7 sec CPU:  10.0%
mdfil_info:  20.0%   13 sec CPU:  11.4%
mdfil_info:  30.0%   18 sec CPU:  12.4%
mdfil_info:  40.0%   19 sec CPU:  14.6%
mdfil_info:  50.0%   21 sec CPU:  16.6%
mdfil_info:  60.0%   23 sec CPU:  18.4%
mdfil_info:  70.0%   24 sec CPU:  19.9%
mdfil_info:  80.0%   26 sec CPU:  21.4%
mdfil_info:  90.0%   28 sec CPU:  22.4%
mdfil_info: 100.0%   29 sec CPU:  23.5%
mdfil_info: 100.0%   29 sec CPU:  23.5%
