WARN: the 'eosmount' alias is deprecated, please use /eos directly
License ports: 28518@lxlicen01.cern.ch,28518@lxlicen02.cern.ch,28518@lxlicen03.cern.ch:/cvmfs/projects.cern.ch/intelsw/psxe/linux/licenses
Intel(R) Parallel Studio XE 2018 Update 2 for Linux*
Copyright (C) 2009-2018 Intel Corporation. All rights reserved.
5748
AMSCommonsI-I-HardwareIdentifiedAs Linux 3.10.0-957.1.3.el7.x86_64 x86_64 2
AMSCommonsI-I-Identified as LittleEndian 64 bit machine. 4294967295
AMSCommonsI-I-amsdatabase /cvmfs/ams.cern.ch/Offline/AMSDataDir/DataBase/
AMSCommonsI-I-MipsFromCPUInfo: 2195.1
AMSCommonsI-I-SystemIdentified as  Intel(R) Xeon(R) CPU E5-2630 v4 @ 2.20GHz
AMSCommonsI-I-ComputerEvaluatedAsMips 3512
AMS Software version v5.02/1220/12 built Fri Apr 19 23:54:38 2019

Geant4  Version 1033
Run ID: 70 Bartel: 79
Input Destination: /eos/ams/user/s/selu/mdst/He122/mdst_60441610.root
Output Destination: /afs/cern.ch/work/c/ctuysuz/private/he_flux/LSF/result_mc_time/time_79/he_flux_79_70.root
Add hist00 from /eos/ams/user/s/selu/mdst/He122/mdst_60441610.root
Start of Init
Use new binning
Start of Eventloop
Ntr, Nent= 1 434486
IsMC= 1
Parameter[0] = -2.39896
Parameter[1] = -2.88073
Parameter[2] = -3.50275
Parameter[3] = -5.43121
Parameter[4] = -0.0783246
Parameter[5] = -2.2346
mdfil_info:  10.0%   17 sec CPU:  12.3%
mdfil_info:  20.0%   23 sec CPU:  17.6%
mdfil_info:  30.0%   28 sec CPU:  20.2%
mdfil_info:  40.0%   34 sec CPU:  21.8%
mdfil_info:  50.0%   40 sec CPU:  23.0%
mdfil_info:  60.0%   47 sec CPU:  23.5%
mdfil_info:  70.0%   52 sec CPU:  24.5%
mdfil_info:  80.0%   59 sec CPU:  24.8%
mdfil_info:  90.0%   65 sec CPU:  25.4%
mdfil_info: 100.0%   71 sec CPU:  25.7%
mdfil_info: 100.0%   71 sec CPU:  25.7%
20463
AMSCommonsI-I-HardwareIdentifiedAs Linux 3.10.0-957.1.3.el7.x86_64 x86_64 2
AMSCommonsI-I-Identified as LittleEndian 64 bit machine. 4294967295
AMSCommonsI-I-amsdatabase /cvmfs/ams.cern.ch/Offline/AMSDataDir/DataBase/
AMSCommonsI-I-MipsFromCPUInfo: 2195.1
AMSCommonsI-I-SystemIdentified as  Intel(R) Xeon(R) CPU E5-2630 v4 @ 2.20GHz
AMSCommonsI-I-ComputerEvaluatedAsMips 3512
AMS Software version v5.02/1220/12 built Fri Apr 19 23:54:38 2019

Geant4  Version 1033
Run ID: 252 Bartel: 52
Input Destination: /eos/ams/user/s/selu/mdst/He122/mdst_60441792.root
Output Destination: /afs/cern.ch/work/c/ctuysuz/private/he_flux/LSF/result_mc_time/time_52/he_flux_52_252.root
Add hist00 from /eos/ams/user/s/selu/mdst/He122/mdst_60441792.root
Start of Init
Use new binning
Start of Eventloop
Ntr, Nent= 1 441182
IsMC= 1
Parameter[0] = -2.76482
Parameter[1] = -3.07402
Parameter[2] = -3.6335
Parameter[3] = -5.56178
Parameter[4] = 0.322865
Parameter[5] = -2.42167
mdfil_info:  10.0%    3 sec CPU:  78.7%
mdfil_info:  20.0%    5 sec CPU:  84.0%
mdfil_info:  30.0%    7 sec CPU:  87.1%
mdfil_info:  40.0%    9 sec CPU:  88.6%
mdfil_info:  50.0%   11 sec CPU:  89.5%
mdfil_info:  60.0%   12 sec CPU:  90.3%
mdfil_info:  70.0%   14 sec CPU:  90.9%
mdfil_info:  80.0%   16 sec CPU:  91.2%
mdfil_info:  90.0%   18 sec CPU:  91.2%
mdfil_info: 100.0%   20 sec CPU:  91.5%
mdfil_info: 100.0%   20 sec CPU:  91.5%
35178
AMSCommonsI-I-HardwareIdentifiedAs Linux 3.10.0-957.1.3.el7.x86_64 x86_64 2
AMSCommonsI-I-Identified as LittleEndian 64 bit machine. 4294967295
AMSCommonsI-I-amsdatabase /cvmfs/ams.cern.ch/Offline/AMSDataDir/DataBase/
AMSCommonsI-I-MipsFromCPUInfo: 2195.1
AMSCommonsI-I-SystemIdentified as  Intel(R) Xeon(R) CPU E5-2630 v4 @ 2.20GHz
AMSCommonsI-I-ComputerEvaluatedAsMips 3512
AMS Software version v5.02/1220/12 built Fri Apr 19 23:54:38 2019

Geant4  Version 1033
Run ID: 434 Bartel: 25
Input Destination: /eos/ams/user/s/selu/mdst/He122/mdst_60442322.root
Output Destination: /afs/cern.ch/work/c/ctuysuz/private/he_flux/LSF/result_mc_time/time_25/he_flux_25_434.root
Add hist00 from /eos/ams/user/s/selu/mdst/He122/mdst_60442322.root
Start of Init
Use new binning
Start of Eventloop
Ntr, Nent= 1 435575
IsMC= 1
Parameter[0] = -2.67598
Parameter[1] = -3.03462
Parameter[2] = -3.60443
Parameter[3] = -5.53205
Parameter[4] = 0.247616
Parameter[5] = -2.27738
mdfil_info:  10.0%    2 sec CPU:  83.0%
mdfil_info:  20.0%    4 sec CPU:  88.1%
mdfil_info:  30.0%    6 sec CPU:  90.3%
mdfil_info:  40.0%    8 sec CPU:  91.3%
mdfil_info:  50.0%   10 sec CPU:  92.3%
mdfil_info:  60.0%   12 sec CPU:  92.5%
mdfil_info:  70.0%   14 sec CPU:  92.0%
mdfil_info:  80.0%   15 sec CPU:  92.5%
mdfil_info:  90.0%   17 sec CPU:  92.8%
mdfil_info: 100.0%   19 sec CPU:  93.0%
mdfil_info: 100.0%   19 sec CPU:  93.0%
