WARN: the 'eosmount' alias is deprecated, please use /eos directly
License ports: 28518@lxlicen01.cern.ch,28518@lxlicen02.cern.ch,28518@lxlicen03.cern.ch:/cvmfs/projects.cern.ch/intelsw/psxe/linux/licenses
Intel(R) Parallel Studio XE 2018 Update 2 for Linux*
Copyright (C) 2009-2018 Intel Corporation. All rights reserved.
779
AMSCommonsI-I-HardwareIdentifiedAs Linux 3.10.0-957.10.1.el7.x86_64 x86_64 2
AMSCommonsI-I-Identified as LittleEndian 64 bit machine. 4294967295
AMSCommonsI-I-amsdatabase /cvmfs/ams.cern.ch/Offline/AMSDataDir/DataBase/
AMSCommonsI-I-MipsFromCPUInfo: 2194.92
AMSCommonsI-I-SystemIdentified as  Intel(R) Xeon(R) CPU E5-2630 v4 @ 2.20GHz
AMSCommonsI-I-ComputerEvaluatedAsMips 3511
AMS Software version v5.02/1220/12 built Fri Apr 19 23:54:38 2019

Geant4  Version 1033
Run ID: 9 Bartel: 51
Input Destination: /eos/ams/user/s/selu/mdst/He122/mdst_60441548.root
Output Destination: /afs/cern.ch/work/c/ctuysuz/private/he_flux/LSF/result_mc_time/time_51/he_flux_51_9.root
Add hist00 from /eos/ams/user/s/selu/mdst/He122/mdst_60441548.root
Start of Init
Use new binning
Start of Eventloop
Ntr, Nent= 1 442895
IsMC= 1
Parameter[0] = -2.74568
Parameter[1] = -3.06682
Parameter[2] = -3.63032
Parameter[3] = -5.60094
Parameter[4] = 0.442954
Parameter[5] = -2.61577
mdfil_info:  10.0%    6 sec CPU:  34.5%
mdfil_info:  20.0%    9 sec CPU:  44.8%
mdfil_info:  30.0%   13 sec CPU:  47.4%
mdfil_info:  40.0%   16 sec CPU:  50.7%
mdfil_info:  50.0%   19 sec CPU:  54.7%
mdfil_info:  60.0%   22 sec CPU:  56.4%
mdfil_info:  70.0%   25 sec CPU:  56.7%
mdfil_info:  80.0%   29 sec CPU:  56.5%
mdfil_info:  90.0%   33 sec CPU:  54.7%
mdfil_info: 100.0%   40 sec CPU:  50.6%
mdfil_info: 100.0%   40 sec CPU:  50.6%
15494
AMSCommonsI-I-HardwareIdentifiedAs Linux 3.10.0-957.10.1.el7.x86_64 x86_64 2
AMSCommonsI-I-Identified as LittleEndian 64 bit machine. 4294967295
AMSCommonsI-I-amsdatabase /cvmfs/ams.cern.ch/Offline/AMSDataDir/DataBase/
AMSCommonsI-I-MipsFromCPUInfo: 2194.92
AMSCommonsI-I-SystemIdentified as  Intel(R) Xeon(R) CPU E5-2630 v4 @ 2.20GHz
AMSCommonsI-I-ComputerEvaluatedAsMips 3511
AMS Software version v5.02/1220/12 built Fri Apr 19 23:54:38 2019

Geant4  Version 1033
Run ID: 191 Bartel: 24
Input Destination: /eos/ams/user/s/selu/mdst/He122/mdst_60441731.root
Output Destination: /afs/cern.ch/work/c/ctuysuz/private/he_flux/LSF/result_mc_time/time_24/he_flux_24_191.root
Add hist00 from /eos/ams/user/s/selu/mdst/He122/mdst_60441731.root
Start of Init
Use new binning
Start of Eventloop
Ntr, Nent= 1 439024
IsMC= 1
Parameter[0] = -2.67347
Parameter[1] = -3.02234
Parameter[2] = -3.59529
Parameter[3] = -5.54139
Parameter[4] = 0.298601
Parameter[5] = -2.30285
mdfil_info:  10.0%   20 sec CPU:  11.8%
mdfil_info:  20.0%   27 sec CPU:  16.6%
mdfil_info:  30.0%   38 sec CPU:  17.1%
mdfil_info:  40.0%   53 sec CPU:  16.3%
mdfil_info:  50.0%   62 sec CPU:  17.6%
mdfil_info:  60.0%   70 sec CPU:  18.4%
mdfil_info:  70.0%   79 sec CPU:  19.1%
mdfil_info:  80.0%   87 sec CPU:  19.5%
mdfil_info:  90.0%   96 sec CPU:  19.9%
mdfil_info: 100.0%  105 sec CPU:  20.3%
mdfil_info: 100.0%  105 sec CPU:  20.3%
30209
AMSCommonsI-I-HardwareIdentifiedAs Linux 3.10.0-957.10.1.el7.x86_64 x86_64 2
AMSCommonsI-I-Identified as LittleEndian 64 bit machine. 4294967295
AMSCommonsI-I-amsdatabase /cvmfs/ams.cern.ch/Offline/AMSDataDir/DataBase/
AMSCommonsI-I-MipsFromCPUInfo: 2194.92
AMSCommonsI-I-SystemIdentified as  Intel(R) Xeon(R) CPU E5-2630 v4 @ 2.20GHz
AMSCommonsI-I-ComputerEvaluatedAsMips 3511
AMS Software version v5.02/1220/12 built Fri Apr 19 23:54:38 2019

Geant4  Version 1033
Run ID: 372 Bartel: 78
Input Destination: /eos/ams/user/s/selu/mdst/He122/mdst_60442260.root
Output Destination: /afs/cern.ch/work/c/ctuysuz/private/he_flux/LSF/result_mc_time/time_78/he_flux_78_372.root
Add hist00 from /eos/ams/user/s/selu/mdst/He122/mdst_60442260.root
Start of Init
Use new binning
Start of Eventloop
Ntr, Nent= 1 438071
IsMC= 1
Parameter[0] = -2.48013
Parameter[1] = -2.9556
Parameter[2] = -3.57501
Parameter[3] = -5.51652
Parameter[4] = -0.0886133
Parameter[5] = -2.33511
mdfil_info:  10.0%    3 sec CPU:  66.8%
mdfil_info:  20.0%    6 sec CPU:  71.9%
mdfil_info:  30.0%    9 sec CPU:  72.0%
mdfil_info:  40.0%   12 sec CPU:  71.4%
mdfil_info:  50.0%   15 sec CPU:  71.6%
mdfil_info:  60.0%   17 sec CPU:  72.2%
mdfil_info:  70.0%   20 sec CPU:  72.9%
mdfil_info:  80.0%   23 sec CPU:  73.1%
mdfil_info:  90.0%   25 sec CPU:  73.7%
mdfil_info: 100.0%   28 sec CPU:  74.5%
mdfil_info: 100.0%   28 sec CPU:  74.5%
