WARN: the 'eosmount' alias is deprecated, please use /eos directly
License ports: 28518@lxlicen01.cern.ch,28518@lxlicen02.cern.ch,28518@lxlicen03.cern.ch:/cvmfs/projects.cern.ch/intelsw/psxe/linux/licenses
Intel(R) Parallel Studio XE 2018 Update 2 for Linux*
Copyright (C) 2009-2018 Intel Corporation. All rights reserved.
2970
AMSCommonsI-I-HardwareIdentifiedAs Linux 3.10.0-957.10.1.el7.x86_64 x86_64 2
AMSCommonsI-I-Identified as LittleEndian 64 bit machine. 4294967295
AMSCommonsI-I-amsdatabase /cvmfs/ams.cern.ch/Offline/AMSDataDir/DataBase/
AMSCommonsI-I-MipsFromCPUInfo: 2194.92
AMSCommonsI-I-SystemIdentified as  Intel(R) Xeon(R) CPU E5-2630 v4 @ 2.20GHz
AMSCommonsI-I-ComputerEvaluatedAsMips 3511
AMS Software version v5.02/1220/12 built Fri Apr 19 23:54:38 2019

Geant4  Version 1033
Run ID: 36 Bartel: 55
Input Destination: /eos/ams/user/s/selu/mdst/He122/mdst_60441575.root
Output Destination: /afs/cern.ch/work/c/ctuysuz/private/he_flux/LSF/result_mc_time/time_55/he_flux_55_36.root
Add hist00 from /eos/ams/user/s/selu/mdst/He122/mdst_60441575.root
Start of Init
Use new binning
Start of Eventloop
Ntr, Nent= 1 437082
IsMC= 1
Parameter[0] = -2.74163
Parameter[1] = -3.05076
Parameter[2] = -3.61683
Parameter[3] = -5.57138
Parameter[4] = 0.434624
Parameter[5] = -2.47013
mdfil_info:  10.0%    5 sec CPU:  45.8%
mdfil_info:  20.0%    9 sec CPU:  45.6%
mdfil_info:  30.0%   13 sec CPU:  48.4%
mdfil_info:  40.0%   16 sec CPU:  51.5%
mdfil_info:  50.0%   19 sec CPU:  53.7%
mdfil_info:  60.0%   21 sec CPU:  57.1%
mdfil_info:  70.0%   24 sec CPU:  59.9%
mdfil_info:  80.0%   28 sec CPU:  57.2%
mdfil_info:  90.0%   37 sec CPU:  49.4%
mdfil_info: 100.0%   41 sec CPU:  50.3%
mdfil_info: 100.0%   41 sec CPU:  50.3%
17685
AMSCommonsI-I-HardwareIdentifiedAs Linux 3.10.0-957.10.1.el7.x86_64 x86_64 2
AMSCommonsI-I-Identified as LittleEndian 64 bit machine. 4294967295
AMSCommonsI-I-amsdatabase /cvmfs/ams.cern.ch/Offline/AMSDataDir/DataBase/
AMSCommonsI-I-MipsFromCPUInfo: 2194.92
AMSCommonsI-I-SystemIdentified as  Intel(R) Xeon(R) CPU E5-2630 v4 @ 2.20GHz
AMSCommonsI-I-ComputerEvaluatedAsMips 3511
AMS Software version v5.02/1220/12 built Fri Apr 19 23:54:38 2019

Geant4  Version 1033
Run ID: 218 Bartel: 28
Input Destination: /eos/ams/user/s/selu/mdst/He122/mdst_60441758.root
Output Destination: /afs/cern.ch/work/c/ctuysuz/private/he_flux/LSF/result_mc_time/time_28/he_flux_28_218.root
Add hist00 from /eos/ams/user/s/selu/mdst/He122/mdst_60441758.root
Start of Init
Use new binning
Start of Eventloop
Ntr, Nent= 1 442504
IsMC= 1
Parameter[0] = -2.78708
Parameter[1] = -3.08521
Parameter[2] = -3.63404
Parameter[3] = -5.57737
Parameter[4] = 0.368582
Parameter[5] = -2.54212
mdfil_info:  10.0%   19 sec CPU:  11.9%
mdfil_info:  20.0%   27 sec CPU:  16.2%
mdfil_info:  30.0%   36 sec CPU:  18.3%
mdfil_info:  40.0%   44 sec CPU:  19.7%
mdfil_info:  50.0%   51 sec CPU:  21.0%
mdfil_info:  60.0%   57 sec CPU:  22.2%
mdfil_info:  70.0%   64 sec CPU:  23.3%
mdfil_info:  80.0%   71 sec CPU:  23.9%
mdfil_info:  90.0%   78 sec CPU:  24.5%
mdfil_info: 100.0%   85 sec CPU:  24.8%
mdfil_info: 100.0%   85 sec CPU:  24.8%
32400
AMSCommonsI-I-HardwareIdentifiedAs Linux 3.10.0-957.10.1.el7.x86_64 x86_64 2
AMSCommonsI-I-Identified as LittleEndian 64 bit machine. 4294967295
AMSCommonsI-I-amsdatabase /cvmfs/ams.cern.ch/Offline/AMSDataDir/DataBase/
AMSCommonsI-I-MipsFromCPUInfo: 2194.92
AMSCommonsI-I-SystemIdentified as  Intel(R) Xeon(R) CPU E5-2630 v4 @ 2.20GHz
AMSCommonsI-I-ComputerEvaluatedAsMips 3511
AMS Software version v5.02/1220/12 built Fri Apr 19 23:54:38 2019

Geant4  Version 1033
Run ID: 400 Bartel: 1
Input Destination: /eos/ams/user/s/selu/mdst/He122/mdst_60442288.root
Output Destination: /afs/cern.ch/work/c/ctuysuz/private/he_flux/LSF/result_mc_time/time_1/he_flux_1_400.root
Add hist00 from /eos/ams/user/s/selu/mdst/He122/mdst_60442288.root
Start of Init
Use new binning
Start of Eventloop
Ntr, Nent= 1 433501
IsMC= 1
Parameter[0] = -2.47751
Parameter[1] = -2.72369
Parameter[2] = -3.30093
Parameter[3] = -5.32428
Parameter[4] = 0.816566
Parameter[5] = -2.78591
mdfil_info:  10.0%    3 sec CPU:  71.6%
mdfil_info:  20.0%    5 sec CPU:  78.7%
mdfil_info:  30.0%    7 sec CPU:  81.4%
mdfil_info:  40.0%   10 sec CPU:  82.4%
mdfil_info:  50.0%   12 sec CPU:  81.8%
mdfil_info:  60.0%   15 sec CPU:  79.9%
mdfil_info:  70.0%   18 sec CPU:  78.7%
mdfil_info:  80.0%   20 sec CPU:  79.7%
mdfil_info:  90.0%   22 sec CPU:  80.5%
mdfil_info: 100.0%   24 sec CPU:  81.2%
mdfil_info: 100.0%   24 sec CPU:  81.2%
