WARN: the 'eosmount' alias is deprecated, please use /eos directly
License ports: 28518@lxlicen01.cern.ch,28518@lxlicen02.cern.ch,28518@lxlicen03.cern.ch:/cvmfs/projects.cern.ch/intelsw/psxe/linux/licenses
Intel(R) Parallel Studio XE 2018 Update 2 for Linux*
Copyright (C) 2009-2018 Intel Corporation. All rights reserved.
3410
AMSCommonsI-I-HardwareIdentifiedAs Linux 3.10.0-957.1.3.el7.x86_64 x86_64 2
AMSCommonsI-I-Identified as LittleEndian 64 bit machine. 4294967295
AMSCommonsI-I-amsdatabase /cvmfs/ams.cern.ch/Offline/AMSDataDir/DataBase/
AMSCommonsI-I-MipsFromCPUInfo: 2194.92
AMSCommonsI-I-SystemIdentified as  Intel(R) Xeon(R) CPU E5-2650 v4 @ 2.20GHz
AMSCommonsI-I-ComputerEvaluatedAsMips 3511
AMS Software version v5.02/1220/12 built Fri Apr 19 23:54:38 2019

Geant4  Version 1033
Run ID: 42 Bartel: 9
Input Destination: /eos/ams/user/s/selu/mdst/He122/mdst_60441581.root
Output Destination: /afs/cern.ch/work/c/ctuysuz/private/he_flux/LSF/result_mc_time/time_9/he_flux_9_42.root
Add hist00 from /eos/ams/user/s/selu/mdst/He122/mdst_60441581.root
Start of Init
Use new binning
Start of Eventloop
Ntr, Nent= 1 434192
IsMC= 1
Parameter[0] = -2.5816
Parameter[1] = -2.99063
Parameter[2] = -3.57962
Parameter[3] = -5.50019
Parameter[4] = 0.0791501
Parameter[5] = -2.253
mdfil_info:  10.0%    4 sec CPU:  35.3%
mdfil_info:  20.0%    9 sec CPU:  34.1%
mdfil_info:  30.0%   13 sec CPU:  33.9%
mdfil_info:  40.0%   16 sec CPU:  38.1%
mdfil_info:  50.0%   18 sec CPU:  42.1%
mdfil_info:  60.0%   20 sec CPU:  45.3%
mdfil_info:  70.0%   21 sec CPU:  48.1%
mdfil_info:  80.0%   24 sec CPU:  49.5%
mdfil_info:  90.0%   26 sec CPU:  51.4%
mdfil_info: 100.0%   27 sec CPU:  52.9%
mdfil_info: 100.0%   27 sec CPU:  52.9%
18125
AMSCommonsI-I-HardwareIdentifiedAs Linux 3.10.0-957.1.3.el7.x86_64 x86_64 2
AMSCommonsI-I-Identified as LittleEndian 64 bit machine. 4294967295
AMSCommonsI-I-amsdatabase /cvmfs/ams.cern.ch/Offline/AMSDataDir/DataBase/
AMSCommonsI-I-MipsFromCPUInfo: 2194.92
AMSCommonsI-I-SystemIdentified as  Intel(R) Xeon(R) CPU E5-2650 v4 @ 2.20GHz
AMSCommonsI-I-ComputerEvaluatedAsMips 3511
AMS Software version v5.02/1220/12 built Fri Apr 19 23:54:38 2019

Geant4  Version 1033
Run ID: 223 Bartel: 63
Input Destination: /eos/ams/user/s/selu/mdst/He122/mdst_60441763.root
Output Destination: /afs/cern.ch/work/c/ctuysuz/private/he_flux/LSF/result_mc_time/time_63/he_flux_63_223.root
Add hist00 from /eos/ams/user/s/selu/mdst/He122/mdst_60441763.root
Start of Init
Use new binning
Start of Eventloop
Ntr, Nent= 1 437992
IsMC= 1
Parameter[0] = -2.618
Parameter[1] = -3.00649
Parameter[2] = -3.59895
Parameter[3] = -5.51567
Parameter[4] = 0.0987089
Parameter[5] = -2.27434
mdfil_info:  10.0%    2 sec CPU:  75.9%
mdfil_info:  20.0%    4 sec CPU:  81.5%
mdfil_info:  30.0%    5 sec CPU:  83.6%
mdfil_info:  40.0%    7 sec CPU:  84.8%
mdfil_info:  50.0%    9 sec CPU:  85.7%
mdfil_info:  60.0%   10 sec CPU:  86.4%
mdfil_info:  70.0%   12 sec CPU:  86.8%
mdfil_info:  80.0%   13 sec CPU:  87.2%
mdfil_info:  90.0%   15 sec CPU:  87.6%
mdfil_info: 100.0%   17 sec CPU:  87.8%
mdfil_info: 100.0%   17 sec CPU:  87.8%
32840
AMSCommonsI-I-HardwareIdentifiedAs Linux 3.10.0-957.1.3.el7.x86_64 x86_64 2
AMSCommonsI-I-Identified as LittleEndian 64 bit machine. 4294967295
AMSCommonsI-I-amsdatabase /cvmfs/ams.cern.ch/Offline/AMSDataDir/DataBase/
AMSCommonsI-I-MipsFromCPUInfo: 2194.92
AMSCommonsI-I-SystemIdentified as  Intel(R) Xeon(R) CPU E5-2650 v4 @ 2.20GHz
AMSCommonsI-I-ComputerEvaluatedAsMips 3511
AMS Software version v5.02/1220/12 built Fri Apr 19 23:54:38 2019

Geant4  Version 1033
Run ID: 405 Bartel: 36
Input Destination: /eos/ams/user/s/selu/mdst/He122/mdst_60442293.root
Output Destination: /afs/cern.ch/work/c/ctuysuz/private/he_flux/LSF/result_mc_time/time_36/he_flux_36_405.root
Add hist00 from /eos/ams/user/s/selu/mdst/He122/mdst_60442293.root
Start of Init
Use new binning
Start of Eventloop
Ntr, Nent= 1 394551
IsMC= 1
Parameter[0] = -2.79557
Parameter[1] = -3.06246
Parameter[2] = -3.62389
Parameter[3] = -5.5927
Parameter[4] = 0.507214
Parameter[5] = -2.70126
mdfil_info:  10.0%    2 sec CPU:  79.8%
mdfil_info:  20.0%    3 sec CPU:  84.2%
mdfil_info:  30.0%    5 sec CPU:  85.9%
mdfil_info:  40.0%    6 sec CPU:  87.1%
mdfil_info:  50.0%    8 sec CPU:  87.7%
mdfil_info:  60.0%    9 sec CPU:  88.1%
mdfil_info:  70.0%   10 sec CPU:  88.6%
mdfil_info:  80.0%   12 sec CPU:  88.9%
mdfil_info:  90.0%   13 sec CPU:  89.1%
mdfil_info: 100.0%   15 sec CPU:  89.3%
mdfil_info: 100.0%   15 sec CPU:  89.3%
