WARN: the 'eosmount' alias is deprecated, please use /eos directly
License ports: 28518@lxlicen01.cern.ch,28518@lxlicen02.cern.ch,28518@lxlicen03.cern.ch:/cvmfs/projects.cern.ch/intelsw/psxe/linux/licenses
Intel(R) Parallel Studio XE 2018 Update 2 for Linux*
Copyright (C) 2009-2018 Intel Corporation. All rights reserved.
2775
AMSCommonsI-I-HardwareIdentifiedAs Linux 3.10.0-957.10.1.el7.x86_64 x86_64 2
AMSCommonsI-I-Identified as LittleEndian 64 bit machine. 4294967295
AMSCommonsI-I-amsdatabase /cvmfs/ams.cern.ch/Offline/AMSDataDir/DataBase/
AMSCommonsI-I-MipsFromCPUInfo: 2194.92
AMSCommonsI-I-SystemIdentified as  Intel(R) Xeon(R) CPU E5-2630 v4 @ 2.20GHz
AMSCommonsI-I-ComputerEvaluatedAsMips 3511
AMS Software version v5.02/1220/12 built Fri Apr 19 23:54:38 2019

Geant4  Version 1033
Run ID: 34 Bartel: 22
Input Destination: /eos/ams/user/s/selu/mdst/He122/mdst_60441573.root
Output Destination: /afs/cern.ch/work/c/ctuysuz/private/he_flux/LSF/result_mc_time/time_22/he_flux_22_34.root
Add hist00 from /eos/ams/user/s/selu/mdst/He122/mdst_60441573.root
Start of Init
Use new binning
Start of Eventloop
Ntr, Nent= 1 439166
IsMC= 1
Parameter[0] = -2.70854
Parameter[1] = -3.0386
Parameter[2] = -3.60827
Parameter[3] = -5.53986
Parameter[4] = 0.260502
Parameter[5] = -2.32334
mdfil_info:  10.0%   20 sec CPU:  11.4%
mdfil_info:  20.0%   27 sec CPU:  16.2%
mdfil_info:  30.0%   35 sec CPU:  18.8%
mdfil_info:  40.0%   44 sec CPU:  20.0%
mdfil_info:  50.0%   50 sec CPU:  21.6%
mdfil_info:  60.0%   57 sec CPU:  22.7%
mdfil_info:  70.0%   65 sec CPU:  23.1%
mdfil_info:  80.0%   73 sec CPU:  23.3%
mdfil_info:  90.0%   79 sec CPU:  24.0%
mdfil_info: 100.0%   86 sec CPU:  24.3%
mdfil_info: 100.0%   86 sec CPU:  24.3%
17490
AMSCommonsI-I-HardwareIdentifiedAs Linux 3.10.0-957.10.1.el7.x86_64 x86_64 2
AMSCommonsI-I-Identified as LittleEndian 64 bit machine. 4294967295
AMSCommonsI-I-amsdatabase /cvmfs/ams.cern.ch/Offline/AMSDataDir/DataBase/
AMSCommonsI-I-MipsFromCPUInfo: 2194.92
AMSCommonsI-I-SystemIdentified as  Intel(R) Xeon(R) CPU E5-2630 v4 @ 2.20GHz
AMSCommonsI-I-ComputerEvaluatedAsMips 3511
AMS Software version v5.02/1220/12 built Fri Apr 19 23:54:38 2019

Geant4  Version 1033
Run ID: 215 Bartel: 76
Input Destination: /eos/ams/user/s/selu/mdst/He122/mdst_60441755.root
Output Destination: /afs/cern.ch/work/c/ctuysuz/private/he_flux/LSF/result_mc_time/time_76/he_flux_76_215.root
Add hist00 from /eos/ams/user/s/selu/mdst/He122/mdst_60441755.root
Start of Init
Use new binning
Start of Eventloop
Ntr, Nent= 1 438874
IsMC= 1
Parameter[0] = -2.48624
Parameter[1] = -2.95496
Parameter[2] = -3.57221
Parameter[3] = -5.5192
Parameter[4] = 0.00191236
Parameter[5] = -2.34472
mdfil_info:  10.0%    8 sec CPU:  27.5%
mdfil_info:  20.0%   13 sec CPU:  31.6%
mdfil_info:  30.0%   16 sec CPU:  36.6%
mdfil_info:  40.0%   25 sec CPU:  32.8%
mdfil_info:  50.0%   32 sec CPU:  31.7%
mdfil_info:  60.0%   39 sec CPU:  31.4%
mdfil_info:  70.0%   47 sec CPU:  30.3%
mdfil_info:  80.0%   51 sec CPU:  31.8%
mdfil_info:  90.0%   62 sec CPU:  29.5%
mdfil_info: 100.0%   71 sec CPU:  28.9%
mdfil_info: 100.0%   71 sec CPU:  28.9%
32205
AMSCommonsI-I-HardwareIdentifiedAs Linux 3.10.0-957.10.1.el7.x86_64 x86_64 2
AMSCommonsI-I-Identified as LittleEndian 64 bit machine. 4294967295
AMSCommonsI-I-amsdatabase /cvmfs/ams.cern.ch/Offline/AMSDataDir/DataBase/
AMSCommonsI-I-MipsFromCPUInfo: 2194.92
AMSCommonsI-I-SystemIdentified as  Intel(R) Xeon(R) CPU E5-2630 v4 @ 2.20GHz
AMSCommonsI-I-ComputerEvaluatedAsMips 3511
AMS Software version v5.02/1220/12 built Fri Apr 19 23:54:38 2019

Geant4  Version 1033
Run ID: 397 Bartel: 49
Input Destination: /eos/ams/user/s/selu/mdst/He122/mdst_60442285.root
Output Destination: /afs/cern.ch/work/c/ctuysuz/private/he_flux/LSF/result_mc_time/time_49/he_flux_49_397.root
Add hist00 from /eos/ams/user/s/selu/mdst/He122/mdst_60442285.root
Start of Init
Use new binning
Start of Eventloop
Ntr, Nent= 1 373154
IsMC= 1
Parameter[0] = -2.73128
Parameter[1] = -3.07003
Parameter[2] = -3.63758
Parameter[3] = -5.55781
Parameter[4] = 0.280142
Parameter[5] = -2.35464
mdfil_info:  10.0%    2 sec CPU:  76.8%
mdfil_info:  20.0%    4 sec CPU:  80.0%
mdfil_info:  30.0%    6 sec CPU:  81.2%
mdfil_info:  40.0%    8 sec CPU:  82.2%
mdfil_info:  50.0%   10 sec CPU:  82.5%
mdfil_info:  60.0%   12 sec CPU:  82.5%
mdfil_info:  70.0%   14 sec CPU:  83.2%
mdfil_info:  80.0%   16 sec CPU:  83.6%
mdfil_info:  90.0%   18 sec CPU:  84.0%
mdfil_info: 100.0%   20 sec CPU:  84.2%
mdfil_info: 100.0%   20 sec CPU:  84.2%
