WARN: the 'eosmount' alias is deprecated, please use /eos directly
License ports: 28518@lxlicen01.cern.ch,28518@lxlicen02.cern.ch,28518@lxlicen03.cern.ch:/cvmfs/projects.cern.ch/intelsw/psxe/linux/licenses
Intel(R) Parallel Studio XE 2018 Update 2 for Linux*
Copyright (C) 2009-2018 Intel Corporation. All rights reserved.
3828
AMSCommonsI-I-HardwareIdentifiedAs Linux 3.10.0-957.10.1.el7.x86_64 x86_64 2
AMSCommonsI-I-Identified as LittleEndian 64 bit machine. 4294967295
AMSCommonsI-I-amsdatabase /cvmfs/ams.cern.ch/Offline/AMSDataDir/DataBase/
AMSCommonsI-I-MipsFromCPUInfo: 2194.92
AMSCommonsI-I-SystemIdentified as  Intel(R) Xeon(R) CPU E5-2630 v4 @ 2.20GHz
AMSCommonsI-I-ComputerEvaluatedAsMips 3511
AMS Software version v5.02/1220/12 built Fri Apr 19 23:54:38 2019

Geant4  Version 1033
Run ID: 47 Bartel: 22
Input Destination: /eos/ams/user/s/selu/mdst/He122/mdst_60441586.root
Output Destination: /afs/cern.ch/work/c/ctuysuz/private/he_flux/LSF/result_mc_time/time_22/he_flux_22_47.root
Add hist00 from /eos/ams/user/s/selu/mdst/He122/mdst_60441586.root
Start of Init
Use new binning
Start of Eventloop
Ntr, Nent= 1 440436
IsMC= 1
Parameter[0] = -2.70854
Parameter[1] = -3.0386
Parameter[2] = -3.60827
Parameter[3] = -5.53986
Parameter[4] = 0.260502
Parameter[5] = -2.32334
mdfil_info:  10.0%    6 sec CPU:  27.4%
mdfil_info:  20.0%   11 sec CPU:  30.7%
mdfil_info:  30.0%   16 sec CPU:  29.7%
mdfil_info:  40.0%   18 sec CPU:  34.7%
mdfil_info:  50.0%   20 sec CPU:  38.8%
mdfil_info:  60.0%   23 sec CPU:  42.0%
mdfil_info:  70.0%   25 sec CPU:  44.5%
mdfil_info:  80.0%   27 sec CPU:  46.5%
mdfil_info:  90.0%   30 sec CPU:  48.6%
mdfil_info: 100.0%   32 sec CPU:  50.5%
mdfil_info: 100.0%   32 sec CPU:  50.5%
18543
AMSCommonsI-I-HardwareIdentifiedAs Linux 3.10.0-957.10.1.el7.x86_64 x86_64 2
AMSCommonsI-I-Identified as LittleEndian 64 bit machine. 4294967295
AMSCommonsI-I-amsdatabase /cvmfs/ams.cern.ch/Offline/AMSDataDir/DataBase/
AMSCommonsI-I-MipsFromCPUInfo: 2194.92
AMSCommonsI-I-SystemIdentified as  Intel(R) Xeon(R) CPU E5-2630 v4 @ 2.20GHz
AMSCommonsI-I-ComputerEvaluatedAsMips 3511
AMS Software version v5.02/1220/12 built Fri Apr 19 23:54:38 2019

Geant4  Version 1033
Run ID: 228 Bartel: 76
Input Destination: /eos/ams/user/s/selu/mdst/He122/mdst_60441768.root
Output Destination: /afs/cern.ch/work/c/ctuysuz/private/he_flux/LSF/result_mc_time/time_76/he_flux_76_228.root
Add hist00 from /eos/ams/user/s/selu/mdst/He122/mdst_60441768.root
Start of Init
Use new binning
Start of Eventloop
Ntr, Nent= 1 442747
IsMC= 1
Parameter[0] = -2.48624
Parameter[1] = -2.95496
Parameter[2] = -3.57221
Parameter[3] = -5.5192
Parameter[4] = 0.00191236
Parameter[5] = -2.34472
mdfil_info:  10.0%    2 sec CPU:  74.4%
mdfil_info:  20.0%    4 sec CPU:  79.5%
mdfil_info:  30.0%    6 sec CPU:  82.0%
mdfil_info:  40.0%    8 sec CPU:  83.1%
mdfil_info:  50.0%   10 sec CPU:  83.8%
mdfil_info:  60.0%   11 sec CPU:  84.4%
mdfil_info:  70.0%   13 sec CPU:  84.9%
mdfil_info:  80.0%   15 sec CPU:  85.4%
mdfil_info:  90.0%   17 sec CPU:  85.7%
mdfil_info: 100.0%   18 sec CPU:  85.9%
mdfil_info: 100.0%   18 sec CPU:  85.9%
33258
AMSCommonsI-I-HardwareIdentifiedAs Linux 3.10.0-957.10.1.el7.x86_64 x86_64 2
AMSCommonsI-I-Identified as LittleEndian 64 bit machine. 4294967295
AMSCommonsI-I-amsdatabase /cvmfs/ams.cern.ch/Offline/AMSDataDir/DataBase/
AMSCommonsI-I-MipsFromCPUInfo: 2194.92
AMSCommonsI-I-SystemIdentified as  Intel(R) Xeon(R) CPU E5-2630 v4 @ 2.20GHz
AMSCommonsI-I-ComputerEvaluatedAsMips 3511
AMS Software version v5.02/1220/12 built Fri Apr 19 23:54:38 2019

Geant4  Version 1033
Run ID: 410 Bartel: 49
Input Destination: /eos/ams/user/s/selu/mdst/He122/mdst_60442298.root
Output Destination: /afs/cern.ch/work/c/ctuysuz/private/he_flux/LSF/result_mc_time/time_49/he_flux_49_410.root
Add hist00 from /eos/ams/user/s/selu/mdst/He122/mdst_60442298.root
Start of Init
Use new binning
Start of Eventloop
Ntr, Nent= 1 435665
IsMC= 1
Parameter[0] = -2.73128
Parameter[1] = -3.07003
Parameter[2] = -3.63758
Parameter[3] = -5.55781
Parameter[4] = 0.280142
Parameter[5] = -2.35464
mdfil_info:  10.0%    2 sec CPU:  75.1%
mdfil_info:  20.0%    4 sec CPU:  81.4%
mdfil_info:  30.0%    6 sec CPU:  83.8%
mdfil_info:  40.0%    7 sec CPU:  84.9%
mdfil_info:  50.0%    9 sec CPU:  85.5%
mdfil_info:  60.0%   11 sec CPU:  86.0%
mdfil_info:  70.0%   13 sec CPU:  86.4%
mdfil_info:  80.0%   15 sec CPU:  86.7%
mdfil_info:  90.0%   17 sec CPU:  86.8%
mdfil_info: 100.0%   18 sec CPU:  86.9%
mdfil_info: 100.0%   18 sec CPU:  86.9%
