WARN: the 'eosmount' alias is deprecated, please use /eos directly
License ports: 28518@lxlicen01.cern.ch,28518@lxlicen02.cern.ch,28518@lxlicen03.cern.ch:/cvmfs/projects.cern.ch/intelsw/psxe/linux/licenses
Intel(R) Parallel Studio XE 2018 Update 2 for Linux*
Copyright (C) 2009-2018 Intel Corporation. All rights reserved.
7644
AMSCommonsI-I-HardwareIdentifiedAs Linux 3.10.0-957.12.2.el7.x86_64 x86_64 2
AMSCommonsI-I-Identified as LittleEndian 64 bit machine. 4294967295
AMSCommonsI-I-amsdatabase /cvmfs/ams.cern.ch/Offline/AMSDataDir/DataBase/
AMSCommonsI-I-MipsFromCPUInfo: 2394.45
AMSCommonsI-I-SystemIdentified as  Intel(R) Xeon(R) CPU E5-2630 v3 @ 2.40GHz
AMSCommonsI-I-ComputerEvaluatedAsMips 3831
AMS Software version v5.02/1220/12 built Fri Apr 19 23:54:38 2019

Geant4  Version 1033
Run ID: 94 Bartel: 31
Input Destination: /eos/ams/user/s/selu/mdst/He122/mdst_60441634.root
Output Destination: /afs/cern.ch/work/c/ctuysuz/private/he_flux/LSF/result_mc_time/time_31/he_flux_31_94.root
Add hist00 from /eos/ams/user/s/selu/mdst/He122/mdst_60441634.root
Start of Init
Use new binning
Start of Eventloop
Ntr, Nent= 1 436444
IsMC= 1
Parameter[0] = -2.78388
Parameter[1] = -3.06558
Parameter[2] = -3.62012
Parameter[3] = -5.56152
Parameter[4] = 0.319855
Parameter[5] = -2.41575
mdfil_info:  10.0%   14 sec CPU:  12.5%
mdfil_info:  20.0%   20 sec CPU:  16.9%
mdfil_info:  30.0%   25 sec CPU:  19.5%
mdfil_info:  40.0%   30 sec CPU:  21.4%
mdfil_info:  50.0%   35 sec CPU:  22.7%
mdfil_info:  60.0%   40 sec CPU:  23.8%
mdfil_info:  70.0%   45 sec CPU:  24.6%
mdfil_info:  80.0%   51 sec CPU:  25.4%
mdfil_info:  90.0%   55 sec CPU:  26.2%
mdfil_info: 100.0%   60 sec CPU:  26.8%
mdfil_info: 100.0%   60 sec CPU:  26.8%
22359
AMSCommonsI-I-HardwareIdentifiedAs Linux 3.10.0-957.12.2.el7.x86_64 x86_64 2
AMSCommonsI-I-Identified as LittleEndian 64 bit machine. 4294967295
AMSCommonsI-I-amsdatabase /cvmfs/ams.cern.ch/Offline/AMSDataDir/DataBase/
AMSCommonsI-I-MipsFromCPUInfo: 2394.45
AMSCommonsI-I-SystemIdentified as  Intel(R) Xeon(R) CPU E5-2630 v3 @ 2.40GHz
AMSCommonsI-I-ComputerEvaluatedAsMips 3831
AMS Software version v5.02/1220/12 built Fri Apr 19 23:54:38 2019

Geant4  Version 1033
Run ID: 276 Bartel: 4
Input Destination: /eos/ams/user/s/selu/mdst/He122/mdst_60441816.root
Output Destination: /afs/cern.ch/work/c/ctuysuz/private/he_flux/LSF/result_mc_time/time_4/he_flux_4_276.root
Add hist00 from /eos/ams/user/s/selu/mdst/He122/mdst_60441816.root
Start of Init
Use new binning
Start of Eventloop
Ntr, Nent= 1 440901
IsMC= 1
Parameter[0] = -2.61269
Parameter[1] = -3.01592
Parameter[2] = -3.59533
Parameter[3] = -5.49712
Parameter[4] = 0.0687066
Parameter[5] = -2.23552
mdfil_info:  10.0%    2 sec CPU:  79.6%
mdfil_info:  20.0%    4 sec CPU:  84.6%
mdfil_info:  30.0%    5 sec CPU:  86.6%
mdfil_info:  40.0%    7 sec CPU:  87.5%
mdfil_info:  50.0%    9 sec CPU:  87.9%
mdfil_info:  60.0%   11 sec CPU:  88.3%
mdfil_info:  70.0%   13 sec CPU:  88.7%
mdfil_info:  80.0%   14 sec CPU:  89.2%
mdfil_info:  90.0%   16 sec CPU:  89.5%
mdfil_info: 100.0%   18 sec CPU:  89.4%
mdfil_info: 100.0%   18 sec CPU:  89.4%
37074
AMSCommonsI-I-HardwareIdentifiedAs Linux 3.10.0-957.12.2.el7.x86_64 x86_64 2
AMSCommonsI-I-Identified as LittleEndian 64 bit machine. 4294967295
AMSCommonsI-I-amsdatabase /cvmfs/ams.cern.ch/Offline/AMSDataDir/DataBase/
AMSCommonsI-I-MipsFromCPUInfo: 2394.45
AMSCommonsI-I-SystemIdentified as  Intel(R) Xeon(R) CPU E5-2630 v3 @ 2.40GHz
AMSCommonsI-I-ComputerEvaluatedAsMips 3831
AMS Software version v5.02/1220/12 built Fri Apr 19 23:54:38 2019

Geant4  Version 1033
Run ID: 457 Bartel: 58
Input Destination: /eos/ams/user/s/selu/mdst/He314/mdst_120929857.root
Output Destination: /afs/cern.ch/work/c/ctuysuz/private/he_flux/LSF/result_mc_time/time_58/he_flux_58_457.root
Add hist00 from /eos/ams/user/s/selu/mdst/He314/mdst_120929857.root
Start of Init
Use new binning
Start of Eventloop
Ntr, Nent= 1 122421
IsMC= 1
Parameter[0] = -2.68687
Parameter[1] = -3.02567
Parameter[2] = -3.60778
Parameter[3] = -5.55295
Parameter[4] = 0.272681
Parameter[5] = -2.49381
mdfil_info:  10.0%    1 sec CPU:  53.8%
mdfil_info:  20.0%    2 sec CPU:  58.5%
mdfil_info:  30.0%    3 sec CPU:  56.7%
mdfil_info:  40.0%    3 sec CPU:  61.5%
mdfil_info:  50.0%    4 sec CPU:  65.2%
mdfil_info:  60.0%    4 sec CPU:  67.8%
mdfil_info:  70.0%    5 sec CPU:  69.6%
mdfil_info:  80.0%    5 sec CPU:  71.7%
mdfil_info:  90.0%    6 sec CPU:  70.7%
mdfil_info: 100.0%    6 sec CPU:  71.7%
mdfil_info: 100.0%    6 sec CPU:  71.7%
