WARN: the 'eosmount' alias is deprecated, please use /eos directly
License ports: 28518@lxlicen01.cern.ch,28518@lxlicen02.cern.ch,28518@lxlicen03.cern.ch:/cvmfs/projects.cern.ch/intelsw/psxe/linux/licenses
Intel(R) Parallel Studio XE 2018 Update 2 for Linux*
Copyright (C) 2009-2018 Intel Corporation. All rights reserved.
14234
AMSCommonsI-I-HardwareIdentifiedAs Linux 3.10.0-957.5.1.el7.x86_64 x86_64 2
AMSCommonsI-I-Identified as LittleEndian 64 bit machine. 4294967295
AMSCommonsI-I-amsdatabase /cvmfs/ams.cern.ch/Offline/AMSDataDir/DataBase/
AMSCommonsI-I-MipsFromCPUInfo: 2593.75
AMSCommonsI-I-SystemIdentified as  Intel(R) Xeon(R) CPU E5-2650 v2 @ 2.60GHz
AMSCommonsI-I-ComputerEvaluatedAsMips 4149
AMS Software version v5.02/1220/12 built Fri Apr 19 23:54:38 2019

Geant4  Version 1033
Run ID: 175 Bartel: 60
Input Destination: /eos/ams/user/s/selu/mdst/He122/mdst_60441715.root
Output Destination: /afs/cern.ch/work/c/ctuysuz/private/he_flux/LSF/result_mc_time/time_60/he_flux_60_175.root
Add hist00 from /eos/ams/user/s/selu/mdst/He122/mdst_60441715.root
Start of Init
Use new binning
Start of Eventloop
Ntr, Nent= 1 438112
IsMC= 1
Parameter[0] = -2.68018
Parameter[1] = -3.02446
Parameter[2] = -3.60716
Parameter[3] = -5.58914
Parameter[4] = 0.411118
Parameter[5] = -2.63403
mdfil_info:  10.0%   16 sec CPU:  14.1%
mdfil_info:  20.0%   21 sec CPU:  20.4%
mdfil_info:  30.0%   26 sec CPU:  24.1%
mdfil_info:  40.0%   31 sec CPU:  26.3%
mdfil_info:  50.0%   36 sec CPU:  28.2%
mdfil_info:  60.0%   41 sec CPU:  29.6%
mdfil_info:  70.0%   46 sec CPU:  30.3%
mdfil_info:  80.0%   51 sec CPU:  31.2%
mdfil_info:  90.0%   57 sec CPU:  31.8%
mdfil_info: 100.0%   61 sec CPU:  32.6%
mdfil_info: 100.0%   61 sec CPU:  32.6%
28949
AMSCommonsI-I-HardwareIdentifiedAs Linux 3.10.0-957.5.1.el7.x86_64 x86_64 2
AMSCommonsI-I-Identified as LittleEndian 64 bit machine. 4294967295
AMSCommonsI-I-amsdatabase /cvmfs/ams.cern.ch/Offline/AMSDataDir/DataBase/
AMSCommonsI-I-MipsFromCPUInfo: 2593.75
AMSCommonsI-I-SystemIdentified as  Intel(R) Xeon(R) CPU E5-2650 v2 @ 2.60GHz
AMSCommonsI-I-ComputerEvaluatedAsMips 4149
AMS Software version v5.02/1220/12 built Fri Apr 19 23:54:38 2019

Geant4  Version 1033
Run ID: 357 Bartel: 33
Input Destination: /eos/ams/user/s/selu/mdst/He122/mdst_60442245.root
Output Destination: /afs/cern.ch/work/c/ctuysuz/private/he_flux/LSF/result_mc_time/time_33/he_flux_33_357.root
Add hist00 from /eos/ams/user/s/selu/mdst/He122/mdst_60442245.root
Start of Init
Use new binning
Start of Eventloop
Ntr, Nent= 1 434895
IsMC= 1
Parameter[0] = -2.77717
Parameter[1] = -3.0473
Parameter[2] = -3.60062
Parameter[3] = -5.54545
Parameter[4] = 0.481599
Parameter[5] = -2.38362
mdfil_info:  10.0%   17 sec CPU:  14.0%
mdfil_info:  20.0%   23 sec CPU:  19.2%
mdfil_info:  30.0%   28 sec CPU:  22.2%
mdfil_info:  40.0%   34 sec CPU:  24.1%
mdfil_info:  50.0%   39 sec CPU:  25.3%
mdfil_info:  60.0%   44 sec CPU:  26.4%
mdfil_info:  70.0%   49 sec CPU:  27.6%
mdfil_info:  80.0%   56 sec CPU:  27.8%
mdfil_info:  90.0%   61 sec CPU:  28.6%
mdfil_info: 100.0%   66 sec CPU:  29.2%
mdfil_info: 100.0%   66 sec CPU:  29.2%
43664
AMSCommonsI-I-HardwareIdentifiedAs Linux 3.10.0-957.5.1.el7.x86_64 x86_64 2
AMSCommonsI-I-Identified as LittleEndian 64 bit machine. 4294967295
AMSCommonsI-I-amsdatabase /cvmfs/ams.cern.ch/Offline/AMSDataDir/DataBase/
AMSCommonsI-I-MipsFromCPUInfo: 2593.75
AMSCommonsI-I-SystemIdentified as  Intel(R) Xeon(R) CPU E5-2650 v2 @ 2.60GHz
AMSCommonsI-I-ComputerEvaluatedAsMips 4149
AMS Software version v5.02/1220/12 built Fri Apr 19 23:54:38 2019

Geant4  Version 1033
Run ID: 539 Bartel: 6
Input Destination: /eos/ams/user/s/selu/mdst/He314/mdst_120929944.root
Output Destination: /afs/cern.ch/work/c/ctuysuz/private/he_flux/LSF/result_mc_time/time_6/he_flux_6_539.root
Add hist00 from /eos/ams/user/s/selu/mdst/He314/mdst_120929944.root
Start of Init
Use new binning
Start of Eventloop
Ntr, Nent= 1 115557
IsMC= 1
Parameter[0] = -2.65952
Parameter[1] = -3.04006
Parameter[2] = -3.62379
Parameter[3] = -5.53311
Parameter[4] = 0.0821767
Parameter[5] = -2.36872
mdfil_info:  10.0%    5 sec CPU:  10.0%
mdfil_info:  20.0%   11 sec CPU:  10.0%
mdfil_info:  30.0%   16 sec CPU:  10.6%
mdfil_info:  40.0%   18 sec CPU:  12.3%
mdfil_info:  50.0%   19 sec CPU:  13.8%
mdfil_info:  60.0%   20 sec CPU:  15.3%
mdfil_info:  70.0%   22 sec CPU:  16.5%
mdfil_info:  80.0%   23 sec CPU:  17.5%
mdfil_info:  90.0%   24 sec CPU:  18.4%
mdfil_info: 100.0%   26 sec CPU:  19.2%
mdfil_info: 100.0%   26 sec CPU:  19.2%
