WARN: the 'eosmount' alias is deprecated, please use /eos directly
License ports: 28518@lxlicen01.cern.ch,28518@lxlicen02.cern.ch,28518@lxlicen03.cern.ch:/cvmfs/projects.cern.ch/intelsw/psxe/linux/licenses
Intel(R) Parallel Studio XE 2018 Update 2 for Linux*
Copyright (C) 2009-2018 Intel Corporation. All rights reserved.
12482
AMSCommonsI-I-HardwareIdentifiedAs Linux 3.10.0-957.10.1.el7.x86_64 x86_64 2
AMSCommonsI-I-Identified as LittleEndian 64 bit machine. 4294967295
AMSCommonsI-I-amsdatabase /cvmfs/ams.cern.ch/Offline/AMSDataDir/DataBase/
AMSCommonsI-I-MipsFromCPUInfo: 2194.92
AMSCommonsI-I-SystemIdentified as  Intel(R) Xeon(R) CPU E5-2630 v4 @ 2.20GHz
AMSCommonsI-I-ComputerEvaluatedAsMips 3511
AMS Software version v5.02/1220/12 built Fri Apr 19 23:54:38 2019

Geant4  Version 1033
Run ID: 154 Bartel: 9
Input Destination: /eos/ams/user/s/selu/mdst/He122/mdst_60441694.root
Output Destination: /afs/cern.ch/work/c/ctuysuz/private/he_flux/LSF/result_mc_time/time_9/he_flux_9_154.root
Add hist00 from /eos/ams/user/s/selu/mdst/He122/mdst_60441694.root
Start of Init
Use new binning
Start of Eventloop
Ntr, Nent= 1 438258
IsMC= 1
Parameter[0] = -2.5816
Parameter[1] = -2.99063
Parameter[2] = -3.57962
Parameter[3] = -5.50019
Parameter[4] = 0.0791501
Parameter[5] = -2.253
mdfil_info:  10.0%    3 sec CPU:  68.4%
mdfil_info:  20.0%    5 sec CPU:  75.4%
mdfil_info:  30.0%    8 sec CPU:  78.8%
mdfil_info:  40.0%   10 sec CPU:  80.3%
mdfil_info:  50.0%   12 sec CPU:  81.3%
mdfil_info:  60.0%   14 sec CPU:  81.9%
mdfil_info:  70.0%   17 sec CPU:  82.3%
mdfil_info:  80.0%   19 sec CPU:  82.4%
mdfil_info:  90.0%   21 sec CPU:  82.6%
mdfil_info: 100.0%   23 sec CPU:  82.9%
mdfil_info: 100.0%   23 sec CPU:  82.9%
27197
AMSCommonsI-I-HardwareIdentifiedAs Linux 3.10.0-957.10.1.el7.x86_64 x86_64 2
AMSCommonsI-I-Identified as LittleEndian 64 bit machine. 4294967295
AMSCommonsI-I-amsdatabase /cvmfs/ams.cern.ch/Offline/AMSDataDir/DataBase/
AMSCommonsI-I-MipsFromCPUInfo: 2194.92
AMSCommonsI-I-SystemIdentified as  Intel(R) Xeon(R) CPU E5-2630 v4 @ 2.20GHz
AMSCommonsI-I-ComputerEvaluatedAsMips 3511
AMS Software version v5.02/1220/12 built Fri Apr 19 23:54:38 2019

Geant4  Version 1033
Run ID: 335 Bartel: 63
Input Destination: /eos/ams/user/s/selu/mdst/He122/mdst_60441875.root
Output Destination: /afs/cern.ch/work/c/ctuysuz/private/he_flux/LSF/result_mc_time/time_63/he_flux_63_335.root
Add hist00 from /eos/ams/user/s/selu/mdst/He122/mdst_60441875.root
Start of Init
Use new binning
Start of Eventloop
Ntr, Nent= 1 433127
IsMC= 1
Parameter[0] = -2.618
Parameter[1] = -3.00649
Parameter[2] = -3.59895
Parameter[3] = -5.51567
Parameter[4] = 0.0987089
Parameter[5] = -2.27434
mdfil_info:  10.0%    3 sec CPU:  75.1%
mdfil_info:  20.0%    5 sec CPU:  81.4%
mdfil_info:  30.0%    7 sec CPU:  83.8%
mdfil_info:  40.0%    9 sec CPU:  84.7%
mdfil_info:  50.0%   12 sec CPU:  84.8%
mdfil_info:  60.0%   14 sec CPU:  85.1%
mdfil_info:  70.0%   16 sec CPU:  85.7%
mdfil_info:  80.0%   19 sec CPU:  85.7%
mdfil_info:  90.0%   21 sec CPU:  85.9%
mdfil_info: 100.0%   23 sec CPU:  86.0%
mdfil_info: 100.0%   23 sec CPU:  86.0%
41912
AMSCommonsI-I-HardwareIdentifiedAs Linux 3.10.0-957.10.1.el7.x86_64 x86_64 2
AMSCommonsI-I-Identified as LittleEndian 64 bit machine. 4294967295
AMSCommonsI-I-amsdatabase /cvmfs/ams.cern.ch/Offline/AMSDataDir/DataBase/
AMSCommonsI-I-MipsFromCPUInfo: 2194.92
AMSCommonsI-I-SystemIdentified as  Intel(R) Xeon(R) CPU E5-2630 v4 @ 2.20GHz
AMSCommonsI-I-ComputerEvaluatedAsMips 3511
AMS Software version v5.02/1220/12 built Fri Apr 19 23:54:38 2019

Geant4  Version 1033
Run ID: 517 Bartel: 36
Input Destination: /eos/ams/user/s/selu/mdst/He314/mdst_120929918.root
Output Destination: /afs/cern.ch/work/c/ctuysuz/private/he_flux/LSF/result_mc_time/time_36/he_flux_36_517.root
Add hist00 from /eos/ams/user/s/selu/mdst/He314/mdst_120929918.root
Start of Init
Use new binning
Start of Eventloop
Ntr, Nent= 1 122449
IsMC= 1
Parameter[0] = -2.79557
Parameter[1] = -3.06246
Parameter[2] = -3.62389
Parameter[3] = -5.5927
Parameter[4] = 0.507214
Parameter[5] = -2.70126
mdfil_info:  10.0%    8 sec CPU:   9.2%
mdfil_info:  20.0%   14 sec CPU:   9.6%
mdfil_info:  30.0%   21 sec CPU:   9.6%
mdfil_info:  40.0%   24 sec CPU:  10.8%
mdfil_info:  50.0%   27 sec CPU:  12.0%
mdfil_info:  60.0%   30 sec CPU:  12.8%
mdfil_info:  70.0%   33 sec CPU:  13.6%
mdfil_info:  80.0%   35 sec CPU:  14.6%
mdfil_info:  90.0%   37 sec CPU:  15.4%
mdfil_info: 100.0%   39 sec CPU:  16.2%
mdfil_info: 100.0%   39 sec CPU:  16.2%
