WARN: the 'eosmount' alias is deprecated, please use /eos directly
License ports: 28518@lxlicen01.cern.ch,28518@lxlicen02.cern.ch,28518@lxlicen03.cern.ch:/cvmfs/projects.cern.ch/intelsw/psxe/linux/licenses
Intel(R) Parallel Studio XE 2018 Update 2 for Linux*
Copyright (C) 2009-2018 Intel Corporation. All rights reserved.
3084
AMSCommonsI-I-HardwareIdentifiedAs Linux 3.10.0-957.10.1.el7.x86_64 x86_64 2
AMSCommonsI-I-Identified as LittleEndian 64 bit machine. 4294967295
AMSCommonsI-I-amsdatabase /cvmfs/ams.cern.ch/Offline/AMSDataDir/DataBase/
AMSCommonsI-I-MipsFromCPUInfo: 2194.92
AMSCommonsI-I-SystemIdentified as  Intel(R) Xeon(R) CPU E5-2630 v4 @ 2.20GHz
AMSCommonsI-I-ComputerEvaluatedAsMips 3511
AMS Software version v5.02/1220/12 built Fri Apr 19 23:54:38 2019

Geant4  Version 1033
Run ID: 38 Bartel: 7
Input Destination: /eos/ams/user/s/selu/mdst/He122/mdst_60441577.root
Output Destination: /afs/cern.ch/work/c/ctuysuz/private/he_flux/LSF/result_mc_time/time_7/he_flux_7_38.root
Add hist00 from /eos/ams/user/s/selu/mdst/He122/mdst_60441577.root
Start of Init
Use new binning
Start of Eventloop
Ntr, Nent= 1 437104
IsMC= 1
Parameter[0] = -2.6167
Parameter[1] = -3.01884
Parameter[2] = -3.60527
Parameter[3] = -5.52044
Parameter[4] = 0.00890243
Parameter[5] = -2.31265
mdfil_info:  10.0%    3 sec CPU:  69.6%
mdfil_info:  20.0%    6 sec CPU:  76.8%
mdfil_info:  30.0%    8 sec CPU:  79.2%
mdfil_info:  40.0%   10 sec CPU:  80.4%
mdfil_info:  50.0%   13 sec CPU:  81.0%
mdfil_info:  60.0%   15 sec CPU:  81.8%
mdfil_info:  70.0%   18 sec CPU:  82.0%
mdfil_info:  80.0%   20 sec CPU:  82.2%
mdfil_info:  90.0%   23 sec CPU:  82.6%
mdfil_info: 100.0%   25 sec CPU:  82.9%
mdfil_info: 100.0%   25 sec CPU:  82.9%
17799
AMSCommonsI-I-HardwareIdentifiedAs Linux 3.10.0-957.10.1.el7.x86_64 x86_64 2
AMSCommonsI-I-Identified as LittleEndian 64 bit machine. 4294967295
AMSCommonsI-I-amsdatabase /cvmfs/ams.cern.ch/Offline/AMSDataDir/DataBase/
AMSCommonsI-I-MipsFromCPUInfo: 2194.92
AMSCommonsI-I-SystemIdentified as  Intel(R) Xeon(R) CPU E5-2630 v4 @ 2.20GHz
AMSCommonsI-I-ComputerEvaluatedAsMips 3511
AMS Software version v5.02/1220/12 built Fri Apr 19 23:54:38 2019

Geant4  Version 1033
Run ID: 219 Bartel: 61
Input Destination: /eos/ams/user/s/selu/mdst/He122/mdst_60441759.root
Output Destination: /afs/cern.ch/work/c/ctuysuz/private/he_flux/LSF/result_mc_time/time_61/he_flux_61_219.root
Add hist00 from /eos/ams/user/s/selu/mdst/He122/mdst_60441759.root
Start of Init
Use new binning
Start of Eventloop
Ntr, Nent= 1 437310
IsMC= 1
Parameter[0] = -2.66257
Parameter[1] = -3.02879
Parameter[2] = -3.60772
Parameter[3] = -5.54397
Parameter[4] = 0.208408
Parameter[5] = -2.47782
mdfil_info:  10.0%    3 sec CPU:  68.4%
mdfil_info:  20.0%    6 sec CPU:  76.2%
mdfil_info:  30.0%    8 sec CPU:  79.1%
mdfil_info:  40.0%   11 sec CPU:  79.0%
mdfil_info:  50.0%   13 sec CPU:  79.0%
mdfil_info:  60.0%   15 sec CPU:  79.5%
mdfil_info:  70.0%   18 sec CPU:  79.9%
mdfil_info:  80.0%   21 sec CPU:  79.8%
mdfil_info:  90.0%   23 sec CPU:  79.1%
mdfil_info: 100.0%   26 sec CPU:  79.3%
32514
AMSCommonsI-I-HardwareIdentifiedAs Linux 3.10.0-957.10.1.el7.x86_64 x86_64 2
AMSCommonsI-I-Identified as LittleEndian 64 bit machine. 4294967295
AMSCommonsI-I-amsdatabase /cvmfs/ams.cern.ch/Offline/AMSDataDir/DataBase/
AMSCommonsI-I-MipsFromCPUInfo: 2194.92
AMSCommonsI-I-SystemIdentified as  Intel(R) Xeon(R) CPU E5-2630 v4 @ 2.20GHz
AMSCommonsI-I-ComputerEvaluatedAsMips 3511
AMS Software version v5.02/1220/12 built Fri Apr 19 23:54:38 2019

Geant4  Version 1033
Run ID: 401 Bartel: 34
Input Destination: /eos/ams/user/s/selu/mdst/He122/mdst_60442289.root
Output Destination: /afs/cern.ch/work/c/ctuysuz/private/he_flux/LSF/result_mc_time/time_34/he_flux_34_401.root
Add hist00 from /eos/ams/user/s/selu/mdst/He122/mdst_60442289.root
Start of Init
Use new binning
Start of Eventloop
Ntr, Nent= 1 434468
IsMC= 1
Parameter[0] = -2.72052
Parameter[1] = -2.99045
Parameter[2] = -3.54577
Parameter[3] = -5.51973
Parameter[4] = 0.499199
Parameter[5] = -2.55339
mdfil_info:  10.0%    3 sec CPU:  68.9%
mdfil_info:  20.0%    6 sec CPU:  74.3%
mdfil_info:  30.0%    8 sec CPU:  77.6%
mdfil_info:  40.0%   11 sec CPU:  79.1%
mdfil_info:  50.0%   13 sec CPU:  79.1%
mdfil_info:  60.0%   16 sec CPU:  79.2%
mdfil_info:  70.0%   19 sec CPU:  79.9%
mdfil_info:  80.0%   21 sec CPU:  80.6%
mdfil_info:  90.0%   23 sec CPU:  81.0%
mdfil_info: 100.0%   26 sec CPU:  80.2%
mdfil_info: 100.0%   26 sec CPU:  80.2%
