WARN: the 'eosmount' alias is deprecated, please use /eos directly
License ports: 28518@lxlicen01.cern.ch,28518@lxlicen02.cern.ch,28518@lxlicen03.cern.ch:/cvmfs/projects.cern.ch/intelsw/psxe/linux/licenses
Intel(R) Parallel Studio XE 2018 Update 2 for Linux*
Copyright (C) 2009-2018 Intel Corporation. All rights reserved.
2001
AMSCommonsI-I-HardwareIdentifiedAs Linux 3.10.0-957.10.1.el7.x86_64 x86_64 2
AMSCommonsI-I-Identified as LittleEndian 64 bit machine. 4294967295
AMSCommonsI-I-amsdatabase /cvmfs/ams.cern.ch/Offline/AMSDataDir/DataBase/
AMSCommonsI-I-MipsFromCPUInfo: 2195.1
AMSCommonsI-I-SystemIdentified as  Intel(R) Xeon(R) CPU E5-2630 v4 @ 2.20GHz
AMSCommonsI-I-ComputerEvaluatedAsMips 3512
AMS Software version v5.02/1220/12 built Fri Apr 19 23:54:38 2019

Geant4  Version 1033
Run ID: 24 Bartel: 58
Input Destination: /eos/ams/user/s/selu/mdst/He122/mdst_60441563.root
Output Destination: /afs/cern.ch/work/c/ctuysuz/private/he_flux/LSF/result_mc_time/time_58/he_flux_58_24.root
Add hist00 from /eos/ams/user/s/selu/mdst/He122/mdst_60441563.root
Start of Init
Use new binning
Start of Eventloop
Ntr, Nent= 1 440388
IsMC= 1
Parameter[0] = -2.68687
Parameter[1] = -3.02567
Parameter[2] = -3.60778
Parameter[3] = -5.55295
Parameter[4] = 0.272681
Parameter[5] = -2.49381
mdfil_info:  10.0%    7 sec CPU:  30.3%
mdfil_info:  20.0%   10 sec CPU:  38.7%
mdfil_info:  30.0%   14 sec CPU:  38.6%
mdfil_info:  40.0%   17 sec CPU:  42.0%
mdfil_info:  50.0%   21 sec CPU:  41.5%
mdfil_info:  60.0%   24 sec CPU:  44.6%
mdfil_info:  70.0%   28 sec CPU:  45.0%
mdfil_info:  80.0%   31 sec CPU:  45.4%
mdfil_info:  90.0%   35 sec CPU:  46.5%
mdfil_info: 100.0%   40 sec CPU:  44.6%
mdfil_info: 100.0%   40 sec CPU:  44.6%
16716
AMSCommonsI-I-HardwareIdentifiedAs Linux 3.10.0-957.10.1.el7.x86_64 x86_64 2
AMSCommonsI-I-Identified as LittleEndian 64 bit machine. 4294967295
AMSCommonsI-I-amsdatabase /cvmfs/ams.cern.ch/Offline/AMSDataDir/DataBase/
AMSCommonsI-I-MipsFromCPUInfo: 2195.1
AMSCommonsI-I-SystemIdentified as  Intel(R) Xeon(R) CPU E5-2630 v4 @ 2.20GHz
AMSCommonsI-I-ComputerEvaluatedAsMips 3512
AMS Software version v5.02/1220/12 built Fri Apr 19 23:54:38 2019

Geant4  Version 1033
Run ID: 206 Bartel: 31
Input Destination: /eos/ams/user/s/selu/mdst/He122/mdst_60441746.root
Output Destination: /afs/cern.ch/work/c/ctuysuz/private/he_flux/LSF/result_mc_time/time_31/he_flux_31_206.root
Add hist00 from /eos/ams/user/s/selu/mdst/He122/mdst_60441746.root
Start of Init
Use new binning
Start of Eventloop
Ntr, Nent= 1 438604
IsMC= 1
Parameter[0] = -2.78388
Parameter[1] = -3.06558
Parameter[2] = -3.62012
Parameter[3] = -5.56152
Parameter[4] = 0.319855
Parameter[5] = -2.41575
mdfil_info:  10.0%    2 sec CPU:  75.8%
mdfil_info:  20.0%    5 sec CPU:  82.6%
mdfil_info:  30.0%    7 sec CPU:  84.4%
mdfil_info:  40.0%    9 sec CPU:  85.8%
mdfil_info:  50.0%   11 sec CPU:  86.0%
mdfil_info:  60.0%   13 sec CPU:  85.9%
mdfil_info:  70.0%   15 sec CPU:  86.2%
mdfil_info:  80.0%   17 sec CPU:  86.1%
mdfil_info:  90.0%   19 sec CPU:  86.0%
mdfil_info: 100.0%   22 sec CPU:  86.1%
mdfil_info: 100.0%   22 sec CPU:  86.1%
31431
AMSCommonsI-I-HardwareIdentifiedAs Linux 3.10.0-957.10.1.el7.x86_64 x86_64 2
AMSCommonsI-I-Identified as LittleEndian 64 bit machine. 4294967295
AMSCommonsI-I-amsdatabase /cvmfs/ams.cern.ch/Offline/AMSDataDir/DataBase/
AMSCommonsI-I-MipsFromCPUInfo: 2195.1
AMSCommonsI-I-SystemIdentified as  Intel(R) Xeon(R) CPU E5-2630 v4 @ 2.20GHz
AMSCommonsI-I-ComputerEvaluatedAsMips 3512
AMS Software version v5.02/1220/12 built Fri Apr 19 23:54:38 2019

Geant4  Version 1033
Run ID: 388 Bartel: 4
Input Destination: /eos/ams/user/s/selu/mdst/He122/mdst_60442276.root
Output Destination: /afs/cern.ch/work/c/ctuysuz/private/he_flux/LSF/result_mc_time/time_4/he_flux_4_388.root
Add hist00 from /eos/ams/user/s/selu/mdst/He122/mdst_60442276.root
Start of Init
Use new binning
Start of Eventloop
Ntr, Nent= 1 439412
IsMC= 1
Parameter[0] = -2.61269
Parameter[1] = -3.01592
Parameter[2] = -3.59533
Parameter[3] = -5.49712
Parameter[4] = 0.0687066
Parameter[5] = -2.23552
mdfil_info:  10.0%   19 sec CPU:  10.9%
mdfil_info:  20.0%   25 sec CPU:  15.6%
mdfil_info:  30.0%   31 sec CPU:  18.6%
mdfil_info:  40.0%   37 sec CPU:  21.1%
mdfil_info:  50.0%   44 sec CPU:  22.2%
mdfil_info:  60.0%   50 sec CPU:  23.2%
mdfil_info:  70.0%   57 sec CPU:  23.7%
mdfil_info:  80.0%   63 sec CPU:  24.6%
mdfil_info:  90.0%   69 sec CPU:  25.2%
mdfil_info: 100.0%   77 sec CPU:  25.0%
mdfil_info: 100.0%   77 sec CPU:  25.0%
