WARN: the 'eosmount' alias is deprecated, please use /eos directly
License ports: 28518@lxlicen01.cern.ch,28518@lxlicen02.cern.ch,28518@lxlicen03.cern.ch:/cvmfs/projects.cern.ch/intelsw/psxe/linux/licenses
Intel(R) Parallel Studio XE 2018 Update 2 for Linux*
Copyright (C) 2009-2018 Intel Corporation. All rights reserved.
14488
AMSCommonsI-I-HardwareIdentifiedAs Linux 3.10.0-957.12.1.el7.x86_64 x86_64 2
AMSCommonsI-I-Identified as LittleEndian 64 bit machine. 4294967295
AMSCommonsI-I-amsdatabase /cvmfs/ams.cern.ch/Offline/AMSDataDir/DataBase/
AMSCommonsI-I-MipsFromCPUInfo: 2394.45
AMSCommonsI-I-SystemIdentified as  Intel Core Processor (Haswell, no TSX, IBRS)
AMSCommonsI-I-ComputerEvaluatedAsMips 3591
AMS Software version v5.02/1220/12 built Fri Apr 19 23:54:38 2019

Geant4  Version 1033
Run ID: 178 Bartel: 71
Input Destination: /eos/ams/user/s/selu/mdst/He122/mdst_60441718.root
Output Destination: /afs/cern.ch/work/c/ctuysuz/private/he_flux/LSF/result_mc_time/time_71/he_flux_71_178.root
Add hist00 from /eos/ams/user/s/selu/mdst/He122/mdst_60441718.root
Start of Init
Use new binning
Start of Eventloop
Ntr, Nent= 1 437636
IsMC= 1
Parameter[0] = -2.54894
Parameter[1] = -2.98273
Parameter[2] = -3.58454
Parameter[3] = -5.47731
Parameter[4] = 0.0989745
Parameter[5] = -2.00648
mdfil_info:  10.0%   16 sec CPU:  12.2%
mdfil_info:  20.0%   20 sec CPU:  17.2%
mdfil_info:  30.0%   25 sec CPU:  20.5%
mdfil_info:  40.0%   38 sec CPU:  18.5%
mdfil_info:  50.0%   45 sec CPU:  18.8%
mdfil_info:  60.0%   52 sec CPU:  19.4%
mdfil_info:  70.0%   61 sec CPU:  19.3%
mdfil_info:  80.0%   67 sec CPU:  20.1%
mdfil_info:  90.0%   73 sec CPU:  21.0%
mdfil_info: 100.0%   79 sec CPU:  21.5%
mdfil_info: 100.0%   79 sec CPU:  21.5%
29203
AMSCommonsI-I-HardwareIdentifiedAs Linux 3.10.0-957.12.1.el7.x86_64 x86_64 2
AMSCommonsI-I-Identified as LittleEndian 64 bit machine. 4294967295
AMSCommonsI-I-amsdatabase /cvmfs/ams.cern.ch/Offline/AMSDataDir/DataBase/
AMSCommonsI-I-MipsFromCPUInfo: 2394.45
AMSCommonsI-I-SystemIdentified as  Intel Core Processor (Haswell, no TSX, IBRS)
AMSCommonsI-I-ComputerEvaluatedAsMips 3591
AMS Software version v5.02/1220/12 built Fri Apr 19 23:54:38 2019

Geant4  Version 1033
Run ID: 360 Bartel: 44
Input Destination: /eos/ams/user/s/selu/mdst/He122/mdst_60442248.root
Output Destination: /afs/cern.ch/work/c/ctuysuz/private/he_flux/LSF/result_mc_time/time_44/he_flux_44_360.root
Add hist00 from /eos/ams/user/s/selu/mdst/He122/mdst_60442248.root
Start of Init
Use new binning
Start of Eventloop
Ntr, Nent= 1 434103
IsMC= 1
Parameter[0] = -2.74861
Parameter[1] = -3.04436
Parameter[2] = -3.60474
Parameter[3] = -5.57371
Parameter[4] = 0.412165
Parameter[5] = -2.55999
mdfil_info:  10.0%   15 sec CPU:  12.2%
mdfil_info:  20.0%   19 sec CPU:  17.1%
mdfil_info:  30.0%   24 sec CPU:  20.0%
mdfil_info:  40.0%   29 sec CPU:  22.1%
mdfil_info:  50.0%   33 sec CPU:  23.6%
mdfil_info:  60.0%   38 sec CPU:  24.6%
mdfil_info:  70.0%   43 sec CPU:  25.9%
mdfil_info:  80.0%   47 sec CPU:  27.0%
mdfil_info:  90.0%   52 sec CPU:  27.7%
mdfil_info: 100.0%   56 sec CPU:  28.2%
mdfil_info: 100.0%   56 sec CPU:  28.2%
43918
AMSCommonsI-I-HardwareIdentifiedAs Linux 3.10.0-957.12.1.el7.x86_64 x86_64 2
AMSCommonsI-I-Identified as LittleEndian 64 bit machine. 4294967295
AMSCommonsI-I-amsdatabase /cvmfs/ams.cern.ch/Offline/AMSDataDir/DataBase/
AMSCommonsI-I-MipsFromCPUInfo: 2394.45
AMSCommonsI-I-SystemIdentified as  Intel Core Processor (Haswell, no TSX, IBRS)
AMSCommonsI-I-ComputerEvaluatedAsMips 3591
AMS Software version v5.02/1220/12 built Fri Apr 19 23:54:38 2019

Geant4  Version 1033
Run ID: 542 Bartel: 17
Input Destination: /eos/ams/user/s/selu/mdst/He314/mdst_120929947.root
Output Destination: /afs/cern.ch/work/c/ctuysuz/private/he_flux/LSF/result_mc_time/time_17/he_flux_17_542.root
Add hist00 from /eos/ams/user/s/selu/mdst/He314/mdst_120929947.root
Start of Init
Use new binning
Start of Eventloop
Ntr, Nent= 1 122601
IsMC= 1
Parameter[0] = -2.73465
Parameter[1] = -3.05909
Parameter[2] = -3.61586
Parameter[3] = -5.54961
Parameter[4] = 0.318406
Parameter[5] = -2.36477
mdfil_info:  10.0%    1 sec CPU:  77.5%
mdfil_info:  20.0%    1 sec CPU:  78.1%
mdfil_info:  30.0%    2 sec CPU:  79.5%
mdfil_info:  40.0%    2 sec CPU:  81.6%
mdfil_info:  50.0%    3 sec CPU:  83.4%
mdfil_info:  60.0%    3 sec CPU:  84.8%
mdfil_info:  70.0%    4 sec CPU:  85.6%
mdfil_info:  80.0%    4 sec CPU:  86.4%
mdfil_info:  90.0%    5 sec CPU:  86.9%
mdfil_info: 100.0%    5 sec CPU:  87.4%
mdfil_info: 100.0%    5 sec CPU:  87.4%
