WARN: the 'eosmount' alias is deprecated, please use /eos directly
License ports: 28518@lxlicen01.cern.ch,28518@lxlicen02.cern.ch,28518@lxlicen03.cern.ch:/cvmfs/projects.cern.ch/intelsw/psxe/linux/licenses
Intel(R) Parallel Studio XE 2018 Update 2 for Linux*
Copyright (C) 2009-2018 Intel Corporation. All rights reserved.
8530
AMSCommonsI-I-HardwareIdentifiedAs Linux 3.10.0-957.12.1.el7.x86_64 x86_64 2
AMSCommonsI-I-Identified as LittleEndian 64 bit machine. 4294967295
AMSCommonsI-I-amsdatabase /cvmfs/ams.cern.ch/Offline/AMSDataDir/DataBase/
AMSCommonsI-I-MipsFromCPUInfo: 2394.45
AMSCommonsI-I-SystemIdentified as  Intel(R) Xeon(R) CPU E5-2630 v3 @ 2.40GHz
AMSCommonsI-I-ComputerEvaluatedAsMips 3831
AMS Software version v5.02/1220/12 built Fri Apr 19 23:54:38 2019

Geant4  Version 1033
Run ID: 105 Bartel: 26
Input Destination: /eos/ams/user/s/selu/mdst/He122/mdst_60441645.root
Output Destination: /afs/cern.ch/work/c/ctuysuz/private/he_flux/LSF/result_mc_time/time_26/he_flux_26_105.root
Add hist00 from /eos/ams/user/s/selu/mdst/He122/mdst_60441645.root
Start of Init
Use new binning
Start of Eventloop
Ntr, Nent= 1 439858
IsMC= 1
Parameter[0] = -2.69537
Parameter[1] = -3.03409
Parameter[2] = -3.6054
Parameter[3] = -5.53507
Parameter[4] = 0.209297
Parameter[5] = -2.37536
mdfil_info:  10.0%   16 sec CPU:  14.9%
mdfil_info:  20.0%   21 sec CPU:  21.1%
mdfil_info:  30.0%   26 sec CPU:  25.2%
mdfil_info:  40.0%   31 sec CPU:  28.0%
mdfil_info:  50.0%   37 sec CPU:  29.8%
mdfil_info:  60.0%   42 sec CPU:  31.1%
mdfil_info:  70.0%   47 sec CPU:  31.9%
mdfil_info:  80.0%   53 sec CPU:  32.6%
mdfil_info:  90.0%   58 sec CPU:  33.1%
mdfil_info: 100.0%   64 sec CPU:  33.5%
mdfil_info: 100.0%   64 sec CPU:  33.5%
23245
AMSCommonsI-I-HardwareIdentifiedAs Linux 3.10.0-957.12.1.el7.x86_64 x86_64 2
AMSCommonsI-I-Identified as LittleEndian 64 bit machine. 4294967295
AMSCommonsI-I-amsdatabase /cvmfs/ams.cern.ch/Offline/AMSDataDir/DataBase/
AMSCommonsI-I-MipsFromCPUInfo: 2394.45
AMSCommonsI-I-SystemIdentified as  Intel(R) Xeon(R) CPU E5-2630 v3 @ 2.40GHz
AMSCommonsI-I-ComputerEvaluatedAsMips 3831
AMS Software version v5.02/1220/12 built Fri Apr 19 23:54:38 2019

Geant4  Version 1033
Run ID: 286 Bartel: 80
Input Destination: /eos/ams/user/s/selu/mdst/He122/mdst_60441826.root
Output Destination: /afs/cern.ch/work/c/ctuysuz/private/he_flux/LSF/result_mc_time/time_80/he_flux_80_286.root
Add hist00 from /eos/ams/user/s/selu/mdst/He122/mdst_60441826.root
Start of Init
Use new binning
Start of Eventloop
Ntr, Nent= 1 441256
IsMC= 1
Parameter[0] = -2.47357
Parameter[1] = -2.95263
Parameter[2] = -3.57222
Parameter[3] = -5.51993
Parameter[4] = -0.016679
Parameter[5] = -2.31576
mdfil_info:  10.0%    3 sec CPU:  80.4%
mdfil_info:  20.0%    4 sec CPU:  85.7%
mdfil_info:  30.0%    6 sec CPU:  87.6%
mdfil_info:  40.0%    8 sec CPU:  88.7%
mdfil_info:  50.0%   10 sec CPU:  89.4%
mdfil_info:  60.0%   12 sec CPU:  89.9%
mdfil_info:  70.0%   14 sec CPU:  90.9%
mdfil_info:  80.0%   16 sec CPU:  91.3%
mdfil_info:  90.0%   17 sec CPU:  91.3%
mdfil_info: 100.0%   19 sec CPU:  91.4%
mdfil_info: 100.0%   19 sec CPU:  91.4%
37960
AMSCommonsI-I-HardwareIdentifiedAs Linux 3.10.0-957.12.1.el7.x86_64 x86_64 2
AMSCommonsI-I-Identified as LittleEndian 64 bit machine. 4294967295
AMSCommonsI-I-amsdatabase /cvmfs/ams.cern.ch/Offline/AMSDataDir/DataBase/
AMSCommonsI-I-MipsFromCPUInfo: 2394.45
AMSCommonsI-I-SystemIdentified as  Intel(R) Xeon(R) CPU E5-2630 v3 @ 2.40GHz
AMSCommonsI-I-ComputerEvaluatedAsMips 3831
AMS Software version v5.02/1220/12 built Fri Apr 19 23:54:38 2019

Geant4  Version 1033
Run ID: 468 Bartel: 53
Input Destination: /eos/ams/user/s/selu/mdst/He314/mdst_120929868.root
Output Destination: /afs/cern.ch/work/c/ctuysuz/private/he_flux/LSF/result_mc_time/time_53/he_flux_53_468.root
Add hist00 from /eos/ams/user/s/selu/mdst/He314/mdst_120929868.root
Start of Init
Use new binning
Start of Eventloop
Ntr, Nent= 1 109603
IsMC= 1
Parameter[0] = -2.79614
Parameter[1] = -3.0736
Parameter[2] = -3.62637
Parameter[3] = -5.54999
Parameter[4] = 0.554084
Parameter[5] = -2.43435
mdfil_info:  10.0%    1 sec CPU:  77.4%
mdfil_info:  20.0%    1 sec CPU:  80.9%
mdfil_info:  30.0%    2 sec CPU:  79.0%
mdfil_info:  40.0%    2 sec CPU:  81.5%
mdfil_info:  50.0%    3 sec CPU:  83.3%
mdfil_info:  60.0%    3 sec CPU:  84.2%
mdfil_info:  70.0%    4 sec CPU:  85.7%
mdfil_info:  80.0%    4 sec CPU:  86.7%
mdfil_info:  90.0%    5 sec CPU:  87.4%
mdfil_info: 100.0%    5 sec CPU:  87.8%
mdfil_info: 100.0%    5 sec CPU:  87.8%
