WARN: the 'eosmount' alias is deprecated, please use /eos directly
License ports: 28518@lxlicen01.cern.ch,28518@lxlicen02.cern.ch,28518@lxlicen03.cern.ch:/cvmfs/projects.cern.ch/intelsw/psxe/linux/licenses
Intel(R) Parallel Studio XE 2018 Update 2 for Linux*
Copyright (C) 2009-2018 Intel Corporation. All rights reserved.
14018
AMSCommonsI-I-HardwareIdentifiedAs Linux 3.10.0-957.5.1.el7.x86_64 x86_64 2
AMSCommonsI-I-Identified as LittleEndian 64 bit machine. 4294967295
AMSCommonsI-I-amsdatabase /cvmfs/ams.cern.ch/Offline/AMSDataDir/DataBase/
AMSCommonsI-I-MipsFromCPUInfo: 2195.1
AMSCommonsI-I-SystemIdentified as  Intel(R) Xeon(R) CPU E5-2630 v4 @ 2.20GHz
AMSCommonsI-I-ComputerEvaluatedAsMips 3512
AMS Software version v5.02/1220/12 built Fri Apr 19 23:54:38 2019

Geant4  Version 1033
Run ID: 173 Bartel: 6
Input Destination: /eos/ams/user/s/selu/mdst/He122/mdst_60441713.root
Output Destination: /afs/cern.ch/work/c/ctuysuz/private/he_flux/LSF/result_mc_time/time_6/he_flux_6_173.root
Add hist00 from /eos/ams/user/s/selu/mdst/He122/mdst_60441713.root
Start of Init
Use new binning
Start of Eventloop
Ntr, Nent= 1 435966
IsMC= 1
Parameter[0] = -2.65952
Parameter[1] = -3.04006
Parameter[2] = -3.62379
Parameter[3] = -5.53311
Parameter[4] = 0.0821767
Parameter[5] = -2.36872
mdfil_info:  10.0%    3 sec CPU:  78.2%
mdfil_info:  20.0%    5 sec CPU:  82.4%
mdfil_info:  30.0%    7 sec CPU:  82.0%
mdfil_info:  40.0%   10 sec CPU:  83.4%
mdfil_info:  50.0%   12 sec CPU:  83.6%
mdfil_info:  60.0%   14 sec CPU:  84.1%
mdfil_info:  70.0%   16 sec CPU:  84.5%
mdfil_info:  80.0%   18 sec CPU:  84.9%
mdfil_info:  90.0%   20 sec CPU:  85.3%
mdfil_info: 100.0%   22 sec CPU:  85.6%
mdfil_info: 100.0%   22 sec CPU:  85.6%
28733
AMSCommonsI-I-HardwareIdentifiedAs Linux 3.10.0-957.5.1.el7.x86_64 x86_64 2
AMSCommonsI-I-Identified as LittleEndian 64 bit machine. 4294967295
AMSCommonsI-I-amsdatabase /cvmfs/ams.cern.ch/Offline/AMSDataDir/DataBase/
AMSCommonsI-I-MipsFromCPUInfo: 2195.1
AMSCommonsI-I-SystemIdentified as  Intel(R) Xeon(R) CPU E5-2630 v4 @ 2.20GHz
AMSCommonsI-I-ComputerEvaluatedAsMips 3512
AMS Software version v5.02/1220/12 built Fri Apr 19 23:54:38 2019

Geant4  Version 1033
Run ID: 354 Bartel: 60
Input Destination: /eos/ams/user/s/selu/mdst/He122/mdst_60442242.root
Output Destination: /afs/cern.ch/work/c/ctuysuz/private/he_flux/LSF/result_mc_time/time_60/he_flux_60_354.root
Add hist00 from /eos/ams/user/s/selu/mdst/He122/mdst_60442242.root
Start of Init
Use new binning
Start of Eventloop
Ntr, Nent= 1 436354
IsMC= 1
Parameter[0] = -2.68018
Parameter[1] = -3.02446
Parameter[2] = -3.60716
Parameter[3] = -5.58914
Parameter[4] = 0.411118
Parameter[5] = -2.63403
mdfil_info:  10.0%    3 sec CPU:  75.0%
mdfil_info:  20.0%    5 sec CPU:  81.2%
mdfil_info:  30.0%    7 sec CPU:  83.5%
mdfil_info:  40.0%    9 sec CPU:  82.4%
mdfil_info:  50.0%   11 sec CPU:  83.7%
mdfil_info:  60.0%   14 sec CPU:  84.2%
mdfil_info:  70.0%   16 sec CPU:  84.4%
mdfil_info:  80.0%   18 sec CPU:  84.6%
mdfil_info:  90.0%   20 sec CPU:  84.7%
mdfil_info: 100.0%   22 sec CPU:  85.0%
mdfil_info: 100.0%   22 sec CPU:  85.0%
43448
AMSCommonsI-I-HardwareIdentifiedAs Linux 3.10.0-957.5.1.el7.x86_64 x86_64 2
AMSCommonsI-I-Identified as LittleEndian 64 bit machine. 4294967295
AMSCommonsI-I-amsdatabase /cvmfs/ams.cern.ch/Offline/AMSDataDir/DataBase/
AMSCommonsI-I-MipsFromCPUInfo: 2195.1
AMSCommonsI-I-SystemIdentified as  Intel(R) Xeon(R) CPU E5-2630 v4 @ 2.20GHz
AMSCommonsI-I-ComputerEvaluatedAsMips 3512
AMS Software version v5.02/1220/12 built Fri Apr 19 23:54:38 2019

Geant4  Version 1033
Run ID: 536 Bartel: 33
Input Destination: /eos/ams/user/s/selu/mdst/He314/mdst_120929941.root
Output Destination: /afs/cern.ch/work/c/ctuysuz/private/he_flux/LSF/result_mc_time/time_33/he_flux_33_536.root
Add hist00 from /eos/ams/user/s/selu/mdst/He314/mdst_120929941.root
Start of Init
Use new binning
Start of Eventloop
Ntr, Nent= 1 122511
IsMC= 1
Parameter[0] = -2.77717
Parameter[1] = -3.0473
Parameter[2] = -3.60062
Parameter[3] = -5.54545
Parameter[4] = 0.481599
Parameter[5] = -2.38362
mdfil_info:  10.0%    7 sec CPU:   9.4%
mdfil_info:  20.0%   13 sec CPU:  10.0%
mdfil_info:  30.0%   18 sec CPU:  11.1%
mdfil_info:  40.0%   20 sec CPU:  12.6%
mdfil_info:  50.0%   22 sec CPU:  14.5%
mdfil_info:  60.0%   24 sec CPU:  16.0%
mdfil_info:  70.0%   25 sec CPU:  17.2%
mdfil_info:  80.0%   27 sec CPU:  18.6%
mdfil_info:  90.0%   29 sec CPU:  19.7%
mdfil_info: 100.0%   30 sec CPU:  20.6%
mdfil_info: 100.0%   30 sec CPU:  20.6%
