WARN: the 'eosmount' alias is deprecated, please use /eos directly
License ports: 28518@lxlicen01.cern.ch,28518@lxlicen02.cern.ch,28518@lxlicen03.cern.ch:/cvmfs/projects.cern.ch/intelsw/psxe/linux/licenses
Intel(R) Parallel Studio XE 2018 Update 2 for Linux*
Copyright (C) 2009-2018 Intel Corporation. All rights reserved.
10043
AMSCommonsI-I-HardwareIdentifiedAs Linux 3.10.0-957.10.1.el7.x86_64 x86_64 2
AMSCommonsI-I-Identified as LittleEndian 64 bit machine. 4294967295
AMSCommonsI-I-amsdatabase /cvmfs/ams.cern.ch/Offline/AMSDataDir/DataBase/
AMSCommonsI-I-MipsFromCPUInfo: 2194.92
AMSCommonsI-I-SystemIdentified as  Intel(R) Xeon(R) CPU E5-2630 v4 @ 2.20GHz
AMSCommonsI-I-ComputerEvaluatedAsMips 3511
AMS Software version v5.02/1220/12 built Fri Apr 19 23:54:38 2019

Geant4  Version 1033
Run ID: 123 Bartel: 81
Input Destination: /eos/ams/user/s/selu/mdst/He122/mdst_60441663.root
Output Destination: /afs/cern.ch/work/c/ctuysuz/private/he_flux/LSF/result_mc_time/time_81/he_flux_81_123.root
Add hist00 from /eos/ams/user/s/selu/mdst/He122/mdst_60441663.root
Start of Init
Use new binning
Start of Eventloop
Ntr, Nent= 1 436817
IsMC= 1
Parameter[0] = -2.48037
Parameter[1] = -2.95644
Parameter[2] = -3.57046
Parameter[3] = -5.46876
Parameter[4] = -0.0472079
Parameter[5] = -1.99045
mdfil_info:  10.0%   19 sec CPU:  11.4%
mdfil_info:  20.0%   27 sec CPU:  15.4%
mdfil_info:  30.0%   34 sec CPU:  18.1%
mdfil_info:  40.0%   42 sec CPU:  19.7%
mdfil_info:  50.0%   49 sec CPU:  21.0%
mdfil_info:  60.0%   57 sec CPU:  21.7%
mdfil_info:  70.0%   65 sec CPU:  22.3%
mdfil_info:  80.0%   72 sec CPU:  23.0%
mdfil_info:  90.0%   79 sec CPU:  23.6%
mdfil_info: 100.0%   87 sec CPU:  23.8%
mdfil_info: 100.0%   87 sec CPU:  23.8%
24758
AMSCommonsI-I-HardwareIdentifiedAs Linux 3.10.0-957.10.1.el7.x86_64 x86_64 2
AMSCommonsI-I-Identified as LittleEndian 64 bit machine. 4294967295
AMSCommonsI-I-amsdatabase /cvmfs/ams.cern.ch/Offline/AMSDataDir/DataBase/
AMSCommonsI-I-MipsFromCPUInfo: 2194.92
AMSCommonsI-I-SystemIdentified as  Intel(R) Xeon(R) CPU E5-2630 v4 @ 2.20GHz
AMSCommonsI-I-ComputerEvaluatedAsMips 3511
AMS Software version v5.02/1220/12 built Fri Apr 19 23:54:38 2019

Geant4  Version 1033
Run ID: 305 Bartel: 54
Input Destination: /eos/ams/user/s/selu/mdst/He122/mdst_60441845.root
Output Destination: /afs/cern.ch/work/c/ctuysuz/private/he_flux/LSF/result_mc_time/time_54/he_flux_54_305.root
Add hist00 from /eos/ams/user/s/selu/mdst/He122/mdst_60441845.root
Start of Init
Use new binning
Start of Eventloop
Ntr, Nent= 1 419580
IsMC= 1
Parameter[0] = -2.78801
Parameter[1] = -3.07185
Parameter[2] = -3.62903
Parameter[3] = -5.57585
Parameter[4] = 0.451953
Parameter[5] = -2.58019
mdfil_info:  10.0%    7 sec CPU:  31.2%
mdfil_info:  20.0%   13 sec CPU:  32.2%
mdfil_info:  30.0%   16 sec CPU:  38.1%
mdfil_info:  40.0%   20 sec CPU:  38.7%
mdfil_info:  50.0%   27 sec CPU:  35.4%
mdfil_info:  60.0%   31 sec CPU:  37.2%
mdfil_info:  70.0%   34 sec CPU:  39.4%
mdfil_info:  80.0%   41 sec CPU:  37.4%
mdfil_info:  90.0%   44 sec CPU:  38.7%
mdfil_info: 100.0%   48 sec CPU:  39.4%
39473
AMSCommonsI-I-HardwareIdentifiedAs Linux 3.10.0-957.10.1.el7.x86_64 x86_64 2
AMSCommonsI-I-Identified as LittleEndian 64 bit machine. 4294967295
AMSCommonsI-I-amsdatabase /cvmfs/ams.cern.ch/Offline/AMSDataDir/DataBase/
AMSCommonsI-I-MipsFromCPUInfo: 2194.92
AMSCommonsI-I-SystemIdentified as  Intel(R) Xeon(R) CPU E5-2630 v4 @ 2.20GHz
AMSCommonsI-I-ComputerEvaluatedAsMips 3511
AMS Software version v5.02/1220/12 built Fri Apr 19 23:54:38 2019

Geant4  Version 1033
Run ID: 487 Bartel: 27
Input Destination: /eos/ams/user/s/selu/mdst/He314/mdst_120929887.root
Output Destination: /afs/cern.ch/work/c/ctuysuz/private/he_flux/LSF/result_mc_time/time_27/he_flux_27_487.root
Add hist00 from /eos/ams/user/s/selu/mdst/He314/mdst_120929887.root
Start of Init
Use new binning
Start of Eventloop
Ntr, Nent= 1 109360
IsMC= 1
Parameter[0] = -2.70724
Parameter[1] = -3.04642
Parameter[2] = -3.62117
Parameter[3] = -5.56267
Parameter[4] = 0.257638
Parameter[5] = -2.47221
mdfil_info:  10.0%    3 sec CPU:  17.4%
mdfil_info:  20.0%    5 sec CPU:  22.3%
mdfil_info:  30.0%    6 sec CPU:  28.6%
mdfil_info:  40.0%    7 sec CPU:  34.4%
mdfil_info:  50.0%    7 sec CPU:  38.5%
mdfil_info:  60.0%    8 sec CPU:  42.1%
mdfil_info:  70.0%    9 sec CPU:  45.1%
mdfil_info:  80.0%    9 sec CPU:  47.8%
mdfil_info:  90.0%   10 sec CPU:  50.5%
mdfil_info: 100.0%   10 sec CPU:  52.4%
