WARN: the 'eosmount' alias is deprecated, please use /eos directly
License ports: 28518@lxlicen01.cern.ch,28518@lxlicen02.cern.ch,28518@lxlicen03.cern.ch:/cvmfs/projects.cern.ch/intelsw/psxe/linux/licenses
Intel(R) Parallel Studio XE 2018 Update 2 for Linux*
Copyright (C) 2009-2018 Intel Corporation. All rights reserved.
1111
AMSCommonsI-I-HardwareIdentifiedAs Linux 3.10.0-957.10.1.el7.x86_64 x86_64 2
AMSCommonsI-I-Identified as LittleEndian 64 bit machine. 4294967295
AMSCommonsI-I-amsdatabase /cvmfs/ams.cern.ch/Offline/AMSDataDir/DataBase/
AMSCommonsI-I-MipsFromCPUInfo: 2194.92
AMSCommonsI-I-SystemIdentified as  Intel(R) Xeon(R) CPU E5-2630 v4 @ 2.20GHz
AMSCommonsI-I-ComputerEvaluatedAsMips 3511
AMS Software version v5.02/1220/12 built Fri Apr 19 23:54:38 2019

Geant4  Version 1033
Run ID: 13 Bartel: 59
Input Destination: /eos/ams/user/s/selu/mdst/He122/mdst_60441552.root
Output Destination: /afs/cern.ch/work/c/ctuysuz/private/he_flux/LSF/result_mc_time/time_59/he_flux_59_13.root
Add hist00 from /eos/ams/user/s/selu/mdst/He122/mdst_60441552.root
Start of Init
Use new binning
Start of Eventloop
Ntr, Nent= 1 440496
IsMC= 1
Parameter[0] = -2.68656
Parameter[1] = -3.03432
Parameter[2] = -3.61157
Parameter[3] = -5.53634
Parameter[4] = 0.355938
Parameter[5] = -2.28628
mdfil_info:  10.0%   17 sec CPU:  11.2%
mdfil_info:  20.0%   23 sec CPU:  15.3%
mdfil_info:  30.0%   30 sec CPU:  17.8%
mdfil_info:  40.0%   36 sec CPU:  19.4%
mdfil_info:  50.0%   44 sec CPU:  19.9%
mdfil_info:  60.0%   52 sec CPU:  20.1%
mdfil_info:  70.0%   60 sec CPU:  20.3%
mdfil_info:  80.0%   68 sec CPU:  20.5%
mdfil_info:  90.0%   75 sec CPU:  21.0%
mdfil_info: 100.0%   81 sec CPU:  21.3%
mdfil_info: 100.0%   81 sec CPU:  21.3%
15826
AMSCommonsI-I-HardwareIdentifiedAs Linux 3.10.0-957.10.1.el7.x86_64 x86_64 2
AMSCommonsI-I-Identified as LittleEndian 64 bit machine. 4294967295
AMSCommonsI-I-amsdatabase /cvmfs/ams.cern.ch/Offline/AMSDataDir/DataBase/
AMSCommonsI-I-MipsFromCPUInfo: 2194.92
AMSCommonsI-I-SystemIdentified as  Intel(R) Xeon(R) CPU E5-2630 v4 @ 2.20GHz
AMSCommonsI-I-ComputerEvaluatedAsMips 3511
AMS Software version v5.02/1220/12 built Fri Apr 19 23:54:38 2019

Geant4  Version 1033
Run ID: 195 Bartel: 32
Input Destination: /eos/ams/user/s/selu/mdst/He122/mdst_60441735.root
Output Destination: /afs/cern.ch/work/c/ctuysuz/private/he_flux/LSF/result_mc_time/time_32/he_flux_32_195.root
Add hist00 from /eos/ams/user/s/selu/mdst/He122/mdst_60441735.root
Start of Init
Use new binning
Start of Eventloop
Ntr, Nent= 1 438075
IsMC= 1
Parameter[0] = -2.77785
Parameter[1] = -3.05134
Parameter[2] = -3.60147
Parameter[3] = -5.53079
Parameter[4] = 0.319411
Parameter[5] = -2.38899
mdfil_info:  10.0%    2 sec CPU: 100.0%
mdfil_info:  20.0%    3 sec CPU: 100.2%
mdfil_info:  30.0%    5 sec CPU: 100.0%
mdfil_info:  40.0%    6 sec CPU: 100.0%
mdfil_info:  50.0%    8 sec CPU: 100.0%
mdfil_info:  60.0%    9 sec CPU: 100.0%
mdfil_info:  70.0%   11 sec CPU: 100.1%
mdfil_info:  80.0%   12 sec CPU: 100.0%
mdfil_info:  90.0%   14 sec CPU: 100.1%
mdfil_info: 100.0%   15 sec CPU: 100.0%
mdfil_info: 100.0%   15 sec CPU: 100.0%
30541
AMSCommonsI-I-HardwareIdentifiedAs Linux 3.10.0-957.10.1.el7.x86_64 x86_64 2
AMSCommonsI-I-Identified as LittleEndian 64 bit machine. 4294967295
AMSCommonsI-I-amsdatabase /cvmfs/ams.cern.ch/Offline/AMSDataDir/DataBase/
AMSCommonsI-I-MipsFromCPUInfo: 2194.92
AMSCommonsI-I-SystemIdentified as  Intel(R) Xeon(R) CPU E5-2630 v4 @ 2.20GHz
AMSCommonsI-I-ComputerEvaluatedAsMips 3511
AMS Software version v5.02/1220/12 built Fri Apr 19 23:54:38 2019

Geant4  Version 1033
Run ID: 377 Bartel: 5
Input Destination: /eos/ams/user/s/selu/mdst/He122/mdst_60442265.root
Output Destination: /afs/cern.ch/work/c/ctuysuz/private/he_flux/LSF/result_mc_time/time_5/he_flux_5_377.root
Add hist00 from /eos/ams/user/s/selu/mdst/He122/mdst_60442265.root
Start of Init
Use new binning
Start of Eventloop
Ntr, Nent= 1 436489
IsMC= 1
Parameter[0] = -2.62631
Parameter[1] = -3.02179
Parameter[2] = -3.60875
Parameter[3] = -5.5302
Parameter[4] = 0.0850909
Parameter[5] = -2.38189
mdfil_info:  10.0%    2 sec CPU: 100.3%
mdfil_info:  20.0%    3 sec CPU: 100.0%
mdfil_info:  30.0%    5 sec CPU:  99.9%
mdfil_info:  40.0%    6 sec CPU: 100.0%
mdfil_info:  50.0%   10 sec CPU:  81.5%
mdfil_info:  60.0%   17 sec CPU:  57.7%
mdfil_info:  70.0%   23 sec CPU:  49.5%
mdfil_info:  80.0%   29 sec CPU:  44.6%
mdfil_info:  90.0%   35 sec CPU:  41.9%
mdfil_info: 100.0%   42 sec CPU:  39.3%
mdfil_info: 100.0%   42 sec CPU:  39.3%
