WARN: the 'eosmount' alias is deprecated, please use /eos directly
License ports: 28518@lxlicen01.cern.ch,28518@lxlicen02.cern.ch,28518@lxlicen03.cern.ch:/cvmfs/projects.cern.ch/intelsw/psxe/linux/licenses
Intel(R) Parallel Studio XE 2018 Update 2 for Linux*
Copyright (C) 2009-2018 Intel Corporation. All rights reserved.
12366
AMSCommonsI-I-HardwareIdentifiedAs Linux 3.10.0-957.12.1.el7.x86_64 x86_64 2
AMSCommonsI-I-Identified as LittleEndian 64 bit machine. 4294967295
AMSCommonsI-I-amsdatabase /cvmfs/ams.cern.ch/Offline/AMSDataDir/DataBase/
AMSCommonsI-I-MipsFromCPUInfo: 2394.45
AMSCommonsI-I-SystemIdentified as  Intel Core Processor (Haswell, no TSX, IBRS)
AMSCommonsI-I-ComputerEvaluatedAsMips 3591
AMS Software version v5.02/1220/12 built Fri Apr 19 23:54:38 2019

Geant4  Version 1033
Run ID: 152 Bartel: 55
Input Destination: /eos/ams/user/s/selu/mdst/He122/mdst_60441692.root
Output Destination: /afs/cern.ch/work/c/ctuysuz/private/he_flux/LSF/result_mc_time/time_55/he_flux_55_152.root
Add hist00 from /eos/ams/user/s/selu/mdst/He122/mdst_60441692.root
Start of Init
Use new binning
Start of Eventloop
Ntr, Nent= 1 437250
IsMC= 1
Parameter[0] = -2.74163
Parameter[1] = -3.05076
Parameter[2] = -3.61683
Parameter[3] = -5.57138
Parameter[4] = 0.434624
Parameter[5] = -2.47013
mdfil_info:  10.0%   16 sec CPU:  12.7%
mdfil_info:  20.0%   22 sec CPU:  17.8%
mdfil_info:  30.0%   28 sec CPU:  20.9%
mdfil_info:  40.0%   34 sec CPU:  22.3%
mdfil_info:  50.0%   41 sec CPU:  23.2%
mdfil_info:  60.0%   47 sec CPU:  24.1%
mdfil_info:  70.0%   54 sec CPU:  24.4%
mdfil_info:  80.0%   63 sec CPU:  23.8%
mdfil_info:  90.0%   69 sec CPU:  24.7%
mdfil_info: 100.0%   75 sec CPU:  25.4%
27081
AMSCommonsI-I-HardwareIdentifiedAs Linux 3.10.0-957.12.1.el7.x86_64 x86_64 2
AMSCommonsI-I-Identified as LittleEndian 64 bit machine. 4294967295
AMSCommonsI-I-amsdatabase /cvmfs/ams.cern.ch/Offline/AMSDataDir/DataBase/
AMSCommonsI-I-MipsFromCPUInfo: 2394.45
AMSCommonsI-I-SystemIdentified as  Intel Core Processor (Haswell, no TSX, IBRS)
AMSCommonsI-I-ComputerEvaluatedAsMips 3591
AMS Software version v5.02/1220/12 built Fri Apr 19 23:54:38 2019

Geant4  Version 1033
Run ID: 334 Bartel: 28
Input Destination: /eos/ams/user/s/selu/mdst/He122/mdst_60441874.root
Output Destination: /afs/cern.ch/work/c/ctuysuz/private/he_flux/LSF/result_mc_time/time_28/he_flux_28_334.root
Add hist00 from /eos/ams/user/s/selu/mdst/He122/mdst_60441874.root
Start of Init
Use new binning
Start of Eventloop
Ntr, Nent= 1 435413
IsMC= 1
Parameter[0] = -2.78708
Parameter[1] = -3.08521
Parameter[2] = -3.63404
Parameter[3] = -5.57737
Parameter[4] = 0.368582
Parameter[5] = -2.54212
mdfil_info:  10.0%    3 sec CPU:  74.1%
mdfil_info:  20.0%    5 sec CPU:  80.6%
mdfil_info:  30.0%    7 sec CPU:  82.3%
mdfil_info:  40.0%    9 sec CPU:  83.0%
mdfil_info:  50.0%   11 sec CPU:  84.0%
mdfil_info:  60.0%   13 sec CPU:  85.0%
mdfil_info:  70.0%   16 sec CPU:  85.5%
mdfil_info:  80.0%   17 sec CPU:  86.1%
mdfil_info:  90.0%   19 sec CPU:  86.5%
mdfil_info: 100.0%   21 sec CPU:  86.9%
mdfil_info: 100.0%   21 sec CPU:  86.9%
41796
AMSCommonsI-I-HardwareIdentifiedAs Linux 3.10.0-957.12.1.el7.x86_64 x86_64 2
AMSCommonsI-I-Identified as LittleEndian 64 bit machine. 4294967295
AMSCommonsI-I-amsdatabase /cvmfs/ams.cern.ch/Offline/AMSDataDir/DataBase/
AMSCommonsI-I-MipsFromCPUInfo: 2394.45
AMSCommonsI-I-SystemIdentified as  Intel Core Processor (Haswell, no TSX, IBRS)
AMSCommonsI-I-ComputerEvaluatedAsMips 3591
AMS Software version v5.02/1220/12 built Fri Apr 19 23:54:38 2019

Geant4  Version 1033
Run ID: 516 Bartel: 1
Input Destination: /eos/ams/user/s/selu/mdst/He314/mdst_120929917.root
Output Destination: /afs/cern.ch/work/c/ctuysuz/private/he_flux/LSF/result_mc_time/time_1/he_flux_1_516.root
Add hist00 from /eos/ams/user/s/selu/mdst/He314/mdst_120929917.root
Start of Init
Use new binning
Start of Eventloop
Ntr, Nent= 1 113517
IsMC= 1
Parameter[0] = -2.47751
Parameter[1] = -2.72369
Parameter[2] = -3.30093
Parameter[3] = -5.32428
Parameter[4] = 0.816566
Parameter[5] = -2.78591
mdfil_info:  10.0%    1 sec CPU:  74.0%
mdfil_info:  20.0%    1 sec CPU:  76.6%
mdfil_info:  30.0%    2 sec CPU:  76.5%
mdfil_info:  40.0%    2 sec CPU:  79.7%
mdfil_info:  50.0%    3 sec CPU:  81.3%
mdfil_info:  60.0%    3 sec CPU:  82.6%
mdfil_info:  70.0%    4 sec CPU:  83.6%
mdfil_info:  80.0%    4 sec CPU:  84.3%
mdfil_info:  90.0%    5 sec CPU:  84.8%
mdfil_info: 100.0%    5 sec CPU:  85.6%
mdfil_info: 100.0%    5 sec CPU:  85.6%
