WARN: the 'eosmount' alias is deprecated, please use /eos directly
License ports: 28518@lxlicen01.cern.ch,28518@lxlicen02.cern.ch,28518@lxlicen03.cern.ch:/cvmfs/projects.cern.ch/intelsw/psxe/linux/licenses
Intel(R) Parallel Studio XE 2018 Update 2 for Linux*
Copyright (C) 2009-2018 Intel Corporation. All rights reserved.
7795
AMSCommonsI-I-HardwareIdentifiedAs Linux 3.10.0-957.10.1.el7.x86_64 x86_64 2
AMSCommonsI-I-Identified as LittleEndian 64 bit machine. 4294967295
AMSCommonsI-I-amsdatabase /cvmfs/ams.cern.ch/Offline/AMSDataDir/DataBase/
AMSCommonsI-I-MipsFromCPUInfo: 2194.92
AMSCommonsI-I-SystemIdentified as  Intel(R) Xeon(R) CPU E5-2630 v4 @ 2.20GHz
AMSCommonsI-I-ComputerEvaluatedAsMips 3511
AMS Software version v5.02/1220/12 built Fri Apr 19 23:54:38 2019

Geant4  Version 1033
Run ID: 96 Bartel: 20
Input Destination: /eos/ams/user/s/selu/mdst/He122/mdst_60441636.root
Output Destination: /afs/cern.ch/work/c/ctuysuz/private/he_flux/LSF/result_mc_time/time_20/he_flux_20_96.root
Add hist00 from /eos/ams/user/s/selu/mdst/He122/mdst_60441636.root
Start of Init
Use new binning
Start of Eventloop
Ntr, Nent= 1 429566
IsMC= 1
Parameter[0] = -2.70518
Parameter[1] = -3.02051
Parameter[2] = -3.58999
Parameter[3] = -5.56547
Parameter[4] = 0.334526
Parameter[5] = -2.62761
mdfil_info:  10.0%    3 sec CPU:  69.1%
mdfil_info:  20.0%    6 sec CPU:  68.4%
mdfil_info:  30.0%    9 sec CPU:  67.1%
mdfil_info:  40.0%   13 sec CPU:  66.3%
mdfil_info:  50.0%   16 sec CPU:  65.1%
mdfil_info:  60.0%   19 sec CPU:  64.3%
mdfil_info:  70.0%   24 sec CPU:  62.1%
mdfil_info:  80.0%   28 sec CPU:  59.3%
mdfil_info:  90.0%   34 sec CPU:  54.9%
mdfil_info: 100.0%   37 sec CPU:  55.6%
mdfil_info: 100.0%   37 sec CPU:  55.6%
22510
AMSCommonsI-I-HardwareIdentifiedAs Linux 3.10.0-957.10.1.el7.x86_64 x86_64 2
AMSCommonsI-I-Identified as LittleEndian 64 bit machine. 4294967295
AMSCommonsI-I-amsdatabase /cvmfs/ams.cern.ch/Offline/AMSDataDir/DataBase/
AMSCommonsI-I-MipsFromCPUInfo: 2194.92
AMSCommonsI-I-SystemIdentified as  Intel(R) Xeon(R) CPU E5-2630 v4 @ 2.20GHz
AMSCommonsI-I-ComputerEvaluatedAsMips 3511
AMS Software version v5.02/1220/12 built Fri Apr 19 23:54:38 2019

Geant4  Version 1033
Run ID: 277 Bartel: 74
Input Destination: /eos/ams/user/s/selu/mdst/He122/mdst_60441817.root
Output Destination: /afs/cern.ch/work/c/ctuysuz/private/he_flux/LSF/result_mc_time/time_74/he_flux_74_277.root
Add hist00 from /eos/ams/user/s/selu/mdst/He122/mdst_60441817.root
Start of Init
Use new binning
Start of Eventloop
Ntr, Nent= 1 439618
IsMC= 1
Parameter[0] = -2.51662
Parameter[1] = -2.96375
Parameter[2] = -3.57829
Parameter[3] = -5.45844
Parameter[4] = 0.103059
Parameter[5] = -1.93983
mdfil_info:  10.0%   18 sec CPU:  13.2%
mdfil_info:  20.0%   25 sec CPU:  18.5%
mdfil_info:  30.0%   33 sec CPU:  21.0%
mdfil_info:  40.0%   39 sec CPU:  23.0%
mdfil_info:  50.0%   47 sec CPU:  24.0%
mdfil_info:  60.0%   53 sec CPU:  25.4%
mdfil_info:  70.0%   60 sec CPU:  26.1%
mdfil_info:  80.0%   68 sec CPU:  26.5%
mdfil_info:  90.0%   82 sec CPU:  24.5%
mdfil_info: 100.0%   89 sec CPU:  25.2%
mdfil_info: 100.0%   89 sec CPU:  25.2%
37225
AMSCommonsI-I-HardwareIdentifiedAs Linux 3.10.0-957.10.1.el7.x86_64 x86_64 2
AMSCommonsI-I-Identified as LittleEndian 64 bit machine. 4294967295
AMSCommonsI-I-amsdatabase /cvmfs/ams.cern.ch/Offline/AMSDataDir/DataBase/
AMSCommonsI-I-MipsFromCPUInfo: 2194.92
AMSCommonsI-I-SystemIdentified as  Intel(R) Xeon(R) CPU E5-2630 v4 @ 2.20GHz
AMSCommonsI-I-ComputerEvaluatedAsMips 3511
AMS Software version v5.02/1220/12 built Fri Apr 19 23:54:38 2019

Geant4  Version 1033
Run ID: 459 Bartel: 47
