WARN: the 'eosmount' alias is deprecated, please use /eos directly
License ports: 28518@lxlicen01.cern.ch,28518@lxlicen02.cern.ch,28518@lxlicen03.cern.ch:/cvmfs/projects.cern.ch/intelsw/psxe/linux/licenses
Intel(R) Parallel Studio XE 2018 Update 2 for Linux*
Copyright (C) 2009-2018 Intel Corporation. All rights reserved.
4627
AMSCommonsI-I-HardwareIdentifiedAs Linux 3.10.0-957.10.1.el7.x86_64 x86_64 2
AMSCommonsI-I-Identified as LittleEndian 64 bit machine. 4294967295
AMSCommonsI-I-amsdatabase /cvmfs/ams.cern.ch/Offline/AMSDataDir/DataBase/
AMSCommonsI-I-MipsFromCPUInfo: 2194.92
AMSCommonsI-I-SystemIdentified as  Intel(R) Xeon(R) CPU E5-2630 v4 @ 2.20GHz
AMSCommonsI-I-ComputerEvaluatedAsMips 3511
AMS Software version v5.02/1220/12 built Fri Apr 19 23:54:38 2019

Geant4  Version 1033
Run ID: 57 Bartel: 11
Input Destination: /eos/ams/user/s/selu/mdst/He122/mdst_60441596.root
Output Destination: /afs/cern.ch/work/c/ctuysuz/private/he_flux/LSF/result_mc_time/time_11/he_flux_11_57.root
Add hist00 from /eos/ams/user/s/selu/mdst/He122/mdst_60441596.root
Start of Init
Use new binning
Start of Eventloop
Ntr, Nent= 1 433417
IsMC= 1
Parameter[0] = -2.62211
Parameter[1] = -3.02015
Parameter[2] = -3.60112
Parameter[3] = -5.50361
Parameter[4] = 0.101851
Parameter[5] = -2.22239
mdfil_info:  10.0%    3 sec CPU:  74.7%
mdfil_info:  20.0%    5 sec CPU:  78.7%
mdfil_info:  30.0%    7 sec CPU:  80.2%
mdfil_info:  40.0%   10 sec CPU:  81.5%
mdfil_info:  50.0%   12 sec CPU:  81.7%
mdfil_info:  60.0%   15 sec CPU:  81.7%
mdfil_info:  70.0%   17 sec CPU:  81.5%
mdfil_info:  80.0%   19 sec CPU:  81.7%
mdfil_info:  90.0%   22 sec CPU:  81.9%
mdfil_info: 100.0%   24 sec CPU:  82.2%
mdfil_info: 100.0%   24 sec CPU:  82.2%
19342
AMSCommonsI-I-HardwareIdentifiedAs Linux 3.10.0-957.10.1.el7.x86_64 x86_64 2
AMSCommonsI-I-Identified as LittleEndian 64 bit machine. 4294967295
AMSCommonsI-I-amsdatabase /cvmfs/ams.cern.ch/Offline/AMSDataDir/DataBase/
AMSCommonsI-I-MipsFromCPUInfo: 2194.92
AMSCommonsI-I-SystemIdentified as  Intel(R) Xeon(R) CPU E5-2630 v4 @ 2.20GHz
AMSCommonsI-I-ComputerEvaluatedAsMips 3511
AMS Software version v5.02/1220/12 built Fri Apr 19 23:54:38 2019

Geant4  Version 1033
Run ID: 238 Bartel: 65
Input Destination: /eos/ams/user/s/selu/mdst/He122/mdst_60441778.root
Output Destination: /afs/cern.ch/work/c/ctuysuz/private/he_flux/LSF/result_mc_time/time_65/he_flux_65_238.root
Add hist00 from /eos/ams/user/s/selu/mdst/He122/mdst_60441778.root
Start of Init
Use new binning
Start of Eventloop
Ntr, Nent= 1 438631
IsMC= 1
Parameter[0] = -2.59221
Parameter[1] = -2.99417
Parameter[2] = -3.58427
Parameter[3] = -5.53167
Parameter[4] = 0.305015
Parameter[5] = -2.21807
mdfil_info:  10.0%    4 sec CPU:  61.0%
mdfil_info:  20.0%    6 sec CPU:  69.4%
mdfil_info:  30.0%    9 sec CPU:  72.5%
mdfil_info:  40.0%   12 sec CPU:  73.0%
mdfil_info:  50.0%   14 sec CPU:  75.0%
mdfil_info:  60.0%   16 sec CPU:  75.9%
mdfil_info:  70.0%   19 sec CPU:  76.5%
mdfil_info:  80.0%   21 sec CPU:  76.9%
mdfil_info:  90.0%   24 sec CPU:  77.4%
mdfil_info: 100.0%   26 sec CPU:  77.9%
mdfil_info: 100.0%   26 sec CPU:  77.9%
34057
AMSCommonsI-I-HardwareIdentifiedAs Linux 3.10.0-957.10.1.el7.x86_64 x86_64 2
AMSCommonsI-I-Identified as LittleEndian 64 bit machine. 4294967295
AMSCommonsI-I-amsdatabase /cvmfs/ams.cern.ch/Offline/AMSDataDir/DataBase/
AMSCommonsI-I-MipsFromCPUInfo: 2194.92
AMSCommonsI-I-SystemIdentified as  Intel(R) Xeon(R) CPU E5-2630 v4 @ 2.20GHz
AMSCommonsI-I-ComputerEvaluatedAsMips 3511
AMS Software version v5.02/1220/12 built Fri Apr 19 23:54:38 2019

Geant4  Version 1033
Run ID: 420 Bartel: 38
Input Destination: /eos/ams/user/s/selu/mdst/He122/mdst_60442308.root
Output Destination: /afs/cern.ch/work/c/ctuysuz/private/he_flux/LSF/result_mc_time/time_38/he_flux_38_420.root
Add hist00 from /eos/ams/user/s/selu/mdst/He122/mdst_60442308.root
Start of Init
Use new binning
Start of Eventloop
Ntr, Nent= 1 438129
IsMC= 1
Parameter[0] = -2.81232
Parameter[1] = -3.08566
Parameter[2] = -3.62933
Parameter[3] = -5.55815
Parameter[4] = 0.386285
Parameter[5] = -2.46956
mdfil_info:  10.0%   18 sec CPU:  13.0%
mdfil_info:  20.0%   24 sec CPU:  18.4%
mdfil_info:  30.0%   30 sec CPU:  21.3%
mdfil_info:  40.0%   38 sec CPU:  22.3%
mdfil_info:  50.0%   44 sec CPU:  23.9%
mdfil_info:  60.0%   52 sec CPU:  24.5%
mdfil_info:  70.0%   60 sec CPU:  24.4%
mdfil_info:  80.0%   68 sec CPU:  24.8%
mdfil_info:  90.0%   75 sec CPU:  25.2%
mdfil_info: 100.0%   81 sec CPU:  25.8%
mdfil_info: 100.0%   81 sec CPU:  25.8%
