WARN: the 'eosmount' alias is deprecated, please use /eos directly
License ports: 28518@lxlicen01.cern.ch,28518@lxlicen02.cern.ch,28518@lxlicen03.cern.ch:/cvmfs/projects.cern.ch/intelsw/psxe/linux/licenses
Intel(R) Parallel Studio XE 2018 Update 2 for Linux*
Copyright (C) 2009-2018 Intel Corporation. All rights reserved.
9860
AMSCommonsI-I-HardwareIdentifiedAs Linux 3.10.0-957.10.1.el7.x86_64 x86_64 2
AMSCommonsI-I-Identified as LittleEndian 64 bit machine. 4294967295
AMSCommonsI-I-amsdatabase /cvmfs/ams.cern.ch/Offline/AMSDataDir/DataBase/
AMSCommonsI-I-MipsFromCPUInfo: 2195.1
AMSCommonsI-I-SystemIdentified as  Intel(R) Xeon(R) CPU E5-2630 v4 @ 2.20GHz
AMSCommonsI-I-ComputerEvaluatedAsMips 3512
AMS Software version v5.02/1220/12 built Fri Apr 19 23:54:38 2019

Geant4  Version 1033
Run ID: 121 Bartel: 60
Input Destination: /eos/ams/user/s/selu/mdst/He122/mdst_60441661.root
Output Destination: /afs/cern.ch/work/c/ctuysuz/private/he_flux/LSF/result_mc_time/time_60/he_flux_60_121.root
Add hist00 from /eos/ams/user/s/selu/mdst/He122/mdst_60441661.root
Start of Init
Use new binning
Start of Eventloop
Ntr, Nent= 1 438882
IsMC= 1
Parameter[0] = -2.68018
Parameter[1] = -3.02446
Parameter[2] = -3.60716
Parameter[3] = -5.58914
Parameter[4] = 0.411118
Parameter[5] = -2.63403
mdfil_info:  10.0%   20 sec CPU:  12.0%
mdfil_info:  20.0%   26 sec CPU:  17.1%
mdfil_info:  30.0%   34 sec CPU:  20.2%
mdfil_info:  40.0%   40 sec CPU:  22.3%
mdfil_info:  50.0%   47 sec CPU:  23.5%
mdfil_info:  60.0%   54 sec CPU:  24.5%
mdfil_info:  70.0%   61 sec CPU:  25.1%
mdfil_info:  80.0%   69 sec CPU:  25.5%
mdfil_info:  90.0%   76 sec CPU:  25.9%
mdfil_info: 100.0%   82 sec CPU:  26.6%
mdfil_info: 100.0%   82 sec CPU:  26.6%
24575
AMSCommonsI-I-HardwareIdentifiedAs Linux 3.10.0-957.10.1.el7.x86_64 x86_64 2
AMSCommonsI-I-Identified as LittleEndian 64 bit machine. 4294967295
AMSCommonsI-I-amsdatabase /cvmfs/ams.cern.ch/Offline/AMSDataDir/DataBase/
AMSCommonsI-I-MipsFromCPUInfo: 2195.1
AMSCommonsI-I-SystemIdentified as  Intel(R) Xeon(R) CPU E5-2630 v4 @ 2.20GHz
AMSCommonsI-I-ComputerEvaluatedAsMips 3512
AMS Software version v5.02/1220/12 built Fri Apr 19 23:54:38 2019

Geant4  Version 1033
Run ID: 303 Bartel: 33
Input Destination: /eos/ams/user/s/selu/mdst/He122/mdst_60441843.root
Output Destination: /afs/cern.ch/work/c/ctuysuz/private/he_flux/LSF/result_mc_time/time_33/he_flux_33_303.root
Add hist00 from /eos/ams/user/s/selu/mdst/He122/mdst_60441843.root
Start of Init
Use new binning
Start of Eventloop
Ntr, Nent= 1 441285
IsMC= 1
Parameter[0] = -2.77717
Parameter[1] = -3.0473
Parameter[2] = -3.60062
Parameter[3] = -5.54545
Parameter[4] = 0.481599
Parameter[5] = -2.38362
mdfil_info:  10.0%    3 sec CPU:  74.0%
mdfil_info:  20.0%    5 sec CPU:  79.0%
mdfil_info:  30.0%    8 sec CPU:  82.3%
mdfil_info:  40.0%   10 sec CPU:  83.5%
mdfil_info:  50.0%   13 sec CPU:  84.4%
mdfil_info:  60.0%   15 sec CPU:  84.4%
mdfil_info:  70.0%   18 sec CPU:  83.1%
mdfil_info:  80.0%   20 sec CPU:  83.5%
mdfil_info:  90.0%   22 sec CPU:  83.9%
mdfil_info: 100.0%   25 sec CPU:  84.2%
mdfil_info: 100.0%   25 sec CPU:  84.2%
39290
AMSCommonsI-I-HardwareIdentifiedAs Linux 3.10.0-957.10.1.el7.x86_64 x86_64 2
AMSCommonsI-I-Identified as LittleEndian 64 bit machine. 4294967295
AMSCommonsI-I-amsdatabase /cvmfs/ams.cern.ch/Offline/AMSDataDir/DataBase/
AMSCommonsI-I-MipsFromCPUInfo: 2195.1
AMSCommonsI-I-SystemIdentified as  Intel(R) Xeon(R) CPU E5-2630 v4 @ 2.20GHz
AMSCommonsI-I-ComputerEvaluatedAsMips 3512
AMS Software version v5.02/1220/12 built Fri Apr 19 23:54:38 2019

Geant4  Version 1033
Run ID: 485 Bartel: 6
Input Destination: /eos/ams/user/s/selu/mdst/He314/mdst_120929885.root
Output Destination: /afs/cern.ch/work/c/ctuysuz/private/he_flux/LSF/result_mc_time/time_6/he_flux_6_485.root
Add hist00 from /eos/ams/user/s/selu/mdst/He314/mdst_120929885.root
Start of Init
Use new binning
Start of Eventloop
Ntr, Nent= 1 122344
IsMC= 1
Parameter[0] = -2.65952
Parameter[1] = -3.04006
Parameter[2] = -3.62379
Parameter[3] = -5.53311
Parameter[4] = 0.0821767
Parameter[5] = -2.36872
mdfil_info:  10.0%    1 sec CPU:  71.3%
mdfil_info:  20.0%    2 sec CPU:  72.0%
mdfil_info:  30.0%    3 sec CPU:  74.5%
mdfil_info:  40.0%    4 sec CPU:  76.0%
mdfil_info:  50.0%    4 sec CPU:  77.0%
mdfil_info:  60.0%    5 sec CPU:  77.6%
mdfil_info:  70.0%    6 sec CPU:  78.7%
mdfil_info:  80.0%    6 sec CPU:  79.8%
mdfil_info:  90.0%    7 sec CPU:  80.6%
mdfil_info: 100.0%    8 sec CPU:  81.0%
mdfil_info: 100.0%    8 sec CPU:  81.0%
