WARN: the 'eosmount' alias is deprecated, please use /eos directly
License ports: 28518@lxlicen01.cern.ch,28518@lxlicen02.cern.ch,28518@lxlicen03.cern.ch:/cvmfs/projects.cern.ch/intelsw/psxe/linux/licenses
Intel(R) Parallel Studio XE 2018 Update 2 for Linux*
Copyright (C) 2009-2018 Intel Corporation. All rights reserved.
7643
AMSCommonsI-I-HardwareIdentifiedAs Linux 3.10.0-957.10.1.el7.x86_64 x86_64 2
AMSCommonsI-I-Identified as LittleEndian 64 bit machine. 4294967295
AMSCommonsI-I-amsdatabase /cvmfs/ams.cern.ch/Offline/AMSDataDir/DataBase/
AMSCommonsI-I-MipsFromCPUInfo: 2194.92
AMSCommonsI-I-SystemIdentified as  Intel(R) Xeon(R) CPU E5-2630 v4 @ 2.20GHz
AMSCommonsI-I-ComputerEvaluatedAsMips 3511
AMS Software version v5.02/1220/12 built Fri Apr 19 23:54:38 2019

Geant4  Version 1033
Run ID: 94 Bartel: 30
Input Destination: /eos/ams/user/s/selu/mdst/He122/mdst_60441634.root
Output Destination: /afs/cern.ch/work/c/ctuysuz/private/he_flux/LSF/result_mc_time/time_30/he_flux_30_94.root
Add hist00 from /eos/ams/user/s/selu/mdst/He122/mdst_60441634.root
Start of Init
Use new binning
Start of Eventloop
Ntr, Nent= 1 436444
IsMC= 1
Parameter[0] = -2.78302
Parameter[1] = -3.06111
Parameter[2] = -3.62424
Parameter[3] = -5.59535
Parameter[4] = 0.417456
Parameter[5] = -2.69098
mdfil_info:  10.0%   18 sec CPU:  11.8%
mdfil_info:  20.0%   26 sec CPU:  15.6%
mdfil_info:  30.0%   34 sec CPU:  17.8%
mdfil_info:  40.0%   41 sec CPU:  19.7%
mdfil_info:  50.0%   50 sec CPU:  19.9%
mdfil_info:  60.0%   63 sec CPU:  19.3%
mdfil_info:  70.0%   76 sec CPU:  18.7%
mdfil_info:  80.0%   87 sec CPU:  18.5%
mdfil_info:  90.0%   99 sec CPU:  18.3%
mdfil_info: 100.0%  110 sec CPU:  18.3%
mdfil_info: 100.0%  110 sec CPU:  18.3%
22358
AMSCommonsI-I-HardwareIdentifiedAs Linux 3.10.0-957.10.1.el7.x86_64 x86_64 2
AMSCommonsI-I-Identified as LittleEndian 64 bit machine. 4294967295
AMSCommonsI-I-amsdatabase /cvmfs/ams.cern.ch/Offline/AMSDataDir/DataBase/
AMSCommonsI-I-MipsFromCPUInfo: 2194.92
AMSCommonsI-I-SystemIdentified as  Intel(R) Xeon(R) CPU E5-2630 v4 @ 2.20GHz
AMSCommonsI-I-ComputerEvaluatedAsMips 3511
AMS Software version v5.02/1220/12 built Fri Apr 19 23:54:38 2019

Geant4  Version 1033
Run ID: 276 Bartel: 3
Input Destination: /eos/ams/user/s/selu/mdst/He122/mdst_60441816.root
Output Destination: /afs/cern.ch/work/c/ctuysuz/private/he_flux/LSF/result_mc_time/time_3/he_flux_3_276.root
Add hist00 from /eos/ams/user/s/selu/mdst/He122/mdst_60441816.root
Start of Init
Use new binning
Start of Eventloop
Ntr, Nent= 1 440901
IsMC= 1
Parameter[0] = -2.60444
Parameter[1] = -2.96917
Parameter[2] = -3.55869
Parameter[3] = -5.49263
Parameter[4] = 0.194958
Parameter[5] = -2.37354
mdfil_info:  10.0%   18 sec CPU:  12.4%
mdfil_info:  20.0%   24 sec CPU:  17.8%
mdfil_info:  30.0%   32 sec CPU:  19.8%
mdfil_info:  40.0%   39 sec CPU:  21.3%
mdfil_info:  50.0%   47 sec CPU:  22.3%
mdfil_info:  60.0%   54 sec CPU:  23.2%
mdfil_info:  70.0%   60 sec CPU:  24.4%
mdfil_info:  80.0%   67 sec CPU:  25.1%
mdfil_info:  90.0%   74 sec CPU:  25.5%
mdfil_info: 100.0%   81 sec CPU:  25.6%
mdfil_info: 100.0%   81 sec CPU:  25.6%
37073
AMSCommonsI-I-HardwareIdentifiedAs Linux 3.10.0-957.10.1.el7.x86_64 x86_64 2
AMSCommonsI-I-Identified as LittleEndian 64 bit machine. 4294967295
AMSCommonsI-I-amsdatabase /cvmfs/ams.cern.ch/Offline/AMSDataDir/DataBase/
AMSCommonsI-I-MipsFromCPUInfo: 2194.92
AMSCommonsI-I-SystemIdentified as  Intel(R) Xeon(R) CPU E5-2630 v4 @ 2.20GHz
AMSCommonsI-I-ComputerEvaluatedAsMips 3511
AMS Software version v5.02/1220/12 built Fri Apr 19 23:54:38 2019

Geant4  Version 1033
Run ID: 457 Bartel: 57
Input Destination: /eos/ams/user/s/selu/mdst/He314/mdst_120929857.root
Output Destination: /afs/cern.ch/work/c/ctuysuz/private/he_flux/LSF/result_mc_time/time_57/he_flux_57_457.root
Add hist00 from /eos/ams/user/s/selu/mdst/He314/mdst_120929857.root
Start of Init
Use new binning
Start of Eventloop
Ntr, Nent= 1 122421
IsMC= 1
Parameter[0] = -2.70293
Parameter[1] = -3.03976
Parameter[2] = -3.61538
Parameter[3] = -5.54214
Parameter[4] = 0.274724
Parameter[5] = -2.38056
mdfil_info:  10.0%    1 sec CPU:  67.3%
mdfil_info:  20.0%    2 sec CPU:  69.7%
mdfil_info:  30.0%    3 sec CPU:  69.2%
mdfil_info:  40.0%    3 sec CPU:  72.3%
mdfil_info:  50.0%    4 sec CPU:  74.6%
mdfil_info:  60.0%    4 sec CPU:  75.8%
mdfil_info:  70.0%    5 sec CPU:  77.0%
mdfil_info:  80.0%    6 sec CPU:  78.0%
mdfil_info:  90.0%    6 sec CPU:  78.8%
mdfil_info: 100.0%    7 sec CPU:  79.6%
mdfil_info: 100.0%    7 sec CPU:  79.6%
