WARN: the 'eosmount' alias is deprecated, please use /eos directly
License ports: 28518@lxlicen01.cern.ch,28518@lxlicen02.cern.ch,28518@lxlicen03.cern.ch:/cvmfs/projects.cern.ch/intelsw/psxe/linux/licenses
Intel(R) Parallel Studio XE 2018 Update 2 for Linux*
Copyright (C) 2009-2018 Intel Corporation. All rights reserved.
8132
AMSCommonsI-I-HardwareIdentifiedAs Linux 3.10.0-957.10.1.el7.x86_64 x86_64 2
AMSCommonsI-I-Identified as LittleEndian 64 bit machine. 4294967295
AMSCommonsI-I-amsdatabase /cvmfs/ams.cern.ch/Offline/AMSDataDir/DataBase/
AMSCommonsI-I-MipsFromCPUInfo: 2194.92
AMSCommonsI-I-SystemIdentified as  Intel(R) Xeon(R) CPU E5-2630 v4 @ 2.20GHz
AMSCommonsI-I-ComputerEvaluatedAsMips 3511
AMS Software version v5.02/1220/12 built Fri Apr 19 23:54:38 2019

Geant4  Version 1033
Run ID: 100 Bartel: 33
Input Destination: /eos/ams/user/s/selu/mdst/He122/mdst_60441640.root
Output Destination: /afs/cern.ch/work/c/ctuysuz/private/he_flux/LSF/result_mc_time/time_33/he_flux_33_100.root
Add hist00 from /eos/ams/user/s/selu/mdst/He122/mdst_60441640.root
Start of Init
Use new binning
Start of Eventloop
Ntr, Nent= 1 438831
IsMC= 1
Parameter[0] = -2.77717
Parameter[1] = -3.0473
Parameter[2] = -3.60062
Parameter[3] = -5.54545
Parameter[4] = 0.481599
Parameter[5] = -2.38362
mdfil_info:  10.0%   17 sec CPU:  13.6%
mdfil_info:  20.0%   24 sec CPU:  19.2%
mdfil_info:  30.0%   31 sec CPU:  21.9%
mdfil_info:  40.0%   37 sec CPU:  24.2%
mdfil_info:  50.0%   45 sec CPU:  24.7%
mdfil_info:  60.0%   54 sec CPU:  24.9%
mdfil_info:  70.0%   62 sec CPU:  25.2%
mdfil_info:  80.0%   69 sec CPU:  25.6%
mdfil_info:  90.0%   76 sec CPU:  26.0%
mdfil_info: 100.0%   83 sec CPU:  26.3%
mdfil_info: 100.0%   83 sec CPU:  26.3%
22847
AMSCommonsI-I-HardwareIdentifiedAs Linux 3.10.0-957.10.1.el7.x86_64 x86_64 2
AMSCommonsI-I-Identified as LittleEndian 64 bit machine. 4294967295
AMSCommonsI-I-amsdatabase /cvmfs/ams.cern.ch/Offline/AMSDataDir/DataBase/
AMSCommonsI-I-MipsFromCPUInfo: 2194.92
AMSCommonsI-I-SystemIdentified as  Intel(R) Xeon(R) CPU E5-2630 v4 @ 2.20GHz
AMSCommonsI-I-ComputerEvaluatedAsMips 3511
AMS Software version v5.02/1220/12 built Fri Apr 19 23:54:38 2019

Geant4  Version 1033
Run ID: 282 Bartel: 6
Input Destination: /eos/ams/user/s/selu/mdst/He122/mdst_60441822.root
Output Destination: /afs/cern.ch/work/c/ctuysuz/private/he_flux/LSF/result_mc_time/time_6/he_flux_6_282.root
Add hist00 from /eos/ams/user/s/selu/mdst/He122/mdst_60441822.root
Start of Init
Use new binning
Start of Eventloop
Ntr, Nent= 1 437814
IsMC= 1
Parameter[0] = -2.65952
Parameter[1] = -3.04006
Parameter[2] = -3.62379
Parameter[3] = -5.53311
Parameter[4] = 0.0821767
Parameter[5] = -2.36872
mdfil_info:  10.0%   21 sec CPU:  11.7%
mdfil_info:  20.0%   28 sec CPU:  16.7%
mdfil_info:  30.0%   34 sec CPU:  19.5%
mdfil_info:  40.0%   42 sec CPU:  21.3%
mdfil_info:  50.0%   48 sec CPU:  23.0%
mdfil_info:  60.0%   55 sec CPU:  24.0%
mdfil_info:  70.0%   61 sec CPU:  25.1%
mdfil_info:  80.0%   69 sec CPU:  25.6%
mdfil_info:  90.0%   77 sec CPU:  26.0%
mdfil_info: 100.0%   83 sec CPU:  26.8%
mdfil_info: 100.0%   83 sec CPU:  26.8%
37562
AMSCommonsI-I-HardwareIdentifiedAs Linux 3.10.0-957.10.1.el7.x86_64 x86_64 2
AMSCommonsI-I-Identified as LittleEndian 64 bit machine. 4294967295
AMSCommonsI-I-amsdatabase /cvmfs/ams.cern.ch/Offline/AMSDataDir/DataBase/
AMSCommonsI-I-MipsFromCPUInfo: 2194.92
AMSCommonsI-I-SystemIdentified as  Intel(R) Xeon(R) CPU E5-2630 v4 @ 2.20GHz
AMSCommonsI-I-ComputerEvaluatedAsMips 3511
AMS Software version v5.02/1220/12 built Fri Apr 19 23:54:38 2019

Geant4  Version 1033
Run ID: 463 Bartel: 60
Input Destination: /eos/ams/user/s/selu/mdst/He314/mdst_120929863.root
Output Destination: /afs/cern.ch/work/c/ctuysuz/private/he_flux/LSF/result_mc_time/time_60/he_flux_60_463.root
Add hist00 from /eos/ams/user/s/selu/mdst/He314/mdst_120929863.root
Start of Init
Use new binning
Start of Eventloop
Ntr, Nent= 1 122776
IsMC= 1
Parameter[0] = -2.68018
Parameter[1] = -3.02446
Parameter[2] = -3.60716
Parameter[3] = -5.58914
Parameter[4] = 0.411118
Parameter[5] = -2.63403
mdfil_info:  10.0%    1 sec CPU:  65.5%
mdfil_info:  20.0%    2 sec CPU:  65.7%
mdfil_info:  30.0%    3 sec CPU:  66.6%
mdfil_info:  40.0%    4 sec CPU:  70.3%
mdfil_info:  50.0%    4 sec CPU:  72.9%
mdfil_info:  60.0%    5 sec CPU:  74.8%
mdfil_info:  70.0%    5 sec CPU:  76.0%
mdfil_info:  80.0%    6 sec CPU:  77.0%
mdfil_info:  90.0%    7 sec CPU:  77.6%
mdfil_info: 100.0%    7 sec CPU:  78.4%
mdfil_info: 100.0%    7 sec CPU:  78.4%
