WARN: the 'eosmount' alias is deprecated, please use /eos directly
License ports: 28518@lxlicen01.cern.ch,28518@lxlicen02.cern.ch,28518@lxlicen03.cern.ch:/cvmfs/projects.cern.ch/intelsw/psxe/linux/licenses
Intel(R) Parallel Studio XE 2018 Update 2 for Linux*
Copyright (C) 2009-2018 Intel Corporation. All rights reserved.
3714
AMSCommonsI-I-HardwareIdentifiedAs Linux 3.10.0-957.12.1.el7.x86_64 x86_64 2
AMSCommonsI-I-Identified as LittleEndian 64 bit machine. 4294967295
AMSCommonsI-I-amsdatabase /cvmfs/ams.cern.ch/Offline/AMSDataDir/DataBase/
AMSCommonsI-I-MipsFromCPUInfo: 2194.92
AMSCommonsI-I-SystemIdentified as  Intel(R) Xeon(R) CPU E5-2630 v4 @ 2.20GHz
AMSCommonsI-I-ComputerEvaluatedAsMips 3511
AMS Software version v5.02/1220/12 built Fri Apr 19 23:54:38 2019

Geant4  Version 1033
Run ID: 45 Bartel: 70
Input Destination: /eos/ams/user/s/selu/mdst/He122/mdst_60441584.root
Output Destination: /afs/cern.ch/work/c/ctuysuz/private/he_flux/LSF/result_mc_time/time_70/he_flux_70_45.root
Add hist00 from /eos/ams/user/s/selu/mdst/He122/mdst_60441584.root
Start of Init
Use new binning
Start of Eventloop
Ntr, Nent= 1 438581
IsMC= 1
Parameter[0] = -2.55238
Parameter[1] = -2.98162
Parameter[2] = -3.58419
Parameter[3] = -5.43685
Parameter[4] = 0.00689862
Parameter[5] = -1.78447
mdfil_info:  10.0%   17 sec CPU:  11.2%
mdfil_info:  20.0%   22 sec CPU:  16.7%
mdfil_info:  30.0%   28 sec CPU:  19.7%
mdfil_info:  40.0%   33 sec CPU:  21.6%
mdfil_info:  50.0%   38 sec CPU:  23.1%
mdfil_info:  60.0%   48 sec CPU:  22.4%
mdfil_info:  70.0%   56 sec CPU:  22.5%
mdfil_info:  80.0%   61 sec CPU:  23.0%
mdfil_info:  90.0%   68 sec CPU:  23.5%
mdfil_info: 100.0%   73 sec CPU:  24.1%
mdfil_info: 100.0%   73 sec CPU:  24.1%
18429
AMSCommonsI-I-HardwareIdentifiedAs Linux 3.10.0-957.12.1.el7.x86_64 x86_64 2
AMSCommonsI-I-Identified as LittleEndian 64 bit machine. 4294967295
AMSCommonsI-I-amsdatabase /cvmfs/ams.cern.ch/Offline/AMSDataDir/DataBase/
AMSCommonsI-I-MipsFromCPUInfo: 2194.92
AMSCommonsI-I-SystemIdentified as  Intel(R) Xeon(R) CPU E5-2630 v4 @ 2.20GHz
AMSCommonsI-I-ComputerEvaluatedAsMips 3511
AMS Software version v5.02/1220/12 built Fri Apr 19 23:54:38 2019

Geant4  Version 1033
Run ID: 227 Bartel: 43
Input Destination: /eos/ams/user/s/selu/mdst/He122/mdst_60441767.root
Output Destination: /afs/cern.ch/work/c/ctuysuz/private/he_flux/LSF/result_mc_time/time_43/he_flux_43_227.root
Add hist00 from /eos/ams/user/s/selu/mdst/He122/mdst_60441767.root
Start of Init
Use new binning
Start of Eventloop
Ntr, Nent= 1 441387
IsMC= 1
Parameter[0] = -2.79775
Parameter[1] = -3.07523
Parameter[2] = -3.62821
Parameter[3] = -5.6114
Parameter[4] = 0.460986
Parameter[5] = -2.73201
mdfil_info:  10.0%    2 sec CPU:  75.7%
mdfil_info:  20.0%    4 sec CPU:  82.6%
mdfil_info:  30.0%    6 sec CPU:  84.7%
mdfil_info:  40.0%    7 sec CPU:  86.2%
mdfil_info:  50.0%    9 sec CPU:  87.2%
mdfil_info:  60.0%   11 sec CPU:  87.7%
mdfil_info:  70.0%   13 sec CPU:  87.7%
mdfil_info:  80.0%   15 sec CPU:  87.2%
mdfil_info:  90.0%   16 sec CPU:  87.6%
mdfil_info: 100.0%   18 sec CPU:  87.9%
mdfil_info: 100.0%   18 sec CPU:  87.9%
33144
AMSCommonsI-I-HardwareIdentifiedAs Linux 3.10.0-957.12.1.el7.x86_64 x86_64 2
AMSCommonsI-I-Identified as LittleEndian 64 bit machine. 4294967295
AMSCommonsI-I-amsdatabase /cvmfs/ams.cern.ch/Offline/AMSDataDir/DataBase/
AMSCommonsI-I-MipsFromCPUInfo: 2194.92
AMSCommonsI-I-SystemIdentified as  Intel(R) Xeon(R) CPU E5-2630 v4 @ 2.20GHz
AMSCommonsI-I-ComputerEvaluatedAsMips 3511
AMS Software version v5.02/1220/12 built Fri Apr 19 23:54:38 2019

Geant4  Version 1033
Run ID: 409 Bartel: 16
Input Destination: /eos/ams/user/s/selu/mdst/He122/mdst_60442297.root
Output Destination: /afs/cern.ch/work/c/ctuysuz/private/he_flux/LSF/result_mc_time/time_16/he_flux_16_409.root
Add hist00 from /eos/ams/user/s/selu/mdst/He122/mdst_60442297.root
Start of Init
Use new binning
Start of Eventloop
Ntr, Nent= 1 438767
IsMC= 1
Parameter[0] = -2.6668
Parameter[1] = -3.03435
Parameter[2] = -3.60385
Parameter[3] = -5.49763
Parameter[4] = 0.211134
Parameter[5] = -2.07053
mdfil_info:  10.0%    2 sec CPU:  78.0%
mdfil_info:  20.0%    4 sec CPU:  83.2%
mdfil_info:  30.0%    6 sec CPU:  85.2%
mdfil_info:  40.0%    7 sec CPU:  86.5%
mdfil_info:  50.0%    9 sec CPU:  87.4%
mdfil_info:  60.0%   11 sec CPU:  88.0%
mdfil_info:  70.0%   12 sec CPU:  88.3%
mdfil_info:  80.0%   14 sec CPU:  88.3%
mdfil_info:  90.0%   16 sec CPU:  87.9%
mdfil_info: 100.0%   18 sec CPU:  88.2%
mdfil_info: 100.0%   18 sec CPU:  88.2%
