WARN: the 'eosmount' alias is deprecated, please use /eos directly
License ports: 28518@lxlicen01.cern.ch,28518@lxlicen02.cern.ch,28518@lxlicen03.cern.ch:/cvmfs/projects.cern.ch/intelsw/psxe/linux/licenses
Intel(R) Parallel Studio XE 2018 Update 2 for Linux*
Copyright (C) 2009-2018 Intel Corporation. All rights reserved.
12000
AMSCommonsI-I-HardwareIdentifiedAs Linux 3.10.0-957.10.1.el7.x86_64 x86_64 2
AMSCommonsI-I-Identified as LittleEndian 64 bit machine. 4294967295
AMSCommonsI-I-amsdatabase /cvmfs/ams.cern.ch/Offline/AMSDataDir/DataBase/
AMSCommonsI-I-MipsFromCPUInfo: 2195.1
AMSCommonsI-I-SystemIdentified as  Intel(R) Xeon(R) CPU E5-2630 v4 @ 2.20GHz
AMSCommonsI-I-ComputerEvaluatedAsMips 3512
AMS Software version v5.02/1220/12 built Fri Apr 19 23:54:38 2019

Geant4  Version 1033
Run ID: 148 Bartel: 13
Input Destination: /eos/ams/user/s/selu/mdst/He122/mdst_60441688.root
Output Destination: /afs/cern.ch/work/c/ctuysuz/private/he_flux/LSF/result_mc_time/time_13/he_flux_13_148.root
Add hist00 from /eos/ams/user/s/selu/mdst/He122/mdst_60441688.root
Start of Init
Use new binning
Start of Eventloop
Ntr, Nent= 1 435206
IsMC= 1
Parameter[0] = -2.65893
Parameter[1] = -3.01855
Parameter[2] = -3.59704
Parameter[3] = -5.53516
Parameter[4] = 0.293906
Parameter[5] = -2.25131
mdfil_info:  10.0%   14 sec CPU:  13.5%
mdfil_info:  20.0%   16 sec CPU:  22.3%
mdfil_info:  30.0%   18 sec CPU:  29.1%
mdfil_info:  40.0%   20 sec CPU:  35.0%
mdfil_info:  50.0%   22 sec CPU:  39.8%
mdfil_info:  60.0%   24 sec CPU:  43.7%
mdfil_info:  70.0%   26 sec CPU:  47.1%
mdfil_info:  80.0%   28 sec CPU:  49.9%
mdfil_info:  90.0%   30 sec CPU:  52.4%
mdfil_info: 100.0%   32 sec CPU:  54.6%
mdfil_info: 100.0%   32 sec CPU:  54.6%
26715
AMSCommonsI-I-HardwareIdentifiedAs Linux 3.10.0-957.10.1.el7.x86_64 x86_64 2
AMSCommonsI-I-Identified as LittleEndian 64 bit machine. 4294967295
AMSCommonsI-I-amsdatabase /cvmfs/ams.cern.ch/Offline/AMSDataDir/DataBase/
AMSCommonsI-I-MipsFromCPUInfo: 2195.1
AMSCommonsI-I-SystemIdentified as  Intel(R) Xeon(R) CPU E5-2630 v4 @ 2.20GHz
AMSCommonsI-I-ComputerEvaluatedAsMips 3512
AMS Software version v5.02/1220/12 built Fri Apr 19 23:54:38 2019

Geant4  Version 1033
Run ID: 329 Bartel: 67
Input Destination: /eos/ams/user/s/selu/mdst/He122/mdst_60441869.root
Output Destination: /afs/cern.ch/work/c/ctuysuz/private/he_flux/LSF/result_mc_time/time_67/he_flux_67_329.root
Add hist00 from /eos/ams/user/s/selu/mdst/He122/mdst_60441869.root
Start of Init
Use new binning
Start of Eventloop
Ntr, Nent= 1 437275
IsMC= 1
Parameter[0] = -2.58662
Parameter[1] = -2.98984
Parameter[2] = -3.59559
Parameter[3] = -5.5153
Parameter[4] = 0.161079
Parameter[5] = -2.33345
mdfil_info:  10.0%   20 sec CPU:  10.6%
mdfil_info:  20.0%   27 sec CPU:  14.9%
mdfil_info:  30.0%   32 sec CPU:  18.1%
mdfil_info:  40.0%   38 sec CPU:  20.1%
mdfil_info:  50.0%   44 sec CPU:  21.4%
mdfil_info:  60.0%   50 sec CPU:  22.4%
mdfil_info:  70.0%   56 sec CPU:  23.3%
mdfil_info:  80.0%   63 sec CPU:  23.9%
mdfil_info:  90.0%   72 sec CPU:  23.6%
mdfil_info: 100.0%   77 sec CPU:  24.4%
mdfil_info: 100.0%   77 sec CPU:  24.4%
41430
AMSCommonsI-I-HardwareIdentifiedAs Linux 3.10.0-957.10.1.el7.x86_64 x86_64 2
AMSCommonsI-I-Identified as LittleEndian 64 bit machine. 4294967295
AMSCommonsI-I-amsdatabase /cvmfs/ams.cern.ch/Offline/AMSDataDir/DataBase/
AMSCommonsI-I-MipsFromCPUInfo: 2195.1
AMSCommonsI-I-SystemIdentified as  Intel(R) Xeon(R) CPU E5-2630 v4 @ 2.20GHz
AMSCommonsI-I-ComputerEvaluatedAsMips 3512
AMS Software version v5.02/1220/12 built Fri Apr 19 23:54:38 2019

Geant4  Version 1033
Run ID: 511 Bartel: 40
Input Destination: /eos/ams/user/s/selu/mdst/He314/mdst_120929912.root
Output Destination: /afs/cern.ch/work/c/ctuysuz/private/he_flux/LSF/result_mc_time/time_40/he_flux_40_511.root
Add hist00 from /eos/ams/user/s/selu/mdst/He314/mdst_120929912.root
Start of Init
Use new binning
Start of Eventloop
Ntr, Nent= 1 98291
IsMC= 1
Parameter[0] = -2.8011
Parameter[1] = -3.07357
Parameter[2] = -3.62055
Parameter[3] = -5.55933
Parameter[4] = 0.549697
Parameter[5] = -2.37552
mdfil_info:  10.0%    1 sec CPU:  72.1%
mdfil_info:  20.0%    1 sec CPU:  73.9%
mdfil_info:  30.0%    2 sec CPU:  73.9%
mdfil_info:  40.0%    3 sec CPU:  76.2%
mdfil_info:  50.0%    3 sec CPU:  78.5%
mdfil_info:  60.0%    3 sec CPU:  80.1%
mdfil_info:  70.0%    4 sec CPU:  81.5%
mdfil_info:  80.0%    4 sec CPU:  82.3%
mdfil_info:  90.0%    5 sec CPU:  82.9%
mdfil_info: 100.0%    5 sec CPU:  83.7%
mdfil_info: 100.0%    5 sec CPU:  83.7%
