WARN: the 'eosmount' alias is deprecated, please use /eos directly
License ports: 28518@lxlicen01.cern.ch,28518@lxlicen02.cern.ch,28518@lxlicen03.cern.ch:/cvmfs/projects.cern.ch/intelsw/psxe/linux/licenses
Intel(R) Parallel Studio XE 2018 Update 2 for Linux*
Copyright (C) 2009-2018 Intel Corporation. All rights reserved.
11418
AMSCommonsI-I-HardwareIdentifiedAs Linux 3.10.0-957.10.1.el7.x86_64 x86_64 2
AMSCommonsI-I-Identified as LittleEndian 64 bit machine. 4294967295
AMSCommonsI-I-amsdatabase /cvmfs/ams.cern.ch/Offline/AMSDataDir/DataBase/
AMSCommonsI-I-MipsFromCPUInfo: 2195.1
AMSCommonsI-I-SystemIdentified as  Intel(R) Xeon(R) CPU E5-2630 v4 @ 2.20GHz
AMSCommonsI-I-ComputerEvaluatedAsMips 3512
AMS Software version v5.02/1220/12 built Fri Apr 19 23:54:38 2019

Geant4  Version 1033
Run ID: 140 Bartel: 79
Input Destination: /eos/ams/user/s/selu/mdst/He122/mdst_60441680.root
Output Destination: /afs/cern.ch/work/c/ctuysuz/private/he_flux/LSF/result_mc_time/time_79/he_flux_79_140.root
Add hist00 from /eos/ams/user/s/selu/mdst/He122/mdst_60441680.root
Start of Init
Use new binning
Start of Eventloop
Ntr, Nent= 1 439343
IsMC= 1
Parameter[0] = -2.39896
Parameter[1] = -2.88073
Parameter[2] = -3.50275
Parameter[3] = -5.43121
Parameter[4] = -0.0783246
Parameter[5] = -2.2346
mdfil_info:  10.0%    2 sec CPU:  77.5%
mdfil_info:  20.0%    4 sec CPU:  82.9%
mdfil_info:  30.0%    7 sec CPU:  71.0%
mdfil_info:  40.0%   10 sec CPU:  65.4%
mdfil_info:  50.0%   12 sec CPU:  66.1%
mdfil_info:  60.0%   14 sec CPU:  68.9%
mdfil_info:  70.0%   16 sec CPU:  70.7%
mdfil_info:  80.0%   18 sec CPU:  72.7%
mdfil_info:  90.0%   20 sec CPU:  73.6%
mdfil_info: 100.0%   22 sec CPU:  74.3%
mdfil_info: 100.0%   22 sec CPU:  74.3%
26133
AMSCommonsI-I-HardwareIdentifiedAs Linux 3.10.0-957.10.1.el7.x86_64 x86_64 2
AMSCommonsI-I-Identified as LittleEndian 64 bit machine. 4294967295
AMSCommonsI-I-amsdatabase /cvmfs/ams.cern.ch/Offline/AMSDataDir/DataBase/
AMSCommonsI-I-MipsFromCPUInfo: 2195.1
AMSCommonsI-I-SystemIdentified as  Intel(R) Xeon(R) CPU E5-2630 v4 @ 2.20GHz
AMSCommonsI-I-ComputerEvaluatedAsMips 3512
AMS Software version v5.02/1220/12 built Fri Apr 19 23:54:38 2019

Geant4  Version 1033
Run ID: 322 Bartel: 52
Input Destination: /eos/ams/user/s/selu/mdst/He122/mdst_60441862.root
Output Destination: /afs/cern.ch/work/c/ctuysuz/private/he_flux/LSF/result_mc_time/time_52/he_flux_52_322.root
Add hist00 from /eos/ams/user/s/selu/mdst/He122/mdst_60441862.root
Start of Init
Use new binning
Start of Eventloop
Ntr, Nent= 1 438864
IsMC= 1
Parameter[0] = -2.76482
Parameter[1] = -3.07402
Parameter[2] = -3.6335
Parameter[3] = -5.56178
Parameter[4] = 0.322865
Parameter[5] = -2.42167
mdfil_info:  10.0%    2 sec CPU: 100.1%
mdfil_info:  20.0%    3 sec CPU: 100.3%
mdfil_info:  30.0%    5 sec CPU: 100.2%
mdfil_info:  40.0%    6 sec CPU: 100.0%
mdfil_info:  50.0%    8 sec CPU: 100.1%
mdfil_info:  60.0%    9 sec CPU: 100.0%
mdfil_info:  70.0%   11 sec CPU: 100.0%
mdfil_info:  80.0%   12 sec CPU: 100.0%
mdfil_info:  90.0%   14 sec CPU: 100.0%
mdfil_info: 100.0%   15 sec CPU: 100.0%
mdfil_info: 100.0%   15 sec CPU: 100.0%
40848
AMSCommonsI-I-HardwareIdentifiedAs Linux 3.10.0-957.10.1.el7.x86_64 x86_64 2
AMSCommonsI-I-Identified as LittleEndian 64 bit machine. 4294967295
AMSCommonsI-I-amsdatabase /cvmfs/ams.cern.ch/Offline/AMSDataDir/DataBase/
AMSCommonsI-I-MipsFromCPUInfo: 2195.1
AMSCommonsI-I-SystemIdentified as  Intel(R) Xeon(R) CPU E5-2630 v4 @ 2.20GHz
AMSCommonsI-I-ComputerEvaluatedAsMips 3512
AMS Software version v5.02/1220/12 built Fri Apr 19 23:54:38 2019

Geant4  Version 1033
Run ID: 504 Bartel: 25
Input Destination: /eos/ams/user/s/selu/mdst/He314/mdst_120929905.root
Output Destination: /afs/cern.ch/work/c/ctuysuz/private/he_flux/LSF/result_mc_time/time_25/he_flux_25_504.root
Add hist00 from /eos/ams/user/s/selu/mdst/He314/mdst_120929905.root
Start of Init
Use new binning
Start of Eventloop
Ntr, Nent= 1 122539
IsMC= 1
Parameter[0] = -2.67598
Parameter[1] = -3.03462
Parameter[2] = -3.60443
Parameter[3] = -5.53205
Parameter[4] = 0.247616
Parameter[5] = -2.27738
mdfil_info:  10.0%    0 sec CPU: 100.3%
mdfil_info:  20.0%    1 sec CPU: 101.1%
mdfil_info:  30.0%    1 sec CPU:  99.4%
mdfil_info:  40.0%    2 sec CPU:  97.5%
mdfil_info:  50.0%    2 sec CPU:  96.6%
mdfil_info:  60.0%    3 sec CPU:  96.1%
mdfil_info:  70.0%    3 sec CPU:  95.7%
mdfil_info:  80.0%    4 sec CPU:  95.5%
mdfil_info:  90.0%    4 sec CPU:  95.8%
mdfil_info: 100.0%    5 sec CPU:  95.7%
mdfil_info: 100.0%    5 sec CPU:  95.7%
