WARN: the 'eosmount' alias is deprecated, please use /eos directly
License ports: 28518@lxlicen01.cern.ch,28518@lxlicen02.cern.ch,28518@lxlicen03.cern.ch:/cvmfs/projects.cern.ch/intelsw/psxe/linux/licenses
Intel(R) Parallel Studio XE 2018 Update 2 for Linux*
Copyright (C) 2009-2018 Intel Corporation. All rights reserved.
3185
AMSCommonsI-I-HardwareIdentifiedAs Linux 3.10.0-957.10.1.el7.x86_64 x86_64 2
AMSCommonsI-I-Identified as LittleEndian 64 bit machine. 4294967295
AMSCommonsI-I-amsdatabase /cvmfs/ams.cern.ch/Offline/AMSDataDir/DataBase/
AMSCommonsI-I-MipsFromCPUInfo: 2194.92
AMSCommonsI-I-SystemIdentified as  Intel(R) Xeon(R) CPU E5-2630 v4 @ 2.20GHz
AMSCommonsI-I-ComputerEvaluatedAsMips 3511
AMS Software version v5.02/1220/12 built Fri Apr 19 23:54:38 2019

Geant4  Version 1033
Run ID: 39 Bartel: 27
Input Destination: /eos/ams/user/s/selu/mdst/He122/mdst_60441578.root
Output Destination: /afs/cern.ch/work/c/ctuysuz/private/he_flux/LSF/result_mc_time/time_27/he_flux_27_39.root
Add hist00 from /eos/ams/user/s/selu/mdst/He122/mdst_60441578.root
Start of Init
Use new binning
Start of Eventloop
Ntr, Nent= 1 438446
IsMC= 1
Parameter[0] = -2.70724
Parameter[1] = -3.04642
Parameter[2] = -3.62117
Parameter[3] = -5.56267
Parameter[4] = 0.257638
Parameter[5] = -2.47221
mdfil_info:  10.0%   18 sec CPU:  12.7%
mdfil_info:  20.0%   31 sec CPU:  13.7%
mdfil_info:  30.0%   40 sec CPU:  15.8%
mdfil_info:  40.0%   48 sec CPU:  17.1%
mdfil_info:  50.0%   57 sec CPU:  18.2%
mdfil_info:  60.0%   63 sec CPU:  19.4%
mdfil_info:  70.0%   74 sec CPU:  19.5%
mdfil_info:  80.0%   85 sec CPU:  19.2%
mdfil_info:  90.0%   94 sec CPU:  19.5%
mdfil_info: 100.0%  102 sec CPU:  20.0%
mdfil_info: 100.0%  102 sec CPU:  20.0%
17900
AMSCommonsI-I-HardwareIdentifiedAs Linux 3.10.0-957.10.1.el7.x86_64 x86_64 2
AMSCommonsI-I-Identified as LittleEndian 64 bit machine. 4294967295
AMSCommonsI-I-amsdatabase /cvmfs/ams.cern.ch/Offline/AMSDataDir/DataBase/
AMSCommonsI-I-MipsFromCPUInfo: 2194.92
AMSCommonsI-I-SystemIdentified as  Intel(R) Xeon(R) CPU E5-2630 v4 @ 2.20GHz
AMSCommonsI-I-ComputerEvaluatedAsMips 3511
AMS Software version v5.02/1220/12 built Fri Apr 19 23:54:38 2019

Geant4  Version 1033
Run ID: 220 Bartel: 81
Input Destination: /eos/ams/user/s/selu/mdst/He122/mdst_60441760.root
Output Destination: /afs/cern.ch/work/c/ctuysuz/private/he_flux/LSF/result_mc_time/time_81/he_flux_81_220.root
Add hist00 from /eos/ams/user/s/selu/mdst/He122/mdst_60441760.root
Start of Init
Use new binning
Start of Eventloop
Ntr, Nent= 1 438655
IsMC= 1
Parameter[0] = -2.48037
Parameter[1] = -2.95644
Parameter[2] = -3.57046
Parameter[3] = -5.46876
Parameter[4] = -0.0472079
Parameter[5] = -1.99045
mdfil_info:  10.0%    3 sec CPU:  70.4%
mdfil_info:  20.0%    6 sec CPU:  76.4%
mdfil_info:  30.0%    8 sec CPU:  78.7%
mdfil_info:  40.0%   10 sec CPU:  80.5%
mdfil_info:  50.0%   13 sec CPU:  81.5%
mdfil_info:  60.0%   15 sec CPU:  82.3%
mdfil_info:  70.0%   17 sec CPU:  82.9%
mdfil_info:  80.0%   19 sec CPU:  82.9%
mdfil_info:  90.0%   22 sec CPU:  82.9%
mdfil_info: 100.0%   24 sec CPU:  82.7%
mdfil_info: 100.0%   24 sec CPU:  82.7%
32615
AMSCommonsI-I-HardwareIdentifiedAs Linux 3.10.0-957.10.1.el7.x86_64 x86_64 2
AMSCommonsI-I-Identified as LittleEndian 64 bit machine. 4294967295
AMSCommonsI-I-amsdatabase /cvmfs/ams.cern.ch/Offline/AMSDataDir/DataBase/
AMSCommonsI-I-MipsFromCPUInfo: 2194.92
AMSCommonsI-I-SystemIdentified as  Intel(R) Xeon(R) CPU E5-2630 v4 @ 2.20GHz
AMSCommonsI-I-ComputerEvaluatedAsMips 3511
AMS Software version v5.02/1220/12 built Fri Apr 19 23:54:38 2019

Geant4  Version 1033
Run ID: 402 Bartel: 54
Input Destination: /eos/ams/user/s/selu/mdst/He122/mdst_60442290.root
Output Destination: /afs/cern.ch/work/c/ctuysuz/private/he_flux/LSF/result_mc_time/time_54/he_flux_54_402.root
Add hist00 from /eos/ams/user/s/selu/mdst/He122/mdst_60442290.root
Start of Init
Use new binning
Start of Eventloop
Ntr, Nent= 1 435302
IsMC= 1
Parameter[0] = -2.78801
Parameter[1] = -3.07185
Parameter[2] = -3.62903
Parameter[3] = -5.57585
Parameter[4] = 0.451953
Parameter[5] = -2.58019
mdfil_info:  10.0%    3 sec CPU:  73.5%
mdfil_info:  20.0%    5 sec CPU:  78.4%
mdfil_info:  30.0%    8 sec CPU:  80.5%
mdfil_info:  40.0%   10 sec CPU:  81.3%
mdfil_info:  50.0%   12 sec CPU:  82.0%
mdfil_info:  60.0%   15 sec CPU:  82.3%
mdfil_info:  70.0%   17 sec CPU:  82.5%
mdfil_info:  80.0%   20 sec CPU:  82.7%
mdfil_info:  90.0%   22 sec CPU:  83.0%
mdfil_info: 100.0%   24 sec CPU:  83.4%
mdfil_info: 100.0%   24 sec CPU:  83.4%
