WARN: the 'eosmount' alias is deprecated, please use /eos directly
License ports: 28518@lxlicen01.cern.ch,28518@lxlicen02.cern.ch,28518@lxlicen03.cern.ch:/cvmfs/projects.cern.ch/intelsw/psxe/linux/licenses
Intel(R) Parallel Studio XE 2018 Update 2 for Linux*
Copyright (C) 2009-2018 Intel Corporation. All rights reserved.
9545
AMSCommonsI-I-HardwareIdentifiedAs Linux 3.10.0-957.10.1.el7.x86_64 x86_64 2
AMSCommonsI-I-Identified as LittleEndian 64 bit machine. 4294967295
AMSCommonsI-I-amsdatabase /cvmfs/ams.cern.ch/Offline/AMSDataDir/DataBase/
AMSCommonsI-I-MipsFromCPUInfo: 2194.92
AMSCommonsI-I-SystemIdentified as  Intel(R) Xeon(R) CPU E5-2630 v4 @ 2.20GHz
AMSCommonsI-I-ComputerEvaluatedAsMips 3511
AMS Software version v5.02/1220/12 built Fri Apr 19 23:54:38 2019

Geant4  Version 1033
Run ID: 117 Bartel: 69
Input Destination: /eos/ams/user/s/selu/mdst/He122/mdst_60441657.root
Output Destination: /afs/cern.ch/work/c/ctuysuz/private/he_flux/LSF/result_mc_time/time_69/he_flux_69_117.root
Add hist00 from /eos/ams/user/s/selu/mdst/He122/mdst_60441657.root
Start of Init
Use new binning
Start of Eventloop
Ntr, Nent= 1 437254
IsMC= 1
Parameter[0] = -2.5456
Parameter[1] = -2.98028
Parameter[2] = -3.58897
Parameter[3] = -5.48942
Parameter[4] = 0.110577
Parameter[5] = -2.14012
mdfil_info:  10.0%    4 sec CPU:  50.2%
mdfil_info:  20.0%    7 sec CPU:  60.1%
mdfil_info:  30.0%    9 sec CPU:  64.9%
mdfil_info:  40.0%   12 sec CPU:  67.6%
mdfil_info:  50.0%   15 sec CPU:  68.6%
mdfil_info:  60.0%   17 sec CPU:  70.5%
mdfil_info:  70.0%   19 sec CPU:  71.7%
mdfil_info:  80.0%   22 sec CPU:  72.9%
mdfil_info:  90.0%   24 sec CPU:  73.9%
mdfil_info: 100.0%   26 sec CPU:  74.7%
mdfil_info: 100.0%   26 sec CPU:  74.7%
24260
AMSCommonsI-I-HardwareIdentifiedAs Linux 3.10.0-957.10.1.el7.x86_64 x86_64 2
AMSCommonsI-I-Identified as LittleEndian 64 bit machine. 4294967295
AMSCommonsI-I-amsdatabase /cvmfs/ams.cern.ch/Offline/AMSDataDir/DataBase/
AMSCommonsI-I-MipsFromCPUInfo: 2194.92
AMSCommonsI-I-SystemIdentified as  Intel(R) Xeon(R) CPU E5-2630 v4 @ 2.20GHz
AMSCommonsI-I-ComputerEvaluatedAsMips 3511
AMS Software version v5.02/1220/12 built Fri Apr 19 23:54:38 2019

Geant4  Version 1033
Run ID: 299 Bartel: 42
Input Destination: /eos/ams/user/s/selu/mdst/He122/mdst_60441839.root
Output Destination: /afs/cern.ch/work/c/ctuysuz/private/he_flux/LSF/result_mc_time/time_42/he_flux_42_299.root
Add hist00 from /eos/ams/user/s/selu/mdst/He122/mdst_60441839.root
Start of Init
Use new binning
Start of Eventloop
Ntr, Nent= 1 435047
IsMC= 1
Parameter[0] = -2.78027
Parameter[1] = -3.06778
Parameter[2] = -3.62449
Parameter[3] = -5.58149
Parameter[4] = 0.44175
Parameter[5] = -2.56338
mdfil_info:  10.0%   18 sec CPU:  13.2%
mdfil_info:  20.0%   25 sec CPU:  18.1%
mdfil_info:  30.0%   32 sec CPU:  20.3%
mdfil_info:  40.0%   40 sec CPU:  22.0%
mdfil_info:  50.0%   48 sec CPU:  22.8%
mdfil_info:  60.0%   57 sec CPU:  23.4%
mdfil_info:  70.0%   63 sec CPU:  24.3%
mdfil_info:  80.0%   71 sec CPU:  24.6%
mdfil_info:  90.0%   78 sec CPU:  25.2%
mdfil_info: 100.0%   85 sec CPU:  25.4%
mdfil_info: 100.0%   85 sec CPU:  25.4%
38975
AMSCommonsI-I-HardwareIdentifiedAs Linux 3.10.0-957.10.1.el7.x86_64 x86_64 2
AMSCommonsI-I-Identified as LittleEndian 64 bit machine. 4294967295
AMSCommonsI-I-amsdatabase /cvmfs/ams.cern.ch/Offline/AMSDataDir/DataBase/
AMSCommonsI-I-MipsFromCPUInfo: 2194.92
AMSCommonsI-I-SystemIdentified as  Intel(R) Xeon(R) CPU E5-2630 v4 @ 2.20GHz
AMSCommonsI-I-ComputerEvaluatedAsMips 3511
AMS Software version v5.02/1220/12 built Fri Apr 19 23:54:38 2019

Geant4  Version 1033
Run ID: 481 Bartel: 15
Input Destination: /eos/ams/user/s/selu/mdst/He314/mdst_120929881.root
Output Destination: /afs/cern.ch/work/c/ctuysuz/private/he_flux/LSF/result_mc_time/time_15/he_flux_15_481.root
Add hist00 from /eos/ams/user/s/selu/mdst/He314/mdst_120929881.root
Start of Init
Use new binning
Start of Eventloop
Ntr, Nent= 1 122058
IsMC= 1
Parameter[0] = -2.64949
Parameter[1] = -3.02393
Parameter[2] = -3.59344
Parameter[3] = -5.52782
Parameter[4] = 0.200514
Parameter[5] = -2.29505
mdfil_info:  10.0%    1 sec CPU:  65.9%
mdfil_info:  20.0%    2 sec CPU:  70.8%
mdfil_info:  30.0%    3 sec CPU:  73.0%
mdfil_info:  40.0%    3 sec CPU:  76.1%
mdfil_info:  50.0%    4 sec CPU:  77.9%
mdfil_info:  60.0%    4 sec CPU:  79.2%
mdfil_info:  70.0%    5 sec CPU:  80.4%
mdfil_info:  80.0%    6 sec CPU:  81.0%
mdfil_info:  90.0%    6 sec CPU:  81.7%
mdfil_info: 100.0%    7 sec CPU:  81.9%
mdfil_info: 100.0%    7 sec CPU:  81.9%
