WARN: the 'eosmount' alias is deprecated, please use /eos directly
License ports: 28518@lxlicen01.cern.ch,28518@lxlicen02.cern.ch,28518@lxlicen03.cern.ch:/cvmfs/projects.cern.ch/intelsw/psxe/linux/licenses
Intel(R) Parallel Studio XE 2018 Update 2 for Linux*
Copyright (C) 2009-2018 Intel Corporation. All rights reserved.
10919
AMSCommonsI-I-HardwareIdentifiedAs Linux 3.10.0-957.10.1.el7.x86_64 x86_64 2
AMSCommonsI-I-Identified as LittleEndian 64 bit machine. 4294967295
AMSCommonsI-I-amsdatabase /cvmfs/ams.cern.ch/Offline/AMSDataDir/DataBase/
AMSCommonsI-I-MipsFromCPUInfo: 2194.92
AMSCommonsI-I-SystemIdentified as  Intel(R) Xeon(R) CPU E5-2630 v4 @ 2.20GHz
AMSCommonsI-I-ComputerEvaluatedAsMips 3511
AMS Software version v5.02/1220/12 built Fri Apr 19 23:54:38 2019

Geant4  Version 1033
Run ID: 134 Bartel: 66
Input Destination: /eos/ams/user/s/selu/mdst/He122/mdst_60441674.root
Output Destination: /afs/cern.ch/work/c/ctuysuz/private/he_flux/LSF/result_mc_time/time_66/he_flux_66_134.root
Add hist00 from /eos/ams/user/s/selu/mdst/He122/mdst_60441674.root
Start of Init
Use new binning
Start of Eventloop
Ntr, Nent= 1 435866
IsMC= 1
Parameter[0] = -2.5779
Parameter[1] = -2.99002
Parameter[2] = -3.59372
Parameter[3] = -5.46372
Parameter[4] = 0.117988
Parameter[5] = -1.94602
mdfil_info:  10.0%   18 sec CPU:  11.2%
mdfil_info:  20.0%   23 sec CPU:  15.7%
mdfil_info:  30.0%   29 sec CPU:  18.6%
mdfil_info:  40.0%   34 sec CPU:  20.4%
mdfil_info:  50.0%   42 sec CPU:  20.4%
mdfil_info:  60.0%   50 sec CPU:  20.4%
mdfil_info:  70.0%   57 sec CPU:  20.6%
mdfil_info:  80.0%   63 sec CPU:  21.4%
mdfil_info:  90.0%   69 sec CPU:  22.0%
mdfil_info: 100.0%   75 sec CPU:  22.5%
mdfil_info: 100.0%   75 sec CPU:  22.5%
25634
AMSCommonsI-I-HardwareIdentifiedAs Linux 3.10.0-957.10.1.el7.x86_64 x86_64 2
AMSCommonsI-I-Identified as LittleEndian 64 bit machine. 4294967295
AMSCommonsI-I-amsdatabase /cvmfs/ams.cern.ch/Offline/AMSDataDir/DataBase/
AMSCommonsI-I-MipsFromCPUInfo: 2194.92
AMSCommonsI-I-SystemIdentified as  Intel(R) Xeon(R) CPU E5-2630 v4 @ 2.20GHz
AMSCommonsI-I-ComputerEvaluatedAsMips 3511
AMS Software version v5.02/1220/12 built Fri Apr 19 23:54:38 2019

Geant4  Version 1033
Run ID: 316 Bartel: 39
Input Destination: /eos/ams/user/s/selu/mdst/He122/mdst_60441856.root
Output Destination: /afs/cern.ch/work/c/ctuysuz/private/he_flux/LSF/result_mc_time/time_39/he_flux_39_316.root
Add hist00 from /eos/ams/user/s/selu/mdst/He122/mdst_60441856.root
Start of Init
Use new binning
Start of Eventloop
Ntr, Nent= 1 441534
IsMC= 1
Parameter[0] = -2.81505
Parameter[1] = -3.07484
Parameter[2] = -3.62471
Parameter[3] = -5.62014
Parameter[4] = 0.622835
Parameter[5] = -2.8044
mdfil_info:  10.0%    2 sec CPU:  77.0%
mdfil_info:  20.0%    4 sec CPU:  82.7%
mdfil_info:  30.0%    6 sec CPU:  84.1%
mdfil_info:  40.0%    8 sec CPU:  85.5%
mdfil_info:  50.0%   10 sec CPU:  86.0%
mdfil_info:  60.0%   11 sec CPU:  86.5%
mdfil_info:  70.0%   13 sec CPU:  86.8%
mdfil_info:  80.0%   15 sec CPU:  87.0%
mdfil_info:  90.0%   17 sec CPU:  87.0%
mdfil_info: 100.0%   19 sec CPU:  87.1%
mdfil_info: 100.0%   19 sec CPU:  87.1%
40349
AMSCommonsI-I-HardwareIdentifiedAs Linux 3.10.0-957.10.1.el7.x86_64 x86_64 2
AMSCommonsI-I-Identified as LittleEndian 64 bit machine. 4294967295
AMSCommonsI-I-amsdatabase /cvmfs/ams.cern.ch/Offline/AMSDataDir/DataBase/
AMSCommonsI-I-MipsFromCPUInfo: 2194.92
AMSCommonsI-I-SystemIdentified as  Intel(R) Xeon(R) CPU E5-2630 v4 @ 2.20GHz
AMSCommonsI-I-ComputerEvaluatedAsMips 3511
AMS Software version v5.02/1220/12 built Fri Apr 19 23:54:38 2019

Geant4  Version 1033
Run ID: 498 Bartel: 12
Input Destination: /eos/ams/user/s/selu/mdst/He314/mdst_120929899.root
Output Destination: /afs/cern.ch/work/c/ctuysuz/private/he_flux/LSF/result_mc_time/time_12/he_flux_12_498.root
Add hist00 from /eos/ams/user/s/selu/mdst/He314/mdst_120929899.root
Start of Init
Use new binning
Start of Eventloop
Ntr, Nent= 1 97885
IsMC= 1
Parameter[0] = -2.69683
Parameter[1] = -3.04779
Parameter[2] = -3.61865
Parameter[3] = -5.53473
Parameter[4] = 0.213856
Parameter[5] = -2.39642
mdfil_info:  10.0%    5 sec CPU:   8.6%
mdfil_info:  20.0%    9 sec CPU:  10.0%
mdfil_info:  30.0%   12 sec CPU:  10.6%
mdfil_info:  40.0%   15 sec CPU:  11.6%
mdfil_info:  50.0%   16 sec CPU:  13.2%
mdfil_info:  60.0%   17 sec CPU:  14.5%
mdfil_info:  70.0%   19 sec CPU:  16.0%
mdfil_info:  80.0%   19 sec CPU:  16.8%
mdfil_info:  90.0%   20 sec CPU:  17.6%
mdfil_info: 100.0%   21 sec CPU:  18.2%
mdfil_info: 100.0%   21 sec CPU:  18.2%
