WARN: the 'eosmount' alias is deprecated, please use /eos directly
License ports: 28518@lxlicen01.cern.ch,28518@lxlicen02.cern.ch,28518@lxlicen03.cern.ch:/cvmfs/projects.cern.ch/intelsw/psxe/linux/licenses
Intel(R) Parallel Studio XE 2018 Update 2 for Linux*
Copyright (C) 2009-2018 Intel Corporation. All rights reserved.
4257
AMSCommonsI-I-HardwareIdentifiedAs Linux 3.10.0-957.12.1.el7.x86_64 x86_64 2
AMSCommonsI-I-Identified as LittleEndian 64 bit machine. 4294967295
AMSCommonsI-I-amsdatabase /cvmfs/ams.cern.ch/Offline/AMSDataDir/DataBase/
AMSCommonsI-I-MipsFromCPUInfo: 2394.45
AMSCommonsI-I-SystemIdentified as  Intel Core Processor (Haswell, no TSX, IBRS)
AMSCommonsI-I-ComputerEvaluatedAsMips 3591
AMS Software version v5.02/1220/12 built Fri Apr 19 23:54:38 2019

Geant4  Version 1033
Run ID: 52 Bartel: 46
18972
AMSCommonsI-I-HardwareIdentifiedAs Linux 3.10.0-957.12.1.el7.x86_64 x86_64 2
AMSCommonsI-I-Identified as LittleEndian 64 bit machine. 4294967295
AMSCommonsI-I-amsdatabase /cvmfs/ams.cern.ch/Offline/AMSDataDir/DataBase/
AMSCommonsI-I-MipsFromCPUInfo: 2394.45
AMSCommonsI-I-SystemIdentified as  Intel Core Processor (Haswell, no TSX, IBRS)
AMSCommonsI-I-ComputerEvaluatedAsMips 3591
AMS Software version v5.02/1220/12 built Fri Apr 19 23:54:38 2019

Geant4  Version 1033
Run ID: 234 Bartel: 19
Input Destination: /eos/ams/user/s/selu/mdst/He122/mdst_60441774.root
Output Destination: /afs/cern.ch/work/c/ctuysuz/private/he_flux/LSF/result_mc_time/time_19/he_flux_19_234.root
Add hist00 from /eos/ams/user/s/selu/mdst/He122/mdst_60441774.root
Start of Init
Use new binning
Start of Eventloop
Ntr, Nent= 1 438557
IsMC= 1
Parameter[0] = -2.70235
Parameter[1] = -3.03758
Parameter[2] = -3.60308
Parameter[3] = -5.55191
Parameter[4] = 0.242617
Parameter[5] = -2.38008
mdfil_info:  10.0%    2 sec CPU:  68.2%
mdfil_info:  20.0%    4 sec CPU:  73.7%
mdfil_info:  30.0%    6 sec CPU:  71.2%
mdfil_info:  40.0%    8 sec CPU:  73.0%
mdfil_info:  50.0%   10 sec CPU:  74.1%
mdfil_info:  60.0%   12 sec CPU:  75.0%
mdfil_info:  70.0%   14 sec CPU:  75.5%
mdfil_info:  80.0%   16 sec CPU:  75.8%
mdfil_info:  90.0%   17 sec CPU:  76.3%
mdfil_info: 100.0%   19 sec CPU:  76.8%
mdfil_info: 100.0%   19 sec CPU:  76.8%
33687
AMSCommonsI-I-HardwareIdentifiedAs Linux 3.10.0-957.12.1.el7.x86_64 x86_64 2
AMSCommonsI-I-Identified as LittleEndian 64 bit machine. 4294967295
AMSCommonsI-I-amsdatabase /cvmfs/ams.cern.ch/Offline/AMSDataDir/DataBase/
AMSCommonsI-I-MipsFromCPUInfo: 2394.45
AMSCommonsI-I-SystemIdentified as  Intel Core Processor (Haswell, no TSX, IBRS)
AMSCommonsI-I-ComputerEvaluatedAsMips 3591
AMS Software version v5.02/1220/12 built Fri Apr 19 23:54:38 2019

Geant4  Version 1033
Run ID: 415 Bartel: 73
Input Destination: /eos/ams/user/s/selu/mdst/He122/mdst_60442303.root
Output Destination: /afs/cern.ch/work/c/ctuysuz/private/he_flux/LSF/result_mc_time/time_73/he_flux_73_415.root
Add hist00 from /eos/ams/user/s/selu/mdst/He122/mdst_60442303.root
Start of Init
Use new binning
Start of Eventloop
Ntr, Nent= 1 435405
IsMC= 1
Parameter[0] = -2.52877
Parameter[1] = -2.96916
Parameter[2] = -3.58403
Parameter[3] = -5.48816
Parameter[4] = 0.0284517
Parameter[5] = -2.25131
mdfil_info:  10.0%    2 sec CPU:  80.9%
mdfil_info:  20.0%    7 sec CPU:  46.2%
mdfil_info:  30.0%   15 sec CPU:  31.2%
mdfil_info:  40.0%   17 sec CPU:  35.3%
mdfil_info:  50.0%   19 sec CPU:  39.5%
mdfil_info:  60.0%   21 sec CPU:  42.8%
mdfil_info:  70.0%   23 sec CPU:  45.6%
mdfil_info:  80.0%   25 sec CPU:  47.8%
mdfil_info:  90.0%   30 sec CPU:  45.2%
mdfil_info: 100.0%   35 sec CPU:  42.9%
mdfil_info: 100.0%   35 sec CPU:  42.9%
