WARN: the 'eosmount' alias is deprecated, please use /eos directly
License ports: 28518@lxlicen01.cern.ch,28518@lxlicen02.cern.ch,28518@lxlicen03.cern.ch:/cvmfs/projects.cern.ch/intelsw/psxe/linux/licenses
Intel(R) Parallel Studio XE 2018 Update 2 for Linux*
Copyright (C) 2009-2018 Intel Corporation. All rights reserved.
10468
AMSCommonsI-I-HardwareIdentifiedAs Linux 3.10.0-957.10.1.el7.x86_64 x86_64 2
AMSCommonsI-I-Identified as LittleEndian 64 bit machine. 4294967295
AMSCommonsI-I-amsdatabase /cvmfs/ams.cern.ch/Offline/AMSDataDir/DataBase/
AMSCommonsI-I-MipsFromCPUInfo: 2194.92
AMSCommonsI-I-SystemIdentified as  Intel(R) Xeon(R) CPU E5-2630 v4 @ 2.20GHz
AMSCommonsI-I-ComputerEvaluatedAsMips 3511
AMS Software version v5.02/1220/12 built Fri Apr 19 23:54:38 2019

Geant4  Version 1033
Run ID: 129 Bartel: 20
Input Destination: /eos/ams/user/s/selu/mdst/He122/mdst_60441669.root
Output Destination: /afs/cern.ch/work/c/ctuysuz/private/he_flux/LSF/result_mc_time/time_20/he_flux_20_129.root
Add hist00 from /eos/ams/user/s/selu/mdst/He122/mdst_60441669.root
Start of Init
Use new binning
Start of Eventloop
Ntr, Nent= 1 436405
IsMC= 1
Parameter[0] = -2.70518
Parameter[1] = -3.02051
Parameter[2] = -3.58999
Parameter[3] = -5.56547
Parameter[4] = 0.334526
Parameter[5] = -2.62761
mdfil_info:  10.0%    3 sec CPU:  73.1%
mdfil_info:  20.0%    6 sec CPU:  72.1%
mdfil_info:  30.0%    9 sec CPU:  72.5%
mdfil_info:  40.0%   11 sec CPU:  72.7%
mdfil_info:  50.0%   14 sec CPU:  71.8%
mdfil_info:  60.0%   18 sec CPU:  69.4%
mdfil_info:  70.0%   21 sec CPU:  68.8%
mdfil_info:  80.0%   23 sec CPU:  70.6%
mdfil_info:  90.0%   25 sec CPU:  72.1%
mdfil_info: 100.0%   28 sec CPU:  73.6%
mdfil_info: 100.0%   28 sec CPU:  73.6%
25183
AMSCommonsI-I-HardwareIdentifiedAs Linux 3.10.0-957.10.1.el7.x86_64 x86_64 2
AMSCommonsI-I-Identified as LittleEndian 64 bit machine. 4294967295
AMSCommonsI-I-amsdatabase /cvmfs/ams.cern.ch/Offline/AMSDataDir/DataBase/
AMSCommonsI-I-MipsFromCPUInfo: 2194.92
AMSCommonsI-I-SystemIdentified as  Intel(R) Xeon(R) CPU E5-2630 v4 @ 2.20GHz
AMSCommonsI-I-ComputerEvaluatedAsMips 3511
AMS Software version v5.02/1220/12 built Fri Apr 19 23:54:38 2019

Geant4  Version 1033
Run ID: 310 Bartel: 74
Input Destination: /eos/ams/user/s/selu/mdst/He122/mdst_60441850.root
Output Destination: /afs/cern.ch/work/c/ctuysuz/private/he_flux/LSF/result_mc_time/time_74/he_flux_74_310.root
Add hist00 from /eos/ams/user/s/selu/mdst/He122/mdst_60441850.root
Start of Init
Use new binning
Start of Eventloop
Ntr, Nent= 1 436627
IsMC= 1
Parameter[0] = -2.51662
Parameter[1] = -2.96375
Parameter[2] = -3.57829
Parameter[3] = -5.45844
Parameter[4] = 0.103059
Parameter[5] = -1.93983
mdfil_info:  10.0%   18 sec CPU:  12.9%
mdfil_info:  20.0%   24 sec CPU:  18.4%
mdfil_info:  30.0%   31 sec CPU:  21.7%
mdfil_info:  40.0%   39 sec CPU:  22.5%
mdfil_info:  50.0%   47 sec CPU:  22.9%
mdfil_info:  60.0%   60 sec CPU:  21.4%
mdfil_info:  70.0%   68 sec CPU:  22.0%
mdfil_info:  80.0%   76 sec CPU:  22.6%
mdfil_info:  90.0%   83 sec CPU:  23.3%
mdfil_info: 100.0%   90 sec CPU:  23.6%
mdfil_info: 100.0%   90 sec CPU:  23.6%
39898
AMSCommonsI-I-HardwareIdentifiedAs Linux 3.10.0-957.10.1.el7.x86_64 x86_64 2
AMSCommonsI-I-Identified as LittleEndian 64 bit machine. 4294967295
AMSCommonsI-I-amsdatabase /cvmfs/ams.cern.ch/Offline/AMSDataDir/DataBase/
AMSCommonsI-I-MipsFromCPUInfo: 2194.92
AMSCommonsI-I-SystemIdentified as  Intel(R) Xeon(R) CPU E5-2630 v4 @ 2.20GHz
AMSCommonsI-I-ComputerEvaluatedAsMips 3511
AMS Software version v5.02/1220/12 built Fri Apr 19 23:54:38 2019

Geant4  Version 1033
Run ID: 492 Bartel: 47
