WARN: the 'eosmount' alias is deprecated, please use /eos directly
License ports: 28518@lxlicen01.cern.ch,28518@lxlicen02.cern.ch,28518@lxlicen03.cern.ch:/cvmfs/projects.cern.ch/intelsw/psxe/linux/licenses
Intel(R) Parallel Studio XE 2018 Update 2 for Linux*
Copyright (C) 2009-2018 Intel Corporation. All rights reserved.
13302
AMSCommonsI-I-HardwareIdentifiedAs Linux 3.10.0-957.12.1.el7.x86_64 x86_64 2
AMSCommonsI-I-Identified as LittleEndian 64 bit machine. 4294967295
AMSCommonsI-I-amsdatabase /cvmfs/ams.cern.ch/Offline/AMSDataDir/DataBase/
AMSCommonsI-I-MipsFromCPUInfo: 2394.45
AMSCommonsI-I-SystemIdentified as  Intel(R) Xeon(R) CPU E5-2630 v3 @ 2.40GHz
AMSCommonsI-I-ComputerEvaluatedAsMips 3831
AMS Software version v5.02/1220/12 built Fri Apr 19 23:54:38 2019

Geant4  Version 1033
Run ID: 164 Bartel: 19
Input Destination: /eos/ams/user/s/selu/mdst/He122/mdst_60441704.root
Output Destination: /afs/cern.ch/work/c/ctuysuz/private/he_flux/LSF/result_mc_time/time_19/he_flux_19_164.root
Add hist00 from /eos/ams/user/s/selu/mdst/He122/mdst_60441704.root
Start of Init
Use new binning
Start of Eventloop
Ntr, Nent= 1 440058
IsMC= 1
Parameter[0] = -2.70235
Parameter[1] = -3.03758
Parameter[2] = -3.60308
Parameter[3] = -5.55191
Parameter[4] = 0.242617
Parameter[5] = -2.38008
mdfil_info:  10.0%   18 sec CPU:  12.3%
mdfil_info:  20.0%   27 sec CPU:  15.7%
mdfil_info:  30.0%   40 sec CPU:  16.0%
mdfil_info:  40.0%   48 sec CPU:  17.3%
mdfil_info:  50.0%   56 sec CPU:  18.3%
mdfil_info:  60.0%   64 sec CPU:  19.4%
mdfil_info:  70.0%   71 sec CPU:  20.4%
mdfil_info:  80.0%   79 sec CPU:  21.1%
mdfil_info:  90.0%   86 sec CPU:  21.6%
mdfil_info: 100.0%   96 sec CPU:  21.5%
mdfil_info: 100.0%   96 sec CPU:  21.5%
28017
AMSCommonsI-I-HardwareIdentifiedAs Linux 3.10.0-957.12.1.el7.x86_64 x86_64 2
AMSCommonsI-I-Identified as LittleEndian 64 bit machine. 4294967295
AMSCommonsI-I-amsdatabase /cvmfs/ams.cern.ch/Offline/AMSDataDir/DataBase/
AMSCommonsI-I-MipsFromCPUInfo: 2394.45
AMSCommonsI-I-SystemIdentified as  Intel(R) Xeon(R) CPU E5-2630 v3 @ 2.40GHz
AMSCommonsI-I-ComputerEvaluatedAsMips 3831
AMS Software version v5.02/1220/12 built Fri Apr 19 23:54:38 2019

Geant4  Version 1033
Run ID: 345 Bartel: 73
Input Destination: /eos/ams/user/s/selu/mdst/He122/mdst_60441885.root
Output Destination: /afs/cern.ch/work/c/ctuysuz/private/he_flux/LSF/result_mc_time/time_73/he_flux_73_345.root
Add hist00 from /eos/ams/user/s/selu/mdst/He122/mdst_60441885.root
Start of Init
Use new binning
Start of Eventloop
Ntr, Nent= 1 438135
IsMC= 1
Parameter[0] = -2.52877
Parameter[1] = -2.96916
Parameter[2] = -3.58403
Parameter[3] = -5.48816
Parameter[4] = 0.0284517
Parameter[5] = -2.25131
mdfil_info:  10.0%    3 sec CPU:  70.0%
mdfil_info:  20.0%    5 sec CPU:  75.8%
mdfil_info:  30.0%    8 sec CPU:  79.4%
mdfil_info:  40.0%   10 sec CPU:  80.6%
mdfil_info:  50.0%   12 sec CPU:  81.8%
mdfil_info:  60.0%   14 sec CPU:  82.6%
mdfil_info:  70.0%   16 sec CPU:  83.3%
mdfil_info:  80.0%   18 sec CPU:  84.0%
mdfil_info:  90.0%   20 sec CPU:  84.4%
mdfil_info: 100.0%   23 sec CPU:  84.9%
mdfil_info: 100.0%   23 sec CPU:  84.9%
42732
AMSCommonsI-I-HardwareIdentifiedAs Linux 3.10.0-957.12.1.el7.x86_64 x86_64 2
AMSCommonsI-I-Identified as LittleEndian 64 bit machine. 4294967295
AMSCommonsI-I-amsdatabase /cvmfs/ams.cern.ch/Offline/AMSDataDir/DataBase/
AMSCommonsI-I-MipsFromCPUInfo: 2394.45
AMSCommonsI-I-SystemIdentified as  Intel(R) Xeon(R) CPU E5-2630 v3 @ 2.40GHz
AMSCommonsI-I-ComputerEvaluatedAsMips 3831
AMS Software version v5.02/1220/12 built Fri Apr 19 23:54:38 2019

Geant4  Version 1033
Run ID: 527 Bartel: 46
