WARN: the 'eosmount' alias is deprecated, please use /eos directly
License ports: 28518@lxlicen01.cern.ch,28518@lxlicen02.cern.ch,28518@lxlicen03.cern.ch:/cvmfs/projects.cern.ch/intelsw/psxe/linux/licenses
Intel(R) Parallel Studio XE 2018 Update 2 for Linux*
Copyright (C) 2009-2018 Intel Corporation. All rights reserved.
11961
AMSCommonsI-I-HardwareIdentifiedAs Linux 3.10.0-957.10.1.el7.x86_64 x86_64 2
AMSCommonsI-I-Identified as LittleEndian 64 bit machine. 4294967295
AMSCommonsI-I-amsdatabase /cvmfs/ams.cern.ch/Offline/AMSDataDir/DataBase/
AMSCommonsI-I-MipsFromCPUInfo: 2194.92
AMSCommonsI-I-SystemIdentified as  Intel(R) Xeon(R) CPU E5-2630 v4 @ 2.20GHz
AMSCommonsI-I-ComputerEvaluatedAsMips 3511
AMS Software version v5.02/1220/12 built Fri Apr 19 23:54:38 2019

Geant4  Version 1033
Run ID: 147 Bartel: 55
Input Destination: /eos/ams/user/s/selu/mdst/He122/mdst_60441687.root
Output Destination: /afs/cern.ch/work/c/ctuysuz/private/he_flux/LSF/result_mc_time/time_55/he_flux_55_147.root
Add hist00 from /eos/ams/user/s/selu/mdst/He122/mdst_60441687.root
Start of Init
Use new binning
Start of Eventloop
Ntr, Nent= 1 438104
IsMC= 1
Parameter[0] = -2.74163
Parameter[1] = -3.05076
Parameter[2] = -3.61683
Parameter[3] = -5.57138
Parameter[4] = 0.434624
Parameter[5] = -2.47013
mdfil_info:  10.0%   16 sec CPU:  14.4%
mdfil_info:  20.0%   24 sec CPU:  18.4%
mdfil_info:  30.0%   31 sec CPU:  21.2%
mdfil_info:  40.0%   39 sec CPU:  22.2%
mdfil_info:  50.0%   51 sec CPU:  20.9%
mdfil_info:  60.0%   61 sec CPU:  21.1%
mdfil_info:  70.0%   68 sec CPU:  22.0%
mdfil_info:  80.0%   76 sec CPU:  22.7%
mdfil_info:  90.0%   83 sec CPU:  23.3%
mdfil_info: 100.0%   91 sec CPU:  23.5%
mdfil_info: 100.0%   91 sec CPU:  23.5%
26676
AMSCommonsI-I-HardwareIdentifiedAs Linux 3.10.0-957.10.1.el7.x86_64 x86_64 2
AMSCommonsI-I-Identified as LittleEndian 64 bit machine. 4294967295
AMSCommonsI-I-amsdatabase /cvmfs/ams.cern.ch/Offline/AMSDataDir/DataBase/
AMSCommonsI-I-MipsFromCPUInfo: 2194.92
AMSCommonsI-I-SystemIdentified as  Intel(R) Xeon(R) CPU E5-2630 v4 @ 2.20GHz
AMSCommonsI-I-ComputerEvaluatedAsMips 3511
AMS Software version v5.02/1220/12 built Fri Apr 19 23:54:38 2019

Geant4  Version 1033
Run ID: 329 Bartel: 28
Input Destination: /eos/ams/user/s/selu/mdst/He122/mdst_60441869.root
Output Destination: /afs/cern.ch/work/c/ctuysuz/private/he_flux/LSF/result_mc_time/time_28/he_flux_28_329.root
Add hist00 from /eos/ams/user/s/selu/mdst/He122/mdst_60441869.root
Start of Init
Use new binning
Start of Eventloop
Ntr, Nent= 1 437275
IsMC= 1
Parameter[0] = -2.78708
Parameter[1] = -3.08521
Parameter[2] = -3.63404
Parameter[3] = -5.57737
Parameter[4] = 0.368582
Parameter[5] = -2.54212
mdfil_info:  10.0%   18 sec CPU:  12.6%
mdfil_info:  20.0%   28 sec CPU:  15.6%
mdfil_info:  30.0%   36 sec CPU:  17.9%
mdfil_info:  40.0%   43 sec CPU:  19.9%
mdfil_info:  50.0%   51 sec CPU:  20.9%
mdfil_info:  60.0%   62 sec CPU:  20.2%
mdfil_info:  70.0%   74 sec CPU:  19.7%
mdfil_info:  80.0%   82 sec CPU:  20.4%
mdfil_info:  90.0%   88 sec CPU:  21.1%
mdfil_info: 100.0%   95 sec CPU:  21.7%
mdfil_info: 100.0%   95 sec CPU:  21.7%
41391
AMSCommonsI-I-HardwareIdentifiedAs Linux 3.10.0-957.10.1.el7.x86_64 x86_64 2
AMSCommonsI-I-Identified as LittleEndian 64 bit machine. 4294967295
AMSCommonsI-I-amsdatabase /cvmfs/ams.cern.ch/Offline/AMSDataDir/DataBase/
AMSCommonsI-I-MipsFromCPUInfo: 2194.92
AMSCommonsI-I-SystemIdentified as  Intel(R) Xeon(R) CPU E5-2630 v4 @ 2.20GHz
AMSCommonsI-I-ComputerEvaluatedAsMips 3511
AMS Software version v5.02/1220/12 built Fri Apr 19 23:54:38 2019

Geant4  Version 1033
Run ID: 511 Bartel: 1
Input Destination: /eos/ams/user/s/selu/mdst/He314/mdst_120929912.root
Output Destination: /afs/cern.ch/work/c/ctuysuz/private/he_flux/LSF/result_mc_time/time_1/he_flux_1_511.root
Add hist00 from /eos/ams/user/s/selu/mdst/He314/mdst_120929912.root
Start of Init
Use new binning
Start of Eventloop
Ntr, Nent= 1 98291
IsMC= 1
Parameter[0] = -2.47751
Parameter[1] = -2.72369
Parameter[2] = -3.30093
Parameter[3] = -5.32428
Parameter[4] = 0.816566
Parameter[5] = -2.78591
mdfil_info:  10.0%    1 sec CPU:  69.5%
mdfil_info:  20.0%    1 sec CPU:  70.2%
mdfil_info:  30.0%    2 sec CPU:  68.4%
mdfil_info:  40.0%    3 sec CPU:  70.9%
mdfil_info:  50.0%    3 sec CPU:  73.1%
mdfil_info:  60.0%    4 sec CPU:  74.0%
mdfil_info:  70.0%    4 sec CPU:  75.4%
mdfil_info:  80.0%    5 sec CPU:  76.8%
mdfil_info:  90.0%    5 sec CPU:  77.9%
mdfil_info: 100.0%    6 sec CPU:  78.8%
mdfil_info: 100.0%    6 sec CPU:  78.8%
