WARN: the 'eosmount' alias is deprecated, please use /eos directly
License ports: 28518@lxlicen01.cern.ch,28518@lxlicen02.cern.ch,28518@lxlicen03.cern.ch:/cvmfs/projects.cern.ch/intelsw/psxe/linux/licenses
Intel(R) Parallel Studio XE 2018 Update 2 for Linux*
Copyright (C) 2009-2018 Intel Corporation. All rights reserved.
14100
AMSCommonsI-I-HardwareIdentifiedAs Linux 3.10.0-957.10.1.el7.x86_64 x86_64 2
AMSCommonsI-I-Identified as LittleEndian 64 bit machine. 4294967295
AMSCommonsI-I-amsdatabase /cvmfs/ams.cern.ch/Offline/AMSDataDir/DataBase/
AMSCommonsI-I-MipsFromCPUInfo: 2194.92
AMSCommonsI-I-SystemIdentified as  Intel(R) Xeon(R) CPU E5-2630 v4 @ 2.20GHz
AMSCommonsI-I-ComputerEvaluatedAsMips 3511
AMS Software version v5.02/1220/12 built Fri Apr 19 23:54:38 2019

Geant4  Version 1033
Run ID: 174 Bartel: 7
Input Destination: /eos/ams/user/s/selu/mdst/He122/mdst_60441714.root
Output Destination: /afs/cern.ch/work/c/ctuysuz/private/he_flux/LSF/result_mc_time/time_7/he_flux_7_174.root
Add hist00 from /eos/ams/user/s/selu/mdst/He122/mdst_60441714.root
Start of Init
Use new binning
Start of Eventloop
Ntr, Nent= 1 438156
IsMC= 1
Parameter[0] = -2.6167
Parameter[1] = -3.01884
Parameter[2] = -3.60527
Parameter[3] = -5.52044
Parameter[4] = 0.00890243
Parameter[5] = -2.31265
mdfil_info:  10.0%    3 sec CPU:  58.9%
mdfil_info:  20.0%    6 sec CPU:  61.0%
mdfil_info:  30.0%    8 sec CPU:  61.2%
mdfil_info:  40.0%   11 sec CPU:  61.5%
mdfil_info:  50.0%   13 sec CPU:  61.8%
mdfil_info:  60.0%   15 sec CPU:  62.5%
mdfil_info:  70.0%   18 sec CPU:  63.6%
mdfil_info:  80.0%   20 sec CPU:  64.1%
mdfil_info:  90.0%   22 sec CPU:  64.7%
mdfil_info: 100.0%   25 sec CPU:  64.3%
mdfil_info: 100.0%   25 sec CPU:  64.3%
28815
AMSCommonsI-I-HardwareIdentifiedAs Linux 3.10.0-957.10.1.el7.x86_64 x86_64 2
AMSCommonsI-I-Identified as LittleEndian 64 bit machine. 4294967295
AMSCommonsI-I-amsdatabase /cvmfs/ams.cern.ch/Offline/AMSDataDir/DataBase/
AMSCommonsI-I-MipsFromCPUInfo: 2194.92
AMSCommonsI-I-SystemIdentified as  Intel(R) Xeon(R) CPU E5-2630 v4 @ 2.20GHz
AMSCommonsI-I-ComputerEvaluatedAsMips 3511
AMS Software version v5.02/1220/12 built Fri Apr 19 23:54:38 2019

Geant4  Version 1033
Run ID: 355 Bartel: 61
Input Destination: /eos/ams/user/s/selu/mdst/He122/mdst_60442243.root
Output Destination: /afs/cern.ch/work/c/ctuysuz/private/he_flux/LSF/result_mc_time/time_61/he_flux_61_355.root
Add hist00 from /eos/ams/user/s/selu/mdst/He122/mdst_60442243.root
Start of Init
Use new binning
Start of Eventloop
Ntr, Nent= 1 435747
IsMC= 1
Parameter[0] = -2.66257
Parameter[1] = -3.02879
Parameter[2] = -3.60772
Parameter[3] = -5.54397
Parameter[4] = 0.208408
Parameter[5] = -2.47782
mdfil_info:  10.0%   17 sec CPU:  10.3%
mdfil_info:  20.0%   22 sec CPU:  14.9%
mdfil_info:  30.0%   30 sec CPU:  16.7%
mdfil_info:  40.0%   36 sec CPU:  17.9%
mdfil_info:  50.0%   49 sec CPU:  16.6%
mdfil_info:  60.0%   58 sec CPU:  16.9%
mdfil_info:  70.0%   70 sec CPU:  16.4%
mdfil_info:  80.0%   79 sec CPU:  16.5%
mdfil_info:  90.0%   92 sec CPU:  15.9%
mdfil_info: 100.0%  101 sec CPU:  15.9%
mdfil_info: 100.0%  101 sec CPU:  15.9%
43530
AMSCommonsI-I-HardwareIdentifiedAs Linux 3.10.0-957.10.1.el7.x86_64 x86_64 2
AMSCommonsI-I-Identified as LittleEndian 64 bit machine. 4294967295
AMSCommonsI-I-amsdatabase /cvmfs/ams.cern.ch/Offline/AMSDataDir/DataBase/
AMSCommonsI-I-MipsFromCPUInfo: 2194.92
AMSCommonsI-I-SystemIdentified as  Intel(R) Xeon(R) CPU E5-2630 v4 @ 2.20GHz
AMSCommonsI-I-ComputerEvaluatedAsMips 3511
AMS Software version v5.02/1220/12 built Fri Apr 19 23:54:38 2019

Geant4  Version 1033
Run ID: 537 Bartel: 34
Input Destination: /eos/ams/user/s/selu/mdst/He314/mdst_120929942.root
Output Destination: /afs/cern.ch/work/c/ctuysuz/private/he_flux/LSF/result_mc_time/time_34/he_flux_34_537.root
Add hist00 from /eos/ams/user/s/selu/mdst/He314/mdst_120929942.root
Start of Init
Use new binning
Start of Eventloop
Ntr, Nent= 1 86076
IsMC= 1
Parameter[0] = -2.72052
Parameter[1] = -2.99045
Parameter[2] = -3.54577
Parameter[3] = -5.51973
Parameter[4] = 0.499199
Parameter[5] = -2.55339
mdfil_info:  10.0%    0 sec CPU: 103.9%
mdfil_info:  20.0%    1 sec CPU: 102.0%
mdfil_info:  30.0%    1 sec CPU: 100.5%
mdfil_info:  40.0%    1 sec CPU:  99.8%
mdfil_info:  50.0%    1 sec CPU:  99.9%
mdfil_info:  60.0%    2 sec CPU: 100.2%
mdfil_info:  70.0%    2 sec CPU: 100.2%
mdfil_info:  80.0%    2 sec CPU: 100.2%
mdfil_info:  90.0%    3 sec CPU: 100.0%
mdfil_info: 100.0%    3 sec CPU: 100.1%
mdfil_info: 100.0%    3 sec CPU: 100.1%
