WARN: the 'eosmount' alias is deprecated, please use /eos directly
License ports: 28518@lxlicen01.cern.ch,28518@lxlicen02.cern.ch,28518@lxlicen03.cern.ch:/cvmfs/projects.cern.ch/intelsw/psxe/linux/licenses
Intel(R) Parallel Studio XE 2018 Update 2 for Linux*
Copyright (C) 2009-2018 Intel Corporation. All rights reserved.
10251
AMSCommonsI-I-HardwareIdentifiedAs Linux 3.10.0-957.10.1.el7.x86_64 x86_64 2
AMSCommonsI-I-Identified as LittleEndian 64 bit machine. 4294967295
AMSCommonsI-I-amsdatabase /cvmfs/ams.cern.ch/Offline/AMSDataDir/DataBase/
AMSCommonsI-I-MipsFromCPUInfo: 2194.92
AMSCommonsI-I-SystemIdentified as  Intel(R) Xeon(R) CPU E5-2630 v4 @ 2.20GHz
AMSCommonsI-I-ComputerEvaluatedAsMips 3511
AMS Software version v5.02/1220/12 built Fri Apr 19 23:54:38 2019

Geant4  Version 1033
Run ID: 126 Bartel: 46
24966
AMSCommonsI-I-HardwareIdentifiedAs Linux 3.10.0-957.10.1.el7.x86_64 x86_64 2
AMSCommonsI-I-Identified as LittleEndian 64 bit machine. 4294967295
AMSCommonsI-I-amsdatabase /cvmfs/ams.cern.ch/Offline/AMSDataDir/DataBase/
AMSCommonsI-I-MipsFromCPUInfo: 2194.92
AMSCommonsI-I-SystemIdentified as  Intel(R) Xeon(R) CPU E5-2630 v4 @ 2.20GHz
AMSCommonsI-I-ComputerEvaluatedAsMips 3511
AMS Software version v5.02/1220/12 built Fri Apr 19 23:54:38 2019

Geant4  Version 1033
Run ID: 308 Bartel: 19
Input Destination: /eos/ams/user/s/selu/mdst/He122/mdst_60441848.root
Output Destination: /afs/cern.ch/work/c/ctuysuz/private/he_flux/LSF/result_mc_time/time_19/he_flux_19_308.root
Add hist00 from /eos/ams/user/s/selu/mdst/He122/mdst_60441848.root
Start of Init
Use new binning
Start of Eventloop
Ntr, Nent= 1 441579
IsMC= 1
Parameter[0] = -2.70235
Parameter[1] = -3.03758
Parameter[2] = -3.60308
Parameter[3] = -5.55191
Parameter[4] = 0.242617
Parameter[5] = -2.38008
mdfil_info:  10.0%    3 sec CPU:  70.5%
mdfil_info:  20.0%    6 sec CPU:  77.0%
mdfil_info:  30.0%    8 sec CPU:  78.6%
mdfil_info:  40.0%   10 sec CPU:  79.2%
mdfil_info:  50.0%   13 sec CPU:  80.2%
mdfil_info:  60.0%   15 sec CPU:  80.8%
mdfil_info:  70.0%   18 sec CPU:  80.6%
mdfil_info:  80.0%   20 sec CPU:  80.3%
mdfil_info:  90.0%   23 sec CPU:  80.4%
mdfil_info: 100.0%   25 sec CPU:  80.4%
mdfil_info: 100.0%   25 sec CPU:  80.4%
39681
AMSCommonsI-I-HardwareIdentifiedAs Linux 3.10.0-957.10.1.el7.x86_64 x86_64 2
AMSCommonsI-I-Identified as LittleEndian 64 bit machine. 4294967295
AMSCommonsI-I-amsdatabase /cvmfs/ams.cern.ch/Offline/AMSDataDir/DataBase/
AMSCommonsI-I-MipsFromCPUInfo: 2194.92
AMSCommonsI-I-SystemIdentified as  Intel(R) Xeon(R) CPU E5-2630 v4 @ 2.20GHz
AMSCommonsI-I-ComputerEvaluatedAsMips 3511
AMS Software version v5.02/1220/12 built Fri Apr 19 23:54:38 2019

Geant4  Version 1033
Run ID: 489 Bartel: 73
Input Destination: /eos/ams/user/s/selu/mdst/He314/mdst_120929889.root
Output Destination: /afs/cern.ch/work/c/ctuysuz/private/he_flux/LSF/result_mc_time/time_73/he_flux_73_489.root
Start of Init
Use new binning
Start of Eventloop
Ntr, Nent= 1 33957
IsMC= 1
Parameter[0] = -2.52877
Parameter[1] = -2.96916
Parameter[2] = -3.58403
Parameter[3] = -5.48816
Parameter[4] = 0.0284517
Parameter[5] = -2.25131
mdfil_info:  10.0%    0 sec CPU:  65.7%
mdfil_info:  20.0%    1 sec CPU:  56.9%
mdfil_info:  30.0%    1 sec CPU:  59.1%
mdfil_info:  40.0%    1 sec CPU:  60.6%
mdfil_info:  50.0%    1 sec CPU:  62.6%
mdfil_info:  60.0%    2 sec CPU:  62.9%
mdfil_info:  70.0%    2 sec CPU:  63.8%
mdfil_info:  80.0%    2 sec CPU:  64.2%
mdfil_info:  90.0%    2 sec CPU:  65.2%
mdfil_info: 100.0%    3 sec CPU:  66.2%
mdfil_info: 100.0%    3 sec CPU:  66.2%
