WARN: the 'eosmount' alias is deprecated, please use /eos directly
License ports: 28518@lxlicen01.cern.ch,28518@lxlicen02.cern.ch,28518@lxlicen03.cern.ch:/cvmfs/projects.cern.ch/intelsw/psxe/linux/licenses
Intel(R) Parallel Studio XE 2018 Update 2 for Linux*
Copyright (C) 2009-2018 Intel Corporation. All rights reserved.
6888
AMSCommonsI-I-HardwareIdentifiedAs Linux 3.10.0-957.12.1.el7.x86_64 x86_64 2
AMSCommonsI-I-Identified as LittleEndian 64 bit machine. 4294967295
AMSCommonsI-I-amsdatabase /cvmfs/ams.cern.ch/Offline/AMSDataDir/DataBase/
AMSCommonsI-I-MipsFromCPUInfo: 2394.45
AMSCommonsI-I-SystemIdentified as  Intel Core Processor (Haswell, no TSX, IBRS)
AMSCommonsI-I-ComputerEvaluatedAsMips 3591
AMS Software version v5.02/1220/12 built Fri Apr 19 23:54:38 2019

Geant4  Version 1033
Run ID: 85 Bartel: 4
Input Destination: /eos/ams/user/s/selu/mdst/He122/mdst_60441625.root
Output Destination: /afs/cern.ch/work/c/ctuysuz/private/he_flux/LSF/result_mc_time/time_4/he_flux_4_85.root
Add hist00 from /eos/ams/user/s/selu/mdst/He122/mdst_60441625.root
Start of Init
Use new binning
Start of Eventloop
Ntr, Nent= 1 442218
IsMC= 1
Parameter[0] = -2.61269
Parameter[1] = -3.01592
Parameter[2] = -3.59533
Parameter[3] = -5.49712
Parameter[4] = 0.0687066
Parameter[5] = -2.23552
mdfil_info:  10.0%    3 sec CPU:  75.0%
mdfil_info:  20.0%    5 sec CPU:  80.0%
mdfil_info:  30.0%    8 sec CPU:  83.2%
mdfil_info:  40.0%   10 sec CPU:  84.7%
mdfil_info:  50.0%   13 sec CPU:  85.6%
mdfil_info:  60.0%   15 sec CPU:  85.5%
mdfil_info:  70.0%   18 sec CPU:  85.8%
mdfil_info:  80.0%   20 sec CPU:  85.1%
mdfil_info:  90.0%   23 sec CPU:  85.7%
mdfil_info: 100.0%   25 sec CPU:  85.7%
mdfil_info: 100.0%   25 sec CPU:  85.7%
21603
AMSCommonsI-I-HardwareIdentifiedAs Linux 3.10.0-957.12.1.el7.x86_64 x86_64 2
AMSCommonsI-I-Identified as LittleEndian 64 bit machine. 4294967295
AMSCommonsI-I-amsdatabase /cvmfs/ams.cern.ch/Offline/AMSDataDir/DataBase/
AMSCommonsI-I-MipsFromCPUInfo: 2394.45
AMSCommonsI-I-SystemIdentified as  Intel Core Processor (Haswell, no TSX, IBRS)
AMSCommonsI-I-ComputerEvaluatedAsMips 3591
AMS Software version v5.02/1220/12 built Fri Apr 19 23:54:38 2019

Geant4  Version 1033
Run ID: 266 Bartel: 58
Input Destination: /eos/ams/user/s/selu/mdst/He122/mdst_60441806.root
Output Destination: /afs/cern.ch/work/c/ctuysuz/private/he_flux/LSF/result_mc_time/time_58/he_flux_58_266.root
Add hist00 from /eos/ams/user/s/selu/mdst/He122/mdst_60441806.root
Start of Init
Use new binning
Start of Eventloop
Ntr, Nent= 1 437626
IsMC= 1
Parameter[0] = -2.68687
Parameter[1] = -3.02567
Parameter[2] = -3.60778
Parameter[3] = -5.55295
Parameter[4] = 0.272681
Parameter[5] = -2.49381
mdfil_info:  10.0%   17 sec CPU:  13.4%
mdfil_info:  20.0%   23 sec CPU:  19.2%
mdfil_info:  30.0%   29 sec CPU:  22.6%
mdfil_info:  40.0%   34 sec CPU:  25.1%
mdfil_info:  50.0%   40 sec CPU:  26.9%
mdfil_info:  60.0%   46 sec CPU:  27.9%
mdfil_info:  70.0%   52 sec CPU:  28.5%
mdfil_info:  80.0%   58 sec CPU:  29.1%
mdfil_info:  90.0%   63 sec CPU:  29.9%
mdfil_info: 100.0%   69 sec CPU:  30.4%
mdfil_info: 100.0%   69 sec CPU:  30.4%
36318
AMSCommonsI-I-HardwareIdentifiedAs Linux 3.10.0-957.12.1.el7.x86_64 x86_64 2
AMSCommonsI-I-Identified as LittleEndian 64 bit machine. 4294967295
AMSCommonsI-I-amsdatabase /cvmfs/ams.cern.ch/Offline/AMSDataDir/DataBase/
AMSCommonsI-I-MipsFromCPUInfo: 2394.45
AMSCommonsI-I-SystemIdentified as  Intel Core Processor (Haswell, no TSX, IBRS)
AMSCommonsI-I-ComputerEvaluatedAsMips 3591
AMS Software version v5.02/1220/12 built Fri Apr 19 23:54:38 2019

Geant4  Version 1033
Run ID: 448 Bartel: 31
Input Destination: /eos/ams/user/s/selu/mdst/He122/mdst_60442337.root
Output Destination: /afs/cern.ch/work/c/ctuysuz/private/he_flux/LSF/result_mc_time/time_31/he_flux_31_448.root
Add hist00 from /eos/ams/user/s/selu/mdst/He122/mdst_60442337.root
Start of Init
Use new binning
Start of Eventloop
Ntr, Nent= 1 348688
IsMC= 1
Parameter[0] = -2.78388
Parameter[1] = -3.06558
Parameter[2] = -3.62012
Parameter[3] = -5.56152
Parameter[4] = 0.319855
Parameter[5] = -2.41575
mdfil_info:  10.0%    3 sec CPU:  72.2%
mdfil_info:  20.0%    4 sec CPU:  79.0%
mdfil_info:  30.0%    6 sec CPU:  81.5%
mdfil_info:  40.0%    8 sec CPU:  83.5%
mdfil_info:  50.0%   10 sec CPU:  84.1%
mdfil_info:  60.0%   12 sec CPU:  84.7%
mdfil_info:  70.0%   14 sec CPU:  85.0%
mdfil_info:  80.0%   16 sec CPU:  85.3%
mdfil_info:  90.0%   18 sec CPU:  85.3%
mdfil_info: 100.0%   19 sec CPU:  85.2%
mdfil_info: 100.0%   19 sec CPU:  85.2%
