WARN: the 'eosmount' alias is deprecated, please use /eos directly
License ports: 28518@lxlicen01.cern.ch,28518@lxlicen02.cern.ch,28518@lxlicen03.cern.ch:/cvmfs/projects.cern.ch/intelsw/psxe/linux/licenses
Intel(R) Parallel Studio XE 2018 Update 2 for Linux*
Copyright (C) 2009-2018 Intel Corporation. All rights reserved.
27
AMSCommonsI-I-HardwareIdentifiedAs Linux 3.10.0-957.10.1.el7.x86_64 x86_64 2
AMSCommonsI-I-Identified as LittleEndian 64 bit machine. 4294967295
AMSCommonsI-I-amsdatabase /cvmfs/ams.cern.ch/Offline/AMSDataDir/DataBase/
AMSCommonsI-I-MipsFromCPUInfo: 2194.92
AMSCommonsI-I-SystemIdentified as  Intel(R) Xeon(R) CPU E5-2630 v4 @ 2.20GHz
AMSCommonsI-I-ComputerEvaluatedAsMips 3511
AMS Software version v5.02/1220/12 built Fri Apr 19 23:54:38 2019

Geant4  Version 1033
Run ID: 0 Bartel: 28
Input Destination: /eos/ams/user/s/selu/mdst/He122/mdst_60441539.root
Output Destination: /afs/cern.ch/work/c/ctuysuz/private/he_flux/LSF/result_mc_time/time_28/he_flux_28_0.root
Add hist00 from /eos/ams/user/s/selu/mdst/He122/mdst_60441539.root
Start of Init
Use new binning
Start of Eventloop
Ntr, Nent= 1 131394
IsMC= 1
Parameter[0] = -2.78708
Parameter[1] = -3.08521
Parameter[2] = -3.63404
Parameter[3] = -5.57737
Parameter[4] = 0.368582
Parameter[5] = -2.54212
mdfil_info:  10.0%    2 sec CPU:  43.4%
mdfil_info:  20.0%    3 sec CPU:  52.9%
mdfil_info:  30.0%    4 sec CPU:  58.8%
mdfil_info:  40.0%    5 sec CPU:  63.3%
mdfil_info:  50.0%    5 sec CPU:  65.7%
mdfil_info:  60.0%    6 sec CPU:  66.1%
mdfil_info:  70.0%    7 sec CPU:  67.3%
mdfil_info:  80.0%    8 sec CPU:  68.1%
mdfil_info:  90.0%    9 sec CPU:  69.0%
mdfil_info: 100.0%   10 sec CPU:  69.8%
mdfil_info: 100.0%   10 sec CPU:  69.8%
14742
AMSCommonsI-I-HardwareIdentifiedAs Linux 3.10.0-957.10.1.el7.x86_64 x86_64 2
AMSCommonsI-I-Identified as LittleEndian 64 bit machine. 4294967295
AMSCommonsI-I-amsdatabase /cvmfs/ams.cern.ch/Offline/AMSDataDir/DataBase/
AMSCommonsI-I-MipsFromCPUInfo: 2194.92
AMSCommonsI-I-SystemIdentified as  Intel(R) Xeon(R) CPU E5-2630 v4 @ 2.20GHz
AMSCommonsI-I-ComputerEvaluatedAsMips 3511
AMS Software version v5.02/1220/12 built Fri Apr 19 23:54:38 2019

Geant4  Version 1033
Run ID: 182 Bartel: 1
Input Destination: /eos/ams/user/s/selu/mdst/He122/mdst_60441722.root
Output Destination: /afs/cern.ch/work/c/ctuysuz/private/he_flux/LSF/result_mc_time/time_1/he_flux_1_182.root
Add hist00 from /eos/ams/user/s/selu/mdst/He122/mdst_60441722.root
Start of Init
Use new binning
Start of Eventloop
Ntr, Nent= 1 438674
IsMC= 1
Parameter[0] = -2.47751
Parameter[1] = -2.72369
Parameter[2] = -3.30093
Parameter[3] = -5.32428
Parameter[4] = 0.816566
Parameter[5] = -2.78591
mdfil_info:  10.0%   18 sec CPU:  13.7%
mdfil_info:  20.0%   25 sec CPU:  19.2%
mdfil_info:  30.0%   32 sec CPU:  22.4%
mdfil_info:  40.0%   38 sec CPU:  24.4%
mdfil_info:  50.0%   45 sec CPU:  26.1%
mdfil_info:  60.0%   51 sec CPU:  27.4%
mdfil_info:  70.0%   58 sec CPU:  28.0%
mdfil_info:  80.0%   64 sec CPU:  28.9%
mdfil_info:  90.0%   72 sec CPU:  29.0%
mdfil_info: 100.0%   78 sec CPU:  29.5%
mdfil_info: 100.0%   78 sec CPU:  29.5%
29457
AMSCommonsI-I-HardwareIdentifiedAs Linux 3.10.0-957.10.1.el7.x86_64 x86_64 2
AMSCommonsI-I-Identified as LittleEndian 64 bit machine. 4294967295
AMSCommonsI-I-amsdatabase /cvmfs/ams.cern.ch/Offline/AMSDataDir/DataBase/
AMSCommonsI-I-MipsFromCPUInfo: 2194.92
AMSCommonsI-I-SystemIdentified as  Intel(R) Xeon(R) CPU E5-2630 v4 @ 2.20GHz
AMSCommonsI-I-ComputerEvaluatedAsMips 3511
AMS Software version v5.02/1220/12 built Fri Apr 19 23:54:38 2019

Geant4  Version 1033
Run ID: 363 Bartel: 55
Input Destination: /eos/ams/user/s/selu/mdst/He122/mdst_60442251.root
Output Destination: /afs/cern.ch/work/c/ctuysuz/private/he_flux/LSF/result_mc_time/time_55/he_flux_55_363.root
Add hist00 from /eos/ams/user/s/selu/mdst/He122/mdst_60442251.root
Start of Init
Use new binning
Start of Eventloop
Ntr, Nent= 1 433984
IsMC= 1
Parameter[0] = -2.74163
Parameter[1] = -3.05076
Parameter[2] = -3.61683
Parameter[3] = -5.57138
Parameter[4] = 0.434624
Parameter[5] = -2.47013
mdfil_info:  10.0%    4 sec CPU:  66.5%
mdfil_info:  20.0%    6 sec CPU:  70.9%
mdfil_info:  30.0%    9 sec CPU:  74.1%
mdfil_info:  40.0%   12 sec CPU:  76.4%
mdfil_info:  50.0%   14 sec CPU:  78.3%
mdfil_info:  60.0%   17 sec CPU:  79.8%
mdfil_info:  70.0%   20 sec CPU:  77.7%
mdfil_info:  80.0%   24 sec CPU:  76.2%
mdfil_info:  90.0%   27 sec CPU:  74.8%
mdfil_info: 100.0%   30 sec CPU:  73.7%
mdfil_info: 100.0%   30 sec CPU:  73.7%
