WARN: the 'eosmount' alias is deprecated, please use /eos directly
License ports: 28518@lxlicen01.cern.ch,28518@lxlicen02.cern.ch,28518@lxlicen03.cern.ch:/cvmfs/projects.cern.ch/intelsw/psxe/linux/licenses
Intel(R) Parallel Studio XE 2018 Update 2 for Linux*
Copyright (C) 2009-2018 Intel Corporation. All rights reserved.
7614
AMSCommonsI-I-HardwareIdentifiedAs Linux 3.10.0-957.10.1.el7.x86_64 x86_64 2
AMSCommonsI-I-Identified as LittleEndian 64 bit machine. 4294967295
AMSCommonsI-I-amsdatabase /cvmfs/ams.cern.ch/Offline/AMSDataDir/DataBase/
AMSCommonsI-I-MipsFromCPUInfo: 2194.92
AMSCommonsI-I-SystemIdentified as  Intel(R) Xeon(R) CPU E5-2630 v4 @ 2.20GHz
AMSCommonsI-I-ComputerEvaluatedAsMips 3511
AMS Software version v5.02/1220/12 built Fri Apr 19 23:54:38 2019

Geant4  Version 1033
Run ID: 94 Bartel: 1
Input Destination: /eos/ams/user/s/selu/mdst/He122/mdst_60441634.root
Output Destination: /afs/cern.ch/work/c/ctuysuz/private/he_flux/LSF/result_mc_time/time_1/he_flux_1_94.root
Add hist00 from /eos/ams/user/s/selu/mdst/He122/mdst_60441634.root
Start of Init
Use new binning
Start of Eventloop
Ntr, Nent= 1 436444
IsMC= 1
Parameter[0] = -2.47751
Parameter[1] = -2.72369
Parameter[2] = -3.30093
Parameter[3] = -5.32428
Parameter[4] = 0.816566
Parameter[5] = -2.78591
mdfil_info:  10.0%   18 sec CPU:  13.0%
mdfil_info:  20.0%   27 sec CPU:  17.0%
mdfil_info:  30.0%   36 sec CPU:  18.7%
mdfil_info:  40.0%   44 sec CPU:  20.2%
mdfil_info:  50.0%   51 sec CPU:  21.5%
mdfil_info:  60.0%   58 sec CPU:  22.6%
mdfil_info:  70.0%   66 sec CPU:  23.3%
mdfil_info:  80.0%   74 sec CPU:  23.9%
mdfil_info:  90.0%   82 sec CPU:  24.3%
mdfil_info: 100.0%   90 sec CPU:  24.6%
mdfil_info: 100.0%   90 sec CPU:  24.6%
22329
AMSCommonsI-I-HardwareIdentifiedAs Linux 3.10.0-957.10.1.el7.x86_64 x86_64 2
AMSCommonsI-I-Identified as LittleEndian 64 bit machine. 4294967295
AMSCommonsI-I-amsdatabase /cvmfs/ams.cern.ch/Offline/AMSDataDir/DataBase/
AMSCommonsI-I-MipsFromCPUInfo: 2194.92
AMSCommonsI-I-SystemIdentified as  Intel(R) Xeon(R) CPU E5-2630 v4 @ 2.20GHz
AMSCommonsI-I-ComputerEvaluatedAsMips 3511
AMS Software version v5.02/1220/12 built Fri Apr 19 23:54:38 2019

Geant4  Version 1033
Run ID: 275 Bartel: 55
Input Destination: /eos/ams/user/s/selu/mdst/He122/mdst_60441815.root
Output Destination: /afs/cern.ch/work/c/ctuysuz/private/he_flux/LSF/result_mc_time/time_55/he_flux_55_275.root
Add hist00 from /eos/ams/user/s/selu/mdst/He122/mdst_60441815.root
Start of Init
Use new binning
Start of Eventloop
Ntr, Nent= 1 442905
IsMC= 1
Parameter[0] = -2.74163
Parameter[1] = -3.05076
Parameter[2] = -3.61683
Parameter[3] = -5.57138
Parameter[4] = 0.434624
Parameter[5] = -2.47013
mdfil_info:  10.0%    9 sec CPU:  25.0%
mdfil_info:  20.0%   15 sec CPU:  29.4%
mdfil_info:  30.0%   21 sec CPU:  30.9%
mdfil_info:  40.0%   30 sec CPU:  29.1%
mdfil_info:  50.0%   39 sec CPU:  28.1%
mdfil_info:  60.0%   48 sec CPU:  27.8%
mdfil_info:  70.0%   56 sec CPU:  28.0%
mdfil_info:  80.0%   64 sec CPU:  28.0%
mdfil_info:  90.0%   72 sec CPU:  27.8%
mdfil_info: 100.0%   79 sec CPU:  28.1%
mdfil_info: 100.0%   79 sec CPU:  28.1%
37044
AMSCommonsI-I-HardwareIdentifiedAs Linux 3.10.0-957.10.1.el7.x86_64 x86_64 2
AMSCommonsI-I-Identified as LittleEndian 64 bit machine. 4294967295
AMSCommonsI-I-amsdatabase /cvmfs/ams.cern.ch/Offline/AMSDataDir/DataBase/
AMSCommonsI-I-MipsFromCPUInfo: 2194.92
AMSCommonsI-I-SystemIdentified as  Intel(R) Xeon(R) CPU E5-2630 v4 @ 2.20GHz
AMSCommonsI-I-ComputerEvaluatedAsMips 3511
AMS Software version v5.02/1220/12 built Fri Apr 19 23:54:38 2019

Geant4  Version 1033
Run ID: 457 Bartel: 28
Input Destination: /eos/ams/user/s/selu/mdst/He314/mdst_120929857.root
Output Destination: /afs/cern.ch/work/c/ctuysuz/private/he_flux/LSF/result_mc_time/time_28/he_flux_28_457.root
Add hist00 from /eos/ams/user/s/selu/mdst/He314/mdst_120929857.root
Start of Init
Use new binning
Start of Eventloop
Ntr, Nent= 1 122421
IsMC= 1
Parameter[0] = -2.78708
Parameter[1] = -3.08521
Parameter[2] = -3.63404
Parameter[3] = -5.57737
Parameter[4] = 0.368582
Parameter[5] = -2.54212
mdfil_info:  10.0%    1 sec CPU:  64.9%
mdfil_info:  20.0%    2 sec CPU:  67.4%
mdfil_info:  30.0%    3 sec CPU:  68.8%
mdfil_info:  40.0%    3 sec CPU:  71.6%
mdfil_info:  50.0%    4 sec CPU:  74.1%
mdfil_info:  60.0%    5 sec CPU:  75.9%
mdfil_info:  70.0%    5 sec CPU:  77.4%
mdfil_info:  80.0%    6 sec CPU:  78.6%
mdfil_info:  90.0%    7 sec CPU:  79.2%
mdfil_info: 100.0%    7 sec CPU:  79.9%
mdfil_info: 100.0%    7 sec CPU:  79.9%
