WARN: the 'eosmount' alias is deprecated, please use /eos directly
License ports: 28518@lxlicen01.cern.ch,28518@lxlicen02.cern.ch,28518@lxlicen03.cern.ch:/cvmfs/projects.cern.ch/intelsw/psxe/linux/licenses
Intel(R) Parallel Studio XE 2018 Update 2 for Linux*
Copyright (C) 2009-2018 Intel Corporation. All rights reserved.
13422
AMSCommonsI-I-HardwareIdentifiedAs Linux 3.10.0-957.12.2.el7.x86_64 x86_64 2
AMSCommonsI-I-Identified as LittleEndian 64 bit machine. 4294967295
AMSCommonsI-I-amsdatabase /cvmfs/ams.cern.ch/Offline/AMSDataDir/DataBase/
AMSCommonsI-I-MipsFromCPUInfo: 2394.45
AMSCommonsI-I-SystemIdentified as  Intel(R) Xeon(R) CPU E5-2630 v3 @ 2.40GHz
AMSCommonsI-I-ComputerEvaluatedAsMips 3831
AMS Software version v5.02/1220/12 built Fri Apr 19 23:54:38 2019

Geant4  Version 1033
Run ID: 165 Bartel: 58
Input Destination: /eos/ams/user/s/selu/mdst/He122/mdst_60441705.root
Output Destination: /afs/cern.ch/work/c/ctuysuz/private/he_flux/LSF/result_mc_time/time_58/he_flux_58_165.root
Add hist00 from /eos/ams/user/s/selu/mdst/He122/mdst_60441705.root
Start of Init
Use new binning
Start of Eventloop
Ntr, Nent= 1 438904
IsMC= 1
Parameter[0] = -2.68687
Parameter[1] = -3.02567
Parameter[2] = -3.60778
Parameter[3] = -5.55295
Parameter[4] = 0.272681
Parameter[5] = -2.49381
mdfil_info:  10.0%    8 sec CPU:  21.7%
mdfil_info:  20.0%   15 sec CPU:  23.5%
mdfil_info:  30.0%   19 sec CPU:  26.2%
mdfil_info:  40.0%   22 sec CPU:  30.1%
mdfil_info:  50.0%   26 sec CPU:  32.3%
mdfil_info:  60.0%   30 sec CPU:  32.9%
mdfil_info:  70.0%   37 sec CPU:  31.1%
mdfil_info:  80.0%   45 sec CPU:  29.0%
mdfil_info:  90.0%   49 sec CPU:  29.9%
mdfil_info: 100.0%   52 sec CPU:  31.2%
mdfil_info: 100.0%   52 sec CPU:  31.2%
28137
AMSCommonsI-I-HardwareIdentifiedAs Linux 3.10.0-957.12.2.el7.x86_64 x86_64 2
AMSCommonsI-I-Identified as LittleEndian 64 bit machine. 4294967295
AMSCommonsI-I-amsdatabase /cvmfs/ams.cern.ch/Offline/AMSDataDir/DataBase/
AMSCommonsI-I-MipsFromCPUInfo: 2394.45
AMSCommonsI-I-SystemIdentified as  Intel(R) Xeon(R) CPU E5-2630 v3 @ 2.40GHz
AMSCommonsI-I-ComputerEvaluatedAsMips 3831
AMS Software version v5.02/1220/12 built Fri Apr 19 23:54:38 2019

Geant4  Version 1033
Run ID: 347 Bartel: 31
Input Destination: /eos/ams/user/s/selu/mdst/He122/mdst_60441887.root
Output Destination: /afs/cern.ch/work/c/ctuysuz/private/he_flux/LSF/result_mc_time/time_31/he_flux_31_347.root
Add hist00 from /eos/ams/user/s/selu/mdst/He122/mdst_60441887.root
Start of Init
Use new binning
Start of Eventloop
Ntr, Nent= 1 439485
IsMC= 1
Parameter[0] = -2.78388
Parameter[1] = -3.06558
Parameter[2] = -3.62012
Parameter[3] = -5.56152
Parameter[4] = 0.319855
Parameter[5] = -2.41575
mdfil_info:  10.0%    2 sec CPU:  78.7%
mdfil_info:  20.0%    4 sec CPU:  83.2%
mdfil_info:  30.0%    6 sec CPU:  85.2%
mdfil_info:  40.0%    7 sec CPU:  86.5%
mdfil_info:  50.0%    9 sec CPU:  87.1%
mdfil_info:  60.0%   11 sec CPU:  87.7%
mdfil_info:  70.0%   13 sec CPU:  88.0%
mdfil_info:  80.0%   14 sec CPU:  88.3%
mdfil_info:  90.0%   16 sec CPU:  88.6%
mdfil_info: 100.0%   18 sec CPU:  88.6%
mdfil_info: 100.0%   18 sec CPU:  88.6%
42852
AMSCommonsI-I-HardwareIdentifiedAs Linux 3.10.0-957.12.2.el7.x86_64 x86_64 2
AMSCommonsI-I-Identified as LittleEndian 64 bit machine. 4294967295
AMSCommonsI-I-amsdatabase /cvmfs/ams.cern.ch/Offline/AMSDataDir/DataBase/
AMSCommonsI-I-MipsFromCPUInfo: 2394.45
AMSCommonsI-I-SystemIdentified as  Intel(R) Xeon(R) CPU E5-2630 v3 @ 2.40GHz
AMSCommonsI-I-ComputerEvaluatedAsMips 3831
AMS Software version v5.02/1220/12 built Fri Apr 19 23:54:38 2019

Geant4  Version 1033
Run ID: 529 Bartel: 4
Input Destination: /eos/ams/user/s/selu/mdst/He314/mdst_120929932.root
Output Destination: /afs/cern.ch/work/c/ctuysuz/private/he_flux/LSF/result_mc_time/time_4/he_flux_4_529.root
Add hist00 from /eos/ams/user/s/selu/mdst/He314/mdst_120929932.root
Start of Init
Use new binning
Start of Eventloop
Ntr, Nent= 1 122813
IsMC= 1
Parameter[0] = -2.61269
Parameter[1] = -3.01592
Parameter[2] = -3.59533
Parameter[3] = -5.49712
Parameter[4] = 0.0687066
Parameter[5] = -2.23552
mdfil_info:  10.0%    1 sec CPU:  69.9%
mdfil_info:  20.0%    2 sec CPU:  59.7%
mdfil_info:  30.0%    3 sec CPU:  58.6%
mdfil_info:  40.0%    3 sec CPU:  62.2%
mdfil_info:  50.0%    4 sec CPU:  64.7%
mdfil_info:  60.0%    4 sec CPU:  67.4%
mdfil_info:  70.0%    5 sec CPU:  66.7%
mdfil_info:  80.0%    5 sec CPU:  69.0%
mdfil_info:  90.0%    6 sec CPU:  67.0%
mdfil_info: 100.0%    7 sec CPU:  68.5%
mdfil_info: 100.0%    7 sec CPU:  68.5%
