WARN: the 'eosmount' alias is deprecated, please use /eos directly
License ports: 28518@lxlicen01.cern.ch,28518@lxlicen02.cern.ch,28518@lxlicen03.cern.ch:/cvmfs/projects.cern.ch/intelsw/psxe/linux/licenses
Intel(R) Parallel Studio XE 2018 Update 2 for Linux*
Copyright (C) 2009-2018 Intel Corporation. All rights reserved.
13498
AMSCommonsI-I-HardwareIdentifiedAs Linux 3.10.0-957.12.1.el7.x86_64 x86_64 2
AMSCommonsI-I-Identified as LittleEndian 64 bit machine. 4294967295
AMSCommonsI-I-amsdatabase /cvmfs/ams.cern.ch/Offline/AMSDataDir/DataBase/
AMSCommonsI-I-MipsFromCPUInfo: 2195.1
AMSCommonsI-I-SystemIdentified as  Intel(R) Xeon(R) CPU E5-2630 v4 @ 2.20GHz
AMSCommonsI-I-ComputerEvaluatedAsMips 3512
AMS Software version v5.02/1220/12 built Fri Apr 19 23:54:38 2019

Geant4  Version 1033
Run ID: 166 Bartel: 53
Input Destination: /eos/ams/user/s/selu/mdst/He122/mdst_60441706.root
Output Destination: /afs/cern.ch/work/c/ctuysuz/private/he_flux/LSF/result_mc_time/time_53/he_flux_53_166.root
Add hist00 from /eos/ams/user/s/selu/mdst/He122/mdst_60441706.root
Start of Init
Use new binning
Start of Eventloop
Ntr, Nent= 1 437712
IsMC= 1
Parameter[0] = -2.79614
Parameter[1] = -3.0736
Parameter[2] = -3.62637
Parameter[3] = -5.54999
Parameter[4] = 0.554084
Parameter[5] = -2.43435
mdfil_info:  10.0%  139 sec CPU:   1.6%
mdfil_info:  20.0%  180 sec CPU:   2.3%
mdfil_info:  30.0%  229 sec CPU:   2.7%
mdfil_info:  40.0%  272 sec CPU:   3.0%
mdfil_info:  50.0%  317 sec CPU:   3.2%
mdfil_info:  60.0%  358 sec CPU:   3.4%
mdfil_info:  70.0%  392 sec CPU:   3.6%
mdfil_info:  80.0%  444 sec CPU:   3.6%
mdfil_info:  90.0%  478 sec CPU:   3.8%
mdfil_info: 100.0%  519 sec CPU:   3.9%
mdfil_info: 100.0%  519 sec CPU:   3.9%
28213
AMSCommonsI-I-HardwareIdentifiedAs Linux 3.10.0-957.12.1.el7.x86_64 x86_64 2
AMSCommonsI-I-Identified as LittleEndian 64 bit machine. 4294967295
AMSCommonsI-I-amsdatabase /cvmfs/ams.cern.ch/Offline/AMSDataDir/DataBase/
AMSCommonsI-I-MipsFromCPUInfo: 2195.1
AMSCommonsI-I-SystemIdentified as  Intel(R) Xeon(R) CPU E5-2630 v4 @ 2.20GHz
AMSCommonsI-I-ComputerEvaluatedAsMips 3512
AMS Software version v5.02/1220/12 built Fri Apr 19 23:54:38 2019

Geant4  Version 1033
Run ID: 348 Bartel: 26
Input Destination: /eos/ams/user/s/selu/mdst/He122/mdst_60441888.root
Output Destination: /afs/cern.ch/work/c/ctuysuz/private/he_flux/LSF/result_mc_time/time_26/he_flux_26_348.root
Add hist00 from /eos/ams/user/s/selu/mdst/He122/mdst_60441888.root
Start of Init
Use new binning
Start of Eventloop
Ntr, Nent= 1 439405
IsMC= 1
Parameter[0] = -2.69537
Parameter[1] = -3.03409
Parameter[2] = -3.6054
Parameter[3] = -5.53507
Parameter[4] = 0.209297
Parameter[5] = -2.37536
mdfil_info:  10.0%    3 sec CPU:  74.4%
mdfil_info:  20.0%    5 sec CPU:  81.4%
mdfil_info:  30.0%    7 sec CPU:  83.5%
mdfil_info:  40.0%    9 sec CPU:  86.1%
mdfil_info:  50.0%   11 sec CPU:  87.1%
mdfil_info:  60.0%   13 sec CPU:  88.2%
mdfil_info:  70.0%   15 sec CPU:  89.2%
mdfil_info:  80.0%   17 sec CPU:  90.0%
mdfil_info:  90.0%   19 sec CPU:  90.0%
mdfil_info: 100.0%   21 sec CPU:  90.5%
mdfil_info: 100.0%   21 sec CPU:  90.5%
42928
AMSCommonsI-I-HardwareIdentifiedAs Linux 3.10.0-957.12.1.el7.x86_64 x86_64 2
AMSCommonsI-I-Identified as LittleEndian 64 bit machine. 4294967295
AMSCommonsI-I-amsdatabase /cvmfs/ams.cern.ch/Offline/AMSDataDir/DataBase/
AMSCommonsI-I-MipsFromCPUInfo: 2195.1
AMSCommonsI-I-SystemIdentified as  Intel(R) Xeon(R) CPU E5-2630 v4 @ 2.20GHz
AMSCommonsI-I-ComputerEvaluatedAsMips 3512
AMS Software version v5.02/1220/12 built Fri Apr 19 23:54:38 2019

Geant4  Version 1033
Run ID: 529 Bartel: 80
Input Destination: /eos/ams/user/s/selu/mdst/He314/mdst_120929932.root
Output Destination: /afs/cern.ch/work/c/ctuysuz/private/he_flux/LSF/result_mc_time/time_80/he_flux_80_529.root
Add hist00 from /eos/ams/user/s/selu/mdst/He314/mdst_120929932.root
Start of Init
Use new binning
Start of Eventloop
Ntr, Nent= 1 122813
IsMC= 1
Parameter[0] = -2.47357
Parameter[1] = -2.95263
Parameter[2] = -3.57222
Parameter[3] = -5.51993
Parameter[4] = -0.016679
Parameter[5] = -2.31576
mdfil_info:  10.0%    1 sec CPU:  73.6%
mdfil_info:  20.0%    2 sec CPU:  75.0%
mdfil_info:  30.0%    2 sec CPU:  78.3%
mdfil_info:  40.0%    3 sec CPU:  82.2%
mdfil_info:  50.0%    4 sec CPU:  84.8%
mdfil_info:  60.0%    4 sec CPU:  86.6%
mdfil_info:  70.0%    5 sec CPU:  87.0%
mdfil_info:  80.0%    5 sec CPU:  87.4%
mdfil_info:  90.0%    6 sec CPU:  87.9%
mdfil_info: 100.0%    6 sec CPU:  88.7%
mdfil_info: 100.0%    6 sec CPU:  88.7%
