WARN: the 'eosmount' alias is deprecated, please use /eos directly
License ports: 28518@lxlicen01.cern.ch,28518@lxlicen02.cern.ch,28518@lxlicen03.cern.ch:/cvmfs/projects.cern.ch/intelsw/psxe/linux/licenses
Intel(R) Parallel Studio XE 2018 Update 2 for Linux*
Copyright (C) 2009-2018 Intel Corporation. All rights reserved.
5271
AMSCommonsI-I-HardwareIdentifiedAs Linux 3.10.0-957.10.1.el7.x86_64 x86_64 2
AMSCommonsI-I-Identified as LittleEndian 64 bit machine. 4294967295
AMSCommonsI-I-amsdatabase /cvmfs/ams.cern.ch/Offline/AMSDataDir/DataBase/
AMSCommonsI-I-MipsFromCPUInfo: 2194.92
AMSCommonsI-I-SystemIdentified as  Intel(R) Xeon(R) CPU E5-2630 v4 @ 2.20GHz
AMSCommonsI-I-ComputerEvaluatedAsMips 3511
AMS Software version v5.02/1220/12 built Fri Apr 19 23:54:38 2019

Geant4  Version 1033
Run ID: 65 Bartel: 7
Input Destination: /eos/ams/user/s/selu/mdst/He122/mdst_60441604.root
Output Destination: /afs/cern.ch/work/c/ctuysuz/private/he_flux/LSF/result_mc_time/time_7/he_flux_7_65.root
Add hist00 from /eos/ams/user/s/selu/mdst/He122/mdst_60441604.root
Start of Init
Use new binning
Start of Eventloop
Ntr, Nent= 1 440934
IsMC= 1
Parameter[0] = -2.6167
Parameter[1] = -3.01884
Parameter[2] = -3.60527
Parameter[3] = -5.52044
Parameter[4] = 0.00890243
Parameter[5] = -2.31265
mdfil_info:  10.0%   19 sec CPU:  11.7%
mdfil_info:  20.0%   26 sec CPU:  16.3%
mdfil_info:  30.0%   34 sec CPU:  18.5%
mdfil_info:  40.0%   40 sec CPU:  20.6%
mdfil_info:  50.0%   47 sec CPU:  21.8%
mdfil_info:  60.0%   55 sec CPU:  22.6%
mdfil_info:  70.0%   62 sec CPU:  23.3%
mdfil_info:  80.0%   69 sec CPU:  24.1%
mdfil_info:  90.0%   77 sec CPU:  24.4%
mdfil_info: 100.0%   84 sec CPU:  24.9%
mdfil_info: 100.0%   84 sec CPU:  24.9%
19986
AMSCommonsI-I-HardwareIdentifiedAs Linux 3.10.0-957.10.1.el7.x86_64 x86_64 2
AMSCommonsI-I-Identified as LittleEndian 64 bit machine. 4294967295
AMSCommonsI-I-amsdatabase /cvmfs/ams.cern.ch/Offline/AMSDataDir/DataBase/
AMSCommonsI-I-MipsFromCPUInfo: 2194.92
AMSCommonsI-I-SystemIdentified as  Intel(R) Xeon(R) CPU E5-2630 v4 @ 2.20GHz
AMSCommonsI-I-ComputerEvaluatedAsMips 3511
AMS Software version v5.02/1220/12 built Fri Apr 19 23:54:38 2019

Geant4  Version 1033
Run ID: 246 Bartel: 61
Input Destination: /eos/ams/user/s/selu/mdst/He122/mdst_60441786.root
Output Destination: /afs/cern.ch/work/c/ctuysuz/private/he_flux/LSF/result_mc_time/time_61/he_flux_61_246.root
Add hist00 from /eos/ams/user/s/selu/mdst/He122/mdst_60441786.root
Start of Init
Use new binning
Start of Eventloop
Ntr, Nent= 1 445280
IsMC= 1
Parameter[0] = -2.66257
Parameter[1] = -3.02879
Parameter[2] = -3.60772
Parameter[3] = -5.54397
Parameter[4] = 0.208408
Parameter[5] = -2.47782
mdfil_info:  10.0%    3 sec CPU:  71.4%
mdfil_info:  20.0%    5 sec CPU:  76.2%
mdfil_info:  30.0%    8 sec CPU:  78.4%
mdfil_info:  40.0%   10 sec CPU:  79.6%
mdfil_info:  50.0%   12 sec CPU:  80.5%
mdfil_info:  60.0%   15 sec CPU:  81.3%
mdfil_info:  70.0%   17 sec CPU:  81.9%
mdfil_info:  80.0%   19 sec CPU:  81.8%
mdfil_info:  90.0%   22 sec CPU:  82.3%
mdfil_info: 100.0%   24 sec CPU:  82.6%
34701
AMSCommonsI-I-HardwareIdentifiedAs Linux 3.10.0-957.10.1.el7.x86_64 x86_64 2
AMSCommonsI-I-Identified as LittleEndian 64 bit machine. 4294967295
AMSCommonsI-I-amsdatabase /cvmfs/ams.cern.ch/Offline/AMSDataDir/DataBase/
AMSCommonsI-I-MipsFromCPUInfo: 2194.92
AMSCommonsI-I-SystemIdentified as  Intel(R) Xeon(R) CPU E5-2630 v4 @ 2.20GHz
AMSCommonsI-I-ComputerEvaluatedAsMips 3511
AMS Software version v5.02/1220/12 built Fri Apr 19 23:54:38 2019

Geant4  Version 1033
Run ID: 428 Bartel: 34
Input Destination: /eos/ams/user/s/selu/mdst/He122/mdst_60442316.root
Output Destination: /afs/cern.ch/work/c/ctuysuz/private/he_flux/LSF/result_mc_time/time_34/he_flux_34_428.root
Add hist00 from /eos/ams/user/s/selu/mdst/He122/mdst_60442316.root
Start of Init
Use new binning
Start of Eventloop
Ntr, Nent= 1 430481
IsMC= 1
Parameter[0] = -2.72052
Parameter[1] = -2.99045
Parameter[2] = -3.54577
Parameter[3] = -5.51973
Parameter[4] = 0.499199
Parameter[5] = -2.55339
mdfil_info:  10.0%    3 sec CPU:  65.3%
mdfil_info:  20.0%    6 sec CPU:  72.1%
mdfil_info:  30.0%    8 sec CPU:  74.2%
mdfil_info:  40.0%   11 sec CPU:  75.3%
mdfil_info:  50.0%   13 sec CPU:  76.7%
mdfil_info:  60.0%   15 sec CPU:  77.7%
mdfil_info:  70.0%   18 sec CPU:  78.6%
mdfil_info:  80.0%   20 sec CPU:  78.3%
mdfil_info:  90.0%   23 sec CPU:  78.9%
mdfil_info: 100.0%   25 sec CPU:  79.2%
mdfil_info: 100.0%   25 sec CPU:  79.2%
