WARN: the 'eosmount' alias is deprecated, please use /eos directly
License ports: 28518@lxlicen01.cern.ch,28518@lxlicen02.cern.ch,28518@lxlicen03.cern.ch:/cvmfs/projects.cern.ch/intelsw/psxe/linux/licenses
Intel(R) Parallel Studio XE 2018 Update 2 for Linux*
Copyright (C) 2009-2018 Intel Corporation. All rights reserved.
804
AMSCommonsI-I-HardwareIdentifiedAs Linux 3.10.0-957.10.1.el7.x86_64 x86_64 2
AMSCommonsI-I-Identified as LittleEndian 64 bit machine. 4294967295
AMSCommonsI-I-amsdatabase /cvmfs/ams.cern.ch/Offline/AMSDataDir/DataBase/
AMSCommonsI-I-MipsFromCPUInfo: 2194.92
AMSCommonsI-I-SystemIdentified as  Intel(R) Xeon(R) CPU E5-2630 v4 @ 2.20GHz
AMSCommonsI-I-ComputerEvaluatedAsMips 3511
AMS Software version v5.02/1220/12 built Fri Apr 19 23:54:38 2019

Geant4  Version 1033
Run ID: 9 Bartel: 76
Input Destination: /eos/ams/user/s/selu/mdst/He122/mdst_60441548.root
Output Destination: /afs/cern.ch/work/c/ctuysuz/private/he_flux/LSF/result_mc_time/time_76/he_flux_76_9.root
Add hist00 from /eos/ams/user/s/selu/mdst/He122/mdst_60441548.root
Start of Init
Use new binning
Start of Eventloop
Ntr, Nent= 1 442895
IsMC= 1
Parameter[0] = -2.48624
Parameter[1] = -2.95496
Parameter[2] = -3.57221
Parameter[3] = -5.5192
Parameter[4] = 0.00191236
Parameter[5] = -2.34472
mdfil_info:  10.0%    3 sec CPU:  77.5%
mdfil_info:  20.0%    5 sec CPU:  82.5%
mdfil_info:  30.0%    7 sec CPU:  84.2%
mdfil_info:  40.0%    9 sec CPU:  85.0%
mdfil_info:  50.0%   11 sec CPU:  85.7%
mdfil_info:  60.0%   13 sec CPU:  86.5%
mdfil_info:  70.0%   15 sec CPU:  86.9%
mdfil_info:  80.0%   17 sec CPU:  87.2%
mdfil_info:  90.0%   19 sec CPU:  87.3%
mdfil_info: 100.0%   21 sec CPU:  87.5%
mdfil_info: 100.0%   21 sec CPU:  87.5%
15519
AMSCommonsI-I-HardwareIdentifiedAs Linux 3.10.0-957.10.1.el7.x86_64 x86_64 2
AMSCommonsI-I-Identified as LittleEndian 64 bit machine. 4294967295
AMSCommonsI-I-amsdatabase /cvmfs/ams.cern.ch/Offline/AMSDataDir/DataBase/
AMSCommonsI-I-MipsFromCPUInfo: 2194.92
AMSCommonsI-I-SystemIdentified as  Intel(R) Xeon(R) CPU E5-2630 v4 @ 2.20GHz
AMSCommonsI-I-ComputerEvaluatedAsMips 3511
AMS Software version v5.02/1220/12 built Fri Apr 19 23:54:38 2019

Geant4  Version 1033
Run ID: 191 Bartel: 49
Input Destination: /eos/ams/user/s/selu/mdst/He122/mdst_60441731.root
Output Destination: /afs/cern.ch/work/c/ctuysuz/private/he_flux/LSF/result_mc_time/time_49/he_flux_49_191.root
Add hist00 from /eos/ams/user/s/selu/mdst/He122/mdst_60441731.root
Start of Init
Use new binning
Start of Eventloop
Ntr, Nent= 1 439024
IsMC= 1
Parameter[0] = -2.73128
Parameter[1] = -3.07003
Parameter[2] = -3.63758
Parameter[3] = -5.55781
Parameter[4] = 0.280142
Parameter[5] = -2.35464
mdfil_info:  10.0%   17 sec CPU:  13.4%
mdfil_info:  20.0%   23 sec CPU:  18.6%
mdfil_info:  30.0%   30 sec CPU:  21.2%
mdfil_info:  40.0%   37 sec CPU:  22.8%
mdfil_info:  50.0%   44 sec CPU:  24.3%
mdfil_info:  60.0%   50 sec CPU:  25.4%
mdfil_info:  70.0%   58 sec CPU:  25.4%
mdfil_info:  80.0%   66 sec CPU:  25.5%
mdfil_info:  90.0%   74 sec CPU:  25.5%
mdfil_info: 100.0%   82 sec CPU:  25.8%
mdfil_info: 100.0%   82 sec CPU:  25.8%
30234
AMSCommonsI-I-HardwareIdentifiedAs Linux 3.10.0-957.10.1.el7.x86_64 x86_64 2
AMSCommonsI-I-Identified as LittleEndian 64 bit machine. 4294967295
AMSCommonsI-I-amsdatabase /cvmfs/ams.cern.ch/Offline/AMSDataDir/DataBase/
AMSCommonsI-I-MipsFromCPUInfo: 2194.92
AMSCommonsI-I-SystemIdentified as  Intel(R) Xeon(R) CPU E5-2630 v4 @ 2.20GHz
AMSCommonsI-I-ComputerEvaluatedAsMips 3511
AMS Software version v5.02/1220/12 built Fri Apr 19 23:54:38 2019

Geant4  Version 1033
Run ID: 373 Bartel: 22
Input Destination: /eos/ams/user/s/selu/mdst/He122/mdst_60442261.root
Output Destination: /afs/cern.ch/work/c/ctuysuz/private/he_flux/LSF/result_mc_time/time_22/he_flux_22_373.root
Add hist00 from /eos/ams/user/s/selu/mdst/He122/mdst_60442261.root
Start of Init
Use new binning
Start of Eventloop
Ntr, Nent= 1 439204
IsMC= 1
Parameter[0] = -2.70854
Parameter[1] = -3.0386
Parameter[2] = -3.60827
Parameter[3] = -5.53986
Parameter[4] = 0.260502
Parameter[5] = -2.32334
mdfil_info:  10.0%    3 sec CPU:  69.7%
mdfil_info:  20.0%    5 sec CPU:  76.0%
mdfil_info:  30.0%    8 sec CPU:  79.0%
mdfil_info:  40.0%   10 sec CPU:  80.0%
mdfil_info:  50.0%   13 sec CPU:  80.2%
mdfil_info:  60.0%   15 sec CPU:  80.7%
mdfil_info:  70.0%   17 sec CPU:  81.2%
mdfil_info:  80.0%   20 sec CPU:  81.8%
mdfil_info:  90.0%   22 sec CPU:  82.1%
mdfil_info: 100.0%   24 sec CPU:  82.5%
mdfil_info: 100.0%   24 sec CPU:  82.5%
