WARN: the 'eosmount' alias is deprecated, please use /eos directly
License ports: 28518@lxlicen01.cern.ch,28518@lxlicen02.cern.ch,28518@lxlicen03.cern.ch:/cvmfs/projects.cern.ch/intelsw/psxe/linux/licenses
Intel(R) Parallel Studio XE 2018 Update 2 for Linux*
Copyright (C) 2009-2018 Intel Corporation. All rights reserved.
6181
AMSCommonsI-I-HardwareIdentifiedAs Linux 3.10.0-957.12.1.el7.x86_64 x86_64 2
AMSCommonsI-I-Identified as LittleEndian 64 bit machine. 4294967295
AMSCommonsI-I-amsdatabase /cvmfs/ams.cern.ch/Offline/AMSDataDir/DataBase/
AMSCommonsI-I-MipsFromCPUInfo: 2394.45
AMSCommonsI-I-SystemIdentified as  Intel Core Processor (Haswell, no TSX, IBRS)
AMSCommonsI-I-ComputerEvaluatedAsMips 3591
AMS Software version v5.02/1220/12 built Fri Apr 19 23:54:38 2019

Geant4  Version 1033
Run ID: 76 Bartel: 26
Input Destination: /eos/ams/user/s/selu/mdst/He122/mdst_60441616.root
Output Destination: /afs/cern.ch/work/c/ctuysuz/private/he_flux/LSF/result_mc_time/time_26/he_flux_26_76.root
Add hist00 from /eos/ams/user/s/selu/mdst/He122/mdst_60441616.root
Start of Init
Use new binning
Start of Eventloop
Ntr, Nent= 1 439092
IsMC= 1
Parameter[0] = -2.69537
Parameter[1] = -3.03409
Parameter[2] = -3.6054
Parameter[3] = -5.53507
Parameter[4] = 0.209297
Parameter[5] = -2.37536
mdfil_info:  10.0%    4 sec CPU:  59.7%
mdfil_info:  20.0%    6 sec CPU:  68.8%
mdfil_info:  30.0%    9 sec CPU:  72.5%
mdfil_info:  40.0%   11 sec CPU:  75.3%
mdfil_info:  50.0%   14 sec CPU:  76.0%
mdfil_info:  60.0%   16 sec CPU:  77.4%
mdfil_info:  70.0%   19 sec CPU:  77.9%
mdfil_info:  80.0%   21 sec CPU:  78.3%
mdfil_info:  90.0%   24 sec CPU:  78.8%
mdfil_info: 100.0%   27 sec CPU:  79.2%
mdfil_info: 100.0%   27 sec CPU:  79.2%
20896
AMSCommonsI-I-HardwareIdentifiedAs Linux 3.10.0-957.12.1.el7.x86_64 x86_64 2
AMSCommonsI-I-Identified as LittleEndian 64 bit machine. 4294967295
AMSCommonsI-I-amsdatabase /cvmfs/ams.cern.ch/Offline/AMSDataDir/DataBase/
AMSCommonsI-I-MipsFromCPUInfo: 2394.45
AMSCommonsI-I-SystemIdentified as  Intel Core Processor (Haswell, no TSX, IBRS)
AMSCommonsI-I-ComputerEvaluatedAsMips 3591
AMS Software version v5.02/1220/12 built Fri Apr 19 23:54:38 2019

Geant4  Version 1033
Run ID: 257 Bartel: 80
Input Destination: /eos/ams/user/s/selu/mdst/He122/mdst_60441797.root
Output Destination: /afs/cern.ch/work/c/ctuysuz/private/he_flux/LSF/result_mc_time/time_80/he_flux_80_257.root
Add hist00 from /eos/ams/user/s/selu/mdst/He122/mdst_60441797.root
Start of Init
Use new binning
Start of Eventloop
Ntr, Nent= 1 438421
IsMC= 1
Parameter[0] = -2.47357
Parameter[1] = -2.95263
Parameter[2] = -3.57222
Parameter[3] = -5.51993
Parameter[4] = -0.016679
Parameter[5] = -2.31576
mdfil_info:  10.0%    3 sec CPU:  67.9%
mdfil_info:  20.0%    6 sec CPU:  73.8%
mdfil_info:  30.0%    8 sec CPU:  76.6%
mdfil_info:  40.0%   11 sec CPU:  78.7%
mdfil_info:  50.0%   14 sec CPU:  79.9%
mdfil_info:  60.0%   16 sec CPU:  81.0%
mdfil_info:  70.0%   19 sec CPU:  81.3%
mdfil_info:  80.0%   21 sec CPU:  82.0%
mdfil_info:  90.0%   23 sec CPU:  82.5%
mdfil_info: 100.0%   26 sec CPU:  82.7%
mdfil_info: 100.0%   26 sec CPU:  82.7%
35611
AMSCommonsI-I-HardwareIdentifiedAs Linux 3.10.0-957.12.1.el7.x86_64 x86_64 2
AMSCommonsI-I-Identified as LittleEndian 64 bit machine. 4294967295
AMSCommonsI-I-amsdatabase /cvmfs/ams.cern.ch/Offline/AMSDataDir/DataBase/
AMSCommonsI-I-MipsFromCPUInfo: 2394.45
AMSCommonsI-I-SystemIdentified as  Intel Core Processor (Haswell, no TSX, IBRS)
AMSCommonsI-I-ComputerEvaluatedAsMips 3591
AMS Software version v5.02/1220/12 built Fri Apr 19 23:54:38 2019

Geant4  Version 1033
Run ID: 439 Bartel: 53
Input Destination: /eos/ams/user/s/selu/mdst/He122/mdst_60442327.root
Output Destination: /afs/cern.ch/work/c/ctuysuz/private/he_flux/LSF/result_mc_time/time_53/he_flux_53_439.root
Add hist00 from /eos/ams/user/s/selu/mdst/He122/mdst_60442327.root
Start of Init
Use new binning
Start of Eventloop
Ntr, Nent= 1 435229
IsMC= 1
Parameter[0] = -2.79614
Parameter[1] = -3.0736
Parameter[2] = -3.62637
Parameter[3] = -5.54999
Parameter[4] = 0.554084
Parameter[5] = -2.43435
mdfil_info:  10.0%    3 sec CPU:  66.0%
mdfil_info:  20.0%    6 sec CPU:  70.4%
mdfil_info:  30.0%    9 sec CPU:  70.1%
mdfil_info:  40.0%   11 sec CPU:  71.4%
mdfil_info:  50.0%   14 sec CPU:  73.1%
mdfil_info:  60.0%   16 sec CPU:  74.4%
mdfil_info:  70.0%   19 sec CPU:  75.7%
mdfil_info:  80.0%   21 sec CPU:  76.2%
mdfil_info:  90.0%   24 sec CPU:  76.9%
mdfil_info: 100.0%   26 sec CPU:  77.0%
mdfil_info: 100.0%   26 sec CPU:  77.0%
