WARN: the 'eosmount' alias is deprecated, please use /eos directly
License ports: 28518@lxlicen01.cern.ch,28518@lxlicen02.cern.ch,28518@lxlicen03.cern.ch:/cvmfs/projects.cern.ch/intelsw/psxe/linux/licenses
Intel(R) Parallel Studio XE 2018 Update 2 for Linux*
Copyright (C) 2009-2018 Intel Corporation. All rights reserved.
14608
AMSCommonsI-I-HardwareIdentifiedAs Linux 3.10.0-957.10.1.el7.x86_64 x86_64 2
AMSCommonsI-I-Identified as LittleEndian 64 bit machine. 4294967295
AMSCommonsI-I-amsdatabase /cvmfs/ams.cern.ch/Offline/AMSDataDir/DataBase/
AMSCommonsI-I-MipsFromCPUInfo: 2194.92
AMSCommonsI-I-SystemIdentified as  Intel(R) Xeon(R) CPU E5-2630 v4 @ 2.20GHz
AMSCommonsI-I-ComputerEvaluatedAsMips 3511
AMS Software version v5.02/1220/12 built Fri Apr 19 23:54:38 2019

Geant4  Version 1033
Run ID: 180 Bartel: 29
Input Destination: /eos/ams/user/s/selu/mdst/He122/mdst_60441720.root
Output Destination: /afs/cern.ch/work/c/ctuysuz/private/he_flux/LSF/result_mc_time/time_29/he_flux_29_180.root
Add hist00 from /eos/ams/user/s/selu/mdst/He122/mdst_60441720.root
Start of Init
Use new binning
Start of Eventloop
Ntr, Nent= 1 440331
IsMC= 1
Parameter[0] = -2.79936
Parameter[1] = -3.07658
Parameter[2] = -3.62788
Parameter[3] = -5.57562
Parameter[4] = 0.497287
Parameter[5] = -2.44847
mdfil_info:  10.0%   28 sec CPU:   8.6%
mdfil_info:  20.0%   37 sec CPU:  12.1%
mdfil_info:  30.0%   48 sec CPU:  14.2%
mdfil_info:  40.0%   56 sec CPU:  15.9%
mdfil_info:  50.0%   65 sec CPU:  17.3%
mdfil_info:  60.0%   74 sec CPU:  18.3%
mdfil_info:  70.0%   82 sec CPU:  19.1%
mdfil_info:  80.0%   91 sec CPU:  19.7%
mdfil_info:  90.0%  102 sec CPU:  19.7%
mdfil_info: 100.0%  112 sec CPU:  19.8%
mdfil_info: 100.0%  112 sec CPU:  19.8%
29323
AMSCommonsI-I-HardwareIdentifiedAs Linux 3.10.0-957.10.1.el7.x86_64 x86_64 2
AMSCommonsI-I-Identified as LittleEndian 64 bit machine. 4294967295
AMSCommonsI-I-amsdatabase /cvmfs/ams.cern.ch/Offline/AMSDataDir/DataBase/
AMSCommonsI-I-MipsFromCPUInfo: 2194.92
AMSCommonsI-I-SystemIdentified as  Intel(R) Xeon(R) CPU E5-2630 v4 @ 2.20GHz
AMSCommonsI-I-ComputerEvaluatedAsMips 3511
AMS Software version v5.02/1220/12 built Fri Apr 19 23:54:38 2019

Geant4  Version 1033
Run ID: 362 Bartel: 2
Input Destination: /eos/ams/user/s/selu/mdst/He122/mdst_60442250.root
Output Destination: /afs/cern.ch/work/c/ctuysuz/private/he_flux/LSF/result_mc_time/time_2/he_flux_2_362.root
Add hist00 from /eos/ams/user/s/selu/mdst/He122/mdst_60442250.root
Start of Init
Use new binning
Start of Eventloop
Ntr, Nent= 1 436476
IsMC= 1
Parameter[0] = -2.61736
Parameter[1] = -2.93157
Parameter[2] = -3.51989
Parameter[3] = -5.49278
Parameter[4] = 0.444434
Parameter[5] = -2.60596
mdfil_info:  10.0%   18 sec CPU:  13.0%
mdfil_info:  20.0%   23 sec CPU:  18.9%
mdfil_info:  30.0%   29 sec CPU:  22.6%
mdfil_info:  40.0%   35 sec CPU:  25.1%
mdfil_info:  50.0%   41 sec CPU:  26.8%
mdfil_info:  60.0%   47 sec CPU:  28.2%
mdfil_info:  70.0%   53 sec CPU:  28.8%
mdfil_info:  80.0%   59 sec CPU:  29.8%
mdfil_info:  90.0%   64 sec CPU:  30.6%
mdfil_info: 100.0%   70 sec CPU:  31.2%
mdfil_info: 100.0%   70 sec CPU:  31.2%
44038
AMSCommonsI-I-HardwareIdentifiedAs Linux 3.10.0-957.10.1.el7.x86_64 x86_64 2
AMSCommonsI-I-Identified as LittleEndian 64 bit machine. 4294967295
AMSCommonsI-I-amsdatabase /cvmfs/ams.cern.ch/Offline/AMSDataDir/DataBase/
AMSCommonsI-I-MipsFromCPUInfo: 2194.92
AMSCommonsI-I-SystemIdentified as  Intel(R) Xeon(R) CPU E5-2630 v4 @ 2.20GHz
AMSCommonsI-I-ComputerEvaluatedAsMips 3511
AMS Software version v5.02/1220/12 built Fri Apr 19 23:54:38 2019

Geant4  Version 1033
Run ID: 543 Bartel: 56
Input Destination: /eos/ams/user/s/selu/mdst/He314/mdst_120929948.root
Output Destination: /afs/cern.ch/work/c/ctuysuz/private/he_flux/LSF/result_mc_time/time_56/he_flux_56_543.root
Add hist00 from /eos/ams/user/s/selu/mdst/He314/mdst_120929948.root
Start of Init
Use new binning
Start of Eventloop
Ntr, Nent= 1 122295
IsMC= 1
Parameter[0] = -2.72531
Parameter[1] = -3.04724
Parameter[2] = -3.61961
Parameter[3] = -5.54865
Parameter[4] = 0.293124
Parameter[5] = -2.44228
mdfil_info:  10.0%    1 sec CPU:  77.5%
mdfil_info:  20.0%    2 sec CPU:  79.0%
mdfil_info:  30.0%    2 sec CPU:  80.9%
mdfil_info:  40.0%    3 sec CPU:  83.5%
mdfil_info:  50.0%    4 sec CPU:  85.0%
mdfil_info:  60.0%    4 sec CPU:  86.7%
mdfil_info:  70.0%    5 sec CPU:  87.6%
mdfil_info:  80.0%    5 sec CPU:  88.4%
mdfil_info:  90.0%    6 sec CPU:  88.8%
mdfil_info: 100.0%    7 sec CPU:  89.3%
mdfil_info: 100.0%    7 sec CPU:  89.3%
