WARN: the 'eosmount' alias is deprecated, please use /eos directly
License ports: 28518@lxlicen01.cern.ch,28518@lxlicen02.cern.ch,28518@lxlicen03.cern.ch:/cvmfs/projects.cern.ch/intelsw/psxe/linux/licenses
Intel(R) Parallel Studio XE 2018 Update 2 for Linux*
Copyright (C) 2009-2018 Intel Corporation. All rights reserved.
5256
AMSCommonsI-I-HardwareIdentifiedAs Linux 3.10.0-957.1.3.el7.x86_64 x86_64 2
AMSCommonsI-I-Identified as LittleEndian 64 bit machine. 4294967295
AMSCommonsI-I-amsdatabase /cvmfs/ams.cern.ch/Offline/AMSDataDir/DataBase/
AMSCommonsI-I-MipsFromCPUInfo: 2194.92
AMSCommonsI-I-SystemIdentified as  Intel(R) Xeon(R) CPU E5-2650 v4 @ 2.20GHz
AMSCommonsI-I-ComputerEvaluatedAsMips 3511
AMS Software version v5.02/1220/12 built Fri Apr 19 23:54:38 2019

Geant4  Version 1033
Run ID: 64 Bartel: 73
Input Destination: /eos/ams/user/s/selu/mdst/He122/mdst_60441603.root
Output Destination: /afs/cern.ch/work/c/ctuysuz/private/he_flux/LSF/result_mc_time/time_73/he_flux_73_64.root
Add hist00 from /eos/ams/user/s/selu/mdst/He122/mdst_60441603.root
Start of Init
Use new binning
Start of Eventloop
Ntr, Nent= 1 438459
IsMC= 1
Parameter[0] = -2.52877
Parameter[1] = -2.96916
Parameter[2] = -3.58403
Parameter[3] = -5.48816
Parameter[4] = 0.0284517
Parameter[5] = -2.25131
mdfil_info:  10.0%   21 sec CPU:  10.5%
mdfil_info:  20.0%   27 sec CPU:  15.2%
mdfil_info:  30.0%   34 sec CPU:  17.9%
mdfil_info:  40.0%   43 sec CPU:  18.8%
mdfil_info:  50.0%   51 sec CPU:  19.5%
mdfil_info:  60.0%   60 sec CPU:  20.0%
mdfil_info:  70.0%   68 sec CPU:  20.5%
mdfil_info:  80.0%   76 sec CPU:  21.0%
mdfil_info:  90.0%   83 sec CPU:  21.4%
mdfil_info: 100.0%   90 sec CPU:  22.0%
mdfil_info: 100.0%   90 sec CPU:  22.0%
19971
AMSCommonsI-I-HardwareIdentifiedAs Linux 3.10.0-957.1.3.el7.x86_64 x86_64 2
AMSCommonsI-I-Identified as LittleEndian 64 bit machine. 4294967295
AMSCommonsI-I-amsdatabase /cvmfs/ams.cern.ch/Offline/AMSDataDir/DataBase/
AMSCommonsI-I-MipsFromCPUInfo: 2194.92
AMSCommonsI-I-SystemIdentified as  Intel(R) Xeon(R) CPU E5-2650 v4 @ 2.20GHz
AMSCommonsI-I-ComputerEvaluatedAsMips 3511
AMS Software version v5.02/1220/12 built Fri Apr 19 23:54:38 2019

Geant4  Version 1033
Run ID: 246 Bartel: 46
34686
AMSCommonsI-I-HardwareIdentifiedAs Linux 3.10.0-957.1.3.el7.x86_64 x86_64 2
AMSCommonsI-I-Identified as LittleEndian 64 bit machine. 4294967295
AMSCommonsI-I-amsdatabase /cvmfs/ams.cern.ch/Offline/AMSDataDir/DataBase/
AMSCommonsI-I-MipsFromCPUInfo: 2194.92
AMSCommonsI-I-SystemIdentified as  Intel(R) Xeon(R) CPU E5-2650 v4 @ 2.20GHz
AMSCommonsI-I-ComputerEvaluatedAsMips 3511
AMS Software version v5.02/1220/12 built Fri Apr 19 23:54:38 2019

Geant4  Version 1033
Run ID: 428 Bartel: 19
Input Destination: /eos/ams/user/s/selu/mdst/He122/mdst_60442316.root
Output Destination: /afs/cern.ch/work/c/ctuysuz/private/he_flux/LSF/result_mc_time/time_19/he_flux_19_428.root
Add hist00 from /eos/ams/user/s/selu/mdst/He122/mdst_60442316.root
Start of Init
Use new binning
Start of Eventloop
Ntr, Nent= 1 430481
IsMC= 1
Parameter[0] = -2.70235
Parameter[1] = -3.03758
Parameter[2] = -3.60308
Parameter[3] = -5.55191
Parameter[4] = 0.242617
Parameter[5] = -2.38008
mdfil_info:  10.0%    2 sec CPU:  75.5%
mdfil_info:  20.0%    4 sec CPU:  81.7%
mdfil_info:  30.0%    6 sec CPU:  83.9%
mdfil_info:  40.0%    8 sec CPU:  85.2%
mdfil_info:  50.0%   10 sec CPU:  85.5%
mdfil_info:  60.0%   12 sec CPU:  86.1%
mdfil_info:  70.0%   14 sec CPU:  86.6%
mdfil_info:  80.0%   16 sec CPU:  86.4%
mdfil_info:  90.0%   18 sec CPU:  86.6%
mdfil_info: 100.0%   20 sec CPU:  86.7%
mdfil_info: 100.0%   20 sec CPU:  86.7%
