WARN: the 'eosmount' alias is deprecated, please use /eos directly
License ports: 28518@lxlicen01.cern.ch,28518@lxlicen02.cern.ch,28518@lxlicen03.cern.ch:/cvmfs/projects.cern.ch/intelsw/psxe/linux/licenses
Intel(R) Parallel Studio XE 2018 Update 2 for Linux*
Copyright (C) 2009-2018 Intel Corporation. All rights reserved.
7661
AMSCommonsI-I-HardwareIdentifiedAs Linux 3.10.0-957.10.1.el7.x86_64 x86_64 2
AMSCommonsI-I-Identified as LittleEndian 64 bit machine. 4294967295
AMSCommonsI-I-amsdatabase /cvmfs/ams.cern.ch/Offline/AMSDataDir/DataBase/
AMSCommonsI-I-MipsFromCPUInfo: 2194.92
AMSCommonsI-I-SystemIdentified as  Intel(R) Xeon(R) CPU E5-2630 v4 @ 2.20GHz
AMSCommonsI-I-ComputerEvaluatedAsMips 3511
AMS Software version v5.02/1220/12 built Fri Apr 19 23:54:38 2019

Geant4  Version 1033
Run ID: 94 Bartel: 48
22376
AMSCommonsI-I-HardwareIdentifiedAs Linux 3.10.0-957.10.1.el7.x86_64 x86_64 2
AMSCommonsI-I-Identified as LittleEndian 64 bit machine. 4294967295
AMSCommonsI-I-amsdatabase /cvmfs/ams.cern.ch/Offline/AMSDataDir/DataBase/
AMSCommonsI-I-MipsFromCPUInfo: 2194.92
AMSCommonsI-I-SystemIdentified as  Intel(R) Xeon(R) CPU E5-2630 v4 @ 2.20GHz
AMSCommonsI-I-ComputerEvaluatedAsMips 3511
AMS Software version v5.02/1220/12 built Fri Apr 19 23:54:38 2019

Geant4  Version 1033
Run ID: 276 Bartel: 21
Input Destination: /eos/ams/user/s/selu/mdst/He122/mdst_60441816.root
Output Destination: /afs/cern.ch/work/c/ctuysuz/private/he_flux/LSF/result_mc_time/time_21/he_flux_21_276.root
Add hist00 from /eos/ams/user/s/selu/mdst/He122/mdst_60441816.root
Start of Init
Use new binning
Start of Eventloop
Ntr, Nent= 1 440901
IsMC= 1
Parameter[0] = -2.71679
Parameter[1] = -3.04446
Parameter[2] = -3.60361
Parameter[3] = -5.54759
Parameter[4] = 0.211822
Parameter[5] = -2.44359
mdfil_info:  10.0%    3 sec CPU:  66.6%
mdfil_info:  20.0%    6 sec CPU:  74.7%
mdfil_info:  30.0%    8 sec CPU:  78.2%
mdfil_info:  40.0%   10 sec CPU:  79.8%
mdfil_info:  50.0%   13 sec CPU:  81.1%
mdfil_info:  60.0%   15 sec CPU:  81.8%
mdfil_info:  70.0%   17 sec CPU:  82.1%
mdfil_info:  80.0%   19 sec CPU:  82.9%
mdfil_info:  90.0%   22 sec CPU:  83.4%
mdfil_info: 100.0%   24 sec CPU:  83.8%
mdfil_info: 100.0%   24 sec CPU:  83.8%
37091
AMSCommonsI-I-HardwareIdentifiedAs Linux 3.10.0-957.10.1.el7.x86_64 x86_64 2
AMSCommonsI-I-Identified as LittleEndian 64 bit machine. 4294967295
AMSCommonsI-I-amsdatabase /cvmfs/ams.cern.ch/Offline/AMSDataDir/DataBase/
AMSCommonsI-I-MipsFromCPUInfo: 2194.92
AMSCommonsI-I-SystemIdentified as  Intel(R) Xeon(R) CPU E5-2630 v4 @ 2.20GHz
AMSCommonsI-I-ComputerEvaluatedAsMips 3511
AMS Software version v5.02/1220/12 built Fri Apr 19 23:54:38 2019

Geant4  Version 1033
Run ID: 457 Bartel: 75
Input Destination: /eos/ams/user/s/selu/mdst/He314/mdst_120929857.root
Output Destination: /afs/cern.ch/work/c/ctuysuz/private/he_flux/LSF/result_mc_time/time_75/he_flux_75_457.root
Add hist00 from /eos/ams/user/s/selu/mdst/He314/mdst_120929857.root
Start of Init
Use new binning
Start of Eventloop
Ntr, Nent= 1 122421
IsMC= 1
Parameter[0] = -2.49754
Parameter[1] = -2.96284
Parameter[2] = -3.58257
Parameter[3] = -5.52327
Parameter[4] = -0.0264443
Parameter[5] = -2.34842
mdfil_info:  10.0%    1 sec CPU:  66.8%
mdfil_info:  20.0%    2 sec CPU:  68.2%
mdfil_info:  30.0%    3 sec CPU:  65.3%
mdfil_info:  40.0%    4 sec CPU:  65.8%
mdfil_info:  50.0%    5 sec CPU:  63.8%
mdfil_info:  60.0%    6 sec CPU:  60.6%
mdfil_info:  70.0%    6 sec CPU:  60.9%
mdfil_info:  80.0%    7 sec CPU:  62.0%
mdfil_info:  90.0%    8 sec CPU:  61.5%
mdfil_info: 100.0%    9 sec CPU:  62.7%
mdfil_info: 100.0%    9 sec CPU:  62.7%
