WARN: the 'eosmount' alias is deprecated, please use /eos directly
License ports: 28518@lxlicen01.cern.ch,28518@lxlicen02.cern.ch,28518@lxlicen03.cern.ch:/cvmfs/projects.cern.ch/intelsw/psxe/linux/licenses
Intel(R) Parallel Studio XE 2018 Update 2 for Linux*
Copyright (C) 2009-2018 Intel Corporation. All rights reserved.
13475
AMSCommonsI-I-HardwareIdentifiedAs Linux 3.10.0-957.12.1.el7.x86_64 x86_64 2
AMSCommonsI-I-Identified as LittleEndian 64 bit machine. 4294967295
AMSCommonsI-I-amsdatabase /cvmfs/ams.cern.ch/Offline/AMSDataDir/DataBase/
AMSCommonsI-I-MipsFromCPUInfo: 2194.92
AMSCommonsI-I-SystemIdentified as  Intel(R) Xeon(R) CPU E5-2630 v4 @ 2.20GHz
AMSCommonsI-I-ComputerEvaluatedAsMips 3511
AMS Software version v5.02/1220/12 built Fri Apr 19 23:54:38 2019

Geant4  Version 1033
Run ID: 166 Bartel: 30
Input Destination: /eos/ams/user/s/selu/mdst/He122/mdst_60441706.root
Output Destination: /afs/cern.ch/work/c/ctuysuz/private/he_flux/LSF/result_mc_time/time_30/he_flux_30_166.root
Add hist00 from /eos/ams/user/s/selu/mdst/He122/mdst_60441706.root
Start of Init
Use new binning
Start of Eventloop
Ntr, Nent= 1 437712
IsMC= 1
Parameter[0] = -2.78302
Parameter[1] = -3.06111
Parameter[2] = -3.62424
Parameter[3] = -5.59535
Parameter[4] = 0.417456
Parameter[5] = -2.69098
mdfil_info:  10.0%  128 sec CPU:   1.8%
mdfil_info:  20.0%  169 sec CPU:   2.6%
mdfil_info:  30.0%  206 sec CPU:   3.1%
mdfil_info:  40.0%  256 sec CPU:   3.4%
mdfil_info:  50.0%  298 sec CPU:   3.6%
mdfil_info:  60.0%  332 sec CPU:   3.9%
mdfil_info:  70.0%  370 sec CPU:   4.1%
mdfil_info:  80.0%  413 sec CPU:   4.2%
mdfil_info:  90.0%  452 sec CPU:   4.3%
mdfil_info: 100.0%  486 sec CPU:   4.4%
mdfil_info: 100.0%  486 sec CPU:   4.4%
28190
AMSCommonsI-I-HardwareIdentifiedAs Linux 3.10.0-957.12.1.el7.x86_64 x86_64 2
AMSCommonsI-I-Identified as LittleEndian 64 bit machine. 4294967295
AMSCommonsI-I-amsdatabase /cvmfs/ams.cern.ch/Offline/AMSDataDir/DataBase/
AMSCommonsI-I-MipsFromCPUInfo: 2194.92
AMSCommonsI-I-SystemIdentified as  Intel(R) Xeon(R) CPU E5-2630 v4 @ 2.20GHz
AMSCommonsI-I-ComputerEvaluatedAsMips 3511
AMS Software version v5.02/1220/12 built Fri Apr 19 23:54:38 2019

Geant4  Version 1033
Run ID: 348 Bartel: 3
Input Destination: /eos/ams/user/s/selu/mdst/He122/mdst_60441888.root
Output Destination: /afs/cern.ch/work/c/ctuysuz/private/he_flux/LSF/result_mc_time/time_3/he_flux_3_348.root
Add hist00 from /eos/ams/user/s/selu/mdst/He122/mdst_60441888.root
Start of Init
Use new binning
Start of Eventloop
Ntr, Nent= 1 439405
IsMC= 1
Parameter[0] = -2.60444
Parameter[1] = -2.96917
Parameter[2] = -3.55869
Parameter[3] = -5.49263
Parameter[4] = 0.194958
Parameter[5] = -2.37354
mdfil_info:  10.0%    3 sec CPU:  67.2%
mdfil_info:  20.0%    6 sec CPU:  73.3%
mdfil_info:  30.0%    9 sec CPU:  75.9%
mdfil_info:  40.0%   11 sec CPU:  77.3%
mdfil_info:  50.0%   14 sec CPU:  77.7%
mdfil_info:  60.0%   17 sec CPU:  78.2%
mdfil_info:  70.0%   19 sec CPU:  79.0%
mdfil_info:  80.0%   22 sec CPU:  79.4%
mdfil_info:  90.0%   25 sec CPU:  79.7%
mdfil_info: 100.0%   28 sec CPU:  79.6%
mdfil_info: 100.0%   28 sec CPU:  79.5%
42905
AMSCommonsI-I-HardwareIdentifiedAs Linux 3.10.0-957.12.1.el7.x86_64 x86_64 2
AMSCommonsI-I-Identified as LittleEndian 64 bit machine. 4294967295
AMSCommonsI-I-amsdatabase /cvmfs/ams.cern.ch/Offline/AMSDataDir/DataBase/
AMSCommonsI-I-MipsFromCPUInfo: 2194.92
AMSCommonsI-I-SystemIdentified as  Intel(R) Xeon(R) CPU E5-2630 v4 @ 2.20GHz
AMSCommonsI-I-ComputerEvaluatedAsMips 3511
AMS Software version v5.02/1220/12 built Fri Apr 19 23:54:38 2019

Geant4  Version 1033
Run ID: 529 Bartel: 57
Input Destination: /eos/ams/user/s/selu/mdst/He314/mdst_120929932.root
Output Destination: /afs/cern.ch/work/c/ctuysuz/private/he_flux/LSF/result_mc_time/time_57/he_flux_57_529.root
Add hist00 from /eos/ams/user/s/selu/mdst/He314/mdst_120929932.root
Start of Init
Use new binning
Start of Eventloop
Ntr, Nent= 1 122813
IsMC= 1
Parameter[0] = -2.70293
Parameter[1] = -3.03976
Parameter[2] = -3.61538
Parameter[3] = -5.54214
Parameter[4] = 0.274724
Parameter[5] = -2.38056
mdfil_info:  10.0%    1 sec CPU:  63.0%
mdfil_info:  20.0%    2 sec CPU:  65.5%
mdfil_info:  30.0%    3 sec CPU:  67.7%
mdfil_info:  40.0%    4 sec CPU:  70.9%
mdfil_info:  50.0%    5 sec CPU:  72.8%
mdfil_info:  60.0%    5 sec CPU:  73.5%
mdfil_info:  70.0%    6 sec CPU:  73.8%
mdfil_info:  80.0%    7 sec CPU:  72.9%
mdfil_info:  90.0%    8 sec CPU:  72.6%
mdfil_info: 100.0%    9 sec CPU:  73.5%
mdfil_info: 100.0%    9 sec CPU:  73.5%
