WARN: the 'eosmount' alias is deprecated, please use /eos directly
License ports: 28518@lxlicen01.cern.ch,28518@lxlicen02.cern.ch,28518@lxlicen03.cern.ch:/cvmfs/projects.cern.ch/intelsw/psxe/linux/licenses
Intel(R) Parallel Studio XE 2018 Update 2 for Linux*
Copyright (C) 2009-2018 Intel Corporation. All rights reserved.
13269
AMSCommonsI-I-HardwareIdentifiedAs Linux 3.10.0-957.12.1.el7.x86_64 x86_64 2
AMSCommonsI-I-Identified as LittleEndian 64 bit machine. 4294967295
AMSCommonsI-I-amsdatabase /cvmfs/ams.cern.ch/Offline/AMSDataDir/DataBase/
AMSCommonsI-I-MipsFromCPUInfo: 2394.45
AMSCommonsI-I-SystemIdentified as  Intel(R) Xeon(R) CPU E5-2630 v3 @ 2.40GHz
AMSCommonsI-I-ComputerEvaluatedAsMips 3831
AMS Software version v5.02/1220/12 built Fri Apr 19 23:54:38 2019

Geant4  Version 1033
Run ID: 163 Bartel: 67
Input Destination: /eos/ams/user/s/selu/mdst/He122/mdst_60441703.root
Output Destination: /afs/cern.ch/work/c/ctuysuz/private/he_flux/LSF/result_mc_time/time_67/he_flux_67_163.root
Add hist00 from /eos/ams/user/s/selu/mdst/He122/mdst_60441703.root
Start of Init
Use new binning
Start of Eventloop
Ntr, Nent= 1 440579
IsMC= 1
Parameter[0] = -2.58662
Parameter[1] = -2.98984
Parameter[2] = -3.59559
Parameter[3] = -5.5153
Parameter[4] = 0.161079
Parameter[5] = -2.33345
mdfil_info:  10.0%   15 sec CPU:  13.8%
mdfil_info:  20.0%   20 sec CPU:  19.8%
mdfil_info:  30.0%   26 sec CPU:  24.3%
mdfil_info:  40.0%   31 sec CPU:  26.7%
mdfil_info:  50.0%   36 sec CPU:  28.4%
mdfil_info:  60.0%   41 sec CPU:  29.6%
mdfil_info:  70.0%   46 sec CPU:  29.9%
mdfil_info:  80.0%   51 sec CPU:  30.2%
mdfil_info:  90.0%   56 sec CPU:  30.1%
mdfil_info: 100.0%   63 sec CPU:  30.1%
mdfil_info: 100.0%   63 sec CPU:  30.1%
27984
AMSCommonsI-I-HardwareIdentifiedAs Linux 3.10.0-957.12.1.el7.x86_64 x86_64 2
AMSCommonsI-I-Identified as LittleEndian 64 bit machine. 4294967295
AMSCommonsI-I-amsdatabase /cvmfs/ams.cern.ch/Offline/AMSDataDir/DataBase/
AMSCommonsI-I-MipsFromCPUInfo: 2394.45
AMSCommonsI-I-SystemIdentified as  Intel(R) Xeon(R) CPU E5-2630 v3 @ 2.40GHz
AMSCommonsI-I-ComputerEvaluatedAsMips 3831
AMS Software version v5.02/1220/12 built Fri Apr 19 23:54:38 2019

Geant4  Version 1033
Run ID: 345 Bartel: 40
Input Destination: /eos/ams/user/s/selu/mdst/He122/mdst_60441885.root
Output Destination: /afs/cern.ch/work/c/ctuysuz/private/he_flux/LSF/result_mc_time/time_40/he_flux_40_345.root
Add hist00 from /eos/ams/user/s/selu/mdst/He122/mdst_60441885.root
Start of Init
Use new binning
Start of Eventloop
Ntr, Nent= 1 438135
IsMC= 1
Parameter[0] = -2.8011
Parameter[1] = -3.07357
Parameter[2] = -3.62055
Parameter[3] = -5.55933
Parameter[4] = 0.549697
Parameter[5] = -2.37552
mdfil_info:  10.0%    3 sec CPU:  82.3%
mdfil_info:  20.0%    4 sec CPU:  88.4%
mdfil_info:  30.0%    6 sec CPU:  90.0%
mdfil_info:  40.0%    8 sec CPU:  91.1%
mdfil_info:  50.0%   10 sec CPU:  91.7%
mdfil_info:  60.0%   12 sec CPU:  91.6%
mdfil_info:  70.0%   14 sec CPU:  91.4%
mdfil_info:  80.0%   16 sec CPU:  91.6%
mdfil_info:  90.0%   18 sec CPU:  91.7%
mdfil_info: 100.0%   20 sec CPU:  91.9%
mdfil_info: 100.0%   20 sec CPU:  91.9%
42699
AMSCommonsI-I-HardwareIdentifiedAs Linux 3.10.0-957.12.1.el7.x86_64 x86_64 2
AMSCommonsI-I-Identified as LittleEndian 64 bit machine. 4294967295
AMSCommonsI-I-amsdatabase /cvmfs/ams.cern.ch/Offline/AMSDataDir/DataBase/
AMSCommonsI-I-MipsFromCPUInfo: 2394.45
AMSCommonsI-I-SystemIdentified as  Intel(R) Xeon(R) CPU E5-2630 v3 @ 2.40GHz
AMSCommonsI-I-ComputerEvaluatedAsMips 3831
AMS Software version v5.02/1220/12 built Fri Apr 19 23:54:38 2019

Geant4  Version 1033
Run ID: 527 Bartel: 13
Input Destination: /eos/ams/user/s/selu/mdst/He314/mdst_120929930.root
Output Destination: /afs/cern.ch/work/c/ctuysuz/private/he_flux/LSF/result_mc_time/time_13/he_flux_13_527.root
Add hist00 from /eos/ams/user/s/selu/mdst/He314/mdst_120929930.root
Start of Init
Use new binning
Start of Eventloop
Ntr, Nent= 1 110768
IsMC= 1
Parameter[0] = -2.65893
Parameter[1] = -3.01855
Parameter[2] = -3.59704
Parameter[3] = -5.53516
Parameter[4] = 0.293906
Parameter[5] = -2.25131
mdfil_info:  10.0%    1 sec CPU:  82.8%
mdfil_info:  20.0%    1 sec CPU:  81.9%
mdfil_info:  30.0%    2 sec CPU:  83.3%
mdfil_info:  40.0%    2 sec CPU:  85.6%
mdfil_info:  50.0%    3 sec CPU:  87.1%
mdfil_info:  60.0%    3 sec CPU:  88.1%
mdfil_info:  70.0%    4 sec CPU:  89.0%
mdfil_info:  80.0%    4 sec CPU:  89.9%
mdfil_info:  90.0%    4 sec CPU:  90.3%
mdfil_info: 100.0%    5 sec CPU:  87.4%
mdfil_info: 100.0%    5 sec CPU:  87.4%
