WARN: the 'eosmount' alias is deprecated, please use /eos directly
License ports: 28518@lxlicen01.cern.ch,28518@lxlicen02.cern.ch,28518@lxlicen03.cern.ch:/cvmfs/projects.cern.ch/intelsw/psxe/linux/licenses
Intel(R) Parallel Studio XE 2018 Update 2 for Linux*
Copyright (C) 2009-2018 Intel Corporation. All rights reserved.
3956
AMSCommonsI-I-HardwareIdentifiedAs Linux 3.10.0-957.12.1.el7.x86_64 x86_64 2
AMSCommonsI-I-Identified as LittleEndian 64 bit machine. 4294967295
AMSCommonsI-I-amsdatabase /cvmfs/ams.cern.ch/Offline/AMSDataDir/DataBase/
AMSCommonsI-I-MipsFromCPUInfo: 2394.45
AMSCommonsI-I-SystemIdentified as  Intel Core Processor (Haswell, no TSX, IBRS)
AMSCommonsI-I-ComputerEvaluatedAsMips 3591
AMS Software version v5.02/1220/12 built Fri Apr 19 23:54:38 2019

Geant4  Version 1033
Run ID: 48 Bartel: 69
Input Destination: /eos/ams/user/s/selu/mdst/He122/mdst_60441587.root
Output Destination: /afs/cern.ch/work/c/ctuysuz/private/he_flux/LSF/result_mc_time/time_69/he_flux_69_48.root
Add hist00 from /eos/ams/user/s/selu/mdst/He122/mdst_60441587.root
Start of Init
Use new binning
Start of Eventloop
Ntr, Nent= 1 442376
IsMC= 1
Parameter[0] = -2.5456
Parameter[1] = -2.98028
Parameter[2] = -3.58897
Parameter[3] = -5.48942
Parameter[4] = 0.110577
Parameter[5] = -2.14012
mdfil_info:  10.0%    2 sec CPU:  78.1%
mdfil_info:  20.0%    4 sec CPU:  82.4%
mdfil_info:  30.0%    6 sec CPU:  84.0%
mdfil_info:  40.0%    7 sec CPU:  85.0%
mdfil_info:  50.0%    9 sec CPU:  85.0%
mdfil_info:  60.0%   11 sec CPU:  84.0%
mdfil_info:  70.0%   13 sec CPU:  83.3%
mdfil_info:  80.0%   14 sec CPU:  83.1%
mdfil_info:  90.0%   16 sec CPU:  82.6%
mdfil_info: 100.0%   18 sec CPU:  82.7%
mdfil_info: 100.0%   18 sec CPU:  82.7%
18671
AMSCommonsI-I-HardwareIdentifiedAs Linux 3.10.0-957.12.1.el7.x86_64 x86_64 2
AMSCommonsI-I-Identified as LittleEndian 64 bit machine. 4294967295
AMSCommonsI-I-amsdatabase /cvmfs/ams.cern.ch/Offline/AMSDataDir/DataBase/
AMSCommonsI-I-MipsFromCPUInfo: 2394.45
AMSCommonsI-I-SystemIdentified as  Intel Core Processor (Haswell, no TSX, IBRS)
AMSCommonsI-I-ComputerEvaluatedAsMips 3591
AMS Software version v5.02/1220/12 built Fri Apr 19 23:54:38 2019

Geant4  Version 1033
Run ID: 230 Bartel: 42
Input Destination: /eos/ams/user/s/selu/mdst/He122/mdst_60441770.root
Output Destination: /afs/cern.ch/work/c/ctuysuz/private/he_flux/LSF/result_mc_time/time_42/he_flux_42_230.root
Add hist00 from /eos/ams/user/s/selu/mdst/He122/mdst_60441770.root
Start of Init
Use new binning
Start of Eventloop
Ntr, Nent= 1 435432
IsMC= 1
Parameter[0] = -2.78027
Parameter[1] = -3.06778
Parameter[2] = -3.62449
Parameter[3] = -5.58149
Parameter[4] = 0.44175
Parameter[5] = -2.56338
mdfil_info:  10.0%    2 sec CPU:  81.9%
mdfil_info:  20.0%    4 sec CPU:  86.8%
mdfil_info:  30.0%    5 sec CPU:  88.8%
mdfil_info:  40.0%    7 sec CPU:  89.8%
mdfil_info:  50.0%    8 sec CPU:  90.3%
mdfil_info:  60.0%   10 sec CPU:  90.7%
mdfil_info:  70.0%   11 sec CPU:  91.0%
mdfil_info:  80.0%   13 sec CPU:  91.2%
mdfil_info:  90.0%   15 sec CPU:  91.3%
mdfil_info: 100.0%   16 sec CPU:  91.4%
mdfil_info: 100.0%   16 sec CPU:  91.4%
33386
AMSCommonsI-I-HardwareIdentifiedAs Linux 3.10.0-957.12.1.el7.x86_64 x86_64 2
AMSCommonsI-I-Identified as LittleEndian 64 bit machine. 4294967295
AMSCommonsI-I-amsdatabase /cvmfs/ams.cern.ch/Offline/AMSDataDir/DataBase/
AMSCommonsI-I-MipsFromCPUInfo: 2394.45
AMSCommonsI-I-SystemIdentified as  Intel Core Processor (Haswell, no TSX, IBRS)
AMSCommonsI-I-ComputerEvaluatedAsMips 3591
AMS Software version v5.02/1220/12 built Fri Apr 19 23:54:38 2019

Geant4  Version 1033
Run ID: 412 Bartel: 15
Input Destination: /eos/ams/user/s/selu/mdst/He122/mdst_60442300.root
Output Destination: /afs/cern.ch/work/c/ctuysuz/private/he_flux/LSF/result_mc_time/time_15/he_flux_15_412.root
Add hist00 from /eos/ams/user/s/selu/mdst/He122/mdst_60442300.root
Start of Init
Use new binning
Start of Eventloop
Ntr, Nent= 1 440935
IsMC= 1
Parameter[0] = -2.64949
Parameter[1] = -3.02393
Parameter[2] = -3.59344
Parameter[3] = -5.52782
Parameter[4] = 0.200514
Parameter[5] = -2.29505
mdfil_info:  10.0%   12 sec CPU:  13.4%
mdfil_info:  20.0%   17 sec CPU:  18.6%
mdfil_info:  30.0%   24 sec CPU:  20.2%
mdfil_info:  40.0%   32 sec CPU:  20.0%
mdfil_info:  50.0%   35 sec CPU:  22.6%
mdfil_info:  60.0%   38 sec CPU:  25.1%
mdfil_info:  70.0%   42 sec CPU:  26.6%
mdfil_info:  80.0%   45 sec CPU:  28.1%
mdfil_info:  90.0%   49 sec CPU:  28.9%
mdfil_info: 100.0%   52 sec CPU:  30.4%
mdfil_info: 100.0%   52 sec CPU:  30.4%
