WARN: the 'eosmount' alias is deprecated, please use /eos directly
License ports: 28518@lxlicen01.cern.ch,28518@lxlicen02.cern.ch,28518@lxlicen03.cern.ch:/cvmfs/projects.cern.ch/intelsw/psxe/linux/licenses
Intel(R) Parallel Studio XE 2018 Update 2 for Linux*
Copyright (C) 2009-2018 Intel Corporation. All rights reserved.
13567
AMSCommonsI-I-HardwareIdentifiedAs Linux 3.10.0-957.12.1.el7.x86_64 x86_64 2
AMSCommonsI-I-Identified as LittleEndian 64 bit machine. 4294967295
AMSCommonsI-I-amsdatabase /cvmfs/ams.cern.ch/Offline/AMSDataDir/DataBase/
AMSCommonsI-I-MipsFromCPUInfo: 2394.45
AMSCommonsI-I-SystemIdentified as  Intel(R) Xeon(R) CPU E5-2630 v3 @ 2.40GHz
AMSCommonsI-I-ComputerEvaluatedAsMips 3831
AMS Software version v5.02/1220/12 built Fri Apr 19 23:54:38 2019

Geant4  Version 1033
Run ID: 167 Bartel: 41
Input Destination: /eos/ams/user/s/selu/mdst/He122/mdst_60441707.root
Output Destination: /afs/cern.ch/work/c/ctuysuz/private/he_flux/LSF/result_mc_time/time_41/he_flux_41_167.root
Add hist00 from /eos/ams/user/s/selu/mdst/He122/mdst_60441707.root
Start of Init
Use new binning
Start of Eventloop
Ntr, Nent= 1 396226
IsMC= 1
Parameter[0] = -2.77453
Parameter[1] = -3.05397
Parameter[2] = -3.61054
Parameter[3] = -5.55839
Parameter[4] = 0.485122
Parameter[5] = -2.44204
mdfil_info:  10.0%    2 sec CPU:  85.9%
mdfil_info:  20.0%    4 sec CPU:  89.4%
mdfil_info:  30.0%    6 sec CPU:  90.9%
mdfil_info:  40.0%    7 sec CPU:  90.7%
mdfil_info:  50.0%   11 sec CPU:  92.2%
mdfil_info:  60.0%   12 sec CPU:  93.2%
mdfil_info:  70.0%   14 sec CPU:  93.9%
mdfil_info:  80.0%   15 sec CPU:  94.6%
mdfil_info:  90.0%   17 sec CPU:  95.1%
mdfil_info: 100.0%   18 sec CPU:  95.5%
mdfil_info: 100.0%   18 sec CPU:  95.5%
28282
AMSCommonsI-I-HardwareIdentifiedAs Linux 3.10.0-957.12.1.el7.x86_64 x86_64 2
AMSCommonsI-I-Identified as LittleEndian 64 bit machine. 4294967295
AMSCommonsI-I-amsdatabase /cvmfs/ams.cern.ch/Offline/AMSDataDir/DataBase/
AMSCommonsI-I-MipsFromCPUInfo: 2394.45
AMSCommonsI-I-SystemIdentified as  Intel(R) Xeon(R) CPU E5-2630 v3 @ 2.40GHz
AMSCommonsI-I-ComputerEvaluatedAsMips 3831
AMS Software version v5.02/1220/12 built Fri Apr 19 23:54:38 2019

Geant4  Version 1033
Run ID: 349 Bartel: 14
Input Destination: /eos/ams/user/s/selu/mdst/He122/mdst_60441889.root
Output Destination: /afs/cern.ch/work/c/ctuysuz/private/he_flux/LSF/result_mc_time/time_14/he_flux_14_349.root
Add hist00 from /eos/ams/user/s/selu/mdst/He122/mdst_60441889.root
Start of Init
Use new binning
Start of Eventloop
Ntr, Nent= 1 438811
IsMC= 1
Parameter[0] = -2.62922
Parameter[1] = -3.00854
Parameter[2] = -3.59134
Parameter[3] = -5.49431
Parameter[4] = 0.150366
Parameter[5] = -2.1251
mdfil_info:  10.0%   16 sec CPU:  13.5%
mdfil_info:  20.0%   21 sec CPU:  20.0%
mdfil_info:  30.0%   27 sec CPU:  23.6%
mdfil_info:  40.0%   32 sec CPU:  26.5%
mdfil_info:  50.0%   38 sec CPU:  28.0%
mdfil_info:  60.0%   44 sec CPU:  29.5%
mdfil_info:  70.0%   49 sec CPU:  30.6%
mdfil_info:  80.0%   54 sec CPU:  30.8%
mdfil_info:  90.0%   59 sec CPU:  31.2%
mdfil_info: 100.0%   64 sec CPU:  31.4%
mdfil_info: 100.0%   64 sec CPU:  31.4%
42997
AMSCommonsI-I-HardwareIdentifiedAs Linux 3.10.0-957.12.1.el7.x86_64 x86_64 2
AMSCommonsI-I-Identified as LittleEndian 64 bit machine. 4294967295
AMSCommonsI-I-amsdatabase /cvmfs/ams.cern.ch/Offline/AMSDataDir/DataBase/
AMSCommonsI-I-MipsFromCPUInfo: 2394.45
AMSCommonsI-I-SystemIdentified as  Intel(R) Xeon(R) CPU E5-2630 v3 @ 2.40GHz
AMSCommonsI-I-ComputerEvaluatedAsMips 3831
AMS Software version v5.02/1220/12 built Fri Apr 19 23:54:38 2019

Geant4  Version 1033
Run ID: 530 Bartel: 68
Input Destination: /eos/ams/user/s/selu/mdst/He314/mdst_120929933.root
Output Destination: /afs/cern.ch/work/c/ctuysuz/private/he_flux/LSF/result_mc_time/time_68/he_flux_68_530.root
Add hist00 from /eos/ams/user/s/selu/mdst/He314/mdst_120929933.root
Start of Init
Use new binning
Start of Eventloop
Ntr, Nent= 1 122489
IsMC= 1
Parameter[0] = -2.5639
Parameter[1] = -2.98035
Parameter[2] = -3.58993
Parameter[3] = -5.51419
Parameter[4] = 0.0804353
Parameter[5] = -2.39662
mdfil_info:  10.0%    6 sec CPU:  10.8%
mdfil_info:  20.0%   11 sec CPU:  11.5%
mdfil_info:  30.0%   16 sec CPU:  12.8%
mdfil_info:  40.0%   17 sec CPU:  14.6%
mdfil_info:  50.0%   18 sec CPU:  16.3%
mdfil_info:  60.0%   20 sec CPU:  18.2%
mdfil_info:  70.0%   21 sec CPU:  19.7%
mdfil_info:  80.0%   22 sec CPU:  21.1%
mdfil_info:  90.0%   24 sec CPU:  22.3%
mdfil_info: 100.0%   25 sec CPU:  23.3%
mdfil_info: 100.0%   25 sec CPU:  23.3%
