WARN: the 'eosmount' alias is deprecated, please use /eos directly
License ports: 28518@lxlicen01.cern.ch,28518@lxlicen02.cern.ch,28518@lxlicen03.cern.ch:/cvmfs/projects.cern.ch/intelsw/psxe/linux/licenses
Intel(R) Parallel Studio XE 2018 Update 2 for Linux*
Copyright (C) 2009-2018 Intel Corporation. All rights reserved.
12444
AMSCommonsI-I-HardwareIdentifiedAs Linux 3.10.0-957.12.1.el7.x86_64 x86_64 2
AMSCommonsI-I-Identified as LittleEndian 64 bit machine. 4294967295
AMSCommonsI-I-amsdatabase /cvmfs/ams.cern.ch/Offline/AMSDataDir/DataBase/
AMSCommonsI-I-MipsFromCPUInfo: 2394.45
AMSCommonsI-I-SystemIdentified as  Intel Core Processor (Haswell, no TSX, IBRS)
AMSCommonsI-I-ComputerEvaluatedAsMips 3591
AMS Software version v5.02/1220/12 built Fri Apr 19 23:54:38 2019

Geant4  Version 1033
Run ID: 153 Bartel: 52
Input Destination: /eos/ams/user/s/selu/mdst/He122/mdst_60441693.root
Output Destination: /afs/cern.ch/work/c/ctuysuz/private/he_flux/LSF/result_mc_time/time_52/he_flux_52_153.root
Add hist00 from /eos/ams/user/s/selu/mdst/He122/mdst_60441693.root
Start of Init
Use new binning
Start of Eventloop
Ntr, Nent= 1 436601
IsMC= 1
Parameter[0] = -2.76482
Parameter[1] = -3.07402
Parameter[2] = -3.6335
Parameter[3] = -5.56178
Parameter[4] = 0.322865
Parameter[5] = -2.42167
mdfil_info:  10.0%   17 sec CPU:  13.5%
mdfil_info:  20.0%   23 sec CPU:  18.3%
mdfil_info:  30.0%   29 sec CPU:  21.5%
mdfil_info:  40.0%   34 sec CPU:  24.0%
mdfil_info:  50.0%   40 sec CPU:  25.6%
mdfil_info:  60.0%   45 sec CPU:  26.8%
mdfil_info:  70.0%   51 sec CPU:  27.9%
mdfil_info:  80.0%   57 sec CPU:  28.6%
mdfil_info:  90.0%   62 sec CPU:  29.2%
mdfil_info: 100.0%   68 sec CPU:  29.7%
mdfil_info: 100.0%   68 sec CPU:  29.7%
27159
AMSCommonsI-I-HardwareIdentifiedAs Linux 3.10.0-957.12.1.el7.x86_64 x86_64 2
AMSCommonsI-I-Identified as LittleEndian 64 bit machine. 4294967295
AMSCommonsI-I-amsdatabase /cvmfs/ams.cern.ch/Offline/AMSDataDir/DataBase/
AMSCommonsI-I-MipsFromCPUInfo: 2394.45
AMSCommonsI-I-SystemIdentified as  Intel Core Processor (Haswell, no TSX, IBRS)
AMSCommonsI-I-ComputerEvaluatedAsMips 3591
AMS Software version v5.02/1220/12 built Fri Apr 19 23:54:38 2019

Geant4  Version 1033
Run ID: 335 Bartel: 25
Input Destination: /eos/ams/user/s/selu/mdst/He122/mdst_60441875.root
Output Destination: /afs/cern.ch/work/c/ctuysuz/private/he_flux/LSF/result_mc_time/time_25/he_flux_25_335.root
Add hist00 from /eos/ams/user/s/selu/mdst/He122/mdst_60441875.root
Start of Init
Use new binning
Start of Eventloop
Ntr, Nent= 1 433127
IsMC= 1
Parameter[0] = -2.67598
Parameter[1] = -3.03462
Parameter[2] = -3.60443
Parameter[3] = -5.53205
Parameter[4] = 0.247616
Parameter[5] = -2.27738
mdfil_info:  10.0%    2 sec CPU:  98.0%
mdfil_info:  20.0%    4 sec CPU:  98.7%
mdfil_info:  30.0%    6 sec CPU:  99.1%
mdfil_info:  40.0%    7 sec CPU:  99.5%
mdfil_info:  50.0%    9 sec CPU:  99.5%
mdfil_info:  60.0%   11 sec CPU:  99.6%
mdfil_info:  70.0%   13 sec CPU:  99.6%
mdfil_info:  80.0%   14 sec CPU:  99.7%
mdfil_info:  90.0%   16 sec CPU:  99.7%
mdfil_info: 100.0%   18 sec CPU:  99.7%
mdfil_info: 100.0%   18 sec CPU:  99.7%
41874
AMSCommonsI-I-HardwareIdentifiedAs Linux 3.10.0-957.12.1.el7.x86_64 x86_64 2
AMSCommonsI-I-Identified as LittleEndian 64 bit machine. 4294967295
AMSCommonsI-I-amsdatabase /cvmfs/ams.cern.ch/Offline/AMSDataDir/DataBase/
AMSCommonsI-I-MipsFromCPUInfo: 2394.45
AMSCommonsI-I-SystemIdentified as  Intel Core Processor (Haswell, no TSX, IBRS)
AMSCommonsI-I-ComputerEvaluatedAsMips 3591
AMS Software version v5.02/1220/12 built Fri Apr 19 23:54:38 2019

Geant4  Version 1033
Run ID: 516 Bartel: 79
Input Destination: /eos/ams/user/s/selu/mdst/He314/mdst_120929917.root
Output Destination: /afs/cern.ch/work/c/ctuysuz/private/he_flux/LSF/result_mc_time/time_79/he_flux_79_516.root
Add hist00 from /eos/ams/user/s/selu/mdst/He314/mdst_120929917.root
Start of Init
Use new binning
Start of Eventloop
Ntr, Nent= 1 113517
IsMC= 1
Parameter[0] = -2.39896
Parameter[1] = -2.88073
Parameter[2] = -3.50275
Parameter[3] = -5.43121
Parameter[4] = -0.0783246
Parameter[5] = -2.2346
mdfil_info:  10.0%    0 sec CPU:  98.8%
mdfil_info:  20.0%    1 sec CPU:  99.5%
mdfil_info:  30.0%    1 sec CPU:  98.8%
mdfil_info:  40.0%    2 sec CPU:  99.4%
mdfil_info:  50.0%    2 sec CPU:  99.5%
mdfil_info:  60.0%    3 sec CPU:  99.9%
mdfil_info:  70.0%    3 sec CPU:  99.7%
mdfil_info:  80.0%    4 sec CPU:  99.7%
mdfil_info:  90.0%    4 sec CPU:  99.6%
mdfil_info: 100.0%    4 sec CPU:  99.6%
mdfil_info: 100.0%    4 sec CPU:  99.6%
