WARN: the 'eosmount' alias is deprecated, please use /eos directly
License ports: 28518@lxlicen01.cern.ch,28518@lxlicen02.cern.ch,28518@lxlicen03.cern.ch:/cvmfs/projects.cern.ch/intelsw/psxe/linux/licenses
Intel(R) Parallel Studio XE 2018 Update 2 for Linux*
Copyright (C) 2009-2018 Intel Corporation. All rights reserved.
13348
AMSCommonsI-I-HardwareIdentifiedAs Linux 3.10.0-957.10.1.el7.x86_64 x86_64 2
AMSCommonsI-I-Identified as LittleEndian 64 bit machine. 4294967295
AMSCommonsI-I-amsdatabase /cvmfs/ams.cern.ch/Offline/AMSDataDir/DataBase/
AMSCommonsI-I-MipsFromCPUInfo: 2194.92
AMSCommonsI-I-SystemIdentified as  Intel(R) Xeon(R) CPU E5-2630 v4 @ 2.20GHz
AMSCommonsI-I-ComputerEvaluatedAsMips 3511
AMS Software version v5.02/1220/12 built Fri Apr 19 23:54:38 2019

Geant4  Version 1033
Run ID: 164 Bartel: 65
Input Destination: /eos/ams/user/s/selu/mdst/He122/mdst_60441704.root
Output Destination: /afs/cern.ch/work/c/ctuysuz/private/he_flux/LSF/result_mc_time/time_65/he_flux_65_164.root
Add hist00 from /eos/ams/user/s/selu/mdst/He122/mdst_60441704.root
Start of Init
Use new binning
Start of Eventloop
Ntr, Nent= 1 440058
IsMC= 1
Parameter[0] = -2.59221
Parameter[1] = -2.99417
Parameter[2] = -3.58427
Parameter[3] = -5.53167
Parameter[4] = 0.305015
Parameter[5] = -2.21807
mdfil_info:  10.0%   19 sec CPU:  12.4%
mdfil_info:  20.0%   33 sec CPU:  13.1%
mdfil_info:  30.0%   46 sec CPU:  14.1%
mdfil_info:  40.0%   53 sec CPU:  16.0%
mdfil_info:  50.0%   62 sec CPU:  17.0%
mdfil_info:  60.0%   71 sec CPU:  17.8%
mdfil_info:  70.0%   80 sec CPU:  18.4%
mdfil_info:  80.0%   94 sec CPU:  17.9%
mdfil_info:  90.0%  107 sec CPU:  17.6%
mdfil_info: 100.0%  117 sec CPU:  17.8%
mdfil_info: 100.0%  117 sec CPU:  17.8%
28063
AMSCommonsI-I-HardwareIdentifiedAs Linux 3.10.0-957.10.1.el7.x86_64 x86_64 2
AMSCommonsI-I-Identified as LittleEndian 64 bit machine. 4294967295
AMSCommonsI-I-amsdatabase /cvmfs/ams.cern.ch/Offline/AMSDataDir/DataBase/
AMSCommonsI-I-MipsFromCPUInfo: 2194.92
AMSCommonsI-I-SystemIdentified as  Intel(R) Xeon(R) CPU E5-2630 v4 @ 2.20GHz
AMSCommonsI-I-ComputerEvaluatedAsMips 3511
AMS Software version v5.02/1220/12 built Fri Apr 19 23:54:38 2019

Geant4  Version 1033
Run ID: 346 Bartel: 38
Input Destination: /eos/ams/user/s/selu/mdst/He122/mdst_60441886.root
Output Destination: /afs/cern.ch/work/c/ctuysuz/private/he_flux/LSF/result_mc_time/time_38/he_flux_38_346.root
Add hist00 from /eos/ams/user/s/selu/mdst/He122/mdst_60441886.root
Start of Init
Use new binning
Start of Eventloop
Ntr, Nent= 1 394682
IsMC= 1
Parameter[0] = -2.81232
Parameter[1] = -3.08566
Parameter[2] = -3.62933
Parameter[3] = -5.55815
Parameter[4] = 0.386285
Parameter[5] = -2.46956
mdfil_info:  10.0%   19 sec CPU:  11.1%
mdfil_info:  20.0%   26 sec CPU:  15.5%
mdfil_info:  30.0%   32 sec CPU:  18.5%
mdfil_info:  40.0%   38 sec CPU:  20.1%
mdfil_info:  50.0%   44 sec CPU:  21.7%
mdfil_info:  60.0%   52 sec CPU:  22.1%
mdfil_info:  70.0%   60 sec CPU:  22.6%
mdfil_info:  80.0%   66 sec CPU:  23.3%
mdfil_info:  90.0%   72 sec CPU:  23.7%
mdfil_info: 100.0%   78 sec CPU:  24.1%
mdfil_info: 100.0%   78 sec CPU:  24.1%
42778
AMSCommonsI-I-HardwareIdentifiedAs Linux 3.10.0-957.10.1.el7.x86_64 x86_64 2
AMSCommonsI-I-Identified as LittleEndian 64 bit machine. 4294967295
AMSCommonsI-I-amsdatabase /cvmfs/ams.cern.ch/Offline/AMSDataDir/DataBase/
AMSCommonsI-I-MipsFromCPUInfo: 2194.92
AMSCommonsI-I-SystemIdentified as  Intel(R) Xeon(R) CPU E5-2630 v4 @ 2.20GHz
AMSCommonsI-I-ComputerEvaluatedAsMips 3511
AMS Software version v5.02/1220/12 built Fri Apr 19 23:54:38 2019

Geant4  Version 1033
Run ID: 528 Bartel: 11
Input Destination: /eos/ams/user/s/selu/mdst/He314/mdst_120929931.root
Output Destination: /afs/cern.ch/work/c/ctuysuz/private/he_flux/LSF/result_mc_time/time_11/he_flux_11_528.root
Add hist00 from /eos/ams/user/s/selu/mdst/He314/mdst_120929931.root
Start of Init
Use new binning
Start of Eventloop
Ntr, Nent= 1 110806
IsMC= 1
Parameter[0] = -2.62211
Parameter[1] = -3.02015
Parameter[2] = -3.60112
Parameter[3] = -5.50361
Parameter[4] = 0.101851
Parameter[5] = -2.22239
mdfil_info:  10.0%    6 sec CPU:  10.4%
mdfil_info:  20.0%   11 sec CPU:  10.7%
mdfil_info:  30.0%   16 sec CPU:  11.3%
mdfil_info:  40.0%   18 sec CPU:  13.7%
mdfil_info:  50.0%   19 sec CPU:  15.6%
mdfil_info:  60.0%   21 sec CPU:  17.1%
mdfil_info:  70.0%   22 sec CPU:  18.2%
mdfil_info:  80.0%   24 sec CPU:  19.1%
mdfil_info:  90.0%   26 sec CPU:  20.2%
mdfil_info: 100.0%   27 sec CPU:  21.0%
mdfil_info: 100.0%   27 sec CPU:  21.0%
