WARN: the 'eosmount' alias is deprecated, please use /eos directly
License ports: 28518@lxlicen01.cern.ch,28518@lxlicen02.cern.ch,28518@lxlicen03.cern.ch:/cvmfs/projects.cern.ch/intelsw/psxe/linux/licenses
Intel(R) Parallel Studio XE 2018 Update 2 for Linux*
Copyright (C) 2009-2018 Intel Corporation. All rights reserved.
7040
AMSCommonsI-I-HardwareIdentifiedAs Linux 3.10.0-957.12.2.el7.x86_64 x86_64 2
AMSCommonsI-I-Identified as LittleEndian 64 bit machine. 4294967295
AMSCommonsI-I-amsdatabase /cvmfs/ams.cern.ch/Offline/AMSDataDir/DataBase/
AMSCommonsI-I-MipsFromCPUInfo: 2194.92
AMSCommonsI-I-SystemIdentified as  Intel(R) Xeon(R) CPU E5-2650 v4 @ 2.20GHz
AMSCommonsI-I-ComputerEvaluatedAsMips 3511
AMS Software version v5.02/1220/12 built Fri Apr 19 23:54:38 2019

Geant4  Version 1033
Run ID: 86 Bartel: 75
Input Destination: /eos/ams/user/s/selu/mdst/He122/mdst_60441626.root
Output Destination: /afs/cern.ch/work/c/ctuysuz/private/he_flux/LSF/result_mc_time/time_75/he_flux_75_86.root
Add hist00 from /eos/ams/user/s/selu/mdst/He122/mdst_60441626.root
Start of Init
Use new binning
Start of Eventloop
Ntr, Nent= 1 442014
IsMC= 1
Parameter[0] = -2.49754
Parameter[1] = -2.96284
Parameter[2] = -3.58257
Parameter[3] = -5.52327
Parameter[4] = -0.0264443
Parameter[5] = -2.34842
mdfil_info:  10.0%   17 sec CPU:  12.1%
mdfil_info:  20.0%   23 sec CPU:  17.1%
mdfil_info:  30.0%   29 sec CPU:  19.9%
mdfil_info:  40.0%   35 sec CPU:  22.4%
mdfil_info:  50.0%   40 sec CPU:  23.7%
mdfil_info:  60.0%   46 sec CPU:  24.5%
mdfil_info:  70.0%   51 sec CPU:  25.0%
mdfil_info:  80.0%   57 sec CPU:  25.6%
mdfil_info:  90.0%   62 sec CPU:  25.8%
mdfil_info: 100.0%   67 sec CPU:  26.3%
mdfil_info: 100.0%   67 sec CPU:  26.3%
21755
AMSCommonsI-I-HardwareIdentifiedAs Linux 3.10.0-957.12.2.el7.x86_64 x86_64 2
AMSCommonsI-I-Identified as LittleEndian 64 bit machine. 4294967295
AMSCommonsI-I-amsdatabase /cvmfs/ams.cern.ch/Offline/AMSDataDir/DataBase/
AMSCommonsI-I-MipsFromCPUInfo: 2194.92
AMSCommonsI-I-SystemIdentified as  Intel(R) Xeon(R) CPU E5-2650 v4 @ 2.20GHz
AMSCommonsI-I-ComputerEvaluatedAsMips 3511
AMS Software version v5.02/1220/12 built Fri Apr 19 23:54:38 2019

Geant4  Version 1033
Run ID: 268 Bartel: 48
36470
AMSCommonsI-I-HardwareIdentifiedAs Linux 3.10.0-957.12.2.el7.x86_64 x86_64 2
AMSCommonsI-I-Identified as LittleEndian 64 bit machine. 4294967295
AMSCommonsI-I-amsdatabase /cvmfs/ams.cern.ch/Offline/AMSDataDir/DataBase/
AMSCommonsI-I-MipsFromCPUInfo: 2194.92
AMSCommonsI-I-SystemIdentified as  Intel(R) Xeon(R) CPU E5-2650 v4 @ 2.20GHz
AMSCommonsI-I-ComputerEvaluatedAsMips 3511
AMS Software version v5.02/1220/12 built Fri Apr 19 23:54:38 2019

Geant4  Version 1033
Run ID: 450 Bartel: 21
Input Destination: /eos/ams/user/s/selu/mdst/He314/mdst_120929850.root
Output Destination: /afs/cern.ch/work/c/ctuysuz/private/he_flux/LSF/result_mc_time/time_21/he_flux_21_450.root
Add hist00 from /eos/ams/user/s/selu/mdst/He314/mdst_120929850.root
Start of Init
Use new binning
Start of Eventloop
Ntr, Nent= 1 122620
IsMC= 1
Parameter[0] = -2.71679
Parameter[1] = -3.04446
Parameter[2] = -3.60361
Parameter[3] = -5.54759
Parameter[4] = 0.211822
Parameter[5] = -2.44359
mdfil_info:  10.0%    6 sec CPU:   9.1%
mdfil_info:  20.0%   12 sec CPU:   9.9%
mdfil_info:  30.0%   17 sec CPU:  10.5%
mdfil_info:  40.0%   19 sec CPU:  12.6%
mdfil_info:  50.0%   21 sec CPU:  14.5%
mdfil_info:  60.0%   22 sec CPU:  15.7%
mdfil_info:  70.0%   24 sec CPU:  17.1%
mdfil_info:  80.0%   25 sec CPU:  18.3%
mdfil_info:  90.0%   27 sec CPU:  19.2%
mdfil_info: 100.0%   29 sec CPU:  20.1%
