WARN: the 'eosmount' alias is deprecated, please use /eos directly
License ports: 28518@lxlicen01.cern.ch,28518@lxlicen02.cern.ch,28518@lxlicen03.cern.ch:/cvmfs/projects.cern.ch/intelsw/psxe/linux/licenses
Intel(R) Parallel Studio XE 2018 Update 2 for Linux*
Copyright (C) 2009-2018 Intel Corporation. All rights reserved.
14385
AMSCommonsI-I-HardwareIdentifiedAs Linux 3.10.0-957.5.1.el7.x86_64 x86_64 2
AMSCommonsI-I-Identified as LittleEndian 64 bit machine. 4294967295
AMSCommonsI-I-amsdatabase /cvmfs/ams.cern.ch/Offline/AMSDataDir/DataBase/
AMSCommonsI-I-MipsFromCPUInfo: 2300
AMSCommonsI-I-SystemIdentified as  AMD Opteron(TM) Processor 6276
AMSCommonsI-I-ComputerEvaluatedAsMips 2645
AMS Software version v5.02/1220/12 built Fri Apr 19 23:54:38 2019

Geant4  Version 1033
Run ID: 177 Bartel: 49
Input Destination: /eos/ams/user/s/selu/mdst/He122/mdst_60441717.root
Output Destination: /afs/cern.ch/work/c/ctuysuz/private/he_flux/LSF/result_mc_time/time_49/he_flux_49_177.root
Add hist00 from /eos/ams/user/s/selu/mdst/He122/mdst_60441717.root
Start of Init
Use new binning
Start of Eventloop
Ntr, Nent= 1 438840
IsMC= 1
Parameter[0] = -2.73128
Parameter[1] = -3.07003
Parameter[2] = -3.63758
Parameter[3] = -5.55781
Parameter[4] = 0.280142
Parameter[5] = -2.35464
mdfil_info:  10.0%   33 sec CPU:  12.9%
mdfil_info:  20.0%   50 sec CPU:  16.0%
mdfil_info:  30.0%   68 sec CPU:  17.5%
mdfil_info:  40.0%   87 sec CPU:  18.1%
mdfil_info:  50.0%  103 sec CPU:  19.1%
mdfil_info:  60.0%  124 sec CPU:  19.1%
mdfil_info:  70.0%  145 sec CPU:  19.0%
mdfil_info:  80.0%  169 sec CPU:  18.6%
mdfil_info:  90.0%  187 sec CPU:  18.9%
mdfil_info: 100.0%  200 sec CPU:  19.5%
29100
AMSCommonsI-I-HardwareIdentifiedAs Linux 3.10.0-957.5.1.el7.x86_64 x86_64 2
AMSCommonsI-I-Identified as LittleEndian 64 bit machine. 4294967295
AMSCommonsI-I-amsdatabase /cvmfs/ams.cern.ch/Offline/AMSDataDir/DataBase/
AMSCommonsI-I-MipsFromCPUInfo: 2300
AMSCommonsI-I-SystemIdentified as  AMD Opteron(TM) Processor 6276
AMSCommonsI-I-ComputerEvaluatedAsMips 2645
AMS Software version v5.02/1220/12 built Fri Apr 19 23:54:38 2019

Geant4  Version 1033
Run ID: 359 Bartel: 22
Input Destination: /eos/ams/user/s/selu/mdst/He122/mdst_60442247.root
Output Destination: /afs/cern.ch/work/c/ctuysuz/private/he_flux/LSF/result_mc_time/time_22/he_flux_22_359.root
Add hist00 from /eos/ams/user/s/selu/mdst/He122/mdst_60442247.root
Start of Init
Use new binning
Start of Eventloop
Ntr, Nent= 1 438356
IsMC= 1
Parameter[0] = -2.70854
Parameter[1] = -3.0386
Parameter[2] = -3.60827
Parameter[3] = -5.53986
Parameter[4] = 0.260502
Parameter[5] = -2.32334
mdfil_info:  10.0%   36 sec CPU:  11.7%
mdfil_info:  20.0%   54 sec CPU:  15.2%
mdfil_info:  30.0%   75 sec CPU:  16.2%
mdfil_info:  40.0%   95 sec CPU:  16.7%
mdfil_info:  50.0%  115 sec CPU:  17.2%
mdfil_info:  60.0%  136 sec CPU:  17.5%
mdfil_info:  70.0%  153 sec CPU:  18.1%
mdfil_info:  80.0%  172 sec CPU:  18.4%
mdfil_info:  90.0%  194 sec CPU:  18.3%
mdfil_info: 100.0%  213 sec CPU:  18.4%
mdfil_info: 100.0%  213 sec CPU:  18.4%
43815
AMSCommonsI-I-HardwareIdentifiedAs Linux 3.10.0-957.5.1.el7.x86_64 x86_64 2
AMSCommonsI-I-Identified as LittleEndian 64 bit machine. 4294967295
AMSCommonsI-I-amsdatabase /cvmfs/ams.cern.ch/Offline/AMSDataDir/DataBase/
AMSCommonsI-I-MipsFromCPUInfo: 2300
AMSCommonsI-I-SystemIdentified as  AMD Opteron(TM) Processor 6276
AMSCommonsI-I-ComputerEvaluatedAsMips 2645
AMS Software version v5.02/1220/12 built Fri Apr 19 23:54:38 2019

Geant4  Version 1033
Run ID: 540 Bartel: 76
Input Destination: /eos/ams/user/s/selu/mdst/He314/mdst_120929945.root
Output Destination: /afs/cern.ch/work/c/ctuysuz/private/he_flux/LSF/result_mc_time/time_76/he_flux_76_540.root
Add hist00 from /eos/ams/user/s/selu/mdst/He314/mdst_120929945.root
Start of Init
Use new binning
Start of Eventloop
Ntr, Nent= 1 122554
IsMC= 1
Parameter[0] = -2.48624
Parameter[1] = -2.95496
Parameter[2] = -3.57221
Parameter[3] = -5.5192
Parameter[4] = 0.00191236
Parameter[5] = -2.34472
mdfil_info:  10.0%   10 sec CPU:  12.5%
mdfil_info:  20.0%   20 sec CPU:  11.9%
mdfil_info:  30.0%   28 sec CPU:  12.8%
mdfil_info:  40.0%   33 sec CPU:  14.3%
mdfil_info:  50.0%   37 sec CPU:  15.6%
mdfil_info:  60.0%   48 sec CPU:  14.4%
mdfil_info:  70.0%   56 sec CPU:  14.1%
mdfil_info:  80.0%   62 sec CPU:  14.7%
mdfil_info:  90.0%   65 sec CPU:  15.6%
mdfil_info: 100.0%   72 sec CPU:  15.7%
mdfil_info: 100.0%   72 sec CPU:  15.7%
