WARN: the 'eosmount' alias is deprecated, please use /eos directly
License ports: 28518@lxlicen01.cern.ch,28518@lxlicen02.cern.ch,28518@lxlicen03.cern.ch:/cvmfs/projects.cern.ch/intelsw/psxe/linux/licenses
Intel(R) Parallel Studio XE 2018 Update 2 for Linux*
Copyright (C) 2009-2018 Intel Corporation. All rights reserved.
5162
AMSCommonsI-I-HardwareIdentifiedAs Linux 3.10.0-957.10.1.el7.x86_64 x86_64 2
AMSCommonsI-I-Identified as LittleEndian 64 bit machine. 4294967295
AMSCommonsI-I-amsdatabase /cvmfs/ams.cern.ch/Offline/AMSDataDir/DataBase/
AMSCommonsI-I-MipsFromCPUInfo: 2195.1
AMSCommonsI-I-SystemIdentified as  Intel(R) Xeon(R) CPU E5-2630 v4 @ 2.20GHz
AMSCommonsI-I-ComputerEvaluatedAsMips 3512
AMS Software version v5.02/1220/12 built Fri Apr 19 23:54:38 2019

Geant4  Version 1033
Run ID: 63 Bartel: 60
Input Destination: /eos/ams/user/s/selu/mdst/He122/mdst_60441602.root
Output Destination: /afs/cern.ch/work/c/ctuysuz/private/he_flux/LSF/result_mc_time/time_60/he_flux_60_63.root
Add hist00 from /eos/ams/user/s/selu/mdst/He122/mdst_60441602.root
Start of Init
Use new binning
Start of Eventloop
Ntr, Nent= 1 438737
IsMC= 1
Parameter[0] = -2.68018
Parameter[1] = -3.02446
Parameter[2] = -3.60716
Parameter[3] = -5.58914
Parameter[4] = 0.411118
Parameter[5] = -2.63403
mdfil_info:  10.0%    2 sec CPU:  73.5%
mdfil_info:  20.0%    5 sec CPU:  75.3%
mdfil_info:  30.0%    7 sec CPU:  74.7%
mdfil_info:  40.0%    9 sec CPU:  76.5%
mdfil_info:  50.0%   12 sec CPU:  77.1%
mdfil_info:  60.0%   14 sec CPU:  77.7%
mdfil_info:  70.0%   16 sec CPU:  77.7%
mdfil_info:  80.0%   18 sec CPU:  77.7%
mdfil_info:  90.0%   21 sec CPU:  78.3%
mdfil_info: 100.0%   23 sec CPU:  78.7%
mdfil_info: 100.0%   23 sec CPU:  78.7%
19877
AMSCommonsI-I-HardwareIdentifiedAs Linux 3.10.0-957.10.1.el7.x86_64 x86_64 2
AMSCommonsI-I-Identified as LittleEndian 64 bit machine. 4294967295
AMSCommonsI-I-amsdatabase /cvmfs/ams.cern.ch/Offline/AMSDataDir/DataBase/
AMSCommonsI-I-MipsFromCPUInfo: 2195.1
AMSCommonsI-I-SystemIdentified as  Intel(R) Xeon(R) CPU E5-2630 v4 @ 2.20GHz
AMSCommonsI-I-ComputerEvaluatedAsMips 3512
AMS Software version v5.02/1220/12 built Fri Apr 19 23:54:38 2019

Geant4  Version 1033
Run ID: 245 Bartel: 33
Input Destination: /eos/ams/user/s/selu/mdst/He122/mdst_60441785.root
Output Destination: /afs/cern.ch/work/c/ctuysuz/private/he_flux/LSF/result_mc_time/time_33/he_flux_33_245.root
Add hist00 from /eos/ams/user/s/selu/mdst/He122/mdst_60441785.root
Start of Init
Use new binning
Start of Eventloop
Ntr, Nent= 1 442756
IsMC= 1
Parameter[0] = -2.77717
Parameter[1] = -3.0473
Parameter[2] = -3.60062
Parameter[3] = -5.54545
Parameter[4] = 0.481599
Parameter[5] = -2.38362
mdfil_info:  10.0%   19 sec CPU:  12.0%
mdfil_info:  20.0%   26 sec CPU:  16.5%
mdfil_info:  30.0%   33 sec CPU:  19.3%
mdfil_info:  40.0%   40 sec CPU:  21.0%
mdfil_info:  50.0%   46 sec CPU:  22.4%
mdfil_info:  60.0%   53 sec CPU:  23.0%
mdfil_info:  70.0%   60 sec CPU:  23.6%
mdfil_info:  80.0%   66 sec CPU:  24.2%
mdfil_info:  90.0%   73 sec CPU:  24.8%
mdfil_info: 100.0%   79 sec CPU:  25.2%
mdfil_info: 100.0%   79 sec CPU:  25.2%
34592
AMSCommonsI-I-HardwareIdentifiedAs Linux 3.10.0-957.10.1.el7.x86_64 x86_64 2
AMSCommonsI-I-Identified as LittleEndian 64 bit machine. 4294967295
AMSCommonsI-I-amsdatabase /cvmfs/ams.cern.ch/Offline/AMSDataDir/DataBase/
AMSCommonsI-I-MipsFromCPUInfo: 2195.1
AMSCommonsI-I-SystemIdentified as  Intel(R) Xeon(R) CPU E5-2630 v4 @ 2.20GHz
AMSCommonsI-I-ComputerEvaluatedAsMips 3512
AMS Software version v5.02/1220/12 built Fri Apr 19 23:54:38 2019

Geant4  Version 1033
Run ID: 427 Bartel: 6
Input Destination: /eos/ams/user/s/selu/mdst/He122/mdst_60442315.root
Output Destination: /afs/cern.ch/work/c/ctuysuz/private/he_flux/LSF/result_mc_time/time_6/he_flux_6_427.root
Add hist00 from /eos/ams/user/s/selu/mdst/He122/mdst_60442315.root
Start of Init
Use new binning
Start of Eventloop
Ntr, Nent= 1 433039
IsMC= 1
Parameter[0] = -2.65952
Parameter[1] = -3.04006
Parameter[2] = -3.62379
Parameter[3] = -5.53311
Parameter[4] = 0.0821767
Parameter[5] = -2.36872
mdfil_info:  10.0%   18 sec CPU:  11.5%
mdfil_info:  20.0%   24 sec CPU:  15.9%
mdfil_info:  30.0%   34 sec CPU:  16.7%
mdfil_info:  40.0%   44 sec CPU:  17.6%
mdfil_info:  50.0%   52 sec CPU:  18.9%
mdfil_info:  60.0%   58 sec CPU:  20.3%
mdfil_info:  70.0%   65 sec CPU:  21.3%
mdfil_info:  80.0%   71 sec CPU:  22.0%
mdfil_info:  90.0%   79 sec CPU:  22.2%
mdfil_info: 100.0%   86 sec CPU:  22.5%
mdfil_info: 100.0%   86 sec CPU:  22.5%
