WARN: the 'eosmount' alias is deprecated, please use /eos directly
License ports: 28518@lxlicen01.cern.ch,28518@lxlicen02.cern.ch,28518@lxlicen03.cern.ch:/cvmfs/projects.cern.ch/intelsw/psxe/linux/licenses
Intel(R) Parallel Studio XE 2018 Update 2 for Linux*
Copyright (C) 2009-2018 Intel Corporation. All rights reserved.
12972
AMSCommonsI-I-HardwareIdentifiedAs Linux 3.10.0-957.10.1.el7.x86_64 x86_64 2
AMSCommonsI-I-Identified as LittleEndian 64 bit machine. 4294967295
AMSCommonsI-I-amsdatabase /cvmfs/ams.cern.ch/Offline/AMSDataDir/DataBase/
AMSCommonsI-I-MipsFromCPUInfo: 2194.92
AMSCommonsI-I-SystemIdentified as  Intel(R) Xeon(R) CPU E5-2630 v4 @ 2.20GHz
AMSCommonsI-I-ComputerEvaluatedAsMips 3511
AMS Software version v5.02/1220/12 built Fri Apr 19 23:54:38 2019

Geant4  Version 1033
Run ID: 160 Bartel: 13
Input Destination: /eos/ams/user/s/selu/mdst/He122/mdst_60441700.root
Output Destination: /afs/cern.ch/work/c/ctuysuz/private/he_flux/LSF/result_mc_time/time_13/he_flux_13_160.root
Add hist00 from /eos/ams/user/s/selu/mdst/He122/mdst_60441700.root
Start of Init
Use new binning
Start of Eventloop
Ntr, Nent= 1 442470
IsMC= 1
Parameter[0] = -2.65893
Parameter[1] = -3.01855
Parameter[2] = -3.59704
Parameter[3] = -5.53516
Parameter[4] = 0.293906
Parameter[5] = -2.25131
mdfil_info:  10.0%    2 sec CPU:  99.5%
mdfil_info:  20.0%    3 sec CPU:  99.9%
mdfil_info:  30.0%    5 sec CPU: 100.1%
mdfil_info:  40.0%    6 sec CPU:  99.9%
mdfil_info:  50.0%    8 sec CPU:  98.7%
mdfil_info:  60.0%   10 sec CPU:  96.8%
mdfil_info:  70.0%   12 sec CPU:  94.1%
mdfil_info:  80.0%   14 sec CPU:  91.8%
mdfil_info:  90.0%   16 sec CPU:  91.4%
mdfil_info: 100.0%   18 sec CPU:  91.1%
27687
AMSCommonsI-I-HardwareIdentifiedAs Linux 3.10.0-957.10.1.el7.x86_64 x86_64 2
AMSCommonsI-I-Identified as LittleEndian 64 bit machine. 4294967295
AMSCommonsI-I-amsdatabase /cvmfs/ams.cern.ch/Offline/AMSDataDir/DataBase/
AMSCommonsI-I-MipsFromCPUInfo: 2194.92
AMSCommonsI-I-SystemIdentified as  Intel(R) Xeon(R) CPU E5-2630 v4 @ 2.20GHz
AMSCommonsI-I-ComputerEvaluatedAsMips 3511
AMS Software version v5.02/1220/12 built Fri Apr 19 23:54:38 2019

Geant4  Version 1033
Run ID: 341 Bartel: 67
Input Destination: /eos/ams/user/s/selu/mdst/He122/mdst_60441881.root
Output Destination: /afs/cern.ch/work/c/ctuysuz/private/he_flux/LSF/result_mc_time/time_67/he_flux_67_341.root
Add hist00 from /eos/ams/user/s/selu/mdst/He122/mdst_60441881.root
Start of Init
Use new binning
Start of Eventloop
Ntr, Nent= 1 439004
IsMC= 1
Parameter[0] = -2.58662
Parameter[1] = -2.98984
Parameter[2] = -3.59559
Parameter[3] = -5.5153
Parameter[4] = 0.161079
Parameter[5] = -2.33345
mdfil_info:  10.0%    7 sec CPU:  30.2%
mdfil_info:  20.0%   16 sec CPU:  24.1%
mdfil_info:  30.0%   23 sec CPU:  24.5%
mdfil_info:  40.0%   31 sec CPU:  24.3%
mdfil_info:  50.0%   36 sec CPU:  26.3%
mdfil_info:  60.0%   42 sec CPU:  26.5%
mdfil_info:  70.0%   47 sec CPU:  27.6%
mdfil_info:  80.0%   52 sec CPU:  28.7%
mdfil_info:  90.0%   58 sec CPU:  28.8%
mdfil_info: 100.0%   61 sec CPU:  29.8%
mdfil_info: 100.0%   61 sec CPU:  29.8%
42402
AMSCommonsI-I-HardwareIdentifiedAs Linux 3.10.0-957.10.1.el7.x86_64 x86_64 2
AMSCommonsI-I-Identified as LittleEndian 64 bit machine. 4294967295
AMSCommonsI-I-amsdatabase /cvmfs/ams.cern.ch/Offline/AMSDataDir/DataBase/
AMSCommonsI-I-MipsFromCPUInfo: 2194.92
AMSCommonsI-I-SystemIdentified as  Intel(R) Xeon(R) CPU E5-2630 v4 @ 2.20GHz
AMSCommonsI-I-ComputerEvaluatedAsMips 3511
AMS Software version v5.02/1220/12 built Fri Apr 19 23:54:38 2019

Geant4  Version 1033
Run ID: 523 Bartel: 40
Input Destination: /eos/ams/user/s/selu/mdst/He314/mdst_120929924.root
Output Destination: /afs/cern.ch/work/c/ctuysuz/private/he_flux/LSF/result_mc_time/time_40/he_flux_40_523.root
Add hist00 from /eos/ams/user/s/selu/mdst/He314/mdst_120929924.root
Start of Init
Use new binning
Start of Eventloop
Ntr, Nent= 1 109997
IsMC= 1
Parameter[0] = -2.8011
Parameter[1] = -3.07357
Parameter[2] = -3.62055
Parameter[3] = -5.55933
Parameter[4] = 0.549697
Parameter[5] = -2.37552
mdfil_info:  10.0%    1 sec CPU:  80.0%
mdfil_info:  20.0%    1 sec CPU:  78.9%
mdfil_info:  30.0%    2 sec CPU:  76.8%
mdfil_info:  40.0%    2 sec CPU:  79.5%
mdfil_info:  50.0%    3 sec CPU:  82.0%
mdfil_info:  60.0%    3 sec CPU:  83.5%
mdfil_info:  70.0%    4 sec CPU:  84.8%
mdfil_info:  80.0%    4 sec CPU:  86.2%
mdfil_info:  90.0%    5 sec CPU:  87.5%
mdfil_info: 100.0%    5 sec CPU:  88.6%
mdfil_info: 100.0%    5 sec CPU:  88.6%
