WARN: the 'eosmount' alias is deprecated, please use /eos directly
License ports: 28518@lxlicen01.cern.ch,28518@lxlicen02.cern.ch,28518@lxlicen03.cern.ch:/cvmfs/projects.cern.ch/intelsw/psxe/linux/licenses
Intel(R) Parallel Studio XE 2018 Update 2 for Linux*
Copyright (C) 2009-2018 Intel Corporation. All rights reserved.
13154
AMSCommonsI-I-HardwareIdentifiedAs Linux 3.10.0-957.10.1.el7.x86_64 x86_64 2
AMSCommonsI-I-Identified as LittleEndian 64 bit machine. 4294967295
AMSCommonsI-I-amsdatabase /cvmfs/ams.cern.ch/Offline/AMSDataDir/DataBase/
AMSCommonsI-I-MipsFromCPUInfo: 2194.92
AMSCommonsI-I-SystemIdentified as  Intel(R) Xeon(R) CPU E5-2630 v4 @ 2.20GHz
AMSCommonsI-I-ComputerEvaluatedAsMips 3511
AMS Software version v5.02/1220/12 built Fri Apr 19 23:54:38 2019

Geant4  Version 1033
Run ID: 162 Bartel: 33
Input Destination: /eos/ams/user/s/selu/mdst/He122/mdst_60441702.root
Output Destination: /afs/cern.ch/work/c/ctuysuz/private/he_flux/LSF/result_mc_time/time_33/he_flux_33_162.root
Add hist00 from /eos/ams/user/s/selu/mdst/He122/mdst_60441702.root
Start of Init
Use new binning
Start of Eventloop
Ntr, Nent= 1 444279
IsMC= 1
Parameter[0] = -2.77717
Parameter[1] = -3.0473
Parameter[2] = -3.60062
Parameter[3] = -5.54545
Parameter[4] = 0.481599
Parameter[5] = -2.38362
mdfil_info:  10.0%    3 sec CPU:  77.3%
mdfil_info:  20.0%    5 sec CPU:  82.2%
mdfil_info:  30.0%    7 sec CPU:  84.4%
mdfil_info:  40.0%   10 sec CPU:  85.6%
mdfil_info:  50.0%   12 sec CPU:  86.1%
mdfil_info:  60.0%   14 sec CPU:  86.4%
mdfil_info:  70.0%   16 sec CPU:  86.7%
mdfil_info:  80.0%   19 sec CPU:  86.8%
mdfil_info:  90.0%   21 sec CPU:  87.2%
mdfil_info: 100.0%   23 sec CPU:  87.3%
mdfil_info: 100.0%   23 sec CPU:  87.3%
27869
AMSCommonsI-I-HardwareIdentifiedAs Linux 3.10.0-957.10.1.el7.x86_64 x86_64 2
AMSCommonsI-I-Identified as LittleEndian 64 bit machine. 4294967295
AMSCommonsI-I-amsdatabase /cvmfs/ams.cern.ch/Offline/AMSDataDir/DataBase/
AMSCommonsI-I-MipsFromCPUInfo: 2194.92
AMSCommonsI-I-SystemIdentified as  Intel(R) Xeon(R) CPU E5-2630 v4 @ 2.20GHz
AMSCommonsI-I-ComputerEvaluatedAsMips 3511
AMS Software version v5.02/1220/12 built Fri Apr 19 23:54:38 2019

Geant4  Version 1033
Run ID: 344 Bartel: 6
Input Destination: /eos/ams/user/s/selu/mdst/He122/mdst_60441884.root
Output Destination: /afs/cern.ch/work/c/ctuysuz/private/he_flux/LSF/result_mc_time/time_6/he_flux_6_344.root
Add hist00 from /eos/ams/user/s/selu/mdst/He122/mdst_60441884.root
Start of Init
Use new binning
Start of Eventloop
Ntr, Nent= 1 438365
IsMC= 1
Parameter[0] = -2.65952
Parameter[1] = -3.04006
Parameter[2] = -3.62379
Parameter[3] = -5.53311
Parameter[4] = 0.0821767
Parameter[5] = -2.36872
mdfil_info:  10.0%   17 sec CPU:  14.1%
mdfil_info:  20.0%   24 sec CPU:  18.2%
mdfil_info:  30.0%   34 sec CPU:  19.0%
mdfil_info:  40.0%   42 sec CPU:  20.6%
mdfil_info:  50.0%   47 sec CPU:  22.7%
mdfil_info:  60.0%   53 sec CPU:  24.0%
mdfil_info:  70.0%   61 sec CPU:  24.2%
mdfil_info:  80.0%   69 sec CPU:  24.5%
mdfil_info:  90.0%   82 sec CPU:  23.3%
mdfil_info: 100.0%   89 sec CPU:  23.6%
mdfil_info: 100.0%   89 sec CPU:  23.6%
42584
AMSCommonsI-I-HardwareIdentifiedAs Linux 3.10.0-957.10.1.el7.x86_64 x86_64 2
AMSCommonsI-I-Identified as LittleEndian 64 bit machine. 4294967295
AMSCommonsI-I-amsdatabase /cvmfs/ams.cern.ch/Offline/AMSDataDir/DataBase/
AMSCommonsI-I-MipsFromCPUInfo: 2194.92
AMSCommonsI-I-SystemIdentified as  Intel(R) Xeon(R) CPU E5-2630 v4 @ 2.20GHz
AMSCommonsI-I-ComputerEvaluatedAsMips 3511
AMS Software version v5.02/1220/12 built Fri Apr 19 23:54:38 2019

Geant4  Version 1033
Run ID: 525 Bartel: 60
Input Destination: /eos/ams/user/s/selu/mdst/He314/mdst_120929927.root
Output Destination: /afs/cern.ch/work/c/ctuysuz/private/he_flux/LSF/result_mc_time/time_60/he_flux_60_525.root
Add hist00 from /eos/ams/user/s/selu/mdst/He314/mdst_120929927.root
Start of Init
Use new binning
Start of Eventloop
Ntr, Nent= 1 110562
IsMC= 1
Parameter[0] = -2.68018
Parameter[1] = -3.02446
Parameter[2] = -3.60716
Parameter[3] = -5.58914
Parameter[4] = 0.411118
Parameter[5] = -2.63403
mdfil_info:  10.0%    1 sec CPU:  70.8%
mdfil_info:  20.0%    2 sec CPU:  71.3%
mdfil_info:  30.0%    2 sec CPU:  69.6%
mdfil_info:  40.0%    3 sec CPU:  73.1%
mdfil_info:  50.0%    4 sec CPU:  75.8%
mdfil_info:  60.0%    4 sec CPU:  77.2%
mdfil_info:  70.0%    5 sec CPU:  78.4%
mdfil_info:  80.0%    5 sec CPU:  79.3%
mdfil_info:  90.0%    6 sec CPU:  80.2%
mdfil_info: 100.0%    6 sec CPU:  81.0%
mdfil_info: 100.0%    6 sec CPU:  81.0%
