WARN: the 'eosmount' alias is deprecated, please use /eos directly
License ports: 28518@lxlicen01.cern.ch,28518@lxlicen02.cern.ch,28518@lxlicen03.cern.ch:/cvmfs/projects.cern.ch/intelsw/psxe/linux/licenses
Intel(R) Parallel Studio XE 2018 Update 2 for Linux*
Copyright (C) 2009-2018 Intel Corporation. All rights reserved.
5401
AMSCommonsI-I-HardwareIdentifiedAs Linux 3.10.0-957.12.1.el7.x86_64 x86_64 2
AMSCommonsI-I-Identified as LittleEndian 64 bit machine. 4294967295
AMSCommonsI-I-amsdatabase /cvmfs/ams.cern.ch/Offline/AMSDataDir/DataBase/
AMSCommonsI-I-MipsFromCPUInfo: 2194.92
AMSCommonsI-I-SystemIdentified as  Intel(R) Xeon(R) CPU E5-2630 v4 @ 2.20GHz
AMSCommonsI-I-ComputerEvaluatedAsMips 3511
AMS Software version v5.02/1220/12 built Fri Apr 19 23:54:38 2019

Geant4  Version 1033
Run ID: 66 Bartel: 56
Input Destination: /eos/ams/user/s/selu/mdst/He122/mdst_60441605.root
Output Destination: /afs/cern.ch/work/c/ctuysuz/private/he_flux/LSF/result_mc_time/time_56/he_flux_56_66.root
Add hist00 from /eos/ams/user/s/selu/mdst/He122/mdst_60441605.root
Start of Init
Use new binning
Start of Eventloop
Ntr, Nent= 1 440915
IsMC= 1
Parameter[0] = -2.72531
Parameter[1] = -3.04724
Parameter[2] = -3.61961
Parameter[3] = -5.54865
Parameter[4] = 0.293124
Parameter[5] = -2.44228
mdfil_info:  10.0%   17 sec CPU:  11.7%
mdfil_info:  20.0%   23 sec CPU:  16.0%
mdfil_info:  30.0%   29 sec CPU:  19.0%
mdfil_info:  40.0%   34 sec CPU:  20.8%
mdfil_info:  50.0%   41 sec CPU:  21.8%
mdfil_info:  60.0%   47 sec CPU:  22.7%
mdfil_info:  70.0%   53 sec CPU:  23.2%
mdfil_info:  80.0%   59 sec CPU:  23.8%
mdfil_info:  90.0%   65 sec CPU:  24.2%
mdfil_info: 100.0%   71 sec CPU:  24.5%
mdfil_info: 100.0%   71 sec CPU:  24.5%
20116
AMSCommonsI-I-HardwareIdentifiedAs Linux 3.10.0-957.12.1.el7.x86_64 x86_64 2
AMSCommonsI-I-Identified as LittleEndian 64 bit machine. 4294967295
AMSCommonsI-I-amsdatabase /cvmfs/ams.cern.ch/Offline/AMSDataDir/DataBase/
AMSCommonsI-I-MipsFromCPUInfo: 2194.92
AMSCommonsI-I-SystemIdentified as  Intel(R) Xeon(R) CPU E5-2630 v4 @ 2.20GHz
AMSCommonsI-I-ComputerEvaluatedAsMips 3511
AMS Software version v5.02/1220/12 built Fri Apr 19 23:54:38 2019

Geant4  Version 1033
Run ID: 248 Bartel: 29
Input Destination: /eos/ams/user/s/selu/mdst/He122/mdst_60441788.root
Output Destination: /afs/cern.ch/work/c/ctuysuz/private/he_flux/LSF/result_mc_time/time_29/he_flux_29_248.root
Add hist00 from /eos/ams/user/s/selu/mdst/He122/mdst_60441788.root
Start of Init
Use new binning
Start of Eventloop
Ntr, Nent= 1 425237
IsMC= 1
Parameter[0] = -2.79936
Parameter[1] = -3.07658
Parameter[2] = -3.62788
Parameter[3] = -5.57562
Parameter[4] = 0.497287
Parameter[5] = -2.44847
mdfil_info:  10.0%    5 sec CPU:  33.8%
mdfil_info:  20.0%    9 sec CPU:  35.4%
mdfil_info:  30.0%   27 sec CPU:  18.6%
mdfil_info:  40.0%   32 sec CPU:  20.3%
mdfil_info:  50.0%   36 sec CPU:  22.5%
mdfil_info:  60.0%   40 sec CPU:  24.6%
mdfil_info:  70.0%   43 sec CPU:  26.6%
mdfil_info:  80.0%   47 sec CPU:  27.5%
mdfil_info:  90.0%   50 sec CPU:  29.0%
mdfil_info: 100.0%   55 sec CPU:  29.2%
mdfil_info: 100.0%   55 sec CPU:  29.2%
34831
AMSCommonsI-I-HardwareIdentifiedAs Linux 3.10.0-957.12.1.el7.x86_64 x86_64 2
AMSCommonsI-I-Identified as LittleEndian 64 bit machine. 4294967295
AMSCommonsI-I-amsdatabase /cvmfs/ams.cern.ch/Offline/AMSDataDir/DataBase/
AMSCommonsI-I-MipsFromCPUInfo: 2194.92
AMSCommonsI-I-SystemIdentified as  Intel(R) Xeon(R) CPU E5-2630 v4 @ 2.20GHz
AMSCommonsI-I-ComputerEvaluatedAsMips 3511
AMS Software version v5.02/1220/12 built Fri Apr 19 23:54:38 2019

Geant4  Version 1033
Run ID: 430 Bartel: 2
Input Destination: /eos/ams/user/s/selu/mdst/He122/mdst_60442318.root
Output Destination: /afs/cern.ch/work/c/ctuysuz/private/he_flux/LSF/result_mc_time/time_2/he_flux_2_430.root
Add hist00 from /eos/ams/user/s/selu/mdst/He122/mdst_60442318.root
Start of Init
Use new binning
Start of Eventloop
Ntr, Nent= 1 431049
IsMC= 1
Parameter[0] = -2.61736
Parameter[1] = -2.93157
Parameter[2] = -3.51989
Parameter[3] = -5.49278
Parameter[4] = 0.444434
Parameter[5] = -2.60596
mdfil_info:  10.0%    3 sec CPU:  74.6%
mdfil_info:  20.0%    4 sec CPU:  81.5%
mdfil_info:  30.0%    6 sec CPU:  84.4%
mdfil_info:  40.0%    8 sec CPU:  81.8%
mdfil_info:  50.0%   10 sec CPU:  83.6%
mdfil_info:  60.0%   12 sec CPU:  84.9%
mdfil_info:  70.0%   13 sec CPU:  85.8%
mdfil_info:  80.0%   15 sec CPU:  86.6%
mdfil_info:  90.0%   17 sec CPU:  87.0%
mdfil_info: 100.0%   19 sec CPU:  87.5%
mdfil_info: 100.0%   19 sec CPU:  87.5%
