WARN: the 'eosmount' alias is deprecated, please use /eos directly
License ports: 28518@lxlicen01.cern.ch,28518@lxlicen02.cern.ch,28518@lxlicen03.cern.ch:/cvmfs/projects.cern.ch/intelsw/psxe/linux/licenses
Intel(R) Parallel Studio XE 2018 Update 2 for Linux*
Copyright (C) 2009-2018 Intel Corporation. All rights reserved.
7813
AMSCommonsI-I-HardwareIdentifiedAs Linux 3.10.0-957.10.1.el7.x86_64 x86_64 2
AMSCommonsI-I-Identified as LittleEndian 64 bit machine. 4294967295
AMSCommonsI-I-amsdatabase /cvmfs/ams.cern.ch/Offline/AMSDataDir/DataBase/
AMSCommonsI-I-MipsFromCPUInfo: 2194.92
AMSCommonsI-I-SystemIdentified as  Intel(R) Xeon(R) CPU E5-2630 v4 @ 2.20GHz
AMSCommonsI-I-ComputerEvaluatedAsMips 3511
AMS Software version v5.02/1220/12 built Fri Apr 19 23:54:38 2019

Geant4  Version 1033
Run ID: 96 Bartel: 38
Input Destination: /eos/ams/user/s/selu/mdst/He122/mdst_60441636.root
Output Destination: /afs/cern.ch/work/c/ctuysuz/private/he_flux/LSF/result_mc_time/time_38/he_flux_38_96.root
Add hist00 from /eos/ams/user/s/selu/mdst/He122/mdst_60441636.root
Start of Init
Use new binning
Start of Eventloop
Ntr, Nent= 1 429566
IsMC= 1
Parameter[0] = -2.81232
Parameter[1] = -3.08566
Parameter[2] = -3.62933
Parameter[3] = -5.55815
Parameter[4] = 0.386285
Parameter[5] = -2.46956
mdfil_info:  10.0%    4 sec CPU:  60.8%
mdfil_info:  20.0%    7 sec CPU:  62.5%
mdfil_info:  30.0%   10 sec CPU:  64.7%
mdfil_info:  40.0%   14 sec CPU:  63.3%
mdfil_info:  50.0%   17 sec CPU:  63.2%
mdfil_info:  60.0%   21 sec CPU:  62.2%
mdfil_info:  70.0%   25 sec CPU:  59.6%
mdfil_info:  80.0%   29 sec CPU:  58.2%
mdfil_info:  90.0%   33 sec CPU:  58.4%
mdfil_info: 100.0%   37 sec CPU:  58.2%
mdfil_info: 100.0%   37 sec CPU:  58.2%
22528
AMSCommonsI-I-HardwareIdentifiedAs Linux 3.10.0-957.10.1.el7.x86_64 x86_64 2
AMSCommonsI-I-Identified as LittleEndian 64 bit machine. 4294967295
AMSCommonsI-I-amsdatabase /cvmfs/ams.cern.ch/Offline/AMSDataDir/DataBase/
AMSCommonsI-I-MipsFromCPUInfo: 2194.92
AMSCommonsI-I-SystemIdentified as  Intel(R) Xeon(R) CPU E5-2630 v4 @ 2.20GHz
AMSCommonsI-I-ComputerEvaluatedAsMips 3511
AMS Software version v5.02/1220/12 built Fri Apr 19 23:54:38 2019

Geant4  Version 1033
Run ID: 278 Bartel: 11
Input Destination: /eos/ams/user/s/selu/mdst/He122/mdst_60441818.root
Output Destination: /afs/cern.ch/work/c/ctuysuz/private/he_flux/LSF/result_mc_time/time_11/he_flux_11_278.root
Add hist00 from /eos/ams/user/s/selu/mdst/He122/mdst_60441818.root
Start of Init
Use new binning
Start of Eventloop
Ntr, Nent= 1 439553
IsMC= 1
Parameter[0] = -2.62211
Parameter[1] = -3.02015
Parameter[2] = -3.60112
Parameter[3] = -5.50361
Parameter[4] = 0.101851
Parameter[5] = -2.22239
mdfil_info:  10.0%    3 sec CPU:  77.6%
mdfil_info:  20.0%    5 sec CPU:  80.8%
mdfil_info:  30.0%    8 sec CPU:  83.0%
mdfil_info:  40.0%   10 sec CPU:  83.8%
mdfil_info:  50.0%   12 sec CPU:  84.0%
mdfil_info:  60.0%   15 sec CPU:  84.6%
mdfil_info:  70.0%   17 sec CPU:  84.9%
mdfil_info:  80.0%   19 sec CPU:  85.2%
mdfil_info:  90.0%   22 sec CPU:  85.7%
mdfil_info: 100.0%   24 sec CPU:  86.2%
mdfil_info: 100.0%   24 sec CPU:  86.2%
37243
AMSCommonsI-I-HardwareIdentifiedAs Linux 3.10.0-957.10.1.el7.x86_64 x86_64 2
AMSCommonsI-I-Identified as LittleEndian 64 bit machine. 4294967295
AMSCommonsI-I-amsdatabase /cvmfs/ams.cern.ch/Offline/AMSDataDir/DataBase/
AMSCommonsI-I-MipsFromCPUInfo: 2194.92
AMSCommonsI-I-SystemIdentified as  Intel(R) Xeon(R) CPU E5-2630 v4 @ 2.20GHz
AMSCommonsI-I-ComputerEvaluatedAsMips 3511
AMS Software version v5.02/1220/12 built Fri Apr 19 23:54:38 2019

Geant4  Version 1033
Run ID: 459 Bartel: 65
Input Destination: /eos/ams/user/s/selu/mdst/He314/mdst_120929859.root
Output Destination: /afs/cern.ch/work/c/ctuysuz/private/he_flux/LSF/result_mc_time/time_65/he_flux_65_459.root
Add hist00 from /eos/ams/user/s/selu/mdst/He314/mdst_120929859.root
Start of Init
Use new binning
Start of Eventloop
Ntr, Nent= 1 110588
IsMC= 1
Parameter[0] = -2.59221
Parameter[1] = -2.99417
Parameter[2] = -3.58427
Parameter[3] = -5.53167
Parameter[4] = 0.305015
Parameter[5] = -2.21807
mdfil_info:  10.0%    1 sec CPU:  73.8%
mdfil_info:  20.0%    1 sec CPU:  73.5%
mdfil_info:  30.0%    2 sec CPU:  73.1%
mdfil_info:  40.0%    3 sec CPU:  77.0%
mdfil_info:  50.0%    3 sec CPU:  78.6%
mdfil_info:  60.0%    4 sec CPU:  80.3%
mdfil_info:  70.0%    5 sec CPU:  81.0%
mdfil_info:  80.0%    5 sec CPU:  81.6%
mdfil_info:  90.0%    6 sec CPU:  82.3%
mdfil_info: 100.0%    6 sec CPU:  82.7%
mdfil_info: 100.0%    6 sec CPU:  82.7%
