WARN: the 'eosmount' alias is deprecated, please use /eos directly
License ports: 28518@lxlicen01.cern.ch,28518@lxlicen02.cern.ch,28518@lxlicen03.cern.ch:/cvmfs/projects.cern.ch/intelsw/psxe/linux/licenses
Intel(R) Parallel Studio XE 2018 Update 2 for Linux*
Copyright (C) 2009-2018 Intel Corporation. All rights reserved.
13839
AMSCommonsI-I-HardwareIdentifiedAs Linux 3.10.0-957.10.1.el7.x86_64 x86_64 2
AMSCommonsI-I-Identified as LittleEndian 64 bit machine. 4294967295
AMSCommonsI-I-amsdatabase /cvmfs/ams.cern.ch/Offline/AMSDataDir/DataBase/
AMSCommonsI-I-MipsFromCPUInfo: 2195.1
AMSCommonsI-I-SystemIdentified as  Intel(R) Xeon(R) CPU E5-2630 v4 @ 2.20GHz
AMSCommonsI-I-ComputerEvaluatedAsMips 3512
AMS Software version v5.02/1220/12 built Fri Apr 19 23:54:38 2019

Geant4  Version 1033
Run ID: 170 Bartel: 70
Input Destination: /eos/ams/user/s/selu/mdst/He122/mdst_60441710.root
Output Destination: /afs/cern.ch/work/c/ctuysuz/private/he_flux/LSF/result_mc_time/time_70/he_flux_70_170.root
Add hist00 from /eos/ams/user/s/selu/mdst/He122/mdst_60441710.root
Start of Init
Use new binning
Start of Eventloop
Ntr, Nent= 1 434411
IsMC= 1
Parameter[0] = -2.55238
Parameter[1] = -2.98162
Parameter[2] = -3.58419
Parameter[3] = -5.43685
Parameter[4] = 0.00689862
Parameter[5] = -1.78447
mdfil_info:  10.0%    2 sec CPU:  92.1%
mdfil_info:  20.0%    4 sec CPU:  91.1%
mdfil_info:  30.0%    6 sec CPU:  90.2%
mdfil_info:  40.0%    8 sec CPU:  90.0%
mdfil_info:  50.0%   10 sec CPU:  90.1%
mdfil_info:  60.0%   12 sec CPU:  89.8%
mdfil_info:  70.0%   14 sec CPU:  89.7%
mdfil_info:  80.0%   16 sec CPU:  89.8%
mdfil_info:  90.0%   18 sec CPU:  90.1%
mdfil_info: 100.0%   20 sec CPU:  89.9%
mdfil_info: 100.0%   20 sec CPU:  89.9%
28554
AMSCommonsI-I-HardwareIdentifiedAs Linux 3.10.0-957.10.1.el7.x86_64 x86_64 2
AMSCommonsI-I-Identified as LittleEndian 64 bit machine. 4294967295
AMSCommonsI-I-amsdatabase /cvmfs/ams.cern.ch/Offline/AMSDataDir/DataBase/
AMSCommonsI-I-MipsFromCPUInfo: 2195.1
AMSCommonsI-I-SystemIdentified as  Intel(R) Xeon(R) CPU E5-2630 v4 @ 2.20GHz
AMSCommonsI-I-ComputerEvaluatedAsMips 3512
AMS Software version v5.02/1220/12 built Fri Apr 19 23:54:38 2019

Geant4  Version 1033
Run ID: 352 Bartel: 43
Input Destination: /eos/ams/user/s/selu/mdst/He122/mdst_60442240.root
Output Destination: /afs/cern.ch/work/c/ctuysuz/private/he_flux/LSF/result_mc_time/time_43/he_flux_43_352.root
Add hist00 from /eos/ams/user/s/selu/mdst/He122/mdst_60442240.root
Start of Init
Use new binning
Start of Eventloop
Ntr, Nent= 1 436839
IsMC= 1
Parameter[0] = -2.79775
Parameter[1] = -3.07523
Parameter[2] = -3.62821
Parameter[3] = -5.6114
Parameter[4] = 0.460986
Parameter[5] = -2.73201
mdfil_info:  10.0%    4 sec CPU:  54.9%
mdfil_info:  20.0%    6 sec CPU:  64.5%
mdfil_info:  30.0%    8 sec CPU:  67.9%
mdfil_info:  40.0%   11 sec CPU:  71.2%
mdfil_info:  50.0%   13 sec CPU:  73.2%
mdfil_info:  60.0%   15 sec CPU:  74.5%
mdfil_info:  70.0%   17 sec CPU:  76.3%
mdfil_info:  80.0%   19 sec CPU:  78.1%
mdfil_info:  90.0%   21 sec CPU:  79.2%
mdfil_info: 100.0%   22 sec CPU:  80.0%
mdfil_info: 100.0%   22 sec CPU:  80.0%
43269
AMSCommonsI-I-HardwareIdentifiedAs Linux 3.10.0-957.10.1.el7.x86_64 x86_64 2
AMSCommonsI-I-Identified as LittleEndian 64 bit machine. 4294967295
AMSCommonsI-I-amsdatabase /cvmfs/ams.cern.ch/Offline/AMSDataDir/DataBase/
AMSCommonsI-I-MipsFromCPUInfo: 2195.1
AMSCommonsI-I-SystemIdentified as  Intel(R) Xeon(R) CPU E5-2630 v4 @ 2.20GHz
AMSCommonsI-I-ComputerEvaluatedAsMips 3512
AMS Software version v5.02/1220/12 built Fri Apr 19 23:54:38 2019

Geant4  Version 1033
Run ID: 534 Bartel: 16
Input Destination: /eos/ams/user/s/selu/mdst/He314/mdst_120929938.root
Output Destination: /afs/cern.ch/work/c/ctuysuz/private/he_flux/LSF/result_mc_time/time_16/he_flux_16_534.root
Add hist00 from /eos/ams/user/s/selu/mdst/He314/mdst_120929938.root
Start of Init
Use new binning
Start of Eventloop
Ntr, Nent= 1 110652
IsMC= 1
Parameter[0] = -2.6668
Parameter[1] = -3.03435
Parameter[2] = -3.60385
Parameter[3] = -5.49763
Parameter[4] = 0.211134
Parameter[5] = -2.07053
mdfil_info:  10.0%    1 sec CPU:  69.7%
mdfil_info:  20.0%    1 sec CPU:  71.6%
mdfil_info:  30.0%    2 sec CPU:  72.5%
mdfil_info:  40.0%    2 sec CPU:  76.1%
mdfil_info:  50.0%    3 sec CPU:  77.9%
mdfil_info:  60.0%    3 sec CPU:  79.4%
mdfil_info:  70.0%    4 sec CPU:  80.4%
mdfil_info:  80.0%    4 sec CPU:  81.6%
mdfil_info:  90.0%    5 sec CPU:  82.4%
mdfil_info: 100.0%    5 sec CPU:  82.9%
mdfil_info: 100.0%    5 sec CPU:  82.9%
