WARN: the 'eosmount' alias is deprecated, please use /eos directly
License ports: 28518@lxlicen01.cern.ch,28518@lxlicen02.cern.ch,28518@lxlicen03.cern.ch:/cvmfs/projects.cern.ch/intelsw/psxe/linux/licenses
Intel(R) Parallel Studio XE 2018 Update 2 for Linux*
Copyright (C) 2009-2018 Intel Corporation. All rights reserved.
13879
AMSCommonsI-I-HardwareIdentifiedAs Linux 3.10.0-957.10.1.el7.x86_64 x86_64 2
AMSCommonsI-I-Identified as LittleEndian 64 bit machine. 4294967295
AMSCommonsI-I-amsdatabase /cvmfs/ams.cern.ch/Offline/AMSDataDir/DataBase/
AMSCommonsI-I-MipsFromCPUInfo: 2194.92
AMSCommonsI-I-SystemIdentified as  Intel(R) Xeon(R) CPU E5-2630 v4 @ 2.20GHz
AMSCommonsI-I-ComputerEvaluatedAsMips 3511
AMS Software version v5.02/1220/12 built Fri Apr 19 23:54:38 2019

Geant4  Version 1033
Run ID: 171 Bartel: 29
Input Destination: /eos/ams/user/s/selu/mdst/He122/mdst_60441711.root
Output Destination: /afs/cern.ch/work/c/ctuysuz/private/he_flux/LSF/result_mc_time/time_29/he_flux_29_171.root
Add hist00 from /eos/ams/user/s/selu/mdst/He122/mdst_60441711.root
Start of Init
Use new binning
Start of Eventloop
Ntr, Nent= 1 390990
IsMC= 1
Parameter[0] = -2.79936
Parameter[1] = -3.07658
Parameter[2] = -3.62788
Parameter[3] = -5.57562
Parameter[4] = 0.497287
Parameter[5] = -2.44847
mdfil_info:  10.0%    3 sec CPU:  71.8%
mdfil_info:  20.0%    5 sec CPU:  75.8%
mdfil_info:  30.0%    7 sec CPU:  77.4%
mdfil_info:  40.0%    9 sec CPU:  78.3%
mdfil_info:  50.0%   12 sec CPU:  78.1%
mdfil_info:  60.0%   14 sec CPU:  77.3%
mdfil_info:  70.0%   17 sec CPU:  75.3%
mdfil_info:  80.0%   20 sec CPU:  74.4%
mdfil_info:  90.0%   22 sec CPU:  73.8%
mdfil_info: 100.0%   25 sec CPU:  73.3%
28594
AMSCommonsI-I-HardwareIdentifiedAs Linux 3.10.0-957.10.1.el7.x86_64 x86_64 2
AMSCommonsI-I-Identified as LittleEndian 64 bit machine. 4294967295
AMSCommonsI-I-amsdatabase /cvmfs/ams.cern.ch/Offline/AMSDataDir/DataBase/
AMSCommonsI-I-MipsFromCPUInfo: 2194.92
AMSCommonsI-I-SystemIdentified as  Intel(R) Xeon(R) CPU E5-2630 v4 @ 2.20GHz
AMSCommonsI-I-ComputerEvaluatedAsMips 3511
AMS Software version v5.02/1220/12 built Fri Apr 19 23:54:38 2019

Geant4  Version 1033
Run ID: 353 Bartel: 2
Input Destination: /eos/ams/user/s/selu/mdst/He122/mdst_60442241.root
Output Destination: /afs/cern.ch/work/c/ctuysuz/private/he_flux/LSF/result_mc_time/time_2/he_flux_2_353.root
Add hist00 from /eos/ams/user/s/selu/mdst/He122/mdst_60442241.root
Start of Init
Use new binning
Start of Eventloop
Ntr, Nent= 1 440409
IsMC= 1
Parameter[0] = -2.61736
Parameter[1] = -2.93157
Parameter[2] = -3.51989
Parameter[3] = -5.49278
Parameter[4] = 0.444434
Parameter[5] = -2.60596
mdfil_info:  10.0%    5 sec CPU:  47.5%
mdfil_info:  20.0%    8 sec CPU:  54.5%
mdfil_info:  30.0%   10 sec CPU:  59.9%
mdfil_info:  40.0%   13 sec CPU:  62.8%
mdfil_info:  50.0%   15 sec CPU:  65.4%
mdfil_info:  60.0%   18 sec CPU:  65.8%
mdfil_info:  70.0%   21 sec CPU:  67.0%
mdfil_info:  80.0%   23 sec CPU:  67.6%
mdfil_info:  90.0%   26 sec CPU:  68.0%
mdfil_info: 100.0%   31 sec CPU:  64.6%
mdfil_info: 100.0%   31 sec CPU:  64.6%
43309
AMSCommonsI-I-HardwareIdentifiedAs Linux 3.10.0-957.10.1.el7.x86_64 x86_64 2
AMSCommonsI-I-Identified as LittleEndian 64 bit machine. 4294967295
AMSCommonsI-I-amsdatabase /cvmfs/ams.cern.ch/Offline/AMSDataDir/DataBase/
AMSCommonsI-I-MipsFromCPUInfo: 2194.92
AMSCommonsI-I-SystemIdentified as  Intel(R) Xeon(R) CPU E5-2630 v4 @ 2.20GHz
AMSCommonsI-I-ComputerEvaluatedAsMips 3511
AMS Software version v5.02/1220/12 built Fri Apr 19 23:54:38 2019

Geant4  Version 1033
Run ID: 534 Bartel: 56
Input Destination: /eos/ams/user/s/selu/mdst/He314/mdst_120929938.root
Output Destination: /afs/cern.ch/work/c/ctuysuz/private/he_flux/LSF/result_mc_time/time_56/he_flux_56_534.root
Add hist00 from /eos/ams/user/s/selu/mdst/He314/mdst_120929938.root
Start of Init
Use new binning
Start of Eventloop
Ntr, Nent= 1 110652
IsMC= 1
Parameter[0] = -2.72531
Parameter[1] = -3.04724
Parameter[2] = -3.61961
Parameter[3] = -5.54865
Parameter[4] = 0.293124
Parameter[5] = -2.44228
mdfil_info:  10.0%    1 sec CPU:  69.2%
mdfil_info:  20.0%    1 sec CPU:  71.9%
mdfil_info:  30.0%    2 sec CPU:  72.4%
mdfil_info:  40.0%    3 sec CPU:  76.0%
mdfil_info:  50.0%    3 sec CPU:  78.3%
mdfil_info:  60.0%    4 sec CPU:  79.8%
mdfil_info:  70.0%    4 sec CPU:  81.0%
mdfil_info:  80.0%    5 sec CPU:  82.1%
mdfil_info:  90.0%    5 sec CPU:  82.9%
mdfil_info: 100.0%    6 sec CPU:  83.3%
mdfil_info: 100.0%    6 sec CPU:  83.3%
