WARN: the 'eosmount' alias is deprecated, please use /eos directly
License ports: 28518@lxlicen01.cern.ch,28518@lxlicen02.cern.ch,28518@lxlicen03.cern.ch:/cvmfs/projects.cern.ch/intelsw/psxe/linux/licenses
Intel(R) Parallel Studio XE 2018 Update 2 for Linux*
Copyright (C) 2009-2018 Intel Corporation. All rights reserved.
7500
AMSCommonsI-I-HardwareIdentifiedAs Linux 3.10.0-957.12.1.el7.x86_64 x86_64 2
AMSCommonsI-I-Identified as LittleEndian 64 bit machine. 4294967295
AMSCommonsI-I-amsdatabase /cvmfs/ams.cern.ch/Offline/AMSDataDir/DataBase/
AMSCommonsI-I-MipsFromCPUInfo: 2394.45
AMSCommonsI-I-SystemIdentified as  Intel(R) Xeon(R) CPU E5-2630 v3 @ 2.40GHz
AMSCommonsI-I-ComputerEvaluatedAsMips 3831
AMS Software version v5.02/1220/12 built Fri Apr 19 23:54:38 2019

Geant4  Version 1033
Run ID: 92 Bartel: 49
Input Destination: /eos/ams/user/s/selu/mdst/He122/mdst_60441632.root
Output Destination: /afs/cern.ch/work/c/ctuysuz/private/he_flux/LSF/result_mc_time/time_49/he_flux_49_92.root
Add hist00 from /eos/ams/user/s/selu/mdst/He122/mdst_60441632.root
Start of Init
Use new binning
Start of Eventloop
Ntr, Nent= 1 438280
IsMC= 1
Parameter[0] = -2.73128
Parameter[1] = -3.07003
Parameter[2] = -3.63758
Parameter[3] = -5.55781
Parameter[4] = 0.280142
Parameter[5] = -2.35464
mdfil_info:  10.0%    3 sec CPU:  73.5%
mdfil_info:  20.0%    4 sec CPU:  80.5%
mdfil_info:  30.0%    7 sec CPU:  83.2%
mdfil_info:  40.0%    8 sec CPU:  84.6%
mdfil_info:  50.0%   10 sec CPU:  85.7%
mdfil_info:  60.0%   12 sec CPU:  86.2%
mdfil_info:  70.0%   14 sec CPU:  86.5%
mdfil_info:  80.0%   16 sec CPU:  86.6%
mdfil_info:  90.0%   18 sec CPU:  86.9%
mdfil_info: 100.0%   20 sec CPU:  86.8%
22215
AMSCommonsI-I-HardwareIdentifiedAs Linux 3.10.0-957.12.1.el7.x86_64 x86_64 2
AMSCommonsI-I-Identified as LittleEndian 64 bit machine. 4294967295
AMSCommonsI-I-amsdatabase /cvmfs/ams.cern.ch/Offline/AMSDataDir/DataBase/
AMSCommonsI-I-MipsFromCPUInfo: 2394.45
AMSCommonsI-I-SystemIdentified as  Intel(R) Xeon(R) CPU E5-2630 v3 @ 2.40GHz
AMSCommonsI-I-ComputerEvaluatedAsMips 3831
AMS Software version v5.02/1220/12 built Fri Apr 19 23:54:38 2019

Geant4  Version 1033
Run ID: 274 Bartel: 22
Input Destination: /eos/ams/user/s/selu/mdst/He122/mdst_60441814.root
Output Destination: /afs/cern.ch/work/c/ctuysuz/private/he_flux/LSF/result_mc_time/time_22/he_flux_22_274.root
Add hist00 from /eos/ams/user/s/selu/mdst/He122/mdst_60441814.root
Start of Init
Use new binning
Start of Eventloop
Ntr, Nent= 1 439367
IsMC= 1
Parameter[0] = -2.70854
Parameter[1] = -3.0386
Parameter[2] = -3.60827
Parameter[3] = -5.53986
Parameter[4] = 0.260502
Parameter[5] = -2.32334
mdfil_info:  10.0%    3 sec CPU:  75.3%
mdfil_info:  20.0%    5 sec CPU:  81.5%
mdfil_info:  30.0%    7 sec CPU:  85.0%
mdfil_info:  40.0%    8 sec CPU:  86.5%
mdfil_info:  50.0%   10 sec CPU:  87.8%
mdfil_info:  60.0%   12 sec CPU:  88.5%
mdfil_info:  70.0%   14 sec CPU:  89.1%
mdfil_info:  80.0%   16 sec CPU:  89.8%
mdfil_info:  90.0%   18 sec CPU:  90.5%
mdfil_info: 100.0%   20 sec CPU:  91.0%
mdfil_info: 100.0%   20 sec CPU:  91.0%
36930
AMSCommonsI-I-HardwareIdentifiedAs Linux 3.10.0-957.12.1.el7.x86_64 x86_64 2
AMSCommonsI-I-Identified as LittleEndian 64 bit machine. 4294967295
AMSCommonsI-I-amsdatabase /cvmfs/ams.cern.ch/Offline/AMSDataDir/DataBase/
AMSCommonsI-I-MipsFromCPUInfo: 2394.45
AMSCommonsI-I-SystemIdentified as  Intel(R) Xeon(R) CPU E5-2630 v3 @ 2.40GHz
AMSCommonsI-I-ComputerEvaluatedAsMips 3831
AMS Software version v5.02/1220/12 built Fri Apr 19 23:54:38 2019

Geant4  Version 1033
Run ID: 455 Bartel: 76
Input Destination: /eos/ams/user/s/selu/mdst/He314/mdst_120929855.root
Output Destination: /afs/cern.ch/work/c/ctuysuz/private/he_flux/LSF/result_mc_time/time_76/he_flux_76_455.root
Add hist00 from /eos/ams/user/s/selu/mdst/He314/mdst_120929855.root
Start of Init
Use new binning
Start of Eventloop
Ntr, Nent= 1 122680
IsMC= 1
Parameter[0] = -2.48624
Parameter[1] = -2.95496
Parameter[2] = -3.57221
Parameter[3] = -5.5192
Parameter[4] = 0.00191236
Parameter[5] = -2.34472
mdfil_info:  10.0%    0 sec CPU:  99.4%
mdfil_info:  20.0%    1 sec CPU:  99.6%
mdfil_info:  30.0%    2 sec CPU:  99.9%
mdfil_info:  40.0%    2 sec CPU:  99.9%
mdfil_info:  50.0%    2 sec CPU: 100.2%
mdfil_info:  60.0%    3 sec CPU: 100.1%
mdfil_info:  70.0%    3 sec CPU: 100.0%
mdfil_info:  80.0%    4 sec CPU:  99.9%
mdfil_info:  90.0%    4 sec CPU: 100.0%
mdfil_info: 100.0%    5 sec CPU: 100.0%
