WARN: the 'eosmount' alias is deprecated, please use /eos directly
License ports: 28518@lxlicen01.cern.ch,28518@lxlicen02.cern.ch,28518@lxlicen03.cern.ch:/cvmfs/projects.cern.ch/intelsw/psxe/linux/licenses
Intel(R) Parallel Studio XE 2018 Update 2 for Linux*
Copyright (C) 2009-2018 Intel Corporation. All rights reserved.
7788
AMSCommonsI-I-HardwareIdentifiedAs Linux 3.10.0-957.10.1.el7.x86_64 x86_64 2
AMSCommonsI-I-Identified as LittleEndian 64 bit machine. 4294967295
AMSCommonsI-I-amsdatabase /cvmfs/ams.cern.ch/Offline/AMSDataDir/DataBase/
AMSCommonsI-I-MipsFromCPUInfo: 2194.92
AMSCommonsI-I-SystemIdentified as  Intel(R) Xeon(R) CPU E5-2630 v4 @ 2.20GHz
AMSCommonsI-I-ComputerEvaluatedAsMips 3511
AMS Software version v5.02/1220/12 built Fri Apr 19 23:54:38 2019

Geant4  Version 1033
Run ID: 96 Bartel: 13
Input Destination: /eos/ams/user/s/selu/mdst/He122/mdst_60441636.root
Output Destination: /afs/cern.ch/work/c/ctuysuz/private/he_flux/LSF/result_mc_time/time_13/he_flux_13_96.root
Add hist00 from /eos/ams/user/s/selu/mdst/He122/mdst_60441636.root
Start of Init
Use new binning
Start of Eventloop
Ntr, Nent= 1 429566
IsMC= 1
Parameter[0] = -2.65893
Parameter[1] = -3.01855
Parameter[2] = -3.59704
Parameter[3] = -5.53516
Parameter[4] = 0.293906
Parameter[5] = -2.25131
mdfil_info:  10.0%    4 sec CPU:  52.1%
mdfil_info:  20.0%    8 sec CPU:  52.8%
mdfil_info:  30.0%   11 sec CPU:  56.7%
mdfil_info:  40.0%   13 sec CPU:  58.3%
mdfil_info:  50.0%   16 sec CPU:  59.2%
mdfil_info:  60.0%   21 sec CPU:  56.4%
mdfil_info:  70.0%   26 sec CPU:  53.0%
mdfil_info:  80.0%   30 sec CPU:  53.2%
mdfil_info:  90.0%   34 sec CPU:  52.3%
mdfil_info: 100.0%   38 sec CPU:  52.3%
mdfil_info: 100.0%   38 sec CPU:  52.3%
22503
AMSCommonsI-I-HardwareIdentifiedAs Linux 3.10.0-957.10.1.el7.x86_64 x86_64 2
AMSCommonsI-I-Identified as LittleEndian 64 bit machine. 4294967295
AMSCommonsI-I-amsdatabase /cvmfs/ams.cern.ch/Offline/AMSDataDir/DataBase/
AMSCommonsI-I-MipsFromCPUInfo: 2194.92
AMSCommonsI-I-SystemIdentified as  Intel(R) Xeon(R) CPU E5-2630 v4 @ 2.20GHz
AMSCommonsI-I-ComputerEvaluatedAsMips 3511
AMS Software version v5.02/1220/12 built Fri Apr 19 23:54:38 2019

Geant4  Version 1033
Run ID: 277 Bartel: 67
Input Destination: /eos/ams/user/s/selu/mdst/He122/mdst_60441817.root
Output Destination: /afs/cern.ch/work/c/ctuysuz/private/he_flux/LSF/result_mc_time/time_67/he_flux_67_277.root
Add hist00 from /eos/ams/user/s/selu/mdst/He122/mdst_60441817.root
Start of Init
Use new binning
Start of Eventloop
Ntr, Nent= 1 439618
IsMC= 1
Parameter[0] = -2.58662
Parameter[1] = -2.98984
Parameter[2] = -3.59559
Parameter[3] = -5.5153
Parameter[4] = 0.161079
Parameter[5] = -2.33345
mdfil_info:  10.0%   18 sec CPU:  12.2%
mdfil_info:  20.0%   25 sec CPU:  16.9%
mdfil_info:  30.0%   32 sec CPU:  19.5%
mdfil_info:  40.0%   43 sec CPU:  19.4%
mdfil_info:  50.0%   53 sec CPU:  19.6%
mdfil_info:  60.0%   62 sec CPU:  19.9%
mdfil_info:  70.0%   71 sec CPU:  20.5%
mdfil_info:  80.0%   78 sec CPU:  21.4%
mdfil_info:  90.0%   89 sec CPU:  21.1%
mdfil_info: 100.0%   99 sec CPU:  21.0%
mdfil_info: 100.0%   99 sec CPU:  21.0%
37218
AMSCommonsI-I-HardwareIdentifiedAs Linux 3.10.0-957.10.1.el7.x86_64 x86_64 2
AMSCommonsI-I-Identified as LittleEndian 64 bit machine. 4294967295
AMSCommonsI-I-amsdatabase /cvmfs/ams.cern.ch/Offline/AMSDataDir/DataBase/
AMSCommonsI-I-MipsFromCPUInfo: 2194.92
AMSCommonsI-I-SystemIdentified as  Intel(R) Xeon(R) CPU E5-2630 v4 @ 2.20GHz
AMSCommonsI-I-ComputerEvaluatedAsMips 3511
AMS Software version v5.02/1220/12 built Fri Apr 19 23:54:38 2019

Geant4  Version 1033
Run ID: 459 Bartel: 40
Input Destination: /eos/ams/user/s/selu/mdst/He314/mdst_120929859.root
Output Destination: /afs/cern.ch/work/c/ctuysuz/private/he_flux/LSF/result_mc_time/time_40/he_flux_40_459.root
Add hist00 from /eos/ams/user/s/selu/mdst/He314/mdst_120929859.root
Start of Init
Use new binning
Start of Eventloop
Ntr, Nent= 1 110588
IsMC= 1
Parameter[0] = -2.8011
Parameter[1] = -3.07357
Parameter[2] = -3.62055
Parameter[3] = -5.55933
Parameter[4] = 0.549697
Parameter[5] = -2.37552
mdfil_info:  10.0%    1 sec CPU:  70.9%
mdfil_info:  20.0%    1 sec CPU:  72.7%
mdfil_info:  30.0%    2 sec CPU:  73.6%
mdfil_info:  40.0%    3 sec CPU:  77.5%
mdfil_info:  50.0%    3 sec CPU:  79.8%
mdfil_info:  60.0%    4 sec CPU:  81.1%
mdfil_info:  70.0%    4 sec CPU:  82.1%
mdfil_info:  80.0%    5 sec CPU:  82.9%
mdfil_info:  90.0%    6 sec CPU:  83.8%
mdfil_info: 100.0%    6 sec CPU:  84.5%
mdfil_info: 100.0%    6 sec CPU:  84.5%
