WARN: the 'eosmount' alias is deprecated, please use /eos directly
License ports: 28518@lxlicen01.cern.ch,28518@lxlicen02.cern.ch,28518@lxlicen03.cern.ch:/cvmfs/projects.cern.ch/intelsw/psxe/linux/licenses
Intel(R) Parallel Studio XE 2018 Update 2 for Linux*
Copyright (C) 2009-2018 Intel Corporation. All rights reserved.
13914
AMSCommonsI-I-HardwareIdentifiedAs Linux 3.10.0-957.10.1.el7.x86_64 x86_64 2
AMSCommonsI-I-Identified as LittleEndian 64 bit machine. 4294967295
AMSCommonsI-I-amsdatabase /cvmfs/ams.cern.ch/Offline/AMSDataDir/DataBase/
AMSCommonsI-I-MipsFromCPUInfo: 2194.92
AMSCommonsI-I-SystemIdentified as  Intel(R) Xeon(R) CPU E5-2630 v4 @ 2.20GHz
AMSCommonsI-I-ComputerEvaluatedAsMips 3511
AMS Software version v5.02/1220/12 built Fri Apr 19 23:54:38 2019

Geant4  Version 1033
Run ID: 171 Bartel: 64
Input Destination: /eos/ams/user/s/selu/mdst/He122/mdst_60441711.root
Output Destination: /afs/cern.ch/work/c/ctuysuz/private/he_flux/LSF/result_mc_time/time_64/he_flux_64_171.root
Add hist00 from /eos/ams/user/s/selu/mdst/He122/mdst_60441711.root
Start of Init
Use new binning
Start of Eventloop
Ntr, Nent= 1 390990
IsMC= 1
Parameter[0] = -2.60351
Parameter[1] = -3.00196
Parameter[2] = -3.60517
Parameter[3] = -5.53742
Parameter[4] = 0.137006
Parameter[5] = -2.40049
mdfil_info:  10.0%    2 sec CPU:  99.8%
mdfil_info:  20.0%    4 sec CPU:  99.9%
mdfil_info:  30.0%    5 sec CPU:  98.9%
mdfil_info:  40.0%    8 sec CPU:  96.1%
mdfil_info:  50.0%   10 sec CPU:  93.3%
mdfil_info:  60.0%   12 sec CPU:  89.8%
mdfil_info:  70.0%   15 sec CPU:  84.7%
mdfil_info:  80.0%   18 sec CPU:  81.6%
mdfil_info:  90.0%   21 sec CPU:  79.8%
mdfil_info: 100.0%   23 sec CPU:  78.9%
28629
AMSCommonsI-I-HardwareIdentifiedAs Linux 3.10.0-957.10.1.el7.x86_64 x86_64 2
AMSCommonsI-I-Identified as LittleEndian 64 bit machine. 4294967295
AMSCommonsI-I-amsdatabase /cvmfs/ams.cern.ch/Offline/AMSDataDir/DataBase/
AMSCommonsI-I-MipsFromCPUInfo: 2194.92
AMSCommonsI-I-SystemIdentified as  Intel(R) Xeon(R) CPU E5-2630 v4 @ 2.20GHz
AMSCommonsI-I-ComputerEvaluatedAsMips 3511
AMS Software version v5.02/1220/12 built Fri Apr 19 23:54:38 2019

Geant4  Version 1033
Run ID: 353 Bartel: 37
Input Destination: /eos/ams/user/s/selu/mdst/He122/mdst_60442241.root
Output Destination: /afs/cern.ch/work/c/ctuysuz/private/he_flux/LSF/result_mc_time/time_37/he_flux_37_353.root
Add hist00 from /eos/ams/user/s/selu/mdst/He122/mdst_60442241.root
Start of Init
Use new binning
Start of Eventloop
Ntr, Nent= 1 440409
IsMC= 1
Parameter[0] = -2.7864
Parameter[1] = -3.05696
Parameter[2] = -3.61656
Parameter[3] = -5.57878
Parameter[4] = 0.423344
Parameter[5] = -2.57309
mdfil_info:  10.0%   19 sec CPU:  12.4%
mdfil_info:  20.0%   25 sec CPU:  17.7%
mdfil_info:  30.0%   31 sec CPU:  20.6%
mdfil_info:  40.0%   38 sec CPU:  23.1%
mdfil_info:  50.0%   44 sec CPU:  24.3%
mdfil_info:  60.0%   50 sec CPU:  25.7%
mdfil_info:  70.0%   56 sec CPU:  26.7%
mdfil_info:  80.0%   63 sec CPU:  27.1%
mdfil_info:  90.0%   71 sec CPU:  27.5%
mdfil_info: 100.0%   78 sec CPU:  27.2%
mdfil_info: 100.0%   78 sec CPU:  27.2%
43344
AMSCommonsI-I-HardwareIdentifiedAs Linux 3.10.0-957.10.1.el7.x86_64 x86_64 2
AMSCommonsI-I-Identified as LittleEndian 64 bit machine. 4294967295
AMSCommonsI-I-amsdatabase /cvmfs/ams.cern.ch/Offline/AMSDataDir/DataBase/
AMSCommonsI-I-MipsFromCPUInfo: 2194.92
AMSCommonsI-I-SystemIdentified as  Intel(R) Xeon(R) CPU E5-2630 v4 @ 2.20GHz
AMSCommonsI-I-ComputerEvaluatedAsMips 3511
AMS Software version v5.02/1220/12 built Fri Apr 19 23:54:38 2019

Geant4  Version 1033
Run ID: 535 Bartel: 10
Input Destination: /eos/ams/user/s/selu/mdst/He314/mdst_120929939.root
Output Destination: /afs/cern.ch/work/c/ctuysuz/private/he_flux/LSF/result_mc_time/time_10/he_flux_10_535.root
Add hist00 from /eos/ams/user/s/selu/mdst/He314/mdst_120929939.root
Start of Init
Use new binning
Start of Eventloop
Ntr, Nent= 1 122556
IsMC= 1
Parameter[0] = -2.60695
Parameter[1] = -3.01041
Parameter[2] = -3.5903
Parameter[3] = -5.48712
Parameter[4] = 0.0628761
Parameter[5] = -2.10837
mdfil_info:  10.0%    1 sec CPU:  75.3%
mdfil_info:  20.0%    2 sec CPU:  75.3%
mdfil_info:  30.0%    2 sec CPU:  74.8%
mdfil_info:  40.0%    3 sec CPU:  78.5%
mdfil_info:  50.0%    4 sec CPU:  80.8%
mdfil_info:  60.0%    4 sec CPU:  81.8%
mdfil_info:  70.0%    5 sec CPU:  83.1%
mdfil_info:  80.0%    6 sec CPU:  84.0%
mdfil_info:  90.0%    6 sec CPU:  84.5%
mdfil_info: 100.0%    7 sec CPU:  85.2%
mdfil_info: 100.0%    7 sec CPU:  85.2%
