WARN: the 'eosmount' alias is deprecated, please use /eos directly
License ports: 28518@lxlicen01.cern.ch,28518@lxlicen02.cern.ch,28518@lxlicen03.cern.ch:/cvmfs/projects.cern.ch/intelsw/psxe/linux/licenses
Intel(R) Parallel Studio XE 2018 Update 2 for Linux*
Copyright (C) 2009-2018 Intel Corporation. All rights reserved.
9995
AMSCommonsI-I-HardwareIdentifiedAs Linux 3.10.0-957.10.1.el7.x86_64 x86_64 2
AMSCommonsI-I-Identified as LittleEndian 64 bit machine. 4294967295
AMSCommonsI-I-amsdatabase /cvmfs/ams.cern.ch/Offline/AMSDataDir/DataBase/
AMSCommonsI-I-MipsFromCPUInfo: 2194.92
AMSCommonsI-I-SystemIdentified as  Intel(R) Xeon(R) CPU E5-2630 v4 @ 2.20GHz
AMSCommonsI-I-ComputerEvaluatedAsMips 3511
AMS Software version v5.02/1220/12 built Fri Apr 19 23:54:38 2019

Geant4  Version 1033
Run ID: 123 Bartel: 33
Input Destination: /eos/ams/user/s/selu/mdst/He122/mdst_60441663.root
Output Destination: /afs/cern.ch/work/c/ctuysuz/private/he_flux/LSF/result_mc_time/time_33/he_flux_33_123.root
Add hist00 from /eos/ams/user/s/selu/mdst/He122/mdst_60441663.root
Start of Init
Use new binning
Start of Eventloop
Ntr, Nent= 1 436817
IsMC= 1
Parameter[0] = -2.77717
Parameter[1] = -3.0473
Parameter[2] = -3.60062
Parameter[3] = -5.54545
Parameter[4] = 0.481599
Parameter[5] = -2.38362
mdfil_info:  10.0%   17 sec CPU:  13.1%
mdfil_info:  20.0%   23 sec CPU:  18.9%
mdfil_info:  30.0%   30 sec CPU:  21.6%
mdfil_info:  40.0%   37 sec CPU:  22.8%
mdfil_info:  50.0%   44 sec CPU:  24.0%
mdfil_info:  60.0%   50 sec CPU:  25.2%
mdfil_info:  70.0%   57 sec CPU:  25.7%
mdfil_info:  80.0%   63 sec CPU:  26.4%
mdfil_info:  90.0%   69 sec CPU:  26.9%
mdfil_info: 100.0%   76 sec CPU:  27.4%
mdfil_info: 100.0%   76 sec CPU:  27.4%
24710
AMSCommonsI-I-HardwareIdentifiedAs Linux 3.10.0-957.10.1.el7.x86_64 x86_64 2
AMSCommonsI-I-Identified as LittleEndian 64 bit machine. 4294967295
AMSCommonsI-I-amsdatabase /cvmfs/ams.cern.ch/Offline/AMSDataDir/DataBase/
AMSCommonsI-I-MipsFromCPUInfo: 2194.92
AMSCommonsI-I-SystemIdentified as  Intel(R) Xeon(R) CPU E5-2630 v4 @ 2.20GHz
AMSCommonsI-I-ComputerEvaluatedAsMips 3511
AMS Software version v5.02/1220/12 built Fri Apr 19 23:54:38 2019

Geant4  Version 1033
Run ID: 305 Bartel: 6
Input Destination: /eos/ams/user/s/selu/mdst/He122/mdst_60441845.root
Output Destination: /afs/cern.ch/work/c/ctuysuz/private/he_flux/LSF/result_mc_time/time_6/he_flux_6_305.root
Add hist00 from /eos/ams/user/s/selu/mdst/He122/mdst_60441845.root
Start of Init
Use new binning
Start of Eventloop
Ntr, Nent= 1 419580
IsMC= 1
Parameter[0] = -2.65952
Parameter[1] = -3.04006
Parameter[2] = -3.62379
Parameter[3] = -5.53311
Parameter[4] = 0.0821767
Parameter[5] = -2.36872
mdfil_info:  10.0%    7 sec CPU:  29.2%
mdfil_info:  20.0%   10 sec CPU:  39.8%
mdfil_info:  30.0%   13 sec CPU:  45.2%
mdfil_info:  40.0%   16 sec CPU:  47.1%
mdfil_info:  50.0%   19 sec CPU:  49.7%
mdfil_info:  60.0%   22 sec CPU:  51.7%
mdfil_info:  70.0%   27 sec CPU:  48.2%
mdfil_info:  80.0%   33 sec CPU:  45.8%
mdfil_info:  90.0%   37 sec CPU:  45.6%
mdfil_info: 100.0%   41 sec CPU:  45.6%
39425
AMSCommonsI-I-HardwareIdentifiedAs Linux 3.10.0-957.10.1.el7.x86_64 x86_64 2
AMSCommonsI-I-Identified as LittleEndian 64 bit machine. 4294967295
AMSCommonsI-I-amsdatabase /cvmfs/ams.cern.ch/Offline/AMSDataDir/DataBase/
AMSCommonsI-I-MipsFromCPUInfo: 2194.92
AMSCommonsI-I-SystemIdentified as  Intel(R) Xeon(R) CPU E5-2630 v4 @ 2.20GHz
AMSCommonsI-I-ComputerEvaluatedAsMips 3511
AMS Software version v5.02/1220/12 built Fri Apr 19 23:54:38 2019

Geant4  Version 1033
Run ID: 486 Bartel: 60
Input Destination: /eos/ams/user/s/selu/mdst/He314/mdst_120929886.root
Output Destination: /afs/cern.ch/work/c/ctuysuz/private/he_flux/LSF/result_mc_time/time_60/he_flux_60_486.root
Add hist00 from /eos/ams/user/s/selu/mdst/He314/mdst_120929886.root
Start of Init
Use new binning
Start of Eventloop
Ntr, Nent= 1 110506
IsMC= 1
Parameter[0] = -2.68018
Parameter[1] = -3.02446
Parameter[2] = -3.60716
Parameter[3] = -5.58914
Parameter[4] = 0.411118
Parameter[5] = -2.63403
mdfil_info:  10.0%    6 sec CPU:  10.5%
mdfil_info:  20.0%   11 sec CPU:  10.6%
mdfil_info:  30.0%   17 sec CPU:  11.0%
mdfil_info:  40.0%   19 sec CPU:  13.2%
mdfil_info:  50.0%   21 sec CPU:  14.6%
mdfil_info:  60.0%   22 sec CPU:  15.9%
mdfil_info:  70.0%   24 sec CPU:  17.3%
mdfil_info:  80.0%   26 sec CPU:  18.3%
mdfil_info:  90.0%   27 sec CPU:  19.5%
mdfil_info: 100.0%   29 sec CPU:  20.2%
mdfil_info: 100.0%   29 sec CPU:  20.2%
