WARN: the 'eosmount' alias is deprecated, please use /eos directly
License ports: 28518@lxlicen01.cern.ch,28518@lxlicen02.cern.ch,28518@lxlicen03.cern.ch:/cvmfs/projects.cern.ch/intelsw/psxe/linux/licenses
Intel(R) Parallel Studio XE 2018 Update 2 for Linux*
Copyright (C) 2009-2018 Intel Corporation. All rights reserved.
8974
AMSCommonsI-I-HardwareIdentifiedAs Linux 3.10.0-957.12.1.el7.x86_64 x86_64 2
AMSCommonsI-I-Identified as LittleEndian 64 bit machine. 4294967295
AMSCommonsI-I-amsdatabase /cvmfs/ams.cern.ch/Offline/AMSDataDir/DataBase/
AMSCommonsI-I-MipsFromCPUInfo: 2195.1
AMSCommonsI-I-SystemIdentified as  Intel(R) Xeon(R) CPU E5-2630 v4 @ 2.20GHz
AMSCommonsI-I-ComputerEvaluatedAsMips 3512
AMS Software version v5.02/1220/12 built Fri Apr 19 23:54:38 2019

Geant4  Version 1033
Run ID: 110 Bartel: 65
Input Destination: /eos/ams/user/s/selu/mdst/He122/mdst_60441650.root
Output Destination: /afs/cern.ch/work/c/ctuysuz/private/he_flux/LSF/result_mc_time/time_65/he_flux_65_110.root
Add hist00 from /eos/ams/user/s/selu/mdst/He122/mdst_60441650.root
Start of Init
Use new binning
Start of Eventloop
Ntr, Nent= 1 437948
IsMC= 1
Parameter[0] = -2.59221
Parameter[1] = -2.99417
Parameter[2] = -3.58427
Parameter[3] = -5.53167
Parameter[4] = 0.305015
Parameter[5] = -2.21807
mdfil_info:  10.0%    2 sec CPU:  91.0%
mdfil_info:  20.0%    4 sec CPU:  90.8%
mdfil_info:  30.0%    6 sec CPU:  91.8%
mdfil_info:  40.0%    8 sec CPU:  91.4%
mdfil_info:  50.0%   11 sec CPU:  92.0%
mdfil_info:  60.0%   13 sec CPU:  91.4%
mdfil_info:  70.0%   15 sec CPU:  91.6%
mdfil_info:  80.0%   17 sec CPU:  91.6%
mdfil_info:  90.0%   19 sec CPU:  91.9%
mdfil_info: 100.0%   21 sec CPU:  91.8%
mdfil_info: 100.0%   21 sec CPU:  91.8%
23689
AMSCommonsI-I-HardwareIdentifiedAs Linux 3.10.0-957.12.1.el7.x86_64 x86_64 2
AMSCommonsI-I-Identified as LittleEndian 64 bit machine. 4294967295
AMSCommonsI-I-amsdatabase /cvmfs/ams.cern.ch/Offline/AMSDataDir/DataBase/
AMSCommonsI-I-MipsFromCPUInfo: 2195.1
AMSCommonsI-I-SystemIdentified as  Intel(R) Xeon(R) CPU E5-2630 v4 @ 2.20GHz
AMSCommonsI-I-ComputerEvaluatedAsMips 3512
AMS Software version v5.02/1220/12 built Fri Apr 19 23:54:38 2019

Geant4  Version 1033
Run ID: 292 Bartel: 38
Input Destination: /eos/ams/user/s/selu/mdst/He122/mdst_60441832.root
Output Destination: /afs/cern.ch/work/c/ctuysuz/private/he_flux/LSF/result_mc_time/time_38/he_flux_38_292.root
Add hist00 from /eos/ams/user/s/selu/mdst/He122/mdst_60441832.root
Start of Init
Use new binning
Start of Eventloop
Ntr, Nent= 1 437631
IsMC= 1
Parameter[0] = -2.81232
Parameter[1] = -3.08566
Parameter[2] = -3.62933
Parameter[3] = -5.55815
Parameter[4] = 0.386285
Parameter[5] = -2.46956
mdfil_info:  10.0%   18 sec CPU:  12.5%
mdfil_info:  20.0%   24 sec CPU:  17.5%
mdfil_info:  30.0%   30 sec CPU:  20.5%
mdfil_info:  40.0%   35 sec CPU:  22.9%
mdfil_info:  50.0%   41 sec CPU:  24.5%
mdfil_info:  60.0%   47 sec CPU:  25.6%
mdfil_info:  70.0%   53 sec CPU:  26.2%
mdfil_info:  80.0%   58 sec CPU:  27.0%
mdfil_info:  90.0%   64 sec CPU:  27.6%
mdfil_info: 100.0%   70 sec CPU:  28.0%
mdfil_info: 100.0%   70 sec CPU:  28.0%
38404
AMSCommonsI-I-HardwareIdentifiedAs Linux 3.10.0-957.12.1.el7.x86_64 x86_64 2
AMSCommonsI-I-Identified as LittleEndian 64 bit machine. 4294967295
AMSCommonsI-I-amsdatabase /cvmfs/ams.cern.ch/Offline/AMSDataDir/DataBase/
AMSCommonsI-I-MipsFromCPUInfo: 2195.1
AMSCommonsI-I-SystemIdentified as  Intel(R) Xeon(R) CPU E5-2630 v4 @ 2.20GHz
AMSCommonsI-I-ComputerEvaluatedAsMips 3512
AMS Software version v5.02/1220/12 built Fri Apr 19 23:54:38 2019

Geant4  Version 1033
Run ID: 474 Bartel: 11
Input Destination: /eos/ams/user/s/selu/mdst/He314/mdst_120929874.root
Output Destination: /afs/cern.ch/work/c/ctuysuz/private/he_flux/LSF/result_mc_time/time_11/he_flux_11_474.root
Add hist00 from /eos/ams/user/s/selu/mdst/He314/mdst_120929874.root
Start of Init
Use new binning
Start of Eventloop
Ntr, Nent= 1 122823
IsMC= 1
Parameter[0] = -2.62211
Parameter[1] = -3.02015
Parameter[2] = -3.60112
Parameter[3] = -5.50361
Parameter[4] = 0.101851
Parameter[5] = -2.22239
mdfil_info:  10.0%    6 sec CPU:  10.5%
mdfil_info:  20.0%   12 sec CPU:  10.7%
mdfil_info:  30.0%   17 sec CPU:  11.7%
mdfil_info:  40.0%   18 sec CPU:  13.9%
mdfil_info:  50.0%   19 sec CPU:  16.1%
mdfil_info:  60.0%   21 sec CPU:  17.8%
mdfil_info:  70.0%   23 sec CPU:  18.7%
mdfil_info:  80.0%   25 sec CPU:  19.9%
mdfil_info:  90.0%   26 sec CPU:  20.8%
mdfil_info: 100.0%   28 sec CPU:  21.8%
mdfil_info: 100.0%   28 sec CPU:  21.8%
