WARN: the 'eosmount' alias is deprecated, please use /eos directly
License ports: 28518@lxlicen01.cern.ch,28518@lxlicen02.cern.ch,28518@lxlicen03.cern.ch:/cvmfs/projects.cern.ch/intelsw/psxe/linux/licenses
Intel(R) Parallel Studio XE 2018 Update 2 for Linux*
Copyright (C) 2009-2018 Intel Corporation. All rights reserved.
8491
AMSCommonsI-I-HardwareIdentifiedAs Linux 3.10.0-957.10.1.el7.x86_64 x86_64 2
AMSCommonsI-I-Identified as LittleEndian 64 bit machine. 4294967295
AMSCommonsI-I-amsdatabase /cvmfs/ams.cern.ch/Offline/AMSDataDir/DataBase/
AMSCommonsI-I-MipsFromCPUInfo: 2194.92
AMSCommonsI-I-SystemIdentified as  Intel(R) Xeon(R) CPU E5-2630 v4 @ 2.20GHz
AMSCommonsI-I-ComputerEvaluatedAsMips 3511
AMS Software version v5.02/1220/12 built Fri Apr 19 23:54:38 2019

Geant4  Version 1033
Run ID: 104 Bartel: 68
Input Destination: /eos/ams/user/s/selu/mdst/He122/mdst_60441644.root
Output Destination: /afs/cern.ch/work/c/ctuysuz/private/he_flux/LSF/result_mc_time/time_68/he_flux_68_104.root
Add hist00 from /eos/ams/user/s/selu/mdst/He122/mdst_60441644.root
Start of Init
Use new binning
Start of Eventloop
Ntr, Nent= 1 437153
IsMC= 1
Parameter[0] = -2.5639
Parameter[1] = -2.98035
Parameter[2] = -3.58993
Parameter[3] = -5.51419
Parameter[4] = 0.0804353
Parameter[5] = -2.39662
mdfil_info:  10.0%    2 sec CPU:  71.8%
mdfil_info:  20.0%    4 sec CPU:  77.9%
mdfil_info:  30.0%    6 sec CPU:  80.2%
mdfil_info:  40.0%    8 sec CPU:  81.6%
mdfil_info:  50.0%   10 sec CPU:  81.8%
mdfil_info:  60.0%   12 sec CPU:  81.2%
mdfil_info:  70.0%   14 sec CPU:  82.0%
mdfil_info:  80.0%   16 sec CPU:  82.7%
mdfil_info:  90.0%   18 sec CPU:  83.3%
mdfil_info: 100.0%   20 sec CPU:  82.2%
mdfil_info: 100.0%   20 sec CPU:  82.2%
23206
AMSCommonsI-I-HardwareIdentifiedAs Linux 3.10.0-957.10.1.el7.x86_64 x86_64 2
AMSCommonsI-I-Identified as LittleEndian 64 bit machine. 4294967295
AMSCommonsI-I-amsdatabase /cvmfs/ams.cern.ch/Offline/AMSDataDir/DataBase/
AMSCommonsI-I-MipsFromCPUInfo: 2194.92
AMSCommonsI-I-SystemIdentified as  Intel(R) Xeon(R) CPU E5-2630 v4 @ 2.20GHz
AMSCommonsI-I-ComputerEvaluatedAsMips 3511
AMS Software version v5.02/1220/12 built Fri Apr 19 23:54:38 2019

Geant4  Version 1033
Run ID: 286 Bartel: 41
Input Destination: /eos/ams/user/s/selu/mdst/He122/mdst_60441826.root
Output Destination: /afs/cern.ch/work/c/ctuysuz/private/he_flux/LSF/result_mc_time/time_41/he_flux_41_286.root
Add hist00 from /eos/ams/user/s/selu/mdst/He122/mdst_60441826.root
Start of Init
Use new binning
Start of Eventloop
Ntr, Nent= 1 441256
IsMC= 1
Parameter[0] = -2.77453
Parameter[1] = -3.05397
Parameter[2] = -3.61054
Parameter[3] = -5.55839
Parameter[4] = 0.485122
Parameter[5] = -2.44204
mdfil_info:  10.0%   18 sec CPU:  10.9%
mdfil_info:  20.0%   24 sec CPU:  15.1%
mdfil_info:  30.0%   30 sec CPU:  18.0%
mdfil_info:  40.0%   37 sec CPU:  19.5%
mdfil_info:  50.0%   46 sec CPU:  20.3%
mdfil_info:  60.0%   54 sec CPU:  21.1%
mdfil_info:  70.0%   62 sec CPU:  21.8%
mdfil_info:  80.0%   69 sec CPU:  22.6%
mdfil_info:  90.0%   77 sec CPU:  23.2%
mdfil_info: 100.0%   84 sec CPU:  23.6%
mdfil_info: 100.0%   84 sec CPU:  23.6%
37921
AMSCommonsI-I-HardwareIdentifiedAs Linux 3.10.0-957.10.1.el7.x86_64 x86_64 2
AMSCommonsI-I-Identified as LittleEndian 64 bit machine. 4294967295
AMSCommonsI-I-amsdatabase /cvmfs/ams.cern.ch/Offline/AMSDataDir/DataBase/
AMSCommonsI-I-MipsFromCPUInfo: 2194.92
AMSCommonsI-I-SystemIdentified as  Intel(R) Xeon(R) CPU E5-2630 v4 @ 2.20GHz
AMSCommonsI-I-ComputerEvaluatedAsMips 3511
AMS Software version v5.02/1220/12 built Fri Apr 19 23:54:38 2019

Geant4  Version 1033
Run ID: 468 Bartel: 14
Input Destination: /eos/ams/user/s/selu/mdst/He314/mdst_120929868.root
Output Destination: /afs/cern.ch/work/c/ctuysuz/private/he_flux/LSF/result_mc_time/time_14/he_flux_14_468.root
Add hist00 from /eos/ams/user/s/selu/mdst/He314/mdst_120929868.root
Start of Init
Use new binning
Start of Eventloop
Ntr, Nent= 1 109603
IsMC= 1
Parameter[0] = -2.62922
Parameter[1] = -3.00854
Parameter[2] = -3.59134
Parameter[3] = -5.49431
Parameter[4] = 0.150366
Parameter[5] = -2.1251
mdfil_info:  10.0%    1 sec CPU:  77.5%
mdfil_info:  20.0%    1 sec CPU:  77.9%
mdfil_info:  30.0%    2 sec CPU:  78.2%
mdfil_info:  40.0%    3 sec CPU:  80.4%
mdfil_info:  50.0%    3 sec CPU:  82.4%
mdfil_info:  60.0%    4 sec CPU:  83.7%
mdfil_info:  70.0%    4 sec CPU:  84.5%
mdfil_info:  80.0%    5 sec CPU:  85.3%
mdfil_info:  90.0%    5 sec CPU:  85.9%
mdfil_info: 100.0%    6 sec CPU:  86.3%
mdfil_info: 100.0%    6 sec CPU:  86.3%
