WARN: the 'eosmount' alias is deprecated, please use /eos directly
License ports: 28518@lxlicen01.cern.ch,28518@lxlicen02.cern.ch,28518@lxlicen03.cern.ch:/cvmfs/projects.cern.ch/intelsw/psxe/linux/licenses
Intel(R) Parallel Studio XE 2018 Update 2 for Linux*
Copyright (C) 2009-2018 Intel Corporation. All rights reserved.
10786
AMSCommonsI-I-HardwareIdentifiedAs Linux 3.10.0-957.12.1.el7.x86_64 x86_64 2
AMSCommonsI-I-Identified as LittleEndian 64 bit machine. 4294967295
AMSCommonsI-I-amsdatabase /cvmfs/ams.cern.ch/Offline/AMSDataDir/DataBase/
AMSCommonsI-I-MipsFromCPUInfo: 2394.45
AMSCommonsI-I-SystemIdentified as  Intel(R) Xeon(R) CPU E5-2630 v3 @ 2.40GHz
AMSCommonsI-I-ComputerEvaluatedAsMips 3831
AMS Software version v5.02/1220/12 built Fri Apr 19 23:54:38 2019

Geant4  Version 1033
Run ID: 133 Bartel: 14
Input Destination: /eos/ams/user/s/selu/mdst/He122/mdst_60441673.root
Output Destination: /afs/cern.ch/work/c/ctuysuz/private/he_flux/LSF/result_mc_time/time_14/he_flux_14_133.root
Add hist00 from /eos/ams/user/s/selu/mdst/He122/mdst_60441673.root
Start of Init
Use new binning
Start of Eventloop
Ntr, Nent= 1 434268
IsMC= 1
Parameter[0] = -2.62922
Parameter[1] = -3.00854
Parameter[2] = -3.59134
Parameter[3] = -5.49431
Parameter[4] = 0.150366
Parameter[5] = -2.1251
mdfil_info:  10.0%   12 sec CPU:  19.4%
mdfil_info:  20.0%   19 sec CPU:  23.6%
mdfil_info:  30.0%   24 sec CPU:  27.1%
mdfil_info:  40.0%   29 sec CPU:  30.1%
mdfil_info:  50.0%   34 sec CPU:  32.6%
mdfil_info:  60.0%   38 sec CPU:  34.6%
mdfil_info:  70.0%   42 sec CPU:  36.3%
mdfil_info:  80.0%   47 sec CPU:  37.0%
mdfil_info:  90.0%   52 sec CPU:  38.0%
mdfil_info: 100.0%   56 sec CPU:  38.9%
mdfil_info: 100.0%   56 sec CPU:  38.9%
25501
AMSCommonsI-I-HardwareIdentifiedAs Linux 3.10.0-957.12.1.el7.x86_64 x86_64 2
AMSCommonsI-I-Identified as LittleEndian 64 bit machine. 4294967295
AMSCommonsI-I-amsdatabase /cvmfs/ams.cern.ch/Offline/AMSDataDir/DataBase/
AMSCommonsI-I-MipsFromCPUInfo: 2394.45
AMSCommonsI-I-SystemIdentified as  Intel(R) Xeon(R) CPU E5-2630 v3 @ 2.40GHz
AMSCommonsI-I-ComputerEvaluatedAsMips 3831
AMS Software version v5.02/1220/12 built Fri Apr 19 23:54:38 2019

Geant4  Version 1033
Run ID: 314 Bartel: 68
Input Destination: /eos/ams/user/s/selu/mdst/He122/mdst_60441854.root
Output Destination: /afs/cern.ch/work/c/ctuysuz/private/he_flux/LSF/result_mc_time/time_68/he_flux_68_314.root
Add hist00 from /eos/ams/user/s/selu/mdst/He122/mdst_60441854.root
Start of Init
Use new binning
Start of Eventloop
Ntr, Nent= 1 440097
IsMC= 1
Parameter[0] = -2.5639
Parameter[1] = -2.98035
Parameter[2] = -3.58993
Parameter[3] = -5.51419
Parameter[4] = 0.0804353
Parameter[5] = -2.39662
mdfil_info:  10.0%    9 sec CPU:  26.4%
mdfil_info:  20.0%   13 sec CPU:  35.1%
mdfil_info:  30.0%   17 sec CPU:  38.8%
mdfil_info:  40.0%   22 sec CPU:  41.1%
mdfil_info:  50.0%   26 sec CPU:  43.1%
mdfil_info:  60.0%   31 sec CPU:  43.5%
mdfil_info:  70.0%   35 sec CPU:  44.6%
mdfil_info:  80.0%   39 sec CPU:  45.2%
mdfil_info:  90.0%   44 sec CPU:  45.5%
mdfil_info: 100.0%   48 sec CPU:  45.8%
mdfil_info: 100.0%   48 sec CPU:  45.8%
40216
AMSCommonsI-I-HardwareIdentifiedAs Linux 3.10.0-957.12.1.el7.x86_64 x86_64 2
AMSCommonsI-I-Identified as LittleEndian 64 bit machine. 4294967295
AMSCommonsI-I-amsdatabase /cvmfs/ams.cern.ch/Offline/AMSDataDir/DataBase/
AMSCommonsI-I-MipsFromCPUInfo: 2394.45
AMSCommonsI-I-SystemIdentified as  Intel(R) Xeon(R) CPU E5-2630 v3 @ 2.40GHz
AMSCommonsI-I-ComputerEvaluatedAsMips 3831
AMS Software version v5.02/1220/12 built Fri Apr 19 23:54:38 2019

Geant4  Version 1033
Run ID: 496 Bartel: 41
Input Destination: /eos/ams/user/s/selu/mdst/He314/mdst_120929897.root
Output Destination: /afs/cern.ch/work/c/ctuysuz/private/he_flux/LSF/result_mc_time/time_41/he_flux_41_496.root
Add hist00 from /eos/ams/user/s/selu/mdst/He314/mdst_120929897.root
Start of Init
Use new binning
Start of Eventloop
Ntr, Nent= 1 109978
IsMC= 1
Parameter[0] = -2.77453
Parameter[1] = -3.05397
Parameter[2] = -3.61054
Parameter[3] = -5.55839
Parameter[4] = 0.485122
Parameter[5] = -2.44204
mdfil_info:  10.0%    2 sec CPU:  33.3%
mdfil_info:  20.0%    4 sec CPU:  29.7%
mdfil_info:  30.0%    7 sec CPU:  25.9%
mdfil_info:  40.0%    8 sec CPU:  30.6%
mdfil_info:  50.0%    9 sec CPU:  34.0%
mdfil_info:  60.0%   10 sec CPU:  37.4%
mdfil_info:  70.0%   10 sec CPU:  40.8%
mdfil_info:  80.0%   11 sec CPU:  43.7%
mdfil_info:  90.0%   12 sec CPU:  45.9%
mdfil_info: 100.0%   12 sec CPU:  47.8%
mdfil_info: 100.0%   12 sec CPU:  47.8%
