WARN: the 'eosmount' alias is deprecated, please use /eos directly
License ports: 28518@lxlicen01.cern.ch,28518@lxlicen02.cern.ch,28518@lxlicen03.cern.ch:/cvmfs/projects.cern.ch/intelsw/psxe/linux/licenses
Intel(R) Parallel Studio XE 2018 Update 2 for Linux*
Copyright (C) 2009-2018 Intel Corporation. All rights reserved.
10887
AMSCommonsI-I-HardwareIdentifiedAs Linux 3.10.0-957.12.1.el7.x86_64 x86_64 2
AMSCommonsI-I-Identified as LittleEndian 64 bit machine. 4294967295
AMSCommonsI-I-amsdatabase /cvmfs/ams.cern.ch/Offline/AMSDataDir/DataBase/
AMSCommonsI-I-MipsFromCPUInfo: 2195.1
AMSCommonsI-I-SystemIdentified as  Intel(R) Xeon(R) CPU E5-2630 v4 @ 2.20GHz
AMSCommonsI-I-ComputerEvaluatedAsMips 3512
AMS Software version v5.02/1220/12 built Fri Apr 19 23:54:38 2019

Geant4  Version 1033
Run ID: 134 Bartel: 34
Input Destination: /eos/ams/user/s/selu/mdst/He122/mdst_60441674.root
Output Destination: /afs/cern.ch/work/c/ctuysuz/private/he_flux/LSF/result_mc_time/time_34/he_flux_34_134.root
Add hist00 from /eos/ams/user/s/selu/mdst/He122/mdst_60441674.root
Start of Init
Use new binning
Start of Eventloop
Ntr, Nent= 1 435866
IsMC= 1
Parameter[0] = -2.72052
Parameter[1] = -2.99045
Parameter[2] = -3.54577
Parameter[3] = -5.51973
Parameter[4] = 0.499199
Parameter[5] = -2.55339
mdfil_info:  10.0%   18 sec CPU:  13.0%
mdfil_info:  20.0%   24 sec CPU:  18.3%
mdfil_info:  30.0%   30 sec CPU:  21.2%
mdfil_info:  40.0%   37 sec CPU:  23.2%
mdfil_info:  50.0%   43 sec CPU:  25.1%
mdfil_info:  60.0%   49 sec CPU:  26.5%
mdfil_info:  70.0%   54 sec CPU:  27.5%
mdfil_info:  80.0%   61 sec CPU:  28.1%
mdfil_info:  90.0%   66 sec CPU:  28.9%
mdfil_info: 100.0%   72 sec CPU:  29.6%
mdfil_info: 100.0%   72 sec CPU:  29.6%
25602
AMSCommonsI-I-HardwareIdentifiedAs Linux 3.10.0-957.12.1.el7.x86_64 x86_64 2
AMSCommonsI-I-Identified as LittleEndian 64 bit machine. 4294967295
AMSCommonsI-I-amsdatabase /cvmfs/ams.cern.ch/Offline/AMSDataDir/DataBase/
AMSCommonsI-I-MipsFromCPUInfo: 2195.1
AMSCommonsI-I-SystemIdentified as  Intel(R) Xeon(R) CPU E5-2630 v4 @ 2.20GHz
AMSCommonsI-I-ComputerEvaluatedAsMips 3512
AMS Software version v5.02/1220/12 built Fri Apr 19 23:54:38 2019

Geant4  Version 1033
Run ID: 316 Bartel: 7
Input Destination: /eos/ams/user/s/selu/mdst/He122/mdst_60441856.root
Output Destination: /afs/cern.ch/work/c/ctuysuz/private/he_flux/LSF/result_mc_time/time_7/he_flux_7_316.root
Add hist00 from /eos/ams/user/s/selu/mdst/He122/mdst_60441856.root
Start of Init
Use new binning
Start of Eventloop
Ntr, Nent= 1 441534
IsMC= 1
Parameter[0] = -2.6167
Parameter[1] = -3.01884
Parameter[2] = -3.60527
Parameter[3] = -5.52044
Parameter[4] = 0.00890243
Parameter[5] = -2.31265
mdfil_info:  10.0%    2 sec CPU:  85.7%
mdfil_info:  20.0%    4 sec CPU:  88.5%
mdfil_info:  30.0%    6 sec CPU:  90.5%
mdfil_info:  40.0%    8 sec CPU:  92.0%
mdfil_info:  50.0%   10 sec CPU:  93.1%
mdfil_info:  60.0%   12 sec CPU:  94.0%
mdfil_info:  70.0%   14 sec CPU:  94.1%
mdfil_info:  80.0%   16 sec CPU:  94.5%
mdfil_info:  90.0%   17 sec CPU:  94.4%
mdfil_info: 100.0%   19 sec CPU:  94.7%
mdfil_info: 100.0%   19 sec CPU:  94.7%
40317
AMSCommonsI-I-HardwareIdentifiedAs Linux 3.10.0-957.12.1.el7.x86_64 x86_64 2
AMSCommonsI-I-Identified as LittleEndian 64 bit machine. 4294967295
AMSCommonsI-I-amsdatabase /cvmfs/ams.cern.ch/Offline/AMSDataDir/DataBase/
AMSCommonsI-I-MipsFromCPUInfo: 2195.1
AMSCommonsI-I-SystemIdentified as  Intel(R) Xeon(R) CPU E5-2630 v4 @ 2.20GHz
AMSCommonsI-I-ComputerEvaluatedAsMips 3512
AMS Software version v5.02/1220/12 built Fri Apr 19 23:54:38 2019

Geant4  Version 1033
Run ID: 497 Bartel: 61
Input Destination: /eos/ams/user/s/selu/mdst/He314/mdst_120929898.root
Output Destination: /afs/cern.ch/work/c/ctuysuz/private/he_flux/LSF/result_mc_time/time_61/he_flux_61_497.root
Add hist00 from /eos/ams/user/s/selu/mdst/He314/mdst_120929898.root
Start of Init
Use new binning
Start of Eventloop
Ntr, Nent= 1 97181
IsMC= 1
Parameter[0] = -2.66257
Parameter[1] = -3.02879
Parameter[2] = -3.60772
Parameter[3] = -5.54397
Parameter[4] = 0.208408
Parameter[5] = -2.47782
mdfil_info:  10.0%    5 sec CPU:  10.2%
mdfil_info:  20.0%   10 sec CPU:  10.6%
mdfil_info:  30.0%   14 sec CPU:  11.2%
mdfil_info:  40.0%   17 sec CPU:  12.7%
mdfil_info:  50.0%   19 sec CPU:  14.4%
mdfil_info:  60.0%   20 sec CPU:  15.5%
mdfil_info:  70.0%   22 sec CPU:  16.7%
mdfil_info:  80.0%   23 sec CPU:  17.9%
mdfil_info:  90.0%   24 sec CPU:  18.7%
mdfil_info: 100.0%   25 sec CPU:  19.7%
mdfil_info: 100.0%   25 sec CPU:  19.7%
