WARN: the 'eosmount' alias is deprecated, please use /eos directly
License ports: 28518@lxlicen01.cern.ch,28518@lxlicen02.cern.ch,28518@lxlicen03.cern.ch:/cvmfs/projects.cern.ch/intelsw/psxe/linux/licenses
Intel(R) Parallel Studio XE 2018 Update 2 for Linux*
Copyright (C) 2009-2018 Intel Corporation. All rights reserved.
11975
AMSCommonsI-I-HardwareIdentifiedAs Linux 3.10.0-957.10.1.el7.x86_64 x86_64 2
AMSCommonsI-I-Identified as LittleEndian 64 bit machine. 4294967295
AMSCommonsI-I-amsdatabase /cvmfs/ams.cern.ch/Offline/AMSDataDir/DataBase/
AMSCommonsI-I-MipsFromCPUInfo: 2194.92
AMSCommonsI-I-SystemIdentified as  Intel(R) Xeon(R) CPU E5-2630 v4 @ 2.20GHz
AMSCommonsI-I-ComputerEvaluatedAsMips 3511
AMS Software version v5.02/1220/12 built Fri Apr 19 23:54:38 2019

Geant4  Version 1033
Run ID: 147 Bartel: 69
Input Destination: /eos/ams/user/s/selu/mdst/He122/mdst_60441687.root
Output Destination: /afs/cern.ch/work/c/ctuysuz/private/he_flux/LSF/result_mc_time/time_69/he_flux_69_147.root
Add hist00 from /eos/ams/user/s/selu/mdst/He122/mdst_60441687.root
Start of Init
Use new binning
Start of Eventloop
Ntr, Nent= 1 438104
IsMC= 1
Parameter[0] = -2.5456
Parameter[1] = -2.98028
Parameter[2] = -3.58897
Parameter[3] = -5.48942
Parameter[4] = 0.110577
Parameter[5] = -2.14012
mdfil_info:  10.0%   18 sec CPU:  13.0%
mdfil_info:  20.0%   25 sec CPU:  17.7%
mdfil_info:  30.0%   37 sec CPU:  18.0%
mdfil_info:  40.0%   46 sec CPU:  18.9%
mdfil_info:  50.0%   55 sec CPU:  19.8%
mdfil_info:  60.0%   63 sec CPU:  20.5%
mdfil_info:  70.0%   73 sec CPU:  20.5%
mdfil_info:  80.0%   83 sec CPU:  20.5%
mdfil_info:  90.0%   93 sec CPU:  20.8%
mdfil_info: 100.0%   99 sec CPU:  21.5%
mdfil_info: 100.0%   99 sec CPU:  21.5%
26690
AMSCommonsI-I-HardwareIdentifiedAs Linux 3.10.0-957.10.1.el7.x86_64 x86_64 2
AMSCommonsI-I-Identified as LittleEndian 64 bit machine. 4294967295
AMSCommonsI-I-amsdatabase /cvmfs/ams.cern.ch/Offline/AMSDataDir/DataBase/
AMSCommonsI-I-MipsFromCPUInfo: 2194.92
AMSCommonsI-I-SystemIdentified as  Intel(R) Xeon(R) CPU E5-2630 v4 @ 2.20GHz
AMSCommonsI-I-ComputerEvaluatedAsMips 3511
AMS Software version v5.02/1220/12 built Fri Apr 19 23:54:38 2019

Geant4  Version 1033
Run ID: 329 Bartel: 42
Input Destination: /eos/ams/user/s/selu/mdst/He122/mdst_60441869.root
Output Destination: /afs/cern.ch/work/c/ctuysuz/private/he_flux/LSF/result_mc_time/time_42/he_flux_42_329.root
Add hist00 from /eos/ams/user/s/selu/mdst/He122/mdst_60441869.root
Start of Init
Use new binning
Start of Eventloop
Ntr, Nent= 1 437275
IsMC= 1
Parameter[0] = -2.78027
Parameter[1] = -3.06778
Parameter[2] = -3.62449
Parameter[3] = -5.58149
Parameter[4] = 0.44175
Parameter[5] = -2.56338
mdfil_info:  10.0%    3 sec CPU:  72.4%
mdfil_info:  20.0%    5 sec CPU:  77.9%
mdfil_info:  30.0%    8 sec CPU:  80.7%
mdfil_info:  40.0%   10 sec CPU:  82.0%
mdfil_info:  50.0%   12 sec CPU:  83.1%
mdfil_info:  60.0%   14 sec CPU:  84.1%
mdfil_info:  70.0%   16 sec CPU:  85.0%
mdfil_info:  80.0%   18 sec CPU:  85.3%
mdfil_info:  90.0%   20 sec CPU:  85.8%
mdfil_info: 100.0%   22 sec CPU:  86.0%
mdfil_info: 100.0%   22 sec CPU:  86.0%
41405
AMSCommonsI-I-HardwareIdentifiedAs Linux 3.10.0-957.10.1.el7.x86_64 x86_64 2
AMSCommonsI-I-Identified as LittleEndian 64 bit machine. 4294967295
AMSCommonsI-I-amsdatabase /cvmfs/ams.cern.ch/Offline/AMSDataDir/DataBase/
AMSCommonsI-I-MipsFromCPUInfo: 2194.92
AMSCommonsI-I-SystemIdentified as  Intel(R) Xeon(R) CPU E5-2630 v4 @ 2.20GHz
AMSCommonsI-I-ComputerEvaluatedAsMips 3511
AMS Software version v5.02/1220/12 built Fri Apr 19 23:54:38 2019

Geant4  Version 1033
Run ID: 511 Bartel: 15
Input Destination: /eos/ams/user/s/selu/mdst/He314/mdst_120929912.root
Output Destination: /afs/cern.ch/work/c/ctuysuz/private/he_flux/LSF/result_mc_time/time_15/he_flux_15_511.root
Add hist00 from /eos/ams/user/s/selu/mdst/He314/mdst_120929912.root
Start of Init
Use new binning
Start of Eventloop
Ntr, Nent= 1 98291
IsMC= 1
Parameter[0] = -2.64949
Parameter[1] = -3.02393
Parameter[2] = -3.59344
Parameter[3] = -5.52782
Parameter[4] = 0.200514
Parameter[5] = -2.29505
mdfil_info:  10.0%    1 sec CPU:  72.3%
mdfil_info:  20.0%    1 sec CPU:  74.2%
mdfil_info:  30.0%    2 sec CPU:  75.7%
mdfil_info:  40.0%    3 sec CPU:  77.2%
mdfil_info:  50.0%    3 sec CPU:  79.7%
mdfil_info:  60.0%    4 sec CPU:  81.3%
mdfil_info:  70.0%    4 sec CPU:  82.0%
mdfil_info:  80.0%    5 sec CPU:  82.7%
mdfil_info:  90.0%    5 sec CPU:  83.0%
mdfil_info: 100.0%    5 sec CPU:  83.8%
mdfil_info: 100.0%    5 sec CPU:  83.8%
