WARN: the 'eosmount' alias is deprecated, please use /eos directly
License ports: 28518@lxlicen01.cern.ch,28518@lxlicen02.cern.ch,28518@lxlicen03.cern.ch:/cvmfs/projects.cern.ch/intelsw/psxe/linux/licenses
Intel(R) Parallel Studio XE 2018 Update 2 for Linux*
Copyright (C) 2009-2018 Intel Corporation. All rights reserved.
646
AMSCommonsI-I-HardwareIdentifiedAs Linux 3.10.0-957.10.1.el7.x86_64 x86_64 2
AMSCommonsI-I-Identified as LittleEndian 64 bit machine. 4294967295
AMSCommonsI-I-amsdatabase /cvmfs/ams.cern.ch/Offline/AMSDataDir/DataBase/
AMSCommonsI-I-MipsFromCPUInfo: 2194.92
AMSCommonsI-I-SystemIdentified as  Intel(R) Xeon(R) CPU E5-2630 v4 @ 2.20GHz
AMSCommonsI-I-ComputerEvaluatedAsMips 3511
AMS Software version v5.02/1220/12 built Fri Apr 19 23:54:38 2019

Geant4  Version 1033
Run ID: 7 Bartel: 80
Input Destination: /eos/ams/user/s/selu/mdst/He122/mdst_60441546.root
Output Destination: /afs/cern.ch/work/c/ctuysuz/private/he_flux/LSF/result_mc_time/time_80/he_flux_80_7.root
Add hist00 from /eos/ams/user/s/selu/mdst/He122/mdst_60441546.root
Start of Init
Use new binning
Start of Eventloop
Ntr, Nent= 1 438469
IsMC= 1
Parameter[0] = -2.47357
Parameter[1] = -2.95263
Parameter[2] = -3.57222
Parameter[3] = -5.51993
Parameter[4] = -0.016679
Parameter[5] = -2.31576
mdfil_info:  10.0%   23 sec CPU:   9.7%
mdfil_info:  20.0%   35 sec CPU:  12.5%
mdfil_info:  30.0%   46 sec CPU:  14.0%
mdfil_info:  40.0%   61 sec CPU:  14.0%
mdfil_info:  50.0%   76 sec CPU:  13.9%
mdfil_info:  60.0%   88 sec CPU:  14.5%
mdfil_info:  70.0%   98 sec CPU:  15.3%
mdfil_info:  80.0%  105 sec CPU:  16.1%
mdfil_info:  90.0%  118 sec CPU:  16.3%
mdfil_info: 100.0%  128 sec CPU:  16.5%
mdfil_info: 100.0%  128 sec CPU:  16.5%
15361
AMSCommonsI-I-HardwareIdentifiedAs Linux 3.10.0-957.10.1.el7.x86_64 x86_64 2
AMSCommonsI-I-Identified as LittleEndian 64 bit machine. 4294967295
AMSCommonsI-I-amsdatabase /cvmfs/ams.cern.ch/Offline/AMSDataDir/DataBase/
AMSCommonsI-I-MipsFromCPUInfo: 2194.92
AMSCommonsI-I-SystemIdentified as  Intel(R) Xeon(R) CPU E5-2630 v4 @ 2.20GHz
AMSCommonsI-I-ComputerEvaluatedAsMips 3511
AMS Software version v5.02/1220/12 built Fri Apr 19 23:54:38 2019

Geant4  Version 1033
Run ID: 189 Bartel: 53
Input Destination: /eos/ams/user/s/selu/mdst/He122/mdst_60441729.root
Output Destination: /afs/cern.ch/work/c/ctuysuz/private/he_flux/LSF/result_mc_time/time_53/he_flux_53_189.root
Add hist00 from /eos/ams/user/s/selu/mdst/He122/mdst_60441729.root
Start of Init
Use new binning
Start of Eventloop
Ntr, Nent= 1 398362
IsMC= 1
Parameter[0] = -2.79614
Parameter[1] = -3.0736
Parameter[2] = -3.62637
Parameter[3] = -5.54999
Parameter[4] = 0.554084
Parameter[5] = -2.43435
mdfil_info:  10.0%    3 sec CPU:  70.2%
mdfil_info:  20.0%    5 sec CPU:  76.1%
mdfil_info:  30.0%    7 sec CPU:  79.1%
mdfil_info:  40.0%    9 sec CPU:  80.5%
mdfil_info:  50.0%   11 sec CPU:  81.4%
mdfil_info:  60.0%   14 sec CPU:  82.3%
mdfil_info:  70.0%   16 sec CPU:  82.7%
mdfil_info:  80.0%   18 sec CPU:  83.0%
mdfil_info:  90.0%   20 sec CPU:  83.2%
mdfil_info: 100.0%   22 sec CPU:  83.2%
mdfil_info: 100.0%   22 sec CPU:  83.2%
30076
AMSCommonsI-I-HardwareIdentifiedAs Linux 3.10.0-957.10.1.el7.x86_64 x86_64 2
AMSCommonsI-I-Identified as LittleEndian 64 bit machine. 4294967295
AMSCommonsI-I-amsdatabase /cvmfs/ams.cern.ch/Offline/AMSDataDir/DataBase/
AMSCommonsI-I-MipsFromCPUInfo: 2194.92
AMSCommonsI-I-SystemIdentified as  Intel(R) Xeon(R) CPU E5-2630 v4 @ 2.20GHz
AMSCommonsI-I-ComputerEvaluatedAsMips 3511
AMS Software version v5.02/1220/12 built Fri Apr 19 23:54:38 2019

Geant4  Version 1033
Run ID: 371 Bartel: 26
Input Destination: /eos/ams/user/s/selu/mdst/He122/mdst_60442259.root
Output Destination: /afs/cern.ch/work/c/ctuysuz/private/he_flux/LSF/result_mc_time/time_26/he_flux_26_371.root
Add hist00 from /eos/ams/user/s/selu/mdst/He122/mdst_60442259.root
Start of Init
Use new binning
Start of Eventloop
Ntr, Nent= 1 438415
IsMC= 1
Parameter[0] = -2.69537
Parameter[1] = -3.03409
Parameter[2] = -3.6054
Parameter[3] = -5.53507
Parameter[4] = 0.209297
Parameter[5] = -2.37536
mdfil_info:  10.0%    3 sec CPU:  71.7%
mdfil_info:  20.0%    5 sec CPU:  78.4%
mdfil_info:  30.0%    8 sec CPU:  80.8%
mdfil_info:  40.0%   10 sec CPU:  82.0%
mdfil_info:  50.0%   13 sec CPU:  82.5%
mdfil_info:  60.0%   15 sec CPU:  83.1%
mdfil_info:  70.0%   17 sec CPU:  83.5%
mdfil_info:  80.0%   19 sec CPU:  83.9%
mdfil_info:  90.0%   22 sec CPU:  84.1%
mdfil_info: 100.0%   24 sec CPU:  84.4%
mdfil_info: 100.0%   24 sec CPU:  84.4%
