WARN: the 'eosmount' alias is deprecated, please use /eos directly
License ports: 28518@lxlicen01.cern.ch,28518@lxlicen02.cern.ch,28518@lxlicen03.cern.ch:/cvmfs/projects.cern.ch/intelsw/psxe/linux/licenses
Intel(R) Parallel Studio XE 2018 Update 2 for Linux*
Copyright (C) 2009-2018 Intel Corporation. All rights reserved.
5488
AMSCommonsI-I-HardwareIdentifiedAs Linux 3.10.0-957.12.1.el7.x86_64 x86_64 2
AMSCommonsI-I-Identified as LittleEndian 64 bit machine. 4294967295
AMSCommonsI-I-amsdatabase /cvmfs/ams.cern.ch/Offline/AMSDataDir/DataBase/
AMSCommonsI-I-MipsFromCPUInfo: 2195.1
AMSCommonsI-I-SystemIdentified as  Intel(R) Xeon(R) CPU E5-2630 v4 @ 2.20GHz
AMSCommonsI-I-ComputerEvaluatedAsMips 3512
AMS Software version v5.02/1220/12 built Fri Apr 19 23:54:38 2019

Geant4  Version 1033
Run ID: 67 Bartel: 62
Input Destination: /eos/ams/user/s/selu/mdst/He122/mdst_60441606.root
Output Destination: /afs/cern.ch/work/c/ctuysuz/private/he_flux/LSF/result_mc_time/time_62/he_flux_62_67.root
Add hist00 from /eos/ams/user/s/selu/mdst/He122/mdst_60441606.root
Start of Init
Use new binning
Start of Eventloop
Ntr, Nent= 1 439362
IsMC= 1
Parameter[0] = -2.64206
Parameter[1] = -3.02985
Parameter[2] = -3.62083
Parameter[3] = -5.50236
Parameter[4] = 0.0367156
Parameter[5] = -2.23473
mdfil_info:  10.0%    3 sec CPU:  81.4%
mdfil_info:  20.0%    5 sec CPU:  86.4%
mdfil_info:  30.0%    7 sec CPU:  88.0%
mdfil_info:  40.0%    9 sec CPU:  90.2%
mdfil_info:  50.0%   11 sec CPU:  90.5%
mdfil_info:  60.0%   13 sec CPU:  91.9%
mdfil_info:  70.0%   15 sec CPU:  92.1%
mdfil_info:  80.0%   17 sec CPU:  92.2%
mdfil_info:  90.0%   19 sec CPU:  92.1%
mdfil_info: 100.0%   22 sec CPU:  92.7%
mdfil_info: 100.0%   22 sec CPU:  92.7%
20203
AMSCommonsI-I-HardwareIdentifiedAs Linux 3.10.0-957.12.1.el7.x86_64 x86_64 2
AMSCommonsI-I-Identified as LittleEndian 64 bit machine. 4294967295
AMSCommonsI-I-amsdatabase /cvmfs/ams.cern.ch/Offline/AMSDataDir/DataBase/
AMSCommonsI-I-MipsFromCPUInfo: 2195.1
AMSCommonsI-I-SystemIdentified as  Intel(R) Xeon(R) CPU E5-2630 v4 @ 2.20GHz
AMSCommonsI-I-ComputerEvaluatedAsMips 3512
AMS Software version v5.02/1220/12 built Fri Apr 19 23:54:38 2019

Geant4  Version 1033
Run ID: 249 Bartel: 35
Input Destination: /eos/ams/user/s/selu/mdst/He122/mdst_60441789.root
Output Destination: /afs/cern.ch/work/c/ctuysuz/private/he_flux/LSF/result_mc_time/time_35/he_flux_35_249.root
Add hist00 from /eos/ams/user/s/selu/mdst/He122/mdst_60441789.root
Start of Init
Use new binning
Start of Eventloop
Ntr, Nent= 1 439078
IsMC= 1
Parameter[0] = -2.78972
Parameter[1] = -3.05942
Parameter[2] = -3.61356
Parameter[3] = -5.57982
Parameter[4] = 0.513637
Parameter[5] = -2.53477
mdfil_info:  10.0%    2 sec CPU:  86.1%
mdfil_info:  20.0%    5 sec CPU:  87.8%
mdfil_info:  30.0%    7 sec CPU:  90.5%
mdfil_info:  40.0%    9 sec CPU:  92.3%
mdfil_info:  50.0%   11 sec CPU:  92.1%
mdfil_info:  60.0%   13 sec CPU:  93.0%
mdfil_info:  70.0%   15 sec CPU:  93.1%
mdfil_info:  80.0%   17 sec CPU:  93.2%
mdfil_info:  90.0%   19 sec CPU:  94.0%
mdfil_info: 100.0%   21 sec CPU:  94.1%
mdfil_info: 100.0%   21 sec CPU:  94.1%
34918
AMSCommonsI-I-HardwareIdentifiedAs Linux 3.10.0-957.12.1.el7.x86_64 x86_64 2
AMSCommonsI-I-Identified as LittleEndian 64 bit machine. 4294967295
AMSCommonsI-I-amsdatabase /cvmfs/ams.cern.ch/Offline/AMSDataDir/DataBase/
AMSCommonsI-I-MipsFromCPUInfo: 2195.1
AMSCommonsI-I-SystemIdentified as  Intel(R) Xeon(R) CPU E5-2630 v4 @ 2.20GHz
AMSCommonsI-I-ComputerEvaluatedAsMips 3512
AMS Software version v5.02/1220/12 built Fri Apr 19 23:54:38 2019

Geant4  Version 1033
Run ID: 431 Bartel: 8
Input Destination: /eos/ams/user/s/selu/mdst/He122/mdst_60442319.root
Output Destination: /afs/cern.ch/work/c/ctuysuz/private/he_flux/LSF/result_mc_time/time_8/he_flux_8_431.root
Add hist00 from /eos/ams/user/s/selu/mdst/He122/mdst_60442319.root
Start of Init
Use new binning
Start of Eventloop
Ntr, Nent= 1 436124
IsMC= 1
Parameter[0] = -2.58724
Parameter[1] = -2.99412
Parameter[2] = -3.58142
Parameter[3] = -5.49201
Parameter[4] = 0.101989
Parameter[5] = -2.14779
mdfil_info:  10.0%   20 sec CPU:  11.7%
mdfil_info:  20.0%   32 sec CPU:  14.0%
mdfil_info:  30.0%   38 sec CPU:  17.2%
mdfil_info:  40.0%   45 sec CPU:  19.3%
mdfil_info:  50.0%   55 sec CPU:  19.7%
mdfil_info:  60.0%   63 sec CPU:  20.6%
mdfil_info:  70.0%   69 sec CPU:  21.9%
mdfil_info:  80.0%   75 sec CPU:  23.1%
mdfil_info:  90.0%   81 sec CPU:  23.8%
mdfil_info: 100.0%   88 sec CPU:  24.6%
mdfil_info: 100.0%   88 sec CPU:  24.6%
