WARN: the 'eosmount' alias is deprecated, please use /eos directly
License ports: 28518@lxlicen01.cern.ch,28518@lxlicen02.cern.ch,28518@lxlicen03.cern.ch:/cvmfs/projects.cern.ch/intelsw/psxe/linux/licenses
Intel(R) Parallel Studio XE 2018 Update 2 for Linux*
Copyright (C) 2009-2018 Intel Corporation. All rights reserved.
11654
AMSCommonsI-I-HardwareIdentifiedAs Linux 3.10.0-957.12.1.el7.x86_64 x86_64 2
AMSCommonsI-I-Identified as LittleEndian 64 bit machine. 4294967295
AMSCommonsI-I-amsdatabase /cvmfs/ams.cern.ch/Offline/AMSDataDir/DataBase/
AMSCommonsI-I-MipsFromCPUInfo: 2195.1
AMSCommonsI-I-SystemIdentified as  Intel(R) Xeon(R) CPU E5-2630 v4 @ 2.20GHz
AMSCommonsI-I-ComputerEvaluatedAsMips 3512
AMS Software version v5.02/1220/12 built Fri Apr 19 23:54:38 2019

Geant4  Version 1033
Run ID: 143 Bartel: 72
Input Destination: /eos/ams/user/s/selu/mdst/He122/mdst_60441683.root
Output Destination: /afs/cern.ch/work/c/ctuysuz/private/he_flux/LSF/result_mc_time/time_72/he_flux_72_143.root
Add hist00 from /eos/ams/user/s/selu/mdst/He122/mdst_60441683.root
Start of Init
Use new binning
Start of Eventloop
Ntr, Nent= 1 440257
IsMC= 1
Parameter[0] = -2.52985
Parameter[1] = -2.97442
Parameter[2] = -3.57417
Parameter[3] = -5.4923
Parameter[4] = 0.0500631
Parameter[5] = -2.16099
mdfil_info:  10.0%    2 sec CPU:  77.1%
mdfil_info:  20.0%    4 sec CPU:  82.1%
mdfil_info:  30.0%    6 sec CPU:  84.3%
mdfil_info:  40.0%    8 sec CPU:  85.2%
mdfil_info:  50.0%   10 sec CPU:  85.4%
mdfil_info:  60.0%   12 sec CPU:  86.0%
mdfil_info:  70.0%   14 sec CPU:  86.2%
mdfil_info:  80.0%   15 sec CPU:  86.6%
mdfil_info:  90.0%   17 sec CPU:  86.9%
mdfil_info: 100.0%   19 sec CPU:  87.1%
mdfil_info: 100.0%   19 sec CPU:  87.1%
26369
AMSCommonsI-I-HardwareIdentifiedAs Linux 3.10.0-957.12.1.el7.x86_64 x86_64 2
AMSCommonsI-I-Identified as LittleEndian 64 bit machine. 4294967295
AMSCommonsI-I-amsdatabase /cvmfs/ams.cern.ch/Offline/AMSDataDir/DataBase/
AMSCommonsI-I-MipsFromCPUInfo: 2195.1
AMSCommonsI-I-SystemIdentified as  Intel(R) Xeon(R) CPU E5-2630 v4 @ 2.20GHz
AMSCommonsI-I-ComputerEvaluatedAsMips 3512
AMS Software version v5.02/1220/12 built Fri Apr 19 23:54:38 2019

Geant4  Version 1033
Run ID: 325 Bartel: 45
Input Destination: /eos/ams/user/s/selu/mdst/He122/mdst_60441865.root
Output Destination: /afs/cern.ch/work/c/ctuysuz/private/he_flux/LSF/result_mc_time/time_45/he_flux_45_325.root
Add hist00 from /eos/ams/user/s/selu/mdst/He122/mdst_60441865.root
Start of Init
Use new binning
Start of Eventloop
Ntr, Nent= 1 440856
IsMC= 1
Parameter[0] = -2.72237
Parameter[1] = -3.03584
Parameter[2] = -3.61262
Parameter[3] = -5.57823
Parameter[4] = 0.342515
Parameter[5] = -2.5989
mdfil_info:  10.0%    2 sec CPU:  75.7%
mdfil_info:  20.0%    4 sec CPU:  82.4%
mdfil_info:  30.0%    6 sec CPU:  84.6%
mdfil_info:  40.0%    8 sec CPU:  86.0%
mdfil_info:  50.0%   10 sec CPU:  86.8%
mdfil_info:  60.0%   12 sec CPU:  86.9%
mdfil_info:  70.0%   14 sec CPU:  87.3%
mdfil_info:  80.0%   16 sec CPU:  87.3%
mdfil_info:  90.0%   18 sec CPU:  87.4%
mdfil_info: 100.0%   21 sec CPU:  87.4%
mdfil_info: 100.0%   21 sec CPU:  87.4%
41084
AMSCommonsI-I-HardwareIdentifiedAs Linux 3.10.0-957.12.1.el7.x86_64 x86_64 2
AMSCommonsI-I-Identified as LittleEndian 64 bit machine. 4294967295
AMSCommonsI-I-amsdatabase /cvmfs/ams.cern.ch/Offline/AMSDataDir/DataBase/
AMSCommonsI-I-MipsFromCPUInfo: 2195.1
AMSCommonsI-I-SystemIdentified as  Intel(R) Xeon(R) CPU E5-2630 v4 @ 2.20GHz
AMSCommonsI-I-ComputerEvaluatedAsMips 3512
AMS Software version v5.02/1220/12 built Fri Apr 19 23:54:38 2019

Geant4  Version 1033
Run ID: 507 Bartel: 18
Input Destination: /eos/ams/user/s/selu/mdst/He314/mdst_120929908.root
Output Destination: /afs/cern.ch/work/c/ctuysuz/private/he_flux/LSF/result_mc_time/time_18/he_flux_18_507.root
Add hist00 from /eos/ams/user/s/selu/mdst/He314/mdst_120929908.root
Start of Init
Use new binning
Start of Eventloop
Ntr, Nent= 1 110282
IsMC= 1
Parameter[0] = -2.73216
Parameter[1] = -3.05371
Parameter[2] = -3.61222
Parameter[3] = -5.57201
Parameter[4] = 0.25419
Parameter[5] = -2.54834
mdfil_info:  10.0%   65 sec CPU:   0.8%
mdfil_info:  20.0%  119 sec CPU:   0.9%
mdfil_info:  30.0%  171 sec CPU:   0.9%
mdfil_info:  40.0%  185 sec CPU:   1.1%
mdfil_info:  50.0%  198 sec CPU:   1.3%
mdfil_info:  60.0%  208 sec CPU:   1.4%
mdfil_info:  70.0%  226 sec CPU:   1.5%
mdfil_info:  80.0%  245 sec CPU:   1.6%
mdfil_info:  90.0%  261 sec CPU:   1.7%
mdfil_info: 100.0%  274 sec CPU:   1.8%
mdfil_info: 100.0%  274 sec CPU:   1.8%
