WARN: the 'eosmount' alias is deprecated, please use /eos directly
License ports: 28518@lxlicen01.cern.ch,28518@lxlicen02.cern.ch,28518@lxlicen03.cern.ch:/cvmfs/projects.cern.ch/intelsw/psxe/linux/licenses
Intel(R) Parallel Studio XE 2018 Update 2 for Linux*
Copyright (C) 2009-2018 Intel Corporation. All rights reserved.
5269
AMSCommonsI-I-HardwareIdentifiedAs Linux 3.10.0-957.10.1.el7.x86_64 x86_64 2
AMSCommonsI-I-Identified as LittleEndian 64 bit machine. 4294967295
AMSCommonsI-I-amsdatabase /cvmfs/ams.cern.ch/Offline/AMSDataDir/DataBase/
AMSCommonsI-I-MipsFromCPUInfo: 2194.92
AMSCommonsI-I-SystemIdentified as  Intel(R) Xeon(R) CPU E5-2630 v4 @ 2.20GHz
AMSCommonsI-I-ComputerEvaluatedAsMips 3511
AMS Software version v5.02/1220/12 built Fri Apr 19 23:54:38 2019

Geant4  Version 1033
Run ID: 65 Bartel: 5
Input Destination: /eos/ams/user/s/selu/mdst/He122/mdst_60441604.root
Output Destination: /afs/cern.ch/work/c/ctuysuz/private/he_flux/LSF/result_mc_time/time_5/he_flux_5_65.root
Add hist00 from /eos/ams/user/s/selu/mdst/He122/mdst_60441604.root
Start of Init
Use new binning
Start of Eventloop
Ntr, Nent= 1 440934
IsMC= 1
Parameter[0] = -2.62631
Parameter[1] = -3.02179
Parameter[2] = -3.60875
Parameter[3] = -5.5302
Parameter[4] = 0.0850909
Parameter[5] = -2.38189
mdfil_info:  10.0%   12 sec CPU:  14.0%
mdfil_info:  20.0%   22 sec CPU:  15.2%
mdfil_info:  30.0%   34 sec CPU:  14.4%
mdfil_info:  40.0%   42 sec CPU:  15.3%
mdfil_info:  50.0%   56 sec CPU:  14.4%
mdfil_info:  60.0%   64 sec CPU:  15.2%
mdfil_info:  70.0%   76 sec CPU:  15.0%
mdfil_info:  80.0%   85 sec CPU:  15.1%
mdfil_info:  90.0%   93 sec CPU:  15.6%
mdfil_info: 100.0%  105 sec CPU:  15.1%
mdfil_info: 100.0%  105 sec CPU:  15.1%
19984
AMSCommonsI-I-HardwareIdentifiedAs Linux 3.10.0-957.10.1.el7.x86_64 x86_64 2
AMSCommonsI-I-Identified as LittleEndian 64 bit machine. 4294967295
AMSCommonsI-I-amsdatabase /cvmfs/ams.cern.ch/Offline/AMSDataDir/DataBase/
AMSCommonsI-I-MipsFromCPUInfo: 2194.92
AMSCommonsI-I-SystemIdentified as  Intel(R) Xeon(R) CPU E5-2630 v4 @ 2.20GHz
AMSCommonsI-I-ComputerEvaluatedAsMips 3511
AMS Software version v5.02/1220/12 built Fri Apr 19 23:54:38 2019

Geant4  Version 1033
Run ID: 246 Bartel: 59
Input Destination: /eos/ams/user/s/selu/mdst/He122/mdst_60441786.root
Output Destination: /afs/cern.ch/work/c/ctuysuz/private/he_flux/LSF/result_mc_time/time_59/he_flux_59_246.root
Add hist00 from /eos/ams/user/s/selu/mdst/He122/mdst_60441786.root
Start of Init
Use new binning
Start of Eventloop
Ntr, Nent= 1 445280
IsMC= 1
Parameter[0] = -2.68656
Parameter[1] = -3.03432
Parameter[2] = -3.61157
Parameter[3] = -5.53634
Parameter[4] = 0.355938
Parameter[5] = -2.28628
mdfil_info:  10.0%    3 sec CPU:  68.8%
mdfil_info:  20.0%    4 sec CPU:  76.6%
mdfil_info:  30.0%    6 sec CPU:  80.1%
mdfil_info:  40.0%    8 sec CPU:  81.7%
mdfil_info:  50.0%   10 sec CPU:  81.6%
mdfil_info:  60.0%   12 sec CPU:  82.3%
mdfil_info:  70.0%   14 sec CPU:  82.7%
mdfil_info:  80.0%   16 sec CPU:  82.7%
mdfil_info:  90.0%   18 sec CPU:  83.3%
mdfil_info: 100.0%   20 sec CPU:  83.9%
34699
AMSCommonsI-I-HardwareIdentifiedAs Linux 3.10.0-957.10.1.el7.x86_64 x86_64 2
AMSCommonsI-I-Identified as LittleEndian 64 bit machine. 4294967295
AMSCommonsI-I-amsdatabase /cvmfs/ams.cern.ch/Offline/AMSDataDir/DataBase/
AMSCommonsI-I-MipsFromCPUInfo: 2194.92
AMSCommonsI-I-SystemIdentified as  Intel(R) Xeon(R) CPU E5-2630 v4 @ 2.20GHz
AMSCommonsI-I-ComputerEvaluatedAsMips 3511
AMS Software version v5.02/1220/12 built Fri Apr 19 23:54:38 2019

Geant4  Version 1033
Run ID: 428 Bartel: 32
Input Destination: /eos/ams/user/s/selu/mdst/He122/mdst_60442316.root
Output Destination: /afs/cern.ch/work/c/ctuysuz/private/he_flux/LSF/result_mc_time/time_32/he_flux_32_428.root
Add hist00 from /eos/ams/user/s/selu/mdst/He122/mdst_60442316.root
Start of Init
Use new binning
Start of Eventloop
Ntr, Nent= 1 430481
IsMC= 1
Parameter[0] = -2.77785
Parameter[1] = -3.05134
Parameter[2] = -3.60147
Parameter[3] = -5.53079
Parameter[4] = 0.319411
Parameter[5] = -2.38899
mdfil_info:  10.0%   17 sec CPU:  10.7%
mdfil_info:  20.0%   22 sec CPU:  15.1%
mdfil_info:  30.0%   27 sec CPU:  18.2%
mdfil_info:  40.0%   33 sec CPU:  19.9%
mdfil_info:  50.0%   39 sec CPU:  21.0%
mdfil_info:  60.0%   44 sec CPU:  22.0%
mdfil_info:  70.0%   50 sec CPU:  22.5%
mdfil_info:  80.0%   56 sec CPU:  23.1%
mdfil_info:  90.0%   62 sec CPU:  23.7%
mdfil_info: 100.0%   67 sec CPU:  24.1%
mdfil_info: 100.0%   67 sec CPU:  24.1%
