WARN: the 'eosmount' alias is deprecated, please use /eos directly
License ports: 28518@lxlicen01.cern.ch,28518@lxlicen02.cern.ch,28518@lxlicen03.cern.ch:/cvmfs/projects.cern.ch/intelsw/psxe/linux/licenses
Intel(R) Parallel Studio XE 2018 Update 2 for Linux*
Copyright (C) 2009-2018 Intel Corporation. All rights reserved.
8541
AMSCommonsI-I-HardwareIdentifiedAs Linux 3.10.0-957.10.1.el7.x86_64 x86_64 2
AMSCommonsI-I-Identified as LittleEndian 64 bit machine. 4294967295
AMSCommonsI-I-amsdatabase /cvmfs/ams.cern.ch/Offline/AMSDataDir/DataBase/
AMSCommonsI-I-MipsFromCPUInfo: 2194.92
AMSCommonsI-I-SystemIdentified as  Intel(R) Xeon(R) CPU E5-2630 v4 @ 2.20GHz
AMSCommonsI-I-ComputerEvaluatedAsMips 3511
AMS Software version v5.02/1220/12 built Fri Apr 19 23:54:38 2019

Geant4  Version 1033
Run ID: 105 Bartel: 37
Input Destination: /eos/ams/user/s/selu/mdst/He122/mdst_60441645.root
Output Destination: /afs/cern.ch/work/c/ctuysuz/private/he_flux/LSF/result_mc_time/time_37/he_flux_37_105.root
Add hist00 from /eos/ams/user/s/selu/mdst/He122/mdst_60441645.root
Start of Init
Use new binning
Start of Eventloop
Ntr, Nent= 1 439858
IsMC= 1
Parameter[0] = -2.7864
Parameter[1] = -3.05696
Parameter[2] = -3.61656
Parameter[3] = -5.57878
Parameter[4] = 0.423344
Parameter[5] = -2.57309
mdfil_info:  10.0%   19 sec CPU:  11.7%
mdfil_info:  20.0%   27 sec CPU:  16.0%
mdfil_info:  30.0%   36 sec CPU:  18.0%
mdfil_info:  40.0%   44 sec CPU:  19.1%
mdfil_info:  50.0%   52 sec CPU:  20.1%
mdfil_info:  60.0%   59 sec CPU:  21.1%
mdfil_info:  70.0%   67 sec CPU:  22.0%
mdfil_info:  80.0%   73 sec CPU:  22.9%
mdfil_info:  90.0%   81 sec CPU:  23.3%
mdfil_info: 100.0%   87 sec CPU:  24.0%
mdfil_info: 100.0%   87 sec CPU:  24.0%
23256
AMSCommonsI-I-HardwareIdentifiedAs Linux 3.10.0-957.10.1.el7.x86_64 x86_64 2
AMSCommonsI-I-Identified as LittleEndian 64 bit machine. 4294967295
AMSCommonsI-I-amsdatabase /cvmfs/ams.cern.ch/Offline/AMSDataDir/DataBase/
AMSCommonsI-I-MipsFromCPUInfo: 2194.92
AMSCommonsI-I-SystemIdentified as  Intel(R) Xeon(R) CPU E5-2630 v4 @ 2.20GHz
AMSCommonsI-I-ComputerEvaluatedAsMips 3511
AMS Software version v5.02/1220/12 built Fri Apr 19 23:54:38 2019

Geant4  Version 1033
Run ID: 287 Bartel: 10
Input Destination: /eos/ams/user/s/selu/mdst/He122/mdst_60441827.root
Output Destination: /afs/cern.ch/work/c/ctuysuz/private/he_flux/LSF/result_mc_time/time_10/he_flux_10_287.root
Add hist00 from /eos/ams/user/s/selu/mdst/He122/mdst_60441827.root
Start of Init
Use new binning
Start of Eventloop
Ntr, Nent= 1 441773
IsMC= 1
Parameter[0] = -2.60695
Parameter[1] = -3.01041
Parameter[2] = -3.5903
Parameter[3] = -5.48712
Parameter[4] = 0.0628761
Parameter[5] = -2.10837
mdfil_info:  10.0%    3 sec CPU:  70.4%
mdfil_info:  20.0%    5 sec CPU:  77.5%
mdfil_info:  30.0%    8 sec CPU:  80.1%
mdfil_info:  40.0%   10 sec CPU:  82.3%
mdfil_info:  50.0%   12 sec CPU:  83.7%
mdfil_info:  60.0%   14 sec CPU:  84.8%
mdfil_info:  70.0%   16 sec CPU:  85.5%
mdfil_info:  80.0%   18 sec CPU:  85.9%
mdfil_info:  90.0%   20 sec CPU:  86.2%
mdfil_info: 100.0%   23 sec CPU:  86.5%
mdfil_info: 100.0%   23 sec CPU:  86.5%
37971
AMSCommonsI-I-HardwareIdentifiedAs Linux 3.10.0-957.10.1.el7.x86_64 x86_64 2
AMSCommonsI-I-Identified as LittleEndian 64 bit machine. 4294967295
AMSCommonsI-I-amsdatabase /cvmfs/ams.cern.ch/Offline/AMSDataDir/DataBase/
AMSCommonsI-I-MipsFromCPUInfo: 2194.92
AMSCommonsI-I-SystemIdentified as  Intel(R) Xeon(R) CPU E5-2630 v4 @ 2.20GHz
AMSCommonsI-I-ComputerEvaluatedAsMips 3511
AMS Software version v5.02/1220/12 built Fri Apr 19 23:54:38 2019

Geant4  Version 1033
Run ID: 468 Bartel: 64
Input Destination: /eos/ams/user/s/selu/mdst/He314/mdst_120929868.root
Output Destination: /afs/cern.ch/work/c/ctuysuz/private/he_flux/LSF/result_mc_time/time_64/he_flux_64_468.root
Add hist00 from /eos/ams/user/s/selu/mdst/He314/mdst_120929868.root
Start of Init
Use new binning
Start of Eventloop
Ntr, Nent= 1 109603
IsMC= 1
Parameter[0] = -2.60351
Parameter[1] = -3.00196
Parameter[2] = -3.60517
Parameter[3] = -5.53742
Parameter[4] = 0.137006
Parameter[5] = -2.40049
mdfil_info:  10.0%    1 sec CPU:  76.7%
mdfil_info:  20.0%    1 sec CPU:  76.7%
mdfil_info:  30.0%    2 sec CPU:  76.8%
mdfil_info:  40.0%    3 sec CPU:  78.4%
mdfil_info:  50.0%    3 sec CPU:  79.8%
mdfil_info:  60.0%    4 sec CPU:  81.1%
mdfil_info:  70.0%    4 sec CPU:  81.7%
mdfil_info:  80.0%    5 sec CPU:  82.7%
mdfil_info:  90.0%    5 sec CPU:  83.2%
mdfil_info: 100.0%    6 sec CPU:  83.7%
mdfil_info: 100.0%    6 sec CPU:  83.7%
