WARN: the 'eosmount' alias is deprecated, please use /eos directly
License ports: 28518@lxlicen01.cern.ch,28518@lxlicen02.cern.ch,28518@lxlicen03.cern.ch:/cvmfs/projects.cern.ch/intelsw/psxe/linux/licenses
Intel(R) Parallel Studio XE 2018 Update 2 for Linux*
Copyright (C) 2009-2018 Intel Corporation. All rights reserved.
5520
AMSCommonsI-I-HardwareIdentifiedAs Linux 3.10.0-957.10.1.el7.x86_64 x86_64 2
AMSCommonsI-I-Identified as LittleEndian 64 bit machine. 4294967295
AMSCommonsI-I-amsdatabase /cvmfs/ams.cern.ch/Offline/AMSDataDir/DataBase/
AMSCommonsI-I-MipsFromCPUInfo: 2194.92
AMSCommonsI-I-SystemIdentified as  Intel(R) Xeon(R) CPU E5-2630 v4 @ 2.20GHz
AMSCommonsI-I-ComputerEvaluatedAsMips 3511
AMS Software version v5.02/1220/12 built Fri Apr 19 23:54:38 2019

Geant4  Version 1033
Run ID: 68 Bartel: 13
Input Destination: /eos/ams/user/s/selu/mdst/He122/mdst_60441607.root
Output Destination: /afs/cern.ch/work/c/ctuysuz/private/he_flux/LSF/result_mc_time/time_13/he_flux_13_68.root
Add hist00 from /eos/ams/user/s/selu/mdst/He122/mdst_60441607.root
Start of Init
Use new binning
Start of Eventloop
Ntr, Nent= 1 440169
IsMC= 1
Parameter[0] = -2.65893
Parameter[1] = -3.01855
Parameter[2] = -3.59704
Parameter[3] = -5.53516
Parameter[4] = 0.293906
Parameter[5] = -2.25131
mdfil_info:  10.0%    3 sec CPU:  72.7%
mdfil_info:  20.0%    5 sec CPU:  78.0%
mdfil_info:  30.0%    8 sec CPU:  80.1%
mdfil_info:  40.0%   10 sec CPU:  80.3%
mdfil_info:  50.0%   13 sec CPU:  80.9%
mdfil_info:  60.0%   15 sec CPU:  81.9%
mdfil_info:  70.0%   17 sec CPU:  82.6%
mdfil_info:  80.0%   19 sec CPU:  83.0%
mdfil_info:  90.0%   21 sec CPU:  83.6%
mdfil_info: 100.0%   23 sec CPU:  83.9%
mdfil_info: 100.0%   23 sec CPU:  83.9%
20235
AMSCommonsI-I-HardwareIdentifiedAs Linux 3.10.0-957.10.1.el7.x86_64 x86_64 2
AMSCommonsI-I-Identified as LittleEndian 64 bit machine. 4294967295
AMSCommonsI-I-amsdatabase /cvmfs/ams.cern.ch/Offline/AMSDataDir/DataBase/
AMSCommonsI-I-MipsFromCPUInfo: 2194.92
AMSCommonsI-I-SystemIdentified as  Intel(R) Xeon(R) CPU E5-2630 v4 @ 2.20GHz
AMSCommonsI-I-ComputerEvaluatedAsMips 3511
AMS Software version v5.02/1220/12 built Fri Apr 19 23:54:38 2019

Geant4  Version 1033
Run ID: 249 Bartel: 67
Input Destination: /eos/ams/user/s/selu/mdst/He122/mdst_60441789.root
Output Destination: /afs/cern.ch/work/c/ctuysuz/private/he_flux/LSF/result_mc_time/time_67/he_flux_67_249.root
Add hist00 from /eos/ams/user/s/selu/mdst/He122/mdst_60441789.root
Start of Init
Use new binning
Start of Eventloop
Ntr, Nent= 1 439078
IsMC= 1
Parameter[0] = -2.58662
Parameter[1] = -2.98984
Parameter[2] = -3.59559
Parameter[3] = -5.5153
Parameter[4] = 0.161079
Parameter[5] = -2.33345
mdfil_info:  10.0%    4 sec CPU:  53.0%
mdfil_info:  20.0%    8 sec CPU:  51.2%
mdfil_info:  30.0%   11 sec CPU:  55.5%
mdfil_info:  40.0%   15 sec CPU:  52.5%
mdfil_info:  50.0%   19 sec CPU:  53.5%
mdfil_info:  60.0%   23 sec CPU:  51.8%
mdfil_info:  70.0%   29 sec CPU:  47.3%
mdfil_info:  80.0%   37 sec CPU:  42.9%
mdfil_info:  90.0%   41 sec CPU:  43.6%
mdfil_info: 100.0%   45 sec CPU:  44.1%
mdfil_info: 100.0%   45 sec CPU:  44.1%
34950
AMSCommonsI-I-HardwareIdentifiedAs Linux 3.10.0-957.10.1.el7.x86_64 x86_64 2
AMSCommonsI-I-Identified as LittleEndian 64 bit machine. 4294967295
AMSCommonsI-I-amsdatabase /cvmfs/ams.cern.ch/Offline/AMSDataDir/DataBase/
AMSCommonsI-I-MipsFromCPUInfo: 2194.92
AMSCommonsI-I-SystemIdentified as  Intel(R) Xeon(R) CPU E5-2630 v4 @ 2.20GHz
AMSCommonsI-I-ComputerEvaluatedAsMips 3511
AMS Software version v5.02/1220/12 built Fri Apr 19 23:54:38 2019

Geant4  Version 1033
Run ID: 431 Bartel: 40
Input Destination: /eos/ams/user/s/selu/mdst/He122/mdst_60442319.root
Output Destination: /afs/cern.ch/work/c/ctuysuz/private/he_flux/LSF/result_mc_time/time_40/he_flux_40_431.root
Add hist00 from /eos/ams/user/s/selu/mdst/He122/mdst_60442319.root
Start of Init
Use new binning
Start of Eventloop
Ntr, Nent= 1 436124
IsMC= 1
Parameter[0] = -2.8011
Parameter[1] = -3.07357
Parameter[2] = -3.62055
Parameter[3] = -5.55933
Parameter[4] = 0.549697
Parameter[5] = -2.37552
mdfil_info:  10.0%   20 sec CPU:  11.3%
mdfil_info:  20.0%   29 sec CPU:  15.0%
mdfil_info:  30.0%   37 sec CPU:  17.4%
mdfil_info:  40.0%   45 sec CPU:  19.0%
mdfil_info:  50.0%   53 sec CPU:  19.9%
mdfil_info:  60.0%   62 sec CPU:  20.6%
mdfil_info:  70.0%   70 sec CPU:  21.4%
mdfil_info:  80.0%   78 sec CPU:  21.9%
mdfil_info:  90.0%   85 sec CPU:  22.4%
mdfil_info: 100.0%   93 sec CPU:  22.9%
mdfil_info: 100.0%   93 sec CPU:  22.9%
