WARN: the 'eosmount' alias is deprecated, please use /eos directly
License ports: 28518@lxlicen01.cern.ch,28518@lxlicen02.cern.ch,28518@lxlicen03.cern.ch:/cvmfs/projects.cern.ch/intelsw/psxe/linux/licenses
Intel(R) Parallel Studio XE 2018 Update 2 for Linux*
Copyright (C) 2009-2018 Intel Corporation. All rights reserved.
2711
AMSCommonsI-I-HardwareIdentifiedAs Linux 3.10.0-957.12.1.el7.x86_64 x86_64 2
AMSCommonsI-I-Identified as LittleEndian 64 bit machine. 4294967295
AMSCommonsI-I-amsdatabase /cvmfs/ams.cern.ch/Offline/AMSDataDir/DataBase/
AMSCommonsI-I-MipsFromCPUInfo: 2194.92
AMSCommonsI-I-SystemIdentified as  Intel(R) Xeon(R) CPU E5-2630 v4 @ 2.20GHz
AMSCommonsI-I-ComputerEvaluatedAsMips 3511
AMS Software version v5.02/1220/12 built Fri Apr 19 23:54:38 2019

Geant4  Version 1033
Run ID: 33 Bartel: 39
Input Destination: /eos/ams/user/s/selu/mdst/He122/mdst_60441572.root
Output Destination: /afs/cern.ch/work/c/ctuysuz/private/he_flux/LSF/result_mc_time/time_39/he_flux_39_33.root
Add hist00 from /eos/ams/user/s/selu/mdst/He122/mdst_60441572.root
Start of Init
Use new binning
Start of Eventloop
Ntr, Nent= 1 434802
IsMC= 1
Parameter[0] = -2.81505
Parameter[1] = -3.07484
Parameter[2] = -3.62471
Parameter[3] = -5.62014
Parameter[4] = 0.622835
Parameter[5] = -2.8044
mdfil_info:  10.0%    2 sec CPU:  75.7%
mdfil_info:  20.0%    5 sec CPU:  80.5%
mdfil_info:  30.0%    7 sec CPU:  82.0%
mdfil_info:  40.0%    9 sec CPU:  83.3%
mdfil_info:  50.0%   11 sec CPU:  83.8%
mdfil_info:  60.0%   13 sec CPU:  84.5%
mdfil_info:  70.0%   15 sec CPU:  84.4%
mdfil_info:  80.0%   17 sec CPU:  84.8%
mdfil_info:  90.0%   19 sec CPU:  84.9%
mdfil_info: 100.0%   21 sec CPU:  84.7%
mdfil_info: 100.0%   21 sec CPU:  84.7%
17426
AMSCommonsI-I-HardwareIdentifiedAs Linux 3.10.0-957.12.1.el7.x86_64 x86_64 2
AMSCommonsI-I-Identified as LittleEndian 64 bit machine. 4294967295
AMSCommonsI-I-amsdatabase /cvmfs/ams.cern.ch/Offline/AMSDataDir/DataBase/
AMSCommonsI-I-MipsFromCPUInfo: 2194.92
AMSCommonsI-I-SystemIdentified as  Intel(R) Xeon(R) CPU E5-2630 v4 @ 2.20GHz
AMSCommonsI-I-ComputerEvaluatedAsMips 3511
AMS Software version v5.02/1220/12 built Fri Apr 19 23:54:38 2019

Geant4  Version 1033
Run ID: 215 Bartel: 12
Input Destination: /eos/ams/user/s/selu/mdst/He122/mdst_60441755.root
Output Destination: /afs/cern.ch/work/c/ctuysuz/private/he_flux/LSF/result_mc_time/time_12/he_flux_12_215.root
Add hist00 from /eos/ams/user/s/selu/mdst/He122/mdst_60441755.root
Start of Init
Use new binning
Start of Eventloop
Ntr, Nent= 1 438874
IsMC= 1
Parameter[0] = -2.69683
Parameter[1] = -3.04779
Parameter[2] = -3.61865
Parameter[3] = -5.53473
Parameter[4] = 0.213856
Parameter[5] = -2.39642
mdfil_info:  10.0%    8 sec CPU:  27.7%
mdfil_info:  20.0%   12 sec CPU:  34.7%
mdfil_info:  30.0%   17 sec CPU:  35.6%
mdfil_info:  40.0%   21 sec CPU:  37.8%
mdfil_info:  50.0%   32 sec CPU:  29.8%
mdfil_info:  60.0%   38 sec CPU:  30.2%
mdfil_info:  70.0%   44 sec CPU:  30.4%
mdfil_info:  80.0%   49 sec CPU:  31.6%
mdfil_info:  90.0%   54 sec CPU:  31.9%
mdfil_info: 100.0%   58 sec CPU:  32.5%
mdfil_info: 100.0%   58 sec CPU:  32.5%
32141
AMSCommonsI-I-HardwareIdentifiedAs Linux 3.10.0-957.12.1.el7.x86_64 x86_64 2
AMSCommonsI-I-Identified as LittleEndian 64 bit machine. 4294967295
AMSCommonsI-I-amsdatabase /cvmfs/ams.cern.ch/Offline/AMSDataDir/DataBase/
AMSCommonsI-I-MipsFromCPUInfo: 2194.92
AMSCommonsI-I-SystemIdentified as  Intel(R) Xeon(R) CPU E5-2630 v4 @ 2.20GHz
AMSCommonsI-I-ComputerEvaluatedAsMips 3511
AMS Software version v5.02/1220/12 built Fri Apr 19 23:54:38 2019

Geant4  Version 1033
Run ID: 396 Bartel: 66
Input Destination: /eos/ams/user/s/selu/mdst/He122/mdst_60442284.root
Output Destination: /afs/cern.ch/work/c/ctuysuz/private/he_flux/LSF/result_mc_time/time_66/he_flux_66_396.root
Add hist00 from /eos/ams/user/s/selu/mdst/He122/mdst_60442284.root
Start of Init
Use new binning
Start of Eventloop
Ntr, Nent= 1 430753
IsMC= 1
Parameter[0] = -2.5779
Parameter[1] = -2.99002
Parameter[2] = -3.59372
Parameter[3] = -5.46372
Parameter[4] = 0.117988
Parameter[5] = -1.94602
mdfil_info:  10.0%    2 sec CPU: 100.3%
mdfil_info:  20.0%    3 sec CPU:  99.8%
mdfil_info:  30.0%    5 sec CPU:  99.9%
mdfil_info:  40.0%    6 sec CPU:  99.9%
mdfil_info:  50.0%    8 sec CPU: 100.0%
mdfil_info:  60.0%   10 sec CPU: 100.0%
mdfil_info:  70.0%   11 sec CPU: 100.0%
mdfil_info:  80.0%   13 sec CPU: 100.0%
mdfil_info:  90.0%   14 sec CPU: 100.0%
mdfil_info: 100.0%   15 sec CPU:  99.9%
mdfil_info: 100.0%   15 sec CPU:  99.9%
