WARN: the 'eosmount' alias is deprecated, please use /eos directly
License ports: 28518@lxlicen01.cern.ch,28518@lxlicen02.cern.ch,28518@lxlicen03.cern.ch:/cvmfs/projects.cern.ch/intelsw/psxe/linux/licenses
Intel(R) Parallel Studio XE 2018 Update 2 for Linux*
Copyright (C) 2009-2018 Intel Corporation. All rights reserved.
1559
AMSCommonsI-I-HardwareIdentifiedAs Linux 3.10.0-957.10.1.el7.x86_64 x86_64 2
AMSCommonsI-I-Identified as LittleEndian 64 bit machine. 4294967295
AMSCommonsI-I-amsdatabase /cvmfs/ams.cern.ch/Offline/AMSDataDir/DataBase/
AMSCommonsI-I-MipsFromCPUInfo: 2194.92
AMSCommonsI-I-SystemIdentified as  Intel(R) Xeon(R) CPU E5-2630 v4 @ 2.20GHz
AMSCommonsI-I-ComputerEvaluatedAsMips 3511
AMS Software version v5.02/1220/12 built Fri Apr 19 23:54:38 2019

Geant4  Version 1033
Run ID: 19 Bartel: 21
Input Destination: /eos/ams/user/s/selu/mdst/He122/mdst_60441558.root
Output Destination: /afs/cern.ch/work/c/ctuysuz/private/he_flux/LSF/result_mc_time/time_21/he_flux_21_19.root
Add hist00 from /eos/ams/user/s/selu/mdst/He122/mdst_60441558.root
Start of Init
Use new binning
Start of Eventloop
Ntr, Nent= 1 435125
IsMC= 1
Parameter[0] = -2.71679
Parameter[1] = -3.04446
Parameter[2] = -3.60361
Parameter[3] = -5.54759
Parameter[4] = 0.211822
Parameter[5] = -2.44359
mdfil_info:  10.0%   20 sec CPU:  11.5%
mdfil_info:  20.0%   31 sec CPU:  14.4%
mdfil_info:  30.0%   42 sec CPU:  15.3%
mdfil_info:  40.0%   51 sec CPU:  16.7%
mdfil_info:  50.0%   59 sec CPU:  18.1%
mdfil_info:  60.0%   67 sec CPU:  19.3%
mdfil_info:  70.0%   75 sec CPU:  20.0%
mdfil_info:  80.0%   82 sec CPU:  20.7%
mdfil_info:  90.0%   94 sec CPU:  20.3%
mdfil_info: 100.0%  103 sec CPU:  20.7%
mdfil_info: 100.0%  103 sec CPU:  20.7%
16274
AMSCommonsI-I-HardwareIdentifiedAs Linux 3.10.0-957.10.1.el7.x86_64 x86_64 2
AMSCommonsI-I-Identified as LittleEndian 64 bit machine. 4294967295
AMSCommonsI-I-amsdatabase /cvmfs/ams.cern.ch/Offline/AMSDataDir/DataBase/
AMSCommonsI-I-MipsFromCPUInfo: 2194.92
AMSCommonsI-I-SystemIdentified as  Intel(R) Xeon(R) CPU E5-2630 v4 @ 2.20GHz
AMSCommonsI-I-ComputerEvaluatedAsMips 3511
AMS Software version v5.02/1220/12 built Fri Apr 19 23:54:38 2019

Geant4  Version 1033
Run ID: 200 Bartel: 75
Input Destination: /eos/ams/user/s/selu/mdst/He122/mdst_60441740.root
Output Destination: /afs/cern.ch/work/c/ctuysuz/private/he_flux/LSF/result_mc_time/time_75/he_flux_75_200.root
Add hist00 from /eos/ams/user/s/selu/mdst/He122/mdst_60441740.root
Start of Init
Use new binning
Start of Eventloop
Ntr, Nent= 1 439491
IsMC= 1
Parameter[0] = -2.49754
Parameter[1] = -2.96284
Parameter[2] = -3.58257
Parameter[3] = -5.52327
Parameter[4] = -0.0264443
Parameter[5] = -2.34842
mdfil_info:  10.0%    3 sec CPU:  70.4%
mdfil_info:  20.0%    6 sec CPU:  76.4%
mdfil_info:  30.0%    8 sec CPU:  78.7%
mdfil_info:  40.0%   11 sec CPU:  80.1%
mdfil_info:  50.0%   13 sec CPU:  80.7%
mdfil_info:  60.0%   16 sec CPU:  81.3%
mdfil_info:  70.0%   18 sec CPU:  82.3%
mdfil_info:  80.0%   20 sec CPU:  82.9%
mdfil_info:  90.0%   23 sec CPU:  83.3%
mdfil_info: 100.0%   25 sec CPU:  83.6%
mdfil_info: 100.0%   25 sec CPU:  83.6%
30989
AMSCommonsI-I-HardwareIdentifiedAs Linux 3.10.0-957.10.1.el7.x86_64 x86_64 2
AMSCommonsI-I-Identified as LittleEndian 64 bit machine. 4294967295
AMSCommonsI-I-amsdatabase /cvmfs/ams.cern.ch/Offline/AMSDataDir/DataBase/
AMSCommonsI-I-MipsFromCPUInfo: 2194.92
AMSCommonsI-I-SystemIdentified as  Intel(R) Xeon(R) CPU E5-2630 v4 @ 2.20GHz
AMSCommonsI-I-ComputerEvaluatedAsMips 3511
AMS Software version v5.02/1220/12 built Fri Apr 19 23:54:38 2019

Geant4  Version 1033
Run ID: 382 Bartel: 48
