WARN: the 'eosmount' alias is deprecated, please use /eos directly
License ports: 28518@lxlicen01.cern.ch,28518@lxlicen02.cern.ch,28518@lxlicen03.cern.ch:/cvmfs/projects.cern.ch/intelsw/psxe/linux/licenses
Intel(R) Parallel Studio XE 2018 Update 2 for Linux*
Copyright (C) 2009-2018 Intel Corporation. All rights reserved.
13859
AMSCommonsI-I-HardwareIdentifiedAs Linux 3.10.0-957.10.1.el7.x86_64 x86_64 2
AMSCommonsI-I-Identified as LittleEndian 64 bit machine. 4294967295
AMSCommonsI-I-amsdatabase /cvmfs/ams.cern.ch/Offline/AMSDataDir/DataBase/
AMSCommonsI-I-MipsFromCPUInfo: 2195.1
AMSCommonsI-I-SystemIdentified as  Intel(R) Xeon(R) CPU E5-2630 v4 @ 2.20GHz
AMSCommonsI-I-ComputerEvaluatedAsMips 3512
AMS Software version v5.02/1220/12 built Fri Apr 19 23:54:38 2019

Geant4  Version 1033
Run ID: 171 Bartel: 9
Input Destination: /eos/ams/user/s/selu/mdst/He122/mdst_60441711.root
Output Destination: /afs/cern.ch/work/c/ctuysuz/private/he_flux/LSF/result_mc_time/time_9/he_flux_9_171.root
Add hist00 from /eos/ams/user/s/selu/mdst/He122/mdst_60441711.root
Start of Init
Use new binning
Start of Eventloop
Ntr, Nent= 1 390990
IsMC= 1
Parameter[0] = -2.5816
Parameter[1] = -2.99063
Parameter[2] = -3.57962
Parameter[3] = -5.50019
Parameter[4] = 0.0791501
Parameter[5] = -2.253
mdfil_info:  10.0%    2 sec CPU:  86.0%
mdfil_info:  20.0%    4 sec CPU:  89.0%
mdfil_info:  30.0%    5 sec CPU:  91.0%
mdfil_info:  40.0%    7 sec CPU:  91.4%
mdfil_info:  50.0%    9 sec CPU:  92.1%
mdfil_info:  60.0%   10 sec CPU:  92.5%
mdfil_info:  70.0%   12 sec CPU:  92.8%
mdfil_info:  80.0%   14 sec CPU:  92.9%
mdfil_info:  90.0%   15 sec CPU:  93.0%
mdfil_info: 100.0%   17 sec CPU:  93.0%
28574
AMSCommonsI-I-HardwareIdentifiedAs Linux 3.10.0-957.10.1.el7.x86_64 x86_64 2
AMSCommonsI-I-Identified as LittleEndian 64 bit machine. 4294967295
AMSCommonsI-I-amsdatabase /cvmfs/ams.cern.ch/Offline/AMSDataDir/DataBase/
AMSCommonsI-I-MipsFromCPUInfo: 2195.1
AMSCommonsI-I-SystemIdentified as  Intel(R) Xeon(R) CPU E5-2630 v4 @ 2.20GHz
AMSCommonsI-I-ComputerEvaluatedAsMips 3512
AMS Software version v5.02/1220/12 built Fri Apr 19 23:54:38 2019

Geant4  Version 1033
Run ID: 352 Bartel: 63
Input Destination: /eos/ams/user/s/selu/mdst/He122/mdst_60442240.root
Output Destination: /afs/cern.ch/work/c/ctuysuz/private/he_flux/LSF/result_mc_time/time_63/he_flux_63_352.root
Add hist00 from /eos/ams/user/s/selu/mdst/He122/mdst_60442240.root
Start of Init
Use new binning
Start of Eventloop
Ntr, Nent= 1 436839
IsMC= 1
Parameter[0] = -2.618
Parameter[1] = -3.00649
Parameter[2] = -3.59895
Parameter[3] = -5.51567
Parameter[4] = 0.0987089
Parameter[5] = -2.27434
mdfil_info:  10.0%    4 sec CPU:  46.2%
mdfil_info:  20.0%    7 sec CPU:  55.5%
mdfil_info:  30.0%    9 sec CPU:  60.6%
mdfil_info:  40.0%   11 sec CPU:  64.1%
mdfil_info:  50.0%   13 sec CPU:  67.0%
mdfil_info:  60.0%   15 sec CPU:  69.3%
mdfil_info:  70.0%   18 sec CPU:  71.4%
mdfil_info:  80.0%   20 sec CPU:  72.7%
mdfil_info:  90.0%   21 sec CPU:  74.0%
mdfil_info: 100.0%   23 sec CPU:  75.4%
mdfil_info: 100.0%   23 sec CPU:  75.4%
43289
AMSCommonsI-I-HardwareIdentifiedAs Linux 3.10.0-957.10.1.el7.x86_64 x86_64 2
AMSCommonsI-I-Identified as LittleEndian 64 bit machine. 4294967295
AMSCommonsI-I-amsdatabase /cvmfs/ams.cern.ch/Offline/AMSDataDir/DataBase/
AMSCommonsI-I-MipsFromCPUInfo: 2195.1
AMSCommonsI-I-SystemIdentified as  Intel(R) Xeon(R) CPU E5-2630 v4 @ 2.20GHz
AMSCommonsI-I-ComputerEvaluatedAsMips 3512
AMS Software version v5.02/1220/12 built Fri Apr 19 23:54:38 2019

Geant4  Version 1033
Run ID: 534 Bartel: 36
Input Destination: /eos/ams/user/s/selu/mdst/He314/mdst_120929938.root
Output Destination: /afs/cern.ch/work/c/ctuysuz/private/he_flux/LSF/result_mc_time/time_36/he_flux_36_534.root
Add hist00 from /eos/ams/user/s/selu/mdst/He314/mdst_120929938.root
Start of Init
Use new binning
Start of Eventloop
Ntr, Nent= 1 110652
IsMC= 1
Parameter[0] = -2.79557
Parameter[1] = -3.06246
Parameter[2] = -3.62389
Parameter[3] = -5.5927
Parameter[4] = 0.507214
Parameter[5] = -2.70126
mdfil_info:  10.0%    1 sec CPU:  88.1%
mdfil_info:  20.0%    1 sec CPU:  85.7%
mdfil_info:  30.0%    2 sec CPU:  83.7%
mdfil_info:  40.0%    2 sec CPU:  86.8%
mdfil_info:  50.0%    3 sec CPU:  87.4%
mdfil_info:  60.0%    3 sec CPU:  88.1%
mdfil_info:  70.0%    4 sec CPU:  88.7%
mdfil_info:  80.0%    4 sec CPU:  89.7%
mdfil_info:  90.0%    5 sec CPU:  90.1%
mdfil_info: 100.0%    5 sec CPU:  90.2%
mdfil_info: 100.0%    5 sec CPU:  90.2%
