WARN: the 'eosmount' alias is deprecated, please use /eos directly
License ports: 28518@lxlicen01.cern.ch,28518@lxlicen02.cern.ch,28518@lxlicen03.cern.ch:/cvmfs/projects.cern.ch/intelsw/psxe/linux/licenses
Intel(R) Parallel Studio XE 2018 Update 2 for Linux*
Copyright (C) 2009-2018 Intel Corporation. All rights reserved.
8686
AMSCommonsI-I-HardwareIdentifiedAs Linux 3.10.0-957.1.3.el7.x86_64 x86_64 2
AMSCommonsI-I-Identified as LittleEndian 64 bit machine. 4294967295
AMSCommonsI-I-amsdatabase /cvmfs/ams.cern.ch/Offline/AMSDataDir/DataBase/
AMSCommonsI-I-MipsFromCPUInfo: 2194.92
AMSCommonsI-I-SystemIdentified as  Intel(R) Xeon(R) CPU E5-2650 v4 @ 2.20GHz
AMSCommonsI-I-ComputerEvaluatedAsMips 3511
AMS Software version v5.02/1220/12 built Fri Apr 19 23:54:38 2019

Geant4  Version 1033
Run ID: 107 Bartel: 20
Input Destination: /eos/ams/user/s/selu/mdst/He122/mdst_60441647.root
Output Destination: /afs/cern.ch/work/c/ctuysuz/private/he_flux/LSF/result_mc_time/time_20/he_flux_20_107.root
Add hist00 from /eos/ams/user/s/selu/mdst/He122/mdst_60441647.root
Start of Init
Use new binning
Start of Eventloop
Ntr, Nent= 1 357438
IsMC= 1
Parameter[0] = -2.70518
Parameter[1] = -3.02051
Parameter[2] = -3.58999
Parameter[3] = -5.56547
Parameter[4] = 0.334526
Parameter[5] = -2.62761
mdfil_info:  10.0%   15 sec CPU:  11.0%
mdfil_info:  20.0%   20 sec CPU:  15.7%
mdfil_info:  30.0%   24 sec CPU:  19.0%
mdfil_info:  40.0%   29 sec CPU:  21.0%
mdfil_info:  50.0%   34 sec CPU:  22.1%
mdfil_info:  60.0%   39 sec CPU:  23.1%
mdfil_info:  70.0%   45 sec CPU:  23.6%
mdfil_info:  80.0%   50 sec CPU:  24.4%
mdfil_info:  90.0%   56 sec CPU:  25.1%
mdfil_info: 100.0%   61 sec CPU:  25.6%
mdfil_info: 100.0%   61 sec CPU:  25.6%
23401
AMSCommonsI-I-HardwareIdentifiedAs Linux 3.10.0-957.1.3.el7.x86_64 x86_64 2
AMSCommonsI-I-Identified as LittleEndian 64 bit machine. 4294967295
AMSCommonsI-I-amsdatabase /cvmfs/ams.cern.ch/Offline/AMSDataDir/DataBase/
AMSCommonsI-I-MipsFromCPUInfo: 2194.92
AMSCommonsI-I-SystemIdentified as  Intel(R) Xeon(R) CPU E5-2650 v4 @ 2.20GHz
AMSCommonsI-I-ComputerEvaluatedAsMips 3511
AMS Software version v5.02/1220/12 built Fri Apr 19 23:54:38 2019

Geant4  Version 1033
Run ID: 288 Bartel: 74
Input Destination: /eos/ams/user/s/selu/mdst/He122/mdst_60441828.root
Output Destination: /afs/cern.ch/work/c/ctuysuz/private/he_flux/LSF/result_mc_time/time_74/he_flux_74_288.root
Add hist00 from /eos/ams/user/s/selu/mdst/He122/mdst_60441828.root
Start of Init
Use new binning
Start of Eventloop
Ntr, Nent= 1 438078
IsMC= 1
Parameter[0] = -2.51662
Parameter[1] = -2.96375
Parameter[2] = -3.57829
Parameter[3] = -5.45844
Parameter[4] = 0.103059
Parameter[5] = -1.93983
mdfil_info:  10.0%    2 sec CPU:  76.3%
mdfil_info:  20.0%    4 sec CPU:  81.7%
mdfil_info:  30.0%    6 sec CPU:  83.5%
mdfil_info:  40.0%    8 sec CPU:  84.2%
mdfil_info:  50.0%   10 sec CPU:  81.7%
mdfil_info:  60.0%   12 sec CPU:  81.2%
mdfil_info:  70.0%   14 sec CPU:  81.7%
mdfil_info:  80.0%   16 sec CPU:  82.5%
mdfil_info:  90.0%   18 sec CPU:  83.0%
mdfil_info: 100.0%   20 sec CPU:  83.4%
mdfil_info: 100.0%   20 sec CPU:  83.4%
38116
AMSCommonsI-I-HardwareIdentifiedAs Linux 3.10.0-957.1.3.el7.x86_64 x86_64 2
AMSCommonsI-I-Identified as LittleEndian 64 bit machine. 4294967295
AMSCommonsI-I-amsdatabase /cvmfs/ams.cern.ch/Offline/AMSDataDir/DataBase/
AMSCommonsI-I-MipsFromCPUInfo: 2194.92
AMSCommonsI-I-SystemIdentified as  Intel(R) Xeon(R) CPU E5-2650 v4 @ 2.20GHz
AMSCommonsI-I-ComputerEvaluatedAsMips 3511
AMS Software version v5.02/1220/12 built Fri Apr 19 23:54:38 2019

Geant4  Version 1033
Run ID: 470 Bartel: 47
