WARN: the 'eosmount' alias is deprecated, please use /eos directly
License ports: 28518@lxlicen01.cern.ch,28518@lxlicen02.cern.ch,28518@lxlicen03.cern.ch:/cvmfs/projects.cern.ch/intelsw/psxe/linux/licenses
Intel(R) Parallel Studio XE 2018 Update 2 for Linux*
Copyright (C) 2009-2018 Intel Corporation. All rights reserved.
4396
AMSCommonsI-I-HardwareIdentifiedAs Linux 3.10.0-957.12.1.el7.x86_64 x86_64 2
AMSCommonsI-I-Identified as LittleEndian 64 bit machine. 4294967295
AMSCommonsI-I-amsdatabase /cvmfs/ams.cern.ch/Offline/AMSDataDir/DataBase/
AMSCommonsI-I-MipsFromCPUInfo: 2394.45
AMSCommonsI-I-SystemIdentified as  Intel Core Processor (Haswell, no TSX, IBRS)
AMSCommonsI-I-ComputerEvaluatedAsMips 3591
AMS Software version v5.02/1220/12 built Fri Apr 19 23:54:38 2019

Geant4  Version 1033
Run ID: 54 Bartel: 23
Input Destination: /eos/ams/user/s/selu/mdst/He122/mdst_60441593.root
Output Destination: /afs/cern.ch/work/c/ctuysuz/private/he_flux/LSF/result_mc_time/time_23/he_flux_23_54.root
Add hist00 from /eos/ams/user/s/selu/mdst/He122/mdst_60441593.root
Start of Init
Use new binning
Start of Eventloop
Ntr, Nent= 1 441388
IsMC= 1
Parameter[0] = -2.68031
Parameter[1] = -3.0282
Parameter[2] = -3.60077
Parameter[3] = -5.50631
Parameter[4] = 0.188664
Parameter[5] = -2.1921
mdfil_info:  10.0%    6 sec CPU:  31.0%
mdfil_info:  20.0%   14 sec CPU:  25.8%
mdfil_info:  30.0%   21 sec CPU:  24.6%
mdfil_info:  40.0%   29 sec CPU:  23.9%
mdfil_info:  50.0%   32 sec CPU:  26.5%
mdfil_info:  60.0%   34 sec CPU:  29.8%
mdfil_info:  70.0%   37 sec CPU:  32.0%
mdfil_info:  80.0%   40 sec CPU:  34.0%
mdfil_info:  90.0%   44 sec CPU:  34.5%
mdfil_info: 100.0%   47 sec CPU:  36.1%
mdfil_info: 100.0%   47 sec CPU:  36.1%
19111
AMSCommonsI-I-HardwareIdentifiedAs Linux 3.10.0-957.12.1.el7.x86_64 x86_64 2
AMSCommonsI-I-Identified as LittleEndian 64 bit machine. 4294967295
AMSCommonsI-I-amsdatabase /cvmfs/ams.cern.ch/Offline/AMSDataDir/DataBase/
AMSCommonsI-I-MipsFromCPUInfo: 2394.45
AMSCommonsI-I-SystemIdentified as  Intel Core Processor (Haswell, no TSX, IBRS)
AMSCommonsI-I-ComputerEvaluatedAsMips 3591
AMS Software version v5.02/1220/12 built Fri Apr 19 23:54:38 2019

Geant4  Version 1033
Run ID: 235 Bartel: 77
Input Destination: /eos/ams/user/s/selu/mdst/He122/mdst_60441775.root
Output Destination: /afs/cern.ch/work/c/ctuysuz/private/he_flux/LSF/result_mc_time/time_77/he_flux_77_235.root
Add hist00 from /eos/ams/user/s/selu/mdst/He122/mdst_60441775.root
Start of Init
Use new binning
Start of Eventloop
Ntr, Nent= 1 440532
IsMC= 1
Parameter[0] = -2.48824
Parameter[1] = -2.95955
Parameter[2] = -3.57956
Parameter[3] = -5.5244
Parameter[4] = 0.0142674
Parameter[5] = -2.38492
mdfil_info:  10.0%    2 sec CPU:  99.7%
mdfil_info:  20.0%    3 sec CPU:  99.8%
mdfil_info:  30.0%    7 sec CPU:  66.4%
mdfil_info:  40.0%   13 sec CPU:  51.8%
mdfil_info:  50.0%   19 sec CPU:  47.0%
mdfil_info:  60.0%   25 sec CPU:  42.9%
mdfil_info:  70.0%   33 sec CPU:  38.3%
mdfil_info:  80.0%   42 sec CPU:  34.8%
mdfil_info:  90.0%   47 sec CPU:  34.6%
mdfil_info: 100.0%   53 sec CPU:  34.8%
mdfil_info: 100.0%   53 sec CPU:  34.8%
33826
AMSCommonsI-I-HardwareIdentifiedAs Linux 3.10.0-957.12.1.el7.x86_64 x86_64 2
AMSCommonsI-I-Identified as LittleEndian 64 bit machine. 4294967295
AMSCommonsI-I-amsdatabase /cvmfs/ams.cern.ch/Offline/AMSDataDir/DataBase/
AMSCommonsI-I-MipsFromCPUInfo: 2394.45
AMSCommonsI-I-SystemIdentified as  Intel Core Processor (Haswell, no TSX, IBRS)
AMSCommonsI-I-ComputerEvaluatedAsMips 3591
AMS Software version v5.02/1220/12 built Fri Apr 19 23:54:38 2019

Geant4  Version 1033
Run ID: 417 Bartel: 50
Input Destination: /eos/ams/user/s/selu/mdst/He122/mdst_60442305.root
Output Destination: /afs/cern.ch/work/c/ctuysuz/private/he_flux/LSF/result_mc_time/time_50/he_flux_50_417.root
Add hist00 from /eos/ams/user/s/selu/mdst/He122/mdst_60442305.root
Start of Init
Use new binning
Start of Eventloop
Ntr, Nent= 1 439690
IsMC= 1
Parameter[0] = -2.73471
Parameter[1] = -3.0684
Parameter[2] = -3.6261
Parameter[3] = -5.53452
Parameter[4] = 0.161673
Parameter[5] = -2.21662
mdfil_info:  10.0%   17 sec CPU:  12.5%
mdfil_info:  20.0%   23 sec CPU:  18.2%
mdfil_info:  30.0%   28 sec CPU:  21.6%
mdfil_info:  40.0%   33 sec CPU:  24.1%
mdfil_info:  50.0%   38 sec CPU:  25.3%
mdfil_info:  60.0%   44 sec CPU:  26.7%
mdfil_info:  70.0%   49 sec CPU:  27.5%
mdfil_info:  80.0%   54 sec CPU:  28.4%
mdfil_info:  90.0%   60 sec CPU:  28.9%
mdfil_info: 100.0%   65 sec CPU:  29.5%
