WARN: the 'eosmount' alias is deprecated, please use /eos directly
License ports: 28518@lxlicen01.cern.ch,28518@lxlicen02.cern.ch,28518@lxlicen03.cern.ch:/cvmfs/projects.cern.ch/intelsw/psxe/linux/licenses
Intel(R) Parallel Studio XE 2018 Update 2 for Linux*
Copyright (C) 2009-2018 Intel Corporation. All rights reserved.
13608
AMSCommonsI-I-HardwareIdentifiedAs Linux 3.10.0-957.12.2.el7.x86_64 x86_64 2
AMSCommonsI-I-Identified as LittleEndian 64 bit machine. 4294967295
AMSCommonsI-I-amsdatabase /cvmfs/ams.cern.ch/Offline/AMSDataDir/DataBase/
AMSCommonsI-I-MipsFromCPUInfo: 2394.45
AMSCommonsI-I-SystemIdentified as  Intel(R) Xeon(R) CPU E5-2630 v3 @ 2.40GHz
AMSCommonsI-I-ComputerEvaluatedAsMips 3831
AMS Software version v5.02/1220/12 built Fri Apr 19 23:54:38 2019

Geant4  Version 1033
Run ID: 168 Bartel: 1
Input Destination: /eos/ams/user/s/selu/mdst/He122/mdst_60441708.root
Output Destination: /afs/cern.ch/work/c/ctuysuz/private/he_flux/LSF/result_mc_time/time_1/he_flux_1_168.root
Add hist00 from /eos/ams/user/s/selu/mdst/He122/mdst_60441708.root
Start of Init
Use new binning
Start of Eventloop
Ntr, Nent= 1 440041
IsMC= 1
Parameter[0] = -2.47751
Parameter[1] = -2.72369
Parameter[2] = -3.30093
Parameter[3] = -5.32428
Parameter[4] = 0.816566
Parameter[5] = -2.78591
mdfil_info:  10.0%    3 sec CPU:  65.7%
mdfil_info:  20.0%    8 sec CPU:  42.7%
mdfil_info:  30.0%   13 sec CPU:  38.4%
mdfil_info:  40.0%   17 sec CPU:  39.9%
mdfil_info:  50.0%   19 sec CPU:  42.5%
mdfil_info:  60.0%   22 sec CPU:  45.3%
mdfil_info:  70.0%   24 sec CPU:  48.0%
mdfil_info:  80.0%   25 sec CPU:  50.8%
mdfil_info:  90.0%   27 sec CPU:  52.9%
mdfil_info: 100.0%   29 sec CPU:  54.7%
mdfil_info: 100.0%   29 sec CPU:  54.7%
28323
AMSCommonsI-I-HardwareIdentifiedAs Linux 3.10.0-957.12.2.el7.x86_64 x86_64 2
AMSCommonsI-I-Identified as LittleEndian 64 bit machine. 4294967295
AMSCommonsI-I-amsdatabase /cvmfs/ams.cern.ch/Offline/AMSDataDir/DataBase/
AMSCommonsI-I-MipsFromCPUInfo: 2394.45
AMSCommonsI-I-SystemIdentified as  Intel(R) Xeon(R) CPU E5-2630 v3 @ 2.40GHz
AMSCommonsI-I-ComputerEvaluatedAsMips 3831
AMS Software version v5.02/1220/12 built Fri Apr 19 23:54:38 2019

Geant4  Version 1033
Run ID: 349 Bartel: 55
Input Destination: /eos/ams/user/s/selu/mdst/He122/mdst_60441889.root
Output Destination: /afs/cern.ch/work/c/ctuysuz/private/he_flux/LSF/result_mc_time/time_55/he_flux_55_349.root
Add hist00 from /eos/ams/user/s/selu/mdst/He122/mdst_60441889.root
Start of Init
Use new binning
Start of Eventloop
Ntr, Nent= 1 438811
IsMC= 1
Parameter[0] = -2.74163
Parameter[1] = -3.05076
Parameter[2] = -3.61683
Parameter[3] = -5.57138
Parameter[4] = 0.434624
Parameter[5] = -2.47013
mdfil_info:  10.0%   15 sec CPU:  12.7%
mdfil_info:  20.0%   21 sec CPU:  17.6%
mdfil_info:  30.0%   32 sec CPU:  16.9%
mdfil_info:  40.0%   37 sec CPU:  19.2%
mdfil_info:  50.0%   44 sec CPU:  20.0%
mdfil_info:  60.0%   53 sec CPU:  20.0%
mdfil_info:  70.0%   62 sec CPU:  20.1%
mdfil_info:  80.0%   73 sec CPU:  19.3%
mdfil_info:  90.0%   81 sec CPU:  19.5%
mdfil_info: 100.0%   86 sec CPU:  20.2%
mdfil_info: 100.0%   86 sec CPU:  20.2%
43038
AMSCommonsI-I-HardwareIdentifiedAs Linux 3.10.0-957.12.2.el7.x86_64 x86_64 2
AMSCommonsI-I-Identified as LittleEndian 64 bit machine. 4294967295
AMSCommonsI-I-amsdatabase /cvmfs/ams.cern.ch/Offline/AMSDataDir/DataBase/
AMSCommonsI-I-MipsFromCPUInfo: 2394.45
AMSCommonsI-I-SystemIdentified as  Intel(R) Xeon(R) CPU E5-2630 v3 @ 2.40GHz
AMSCommonsI-I-ComputerEvaluatedAsMips 3831
AMS Software version v5.02/1220/12 built Fri Apr 19 23:54:38 2019

Geant4  Version 1033
Run ID: 531 Bartel: 28
Input Destination: /eos/ams/user/s/selu/mdst/He314/mdst_120929934.root
Output Destination: /afs/cern.ch/work/c/ctuysuz/private/he_flux/LSF/result_mc_time/time_28/he_flux_28_531.root
Add hist00 from /eos/ams/user/s/selu/mdst/He314/mdst_120929934.root
Start of Init
Use new binning
Start of Eventloop
Ntr, Nent= 1 97988
IsMC= 1
Parameter[0] = -2.78708
Parameter[1] = -3.08521
Parameter[2] = -3.63404
Parameter[3] = -5.57737
Parameter[4] = 0.368582
Parameter[5] = -2.54212
mdfil_info:  10.0%    1 sec CPU:  78.5%
mdfil_info:  20.0%    1 sec CPU:  65.8%
mdfil_info:  30.0%    2 sec CPU:  61.7%
mdfil_info:  40.0%    2 sec CPU:  65.7%
mdfil_info:  50.0%    3 sec CPU:  68.9%
mdfil_info:  60.0%    3 sec CPU:  71.7%
mdfil_info:  70.0%    4 sec CPU:  74.0%
mdfil_info:  80.0%    4 sec CPU:  75.5%
mdfil_info:  90.0%    4 sec CPU:  76.4%
mdfil_info: 100.0%    5 sec CPU:  77.8%
mdfil_info: 100.0%    5 sec CPU:  77.8%
