WARN: the 'eosmount' alias is deprecated, please use /eos directly
License ports: 28518@lxlicen01.cern.ch,28518@lxlicen02.cern.ch,28518@lxlicen03.cern.ch:/cvmfs/projects.cern.ch/intelsw/psxe/linux/licenses
Intel(R) Parallel Studio XE 2018 Update 2 for Linux*
Copyright (C) 2009-2018 Intel Corporation. All rights reserved.
7056
AMSCommonsI-I-HardwareIdentifiedAs Linux 3.10.0-957.10.1.el7.x86_64 x86_64 2
AMSCommonsI-I-Identified as LittleEndian 64 bit machine. 4294967295
AMSCommonsI-I-amsdatabase /cvmfs/ams.cern.ch/Offline/AMSDataDir/DataBase/
AMSCommonsI-I-MipsFromCPUInfo: 2195.1
AMSCommonsI-I-SystemIdentified as  Intel(R) Xeon(R) CPU E5-2630 v4 @ 2.20GHz
AMSCommonsI-I-ComputerEvaluatedAsMips 3512
AMS Software version v5.02/1220/12 built Fri Apr 19 23:54:38 2019

Geant4  Version 1033
Run ID: 87 Bartel: 10
Input Destination: /eos/ams/user/s/selu/mdst/He122/mdst_60441627.root
Output Destination: /afs/cern.ch/work/c/ctuysuz/private/he_flux/LSF/result_mc_time/time_10/he_flux_10_87.root
Add hist00 from /eos/ams/user/s/selu/mdst/He122/mdst_60441627.root
Start of Init
Use new binning
Start of Eventloop
Ntr, Nent= 1 438409
IsMC= 1
Parameter[0] = -2.60695
Parameter[1] = -3.01041
Parameter[2] = -3.5903
Parameter[3] = -5.48712
Parameter[4] = 0.0628761
Parameter[5] = -2.10837
mdfil_info:  10.0%   16 sec CPU:  10.6%
mdfil_info:  20.0%   21 sec CPU:  15.2%
mdfil_info:  30.0%   26 sec CPU:  18.1%
mdfil_info:  40.0%   31 sec CPU:  20.4%
mdfil_info:  50.0%   36 sec CPU:  21.9%
mdfil_info:  60.0%   41 sec CPU:  22.9%
mdfil_info:  70.0%   46 sec CPU:  23.7%
mdfil_info:  80.0%   51 sec CPU:  24.5%
mdfil_info:  90.0%   56 sec CPU:  25.0%
mdfil_info: 100.0%   66 sec CPU:  23.4%
mdfil_info: 100.0%   66 sec CPU:  23.4%
21771
AMSCommonsI-I-HardwareIdentifiedAs Linux 3.10.0-957.10.1.el7.x86_64 x86_64 2
AMSCommonsI-I-Identified as LittleEndian 64 bit machine. 4294967295
AMSCommonsI-I-amsdatabase /cvmfs/ams.cern.ch/Offline/AMSDataDir/DataBase/
AMSCommonsI-I-MipsFromCPUInfo: 2195.1
AMSCommonsI-I-SystemIdentified as  Intel(R) Xeon(R) CPU E5-2630 v4 @ 2.20GHz
AMSCommonsI-I-ComputerEvaluatedAsMips 3512
AMS Software version v5.02/1220/12 built Fri Apr 19 23:54:38 2019

Geant4  Version 1033
Run ID: 268 Bartel: 64
Input Destination: /eos/ams/user/s/selu/mdst/He122/mdst_60441808.root
Output Destination: /afs/cern.ch/work/c/ctuysuz/private/he_flux/LSF/result_mc_time/time_64/he_flux_64_268.root
Add hist00 from /eos/ams/user/s/selu/mdst/He122/mdst_60441808.root
Start of Init
Use new binning
Start of Eventloop
Ntr, Nent= 1 423249
IsMC= 1
Parameter[0] = -2.60351
Parameter[1] = -3.00196
Parameter[2] = -3.60517
Parameter[3] = -5.53742
Parameter[4] = 0.137006
Parameter[5] = -2.40049
mdfil_info:  10.0%   15 sec CPU:  10.9%
mdfil_info:  20.0%   20 sec CPU:  15.7%
mdfil_info:  30.0%   24 sec CPU:  18.8%
mdfil_info:  40.0%   29 sec CPU:  20.8%
mdfil_info:  50.0%   33 sec CPU:  22.4%
mdfil_info:  60.0%   38 sec CPU:  23.7%
mdfil_info:  70.0%   43 sec CPU:  24.7%
mdfil_info:  80.0%   47 sec CPU:  25.5%
mdfil_info:  90.0%   52 sec CPU:  26.1%
mdfil_info: 100.0%   56 sec CPU:  26.8%
mdfil_info: 100.0%   56 sec CPU:  26.8%
36486
AMSCommonsI-I-HardwareIdentifiedAs Linux 3.10.0-957.10.1.el7.x86_64 x86_64 2
AMSCommonsI-I-Identified as LittleEndian 64 bit machine. 4294967295
AMSCommonsI-I-amsdatabase /cvmfs/ams.cern.ch/Offline/AMSDataDir/DataBase/
AMSCommonsI-I-MipsFromCPUInfo: 2195.1
AMSCommonsI-I-SystemIdentified as  Intel(R) Xeon(R) CPU E5-2630 v4 @ 2.20GHz
AMSCommonsI-I-ComputerEvaluatedAsMips 3512
AMS Software version v5.02/1220/12 built Fri Apr 19 23:54:38 2019

Geant4  Version 1033
Run ID: 450 Bartel: 37
Input Destination: /eos/ams/user/s/selu/mdst/He314/mdst_120929850.root
Output Destination: /afs/cern.ch/work/c/ctuysuz/private/he_flux/LSF/result_mc_time/time_37/he_flux_37_450.root
Add hist00 from /eos/ams/user/s/selu/mdst/He314/mdst_120929850.root
Start of Init
Use new binning
Start of Eventloop
Ntr, Nent= 1 122620
IsMC= 1
Parameter[0] = -2.7864
Parameter[1] = -3.05696
Parameter[2] = -3.61656
Parameter[3] = -5.57878
Parameter[4] = 0.423344
Parameter[5] = -2.57309
mdfil_info:  10.0%    6 sec CPU:   8.0%
mdfil_info:  20.0%   11 sec CPU:   8.7%
mdfil_info:  30.0%   16 sec CPU:   9.6%
mdfil_info:  40.0%   17 sec CPU:  11.3%
mdfil_info:  50.0%   19 sec CPU:  12.8%
mdfil_info:  60.0%   20 sec CPU:  14.0%
mdfil_info:  70.0%   21 sec CPU:  15.1%
mdfil_info:  80.0%   23 sec CPU:  16.2%
mdfil_info:  90.0%   24 sec CPU:  17.1%
mdfil_info: 100.0%   25 sec CPU:  18.0%
