WARN: the 'eosmount' alias is deprecated, please use /eos directly
License ports: 28518@lxlicen01.cern.ch,28518@lxlicen02.cern.ch,28518@lxlicen03.cern.ch:/cvmfs/projects.cern.ch/intelsw/psxe/linux/licenses
Intel(R) Parallel Studio XE 2018 Update 2 for Linux*
Copyright (C) 2009-2018 Intel Corporation. All rights reserved.
5149
AMSCommonsI-I-HardwareIdentifiedAs Linux 3.10.0-957.12.1.el7.x86_64 x86_64 2
AMSCommonsI-I-Identified as LittleEndian 64 bit machine. 4294967295
AMSCommonsI-I-amsdatabase /cvmfs/ams.cern.ch/Offline/AMSDataDir/DataBase/
AMSCommonsI-I-MipsFromCPUInfo: 2194.92
AMSCommonsI-I-SystemIdentified as  Intel(R) Xeon(R) CPU E5-2630 v4 @ 2.20GHz
AMSCommonsI-I-ComputerEvaluatedAsMips 3511
AMS Software version v5.02/1220/12 built Fri Apr 19 23:54:38 2019

Geant4  Version 1033
Run ID: 63 Bartel: 47
19864
AMSCommonsI-I-HardwareIdentifiedAs Linux 3.10.0-957.12.1.el7.x86_64 x86_64 2
AMSCommonsI-I-Identified as LittleEndian 64 bit machine. 4294967295
AMSCommonsI-I-amsdatabase /cvmfs/ams.cern.ch/Offline/AMSDataDir/DataBase/
AMSCommonsI-I-MipsFromCPUInfo: 2194.92
AMSCommonsI-I-SystemIdentified as  Intel(R) Xeon(R) CPU E5-2630 v4 @ 2.20GHz
AMSCommonsI-I-ComputerEvaluatedAsMips 3511
AMS Software version v5.02/1220/12 built Fri Apr 19 23:54:38 2019

Geant4  Version 1033
Run ID: 245 Bartel: 20
Input Destination: /eos/ams/user/s/selu/mdst/He122/mdst_60441785.root
Output Destination: /afs/cern.ch/work/c/ctuysuz/private/he_flux/LSF/result_mc_time/time_20/he_flux_20_245.root
Add hist00 from /eos/ams/user/s/selu/mdst/He122/mdst_60441785.root
Start of Init
Use new binning
Start of Eventloop
Ntr, Nent= 1 442756
IsMC= 1
Parameter[0] = -2.70518
Parameter[1] = -3.02051
Parameter[2] = -3.58999
Parameter[3] = -5.56547
Parameter[4] = 0.334526
Parameter[5] = -2.62761
mdfil_info:  10.0%    5 sec CPU:  41.8%
mdfil_info:  20.0%    7 sec CPU:  47.9%
mdfil_info:  30.0%   11 sec CPU:  50.3%
mdfil_info:  40.0%   14 sec CPU:  52.3%
mdfil_info:  50.0%   17 sec CPU:  52.5%
mdfil_info:  60.0%   20 sec CPU:  52.2%
mdfil_info:  70.0%   23 sec CPU:  53.1%
mdfil_info:  80.0%   25 sec CPU:  55.6%
mdfil_info:  90.0%   27 sec CPU:  57.5%
mdfil_info: 100.0%   29 sec CPU:  59.1%
mdfil_info: 100.0%   29 sec CPU:  59.1%
34579
AMSCommonsI-I-HardwareIdentifiedAs Linux 3.10.0-957.12.1.el7.x86_64 x86_64 2
AMSCommonsI-I-Identified as LittleEndian 64 bit machine. 4294967295
AMSCommonsI-I-amsdatabase /cvmfs/ams.cern.ch/Offline/AMSDataDir/DataBase/
AMSCommonsI-I-MipsFromCPUInfo: 2194.92
AMSCommonsI-I-SystemIdentified as  Intel(R) Xeon(R) CPU E5-2630 v4 @ 2.20GHz
AMSCommonsI-I-ComputerEvaluatedAsMips 3511
AMS Software version v5.02/1220/12 built Fri Apr 19 23:54:38 2019

Geant4  Version 1033
Run ID: 426 Bartel: 74
Input Destination: /eos/ams/user/s/selu/mdst/He122/mdst_60442314.root
Output Destination: /afs/cern.ch/work/c/ctuysuz/private/he_flux/LSF/result_mc_time/time_74/he_flux_74_426.root
Add hist00 from /eos/ams/user/s/selu/mdst/He122/mdst_60442314.root
Start of Init
Use new binning
Start of Eventloop
Ntr, Nent= 1 388012
IsMC= 1
Parameter[0] = -2.51662
Parameter[1] = -2.96375
Parameter[2] = -3.57829
Parameter[3] = -5.45844
Parameter[4] = 0.103059
Parameter[5] = -1.93983
mdfil_info:  10.0%    2 sec CPU:  70.4%
mdfil_info:  20.0%    4 sec CPU:  75.1%
mdfil_info:  30.0%    6 sec CPU:  77.9%
mdfil_info:  40.0%    8 sec CPU:  79.5%
mdfil_info:  50.0%    9 sec CPU:  80.4%
mdfil_info:  60.0%   11 sec CPU:  80.9%
mdfil_info:  70.0%   13 sec CPU:  81.4%
mdfil_info:  80.0%   14 sec CPU:  81.6%
mdfil_info:  90.0%   16 sec CPU:  81.9%
mdfil_info: 100.0%   18 sec CPU:  82.0%
mdfil_info: 100.0%   18 sec CPU:  82.0%
