WARN: the 'eosmount' alias is deprecated, please use /eos directly
License ports: 28518@lxlicen01.cern.ch,28518@lxlicen02.cern.ch,28518@lxlicen03.cern.ch:/cvmfs/projects.cern.ch/intelsw/psxe/linux/licenses
Intel(R) Parallel Studio XE 2018 Update 2 for Linux*
Copyright (C) 2009-2018 Intel Corporation. All rights reserved.
3900
AMSCommonsI-I-HardwareIdentifiedAs Linux 3.10.0-957.10.1.el7.x86_64 x86_64 2
AMSCommonsI-I-Identified as LittleEndian 64 bit machine. 4294967295
AMSCommonsI-I-amsdatabase /cvmfs/ams.cern.ch/Offline/AMSDataDir/DataBase/
AMSCommonsI-I-MipsFromCPUInfo: 2194.92
AMSCommonsI-I-SystemIdentified as  Intel(R) Xeon(R) CPU E5-2630 v4 @ 2.20GHz
AMSCommonsI-I-ComputerEvaluatedAsMips 3511
AMS Software version v5.02/1220/12 built Fri Apr 19 23:54:38 2019

Geant4  Version 1033
Run ID: 48 Bartel: 13
Input Destination: /eos/ams/user/s/selu/mdst/He122/mdst_60441587.root
Output Destination: /afs/cern.ch/work/c/ctuysuz/private/he_flux/LSF/result_mc_time/time_13/he_flux_13_48.root
Add hist00 from /eos/ams/user/s/selu/mdst/He122/mdst_60441587.root
Start of Init
Use new binning
Start of Eventloop
Ntr, Nent= 1 442376
IsMC= 1
Parameter[0] = -2.65893
Parameter[1] = -3.01855
Parameter[2] = -3.59704
Parameter[3] = -5.53516
Parameter[4] = 0.293906
Parameter[5] = -2.25131
mdfil_info:  10.0%    3 sec CPU:  73.1%
mdfil_info:  20.0%    5 sec CPU:  78.9%
mdfil_info:  30.0%    8 sec CPU:  80.3%
mdfil_info:  40.0%   11 sec CPU:  80.6%
mdfil_info:  50.0%   13 sec CPU:  80.3%
mdfil_info:  60.0%   16 sec CPU:  80.8%
mdfil_info:  70.0%   18 sec CPU:  81.0%
mdfil_info:  80.0%   21 sec CPU:  81.5%
mdfil_info:  90.0%   23 sec CPU:  81.8%
mdfil_info: 100.0%   26 sec CPU:  82.3%
mdfil_info: 100.0%   26 sec CPU:  82.3%
18615
AMSCommonsI-I-HardwareIdentifiedAs Linux 3.10.0-957.10.1.el7.x86_64 x86_64 2
AMSCommonsI-I-Identified as LittleEndian 64 bit machine. 4294967295
AMSCommonsI-I-amsdatabase /cvmfs/ams.cern.ch/Offline/AMSDataDir/DataBase/
AMSCommonsI-I-MipsFromCPUInfo: 2194.92
AMSCommonsI-I-SystemIdentified as  Intel(R) Xeon(R) CPU E5-2630 v4 @ 2.20GHz
AMSCommonsI-I-ComputerEvaluatedAsMips 3511
AMS Software version v5.02/1220/12 built Fri Apr 19 23:54:38 2019

Geant4  Version 1033
Run ID: 229 Bartel: 67
Input Destination: /eos/ams/user/s/selu/mdst/He122/mdst_60441769.root
Output Destination: /afs/cern.ch/work/c/ctuysuz/private/he_flux/LSF/result_mc_time/time_67/he_flux_67_229.root
Add hist00 from /eos/ams/user/s/selu/mdst/He122/mdst_60441769.root
Start of Init
Use new binning
Start of Eventloop
Ntr, Nent= 1 397464
IsMC= 1
Parameter[0] = -2.58662
Parameter[1] = -2.98984
Parameter[2] = -3.59559
Parameter[3] = -5.5153
Parameter[4] = 0.161079
Parameter[5] = -2.33345
mdfil_info:  10.0%   17 sec CPU:  11.9%
mdfil_info:  20.0%   23 sec CPU:  17.3%
mdfil_info:  30.0%   29 sec CPU:  20.4%
mdfil_info:  40.0%   36 sec CPU:  21.9%
mdfil_info:  50.0%   42 sec CPU:  23.0%
mdfil_info:  60.0%   49 sec CPU:  24.0%
mdfil_info:  70.0%   56 sec CPU:  24.5%
mdfil_info:  80.0%   62 sec CPU:  25.1%
mdfil_info:  90.0%   68 sec CPU:  25.6%
mdfil_info: 100.0%   73 sec CPU:  26.2%
mdfil_info: 100.0%   73 sec CPU:  26.2%
33330
AMSCommonsI-I-HardwareIdentifiedAs Linux 3.10.0-957.10.1.el7.x86_64 x86_64 2
AMSCommonsI-I-Identified as LittleEndian 64 bit machine. 4294967295
AMSCommonsI-I-amsdatabase /cvmfs/ams.cern.ch/Offline/AMSDataDir/DataBase/
AMSCommonsI-I-MipsFromCPUInfo: 2194.92
AMSCommonsI-I-SystemIdentified as  Intel(R) Xeon(R) CPU E5-2630 v4 @ 2.20GHz
AMSCommonsI-I-ComputerEvaluatedAsMips 3511
AMS Software version v5.02/1220/12 built Fri Apr 19 23:54:38 2019

Geant4  Version 1033
Run ID: 411 Bartel: 40
Input Destination: /eos/ams/user/s/selu/mdst/He122/mdst_60442299.root
Output Destination: /afs/cern.ch/work/c/ctuysuz/private/he_flux/LSF/result_mc_time/time_40/he_flux_40_411.root
Add hist00 from /eos/ams/user/s/selu/mdst/He122/mdst_60442299.root
Start of Init
Use new binning
Start of Eventloop
Ntr, Nent= 1 438752
IsMC= 1
Parameter[0] = -2.8011
Parameter[1] = -3.07357
Parameter[2] = -3.62055
Parameter[3] = -5.55933
Parameter[4] = 0.549697
Parameter[5] = -2.37552
mdfil_info:  10.0%    3 sec CPU:  72.6%
mdfil_info:  20.0%    5 sec CPU:  78.3%
mdfil_info:  30.0%    7 sec CPU:  80.0%
mdfil_info:  40.0%   10 sec CPU:  81.5%
mdfil_info:  50.0%   12 sec CPU:  81.9%
mdfil_info:  60.0%   14 sec CPU:  82.3%
mdfil_info:  70.0%   17 sec CPU:  82.5%
mdfil_info:  80.0%   19 sec CPU:  82.3%
mdfil_info:  90.0%   22 sec CPU:  82.7%
mdfil_info: 100.0%   24 sec CPU:  83.2%
mdfil_info: 100.0%   24 sec CPU:  83.2%
