WARN: the 'eosmount' alias is deprecated, please use /eos directly
License ports: 28518@lxlicen01.cern.ch,28518@lxlicen02.cern.ch,28518@lxlicen03.cern.ch:/cvmfs/projects.cern.ch/intelsw/psxe/linux/licenses
Intel(R) Parallel Studio XE 2018 Update 2 for Linux*
Copyright (C) 2009-2018 Intel Corporation. All rights reserved.
3930
AMSCommonsI-I-HardwareIdentifiedAs Linux 3.10.0-957.10.1.el7.x86_64 x86_64 2
AMSCommonsI-I-Identified as LittleEndian 64 bit machine. 4294967295
AMSCommonsI-I-amsdatabase /cvmfs/ams.cern.ch/Offline/AMSDataDir/DataBase/
AMSCommonsI-I-MipsFromCPUInfo: 2194.92
AMSCommonsI-I-SystemIdentified as  Intel(R) Xeon(R) CPU E5-2630 v4 @ 2.20GHz
AMSCommonsI-I-ComputerEvaluatedAsMips 3511
AMS Software version v5.02/1220/12 built Fri Apr 19 23:54:38 2019

Geant4  Version 1033
Run ID: 48 Bartel: 43
Input Destination: /eos/ams/user/s/selu/mdst/He122/mdst_60441587.root
Output Destination: /afs/cern.ch/work/c/ctuysuz/private/he_flux/LSF/result_mc_time/time_43/he_flux_43_48.root
Add hist00 from /eos/ams/user/s/selu/mdst/He122/mdst_60441587.root
Start of Init
Use new binning
Start of Eventloop
Ntr, Nent= 1 442376
IsMC= 1
Parameter[0] = -2.79775
Parameter[1] = -3.07523
Parameter[2] = -3.62821
Parameter[3] = -5.6114
Parameter[4] = 0.460986
Parameter[5] = -2.73201
mdfil_info:  10.0%   27 sec CPU:   8.8%
mdfil_info:  20.0%   41 sec CPU:  11.3%
mdfil_info:  30.0%   51 sec CPU:  13.3%
mdfil_info:  40.0%   59 sec CPU:  15.0%
mdfil_info:  50.0%   72 sec CPU:  15.3%
mdfil_info:  60.0%   83 sec CPU:  16.0%
mdfil_info:  70.0%   95 sec CPU:  16.2%
mdfil_info:  80.0%  105 sec CPU:  16.7%
mdfil_info:  90.0%  117 sec CPU:  16.8%
mdfil_info: 100.0%  131 sec CPU:  16.6%
mdfil_info: 100.0%  131 sec CPU:  16.6%
18645
AMSCommonsI-I-HardwareIdentifiedAs Linux 3.10.0-957.10.1.el7.x86_64 x86_64 2
AMSCommonsI-I-Identified as LittleEndian 64 bit machine. 4294967295
AMSCommonsI-I-amsdatabase /cvmfs/ams.cern.ch/Offline/AMSDataDir/DataBase/
AMSCommonsI-I-MipsFromCPUInfo: 2194.92
AMSCommonsI-I-SystemIdentified as  Intel(R) Xeon(R) CPU E5-2630 v4 @ 2.20GHz
AMSCommonsI-I-ComputerEvaluatedAsMips 3511
AMS Software version v5.02/1220/12 built Fri Apr 19 23:54:38 2019

Geant4  Version 1033
Run ID: 230 Bartel: 16
Input Destination: /eos/ams/user/s/selu/mdst/He122/mdst_60441770.root
Output Destination: /afs/cern.ch/work/c/ctuysuz/private/he_flux/LSF/result_mc_time/time_16/he_flux_16_230.root
Add hist00 from /eos/ams/user/s/selu/mdst/He122/mdst_60441770.root
Start of Init
Use new binning
Start of Eventloop
Ntr, Nent= 1 435432
IsMC= 1
Parameter[0] = -2.6668
Parameter[1] = -3.03435
Parameter[2] = -3.60385
Parameter[3] = -5.49763
Parameter[4] = 0.211134
Parameter[5] = -2.07053
mdfil_info:  10.0%    3 sec CPU:  77.0%
mdfil_info:  20.0%    5 sec CPU:  82.8%
mdfil_info:  30.0%    7 sec CPU:  84.8%
mdfil_info:  40.0%    9 sec CPU:  85.7%
mdfil_info:  50.0%   11 sec CPU:  86.3%
mdfil_info:  60.0%   14 sec CPU:  86.7%
mdfil_info:  70.0%   16 sec CPU:  87.1%
mdfil_info:  80.0%   18 sec CPU:  87.5%
mdfil_info:  90.0%   20 sec CPU:  87.8%
mdfil_info: 100.0%   22 sec CPU:  87.9%
mdfil_info: 100.0%   22 sec CPU:  87.9%
33360
AMSCommonsI-I-HardwareIdentifiedAs Linux 3.10.0-957.10.1.el7.x86_64 x86_64 2
AMSCommonsI-I-Identified as LittleEndian 64 bit machine. 4294967295
AMSCommonsI-I-amsdatabase /cvmfs/ams.cern.ch/Offline/AMSDataDir/DataBase/
AMSCommonsI-I-MipsFromCPUInfo: 2194.92
AMSCommonsI-I-SystemIdentified as  Intel(R) Xeon(R) CPU E5-2630 v4 @ 2.20GHz
AMSCommonsI-I-ComputerEvaluatedAsMips 3511
AMS Software version v5.02/1220/12 built Fri Apr 19 23:54:38 2019

Geant4  Version 1033
Run ID: 411 Bartel: 70
Input Destination: /eos/ams/user/s/selu/mdst/He122/mdst_60442299.root
Output Destination: /afs/cern.ch/work/c/ctuysuz/private/he_flux/LSF/result_mc_time/time_70/he_flux_70_411.root
Add hist00 from /eos/ams/user/s/selu/mdst/He122/mdst_60442299.root
Start of Init
Use new binning
Start of Eventloop
Ntr, Nent= 1 438752
IsMC= 1
Parameter[0] = -2.55238
Parameter[1] = -2.98162
Parameter[2] = -3.58419
Parameter[3] = -5.43685
Parameter[4] = 0.00689862
Parameter[5] = -1.78447
mdfil_info:  10.0%    3 sec CPU:  71.7%
mdfil_info:  20.0%    5 sec CPU:  77.0%
mdfil_info:  30.0%    7 sec CPU:  78.9%
mdfil_info:  40.0%   10 sec CPU:  80.4%
mdfil_info:  50.0%   12 sec CPU:  81.1%
mdfil_info:  60.0%   14 sec CPU:  81.8%
mdfil_info:  70.0%   16 sec CPU:  82.1%
mdfil_info:  80.0%   19 sec CPU:  82.7%
mdfil_info:  90.0%   21 sec CPU:  83.0%
mdfil_info: 100.0%   23 sec CPU:  83.3%
mdfil_info: 100.0%   23 sec CPU:  83.3%
