WARN: the 'eosmount' alias is deprecated, please use /eos directly
License ports: 28518@lxlicen01.cern.ch,28518@lxlicen02.cern.ch,28518@lxlicen03.cern.ch:/cvmfs/projects.cern.ch/intelsw/psxe/linux/licenses
Intel(R) Parallel Studio XE 2018 Update 2 for Linux*
Copyright (C) 2009-2018 Intel Corporation. All rights reserved.
14240
AMSCommonsI-I-HardwareIdentifiedAs Linux 3.10.0-957.1.3.el7.x86_64 x86_64 2
AMSCommonsI-I-Identified as LittleEndian 64 bit machine. 4294967295
AMSCommonsI-I-amsdatabase /cvmfs/ams.cern.ch/Offline/AMSDataDir/DataBase/
AMSCommonsI-I-MipsFromCPUInfo: 2194.92
AMSCommonsI-I-SystemIdentified as  Intel(R) Xeon(R) CPU E5-2630 v4 @ 2.20GHz
AMSCommonsI-I-ComputerEvaluatedAsMips 3511
AMS Software version v5.02/1220/12 built Fri Apr 19 23:54:38 2019

Geant4  Version 1033
Run ID: 175 Bartel: 66
Input Destination: /eos/ams/user/s/selu/mdst/He122/mdst_60441715.root
Output Destination: /afs/cern.ch/work/c/ctuysuz/private/he_flux/LSF/result_mc_time/time_66/he_flux_66_175.root
Add hist00 from /eos/ams/user/s/selu/mdst/He122/mdst_60441715.root
Start of Init
Use new binning
Start of Eventloop
Ntr, Nent= 1 438112
IsMC= 1
Parameter[0] = -2.5779
Parameter[1] = -2.99002
Parameter[2] = -3.59372
Parameter[3] = -5.46372
Parameter[4] = 0.117988
Parameter[5] = -1.94602
mdfil_info:  10.0%   21 sec CPU:  10.8%
mdfil_info:  20.0%   28 sec CPU:  16.1%
mdfil_info:  30.0%   35 sec CPU:  18.8%
mdfil_info:  40.0%   42 sec CPU:  20.9%
mdfil_info:  50.0%   48 sec CPU:  22.8%
mdfil_info:  60.0%   56 sec CPU:  23.9%
mdfil_info:  70.0%   64 sec CPU:  24.2%
mdfil_info:  80.0%   72 sec CPU:  24.5%
mdfil_info:  90.0%   78 sec CPU:  25.1%
mdfil_info: 100.0%   85 sec CPU:  25.5%
mdfil_info: 100.0%   85 sec CPU:  25.5%
28955
AMSCommonsI-I-HardwareIdentifiedAs Linux 3.10.0-957.1.3.el7.x86_64 x86_64 2
AMSCommonsI-I-Identified as LittleEndian 64 bit machine. 4294967295
AMSCommonsI-I-amsdatabase /cvmfs/ams.cern.ch/Offline/AMSDataDir/DataBase/
AMSCommonsI-I-MipsFromCPUInfo: 2194.92
AMSCommonsI-I-SystemIdentified as  Intel(R) Xeon(R) CPU E5-2630 v4 @ 2.20GHz
AMSCommonsI-I-ComputerEvaluatedAsMips 3511
AMS Software version v5.02/1220/12 built Fri Apr 19 23:54:38 2019

Geant4  Version 1033
Run ID: 357 Bartel: 39
Input Destination: /eos/ams/user/s/selu/mdst/He122/mdst_60442245.root
Output Destination: /afs/cern.ch/work/c/ctuysuz/private/he_flux/LSF/result_mc_time/time_39/he_flux_39_357.root
Add hist00 from /eos/ams/user/s/selu/mdst/He122/mdst_60442245.root
Start of Init
Use new binning
Start of Eventloop
Ntr, Nent= 1 434895
IsMC= 1
Parameter[0] = -2.81505
Parameter[1] = -3.07484
Parameter[2] = -3.62471
Parameter[3] = -5.62014
Parameter[4] = 0.622835
Parameter[5] = -2.8044
mdfil_info:  10.0%    3 sec CPU:  65.3%
mdfil_info:  20.0%    6 sec CPU:  72.7%
mdfil_info:  30.0%    8 sec CPU:  76.4%
mdfil_info:  40.0%   11 sec CPU:  78.2%
mdfil_info:  50.0%   13 sec CPU:  79.2%
mdfil_info:  60.0%   16 sec CPU:  78.5%
mdfil_info:  70.0%   19 sec CPU:  78.9%
mdfil_info:  80.0%   22 sec CPU:  79.1%
mdfil_info:  90.0%   24 sec CPU:  79.3%
mdfil_info: 100.0%   27 sec CPU:  79.2%
mdfil_info: 100.0%   27 sec CPU:  79.2%
43670
AMSCommonsI-I-HardwareIdentifiedAs Linux 3.10.0-957.1.3.el7.x86_64 x86_64 2
AMSCommonsI-I-Identified as LittleEndian 64 bit machine. 4294967295
AMSCommonsI-I-amsdatabase /cvmfs/ams.cern.ch/Offline/AMSDataDir/DataBase/
AMSCommonsI-I-MipsFromCPUInfo: 2194.92
AMSCommonsI-I-SystemIdentified as  Intel(R) Xeon(R) CPU E5-2630 v4 @ 2.20GHz
AMSCommonsI-I-ComputerEvaluatedAsMips 3511
AMS Software version v5.02/1220/12 built Fri Apr 19 23:54:38 2019

Geant4  Version 1033
Run ID: 539 Bartel: 12
Input Destination: /eos/ams/user/s/selu/mdst/He314/mdst_120929944.root
Output Destination: /afs/cern.ch/work/c/ctuysuz/private/he_flux/LSF/result_mc_time/time_12/he_flux_12_539.root
Add hist00 from /eos/ams/user/s/selu/mdst/He314/mdst_120929944.root
Start of Init
Use new binning
Start of Eventloop
Ntr, Nent= 1 115557
IsMC= 1
Parameter[0] = -2.69683
Parameter[1] = -3.04779
Parameter[2] = -3.61865
Parameter[3] = -5.53473
Parameter[4] = 0.213856
Parameter[5] = -2.39642
mdfil_info:  10.0%    1 sec CPU:  70.6%
mdfil_info:  20.0%    2 sec CPU:  70.4%
mdfil_info:  30.0%    3 sec CPU:  71.4%
mdfil_info:  40.0%    3 sec CPU:  74.0%
mdfil_info:  50.0%    4 sec CPU:  75.1%
mdfil_info:  60.0%    5 sec CPU:  76.1%
mdfil_info:  70.0%    5 sec CPU:  77.1%
mdfil_info:  80.0%    6 sec CPU:  77.9%
mdfil_info:  90.0%    7 sec CPU:  78.6%
mdfil_info: 100.0%    7 sec CPU:  79.2%
mdfil_info: 100.0%    7 sec CPU:  79.2%
