WARN: the 'eosmount' alias is deprecated, please use /eos directly
License ports: 28518@lxlicen01.cern.ch,28518@lxlicen02.cern.ch,28518@lxlicen03.cern.ch:/cvmfs/projects.cern.ch/intelsw/psxe/linux/licenses
Intel(R) Parallel Studio XE 2018 Update 2 for Linux*
Copyright (C) 2009-2018 Intel Corporation. All rights reserved.
7221
AMSCommonsI-I-HardwareIdentifiedAs Linux 3.10.0-957.10.1.el7.x86_64 x86_64 2
AMSCommonsI-I-Identified as LittleEndian 64 bit machine. 4294967295
AMSCommonsI-I-amsdatabase /cvmfs/ams.cern.ch/Offline/AMSDataDir/DataBase/
AMSCommonsI-I-MipsFromCPUInfo: 2194.92
AMSCommonsI-I-SystemIdentified as  Intel(R) Xeon(R) CPU E5-2630 v4 @ 2.20GHz
AMSCommonsI-I-ComputerEvaluatedAsMips 3511
AMS Software version v5.02/1220/12 built Fri Apr 19 23:54:38 2019

Geant4  Version 1033
Run ID: 89 Bartel: 13
Input Destination: /eos/ams/user/s/selu/mdst/He122/mdst_60441629.root
Output Destination: /afs/cern.ch/work/c/ctuysuz/private/he_flux/LSF/result_mc_time/time_13/he_flux_13_89.root
Add hist00 from /eos/ams/user/s/selu/mdst/He122/mdst_60441629.root
Start of Init
Use new binning
Start of Eventloop
Ntr, Nent= 1 441505
IsMC= 1
Parameter[0] = -2.65893
Parameter[1] = -3.01855
Parameter[2] = -3.59704
Parameter[3] = -5.53516
Parameter[4] = 0.293906
Parameter[5] = -2.25131
mdfil_info:  10.0%   22 sec CPU:  10.8%
mdfil_info:  20.0%   30 sec CPU:  14.6%
mdfil_info:  30.0%   38 sec CPU:  17.1%
mdfil_info:  40.0%   47 sec CPU:  18.7%
mdfil_info:  50.0%   56 sec CPU:  19.3%
mdfil_info:  60.0%   70 sec CPU:  18.6%
mdfil_info:  70.0%   78 sec CPU:  19.4%
mdfil_info:  80.0%   86 sec CPU:  20.0%
mdfil_info:  90.0%   95 sec CPU:  20.3%
mdfil_info: 100.0%  105 sec CPU:  20.5%
mdfil_info: 100.0%  105 sec CPU:  20.5%
21936
AMSCommonsI-I-HardwareIdentifiedAs Linux 3.10.0-957.10.1.el7.x86_64 x86_64 2
AMSCommonsI-I-Identified as LittleEndian 64 bit machine. 4294967295
AMSCommonsI-I-amsdatabase /cvmfs/ams.cern.ch/Offline/AMSDataDir/DataBase/
AMSCommonsI-I-MipsFromCPUInfo: 2194.92
AMSCommonsI-I-SystemIdentified as  Intel(R) Xeon(R) CPU E5-2630 v4 @ 2.20GHz
AMSCommonsI-I-ComputerEvaluatedAsMips 3511
AMS Software version v5.02/1220/12 built Fri Apr 19 23:54:38 2019

Geant4  Version 1033
Run ID: 270 Bartel: 67
Input Destination: /eos/ams/user/s/selu/mdst/He122/mdst_60441810.root
Output Destination: /afs/cern.ch/work/c/ctuysuz/private/he_flux/LSF/result_mc_time/time_67/he_flux_67_270.root
Add hist00 from /eos/ams/user/s/selu/mdst/He122/mdst_60441810.root
Start of Init
Use new binning
Start of Eventloop
Ntr, Nent= 1 437324
IsMC= 1
Parameter[0] = -2.58662
Parameter[1] = -2.98984
Parameter[2] = -3.59559
Parameter[3] = -5.5153
Parameter[4] = 0.161079
Parameter[5] = -2.33345
mdfil_info:  10.0%   18 sec CPU:  13.0%
mdfil_info:  20.0%   29 sec CPU:  15.3%
mdfil_info:  30.0%   37 sec CPU:  17.9%
mdfil_info:  40.0%   45 sec CPU:  19.6%
mdfil_info:  50.0%   52 sec CPU:  20.9%
mdfil_info:  60.0%   60 sec CPU:  21.9%
mdfil_info:  70.0%   67 sec CPU:  22.7%
mdfil_info:  80.0%   74 sec CPU:  23.4%
mdfil_info:  90.0%   80 sec CPU:  24.1%
mdfil_info: 100.0%   87 sec CPU:  24.7%
mdfil_info: 100.0%   87 sec CPU:  24.7%
36651
AMSCommonsI-I-HardwareIdentifiedAs Linux 3.10.0-957.10.1.el7.x86_64 x86_64 2
AMSCommonsI-I-Identified as LittleEndian 64 bit machine. 4294967295
AMSCommonsI-I-amsdatabase /cvmfs/ams.cern.ch/Offline/AMSDataDir/DataBase/
AMSCommonsI-I-MipsFromCPUInfo: 2194.92
AMSCommonsI-I-SystemIdentified as  Intel(R) Xeon(R) CPU E5-2630 v4 @ 2.20GHz
AMSCommonsI-I-ComputerEvaluatedAsMips 3511
AMS Software version v5.02/1220/12 built Fri Apr 19 23:54:38 2019

Geant4  Version 1033
Run ID: 452 Bartel: 40
Input Destination: /eos/ams/user/s/selu/mdst/He314/mdst_120929852.root
Output Destination: /afs/cern.ch/work/c/ctuysuz/private/he_flux/LSF/result_mc_time/time_40/he_flux_40_452.root
Add hist00 from /eos/ams/user/s/selu/mdst/He314/mdst_120929852.root
Start of Init
Use new binning
Start of Eventloop
Ntr, Nent= 1 122283
IsMC= 1
Parameter[0] = -2.8011
Parameter[1] = -3.07357
Parameter[2] = -3.62055
Parameter[3] = -5.55933
Parameter[4] = 0.549697
Parameter[5] = -2.37552
mdfil_info:  10.0%    1 sec CPU:  73.3%
mdfil_info:  20.0%    2 sec CPU:  70.2%
mdfil_info:  30.0%    3 sec CPU:  71.3%
mdfil_info:  40.0%    3 sec CPU:  73.9%
mdfil_info:  50.0%    4 sec CPU:  76.6%
mdfil_info:  60.0%    5 sec CPU:  78.0%
mdfil_info:  70.0%    5 sec CPU:  78.9%
mdfil_info:  80.0%    6 sec CPU:  79.9%
mdfil_info:  90.0%    7 sec CPU:  80.2%
mdfil_info: 100.0%    7 sec CPU:  80.5%
mdfil_info: 100.0%    7 sec CPU:  80.5%
