WARN: the 'eosmount' alias is deprecated, please use /eos directly
License ports: 28518@lxlicen01.cern.ch,28518@lxlicen02.cern.ch,28518@lxlicen03.cern.ch:/cvmfs/projects.cern.ch/intelsw/psxe/linux/licenses
Intel(R) Parallel Studio XE 2018 Update 2 for Linux*
Copyright (C) 2009-2018 Intel Corporation. All rights reserved.
9718
AMSCommonsI-I-HardwareIdentifiedAs Linux 3.10.0-957.12.1.el7.x86_64 x86_64 2
AMSCommonsI-I-Identified as LittleEndian 64 bit machine. 4294967295
AMSCommonsI-I-amsdatabase /cvmfs/ams.cern.ch/Offline/AMSDataDir/DataBase/
AMSCommonsI-I-MipsFromCPUInfo: 2394.45
AMSCommonsI-I-SystemIdentified as  Intel Core Processor (Haswell, no TSX, IBRS)
AMSCommonsI-I-ComputerEvaluatedAsMips 3591
AMS Software version v5.02/1220/12 built Fri Apr 19 23:54:38 2019

Geant4  Version 1033
Run ID: 119 Bartel: 80
Input Destination: /eos/ams/user/s/selu/mdst/He122/mdst_60441659.root
Output Destination: /afs/cern.ch/work/c/ctuysuz/private/he_flux/LSF/result_mc_time/time_80/he_flux_80_119.root
Add hist00 from /eos/ams/user/s/selu/mdst/He122/mdst_60441659.root
Start of Init
Use new binning
Start of Eventloop
Ntr, Nent= 1 437530
IsMC= 1
Parameter[0] = -2.47357
Parameter[1] = -2.95263
Parameter[2] = -3.57222
Parameter[3] = -5.51993
Parameter[4] = -0.016679
Parameter[5] = -2.31576
mdfil_info:  10.0%   16 sec CPU:  10.7%
mdfil_info:  20.0%   21 sec CPU:  15.1%
mdfil_info:  30.0%   28 sec CPU:  17.0%
mdfil_info:  40.0%   33 sec CPU:  18.8%
mdfil_info:  50.0%   38 sec CPU:  20.3%
mdfil_info:  60.0%   48 sec CPU:  19.2%
mdfil_info:  70.0%   58 sec CPU:  18.5%
mdfil_info:  80.0%   65 sec CPU:  19.1%
mdfil_info:  90.0%   70 sec CPU:  19.8%
mdfil_info: 100.0%   76 sec CPU:  20.5%
24433
AMSCommonsI-I-HardwareIdentifiedAs Linux 3.10.0-957.12.1.el7.x86_64 x86_64 2
AMSCommonsI-I-Identified as LittleEndian 64 bit machine. 4294967295
AMSCommonsI-I-amsdatabase /cvmfs/ams.cern.ch/Offline/AMSDataDir/DataBase/
AMSCommonsI-I-MipsFromCPUInfo: 2394.45
AMSCommonsI-I-SystemIdentified as  Intel Core Processor (Haswell, no TSX, IBRS)
AMSCommonsI-I-ComputerEvaluatedAsMips 3591
AMS Software version v5.02/1220/12 built Fri Apr 19 23:54:38 2019

Geant4  Version 1033
Run ID: 301 Bartel: 53
Input Destination: /eos/ams/user/s/selu/mdst/He122/mdst_60441841.root
Output Destination: /afs/cern.ch/work/c/ctuysuz/private/he_flux/LSF/result_mc_time/time_53/he_flux_53_301.root
Add hist00 from /eos/ams/user/s/selu/mdst/He122/mdst_60441841.root
Start of Init
Use new binning
Start of Eventloop
Ntr, Nent= 1 440048
IsMC= 1
Parameter[0] = -2.79614
Parameter[1] = -3.0736
Parameter[2] = -3.62637
Parameter[3] = -5.54999
Parameter[4] = 0.554084
Parameter[5] = -2.43435
mdfil_info:  10.0%    2 sec CPU:  81.6%
mdfil_info:  20.0%    4 sec CPU:  85.4%
mdfil_info:  30.0%    5 sec CPU:  86.8%
mdfil_info:  40.0%    7 sec CPU:  87.6%
mdfil_info:  50.0%    9 sec CPU:  88.2%
mdfil_info:  60.0%   10 sec CPU:  88.7%
mdfil_info:  70.0%   12 sec CPU:  89.1%
mdfil_info:  80.0%   14 sec CPU:  89.2%
mdfil_info:  90.0%   15 sec CPU:  89.3%
mdfil_info: 100.0%   17 sec CPU:  89.3%
mdfil_info: 100.0%   17 sec CPU:  89.3%
39148
AMSCommonsI-I-HardwareIdentifiedAs Linux 3.10.0-957.12.1.el7.x86_64 x86_64 2
AMSCommonsI-I-Identified as LittleEndian 64 bit machine. 4294967295
AMSCommonsI-I-amsdatabase /cvmfs/ams.cern.ch/Offline/AMSDataDir/DataBase/
AMSCommonsI-I-MipsFromCPUInfo: 2394.45
AMSCommonsI-I-SystemIdentified as  Intel Core Processor (Haswell, no TSX, IBRS)
AMSCommonsI-I-ComputerEvaluatedAsMips 3591
AMS Software version v5.02/1220/12 built Fri Apr 19 23:54:38 2019

Geant4  Version 1033
Run ID: 483 Bartel: 26
Input Destination: /eos/ams/user/s/selu/mdst/He314/mdst_120929883.root
Output Destination: /afs/cern.ch/work/c/ctuysuz/private/he_flux/LSF/result_mc_time/time_26/he_flux_26_483.root
Add hist00 from /eos/ams/user/s/selu/mdst/He314/mdst_120929883.root
Start of Init
Use new binning
Start of Eventloop
Ntr, Nent= 1 97645
IsMC= 1
Parameter[0] = -2.69537
Parameter[1] = -3.03409
Parameter[2] = -3.6054
Parameter[3] = -5.53507
Parameter[4] = 0.209297
Parameter[5] = -2.37536
mdfil_info:  10.0%    0 sec CPU:  77.0%
mdfil_info:  20.0%    1 sec CPU:  76.8%
mdfil_info:  30.0%    1 sec CPU:  77.3%
mdfil_info:  40.0%    2 sec CPU:  79.0%
mdfil_info:  50.0%    2 sec CPU:  80.5%
mdfil_info:  60.0%    3 sec CPU:  81.7%
mdfil_info:  70.0%    3 sec CPU:  82.6%
mdfil_info:  80.0%    3 sec CPU:  83.8%
mdfil_info:  90.0%    4 sec CPU:  84.3%
mdfil_info: 100.0%    4 sec CPU:  85.1%
mdfil_info: 100.0%    4 sec CPU:  85.0%
