WARN: the 'eosmount' alias is deprecated, please use /eos directly
License ports: 28518@lxlicen01.cern.ch,28518@lxlicen02.cern.ch,28518@lxlicen03.cern.ch:/cvmfs/projects.cern.ch/intelsw/psxe/linux/licenses
Intel(R) Parallel Studio XE 2018 Update 2 for Linux*
Copyright (C) 2009-2018 Intel Corporation. All rights reserved.
7960
AMSCommonsI-I-HardwareIdentifiedAs Linux 3.10.0-957.12.1.el7.x86_64 x86_64 2
AMSCommonsI-I-Identified as LittleEndian 64 bit machine. 4294967295
AMSCommonsI-I-amsdatabase /cvmfs/ams.cern.ch/Offline/AMSDataDir/DataBase/
AMSCommonsI-I-MipsFromCPUInfo: 2394.45
AMSCommonsI-I-SystemIdentified as  Intel(R) Xeon(R) CPU E5-2630 v3 @ 2.40GHz
AMSCommonsI-I-ComputerEvaluatedAsMips 3831
AMS Software version v5.02/1220/12 built Fri Apr 19 23:54:38 2019

Geant4  Version 1033
Run ID: 98 Bartel: 23
Input Destination: /eos/ams/user/s/selu/mdst/He122/mdst_60441638.root
Output Destination: /afs/cern.ch/work/c/ctuysuz/private/he_flux/LSF/result_mc_time/time_23/he_flux_23_98.root
Add hist00 from /eos/ams/user/s/selu/mdst/He122/mdst_60441638.root
Start of Init
Use new binning
Start of Eventloop
Ntr, Nent= 1 435988
IsMC= 1
Parameter[0] = -2.68031
Parameter[1] = -3.0282
Parameter[2] = -3.60077
Parameter[3] = -5.50631
Parameter[4] = 0.188664
Parameter[5] = -2.1921
mdfil_info:  10.0%    2 sec CPU:  79.2%
mdfil_info:  20.0%    4 sec CPU:  83.4%
mdfil_info:  30.0%    6 sec CPU:  79.7%
mdfil_info:  40.0%    8 sec CPU:  80.6%
mdfil_info:  50.0%   10 sec CPU:  81.8%
mdfil_info:  60.0%   12 sec CPU:  83.0%
mdfil_info:  70.0%   13 sec CPU:  83.5%
mdfil_info:  80.0%   15 sec CPU:  83.3%
mdfil_info:  90.0%   17 sec CPU:  83.8%
mdfil_info: 100.0%   19 sec CPU:  83.8%
mdfil_info: 100.0%   19 sec CPU:  83.8%
22675
AMSCommonsI-I-HardwareIdentifiedAs Linux 3.10.0-957.12.1.el7.x86_64 x86_64 2
AMSCommonsI-I-Identified as LittleEndian 64 bit machine. 4294967295
AMSCommonsI-I-amsdatabase /cvmfs/ams.cern.ch/Offline/AMSDataDir/DataBase/
AMSCommonsI-I-MipsFromCPUInfo: 2394.45
AMSCommonsI-I-SystemIdentified as  Intel(R) Xeon(R) CPU E5-2630 v3 @ 2.40GHz
AMSCommonsI-I-ComputerEvaluatedAsMips 3831
AMS Software version v5.02/1220/12 built Fri Apr 19 23:54:38 2019

Geant4  Version 1033
Run ID: 279 Bartel: 77
Input Destination: /eos/ams/user/s/selu/mdst/He122/mdst_60441819.root
Output Destination: /afs/cern.ch/work/c/ctuysuz/private/he_flux/LSF/result_mc_time/time_77/he_flux_77_279.root
Add hist00 from /eos/ams/user/s/selu/mdst/He122/mdst_60441819.root
Start of Init
Use new binning
Start of Eventloop
Ntr, Nent= 1 438009
IsMC= 1
Parameter[0] = -2.48824
Parameter[1] = -2.95955
Parameter[2] = -3.57956
Parameter[3] = -5.5244
Parameter[4] = 0.0142674
Parameter[5] = -2.38492
mdfil_info:  10.0%    2 sec CPU:  81.2%
mdfil_info:  20.0%    4 sec CPU:  86.0%
mdfil_info:  30.0%    5 sec CPU:  88.2%
mdfil_info:  40.0%    7 sec CPU:  89.0%
mdfil_info:  50.0%    9 sec CPU:  89.5%
mdfil_info:  60.0%   10 sec CPU:  90.0%
mdfil_info:  70.0%   12 sec CPU:  90.2%
mdfil_info:  80.0%   14 sec CPU:  90.3%
mdfil_info:  90.0%   15 sec CPU:  90.3%
mdfil_info: 100.0%   17 sec CPU:  90.4%
mdfil_info: 100.0%   17 sec CPU:  90.4%
37390
AMSCommonsI-I-HardwareIdentifiedAs Linux 3.10.0-957.12.1.el7.x86_64 x86_64 2
AMSCommonsI-I-Identified as LittleEndian 64 bit machine. 4294967295
AMSCommonsI-I-amsdatabase /cvmfs/ams.cern.ch/Offline/AMSDataDir/DataBase/
AMSCommonsI-I-MipsFromCPUInfo: 2394.45
AMSCommonsI-I-SystemIdentified as  Intel(R) Xeon(R) CPU E5-2630 v3 @ 2.40GHz
AMSCommonsI-I-ComputerEvaluatedAsMips 3831
AMS Software version v5.02/1220/12 built Fri Apr 19 23:54:38 2019

Geant4  Version 1033
Run ID: 461 Bartel: 50
Input Destination: /eos/ams/user/s/selu/mdst/He314/mdst_120929861.root
Output Destination: /afs/cern.ch/work/c/ctuysuz/private/he_flux/LSF/result_mc_time/time_50/he_flux_50_461.root
Add hist00 from /eos/ams/user/s/selu/mdst/He314/mdst_120929861.root
Start of Init
Use new binning
Start of Eventloop
Ntr, Nent= 1 109860
IsMC= 1
Parameter[0] = -2.73471
Parameter[1] = -3.0684
Parameter[2] = -3.6261
Parameter[3] = -5.53452
Parameter[4] = 0.161673
Parameter[5] = -2.21662
mdfil_info:  10.0%    5 sec CPU:   9.2%
mdfil_info:  20.0%    9 sec CPU:  10.3%
mdfil_info:  30.0%   14 sec CPU:  10.5%
mdfil_info:  40.0%   15 sec CPU:  12.6%
mdfil_info:  50.0%   17 sec CPU:  14.2%
mdfil_info:  60.0%   18 sec CPU:  15.4%
mdfil_info:  70.0%   22 sec CPU:  14.3%
mdfil_info:  80.0%   25 sec CPU:  14.4%
mdfil_info:  90.0%   27 sec CPU:  15.0%
mdfil_info: 100.0%   28 sec CPU:  15.6%
