WARN: the 'eosmount' alias is deprecated, please use /eos directly
License ports: 28518@lxlicen01.cern.ch,28518@lxlicen02.cern.ch,28518@lxlicen03.cern.ch:/cvmfs/projects.cern.ch/intelsw/psxe/linux/licenses
Intel(R) Parallel Studio XE 2018 Update 2 for Linux*
Copyright (C) 2009-2018 Intel Corporation. All rights reserved.
12983
AMSCommonsI-I-HardwareIdentifiedAs Linux 3.10.0-957.10.1.el7.x86_64 x86_64 2
AMSCommonsI-I-Identified as LittleEndian 64 bit machine. 4294967295
AMSCommonsI-I-amsdatabase /cvmfs/ams.cern.ch/Offline/AMSDataDir/DataBase/
AMSCommonsI-I-MipsFromCPUInfo: 2194.92
AMSCommonsI-I-SystemIdentified as  Intel(R) Xeon(R) CPU E5-2630 v4 @ 2.20GHz
AMSCommonsI-I-ComputerEvaluatedAsMips 3511
AMS Software version v5.02/1220/12 built Fri Apr 19 23:54:38 2019

Geant4  Version 1033
Run ID: 160 Bartel: 24
Input Destination: /eos/ams/user/s/selu/mdst/He122/mdst_60441700.root
Output Destination: /afs/cern.ch/work/c/ctuysuz/private/he_flux/LSF/result_mc_time/time_24/he_flux_24_160.root
Add hist00 from /eos/ams/user/s/selu/mdst/He122/mdst_60441700.root
Start of Init
Use new binning
Start of Eventloop
Ntr, Nent= 1 442470
IsMC= 1
Parameter[0] = -2.67347
Parameter[1] = -3.02234
Parameter[2] = -3.59529
Parameter[3] = -5.54139
Parameter[4] = 0.298601
Parameter[5] = -2.30285
mdfil_info:  10.0%   19 sec CPU:  12.1%
mdfil_info:  20.0%   26 sec CPU:  17.1%
mdfil_info:  30.0%   34 sec CPU:  19.3%
mdfil_info:  40.0%   42 sec CPU:  20.9%
mdfil_info:  50.0%   50 sec CPU:  22.0%
mdfil_info:  60.0%   56 sec CPU:  23.3%
mdfil_info:  70.0%   64 sec CPU:  24.0%
mdfil_info:  80.0%   71 sec CPU:  24.5%
mdfil_info:  90.0%   79 sec CPU:  24.9%
mdfil_info: 100.0%   86 sec CPU:  25.3%
27698
AMSCommonsI-I-HardwareIdentifiedAs Linux 3.10.0-957.10.1.el7.x86_64 x86_64 2
AMSCommonsI-I-Identified as LittleEndian 64 bit machine. 4294967295
AMSCommonsI-I-amsdatabase /cvmfs/ams.cern.ch/Offline/AMSDataDir/DataBase/
AMSCommonsI-I-MipsFromCPUInfo: 2194.92
AMSCommonsI-I-SystemIdentified as  Intel(R) Xeon(R) CPU E5-2630 v4 @ 2.20GHz
AMSCommonsI-I-ComputerEvaluatedAsMips 3511
AMS Software version v5.02/1220/12 built Fri Apr 19 23:54:38 2019

Geant4  Version 1033
Run ID: 341 Bartel: 78
Input Destination: /eos/ams/user/s/selu/mdst/He122/mdst_60441881.root
Output Destination: /afs/cern.ch/work/c/ctuysuz/private/he_flux/LSF/result_mc_time/time_78/he_flux_78_341.root
Add hist00 from /eos/ams/user/s/selu/mdst/He122/mdst_60441881.root
Start of Init
Use new binning
Start of Eventloop
Ntr, Nent= 1 439004
IsMC= 1
Parameter[0] = -2.48013
Parameter[1] = -2.9556
Parameter[2] = -3.57501
Parameter[3] = -5.51652
Parameter[4] = -0.0886133
Parameter[5] = -2.33511
mdfil_info:  10.0%    8 sec CPU:  27.7%
mdfil_info:  20.0%   13 sec CPU:  34.0%
mdfil_info:  30.0%   25 sec CPU:  25.2%
mdfil_info:  40.0%   29 sec CPU:  28.6%
mdfil_info:  50.0%   36 sec CPU:  29.0%
mdfil_info:  60.0%   40 sec CPU:  30.9%
mdfil_info:  70.0%   45 sec CPU:  32.3%
mdfil_info:  80.0%   50 sec CPU:  33.4%
mdfil_info:  90.0%   55 sec CPU:  33.6%
mdfil_info: 100.0%   64 sec CPU:  32.3%
mdfil_info: 100.0%   64 sec CPU:  32.3%
42413
AMSCommonsI-I-HardwareIdentifiedAs Linux 3.10.0-957.10.1.el7.x86_64 x86_64 2
AMSCommonsI-I-Identified as LittleEndian 64 bit machine. 4294967295
AMSCommonsI-I-amsdatabase /cvmfs/ams.cern.ch/Offline/AMSDataDir/DataBase/
AMSCommonsI-I-MipsFromCPUInfo: 2194.92
AMSCommonsI-I-SystemIdentified as  Intel(R) Xeon(R) CPU E5-2630 v4 @ 2.20GHz
AMSCommonsI-I-ComputerEvaluatedAsMips 3511
AMS Software version v5.02/1220/12 built Fri Apr 19 23:54:38 2019

Geant4  Version 1033
Run ID: 523 Bartel: 51
Input Destination: /eos/ams/user/s/selu/mdst/He314/mdst_120929924.root
Output Destination: /afs/cern.ch/work/c/ctuysuz/private/he_flux/LSF/result_mc_time/time_51/he_flux_51_523.root
Add hist00 from /eos/ams/user/s/selu/mdst/He314/mdst_120929924.root
Start of Init
Use new binning
Start of Eventloop
Ntr, Nent= 1 109997
IsMC= 1
Parameter[0] = -2.74568
Parameter[1] = -3.06682
Parameter[2] = -3.63032
Parameter[3] = -5.60094
Parameter[4] = 0.442954
Parameter[5] = -2.61577
mdfil_info:  10.0%    1 sec CPU:  66.7%
mdfil_info:  20.0%    2 sec CPU:  69.4%
mdfil_info:  30.0%    2 sec CPU:  72.1%
mdfil_info:  40.0%    3 sec CPU:  74.8%
mdfil_info:  50.0%    4 sec CPU:  76.9%
mdfil_info:  60.0%    4 sec CPU:  78.7%
mdfil_info:  70.0%    5 sec CPU:  80.0%
mdfil_info:  80.0%    5 sec CPU:  80.9%
mdfil_info:  90.0%    6 sec CPU:  81.4%
mdfil_info: 100.0%    6 sec CPU:  82.0%
mdfil_info: 100.0%    6 sec CPU:  82.0%
