WARN: the 'eosmount' alias is deprecated, please use /eos directly
License ports: 28518@lxlicen01.cern.ch,28518@lxlicen02.cern.ch,28518@lxlicen03.cern.ch:/cvmfs/projects.cern.ch/intelsw/psxe/linux/licenses
Intel(R) Parallel Studio XE 2018 Update 2 for Linux*
Copyright (C) 2009-2018 Intel Corporation. All rights reserved.
899
AMSCommonsI-I-HardwareIdentifiedAs Linux 3.10.0-957.10.1.el7.x86_64 x86_64 2
AMSCommonsI-I-Identified as LittleEndian 64 bit machine. 4294967295
AMSCommonsI-I-amsdatabase /cvmfs/ams.cern.ch/Offline/AMSDataDir/DataBase/
AMSCommonsI-I-MipsFromCPUInfo: 2194.92
AMSCommonsI-I-SystemIdentified as  Intel(R) Xeon(R) CPU E5-2630 v4 @ 2.20GHz
AMSCommonsI-I-ComputerEvaluatedAsMips 3511
AMS Software version v5.02/1220/12 built Fri Apr 19 23:54:38 2019

Geant4  Version 1033
Run ID: 11 Bartel: 9
Input Destination: /eos/ams/user/s/selu/mdst/He122/mdst_60441550.root
Output Destination: /afs/cern.ch/work/c/ctuysuz/private/he_flux/LSF/result_mc_time/time_9/he_flux_9_11.root
Add hist00 from /eos/ams/user/s/selu/mdst/He122/mdst_60441550.root
Start of Init
Use new binning
Start of Eventloop
Ntr, Nent= 1 440187
IsMC= 1
Parameter[0] = -2.5816
Parameter[1] = -2.99063
Parameter[2] = -3.57962
Parameter[3] = -5.50019
Parameter[4] = 0.0791501
Parameter[5] = -2.253
mdfil_info:  10.0%    3 sec CPU:  66.8%
mdfil_info:  20.0%    6 sec CPU:  69.7%
mdfil_info:  30.0%    9 sec CPU:  67.1%
mdfil_info:  40.0%   13 sec CPU:  65.4%
mdfil_info:  50.0%   15 sec CPU:  67.2%
mdfil_info:  60.0%   18 sec CPU:  69.7%
mdfil_info:  70.0%   20 sec CPU:  71.7%
mdfil_info:  80.0%   22 sec CPU:  73.1%
mdfil_info:  90.0%   25 sec CPU:  74.1%
mdfil_info: 100.0%   27 sec CPU:  74.9%
mdfil_info: 100.0%   27 sec CPU:  74.9%
15614
AMSCommonsI-I-HardwareIdentifiedAs Linux 3.10.0-957.10.1.el7.x86_64 x86_64 2
AMSCommonsI-I-Identified as LittleEndian 64 bit machine. 4294967295
AMSCommonsI-I-amsdatabase /cvmfs/ams.cern.ch/Offline/AMSDataDir/DataBase/
AMSCommonsI-I-MipsFromCPUInfo: 2194.92
AMSCommonsI-I-SystemIdentified as  Intel(R) Xeon(R) CPU E5-2630 v4 @ 2.20GHz
AMSCommonsI-I-ComputerEvaluatedAsMips 3511
AMS Software version v5.02/1220/12 built Fri Apr 19 23:54:38 2019

Geant4  Version 1033
Run ID: 192 Bartel: 63
Input Destination: /eos/ams/user/s/selu/mdst/He122/mdst_60441732.root
Output Destination: /afs/cern.ch/work/c/ctuysuz/private/he_flux/LSF/result_mc_time/time_63/he_flux_63_192.root
Add hist00 from /eos/ams/user/s/selu/mdst/He122/mdst_60441732.root
Start of Init
Use new binning
Start of Eventloop
Ntr, Nent= 1 441319
IsMC= 1
Parameter[0] = -2.618
Parameter[1] = -3.00649
Parameter[2] = -3.59895
Parameter[3] = -5.51567
Parameter[4] = 0.0987089
Parameter[5] = -2.27434
mdfil_info:  10.0%   19 sec CPU:  12.5%
mdfil_info:  20.0%   28 sec CPU:  16.0%
mdfil_info:  30.0%   38 sec CPU:  17.7%
mdfil_info:  40.0%   50 sec CPU:  17.6%
mdfil_info:  50.0%   68 sec CPU:  16.2%
mdfil_info:  60.0%   77 sec CPU:  17.3%
mdfil_info:  70.0%   89 sec CPU:  17.5%
mdfil_info:  80.0%   99 sec CPU:  17.7%
mdfil_info:  90.0%  109 sec CPU:  18.1%
mdfil_info: 100.0%  119 sec CPU:  18.3%
mdfil_info: 100.0%  119 sec CPU:  18.3%
30329
AMSCommonsI-I-HardwareIdentifiedAs Linux 3.10.0-957.10.1.el7.x86_64 x86_64 2
AMSCommonsI-I-Identified as LittleEndian 64 bit machine. 4294967295
AMSCommonsI-I-amsdatabase /cvmfs/ams.cern.ch/Offline/AMSDataDir/DataBase/
AMSCommonsI-I-MipsFromCPUInfo: 2194.92
AMSCommonsI-I-SystemIdentified as  Intel(R) Xeon(R) CPU E5-2630 v4 @ 2.20GHz
AMSCommonsI-I-ComputerEvaluatedAsMips 3511
AMS Software version v5.02/1220/12 built Fri Apr 19 23:54:38 2019

Geant4  Version 1033
Run ID: 374 Bartel: 36
Input Destination: /eos/ams/user/s/selu/mdst/He122/mdst_60442262.root
Output Destination: /afs/cern.ch/work/c/ctuysuz/private/he_flux/LSF/result_mc_time/time_36/he_flux_36_374.root
Add hist00 from /eos/ams/user/s/selu/mdst/He122/mdst_60442262.root
Start of Init
Use new binning
Start of Eventloop
Ntr, Nent= 1 438708
IsMC= 1
Parameter[0] = -2.79557
Parameter[1] = -3.06246
Parameter[2] = -3.62389
Parameter[3] = -5.5927
Parameter[4] = 0.507214
Parameter[5] = -2.70126
mdfil_info:  10.0%    3 sec CPU:  70.1%
mdfil_info:  20.0%    6 sec CPU:  76.6%
mdfil_info:  30.0%    8 sec CPU:  76.8%
mdfil_info:  40.0%   11 sec CPU:  78.7%
mdfil_info:  50.0%   13 sec CPU:  79.7%
mdfil_info:  60.0%   15 sec CPU:  80.4%
mdfil_info:  70.0%   17 sec CPU:  80.9%
mdfil_info:  80.0%   20 sec CPU:  81.5%
mdfil_info:  90.0%   22 sec CPU:  82.0%
mdfil_info: 100.0%   24 sec CPU:  82.3%
mdfil_info: 100.0%   24 sec CPU:  82.4%
