WARN: the 'eosmount' alias is deprecated, please use /eos directly
License ports: 28518@lxlicen01.cern.ch,28518@lxlicen02.cern.ch,28518@lxlicen03.cern.ch:/cvmfs/projects.cern.ch/intelsw/psxe/linux/licenses
Intel(R) Parallel Studio XE 2018 Update 2 for Linux*
Copyright (C) 2009-2018 Intel Corporation. All rights reserved.
3532
AMSCommonsI-I-HardwareIdentifiedAs Linux 3.10.0-957.12.1.el7.x86_64 x86_64 2
AMSCommonsI-I-Identified as LittleEndian 64 bit machine. 4294967295
AMSCommonsI-I-amsdatabase /cvmfs/ams.cern.ch/Offline/AMSDataDir/DataBase/
AMSCommonsI-I-MipsFromCPUInfo: 2195.1
AMSCommonsI-I-SystemIdentified as  Intel(R) Xeon(R) CPU E5-2630 v4 @ 2.20GHz
AMSCommonsI-I-ComputerEvaluatedAsMips 3512
AMS Software version v5.02/1220/12 built Fri Apr 19 23:54:38 2019

Geant4  Version 1033
Run ID: 43 Bartel: 50
Input Destination: /eos/ams/user/s/selu/mdst/He122/mdst_60441582.root
Output Destination: /afs/cern.ch/work/c/ctuysuz/private/he_flux/LSF/result_mc_time/time_50/he_flux_50_43.root
Add hist00 from /eos/ams/user/s/selu/mdst/He122/mdst_60441582.root
Start of Init
Use new binning
Start of Eventloop
Ntr, Nent= 1 436335
IsMC= 1
Parameter[0] = -2.73471
Parameter[1] = -3.0684
Parameter[2] = -3.6261
Parameter[3] = -5.53452
Parameter[4] = 0.161673
Parameter[5] = -2.21662
mdfil_info:  10.0%   17 sec CPU:  11.8%
mdfil_info:  20.0%   25 sec CPU:  15.1%
mdfil_info:  30.0%   35 sec CPU:  16.0%
mdfil_info:  40.0%   42 sec CPU:  18.0%
mdfil_info:  50.0%   48 sec CPU:  19.2%
mdfil_info:  60.0%   54 sec CPU:  20.5%
mdfil_info:  70.0%   60 sec CPU:  21.8%
mdfil_info:  80.0%   66 sec CPU:  22.5%
mdfil_info:  90.0%   72 sec CPU:  23.2%
mdfil_info: 100.0%   78 sec CPU:  23.7%
mdfil_info: 100.0%   78 sec CPU:  23.7%
18247
AMSCommonsI-I-HardwareIdentifiedAs Linux 3.10.0-957.12.1.el7.x86_64 x86_64 2
AMSCommonsI-I-Identified as LittleEndian 64 bit machine. 4294967295
AMSCommonsI-I-amsdatabase /cvmfs/ams.cern.ch/Offline/AMSDataDir/DataBase/
AMSCommonsI-I-MipsFromCPUInfo: 2195.1
AMSCommonsI-I-SystemIdentified as  Intel(R) Xeon(R) CPU E5-2630 v4 @ 2.20GHz
AMSCommonsI-I-ComputerEvaluatedAsMips 3512
AMS Software version v5.02/1220/12 built Fri Apr 19 23:54:38 2019

Geant4  Version 1033
Run ID: 225 Bartel: 23
Input Destination: /eos/ams/user/s/selu/mdst/He122/mdst_60441765.root
Output Destination: /afs/cern.ch/work/c/ctuysuz/private/he_flux/LSF/result_mc_time/time_23/he_flux_23_225.root
Add hist00 from /eos/ams/user/s/selu/mdst/He122/mdst_60441765.root
Start of Init
Use new binning
Start of Eventloop
Ntr, Nent= 1 441460
IsMC= 1
Parameter[0] = -2.68031
Parameter[1] = -3.0282
Parameter[2] = -3.60077
Parameter[3] = -5.50631
Parameter[4] = 0.188664
Parameter[5] = -2.1921
mdfil_info:  10.0%    2 sec CPU:  76.8%
mdfil_info:  20.0%    4 sec CPU:  82.4%
mdfil_info:  30.0%    6 sec CPU:  84.9%
mdfil_info:  40.0%    8 sec CPU:  85.1%
mdfil_info:  50.0%   11 sec CPU:  83.6%
mdfil_info:  60.0%   13 sec CPU:  84.5%
mdfil_info:  70.0%   14 sec CPU:  85.0%
mdfil_info:  80.0%   16 sec CPU:  85.4%
mdfil_info:  90.0%   18 sec CPU:  85.7%
mdfil_info: 100.0%   20 sec CPU:  86.1%
32962
AMSCommonsI-I-HardwareIdentifiedAs Linux 3.10.0-957.12.1.el7.x86_64 x86_64 2
AMSCommonsI-I-Identified as LittleEndian 64 bit machine. 4294967295
AMSCommonsI-I-amsdatabase /cvmfs/ams.cern.ch/Offline/AMSDataDir/DataBase/
AMSCommonsI-I-MipsFromCPUInfo: 2195.1
AMSCommonsI-I-SystemIdentified as  Intel(R) Xeon(R) CPU E5-2630 v4 @ 2.20GHz
AMSCommonsI-I-ComputerEvaluatedAsMips 3512
AMS Software version v5.02/1220/12 built Fri Apr 19 23:54:38 2019

Geant4  Version 1033
Run ID: 406 Bartel: 77
Input Destination: /eos/ams/user/s/selu/mdst/He122/mdst_60442294.root
Output Destination: /afs/cern.ch/work/c/ctuysuz/private/he_flux/LSF/result_mc_time/time_77/he_flux_77_406.root
Add hist00 from /eos/ams/user/s/selu/mdst/He122/mdst_60442294.root
Start of Init
Use new binning
Start of Eventloop
Ntr, Nent= 1 437005
IsMC= 1
Parameter[0] = -2.48824
Parameter[1] = -2.95955
Parameter[2] = -3.57956
Parameter[3] = -5.5244
Parameter[4] = 0.0142674
Parameter[5] = -2.38492
mdfil_info:  10.0%    3 sec CPU:  75.9%
mdfil_info:  20.0%    5 sec CPU:  80.8%
mdfil_info:  30.0%    7 sec CPU:  82.7%
mdfil_info:  40.0%    8 sec CPU:  84.0%
mdfil_info:  50.0%   10 sec CPU:  85.1%
mdfil_info:  60.0%   12 sec CPU:  85.7%
mdfil_info:  70.0%   14 sec CPU:  86.3%
mdfil_info:  80.0%   16 sec CPU:  86.6%
mdfil_info:  90.0%   18 sec CPU:  86.9%
mdfil_info: 100.0%   20 sec CPU:  87.1%
mdfil_info: 100.0%   20 sec CPU:  87.1%
