WARN: the 'eosmount' alias is deprecated, please use /eos directly
License ports: 28518@lxlicen01.cern.ch,28518@lxlicen02.cern.ch,28518@lxlicen03.cern.ch:/cvmfs/projects.cern.ch/intelsw/psxe/linux/licenses
Intel(R) Parallel Studio XE 2018 Update 2 for Linux*
Copyright (C) 2009-2018 Intel Corporation. All rights reserved.
6076
AMSCommonsI-I-HardwareIdentifiedAs Linux 3.10.0-957.12.1.el7.x86_64 x86_64 2
AMSCommonsI-I-Identified as LittleEndian 64 bit machine. 4294967295
AMSCommonsI-I-amsdatabase /cvmfs/ams.cern.ch/Offline/AMSDataDir/DataBase/
AMSCommonsI-I-MipsFromCPUInfo: 2394.45
AMSCommonsI-I-SystemIdentified as  Intel(R) Xeon(R) CPU E5-2630 v3 @ 2.40GHz
AMSCommonsI-I-ComputerEvaluatedAsMips 3831
AMS Software version v5.02/1220/12 built Fri Apr 19 23:54:38 2019

Geant4  Version 1033
Run ID: 75 Bartel: 2
Input Destination: /eos/ams/user/s/selu/mdst/He122/mdst_60441615.root
Output Destination: /afs/cern.ch/work/c/ctuysuz/private/he_flux/LSF/result_mc_time/time_2/he_flux_2_75.root
Add hist00 from /eos/ams/user/s/selu/mdst/He122/mdst_60441615.root
Start of Init
Use new binning
Start of Eventloop
Ntr, Nent= 1 442188
IsMC= 1
Parameter[0] = -2.61736
Parameter[1] = -2.93157
Parameter[2] = -3.51989
Parameter[3] = -5.49278
Parameter[4] = 0.444434
Parameter[5] = -2.60596
mdfil_info:  10.0%   17 sec CPU:  13.5%
mdfil_info:  20.0%   22 sec CPU:  19.7%
mdfil_info:  30.0%   27 sec CPU:  23.5%
mdfil_info:  40.0%   33 sec CPU:  26.0%
mdfil_info:  50.0%   39 sec CPU:  26.7%
mdfil_info:  60.0%   45 sec CPU:  27.8%
mdfil_info:  70.0%   50 sec CPU:  28.9%
mdfil_info:  80.0%   55 sec CPU:  30.1%
mdfil_info:  90.0%   61 sec CPU:  30.8%
mdfil_info: 100.0%   66 sec CPU:  31.2%
mdfil_info: 100.0%   66 sec CPU:  31.2%
20791
AMSCommonsI-I-HardwareIdentifiedAs Linux 3.10.0-957.12.1.el7.x86_64 x86_64 2
AMSCommonsI-I-Identified as LittleEndian 64 bit machine. 4294967295
AMSCommonsI-I-amsdatabase /cvmfs/ams.cern.ch/Offline/AMSDataDir/DataBase/
AMSCommonsI-I-MipsFromCPUInfo: 2394.45
AMSCommonsI-I-SystemIdentified as  Intel(R) Xeon(R) CPU E5-2630 v3 @ 2.40GHz
AMSCommonsI-I-ComputerEvaluatedAsMips 3831
AMS Software version v5.02/1220/12 built Fri Apr 19 23:54:38 2019

Geant4  Version 1033
Run ID: 256 Bartel: 56
Input Destination: /eos/ams/user/s/selu/mdst/He122/mdst_60441796.root
Output Destination: /afs/cern.ch/work/c/ctuysuz/private/he_flux/LSF/result_mc_time/time_56/he_flux_56_256.root
Add hist00 from /eos/ams/user/s/selu/mdst/He122/mdst_60441796.root
Start of Init
Use new binning
Start of Eventloop
Ntr, Nent= 1 441372
IsMC= 1
Parameter[0] = -2.72531
Parameter[1] = -3.04724
Parameter[2] = -3.61961
Parameter[3] = -5.54865
Parameter[4] = 0.293124
Parameter[5] = -2.44228
mdfil_info:  10.0%    3 sec CPU:  77.4%
mdfil_info:  20.0%    5 sec CPU:  82.9%
mdfil_info:  30.0%    7 sec CPU:  84.9%
mdfil_info:  40.0%    9 sec CPU:  85.9%
mdfil_info:  50.0%   11 sec CPU:  86.8%
mdfil_info:  60.0%   13 sec CPU:  86.9%
mdfil_info:  70.0%   15 sec CPU:  87.3%
mdfil_info:  80.0%   17 sec CPU:  87.7%
mdfil_info:  90.0%   19 sec CPU:  88.0%
mdfil_info: 100.0%   21 sec CPU:  88.1%
mdfil_info: 100.0%   21 sec CPU:  88.1%
35506
AMSCommonsI-I-HardwareIdentifiedAs Linux 3.10.0-957.12.1.el7.x86_64 x86_64 2
AMSCommonsI-I-Identified as LittleEndian 64 bit machine. 4294967295
AMSCommonsI-I-amsdatabase /cvmfs/ams.cern.ch/Offline/AMSDataDir/DataBase/
AMSCommonsI-I-MipsFromCPUInfo: 2394.45
AMSCommonsI-I-SystemIdentified as  Intel(R) Xeon(R) CPU E5-2630 v3 @ 2.40GHz
AMSCommonsI-I-ComputerEvaluatedAsMips 3831
AMS Software version v5.02/1220/12 built Fri Apr 19 23:54:38 2019

Geant4  Version 1033
Run ID: 438 Bartel: 29
Input Destination: /eos/ams/user/s/selu/mdst/He122/mdst_60442326.root
Output Destination: /afs/cern.ch/work/c/ctuysuz/private/he_flux/LSF/result_mc_time/time_29/he_flux_29_438.root
Add hist00 from /eos/ams/user/s/selu/mdst/He122/mdst_60442326.root
Start of Init
Use new binning
Start of Eventloop
Ntr, Nent= 1 435434
IsMC= 1
Parameter[0] = -2.79936
Parameter[1] = -3.07658
Parameter[2] = -3.62788
Parameter[3] = -5.57562
Parameter[4] = 0.497287
Parameter[5] = -2.44847
mdfil_info:  10.0%    2 sec CPU:  99.1%
mdfil_info:  20.0%    3 sec CPU:  97.5%
mdfil_info:  30.0%    5 sec CPU:  95.9%
mdfil_info:  40.0%    7 sec CPU:  95.7%
mdfil_info:  50.0%    9 sec CPU:  95.5%
mdfil_info:  60.0%   11 sec CPU:  94.9%
mdfil_info:  70.0%   13 sec CPU:  95.0%
mdfil_info:  80.0%   15 sec CPU:  95.0%
mdfil_info:  90.0%   17 sec CPU:  94.9%
mdfil_info: 100.0%   19 sec CPU:  94.2%
mdfil_info: 100.0%   19 sec CPU:  94.2%
