WARN: the 'eosmount' alias is deprecated, please use /eos directly
License ports: 28518@lxlicen01.cern.ch,28518@lxlicen02.cern.ch,28518@lxlicen03.cern.ch:/cvmfs/projects.cern.ch/intelsw/psxe/linux/licenses
Intel(R) Parallel Studio XE 2018 Update 2 for Linux*
Copyright (C) 2009-2018 Intel Corporation. All rights reserved.
6671
AMSCommonsI-I-HardwareIdentifiedAs Linux 3.10.0-957.12.2.el7.x86_64 x86_64 2
AMSCommonsI-I-Identified as LittleEndian 64 bit machine. 4294967295
AMSCommonsI-I-amsdatabase /cvmfs/ams.cern.ch/Offline/AMSDataDir/DataBase/
AMSCommonsI-I-MipsFromCPUInfo: 2394.45
AMSCommonsI-I-SystemIdentified as  Intel(R) Xeon(R) CPU E5-2630 v3 @ 2.40GHz
AMSCommonsI-I-ComputerEvaluatedAsMips 3831
AMS Software version v5.02/1220/12 built Fri Apr 19 23:54:38 2019

Geant4  Version 1033
Run ID: 82 Bartel: 30
Input Destination: /eos/ams/user/s/selu/mdst/He122/mdst_60441622.root
Output Destination: /afs/cern.ch/work/c/ctuysuz/private/he_flux/LSF/result_mc_time/time_30/he_flux_30_82.root
Add hist00 from /eos/ams/user/s/selu/mdst/He122/mdst_60441622.root
Start of Init
Use new binning
Start of Eventloop
Ntr, Nent= 1 440083
IsMC= 1
Parameter[0] = -2.78302
Parameter[1] = -3.06111
Parameter[2] = -3.62424
Parameter[3] = -5.59535
Parameter[4] = 0.417456
Parameter[5] = -2.69098
mdfil_info:  10.0%    3 sec CPU:  56.6%
mdfil_info:  20.0%    5 sec CPU:  69.1%
mdfil_info:  30.0%    6 sec CPU:  73.5%
mdfil_info:  40.0%    8 sec CPU:  77.2%
mdfil_info:  50.0%   10 sec CPU:  79.7%
mdfil_info:  60.0%   12 sec CPU:  81.3%
mdfil_info:  70.0%   14 sec CPU:  82.4%
mdfil_info:  80.0%   15 sec CPU:  83.0%
mdfil_info:  90.0%   17 sec CPU:  83.7%
mdfil_info: 100.0%   19 sec CPU:  84.3%
mdfil_info: 100.0%   19 sec CPU:  84.3%
21386
AMSCommonsI-I-HardwareIdentifiedAs Linux 3.10.0-957.12.2.el7.x86_64 x86_64 2
AMSCommonsI-I-Identified as LittleEndian 64 bit machine. 4294967295
AMSCommonsI-I-amsdatabase /cvmfs/ams.cern.ch/Offline/AMSDataDir/DataBase/
AMSCommonsI-I-MipsFromCPUInfo: 2394.45
AMSCommonsI-I-SystemIdentified as  Intel(R) Xeon(R) CPU E5-2630 v3 @ 2.40GHz
AMSCommonsI-I-ComputerEvaluatedAsMips 3831
AMS Software version v5.02/1220/12 built Fri Apr 19 23:54:38 2019

Geant4  Version 1033
Run ID: 264 Bartel: 3
Input Destination: /eos/ams/user/s/selu/mdst/He122/mdst_60441804.root
Output Destination: /afs/cern.ch/work/c/ctuysuz/private/he_flux/LSF/result_mc_time/time_3/he_flux_3_264.root
Add hist00 from /eos/ams/user/s/selu/mdst/He122/mdst_60441804.root
Start of Init
Use new binning
Start of Eventloop
Ntr, Nent= 1 436308
IsMC= 1
Parameter[0] = -2.60444
Parameter[1] = -2.96917
Parameter[2] = -3.55869
Parameter[3] = -5.49263
Parameter[4] = 0.194958
Parameter[5] = -2.37354
mdfil_info:  10.0%    5 sec CPU:  35.8%
mdfil_info:  20.0%   13 sec CPU:  27.9%
mdfil_info:  30.0%   25 sec CPU:  20.4%
mdfil_info:  40.0%   36 sec CPU:  18.8%
mdfil_info:  50.0%   40 sec CPU:  20.5%
mdfil_info:  60.0%   42 sec CPU:  23.4%
mdfil_info:  70.0%   44 sec CPU:  26.1%
mdfil_info:  80.0%   46 sec CPU:  28.5%
mdfil_info:  90.0%   47 sec CPU:  30.7%
mdfil_info: 100.0%   49 sec CPU:  32.8%
mdfil_info: 100.0%   49 sec CPU:  32.8%
36101
AMSCommonsI-I-HardwareIdentifiedAs Linux 3.10.0-957.12.2.el7.x86_64 x86_64 2
AMSCommonsI-I-Identified as LittleEndian 64 bit machine. 4294967295
AMSCommonsI-I-amsdatabase /cvmfs/ams.cern.ch/Offline/AMSDataDir/DataBase/
AMSCommonsI-I-MipsFromCPUInfo: 2394.45
AMSCommonsI-I-SystemIdentified as  Intel(R) Xeon(R) CPU E5-2630 v3 @ 2.40GHz
AMSCommonsI-I-ComputerEvaluatedAsMips 3831
AMS Software version v5.02/1220/12 built Fri Apr 19 23:54:38 2019

Geant4  Version 1033
Run ID: 445 Bartel: 57
Input Destination: /eos/ams/user/s/selu/mdst/He122/mdst_60442334.root
Output Destination: /afs/cern.ch/work/c/ctuysuz/private/he_flux/LSF/result_mc_time/time_57/he_flux_57_445.root
Add hist00 from /eos/ams/user/s/selu/mdst/He122/mdst_60442334.root
Start of Init
Use new binning
Start of Eventloop
Ntr, Nent= 1 436920
IsMC= 1
Parameter[0] = -2.70293
Parameter[1] = -3.03976
Parameter[2] = -3.61538
Parameter[3] = -5.54214
Parameter[4] = 0.274724
Parameter[5] = -2.38056
mdfil_info:  10.0%   17 sec CPU:  11.9%
mdfil_info:  20.0%   22 sec CPU:  16.7%
mdfil_info:  30.0%   27 sec CPU:  19.5%
mdfil_info:  40.0%   33 sec CPU:  21.3%
mdfil_info:  50.0%   39 sec CPU:  22.9%
mdfil_info:  60.0%   44 sec CPU:  24.1%
mdfil_info:  70.0%   49 sec CPU:  25.1%
mdfil_info:  80.0%   54 sec CPU:  25.9%
mdfil_info:  90.0%   59 sec CPU:  26.7%
mdfil_info: 100.0%   64 sec CPU:  27.1%
