WARN: the 'eosmount' alias is deprecated, please use /eos directly
License ports: 28518@lxlicen01.cern.ch,28518@lxlicen02.cern.ch,28518@lxlicen03.cern.ch:/cvmfs/projects.cern.ch/intelsw/psxe/linux/licenses
Intel(R) Parallel Studio XE 2018 Update 2 for Linux*
Copyright (C) 2009-2018 Intel Corporation. All rights reserved.
5414
AMSCommonsI-I-HardwareIdentifiedAs Linux 3.10.0-957.10.1.el7.x86_64 x86_64 2
AMSCommonsI-I-Identified as LittleEndian 64 bit machine. 4294967295
AMSCommonsI-I-amsdatabase /cvmfs/ams.cern.ch/Offline/AMSDataDir/DataBase/
AMSCommonsI-I-MipsFromCPUInfo: 2194.92
AMSCommonsI-I-SystemIdentified as  Intel(R) Xeon(R) CPU E5-2630 v4 @ 2.20GHz
AMSCommonsI-I-ComputerEvaluatedAsMips 3511
AMS Software version v5.02/1220/12 built Fri Apr 19 23:54:38 2019

Geant4  Version 1033
Run ID: 66 Bartel: 69
Input Destination: /eos/ams/user/s/selu/mdst/He122/mdst_60441605.root
Output Destination: /afs/cern.ch/work/c/ctuysuz/private/he_flux/LSF/result_mc_time/time_69/he_flux_69_66.root
Add hist00 from /eos/ams/user/s/selu/mdst/He122/mdst_60441605.root
Start of Init
Use new binning
Start of Eventloop
Ntr, Nent= 1 440915
IsMC= 1
Parameter[0] = -2.5456
Parameter[1] = -2.98028
Parameter[2] = -3.58897
Parameter[3] = -5.48942
Parameter[4] = 0.110577
Parameter[5] = -2.14012
mdfil_info:  10.0%   20 sec CPU:  10.8%
mdfil_info:  20.0%   28 sec CPU:  14.9%
mdfil_info:  30.0%   35 sec CPU:  17.6%
mdfil_info:  40.0%   43 sec CPU:  19.1%
mdfil_info:  50.0%   50 sec CPU:  20.2%
mdfil_info:  60.0%   58 sec CPU:  21.0%
mdfil_info:  70.0%   66 sec CPU:  21.6%
mdfil_info:  80.0%   73 sec CPU:  22.2%
mdfil_info:  90.0%   82 sec CPU:  22.4%
mdfil_info: 100.0%   89 sec CPU:  22.7%
mdfil_info: 100.0%   89 sec CPU:  22.7%
20129
AMSCommonsI-I-HardwareIdentifiedAs Linux 3.10.0-957.10.1.el7.x86_64 x86_64 2
AMSCommonsI-I-Identified as LittleEndian 64 bit machine. 4294967295
AMSCommonsI-I-amsdatabase /cvmfs/ams.cern.ch/Offline/AMSDataDir/DataBase/
AMSCommonsI-I-MipsFromCPUInfo: 2194.92
AMSCommonsI-I-SystemIdentified as  Intel(R) Xeon(R) CPU E5-2630 v4 @ 2.20GHz
AMSCommonsI-I-ComputerEvaluatedAsMips 3511
AMS Software version v5.02/1220/12 built Fri Apr 19 23:54:38 2019

Geant4  Version 1033
Run ID: 248 Bartel: 42
Input Destination: /eos/ams/user/s/selu/mdst/He122/mdst_60441788.root
Output Destination: /afs/cern.ch/work/c/ctuysuz/private/he_flux/LSF/result_mc_time/time_42/he_flux_42_248.root
Add hist00 from /eos/ams/user/s/selu/mdst/He122/mdst_60441788.root
Start of Init
Use new binning
Start of Eventloop
Ntr, Nent= 1 425237
IsMC= 1
Parameter[0] = -2.78027
Parameter[1] = -3.06778
Parameter[2] = -3.62449
Parameter[3] = -5.58149
Parameter[4] = 0.44175
Parameter[5] = -2.56338
mdfil_info:  10.0%    3 sec CPU:  70.7%
mdfil_info:  20.0%    5 sec CPU:  76.8%
mdfil_info:  30.0%    7 sec CPU:  79.0%
mdfil_info:  40.0%    9 sec CPU:  80.4%
mdfil_info:  50.0%   11 sec CPU:  81.6%
mdfil_info:  60.0%   13 sec CPU:  82.5%
mdfil_info:  70.0%   15 sec CPU:  83.1%
mdfil_info:  80.0%   18 sec CPU:  83.4%
mdfil_info:  90.0%   20 sec CPU:  83.7%
mdfil_info: 100.0%   22 sec CPU:  84.0%
mdfil_info: 100.0%   22 sec CPU:  84.0%
34844
AMSCommonsI-I-HardwareIdentifiedAs Linux 3.10.0-957.10.1.el7.x86_64 x86_64 2
AMSCommonsI-I-Identified as LittleEndian 64 bit machine. 4294967295
AMSCommonsI-I-amsdatabase /cvmfs/ams.cern.ch/Offline/AMSDataDir/DataBase/
AMSCommonsI-I-MipsFromCPUInfo: 2194.92
AMSCommonsI-I-SystemIdentified as  Intel(R) Xeon(R) CPU E5-2630 v4 @ 2.20GHz
AMSCommonsI-I-ComputerEvaluatedAsMips 3511
AMS Software version v5.02/1220/12 built Fri Apr 19 23:54:38 2019

Geant4  Version 1033
Run ID: 430 Bartel: 15
Input Destination: /eos/ams/user/s/selu/mdst/He122/mdst_60442318.root
Output Destination: /afs/cern.ch/work/c/ctuysuz/private/he_flux/LSF/result_mc_time/time_15/he_flux_15_430.root
Add hist00 from /eos/ams/user/s/selu/mdst/He122/mdst_60442318.root
Start of Init
Use new binning
Start of Eventloop
Ntr, Nent= 1 431049
IsMC= 1
Parameter[0] = -2.64949
Parameter[1] = -3.02393
Parameter[2] = -3.59344
Parameter[3] = -5.52782
Parameter[4] = 0.200514
Parameter[5] = -2.29505
mdfil_info:  10.0%    3 sec CPU:  73.7%
mdfil_info:  20.0%    5 sec CPU:  80.0%
mdfil_info:  30.0%    7 sec CPU:  81.7%
mdfil_info:  40.0%    9 sec CPU:  82.9%
mdfil_info:  50.0%   11 sec CPU:  83.9%
mdfil_info:  60.0%   14 sec CPU:  84.5%
mdfil_info:  70.0%   16 sec CPU:  85.0%
mdfil_info:  80.0%   18 sec CPU:  85.2%
mdfil_info:  90.0%   20 sec CPU:  85.4%
mdfil_info: 100.0%   22 sec CPU:  85.8%
mdfil_info: 100.0%   22 sec CPU:  85.8%
