WARN: the 'eosmount' alias is deprecated, please use /eos directly
License ports: 28518@lxlicen01.cern.ch,28518@lxlicen02.cern.ch,28518@lxlicen03.cern.ch:/cvmfs/projects.cern.ch/intelsw/psxe/linux/licenses
Intel(R) Parallel Studio XE 2018 Update 2 for Linux*
Copyright (C) 2009-2018 Intel Corporation. All rights reserved.
14232
AMSCommonsI-I-HardwareIdentifiedAs Linux 3.10.0-957.12.1.el7.x86_64 x86_64 2
AMSCommonsI-I-Identified as LittleEndian 64 bit machine. 4294967295
AMSCommonsI-I-amsdatabase /cvmfs/ams.cern.ch/Offline/AMSDataDir/DataBase/
AMSCommonsI-I-MipsFromCPUInfo: 2194.92
AMSCommonsI-I-SystemIdentified as  Intel(R) Xeon(R) CPU E5-2630 v4 @ 2.20GHz
AMSCommonsI-I-ComputerEvaluatedAsMips 3511
AMS Software version v5.02/1220/12 built Fri Apr 19 23:54:38 2019

Geant4  Version 1033
Run ID: 175 Bartel: 58
Input Destination: /eos/ams/user/s/selu/mdst/He122/mdst_60441715.root
Output Destination: /afs/cern.ch/work/c/ctuysuz/private/he_flux/LSF/result_mc_time/time_58/he_flux_58_175.root
Add hist00 from /eos/ams/user/s/selu/mdst/He122/mdst_60441715.root
Start of Init
Use new binning
Start of Eventloop
Ntr, Nent= 1 438112
IsMC= 1
Parameter[0] = -2.68687
Parameter[1] = -3.02567
Parameter[2] = -3.60778
Parameter[3] = -5.55295
Parameter[4] = 0.272681
Parameter[5] = -2.49381
mdfil_info:  10.0%   16 sec CPU:  12.6%
mdfil_info:  20.0%   21 sec CPU:  17.9%
mdfil_info:  30.0%   27 sec CPU:  20.2%
mdfil_info:  40.0%   33 sec CPU:  22.4%
mdfil_info:  50.0%   37 sec CPU:  24.2%
mdfil_info:  60.0%   43 sec CPU:  25.5%
mdfil_info:  70.0%   48 sec CPU:  26.3%
mdfil_info:  80.0%   54 sec CPU:  26.9%
mdfil_info:  90.0%   59 sec CPU:  27.6%
mdfil_info: 100.0%   64 sec CPU:  28.3%
mdfil_info: 100.0%   64 sec CPU:  28.3%
28947
AMSCommonsI-I-HardwareIdentifiedAs Linux 3.10.0-957.12.1.el7.x86_64 x86_64 2
AMSCommonsI-I-Identified as LittleEndian 64 bit machine. 4294967295
AMSCommonsI-I-amsdatabase /cvmfs/ams.cern.ch/Offline/AMSDataDir/DataBase/
AMSCommonsI-I-MipsFromCPUInfo: 2194.92
AMSCommonsI-I-SystemIdentified as  Intel(R) Xeon(R) CPU E5-2630 v4 @ 2.20GHz
AMSCommonsI-I-ComputerEvaluatedAsMips 3511
AMS Software version v5.02/1220/12 built Fri Apr 19 23:54:38 2019

Geant4  Version 1033
Run ID: 357 Bartel: 31
Input Destination: /eos/ams/user/s/selu/mdst/He122/mdst_60442245.root
Output Destination: /afs/cern.ch/work/c/ctuysuz/private/he_flux/LSF/result_mc_time/time_31/he_flux_31_357.root
Add hist00 from /eos/ams/user/s/selu/mdst/He122/mdst_60442245.root
Start of Init
Use new binning
Start of Eventloop
Ntr, Nent= 1 434895
IsMC= 1
Parameter[0] = -2.78388
Parameter[1] = -3.06558
Parameter[2] = -3.62012
Parameter[3] = -5.56152
Parameter[4] = 0.319855
Parameter[5] = -2.41575
mdfil_info:  10.0%    2 sec CPU:  78.1%
mdfil_info:  20.0%    4 sec CPU:  83.8%
mdfil_info:  30.0%    6 sec CPU:  85.2%
mdfil_info:  40.0%    8 sec CPU:  85.4%
mdfil_info:  50.0%   10 sec CPU:  86.3%
mdfil_info:  60.0%   12 sec CPU:  86.9%
mdfil_info:  70.0%   14 sec CPU:  87.2%
mdfil_info:  80.0%   16 sec CPU:  87.4%
mdfil_info:  90.0%   18 sec CPU:  87.6%
mdfil_info: 100.0%   19 sec CPU:  87.8%
mdfil_info: 100.0%   19 sec CPU:  87.8%
43662
AMSCommonsI-I-HardwareIdentifiedAs Linux 3.10.0-957.12.1.el7.x86_64 x86_64 2
AMSCommonsI-I-Identified as LittleEndian 64 bit machine. 4294967295
AMSCommonsI-I-amsdatabase /cvmfs/ams.cern.ch/Offline/AMSDataDir/DataBase/
AMSCommonsI-I-MipsFromCPUInfo: 2194.92
AMSCommonsI-I-SystemIdentified as  Intel(R) Xeon(R) CPU E5-2630 v4 @ 2.20GHz
AMSCommonsI-I-ComputerEvaluatedAsMips 3511
AMS Software version v5.02/1220/12 built Fri Apr 19 23:54:38 2019

Geant4  Version 1033
Run ID: 539 Bartel: 4
Input Destination: /eos/ams/user/s/selu/mdst/He314/mdst_120929944.root
Output Destination: /afs/cern.ch/work/c/ctuysuz/private/he_flux/LSF/result_mc_time/time_4/he_flux_4_539.root
Add hist00 from /eos/ams/user/s/selu/mdst/He314/mdst_120929944.root
Start of Init
Use new binning
Start of Eventloop
Ntr, Nent= 1 115557
IsMC= 1
Parameter[0] = -2.61269
Parameter[1] = -3.01592
Parameter[2] = -3.59533
Parameter[3] = -5.49712
Parameter[4] = 0.0687066
Parameter[5] = -2.23552
mdfil_info:  10.0%    1 sec CPU:  74.8%
mdfil_info:  20.0%    1 sec CPU:  74.2%
mdfil_info:  30.0%    2 sec CPU:  73.7%
mdfil_info:  40.0%    2 sec CPU:  77.0%
mdfil_info:  50.0%    3 sec CPU:  79.5%
mdfil_info:  60.0%    4 sec CPU:  80.7%
mdfil_info:  70.0%    4 sec CPU:  81.1%
mdfil_info:  80.0%    4 sec CPU:  82.1%
mdfil_info:  90.0%    5 sec CPU:  82.7%
mdfil_info: 100.0%    5 sec CPU:  83.2%
mdfil_info: 100.0%    5 sec CPU:  83.2%
