WARN: the 'eosmount' alias is deprecated, please use /eos directly
License ports: 28518@lxlicen01.cern.ch,28518@lxlicen02.cern.ch,28518@lxlicen03.cern.ch:/cvmfs/projects.cern.ch/intelsw/psxe/linux/licenses
Intel(R) Parallel Studio XE 2018 Update 2 for Linux*
Copyright (C) 2009-2018 Intel Corporation. All rights reserved.
4830
AMSCommonsI-I-HardwareIdentifiedAs Linux 3.10.0-957.10.1.el7.x86_64 x86_64 2
AMSCommonsI-I-Identified as LittleEndian 64 bit machine. 4294967295
AMSCommonsI-I-amsdatabase /cvmfs/ams.cern.ch/Offline/AMSDataDir/DataBase/
AMSCommonsI-I-MipsFromCPUInfo: 2194.92
AMSCommonsI-I-SystemIdentified as  Intel(R) Xeon(R) CPU E5-2630 v4 @ 2.20GHz
AMSCommonsI-I-ComputerEvaluatedAsMips 3511
AMS Software version v5.02/1220/12 built Fri Apr 19 23:54:38 2019

Geant4  Version 1033
Run ID: 59 Bartel: 52
Input Destination: /eos/ams/user/s/selu/mdst/He122/mdst_60441598.root
Output Destination: /afs/cern.ch/work/c/ctuysuz/private/he_flux/LSF/result_mc_time/time_52/he_flux_52_59.root
Add hist00 from /eos/ams/user/s/selu/mdst/He122/mdst_60441598.root
Start of Init
Use new binning
Start of Eventloop
Ntr, Nent= 1 434802
IsMC= 1
Parameter[0] = -2.76482
Parameter[1] = -3.07402
Parameter[2] = -3.6335
Parameter[3] = -5.56178
Parameter[4] = 0.322865
Parameter[5] = -2.42167
mdfil_info:  10.0%    7 sec CPU:  30.9%
mdfil_info:  20.0%   10 sec CPU:  38.9%
mdfil_info:  30.0%   13 sec CPU:  44.9%
mdfil_info:  40.0%   19 sec CPU:  43.4%
mdfil_info:  50.0%   26 sec CPU:  38.8%
mdfil_info:  60.0%   30 sec CPU:  40.0%
mdfil_info:  70.0%   35 sec CPU:  39.8%
mdfil_info:  80.0%   39 sec CPU:  41.4%
mdfil_info:  90.0%   41 sec CPU:  43.7%
mdfil_info: 100.0%   43 sec CPU:  45.8%
mdfil_info: 100.0%   43 sec CPU:  45.8%
19545
AMSCommonsI-I-HardwareIdentifiedAs Linux 3.10.0-957.10.1.el7.x86_64 x86_64 2
AMSCommonsI-I-Identified as LittleEndian 64 bit machine. 4294967295
AMSCommonsI-I-amsdatabase /cvmfs/ams.cern.ch/Offline/AMSDataDir/DataBase/
AMSCommonsI-I-MipsFromCPUInfo: 2194.92
AMSCommonsI-I-SystemIdentified as  Intel(R) Xeon(R) CPU E5-2630 v4 @ 2.20GHz
AMSCommonsI-I-ComputerEvaluatedAsMips 3511
AMS Software version v5.02/1220/12 built Fri Apr 19 23:54:38 2019

Geant4  Version 1033
Run ID: 241 Bartel: 25
Input Destination: /eos/ams/user/s/selu/mdst/He122/mdst_60441781.root
Output Destination: /afs/cern.ch/work/c/ctuysuz/private/he_flux/LSF/result_mc_time/time_25/he_flux_25_241.root
Add hist00 from /eos/ams/user/s/selu/mdst/He122/mdst_60441781.root
Start of Init
Use new binning
Start of Eventloop
Ntr, Nent= 1 433502
IsMC= 1
Parameter[0] = -2.67598
Parameter[1] = -3.03462
Parameter[2] = -3.60443
Parameter[3] = -5.53205
Parameter[4] = 0.247616
Parameter[5] = -2.27738
mdfil_info:  10.0%    3 sec CPU:  71.5%
mdfil_info:  20.0%    5 sec CPU:  77.2%
mdfil_info:  30.0%    7 sec CPU:  79.9%
mdfil_info:  40.0%   10 sec CPU:  81.2%
mdfil_info:  50.0%   12 sec CPU:  82.2%
mdfil_info:  60.0%   14 sec CPU:  82.8%
mdfil_info:  70.0%   17 sec CPU:  83.2%
mdfil_info:  80.0%   19 sec CPU:  82.9%
mdfil_info:  90.0%   22 sec CPU:  83.1%
mdfil_info: 100.0%   24 sec CPU:  83.2%
mdfil_info: 100.0%   24 sec CPU:  83.2%
34260
AMSCommonsI-I-HardwareIdentifiedAs Linux 3.10.0-957.10.1.el7.x86_64 x86_64 2
AMSCommonsI-I-Identified as LittleEndian 64 bit machine. 4294967295
AMSCommonsI-I-amsdatabase /cvmfs/ams.cern.ch/Offline/AMSDataDir/DataBase/
AMSCommonsI-I-MipsFromCPUInfo: 2194.92
AMSCommonsI-I-SystemIdentified as  Intel(R) Xeon(R) CPU E5-2630 v4 @ 2.20GHz
AMSCommonsI-I-ComputerEvaluatedAsMips 3511
AMS Software version v5.02/1220/12 built Fri Apr 19 23:54:38 2019

Geant4  Version 1033
Run ID: 422 Bartel: 79
Input Destination: /eos/ams/user/s/selu/mdst/He122/mdst_60442310.root
Output Destination: /afs/cern.ch/work/c/ctuysuz/private/he_flux/LSF/result_mc_time/time_79/he_flux_79_422.root
Add hist00 from /eos/ams/user/s/selu/mdst/He122/mdst_60442310.root
Start of Init
Use new binning
Start of Eventloop
Ntr, Nent= 1 434732
IsMC= 1
Parameter[0] = -2.39896
Parameter[1] = -2.88073
Parameter[2] = -3.50275
Parameter[3] = -5.43121
Parameter[4] = -0.0783246
Parameter[5] = -2.2346
mdfil_info:  10.0%   19 sec CPU:  12.3%
mdfil_info:  20.0%   26 sec CPU:  16.7%
mdfil_info:  30.0%   34 sec CPU:  18.9%
mdfil_info:  40.0%   41 sec CPU:  21.1%
mdfil_info:  50.0%   54 sec CPU:  19.9%
mdfil_info:  60.0%   63 sec CPU:  20.6%
mdfil_info:  70.0%   70 sec CPU:  21.4%
mdfil_info:  80.0%   79 sec CPU:  21.6%
mdfil_info:  90.0%   88 sec CPU:  21.8%
mdfil_info: 100.0%   97 sec CPU:  21.9%
mdfil_info: 100.0%   97 sec CPU:  21.9%
