WARN: the 'eosmount' alias is deprecated, please use /eos directly
License ports: 28518@lxlicen01.cern.ch,28518@lxlicen02.cern.ch,28518@lxlicen03.cern.ch:/cvmfs/projects.cern.ch/intelsw/psxe/linux/licenses
Intel(R) Parallel Studio XE 2018 Update 2 for Linux*
Copyright (C) 2009-2018 Intel Corporation. All rights reserved.
9404
AMSCommonsI-I-HardwareIdentifiedAs Linux 3.10.0-957.12.1.el7.x86_64 x86_64 2
AMSCommonsI-I-Identified as LittleEndian 64 bit machine. 4294967295
AMSCommonsI-I-amsdatabase /cvmfs/ams.cern.ch/Offline/AMSDataDir/DataBase/
AMSCommonsI-I-MipsFromCPUInfo: 2195.1
AMSCommonsI-I-SystemIdentified as  Intel(R) Xeon(R) CPU E5-2630 v4 @ 2.20GHz
AMSCommonsI-I-ComputerEvaluatedAsMips 3512
AMS Software version v5.02/1220/12 built Fri Apr 19 23:54:38 2019

Geant4  Version 1033
Run ID: 116 Bartel: 9
Input Destination: /eos/ams/user/s/selu/mdst/He122/mdst_60441656.root
Output Destination: /afs/cern.ch/work/c/ctuysuz/private/he_flux/LSF/result_mc_time/time_9/he_flux_9_116.root
Add hist00 from /eos/ams/user/s/selu/mdst/He122/mdst_60441656.root
Start of Init
Use new binning
Start of Eventloop
Ntr, Nent= 1 433820
IsMC= 1
Parameter[0] = -2.5816
Parameter[1] = -2.99063
Parameter[2] = -3.57962
Parameter[3] = -5.50019
Parameter[4] = 0.0791501
Parameter[5] = -2.253
mdfil_info:  10.0%    3 sec CPU:  74.7%
mdfil_info:  20.0%    5 sec CPU:  80.9%
mdfil_info:  30.0%    7 sec CPU:  82.0%
mdfil_info:  40.0%   10 sec CPU:  83.5%
mdfil_info:  50.0%   12 sec CPU:  83.5%
mdfil_info:  60.0%   15 sec CPU:  84.1%
mdfil_info:  70.0%   17 sec CPU:  84.3%
mdfil_info:  80.0%   20 sec CPU:  84.2%
mdfil_info:  90.0%   22 sec CPU:  84.2%
mdfil_info: 100.0%   24 sec CPU:  84.6%
24119
AMSCommonsI-I-HardwareIdentifiedAs Linux 3.10.0-957.12.1.el7.x86_64 x86_64 2
AMSCommonsI-I-Identified as LittleEndian 64 bit machine. 4294967295
AMSCommonsI-I-amsdatabase /cvmfs/ams.cern.ch/Offline/AMSDataDir/DataBase/
AMSCommonsI-I-MipsFromCPUInfo: 2195.1
AMSCommonsI-I-SystemIdentified as  Intel(R) Xeon(R) CPU E5-2630 v4 @ 2.20GHz
AMSCommonsI-I-ComputerEvaluatedAsMips 3512
AMS Software version v5.02/1220/12 built Fri Apr 19 23:54:38 2019

Geant4  Version 1033
Run ID: 297 Bartel: 63
Input Destination: /eos/ams/user/s/selu/mdst/He122/mdst_60441837.root
Output Destination: /afs/cern.ch/work/c/ctuysuz/private/he_flux/LSF/result_mc_time/time_63/he_flux_63_297.root
Add hist00 from /eos/ams/user/s/selu/mdst/He122/mdst_60441837.root
Start of Init
Use new binning
Start of Eventloop
Ntr, Nent= 1 436820
IsMC= 1
Parameter[0] = -2.618
Parameter[1] = -3.00649
Parameter[2] = -3.59895
Parameter[3] = -5.51567
Parameter[4] = 0.0987089
Parameter[5] = -2.27434
mdfil_info:  10.0%   19 sec CPU:  12.4%
mdfil_info:  20.0%   27 sec CPU:  17.0%
mdfil_info:  30.0%   34 sec CPU:  19.8%
mdfil_info:  40.0%   41 sec CPU:  21.6%
mdfil_info:  50.0%   51 sec CPU:  21.2%
mdfil_info:  60.0%   59 sec CPU:  22.1%
mdfil_info:  70.0%   66 sec CPU:  23.1%
mdfil_info:  80.0%   76 sec CPU:  22.7%
mdfil_info:  90.0%   83 sec CPU:  23.4%
mdfil_info: 100.0%   89 sec CPU:  24.0%
38834
AMSCommonsI-I-HardwareIdentifiedAs Linux 3.10.0-957.12.1.el7.x86_64 x86_64 2
AMSCommonsI-I-Identified as LittleEndian 64 bit machine. 4294967295
AMSCommonsI-I-amsdatabase /cvmfs/ams.cern.ch/Offline/AMSDataDir/DataBase/
AMSCommonsI-I-MipsFromCPUInfo: 2195.1
AMSCommonsI-I-SystemIdentified as  Intel(R) Xeon(R) CPU E5-2630 v4 @ 2.20GHz
AMSCommonsI-I-ComputerEvaluatedAsMips 3512
AMS Software version v5.02/1220/12 built Fri Apr 19 23:54:38 2019

Geant4  Version 1033
Run ID: 479 Bartel: 36
Input Destination: /eos/ams/user/s/selu/mdst/He314/mdst_120929879.root
Output Destination: /afs/cern.ch/work/c/ctuysuz/private/he_flux/LSF/result_mc_time/time_36/he_flux_36_479.root
Add hist00 from /eos/ams/user/s/selu/mdst/He314/mdst_120929879.root
Start of Init
Use new binning
Start of Eventloop
Ntr, Nent= 1 122669
IsMC= 1
Parameter[0] = -2.79557
Parameter[1] = -3.06246
Parameter[2] = -3.62389
Parameter[3] = -5.5927
Parameter[4] = 0.507214
Parameter[5] = -2.70126
mdfil_info:  10.0%    6 sec CPU:  11.5%
mdfil_info:  20.0%   12 sec CPU:  11.7%
mdfil_info:  30.0%   17 sec CPU:  12.3%
mdfil_info:  40.0%   19 sec CPU:  14.2%
mdfil_info:  50.0%   21 sec CPU:  15.9%
mdfil_info:  60.0%   23 sec CPU:  17.2%
mdfil_info:  70.0%   25 sec CPU:  18.2%
mdfil_info:  80.0%   26 sec CPU:  19.1%
mdfil_info:  90.0%   28 sec CPU:  19.8%
mdfil_info: 100.0%   30 sec CPU:  20.6%
mdfil_info: 100.0%   30 sec CPU:  20.6%
