WARN: the 'eosmount' alias is deprecated, please use /eos directly
License ports: 28518@lxlicen01.cern.ch,28518@lxlicen02.cern.ch,28518@lxlicen03.cern.ch:/cvmfs/projects.cern.ch/intelsw/psxe/linux/licenses
Intel(R) Parallel Studio XE 2018 Update 2 for Linux*
Copyright (C) 2009-2018 Intel Corporation. All rights reserved.
4351
AMSCommonsI-I-HardwareIdentifiedAs Linux 3.10.0-957.10.1.el7.x86_64 x86_64 2
AMSCommonsI-I-Identified as LittleEndian 64 bit machine. 4294967295
AMSCommonsI-I-amsdatabase /cvmfs/ams.cern.ch/Offline/AMSDataDir/DataBase/
AMSCommonsI-I-MipsFromCPUInfo: 2194.92
AMSCommonsI-I-SystemIdentified as  Intel(R) Xeon(R) CPU E5-2630 v4 @ 2.20GHz
AMSCommonsI-I-ComputerEvaluatedAsMips 3511
AMS Software version v5.02/1220/12 built Fri Apr 19 23:54:38 2019

Geant4  Version 1033
Run ID: 53 Bartel: 59
Input Destination: /eos/ams/user/s/selu/mdst/He122/mdst_60441592.root
Output Destination: /afs/cern.ch/work/c/ctuysuz/private/he_flux/LSF/result_mc_time/time_59/he_flux_59_53.root
Add hist00 from /eos/ams/user/s/selu/mdst/He122/mdst_60441592.root
Start of Init
Use new binning
Start of Eventloop
Ntr, Nent= 1 397283
IsMC= 1
Parameter[0] = -2.68656
Parameter[1] = -3.03432
Parameter[2] = -3.61157
Parameter[3] = -5.53634
Parameter[4] = 0.355938
Parameter[5] = -2.28628
mdfil_info:  10.0%    3 sec CPU:  61.8%
mdfil_info:  20.0%    6 sec CPU:  68.4%
mdfil_info:  30.0%    7 sec CPU:  72.0%
mdfil_info:  40.0%   10 sec CPU:  74.8%
mdfil_info:  50.0%   12 sec CPU:  75.6%
mdfil_info:  60.0%   14 sec CPU:  76.6%
mdfil_info:  70.0%   16 sec CPU:  77.0%
mdfil_info:  80.0%   18 sec CPU:  77.7%
mdfil_info:  90.0%   20 sec CPU:  78.6%
mdfil_info: 100.0%   22 sec CPU:  79.3%
mdfil_info: 100.0%   22 sec CPU:  79.3%
19066
AMSCommonsI-I-HardwareIdentifiedAs Linux 3.10.0-957.10.1.el7.x86_64 x86_64 2
AMSCommonsI-I-Identified as LittleEndian 64 bit machine. 4294967295
AMSCommonsI-I-amsdatabase /cvmfs/ams.cern.ch/Offline/AMSDataDir/DataBase/
AMSCommonsI-I-MipsFromCPUInfo: 2194.92
AMSCommonsI-I-SystemIdentified as  Intel(R) Xeon(R) CPU E5-2630 v4 @ 2.20GHz
AMSCommonsI-I-ComputerEvaluatedAsMips 3511
AMS Software version v5.02/1220/12 built Fri Apr 19 23:54:38 2019

Geant4  Version 1033
Run ID: 235 Bartel: 32
Input Destination: /eos/ams/user/s/selu/mdst/He122/mdst_60441775.root
Output Destination: /afs/cern.ch/work/c/ctuysuz/private/he_flux/LSF/result_mc_time/time_32/he_flux_32_235.root
Add hist00 from /eos/ams/user/s/selu/mdst/He122/mdst_60441775.root
Start of Init
Use new binning
Start of Eventloop
Ntr, Nent= 1 440532
IsMC= 1
Parameter[0] = -2.77785
Parameter[1] = -3.05134
Parameter[2] = -3.60147
Parameter[3] = -5.53079
Parameter[4] = 0.319411
Parameter[5] = -2.38899
mdfil_info:  10.0%   22 sec CPU:  10.8%
mdfil_info:  20.0%   30 sec CPU:  14.5%
mdfil_info:  30.0%   38 sec CPU:  17.2%
mdfil_info:  40.0%   46 sec CPU:  18.8%
mdfil_info:  50.0%   56 sec CPU:  19.3%
mdfil_info:  60.0%   64 sec CPU:  20.2%
mdfil_info:  70.0%   73 sec CPU:  20.5%
mdfil_info:  80.0%   81 sec CPU:  21.0%
mdfil_info:  90.0%   89 sec CPU:  21.7%
mdfil_info: 100.0%   95 sec CPU:  22.4%
mdfil_info: 100.0%   95 sec CPU:  22.4%
33781
AMSCommonsI-I-HardwareIdentifiedAs Linux 3.10.0-957.10.1.el7.x86_64 x86_64 2
AMSCommonsI-I-Identified as LittleEndian 64 bit machine. 4294967295
AMSCommonsI-I-amsdatabase /cvmfs/ams.cern.ch/Offline/AMSDataDir/DataBase/
AMSCommonsI-I-MipsFromCPUInfo: 2194.92
AMSCommonsI-I-SystemIdentified as  Intel(R) Xeon(R) CPU E5-2630 v4 @ 2.20GHz
AMSCommonsI-I-ComputerEvaluatedAsMips 3511
AMS Software version v5.02/1220/12 built Fri Apr 19 23:54:38 2019

Geant4  Version 1033
Run ID: 417 Bartel: 5
Input Destination: /eos/ams/user/s/selu/mdst/He122/mdst_60442305.root
Output Destination: /afs/cern.ch/work/c/ctuysuz/private/he_flux/LSF/result_mc_time/time_5/he_flux_5_417.root
Add hist00 from /eos/ams/user/s/selu/mdst/He122/mdst_60442305.root
Start of Init
Use new binning
Start of Eventloop
Ntr, Nent= 1 439690
IsMC= 1
Parameter[0] = -2.62631
Parameter[1] = -3.02179
Parameter[2] = -3.60875
Parameter[3] = -5.5302
Parameter[4] = 0.0850909
Parameter[5] = -2.38189
mdfil_info:  10.0%   19 sec CPU:  12.6%
mdfil_info:  20.0%   29 sec CPU:  15.8%
mdfil_info:  30.0%   40 sec CPU:  16.8%
mdfil_info:  40.0%   51 sec CPU:  17.6%
mdfil_info:  50.0%   61 sec CPU:  18.2%
mdfil_info:  60.0%   71 sec CPU:  18.5%
mdfil_info:  70.0%   80 sec CPU:  19.3%
mdfil_info:  80.0%   88 sec CPU:  19.9%
mdfil_info:  90.0%   96 sec CPU:  20.5%
mdfil_info: 100.0%  106 sec CPU:  20.5%
