WARN: the 'eosmount' alias is deprecated, please use /eos directly
License ports: 28518@lxlicen01.cern.ch,28518@lxlicen02.cern.ch,28518@lxlicen03.cern.ch:/cvmfs/projects.cern.ch/intelsw/psxe/linux/licenses
Intel(R) Parallel Studio XE 2018 Update 2 for Linux*
Copyright (C) 2009-2018 Intel Corporation. All rights reserved.
1850
AMSCommonsI-I-HardwareIdentifiedAs Linux 3.10.0-957.12.1.el7.x86_64 x86_64 2
AMSCommonsI-I-Identified as LittleEndian 64 bit machine. 4294967295
AMSCommonsI-I-amsdatabase /cvmfs/ams.cern.ch/Offline/AMSDataDir/DataBase/
AMSCommonsI-I-MipsFromCPUInfo: 2194.92
AMSCommonsI-I-SystemIdentified as  Intel(R) Xeon(R) CPU E5-2630 v4 @ 2.20GHz
AMSCommonsI-I-ComputerEvaluatedAsMips 3511
AMS Software version v5.02/1220/12 built Fri Apr 19 23:54:38 2019

Geant4  Version 1033
Run ID: 22 Bartel: 69
Input Destination: /eos/ams/user/s/selu/mdst/He122/mdst_60441561.root
Output Destination: /afs/cern.ch/work/c/ctuysuz/private/he_flux/LSF/result_mc_time/time_69/he_flux_69_22.root
Add hist00 from /eos/ams/user/s/selu/mdst/He122/mdst_60441561.root
Start of Init
Use new binning
Start of Eventloop
Ntr, Nent= 1 441654
IsMC= 1
Parameter[0] = -2.5456
Parameter[1] = -2.98028
Parameter[2] = -3.58897
Parameter[3] = -5.48942
Parameter[4] = 0.110577
Parameter[5] = -2.14012
mdfil_info:  10.0%   19 sec CPU:  13.1%
mdfil_info:  20.0%   26 sec CPU:  17.6%
mdfil_info:  30.0%   34 sec CPU:  20.4%
mdfil_info:  40.0%   44 sec CPU:  20.8%
mdfil_info:  50.0%   55 sec CPU:  20.5%
mdfil_info:  60.0%   61 sec CPU:  22.0%
mdfil_info:  70.0%   69 sec CPU:  22.8%
mdfil_info:  80.0%   78 sec CPU:  23.0%
mdfil_info:  90.0%   86 sec CPU:  23.7%
mdfil_info: 100.0%   91 sec CPU:  24.6%
mdfil_info: 100.0%   91 sec CPU:  24.6%
16565
AMSCommonsI-I-HardwareIdentifiedAs Linux 3.10.0-957.12.1.el7.x86_64 x86_64 2
AMSCommonsI-I-Identified as LittleEndian 64 bit machine. 4294967295
AMSCommonsI-I-amsdatabase /cvmfs/ams.cern.ch/Offline/AMSDataDir/DataBase/
AMSCommonsI-I-MipsFromCPUInfo: 2194.92
AMSCommonsI-I-SystemIdentified as  Intel(R) Xeon(R) CPU E5-2630 v4 @ 2.20GHz
AMSCommonsI-I-ComputerEvaluatedAsMips 3511
AMS Software version v5.02/1220/12 built Fri Apr 19 23:54:38 2019

Geant4  Version 1033
Run ID: 204 Bartel: 42
Input Destination: /eos/ams/user/s/selu/mdst/He122/mdst_60441744.root
Output Destination: /afs/cern.ch/work/c/ctuysuz/private/he_flux/LSF/result_mc_time/time_42/he_flux_42_204.root
Add hist00 from /eos/ams/user/s/selu/mdst/He122/mdst_60441744.root
Start of Init
Use new binning
Start of Eventloop
Ntr, Nent= 1 438928
IsMC= 1
Parameter[0] = -2.78027
Parameter[1] = -3.06778
Parameter[2] = -3.62449
Parameter[3] = -5.58149
Parameter[4] = 0.44175
Parameter[5] = -2.56338
mdfil_info:  10.0%    3 sec CPU:  79.3%
mdfil_info:  20.0%    5 sec CPU:  84.7%
mdfil_info:  30.0%    8 sec CPU:  86.3%
mdfil_info:  40.0%   10 sec CPU:  86.7%
mdfil_info:  50.0%   13 sec CPU:  87.1%
mdfil_info:  60.0%   15 sec CPU:  87.6%
mdfil_info:  70.0%   17 sec CPU:  87.7%
mdfil_info:  80.0%   20 sec CPU:  87.8%
mdfil_info:  90.0%   22 sec CPU:  87.6%
mdfil_info: 100.0%   25 sec CPU:  87.6%
mdfil_info: 100.0%   25 sec CPU:  87.6%
31280
AMSCommonsI-I-HardwareIdentifiedAs Linux 3.10.0-957.12.1.el7.x86_64 x86_64 2
AMSCommonsI-I-Identified as LittleEndian 64 bit machine. 4294967295
AMSCommonsI-I-amsdatabase /cvmfs/ams.cern.ch/Offline/AMSDataDir/DataBase/
AMSCommonsI-I-MipsFromCPUInfo: 2194.92
AMSCommonsI-I-SystemIdentified as  Intel(R) Xeon(R) CPU E5-2630 v4 @ 2.20GHz
AMSCommonsI-I-ComputerEvaluatedAsMips 3511
AMS Software version v5.02/1220/12 built Fri Apr 19 23:54:38 2019

Geant4  Version 1033
Run ID: 386 Bartel: 15
Input Destination: /eos/ams/user/s/selu/mdst/He122/mdst_60442274.root
Output Destination: /afs/cern.ch/work/c/ctuysuz/private/he_flux/LSF/result_mc_time/time_15/he_flux_15_386.root
Add hist00 from /eos/ams/user/s/selu/mdst/He122/mdst_60442274.root
Start of Init
Use new binning
Start of Eventloop
Ntr, Nent= 1 438772
IsMC= 1
Parameter[0] = -2.64949
Parameter[1] = -3.02393
Parameter[2] = -3.59344
Parameter[3] = -5.52782
Parameter[4] = 0.200514
Parameter[5] = -2.29505
mdfil_info:  10.0%    3 sec CPU:  79.1%
mdfil_info:  20.0%    5 sec CPU:  84.4%
mdfil_info:  30.0%    7 sec CPU:  86.8%
mdfil_info:  40.0%    9 sec CPU:  87.4%
mdfil_info:  50.0%   12 sec CPU:  88.4%
mdfil_info:  60.0%   14 sec CPU:  88.5%
mdfil_info:  70.0%   17 sec CPU:  88.8%
mdfil_info:  80.0%   19 sec CPU:  88.9%
mdfil_info:  90.0%   21 sec CPU:  89.0%
mdfil_info: 100.0%   23 sec CPU:  89.2%
mdfil_info: 100.0%   23 sec CPU:  89.2%
