WARN: the 'eosmount' alias is deprecated, please use /eos directly
License ports: 28518@lxlicen01.cern.ch,28518@lxlicen02.cern.ch,28518@lxlicen03.cern.ch:/cvmfs/projects.cern.ch/intelsw/psxe/linux/licenses
Intel(R) Parallel Studio XE 2018 Update 2 for Linux*
Copyright (C) 2009-2018 Intel Corporation. All rights reserved.
11015
AMSCommonsI-I-HardwareIdentifiedAs Linux 3.10.0-957.12.1.el7.x86_64 x86_64 2
AMSCommonsI-I-Identified as LittleEndian 64 bit machine. 4294967295
AMSCommonsI-I-amsdatabase /cvmfs/ams.cern.ch/Offline/AMSDataDir/DataBase/
AMSCommonsI-I-MipsFromCPUInfo: 2394.45
AMSCommonsI-I-SystemIdentified as  Intel(R) Xeon(R) CPU E5-2630 v3 @ 2.40GHz
AMSCommonsI-I-ComputerEvaluatedAsMips 3831
AMS Software version v5.02/1220/12 built Fri Apr 19 23:54:38 2019

Geant4  Version 1033
Run ID: 135 Bartel: 81
Input Destination: /eos/ams/user/s/selu/mdst/He122/mdst_60441675.root
Output Destination: /afs/cern.ch/work/c/ctuysuz/private/he_flux/LSF/result_mc_time/time_81/he_flux_81_135.root
Add hist00 from /eos/ams/user/s/selu/mdst/He122/mdst_60441675.root
Start of Init
Use new binning
Start of Eventloop
Ntr, Nent= 1 439182
IsMC= 1
Parameter[0] = -2.48037
Parameter[1] = -2.95644
Parameter[2] = -3.57046
Parameter[3] = -5.46876
Parameter[4] = -0.0472079
Parameter[5] = -1.99045
mdfil_info:  10.0%   15 sec CPU:  14.2%
mdfil_info:  20.0%   19 sec CPU:  19.9%
mdfil_info:  30.0%   25 sec CPU:  22.7%
mdfil_info:  40.0%   30 sec CPU:  24.8%
mdfil_info:  50.0%   35 sec CPU:  26.2%
mdfil_info:  60.0%   40 sec CPU:  27.6%
mdfil_info:  70.0%   44 sec CPU:  28.6%
mdfil_info:  80.0%   50 sec CPU:  28.9%
mdfil_info:  90.0%   56 sec CPU:  29.5%
mdfil_info: 100.0%   61 sec CPU:  29.9%
mdfil_info: 100.0%   61 sec CPU:  29.9%
25730
AMSCommonsI-I-HardwareIdentifiedAs Linux 3.10.0-957.12.1.el7.x86_64 x86_64 2
AMSCommonsI-I-Identified as LittleEndian 64 bit machine. 4294967295
AMSCommonsI-I-amsdatabase /cvmfs/ams.cern.ch/Offline/AMSDataDir/DataBase/
AMSCommonsI-I-MipsFromCPUInfo: 2394.45
AMSCommonsI-I-SystemIdentified as  Intel(R) Xeon(R) CPU E5-2630 v3 @ 2.40GHz
AMSCommonsI-I-ComputerEvaluatedAsMips 3831
AMS Software version v5.02/1220/12 built Fri Apr 19 23:54:38 2019

Geant4  Version 1033
Run ID: 317 Bartel: 54
Input Destination: /eos/ams/user/s/selu/mdst/He122/mdst_60441857.root
Output Destination: /afs/cern.ch/work/c/ctuysuz/private/he_flux/LSF/result_mc_time/time_54/he_flux_54_317.root
Add hist00 from /eos/ams/user/s/selu/mdst/He122/mdst_60441857.root
Start of Init
Use new binning
Start of Eventloop
Ntr, Nent= 1 439077
IsMC= 1
Parameter[0] = -2.78801
Parameter[1] = -3.07185
Parameter[2] = -3.62903
Parameter[3] = -5.57585
Parameter[4] = 0.451953
Parameter[5] = -2.58019
mdfil_info:  10.0%    2 sec CPU:  82.1%
mdfil_info:  20.0%    4 sec CPU:  86.4%
mdfil_info:  30.0%    5 sec CPU:  88.6%
mdfil_info:  40.0%    7 sec CPU:  89.6%
mdfil_info:  50.0%    9 sec CPU:  90.1%
mdfil_info:  60.0%   10 sec CPU:  90.6%
mdfil_info:  70.0%   12 sec CPU:  90.9%
mdfil_info:  80.0%   14 sec CPU:  91.3%
mdfil_info:  90.0%   15 sec CPU:  91.5%
mdfil_info: 100.0%   17 sec CPU:  91.5%
mdfil_info: 100.0%   17 sec CPU:  91.5%
40445
AMSCommonsI-I-HardwareIdentifiedAs Linux 3.10.0-957.12.1.el7.x86_64 x86_64 2
AMSCommonsI-I-Identified as LittleEndian 64 bit machine. 4294967295
AMSCommonsI-I-amsdatabase /cvmfs/ams.cern.ch/Offline/AMSDataDir/DataBase/
AMSCommonsI-I-MipsFromCPUInfo: 2394.45
AMSCommonsI-I-SystemIdentified as  Intel(R) Xeon(R) CPU E5-2630 v3 @ 2.40GHz
AMSCommonsI-I-ComputerEvaluatedAsMips 3831
AMS Software version v5.02/1220/12 built Fri Apr 19 23:54:38 2019

Geant4  Version 1033
Run ID: 499 Bartel: 27
Input Destination: /eos/ams/user/s/selu/mdst/He314/mdst_120929900.root
Output Destination: /afs/cern.ch/work/c/ctuysuz/private/he_flux/LSF/result_mc_time/time_27/he_flux_27_499.root
Add hist00 from /eos/ams/user/s/selu/mdst/He314/mdst_120929900.root
Start of Init
Use new binning
Start of Eventloop
Ntr, Nent= 1 123090
IsMC= 1
Parameter[0] = -2.70724
Parameter[1] = -3.04642
Parameter[2] = -3.62117
Parameter[3] = -5.56267
Parameter[4] = 0.257638
Parameter[5] = -2.47221
mdfil_info:  10.0%    1 sec CPU:  80.1%
mdfil_info:  20.0%    1 sec CPU:  79.9%
mdfil_info:  30.0%    2 sec CPU:  79.8%
mdfil_info:  40.0%    2 sec CPU:  81.9%
mdfil_info:  50.0%    3 sec CPU:  83.8%
mdfil_info:  60.0%    3 sec CPU:  85.0%
mdfil_info:  70.0%    4 sec CPU:  85.9%
mdfil_info:  80.0%    4 sec CPU:  86.9%
mdfil_info:  90.0%    5 sec CPU:  87.0%
mdfil_info: 100.0%    5 sec CPU:  87.7%
