WARN: the 'eosmount' alias is deprecated, please use /eos directly
License ports: 28518@lxlicen01.cern.ch,28518@lxlicen02.cern.ch,28518@lxlicen03.cern.ch:/cvmfs/projects.cern.ch/intelsw/psxe/linux/licenses
Intel(R) Parallel Studio XE 2018 Update 2 for Linux*
Copyright (C) 2009-2018 Intel Corporation. All rights reserved.
14519
AMSCommonsI-I-HardwareIdentifiedAs Linux 3.10.0-957.10.1.el7.x86_64 x86_64 2
AMSCommonsI-I-Identified as LittleEndian 64 bit machine. 4294967295
AMSCommonsI-I-amsdatabase /cvmfs/ams.cern.ch/Offline/AMSDataDir/DataBase/
AMSCommonsI-I-MipsFromCPUInfo: 2194.92
AMSCommonsI-I-SystemIdentified as  Intel(R) Xeon(R) CPU E5-2630 v4 @ 2.20GHz
AMSCommonsI-I-ComputerEvaluatedAsMips 3511
AMS Software version v5.02/1220/12 built Fri Apr 19 23:54:38 2019

Geant4  Version 1033
Run ID: 179 Bartel: 21
Input Destination: /eos/ams/user/s/selu/mdst/He122/mdst_60441719.root
Output Destination: /afs/cern.ch/work/c/ctuysuz/private/he_flux/LSF/result_mc_time/time_21/he_flux_21_179.root
Add hist00 from /eos/ams/user/s/selu/mdst/He122/mdst_60441719.root
Start of Init
Use new binning
Start of Eventloop
Ntr, Nent= 1 439864
IsMC= 1
Parameter[0] = -2.71679
Parameter[1] = -3.04446
Parameter[2] = -3.60361
Parameter[3] = -5.54759
Parameter[4] = 0.211822
Parameter[5] = -2.44359
mdfil_info:  10.0%   18 sec CPU:  13.0%
mdfil_info:  20.0%   24 sec CPU:  18.6%
mdfil_info:  30.0%   38 sec CPU:  17.7%
mdfil_info:  40.0%   51 sec CPU:  17.6%
mdfil_info:  50.0%   62 sec CPU:  18.0%
mdfil_info:  60.0%   71 sec CPU:  18.6%
mdfil_info:  70.0%   79 sec CPU:  19.5%
mdfil_info:  80.0%   88 sec CPU:  19.8%
mdfil_info:  90.0%  100 sec CPU:  19.7%
mdfil_info: 100.0%  114 sec CPU:  19.1%
mdfil_info: 100.0%  114 sec CPU:  19.1%
29234
AMSCommonsI-I-HardwareIdentifiedAs Linux 3.10.0-957.10.1.el7.x86_64 x86_64 2
AMSCommonsI-I-Identified as LittleEndian 64 bit machine. 4294967295
AMSCommonsI-I-amsdatabase /cvmfs/ams.cern.ch/Offline/AMSDataDir/DataBase/
AMSCommonsI-I-MipsFromCPUInfo: 2194.92
AMSCommonsI-I-SystemIdentified as  Intel(R) Xeon(R) CPU E5-2630 v4 @ 2.20GHz
AMSCommonsI-I-ComputerEvaluatedAsMips 3511
AMS Software version v5.02/1220/12 built Fri Apr 19 23:54:38 2019

Geant4  Version 1033
Run ID: 360 Bartel: 75
Input Destination: /eos/ams/user/s/selu/mdst/He122/mdst_60442248.root
Output Destination: /afs/cern.ch/work/c/ctuysuz/private/he_flux/LSF/result_mc_time/time_75/he_flux_75_360.root
Add hist00 from /eos/ams/user/s/selu/mdst/He122/mdst_60442248.root
Start of Init
Use new binning
Start of Eventloop
Ntr, Nent= 1 434103
IsMC= 1
Parameter[0] = -2.49754
Parameter[1] = -2.96284
Parameter[2] = -3.58257
Parameter[3] = -5.52327
Parameter[4] = -0.0264443
Parameter[5] = -2.34842
mdfil_info:  10.0%  146 sec CPU:   1.6%
mdfil_info:  20.0%  192 sec CPU:   2.4%
mdfil_info:  30.0%  243 sec CPU:   2.8%
mdfil_info:  40.0%  294 sec CPU:   3.0%
mdfil_info:  50.0%  335 sec CPU:   3.3%
mdfil_info:  60.0%  395 sec CPU:   3.4%
mdfil_info:  70.0%  433 sec CPU:   3.6%
mdfil_info:  80.0%  457 sec CPU:   3.9%
mdfil_info:  90.0%  490 sec CPU:   4.0%
mdfil_info: 100.0%  514 sec CPU:   4.3%
mdfil_info: 100.0%  514 sec CPU:   4.3%
43949
AMSCommonsI-I-HardwareIdentifiedAs Linux 3.10.0-957.10.1.el7.x86_64 x86_64 2
AMSCommonsI-I-Identified as LittleEndian 64 bit machine. 4294967295
AMSCommonsI-I-amsdatabase /cvmfs/ams.cern.ch/Offline/AMSDataDir/DataBase/
AMSCommonsI-I-MipsFromCPUInfo: 2194.92
AMSCommonsI-I-SystemIdentified as  Intel(R) Xeon(R) CPU E5-2630 v4 @ 2.20GHz
AMSCommonsI-I-ComputerEvaluatedAsMips 3511
AMS Software version v5.02/1220/12 built Fri Apr 19 23:54:38 2019

Geant4  Version 1033
Run ID: 542 Bartel: 48
