WARN: the 'eosmount' alias is deprecated, please use /eos directly
License ports: 28518@lxlicen01.cern.ch,28518@lxlicen02.cern.ch,28518@lxlicen03.cern.ch:/cvmfs/projects.cern.ch/intelsw/psxe/linux/licenses
Intel(R) Parallel Studio XE 2018 Update 2 for Linux*
Copyright (C) 2009-2018 Intel Corporation. All rights reserved.
14566
AMSCommonsI-I-HardwareIdentifiedAs Linux 3.10.0-957.1.3.el7.x86_64 x86_64 2
AMSCommonsI-I-Identified as LittleEndian 64 bit machine. 4294967295
AMSCommonsI-I-amsdatabase /cvmfs/ams.cern.ch/Offline/AMSDataDir/DataBase/
AMSCommonsI-I-MipsFromCPUInfo: 2194.92
AMSCommonsI-I-SystemIdentified as  Intel(R) Xeon(R) CPU E5-2650 v4 @ 2.20GHz
AMSCommonsI-I-ComputerEvaluatedAsMips 3511
AMS Software version v5.02/1220/12 built Fri Apr 19 23:54:38 2019

Geant4  Version 1033
Run ID: 179 Bartel: 68
Input Destination: /eos/ams/user/s/selu/mdst/He122/mdst_60441719.root
Output Destination: /afs/cern.ch/work/c/ctuysuz/private/he_flux/LSF/result_mc_time/time_68/he_flux_68_179.root
Add hist00 from /eos/ams/user/s/selu/mdst/He122/mdst_60441719.root
Start of Init
Use new binning
Start of Eventloop
Ntr, Nent= 1 439864
IsMC= 1
Parameter[0] = -2.5639
Parameter[1] = -2.98035
Parameter[2] = -3.58993
Parameter[3] = -5.51419
Parameter[4] = 0.0804353
Parameter[5] = -2.39662
mdfil_info:  10.0%    5 sec CPU:  42.7%
mdfil_info:  20.0%    8 sec CPU:  46.7%
mdfil_info:  30.0%   13 sec CPU:  45.3%
mdfil_info:  40.0%   17 sec CPU:  44.0%
mdfil_info:  50.0%   21 sec CPU:  43.6%
mdfil_info:  60.0%   29 sec CPU:  38.7%
mdfil_info:  70.0%   32 sec CPU:  40.0%
mdfil_info:  80.0%   38 sec CPU:  38.9%
mdfil_info:  90.0%   41 sec CPU:  40.3%
mdfil_info: 100.0%   51 sec CPU:  35.8%
mdfil_info: 100.0%   51 sec CPU:  35.8%
29281
AMSCommonsI-I-HardwareIdentifiedAs Linux 3.10.0-957.1.3.el7.x86_64 x86_64 2
AMSCommonsI-I-Identified as LittleEndian 64 bit machine. 4294967295
AMSCommonsI-I-amsdatabase /cvmfs/ams.cern.ch/Offline/AMSDataDir/DataBase/
AMSCommonsI-I-MipsFromCPUInfo: 2194.92
AMSCommonsI-I-SystemIdentified as  Intel(R) Xeon(R) CPU E5-2650 v4 @ 2.20GHz
AMSCommonsI-I-ComputerEvaluatedAsMips 3511
AMS Software version v5.02/1220/12 built Fri Apr 19 23:54:38 2019

Geant4  Version 1033
Run ID: 361 Bartel: 41
Input Destination: /eos/ams/user/s/selu/mdst/He122/mdst_60442249.root
Output Destination: /afs/cern.ch/work/c/ctuysuz/private/he_flux/LSF/result_mc_time/time_41/he_flux_41_361.root
Add hist00 from /eos/ams/user/s/selu/mdst/He122/mdst_60442249.root
Start of Init
Use new binning
Start of Eventloop
Ntr, Nent= 1 434925
IsMC= 1
Parameter[0] = -2.77453
Parameter[1] = -3.05397
Parameter[2] = -3.61054
Parameter[3] = -5.55839
Parameter[4] = 0.485122
Parameter[5] = -2.44204
mdfil_info:  10.0%    3 sec CPU:  70.0%
mdfil_info:  20.0%    5 sec CPU:  76.5%
mdfil_info:  30.0%    7 sec CPU:  76.4%
mdfil_info:  40.0%   10 sec CPU:  77.9%
mdfil_info:  50.0%   12 sec CPU:  78.9%
mdfil_info:  60.0%   13 sec CPU:  80.1%
mdfil_info:  70.0%   16 sec CPU:  79.7%
mdfil_info:  80.0%   17 sec CPU:  80.6%
mdfil_info:  90.0%   19 sec CPU:  81.2%
mdfil_info: 100.0%   21 sec CPU:  81.7%
mdfil_info: 100.0%   21 sec CPU:  81.7%
43996
AMSCommonsI-I-HardwareIdentifiedAs Linux 3.10.0-957.1.3.el7.x86_64 x86_64 2
AMSCommonsI-I-Identified as LittleEndian 64 bit machine. 4294967295
AMSCommonsI-I-amsdatabase /cvmfs/ams.cern.ch/Offline/AMSDataDir/DataBase/
AMSCommonsI-I-MipsFromCPUInfo: 2194.92
AMSCommonsI-I-SystemIdentified as  Intel(R) Xeon(R) CPU E5-2650 v4 @ 2.20GHz
AMSCommonsI-I-ComputerEvaluatedAsMips 3511
AMS Software version v5.02/1220/12 built Fri Apr 19 23:54:38 2019

Geant4  Version 1033
Run ID: 543 Bartel: 14
Input Destination: /eos/ams/user/s/selu/mdst/He314/mdst_120929948.root
Output Destination: /afs/cern.ch/work/c/ctuysuz/private/he_flux/LSF/result_mc_time/time_14/he_flux_14_543.root
Add hist00 from /eos/ams/user/s/selu/mdst/He314/mdst_120929948.root
Start of Init
Use new binning
Start of Eventloop
Ntr, Nent= 1 122295
IsMC= 1
Parameter[0] = -2.62922
Parameter[1] = -3.00854
Parameter[2] = -3.59134
Parameter[3] = -5.49431
Parameter[4] = 0.150366
Parameter[5] = -2.1251
mdfil_info:  10.0%    0 sec CPU:  99.0%
mdfil_info:  20.0%    1 sec CPU:  99.4%
mdfil_info:  30.0%    1 sec CPU:  99.5%
mdfil_info:  40.0%    2 sec CPU:  99.5%
mdfil_info:  50.0%    2 sec CPU:  99.6%
mdfil_info:  60.0%    3 sec CPU:  99.7%
mdfil_info:  70.0%    3 sec CPU:  99.9%
mdfil_info:  80.0%    3 sec CPU:  99.6%
mdfil_info:  90.0%    4 sec CPU:  99.9%
mdfil_info: 100.0%    4 sec CPU:  99.8%
mdfil_info: 100.0%    4 sec CPU:  99.8%
