WARN: the 'eosmount' alias is deprecated, please use /eos directly
License ports: 28518@lxlicen01.cern.ch,28518@lxlicen02.cern.ch,28518@lxlicen03.cern.ch:/cvmfs/projects.cern.ch/intelsw/psxe/linux/licenses
Intel(R) Parallel Studio XE 2018 Update 2 for Linux*
Copyright (C) 2009-2018 Intel Corporation. All rights reserved.
5873
AMSCommonsI-I-HardwareIdentifiedAs Linux 3.10.0-957.10.1.el7.x86_64 x86_64 2
AMSCommonsI-I-Identified as LittleEndian 64 bit machine. 4294967295
AMSCommonsI-I-amsdatabase /cvmfs/ams.cern.ch/Offline/AMSDataDir/DataBase/
AMSCommonsI-I-MipsFromCPUInfo: 2194.92
AMSCommonsI-I-SystemIdentified as  Intel(R) Xeon(R) CPU E5-2630 v4 @ 2.20GHz
AMSCommonsI-I-ComputerEvaluatedAsMips 3511
AMS Software version v5.02/1220/12 built Fri Apr 19 23:54:38 2019

Geant4  Version 1033
Run ID: 72 Bartel: 42
Input Destination: /eos/ams/user/s/selu/mdst/He122/mdst_60441612.root
Output Destination: /afs/cern.ch/work/c/ctuysuz/private/he_flux/LSF/result_mc_time/time_42/he_flux_42_72.root
Add hist00 from /eos/ams/user/s/selu/mdst/He122/mdst_60441612.root
Start of Init
Use new binning
Start of Eventloop
Ntr, Nent= 1 435699
IsMC= 1
Parameter[0] = -2.78027
Parameter[1] = -3.06778
Parameter[2] = -3.62449
Parameter[3] = -5.58149
Parameter[4] = 0.44175
Parameter[5] = -2.56338
mdfil_info:  10.0%   14 sec CPU:  16.5%
mdfil_info:  20.0%   23 sec CPU:  18.8%
mdfil_info:  30.0%   33 sec CPU:  19.4%
mdfil_info:  40.0%   46 sec CPU:  18.6%
mdfil_info:  50.0%   55 sec CPU:  19.5%
mdfil_info:  60.0%   62 sec CPU:  20.5%
mdfil_info:  70.0%   76 sec CPU:  19.5%
mdfil_info:  80.0%   85 sec CPU:  19.6%
mdfil_info:  90.0%   99 sec CPU:  19.1%
mdfil_info: 100.0%  116 sec CPU:  18.0%
mdfil_info: 100.0%  116 sec CPU:  18.0%
20588
AMSCommonsI-I-HardwareIdentifiedAs Linux 3.10.0-957.10.1.el7.x86_64 x86_64 2
AMSCommonsI-I-Identified as LittleEndian 64 bit machine. 4294967295
AMSCommonsI-I-amsdatabase /cvmfs/ams.cern.ch/Offline/AMSDataDir/DataBase/
AMSCommonsI-I-MipsFromCPUInfo: 2194.92
AMSCommonsI-I-SystemIdentified as  Intel(R) Xeon(R) CPU E5-2630 v4 @ 2.20GHz
AMSCommonsI-I-ComputerEvaluatedAsMips 3511
AMS Software version v5.02/1220/12 built Fri Apr 19 23:54:38 2019

Geant4  Version 1033
Run ID: 254 Bartel: 15
Input Destination: /eos/ams/user/s/selu/mdst/He122/mdst_60441794.root
Output Destination: /afs/cern.ch/work/c/ctuysuz/private/he_flux/LSF/result_mc_time/time_15/he_flux_15_254.root
Add hist00 from /eos/ams/user/s/selu/mdst/He122/mdst_60441794.root
Start of Init
Use new binning
Start of Eventloop
Ntr, Nent= 1 439120
IsMC= 1
Parameter[0] = -2.64949
Parameter[1] = -3.02393
Parameter[2] = -3.59344
Parameter[3] = -5.52782
Parameter[4] = 0.200514
Parameter[5] = -2.29505
mdfil_info:  10.0%    3 sec CPU:  70.3%
mdfil_info:  20.0%    6 sec CPU:  77.3%
mdfil_info:  30.0%    8 sec CPU:  79.8%
mdfil_info:  40.0%   11 sec CPU:  80.2%
mdfil_info:  50.0%   13 sec CPU:  80.8%
mdfil_info:  60.0%   16 sec CPU:  81.1%
mdfil_info:  70.0%   18 sec CPU:  81.2%
mdfil_info:  80.0%   21 sec CPU:  81.5%
mdfil_info:  90.0%   23 sec CPU:  82.0%
mdfil_info: 100.0%   25 sec CPU:  82.4%
35303
AMSCommonsI-I-HardwareIdentifiedAs Linux 3.10.0-957.10.1.el7.x86_64 x86_64 2
AMSCommonsI-I-Identified as LittleEndian 64 bit machine. 4294967295
AMSCommonsI-I-amsdatabase /cvmfs/ams.cern.ch/Offline/AMSDataDir/DataBase/
AMSCommonsI-I-MipsFromCPUInfo: 2194.92
AMSCommonsI-I-SystemIdentified as  Intel(R) Xeon(R) CPU E5-2630 v4 @ 2.20GHz
AMSCommonsI-I-ComputerEvaluatedAsMips 3511
AMS Software version v5.02/1220/12 built Fri Apr 19 23:54:38 2019

Geant4  Version 1033
Run ID: 435 Bartel: 69
Input Destination: /eos/ams/user/s/selu/mdst/He122/mdst_60442323.root
Output Destination: /afs/cern.ch/work/c/ctuysuz/private/he_flux/LSF/result_mc_time/time_69/he_flux_69_435.root
Add hist00 from /eos/ams/user/s/selu/mdst/He122/mdst_60442323.root
Start of Init
Use new binning
Start of Eventloop
Ntr, Nent= 1 392392
IsMC= 1
Parameter[0] = -2.5456
Parameter[1] = -2.98028
Parameter[2] = -3.58897
Parameter[3] = -5.48942
Parameter[4] = 0.110577
Parameter[5] = -2.14012
mdfil_info:  10.0%    2 sec CPU:  78.6%
mdfil_info:  20.0%    4 sec CPU:  82.0%
mdfil_info:  30.0%    6 sec CPU:  83.9%
mdfil_info:  40.0%    8 sec CPU:  84.9%
mdfil_info:  50.0%   10 sec CPU:  85.2%
mdfil_info:  60.0%   12 sec CPU:  85.7%
mdfil_info:  70.0%   14 sec CPU:  86.0%
mdfil_info:  80.0%   16 sec CPU:  85.8%
mdfil_info:  90.0%   18 sec CPU:  86.0%
mdfil_info: 100.0%   20 sec CPU:  86.2%
mdfil_info: 100.0%   20 sec CPU:  86.2%
