WARN: the 'eosmount' alias is deprecated, please use /eos directly
License ports: 28518@lxlicen01.cern.ch,28518@lxlicen02.cern.ch,28518@lxlicen03.cern.ch:/cvmfs/projects.cern.ch/intelsw/psxe/linux/licenses
Intel(R) Parallel Studio XE 2018 Update 2 for Linux*
Copyright (C) 2009-2018 Intel Corporation. All rights reserved.
12230
AMSCommonsI-I-HardwareIdentifiedAs Linux 3.10.0-957.12.1.el7.x86_64 x86_64 2
AMSCommonsI-I-Identified as LittleEndian 64 bit machine. 4294967295
AMSCommonsI-I-amsdatabase /cvmfs/ams.cern.ch/Offline/AMSDataDir/DataBase/
AMSCommonsI-I-MipsFromCPUInfo: 2194.92
AMSCommonsI-I-SystemIdentified as  Intel(R) Xeon(R) CPU E5-2630 v4 @ 2.20GHz
AMSCommonsI-I-ComputerEvaluatedAsMips 3511
AMS Software version v5.02/1220/12 built Fri Apr 19 23:54:38 2019

Geant4  Version 1033
Run ID: 150 Bartel: 81
Input Destination: /eos/ams/user/s/selu/mdst/He122/mdst_60441690.root
Output Destination: /afs/cern.ch/work/c/ctuysuz/private/he_flux/LSF/result_mc_time/time_81/he_flux_81_150.root
Add hist00 from /eos/ams/user/s/selu/mdst/He122/mdst_60441690.root
Start of Init
Use new binning
Start of Eventloop
Ntr, Nent= 1 438717
IsMC= 1
Parameter[0] = -2.48037
Parameter[1] = -2.95644
Parameter[2] = -3.57046
Parameter[3] = -5.46876
Parameter[4] = -0.0472079
Parameter[5] = -1.99045
mdfil_info:  10.0%   16 sec CPU:  11.0%
mdfil_info:  20.0%   22 sec CPU:  16.1%
mdfil_info:  30.0%   26 sec CPU:  19.3%
mdfil_info:  40.0%   31 sec CPU:  21.2%
mdfil_info:  50.0%   37 sec CPU:  22.6%
mdfil_info:  60.0%   46 sec CPU:  21.4%
mdfil_info:  70.0%   51 sec CPU:  22.3%
mdfil_info:  80.0%   56 sec CPU:  23.3%
mdfil_info:  90.0%   62 sec CPU:  23.8%
mdfil_info: 100.0%   66 sec CPU:  24.4%
mdfil_info: 100.0%   66 sec CPU:  24.4%
26945
AMSCommonsI-I-HardwareIdentifiedAs Linux 3.10.0-957.12.1.el7.x86_64 x86_64 2
AMSCommonsI-I-Identified as LittleEndian 64 bit machine. 4294967295
AMSCommonsI-I-amsdatabase /cvmfs/ams.cern.ch/Offline/AMSDataDir/DataBase/
AMSCommonsI-I-MipsFromCPUInfo: 2194.92
AMSCommonsI-I-SystemIdentified as  Intel(R) Xeon(R) CPU E5-2630 v4 @ 2.20GHz
AMSCommonsI-I-ComputerEvaluatedAsMips 3511
AMS Software version v5.02/1220/12 built Fri Apr 19 23:54:38 2019

Geant4  Version 1033
Run ID: 332 Bartel: 54
Input Destination: /eos/ams/user/s/selu/mdst/He122/mdst_60441872.root
Output Destination: /afs/cern.ch/work/c/ctuysuz/private/he_flux/LSF/result_mc_time/time_54/he_flux_54_332.root
Add hist00 from /eos/ams/user/s/selu/mdst/He122/mdst_60441872.root
Start of Init
Use new binning
Start of Eventloop
Ntr, Nent= 1 436384
IsMC= 1
Parameter[0] = -2.78801
Parameter[1] = -3.07185
Parameter[2] = -3.62903
Parameter[3] = -5.57585
Parameter[4] = 0.451953
Parameter[5] = -2.58019
mdfil_info:  10.0%    2 sec CPU:  80.4%
mdfil_info:  20.0%    4 sec CPU:  86.6%
mdfil_info:  30.0%    5 sec CPU:  88.9%
mdfil_info:  40.0%    7 sec CPU:  90.1%
mdfil_info:  50.0%    9 sec CPU:  90.5%
mdfil_info:  60.0%   10 sec CPU:  90.8%
mdfil_info:  70.0%   12 sec CPU:  91.6%
mdfil_info:  80.0%   14 sec CPU:  91.7%
mdfil_info:  90.0%   15 sec CPU:  92.0%
mdfil_info: 100.0%   17 sec CPU:  92.1%
mdfil_info: 100.0%   17 sec CPU:  92.1%
41660
AMSCommonsI-I-HardwareIdentifiedAs Linux 3.10.0-957.12.1.el7.x86_64 x86_64 2
AMSCommonsI-I-Identified as LittleEndian 64 bit machine. 4294967295
AMSCommonsI-I-amsdatabase /cvmfs/ams.cern.ch/Offline/AMSDataDir/DataBase/
AMSCommonsI-I-MipsFromCPUInfo: 2194.92
AMSCommonsI-I-SystemIdentified as  Intel(R) Xeon(R) CPU E5-2630 v4 @ 2.20GHz
AMSCommonsI-I-ComputerEvaluatedAsMips 3511
AMS Software version v5.02/1220/12 built Fri Apr 19 23:54:38 2019

Geant4  Version 1033
Run ID: 514 Bartel: 27
Input Destination: /eos/ams/user/s/selu/mdst/He314/mdst_120929915.root
Output Destination: /afs/cern.ch/work/c/ctuysuz/private/he_flux/LSF/result_mc_time/time_27/he_flux_27_514.root
Add hist00 from /eos/ams/user/s/selu/mdst/He314/mdst_120929915.root
Start of Init
Use new binning
Start of Eventloop
Ntr, Nent= 1 96519
IsMC= 1
Parameter[0] = -2.70724
Parameter[1] = -3.04642
Parameter[2] = -3.62117
Parameter[3] = -5.56267
Parameter[4] = 0.257638
Parameter[5] = -2.47221
mdfil_info:  10.0%    1 sec CPU:  35.8%
mdfil_info:  20.0%    2 sec CPU:  43.5%
mdfil_info:  30.0%    2 sec CPU:  48.9%
mdfil_info:  40.0%    6 sec CPU:  25.6%
mdfil_info:  50.0%    8 sec CPU:  25.1%
mdfil_info:  60.0%    9 sec CPU:  25.3%
mdfil_info:  70.0%   11 sec CPU:  23.2%
mdfil_info:  80.0%   12 sec CPU:  24.8%
mdfil_info:  90.0%   12 sec CPU:  26.9%
mdfil_info: 100.0%   13 sec CPU:  28.6%
mdfil_info: 100.0%   13 sec CPU:  28.6%
