WARN: the 'eosmount' alias is deprecated, please use /eos directly
License ports: 28518@lxlicen01.cern.ch,28518@lxlicen02.cern.ch,28518@lxlicen03.cern.ch:/cvmfs/projects.cern.ch/intelsw/psxe/linux/licenses
Intel(R) Parallel Studio XE 2018 Update 2 for Linux*
Copyright (C) 2009-2018 Intel Corporation. All rights reserved.
11985
AMSCommonsI-I-HardwareIdentifiedAs Linux 3.10.0-957.10.1.el7.x86_64 x86_64 2
AMSCommonsI-I-Identified as LittleEndian 64 bit machine. 4294967295
AMSCommonsI-I-amsdatabase /cvmfs/ams.cern.ch/Offline/AMSDataDir/DataBase/
AMSCommonsI-I-MipsFromCPUInfo: 2194.92
AMSCommonsI-I-SystemIdentified as  Intel(R) Xeon(R) CPU E5-2630 v4 @ 2.20GHz
AMSCommonsI-I-ComputerEvaluatedAsMips 3511
AMS Software version v5.02/1220/12 built Fri Apr 19 23:54:38 2019

Geant4  Version 1033
Run ID: 147 Bartel: 79
Input Destination: /eos/ams/user/s/selu/mdst/He122/mdst_60441687.root
Output Destination: /afs/cern.ch/work/c/ctuysuz/private/he_flux/LSF/result_mc_time/time_79/he_flux_79_147.root
Add hist00 from /eos/ams/user/s/selu/mdst/He122/mdst_60441687.root
Start of Init
Use new binning
Start of Eventloop
Ntr, Nent= 1 438104
IsMC= 1
Parameter[0] = -2.39896
Parameter[1] = -2.88073
Parameter[2] = -3.50275
Parameter[3] = -5.43121
Parameter[4] = -0.0783246
Parameter[5] = -2.2346
mdfil_info:  10.0%   19 sec CPU:  11.6%
mdfil_info:  20.0%   25 sec CPU:  17.2%
mdfil_info:  30.0%   33 sec CPU:  19.0%
mdfil_info:  40.0%   41 sec CPU:  20.0%
mdfil_info:  50.0%   50 sec CPU:  20.8%
mdfil_info:  60.0%   59 sec CPU:  21.2%
mdfil_info:  70.0%   68 sec CPU:  21.3%
mdfil_info:  80.0%   76 sec CPU:  21.7%
mdfil_info:  90.0%   83 sec CPU:  22.4%
mdfil_info: 100.0%   90 sec CPU:  22.8%
mdfil_info: 100.0%   90 sec CPU:  22.8%
26700
AMSCommonsI-I-HardwareIdentifiedAs Linux 3.10.0-957.10.1.el7.x86_64 x86_64 2
AMSCommonsI-I-Identified as LittleEndian 64 bit machine. 4294967295
AMSCommonsI-I-amsdatabase /cvmfs/ams.cern.ch/Offline/AMSDataDir/DataBase/
AMSCommonsI-I-MipsFromCPUInfo: 2194.92
AMSCommonsI-I-SystemIdentified as  Intel(R) Xeon(R) CPU E5-2630 v4 @ 2.20GHz
AMSCommonsI-I-ComputerEvaluatedAsMips 3511
AMS Software version v5.02/1220/12 built Fri Apr 19 23:54:38 2019

Geant4  Version 1033
Run ID: 329 Bartel: 52
Input Destination: /eos/ams/user/s/selu/mdst/He122/mdst_60441869.root
Output Destination: /afs/cern.ch/work/c/ctuysuz/private/he_flux/LSF/result_mc_time/time_52/he_flux_52_329.root
Add hist00 from /eos/ams/user/s/selu/mdst/He122/mdst_60441869.root
Start of Init
Use new binning
Start of Eventloop
Ntr, Nent= 1 437275
IsMC= 1
Parameter[0] = -2.76482
Parameter[1] = -3.07402
Parameter[2] = -3.6335
Parameter[3] = -5.56178
Parameter[4] = 0.322865
Parameter[5] = -2.42167
mdfil_info:  10.0%   14 sec CPU:  16.3%
mdfil_info:  20.0%   21 sec CPU:  20.4%
mdfil_info:  30.0%   29 sec CPU:  22.1%
mdfil_info:  40.0%   36 sec CPU:  23.6%
mdfil_info:  50.0%   43 sec CPU:  24.6%
mdfil_info:  60.0%   49 sec CPU:  25.6%
mdfil_info:  70.0%   56 sec CPU:  26.1%
mdfil_info:  80.0%   65 sec CPU:  26.0%
mdfil_info:  90.0%   72 sec CPU:  26.0%
mdfil_info: 100.0%   79 sec CPU:  26.2%
mdfil_info: 100.0%   79 sec CPU:  26.2%
41415
AMSCommonsI-I-HardwareIdentifiedAs Linux 3.10.0-957.10.1.el7.x86_64 x86_64 2
AMSCommonsI-I-Identified as LittleEndian 64 bit machine. 4294967295
AMSCommonsI-I-amsdatabase /cvmfs/ams.cern.ch/Offline/AMSDataDir/DataBase/
AMSCommonsI-I-MipsFromCPUInfo: 2194.92
AMSCommonsI-I-SystemIdentified as  Intel(R) Xeon(R) CPU E5-2630 v4 @ 2.20GHz
AMSCommonsI-I-ComputerEvaluatedAsMips 3511
AMS Software version v5.02/1220/12 built Fri Apr 19 23:54:38 2019

Geant4  Version 1033
Run ID: 511 Bartel: 25
Input Destination: /eos/ams/user/s/selu/mdst/He314/mdst_120929912.root
Output Destination: /afs/cern.ch/work/c/ctuysuz/private/he_flux/LSF/result_mc_time/time_25/he_flux_25_511.root
Add hist00 from /eos/ams/user/s/selu/mdst/He314/mdst_120929912.root
Start of Init
Use new binning
Start of Eventloop
Ntr, Nent= 1 98291
IsMC= 1
Parameter[0] = -2.67598
Parameter[1] = -3.03462
Parameter[2] = -3.60443
Parameter[3] = -5.53205
Parameter[4] = 0.247616
Parameter[5] = -2.27738
mdfil_info:  10.0%    1 sec CPU:  76.2%
mdfil_info:  20.0%    1 sec CPU:  75.6%
mdfil_info:  30.0%    2 sec CPU:  76.1%
mdfil_info:  40.0%    3 sec CPU:  77.0%
mdfil_info:  50.0%    3 sec CPU:  78.8%
mdfil_info:  60.0%    3 sec CPU:  80.1%
mdfil_info:  70.0%    4 sec CPU:  81.1%
mdfil_info:  80.0%    4 sec CPU:  81.9%
mdfil_info:  90.0%    5 sec CPU:  82.5%
mdfil_info: 100.0%    5 sec CPU:  83.1%
mdfil_info: 100.0%    5 sec CPU:  83.1%
