WARN: the 'eosmount' alias is deprecated, please use /eos directly
License ports: 28518@lxlicen01.cern.ch,28518@lxlicen02.cern.ch,28518@lxlicen03.cern.ch:/cvmfs/projects.cern.ch/intelsw/psxe/linux/licenses
Intel(R) Parallel Studio XE 2018 Update 2 for Linux*
Copyright (C) 2009-2018 Intel Corporation. All rights reserved.
5309
AMSCommonsI-I-HardwareIdentifiedAs Linux 3.10.0-957.10.1.el7.x86_64 x86_64 2
AMSCommonsI-I-Identified as LittleEndian 64 bit machine. 4294967295
AMSCommonsI-I-amsdatabase /cvmfs/ams.cern.ch/Offline/AMSDataDir/DataBase/
AMSCommonsI-I-MipsFromCPUInfo: 2194.92
AMSCommonsI-I-SystemIdentified as  Intel(R) Xeon(R) CPU E5-2630 v4 @ 2.20GHz
AMSCommonsI-I-ComputerEvaluatedAsMips 3511
AMS Software version v5.02/1220/12 built Fri Apr 19 23:54:38 2019

Geant4  Version 1033
Run ID: 65 Bartel: 45
Input Destination: /eos/ams/user/s/selu/mdst/He122/mdst_60441604.root
Output Destination: /afs/cern.ch/work/c/ctuysuz/private/he_flux/LSF/result_mc_time/time_45/he_flux_45_65.root
Add hist00 from /eos/ams/user/s/selu/mdst/He122/mdst_60441604.root
Start of Init
Use new binning
Start of Eventloop
Ntr, Nent= 1 440934
IsMC= 1
Parameter[0] = -2.72237
Parameter[1] = -3.03584
Parameter[2] = -3.61262
Parameter[3] = -5.57823
Parameter[4] = 0.342515
Parameter[5] = -2.5989
mdfil_info:  10.0%   19 sec CPU:  10.9%
mdfil_info:  20.0%   25 sec CPU:  15.7%
mdfil_info:  30.0%   31 sec CPU:  18.4%
mdfil_info:  40.0%   37 sec CPU:  20.5%
mdfil_info:  50.0%   43 sec CPU:  21.7%
mdfil_info:  60.0%   50 sec CPU:  22.4%
mdfil_info:  70.0%   58 sec CPU:  22.5%
mdfil_info:  80.0%   66 sec CPU:  22.6%
mdfil_info:  90.0%   75 sec CPU:  22.8%
mdfil_info: 100.0%   82 sec CPU:  23.0%
mdfil_info: 100.0%   82 sec CPU:  23.0%
20024
AMSCommonsI-I-HardwareIdentifiedAs Linux 3.10.0-957.10.1.el7.x86_64 x86_64 2
AMSCommonsI-I-Identified as LittleEndian 64 bit machine. 4294967295
AMSCommonsI-I-amsdatabase /cvmfs/ams.cern.ch/Offline/AMSDataDir/DataBase/
AMSCommonsI-I-MipsFromCPUInfo: 2194.92
AMSCommonsI-I-SystemIdentified as  Intel(R) Xeon(R) CPU E5-2630 v4 @ 2.20GHz
AMSCommonsI-I-ComputerEvaluatedAsMips 3511
AMS Software version v5.02/1220/12 built Fri Apr 19 23:54:38 2019

Geant4  Version 1033
Run ID: 247 Bartel: 18
Input Destination: /eos/ams/user/s/selu/mdst/He122/mdst_60441787.root
Output Destination: /afs/cern.ch/work/c/ctuysuz/private/he_flux/LSF/result_mc_time/time_18/he_flux_18_247.root
Add hist00 from /eos/ams/user/s/selu/mdst/He122/mdst_60441787.root
Start of Init
Use new binning
Start of Eventloop
Ntr, Nent= 1 443356
IsMC= 1
Parameter[0] = -2.73216
Parameter[1] = -3.05371
Parameter[2] = -3.61222
Parameter[3] = -5.57201
Parameter[4] = 0.25419
Parameter[5] = -2.54834
mdfil_info:  10.0%    3 sec CPU:  69.4%
mdfil_info:  20.0%    8 sec CPU:  49.3%
mdfil_info:  30.0%   12 sec CPU:  46.8%
mdfil_info:  40.0%   16 sec CPU:  48.2%
mdfil_info:  50.0%   19 sec CPU:  50.2%
mdfil_info:  60.0%   22 sec CPU:  52.5%
mdfil_info:  70.0%   25 sec CPU:  53.8%
mdfil_info:  80.0%   28 sec CPU:  53.2%
mdfil_info:  90.0%   33 sec CPU:  52.1%
mdfil_info: 100.0%   42 sec CPU:  45.2%
mdfil_info: 100.0%   42 sec CPU:  45.2%
34739
AMSCommonsI-I-HardwareIdentifiedAs Linux 3.10.0-957.10.1.el7.x86_64 x86_64 2
AMSCommonsI-I-Identified as LittleEndian 64 bit machine. 4294967295
AMSCommonsI-I-amsdatabase /cvmfs/ams.cern.ch/Offline/AMSDataDir/DataBase/
AMSCommonsI-I-MipsFromCPUInfo: 2194.92
AMSCommonsI-I-SystemIdentified as  Intel(R) Xeon(R) CPU E5-2630 v4 @ 2.20GHz
AMSCommonsI-I-ComputerEvaluatedAsMips 3511
AMS Software version v5.02/1220/12 built Fri Apr 19 23:54:38 2019

Geant4  Version 1033
Run ID: 428 Bartel: 72
Input Destination: /eos/ams/user/s/selu/mdst/He122/mdst_60442316.root
Output Destination: /afs/cern.ch/work/c/ctuysuz/private/he_flux/LSF/result_mc_time/time_72/he_flux_72_428.root
Add hist00 from /eos/ams/user/s/selu/mdst/He122/mdst_60442316.root
Start of Init
Use new binning
Start of Eventloop
Ntr, Nent= 1 430481
IsMC= 1
Parameter[0] = -2.52985
Parameter[1] = -2.97442
Parameter[2] = -3.57417
Parameter[3] = -5.4923
Parameter[4] = 0.0500631
Parameter[5] = -2.16099
mdfil_info:  10.0%    2 sec CPU:  99.9%
mdfil_info:  20.0%    3 sec CPU: 100.0%
mdfil_info:  30.0%    5 sec CPU:  99.9%
mdfil_info:  40.0%    6 sec CPU: 100.0%
mdfil_info:  50.0%    8 sec CPU: 100.0%
mdfil_info:  60.0%   10 sec CPU: 100.0%
mdfil_info:  70.0%   11 sec CPU:  99.9%
mdfil_info:  80.0%   13 sec CPU: 100.0%
mdfil_info:  90.0%   14 sec CPU:  99.9%
mdfil_info: 100.0%   16 sec CPU: 100.0%
mdfil_info: 100.0%   16 sec CPU: 100.0%
