WARN: the 'eosmount' alias is deprecated, please use /eos directly
License ports: 28518@lxlicen01.cern.ch,28518@lxlicen02.cern.ch,28518@lxlicen03.cern.ch:/cvmfs/projects.cern.ch/intelsw/psxe/linux/licenses
Intel(R) Parallel Studio XE 2018 Update 2 for Linux*
Copyright (C) 2009-2018 Intel Corporation. All rights reserved.
7061
AMSCommonsI-I-HardwareIdentifiedAs Linux 3.10.0-957.10.1.el7.x86_64 x86_64 2
AMSCommonsI-I-Identified as LittleEndian 64 bit machine. 4294967295
AMSCommonsI-I-amsdatabase /cvmfs/ams.cern.ch/Offline/AMSDataDir/DataBase/
AMSCommonsI-I-MipsFromCPUInfo: 2194.92
AMSCommonsI-I-SystemIdentified as  Intel(R) Xeon(R) CPU E5-2630 v4 @ 2.20GHz
AMSCommonsI-I-ComputerEvaluatedAsMips 3511
AMS Software version v5.02/1220/12 built Fri Apr 19 23:54:38 2019

Geant4  Version 1033
Run ID: 87 Bartel: 15
Input Destination: /eos/ams/user/s/selu/mdst/He122/mdst_60441627.root
Output Destination: /afs/cern.ch/work/c/ctuysuz/private/he_flux/LSF/result_mc_time/time_15/he_flux_15_87.root
Add hist00 from /eos/ams/user/s/selu/mdst/He122/mdst_60441627.root
Start of Init
Use new binning
Start of Eventloop
Ntr, Nent= 1 438409
IsMC= 1
Parameter[0] = -2.64949
Parameter[1] = -3.02393
Parameter[2] = -3.59344
Parameter[3] = -5.52782
Parameter[4] = 0.200514
Parameter[5] = -2.29505
mdfil_info:  10.0%   19 sec CPU:  12.5%
mdfil_info:  20.0%   27 sec CPU:  16.9%
mdfil_info:  30.0%   34 sec CPU:  19.6%
mdfil_info:  40.0%   41 sec CPU:  21.1%
mdfil_info:  50.0%   49 sec CPU:  22.1%
mdfil_info:  60.0%   57 sec CPU:  22.9%
mdfil_info:  70.0%   64 sec CPU:  23.5%
mdfil_info:  80.0%   71 sec CPU:  24.1%
mdfil_info:  90.0%   79 sec CPU:  24.6%
mdfil_info: 100.0%   86 sec CPU:  25.1%
mdfil_info: 100.0%   86 sec CPU:  25.1%
21776
AMSCommonsI-I-HardwareIdentifiedAs Linux 3.10.0-957.10.1.el7.x86_64 x86_64 2
AMSCommonsI-I-Identified as LittleEndian 64 bit machine. 4294967295
AMSCommonsI-I-amsdatabase /cvmfs/ams.cern.ch/Offline/AMSDataDir/DataBase/
AMSCommonsI-I-MipsFromCPUInfo: 2194.92
AMSCommonsI-I-SystemIdentified as  Intel(R) Xeon(R) CPU E5-2630 v4 @ 2.20GHz
AMSCommonsI-I-ComputerEvaluatedAsMips 3511
AMS Software version v5.02/1220/12 built Fri Apr 19 23:54:38 2019

Geant4  Version 1033
Run ID: 268 Bartel: 69
Input Destination: /eos/ams/user/s/selu/mdst/He122/mdst_60441808.root
Output Destination: /afs/cern.ch/work/c/ctuysuz/private/he_flux/LSF/result_mc_time/time_69/he_flux_69_268.root
Add hist00 from /eos/ams/user/s/selu/mdst/He122/mdst_60441808.root
Start of Init
Use new binning
Start of Eventloop
Ntr, Nent= 1 423249
IsMC= 1
Parameter[0] = -2.5456
Parameter[1] = -2.98028
Parameter[2] = -3.58897
Parameter[3] = -5.48942
Parameter[4] = 0.110577
Parameter[5] = -2.14012
mdfil_info:  10.0%   18 sec CPU:  12.0%
mdfil_info:  20.0%   24 sec CPU:  17.0%
mdfil_info:  30.0%   31 sec CPU:  19.9%
mdfil_info:  40.0%   38 sec CPU:  20.9%
mdfil_info:  50.0%   45 sec CPU:  22.4%
mdfil_info:  60.0%   52 sec CPU:  23.1%
mdfil_info:  70.0%   59 sec CPU:  24.1%
mdfil_info:  80.0%   66 sec CPU:  24.3%
mdfil_info:  90.0%   73 sec CPU:  24.8%
mdfil_info: 100.0%   79 sec CPU:  25.2%
mdfil_info: 100.0%   79 sec CPU:  25.2%
36491
AMSCommonsI-I-HardwareIdentifiedAs Linux 3.10.0-957.10.1.el7.x86_64 x86_64 2
AMSCommonsI-I-Identified as LittleEndian 64 bit machine. 4294967295
AMSCommonsI-I-amsdatabase /cvmfs/ams.cern.ch/Offline/AMSDataDir/DataBase/
AMSCommonsI-I-MipsFromCPUInfo: 2194.92
AMSCommonsI-I-SystemIdentified as  Intel(R) Xeon(R) CPU E5-2630 v4 @ 2.20GHz
AMSCommonsI-I-ComputerEvaluatedAsMips 3511
AMS Software version v5.02/1220/12 built Fri Apr 19 23:54:38 2019

Geant4  Version 1033
Run ID: 450 Bartel: 42
Input Destination: /eos/ams/user/s/selu/mdst/He314/mdst_120929850.root
Output Destination: /afs/cern.ch/work/c/ctuysuz/private/he_flux/LSF/result_mc_time/time_42/he_flux_42_450.root
Add hist00 from /eos/ams/user/s/selu/mdst/He314/mdst_120929850.root
Start of Init
Use new binning
Start of Eventloop
Ntr, Nent= 1 122620
IsMC= 1
Parameter[0] = -2.78027
Parameter[1] = -3.06778
Parameter[2] = -3.62449
Parameter[3] = -5.58149
Parameter[4] = 0.44175
Parameter[5] = -2.56338
mdfil_info:  10.0%    7 sec CPU:  10.1%
mdfil_info:  20.0%   13 sec CPU:  10.1%
mdfil_info:  30.0%   19 sec CPU:  10.8%
mdfil_info:  40.0%   20 sec CPU:  12.8%
mdfil_info:  50.0%   22 sec CPU:  14.5%
mdfil_info:  60.0%   24 sec CPU:  15.6%
mdfil_info:  70.0%   26 sec CPU:  16.6%
mdfil_info:  80.0%   28 sec CPU:  17.5%
mdfil_info:  90.0%   30 sec CPU:  18.5%
mdfil_info: 100.0%   32 sec CPU:  19.0%
