WARN: the 'eosmount' alias is deprecated, please use /eos directly
License ports: 28518@lxlicen01.cern.ch,28518@lxlicen02.cern.ch,28518@lxlicen03.cern.ch:/cvmfs/projects.cern.ch/intelsw/psxe/linux/licenses
Intel(R) Parallel Studio XE 2018 Update 2 for Linux*
Copyright (C) 2009-2018 Intel Corporation. All rights reserved.
12398
AMSCommonsI-I-HardwareIdentifiedAs Linux 3.10.0-957.10.1.el7.x86_64 x86_64 2
AMSCommonsI-I-Identified as LittleEndian 64 bit machine. 4294967295
AMSCommonsI-I-amsdatabase /cvmfs/ams.cern.ch/Offline/AMSDataDir/DataBase/
AMSCommonsI-I-MipsFromCPUInfo: 2194.92
AMSCommonsI-I-SystemIdentified as  Intel(R) Xeon(R) CPU E5-2630 v4 @ 2.20GHz
AMSCommonsI-I-ComputerEvaluatedAsMips 3511
AMS Software version v5.02/1220/12 built Fri Apr 19 23:54:38 2019

Geant4  Version 1033
Run ID: 153 Bartel: 6
Input Destination: /eos/ams/user/s/selu/mdst/He122/mdst_60441693.root
Output Destination: /afs/cern.ch/work/c/ctuysuz/private/he_flux/LSF/result_mc_time/time_6/he_flux_6_153.root
Add hist00 from /eos/ams/user/s/selu/mdst/He122/mdst_60441693.root
Start of Init
Use new binning
Start of Eventloop
Ntr, Nent= 1 436601
IsMC= 1
Parameter[0] = -2.65952
Parameter[1] = -3.04006
Parameter[2] = -3.62379
Parameter[3] = -5.53311
Parameter[4] = 0.0821767
Parameter[5] = -2.36872
mdfil_info:  10.0%   17 sec CPU:  12.6%
mdfil_info:  20.0%   23 sec CPU:  17.7%
mdfil_info:  30.0%   30 sec CPU:  20.2%
mdfil_info:  40.0%   36 sec CPU:  21.9%
mdfil_info:  50.0%   43 sec CPU:  23.0%
mdfil_info:  60.0%   49 sec CPU:  24.1%
mdfil_info:  70.0%   56 sec CPU:  24.9%
mdfil_info:  80.0%   62 sec CPU:  25.7%
mdfil_info:  90.0%   69 sec CPU:  26.2%
mdfil_info: 100.0%   76 sec CPU:  26.5%
mdfil_info: 100.0%   76 sec CPU:  26.5%
27113
AMSCommonsI-I-HardwareIdentifiedAs Linux 3.10.0-957.10.1.el7.x86_64 x86_64 2
AMSCommonsI-I-Identified as LittleEndian 64 bit machine. 4294967295
AMSCommonsI-I-amsdatabase /cvmfs/ams.cern.ch/Offline/AMSDataDir/DataBase/
AMSCommonsI-I-MipsFromCPUInfo: 2194.92
AMSCommonsI-I-SystemIdentified as  Intel(R) Xeon(R) CPU E5-2630 v4 @ 2.20GHz
AMSCommonsI-I-ComputerEvaluatedAsMips 3511
AMS Software version v5.02/1220/12 built Fri Apr 19 23:54:38 2019

Geant4  Version 1033
Run ID: 334 Bartel: 60
Input Destination: /eos/ams/user/s/selu/mdst/He122/mdst_60441874.root
Output Destination: /afs/cern.ch/work/c/ctuysuz/private/he_flux/LSF/result_mc_time/time_60/he_flux_60_334.root
Add hist00 from /eos/ams/user/s/selu/mdst/He122/mdst_60441874.root
Start of Init
Use new binning
Start of Eventloop
Ntr, Nent= 1 435413
IsMC= 1
Parameter[0] = -2.68018
Parameter[1] = -3.02446
Parameter[2] = -3.60716
Parameter[3] = -5.58914
Parameter[4] = 0.411118
Parameter[5] = -2.63403
mdfil_info:  10.0%    3 sec CPU:  73.5%
mdfil_info:  20.0%    5 sec CPU:  80.3%
mdfil_info:  30.0%    7 sec CPU:  82.0%
mdfil_info:  40.0%    9 sec CPU:  83.4%
mdfil_info:  50.0%   11 sec CPU:  83.9%
mdfil_info:  60.0%   13 sec CPU:  84.4%
mdfil_info:  70.0%   16 sec CPU:  85.2%
mdfil_info:  80.0%   18 sec CPU:  85.4%
mdfil_info:  90.0%   20 sec CPU:  85.8%
mdfil_info: 100.0%   22 sec CPU:  85.9%
mdfil_info: 100.0%   22 sec CPU:  85.9%
41828
AMSCommonsI-I-HardwareIdentifiedAs Linux 3.10.0-957.10.1.el7.x86_64 x86_64 2
AMSCommonsI-I-Identified as LittleEndian 64 bit machine. 4294967295
AMSCommonsI-I-amsdatabase /cvmfs/ams.cern.ch/Offline/AMSDataDir/DataBase/
AMSCommonsI-I-MipsFromCPUInfo: 2194.92
AMSCommonsI-I-SystemIdentified as  Intel(R) Xeon(R) CPU E5-2630 v4 @ 2.20GHz
AMSCommonsI-I-ComputerEvaluatedAsMips 3511
AMS Software version v5.02/1220/12 built Fri Apr 19 23:54:38 2019

Geant4  Version 1033
Run ID: 516 Bartel: 33
Input Destination: /eos/ams/user/s/selu/mdst/He314/mdst_120929917.root
Output Destination: /afs/cern.ch/work/c/ctuysuz/private/he_flux/LSF/result_mc_time/time_33/he_flux_33_516.root
Add hist00 from /eos/ams/user/s/selu/mdst/He314/mdst_120929917.root
Start of Init
Use new binning
Start of Eventloop
Ntr, Nent= 1 113517
IsMC= 1
Parameter[0] = -2.77717
Parameter[1] = -3.0473
Parameter[2] = -3.60062
Parameter[3] = -5.54545
Parameter[4] = 0.481599
Parameter[5] = -2.38362
mdfil_info:  10.0%    1 sec CPU:  73.0%
mdfil_info:  20.0%    1 sec CPU:  72.7%
mdfil_info:  30.0%    2 sec CPU:  74.2%
mdfil_info:  40.0%    3 sec CPU:  77.5%
mdfil_info:  50.0%    3 sec CPU:  79.8%
mdfil_info:  60.0%    4 sec CPU:  81.3%
mdfil_info:  70.0%    4 sec CPU:  82.0%
mdfil_info:  80.0%    5 sec CPU:  82.9%
mdfil_info:  90.0%    6 sec CPU:  83.2%
mdfil_info: 100.0%    6 sec CPU:  83.7%
mdfil_info: 100.0%    6 sec CPU:  83.8%
