WARN: the 'eosmount' alias is deprecated, please use /eos directly
License ports: 28518@lxlicen01.cern.ch,28518@lxlicen02.cern.ch,28518@lxlicen03.cern.ch:/cvmfs/projects.cern.ch/intelsw/psxe/linux/licenses
Intel(R) Parallel Studio XE 2018 Update 2 for Linux*
Copyright (C) 2009-2018 Intel Corporation. All rights reserved.
4808
AMSCommonsI-I-HardwareIdentifiedAs Linux 3.10.0-957.10.1.el7.x86_64 x86_64 2
AMSCommonsI-I-Identified as LittleEndian 64 bit machine. 4294967295
AMSCommonsI-I-amsdatabase /cvmfs/ams.cern.ch/Offline/AMSDataDir/DataBase/
AMSCommonsI-I-MipsFromCPUInfo: 2194.92
AMSCommonsI-I-SystemIdentified as  Intel(R) Xeon(R) CPU E5-2630 v4 @ 2.20GHz
AMSCommonsI-I-ComputerEvaluatedAsMips 3511
AMS Software version v5.02/1220/12 built Fri Apr 19 23:54:38 2019

Geant4  Version 1033
Run ID: 59 Bartel: 30
Input Destination: /eos/ams/user/s/selu/mdst/He122/mdst_60441598.root
Output Destination: /afs/cern.ch/work/c/ctuysuz/private/he_flux/LSF/result_mc_time/time_30/he_flux_30_59.root
Add hist00 from /eos/ams/user/s/selu/mdst/He122/mdst_60441598.root
Start of Init
Use new binning
Start of Eventloop
Ntr, Nent= 1 434802
IsMC= 1
Parameter[0] = -2.78302
Parameter[1] = -3.06111
Parameter[2] = -3.62424
Parameter[3] = -5.59535
Parameter[4] = 0.417456
Parameter[5] = -2.69098
mdfil_info:  10.0%    7 sec CPU:  33.4%
mdfil_info:  20.0%   10 sec CPU:  43.8%
mdfil_info:  30.0%   13 sec CPU:  46.7%
mdfil_info:  40.0%   16 sec CPU:  49.8%
mdfil_info:  50.0%   20 sec CPU:  49.7%
mdfil_info:  60.0%   29 sec CPU:  41.8%
mdfil_info:  70.0%   33 sec CPU:  42.2%
mdfil_info:  80.0%   37 sec CPU:  43.3%
mdfil_info:  90.0%   39 sec CPU:  45.5%
mdfil_info: 100.0%   42 sec CPU:  47.0%
mdfil_info: 100.0%   42 sec CPU:  47.0%
19523
AMSCommonsI-I-HardwareIdentifiedAs Linux 3.10.0-957.10.1.el7.x86_64 x86_64 2
AMSCommonsI-I-Identified as LittleEndian 64 bit machine. 4294967295
AMSCommonsI-I-amsdatabase /cvmfs/ams.cern.ch/Offline/AMSDataDir/DataBase/
AMSCommonsI-I-MipsFromCPUInfo: 2194.92
AMSCommonsI-I-SystemIdentified as  Intel(R) Xeon(R) CPU E5-2630 v4 @ 2.20GHz
AMSCommonsI-I-ComputerEvaluatedAsMips 3511
AMS Software version v5.02/1220/12 built Fri Apr 19 23:54:38 2019

Geant4  Version 1033
Run ID: 241 Bartel: 3
Input Destination: /eos/ams/user/s/selu/mdst/He122/mdst_60441781.root
Output Destination: /afs/cern.ch/work/c/ctuysuz/private/he_flux/LSF/result_mc_time/time_3/he_flux_3_241.root
Add hist00 from /eos/ams/user/s/selu/mdst/He122/mdst_60441781.root
Start of Init
Use new binning
Start of Eventloop
Ntr, Nent= 1 433502
IsMC= 1
Parameter[0] = -2.60444
Parameter[1] = -2.96917
Parameter[2] = -3.55869
Parameter[3] = -5.49263
Parameter[4] = 0.194958
Parameter[5] = -2.37354
mdfil_info:  10.0%    3 sec CPU:  63.6%
mdfil_info:  20.0%    6 sec CPU:  72.4%
mdfil_info:  30.0%    8 sec CPU:  75.5%
mdfil_info:  40.0%   10 sec CPU:  77.3%
mdfil_info:  50.0%   13 sec CPU:  75.5%
mdfil_info:  60.0%   16 sec CPU:  73.7%
mdfil_info:  70.0%   18 sec CPU:  74.9%
mdfil_info:  80.0%   21 sec CPU:  75.5%
mdfil_info:  90.0%   23 sec CPU:  76.5%
mdfil_info: 100.0%   25 sec CPU:  77.2%
mdfil_info: 100.0%   25 sec CPU:  77.2%
34238
AMSCommonsI-I-HardwareIdentifiedAs Linux 3.10.0-957.10.1.el7.x86_64 x86_64 2
AMSCommonsI-I-Identified as LittleEndian 64 bit machine. 4294967295
AMSCommonsI-I-amsdatabase /cvmfs/ams.cern.ch/Offline/AMSDataDir/DataBase/
AMSCommonsI-I-MipsFromCPUInfo: 2194.92
AMSCommonsI-I-SystemIdentified as  Intel(R) Xeon(R) CPU E5-2630 v4 @ 2.20GHz
AMSCommonsI-I-ComputerEvaluatedAsMips 3511
AMS Software version v5.02/1220/12 built Fri Apr 19 23:54:38 2019

Geant4  Version 1033
Run ID: 422 Bartel: 57
Input Destination: /eos/ams/user/s/selu/mdst/He122/mdst_60442310.root
Output Destination: /afs/cern.ch/work/c/ctuysuz/private/he_flux/LSF/result_mc_time/time_57/he_flux_57_422.root
Add hist00 from /eos/ams/user/s/selu/mdst/He122/mdst_60442310.root
Start of Init
Use new binning
Start of Eventloop
Ntr, Nent= 1 434732
IsMC= 1
Parameter[0] = -2.70293
Parameter[1] = -3.03976
Parameter[2] = -3.61538
Parameter[3] = -5.54214
Parameter[4] = 0.274724
Parameter[5] = -2.38056
mdfil_info:  10.0%    3 sec CPU:  70.4%
mdfil_info:  20.0%    5 sec CPU:  77.4%
mdfil_info:  30.0%    8 sec CPU:  78.8%
mdfil_info:  40.0%   10 sec CPU:  79.1%
mdfil_info:  50.0%   12 sec CPU:  80.1%
mdfil_info:  60.0%   15 sec CPU:  80.9%
mdfil_info:  70.0%   17 sec CPU:  81.2%
mdfil_info:  80.0%   20 sec CPU:  81.6%
mdfil_info:  90.0%   22 sec CPU:  82.1%
mdfil_info: 100.0%   24 sec CPU:  82.5%
mdfil_info: 100.0%   24 sec CPU:  82.5%
