WARN: the 'eosmount' alias is deprecated, please use /eos directly
License ports: 28518@lxlicen01.cern.ch,28518@lxlicen02.cern.ch,28518@lxlicen03.cern.ch:/cvmfs/projects.cern.ch/intelsw/psxe/linux/licenses
Intel(R) Parallel Studio XE 2018 Update 2 for Linux*
Copyright (C) 2009-2018 Intel Corporation. All rights reserved.
11382
AMSCommonsI-I-HardwareIdentifiedAs Linux 3.10.0-957.12.2.el7.x86_64 x86_64 2
AMSCommonsI-I-Identified as LittleEndian 64 bit machine. 4294967295
AMSCommonsI-I-amsdatabase /cvmfs/ams.cern.ch/Offline/AMSDataDir/DataBase/
AMSCommonsI-I-MipsFromCPUInfo: 2394.45
AMSCommonsI-I-SystemIdentified as  Intel(R) Xeon(R) CPU E5-2630 v3 @ 2.40GHz
AMSCommonsI-I-ComputerEvaluatedAsMips 3831
AMS Software version v5.02/1220/12 built Fri Apr 19 23:54:38 2019

Geant4  Version 1033
Run ID: 140 Bartel: 43
Input Destination: /eos/ams/user/s/selu/mdst/He122/mdst_60441680.root
Output Destination: /afs/cern.ch/work/c/ctuysuz/private/he_flux/LSF/result_mc_time/time_43/he_flux_43_140.root
Add hist00 from /eos/ams/user/s/selu/mdst/He122/mdst_60441680.root
Start of Init
Use new binning
Start of Eventloop
Ntr, Nent= 1 439343
IsMC= 1
Parameter[0] = -2.79775
Parameter[1] = -3.07523
Parameter[2] = -3.62821
Parameter[3] = -5.6114
Parameter[4] = 0.460986
Parameter[5] = -2.73201
mdfil_info:  10.0%   16 sec CPU:  13.0%
mdfil_info:  20.0%   22 sec CPU:  17.9%
mdfil_info:  30.0%   28 sec CPU:  21.3%
mdfil_info:  40.0%   34 sec CPU:  23.5%
mdfil_info:  50.0%   39 sec CPU:  25.5%
mdfil_info:  60.0%   45 sec CPU:  26.7%
mdfil_info:  70.0%   50 sec CPU:  27.7%
mdfil_info:  80.0%   55 sec CPU:  28.4%
mdfil_info:  90.0%   61 sec CPU:  28.8%
mdfil_info: 100.0%   66 sec CPU:  29.4%
mdfil_info: 100.0%   66 sec CPU:  29.4%
26097
AMSCommonsI-I-HardwareIdentifiedAs Linux 3.10.0-957.12.2.el7.x86_64 x86_64 2
AMSCommonsI-I-Identified as LittleEndian 64 bit machine. 4294967295
AMSCommonsI-I-amsdatabase /cvmfs/ams.cern.ch/Offline/AMSDataDir/DataBase/
AMSCommonsI-I-MipsFromCPUInfo: 2394.45
AMSCommonsI-I-SystemIdentified as  Intel(R) Xeon(R) CPU E5-2630 v3 @ 2.40GHz
AMSCommonsI-I-ComputerEvaluatedAsMips 3831
AMS Software version v5.02/1220/12 built Fri Apr 19 23:54:38 2019

Geant4  Version 1033
Run ID: 322 Bartel: 16
Input Destination: /eos/ams/user/s/selu/mdst/He122/mdst_60441862.root
Output Destination: /afs/cern.ch/work/c/ctuysuz/private/he_flux/LSF/result_mc_time/time_16/he_flux_16_322.root
Add hist00 from /eos/ams/user/s/selu/mdst/He122/mdst_60441862.root
Start of Init
Use new binning
Start of Eventloop
Ntr, Nent= 1 438864
IsMC= 1
Parameter[0] = -2.6668
Parameter[1] = -3.03435
Parameter[2] = -3.60385
Parameter[3] = -5.49763
Parameter[4] = 0.211134
Parameter[5] = -2.07053
mdfil_info:  10.0%    2 sec CPU:  99.6%
mdfil_info:  20.0%    3 sec CPU:  99.7%
mdfil_info:  30.0%    5 sec CPU:  99.9%
mdfil_info:  40.0%    6 sec CPU:  99.9%
mdfil_info:  50.0%    8 sec CPU:  99.8%
mdfil_info:  60.0%   10 sec CPU:  99.8%
mdfil_info:  70.0%   11 sec CPU: 100.0%
mdfil_info:  80.0%   13 sec CPU:  99.9%
mdfil_info:  90.0%   15 sec CPU:  99.9%
mdfil_info: 100.0%   16 sec CPU:  99.9%
mdfil_info: 100.0%   16 sec CPU:  99.9%
40812
AMSCommonsI-I-HardwareIdentifiedAs Linux 3.10.0-957.12.2.el7.x86_64 x86_64 2
AMSCommonsI-I-Identified as LittleEndian 64 bit machine. 4294967295
AMSCommonsI-I-amsdatabase /cvmfs/ams.cern.ch/Offline/AMSDataDir/DataBase/
AMSCommonsI-I-MipsFromCPUInfo: 2394.45
AMSCommonsI-I-SystemIdentified as  Intel(R) Xeon(R) CPU E5-2630 v3 @ 2.40GHz
AMSCommonsI-I-ComputerEvaluatedAsMips 3831
AMS Software version v5.02/1220/12 built Fri Apr 19 23:54:38 2019

Geant4  Version 1033
Run ID: 503 Bartel: 70
Input Destination: /eos/ams/user/s/selu/mdst/He314/mdst_120929904.root
Output Destination: /afs/cern.ch/work/c/ctuysuz/private/he_flux/LSF/result_mc_time/time_70/he_flux_70_503.root
Add hist00 from /eos/ams/user/s/selu/mdst/He314/mdst_120929904.root
Start of Init
Use new binning
Start of Eventloop
Ntr, Nent= 1 110086
IsMC= 1
Parameter[0] = -2.55238
Parameter[1] = -2.98162
Parameter[2] = -3.58419
Parameter[3] = -5.43685
Parameter[4] = 0.00689862
Parameter[5] = -1.78447
mdfil_info:  10.0%    1 sec CPU:  67.6%
mdfil_info:  20.0%    1 sec CPU:  70.0%
mdfil_info:  30.0%    2 sec CPU:  73.2%
mdfil_info:  40.0%    3 sec CPU:  76.3%
mdfil_info:  50.0%    3 sec CPU:  78.5%
mdfil_info:  60.0%    4 sec CPU:  79.9%
mdfil_info:  70.0%    4 sec CPU:  80.9%
mdfil_info:  80.0%    5 sec CPU:  81.8%
mdfil_info:  90.0%    5 sec CPU:  82.7%
mdfil_info: 100.0%    6 sec CPU:  83.6%
mdfil_info: 100.0%    6 sec CPU:  83.6%
