WARN: the 'eosmount' alias is deprecated, please use /eos directly
License ports: 28518@lxlicen01.cern.ch,28518@lxlicen02.cern.ch,28518@lxlicen03.cern.ch:/cvmfs/projects.cern.ch/intelsw/psxe/linux/licenses
Intel(R) Parallel Studio XE 2018 Update 2 for Linux*
Copyright (C) 2009-2018 Intel Corporation. All rights reserved.
2558
AMSCommonsI-I-HardwareIdentifiedAs Linux 3.10.0-957.12.1.el7.x86_64 x86_64 2
AMSCommonsI-I-Identified as LittleEndian 64 bit machine. 4294967295
AMSCommonsI-I-amsdatabase /cvmfs/ams.cern.ch/Offline/AMSDataDir/DataBase/
AMSCommonsI-I-MipsFromCPUInfo: 2195.1
AMSCommonsI-I-SystemIdentified as  Intel(R) Xeon(R) CPU E5-2630 v4 @ 2.20GHz
AMSCommonsI-I-ComputerEvaluatedAsMips 3512
AMS Software version v5.02/1220/12 built Fri Apr 19 23:54:38 2019

Geant4  Version 1033
Run ID: 31 Bartel: 48
17273
AMSCommonsI-I-HardwareIdentifiedAs Linux 3.10.0-957.12.1.el7.x86_64 x86_64 2
AMSCommonsI-I-Identified as LittleEndian 64 bit machine. 4294967295
AMSCommonsI-I-amsdatabase /cvmfs/ams.cern.ch/Offline/AMSDataDir/DataBase/
AMSCommonsI-I-MipsFromCPUInfo: 2195.1
AMSCommonsI-I-SystemIdentified as  Intel(R) Xeon(R) CPU E5-2630 v4 @ 2.20GHz
AMSCommonsI-I-ComputerEvaluatedAsMips 3512
AMS Software version v5.02/1220/12 built Fri Apr 19 23:54:38 2019

Geant4  Version 1033
Run ID: 213 Bartel: 21
Input Destination: /eos/ams/user/s/selu/mdst/He122/mdst_60441753.root
Output Destination: /afs/cern.ch/work/c/ctuysuz/private/he_flux/LSF/result_mc_time/time_21/he_flux_21_213.root
Add hist00 from /eos/ams/user/s/selu/mdst/He122/mdst_60441753.root
Start of Init
Use new binning
Start of Eventloop
Ntr, Nent= 1 436750
IsMC= 1
Parameter[0] = -2.71679
Parameter[1] = -3.04446
Parameter[2] = -3.60361
Parameter[3] = -5.54759
Parameter[4] = 0.211822
Parameter[5] = -2.44359
mdfil_info:  10.0%    2 sec CPU:  75.3%
mdfil_info:  20.0%    4 sec CPU:  80.8%
mdfil_info:  30.0%    6 sec CPU:  84.1%
mdfil_info:  40.0%    8 sec CPU:  84.6%
mdfil_info:  50.0%   10 sec CPU:  83.1%
mdfil_info:  60.0%   12 sec CPU:  82.3%
mdfil_info:  70.0%   14 sec CPU:  81.1%
mdfil_info:  80.0%   17 sec CPU:  80.1%
mdfil_info:  90.0%   19 sec CPU:  80.2%
mdfil_info: 100.0%   21 sec CPU:  81.2%
31988
AMSCommonsI-I-HardwareIdentifiedAs Linux 3.10.0-957.12.1.el7.x86_64 x86_64 2
AMSCommonsI-I-Identified as LittleEndian 64 bit machine. 4294967295
AMSCommonsI-I-amsdatabase /cvmfs/ams.cern.ch/Offline/AMSDataDir/DataBase/
AMSCommonsI-I-MipsFromCPUInfo: 2195.1
AMSCommonsI-I-SystemIdentified as  Intel(R) Xeon(R) CPU E5-2630 v4 @ 2.20GHz
AMSCommonsI-I-ComputerEvaluatedAsMips 3512
AMS Software version v5.02/1220/12 built Fri Apr 19 23:54:38 2019

Geant4  Version 1033
Run ID: 394 Bartel: 75
Input Destination: /eos/ams/user/s/selu/mdst/He122/mdst_60442282.root
Output Destination: /afs/cern.ch/work/c/ctuysuz/private/he_flux/LSF/result_mc_time/time_75/he_flux_75_394.root
Add hist00 from /eos/ams/user/s/selu/mdst/He122/mdst_60442282.root
Start of Init
Use new binning
Start of Eventloop
Ntr, Nent= 1 437378
IsMC= 1
Parameter[0] = -2.49754
Parameter[1] = -2.96284
Parameter[2] = -3.58257
Parameter[3] = -5.52327
Parameter[4] = -0.0264443
Parameter[5] = -2.34842
mdfil_info:  10.0%    3 sec CPU:  66.7%
mdfil_info:  20.0%    5 sec CPU:  69.4%
mdfil_info:  30.0%    7 sec CPU:  71.9%
mdfil_info:  40.0%    9 sec CPU:  73.5%
mdfil_info:  50.0%   11 sec CPU:  75.9%
mdfil_info:  60.0%   14 sec CPU:  77.8%
mdfil_info:  70.0%   15 sec CPU:  78.8%
mdfil_info:  80.0%   18 sec CPU:  79.4%
mdfil_info:  90.0%   20 sec CPU:  80.0%
mdfil_info: 100.0%   22 sec CPU:  80.4%
mdfil_info: 100.0%   22 sec CPU:  80.4%
