WARN: the 'eosmount' alias is deprecated, please use /eos directly
License ports: 28518@lxlicen01.cern.ch,28518@lxlicen02.cern.ch,28518@lxlicen03.cern.ch:/cvmfs/projects.cern.ch/intelsw/psxe/linux/licenses
Intel(R) Parallel Studio XE 2018 Update 2 for Linux*
Copyright (C) 2009-2018 Intel Corporation. All rights reserved.
12558
AMSCommonsI-I-HardwareIdentifiedAs Linux 3.10.0-957.10.1.el7.x86_64 x86_64 2
AMSCommonsI-I-Identified as LittleEndian 64 bit machine. 4294967295
AMSCommonsI-I-amsdatabase /cvmfs/ams.cern.ch/Offline/AMSDataDir/DataBase/
AMSCommonsI-I-MipsFromCPUInfo: 2194.92
AMSCommonsI-I-SystemIdentified as  Intel(R) Xeon(R) CPU E5-2630 v4 @ 2.20GHz
AMSCommonsI-I-ComputerEvaluatedAsMips 3511
AMS Software version v5.02/1220/12 built Fri Apr 19 23:54:38 2019

Geant4  Version 1033
Run ID: 155 Bartel: 4
Input Destination: /eos/ams/user/s/selu/mdst/He122/mdst_60441695.root
Output Destination: /afs/cern.ch/work/c/ctuysuz/private/he_flux/LSF/result_mc_time/time_4/he_flux_4_155.root
Add hist00 from /eos/ams/user/s/selu/mdst/He122/mdst_60441695.root
Start of Init
Use new binning
Start of Eventloop
Ntr, Nent= 1 436002
IsMC= 1
Parameter[0] = -2.61269
Parameter[1] = -3.01592
Parameter[2] = -3.59533
Parameter[3] = -5.49712
Parameter[4] = 0.0687066
Parameter[5] = -2.23552
mdfil_info:  10.0%    2 sec CPU:  74.4%
mdfil_info:  20.0%    4 sec CPU:  80.1%
mdfil_info:  30.0%    6 sec CPU:  82.4%
mdfil_info:  40.0%    8 sec CPU:  83.7%
mdfil_info:  50.0%   10 sec CPU:  84.6%
mdfil_info:  60.0%   12 sec CPU:  85.2%
mdfil_info:  70.0%   13 sec CPU:  85.7%
mdfil_info:  80.0%   15 sec CPU:  85.4%
mdfil_info:  90.0%   17 sec CPU:  85.6%
mdfil_info: 100.0%   20 sec CPU:  82.7%
mdfil_info: 100.0%   20 sec CPU:  82.7%
27273
AMSCommonsI-I-HardwareIdentifiedAs Linux 3.10.0-957.10.1.el7.x86_64 x86_64 2
AMSCommonsI-I-Identified as LittleEndian 64 bit machine. 4294967295
AMSCommonsI-I-amsdatabase /cvmfs/ams.cern.ch/Offline/AMSDataDir/DataBase/
AMSCommonsI-I-MipsFromCPUInfo: 2194.92
AMSCommonsI-I-SystemIdentified as  Intel(R) Xeon(R) CPU E5-2630 v4 @ 2.20GHz
AMSCommonsI-I-ComputerEvaluatedAsMips 3511
AMS Software version v5.02/1220/12 built Fri Apr 19 23:54:38 2019

Geant4  Version 1033
Run ID: 336 Bartel: 58
Input Destination: /eos/ams/user/s/selu/mdst/He122/mdst_60441876.root
Output Destination: /afs/cern.ch/work/c/ctuysuz/private/he_flux/LSF/result_mc_time/time_58/he_flux_58_336.root
Add hist00 from /eos/ams/user/s/selu/mdst/He122/mdst_60441876.root
Start of Init
Use new binning
Start of Eventloop
Ntr, Nent= 1 432476
IsMC= 1
Parameter[0] = -2.68687
Parameter[1] = -3.02567
Parameter[2] = -3.60778
Parameter[3] = -5.55295
Parameter[4] = 0.272681
Parameter[5] = -2.49381
mdfil_info:  10.0%    2 sec CPU:  72.9%
mdfil_info:  20.0%    4 sec CPU:  79.0%
mdfil_info:  30.0%    6 sec CPU:  81.4%
mdfil_info:  40.0%    8 sec CPU:  82.7%
mdfil_info:  50.0%   10 sec CPU:  83.5%
mdfil_info:  60.0%   12 sec CPU:  83.2%
mdfil_info:  70.0%   14 sec CPU:  83.5%
mdfil_info:  80.0%   16 sec CPU:  84.0%
mdfil_info:  90.0%   17 sec CPU:  84.2%
mdfil_info: 100.0%   19 sec CPU:  84.5%
mdfil_info: 100.0%   19 sec CPU:  84.5%
41988
AMSCommonsI-I-HardwareIdentifiedAs Linux 3.10.0-957.10.1.el7.x86_64 x86_64 2
AMSCommonsI-I-Identified as LittleEndian 64 bit machine. 4294967295
AMSCommonsI-I-amsdatabase /cvmfs/ams.cern.ch/Offline/AMSDataDir/DataBase/
AMSCommonsI-I-MipsFromCPUInfo: 2194.92
AMSCommonsI-I-SystemIdentified as  Intel(R) Xeon(R) CPU E5-2630 v4 @ 2.20GHz
AMSCommonsI-I-ComputerEvaluatedAsMips 3511
AMS Software version v5.02/1220/12 built Fri Apr 19 23:54:38 2019

Geant4  Version 1033
Run ID: 518 Bartel: 31
Input Destination: /eos/ams/user/s/selu/mdst/He314/mdst_120929919.root
Output Destination: /afs/cern.ch/work/c/ctuysuz/private/he_flux/LSF/result_mc_time/time_31/he_flux_31_518.root
Add hist00 from /eos/ams/user/s/selu/mdst/He314/mdst_120929919.root
Start of Init
Use new binning
Start of Eventloop
Ntr, Nent= 1 108602
IsMC= 1
Parameter[0] = -2.78388
Parameter[1] = -3.06558
Parameter[2] = -3.62012
Parameter[3] = -5.56152
Parameter[4] = 0.319855
Parameter[5] = -2.41575
mdfil_info:  10.0%    5 sec CPU:  10.1%
mdfil_info:  20.0%   10 sec CPU:  10.6%
mdfil_info:  30.0%   15 sec CPU:  10.4%
mdfil_info:  40.0%   18 sec CPU:  11.7%
mdfil_info:  50.0%   20 sec CPU:  13.0%
mdfil_info:  60.0%   21 sec CPU:  14.0%
mdfil_info:  70.0%   23 sec CPU:  14.9%
mdfil_info:  80.0%   24 sec CPU:  15.8%
mdfil_info:  90.0%   26 sec CPU:  16.6%
mdfil_info: 100.0%   27 sec CPU:  17.4%
mdfil_info: 100.0%   27 sec CPU:  17.4%
