WARN: the 'eosmount' alias is deprecated, please use /eos directly
License ports: 28518@lxlicen01.cern.ch,28518@lxlicen02.cern.ch,28518@lxlicen03.cern.ch:/cvmfs/projects.cern.ch/intelsw/psxe/linux/licenses
Intel(R) Parallel Studio XE 2018 Update 2 for Linux*
Copyright (C) 2009-2018 Intel Corporation. All rights reserved.
11096
AMSCommonsI-I-HardwareIdentifiedAs Linux 3.10.0-957.10.1.el7.x86_64 x86_64 2
AMSCommonsI-I-Identified as LittleEndian 64 bit machine. 4294967295
AMSCommonsI-I-amsdatabase /cvmfs/ams.cern.ch/Offline/AMSDataDir/DataBase/
AMSCommonsI-I-MipsFromCPUInfo: 2194.92
AMSCommonsI-I-SystemIdentified as  Intel(R) Xeon(R) CPU E5-2630 v4 @ 2.20GHz
AMSCommonsI-I-ComputerEvaluatedAsMips 3511
AMS Software version v5.02/1220/12 built Fri Apr 19 23:54:38 2019

Geant4  Version 1033
Run ID: 136 Bartel: 81
Input Destination: /eos/ams/user/s/selu/mdst/He122/mdst_60441676.root
Output Destination: /afs/cern.ch/work/c/ctuysuz/private/he_flux/LSF/result_mc_time/time_81/he_flux_81_136.root
Add hist00 from /eos/ams/user/s/selu/mdst/He122/mdst_60441676.root
Start of Init
Use new binning
Start of Eventloop
Ntr, Nent= 1 437444
IsMC= 1
Parameter[0] = -2.48037
Parameter[1] = -2.95644
Parameter[2] = -3.57046
Parameter[3] = -5.46876
Parameter[4] = -0.0472079
Parameter[5] = -1.99045
mdfil_info:  10.0%   19 sec CPU:  11.8%
mdfil_info:  20.0%   26 sec CPU:  16.1%
mdfil_info:  30.0%   33 sec CPU:  18.9%
mdfil_info:  40.0%   40 sec CPU:  20.6%
mdfil_info:  50.0%   47 sec CPU:  21.7%
mdfil_info:  60.0%   54 sec CPU:  22.7%
mdfil_info:  70.0%   61 sec CPU:  23.5%
mdfil_info:  80.0%   67 sec CPU:  24.4%
mdfil_info:  90.0%   73 sec CPU:  25.0%
mdfil_info: 100.0%   80 sec CPU:  25.4%
mdfil_info: 100.0%   80 sec CPU:  25.4%
25811
AMSCommonsI-I-HardwareIdentifiedAs Linux 3.10.0-957.10.1.el7.x86_64 x86_64 2
AMSCommonsI-I-Identified as LittleEndian 64 bit machine. 4294967295
AMSCommonsI-I-amsdatabase /cvmfs/ams.cern.ch/Offline/AMSDataDir/DataBase/
AMSCommonsI-I-MipsFromCPUInfo: 2194.92
AMSCommonsI-I-SystemIdentified as  Intel(R) Xeon(R) CPU E5-2630 v4 @ 2.20GHz
AMSCommonsI-I-ComputerEvaluatedAsMips 3511
AMS Software version v5.02/1220/12 built Fri Apr 19 23:54:38 2019

Geant4  Version 1033
Run ID: 318 Bartel: 54
Input Destination: /eos/ams/user/s/selu/mdst/He122/mdst_60441858.root
Output Destination: /afs/cern.ch/work/c/ctuysuz/private/he_flux/LSF/result_mc_time/time_54/he_flux_54_318.root
Add hist00 from /eos/ams/user/s/selu/mdst/He122/mdst_60441858.root
Start of Init
Use new binning
Start of Eventloop
Ntr, Nent= 1 440976
IsMC= 1
Parameter[0] = -2.78801
Parameter[1] = -3.07185
Parameter[2] = -3.62903
Parameter[3] = -5.57585
Parameter[4] = 0.451953
Parameter[5] = -2.58019
mdfil_info:  10.0%   17 sec CPU:  13.1%
mdfil_info:  20.0%   24 sec CPU:  17.7%
mdfil_info:  30.0%   31 sec CPU:  20.2%
mdfil_info:  40.0%   37 sec CPU:  22.2%
mdfil_info:  50.0%   44 sec CPU:  23.6%
mdfil_info:  60.0%   50 sec CPU:  24.8%
mdfil_info:  70.0%   57 sec CPU:  25.3%
mdfil_info:  80.0%   63 sec CPU:  26.0%
mdfil_info:  90.0%   71 sec CPU:  26.3%
mdfil_info: 100.0%   77 sec CPU:  26.4%
mdfil_info: 100.0%   77 sec CPU:  26.4%
40526
AMSCommonsI-I-HardwareIdentifiedAs Linux 3.10.0-957.10.1.el7.x86_64 x86_64 2
AMSCommonsI-I-Identified as LittleEndian 64 bit machine. 4294967295
AMSCommonsI-I-amsdatabase /cvmfs/ams.cern.ch/Offline/AMSDataDir/DataBase/
AMSCommonsI-I-MipsFromCPUInfo: 2194.92
AMSCommonsI-I-SystemIdentified as  Intel(R) Xeon(R) CPU E5-2630 v4 @ 2.20GHz
AMSCommonsI-I-ComputerEvaluatedAsMips 3511
AMS Software version v5.02/1220/12 built Fri Apr 19 23:54:38 2019

Geant4  Version 1033
Run ID: 500 Bartel: 27
Input Destination: /eos/ams/user/s/selu/mdst/He314/mdst_120929901.root
Output Destination: /afs/cern.ch/work/c/ctuysuz/private/he_flux/LSF/result_mc_time/time_27/he_flux_27_500.root
Add hist00 from /eos/ams/user/s/selu/mdst/He314/mdst_120929901.root
Start of Init
Use new binning
Start of Eventloop
Ntr, Nent= 1 109804
IsMC= 1
Parameter[0] = -2.70724
Parameter[1] = -3.04642
Parameter[2] = -3.62117
Parameter[3] = -5.56267
Parameter[4] = 0.257638
Parameter[5] = -2.47221
mdfil_info:  10.0%    1 sec CPU:  69.2%
mdfil_info:  20.0%    1 sec CPU:  70.8%
mdfil_info:  30.0%    2 sec CPU:  71.6%
mdfil_info:  40.0%    3 sec CPU:  74.3%
mdfil_info:  50.0%    3 sec CPU:  76.6%
mdfil_info:  60.0%    4 sec CPU:  78.4%
mdfil_info:  70.0%    4 sec CPU:  79.5%
mdfil_info:  80.0%    5 sec CPU:  80.8%
mdfil_info:  90.0%    5 sec CPU:  81.5%
mdfil_info: 100.0%    6 sec CPU:  82.2%
mdfil_info: 100.0%    6 sec CPU:  82.2%
