WARN: the 'eosmount' alias is deprecated, please use /eos directly
License ports: 28518@lxlicen01.cern.ch,28518@lxlicen02.cern.ch,28518@lxlicen03.cern.ch:/cvmfs/projects.cern.ch/intelsw/psxe/linux/licenses
Intel(R) Parallel Studio XE 2018 Update 2 for Linux*
Copyright (C) 2009-2018 Intel Corporation. All rights reserved.
4434
AMSCommonsI-I-HardwareIdentifiedAs Linux 3.10.0-957.10.1.el7.x86_64 x86_64 2
AMSCommonsI-I-Identified as LittleEndian 64 bit machine. 4294967295
AMSCommonsI-I-amsdatabase /cvmfs/ams.cern.ch/Offline/AMSDataDir/DataBase/
AMSCommonsI-I-MipsFromCPUInfo: 2194.92
AMSCommonsI-I-SystemIdentified as  Intel(R) Xeon(R) CPU E5-2630 v4 @ 2.20GHz
AMSCommonsI-I-ComputerEvaluatedAsMips 3511
AMS Software version v5.02/1220/12 built Fri Apr 19 23:54:38 2019

Geant4  Version 1033
Run ID: 54 Bartel: 61
Input Destination: /eos/ams/user/s/selu/mdst/He122/mdst_60441593.root
Output Destination: /afs/cern.ch/work/c/ctuysuz/private/he_flux/LSF/result_mc_time/time_61/he_flux_61_54.root
Add hist00 from /eos/ams/user/s/selu/mdst/He122/mdst_60441593.root
Start of Init
Use new binning
Start of Eventloop
Ntr, Nent= 1 441388
IsMC= 1
Parameter[0] = -2.66257
Parameter[1] = -3.02879
Parameter[2] = -3.60772
Parameter[3] = -5.54397
Parameter[4] = 0.208408
Parameter[5] = -2.47782
mdfil_info:  10.0%    3 sec CPU:  60.6%
mdfil_info:  20.0%   20 sec CPU:  19.9%
mdfil_info:  30.0%   25 sec CPU:  23.8%
mdfil_info:  40.0%   28 sec CPU:  28.8%
mdfil_info:  50.0%   32 sec CPU:  31.6%
mdfil_info:  60.0%   38 sec CPU:  32.5%
mdfil_info:  70.0%   45 sec CPU:  31.7%
mdfil_info:  80.0%   50 sec CPU:  32.5%
mdfil_info:  90.0%   55 sec CPU:  33.2%
mdfil_info: 100.0%   58 sec CPU:  34.9%
mdfil_info: 100.0%   58 sec CPU:  34.9%
19149
AMSCommonsI-I-HardwareIdentifiedAs Linux 3.10.0-957.10.1.el7.x86_64 x86_64 2
AMSCommonsI-I-Identified as LittleEndian 64 bit machine. 4294967295
AMSCommonsI-I-amsdatabase /cvmfs/ams.cern.ch/Offline/AMSDataDir/DataBase/
AMSCommonsI-I-MipsFromCPUInfo: 2194.92
AMSCommonsI-I-SystemIdentified as  Intel(R) Xeon(R) CPU E5-2630 v4 @ 2.20GHz
AMSCommonsI-I-ComputerEvaluatedAsMips 3511
AMS Software version v5.02/1220/12 built Fri Apr 19 23:54:38 2019

Geant4  Version 1033
Run ID: 236 Bartel: 34
Input Destination: /eos/ams/user/s/selu/mdst/He122/mdst_60441776.root
Output Destination: /afs/cern.ch/work/c/ctuysuz/private/he_flux/LSF/result_mc_time/time_34/he_flux_34_236.root
Add hist00 from /eos/ams/user/s/selu/mdst/He122/mdst_60441776.root
Start of Init
Use new binning
Start of Eventloop
Ntr, Nent= 1 439756
IsMC= 1
Parameter[0] = -2.72052
Parameter[1] = -2.99045
Parameter[2] = -3.54577
Parameter[3] = -5.51973
Parameter[4] = 0.499199
Parameter[5] = -2.55339
mdfil_info:  10.0%    3 sec CPU:  68.8%
mdfil_info:  20.0%    6 sec CPU:  75.0%
mdfil_info:  30.0%    8 sec CPU:  77.9%
mdfil_info:  40.0%   11 sec CPU:  79.3%
mdfil_info:  50.0%   13 sec CPU:  80.2%
mdfil_info:  60.0%   16 sec CPU:  80.5%
mdfil_info:  70.0%   18 sec CPU:  81.0%
mdfil_info:  80.0%   21 sec CPU:  81.5%
mdfil_info:  90.0%   23 sec CPU:  82.1%
mdfil_info: 100.0%   25 sec CPU:  82.5%
mdfil_info: 100.0%   25 sec CPU:  82.5%
33864
AMSCommonsI-I-HardwareIdentifiedAs Linux 3.10.0-957.10.1.el7.x86_64 x86_64 2
AMSCommonsI-I-Identified as LittleEndian 64 bit machine. 4294967295
AMSCommonsI-I-amsdatabase /cvmfs/ams.cern.ch/Offline/AMSDataDir/DataBase/
AMSCommonsI-I-MipsFromCPUInfo: 2194.92
AMSCommonsI-I-SystemIdentified as  Intel(R) Xeon(R) CPU E5-2630 v4 @ 2.20GHz
AMSCommonsI-I-ComputerEvaluatedAsMips 3511
AMS Software version v5.02/1220/12 built Fri Apr 19 23:54:38 2019

Geant4  Version 1033
Run ID: 418 Bartel: 7
Input Destination: /eos/ams/user/s/selu/mdst/He122/mdst_60442306.root
Output Destination: /afs/cern.ch/work/c/ctuysuz/private/he_flux/LSF/result_mc_time/time_7/he_flux_7_418.root
Add hist00 from /eos/ams/user/s/selu/mdst/He122/mdst_60442306.root
Start of Init
Use new binning
Start of Eventloop
Ntr, Nent= 1 435867
IsMC= 1
Parameter[0] = -2.6167
Parameter[1] = -3.01884
Parameter[2] = -3.60527
Parameter[3] = -5.52044
Parameter[4] = 0.00890243
Parameter[5] = -2.31265
mdfil_info:  10.0%   21 sec CPU:  10.9%
mdfil_info:  20.0%   29 sec CPU:  15.3%
mdfil_info:  30.0%   37 sec CPU:  17.8%
mdfil_info:  40.0%   45 sec CPU:  19.4%
mdfil_info:  50.0%   52 sec CPU:  20.8%
mdfil_info:  60.0%   60 sec CPU:  21.8%
mdfil_info:  70.0%   67 sec CPU:  22.6%
mdfil_info:  80.0%   75 sec CPU:  23.1%
mdfil_info:  90.0%   82 sec CPU:  23.7%
mdfil_info: 100.0%   90 sec CPU:  24.1%
mdfil_info: 100.0%   90 sec CPU:  24.1%
