WARN: the 'eosmount' alias is deprecated, please use /eos directly
License ports: 28518@lxlicen01.cern.ch,28518@lxlicen02.cern.ch,28518@lxlicen03.cern.ch:/cvmfs/projects.cern.ch/intelsw/psxe/linux/licenses
Intel(R) Parallel Studio XE 2018 Update 2 for Linux*
Copyright (C) 2009-2018 Intel Corporation. All rights reserved.
1788
AMSCommonsI-I-HardwareIdentifiedAs Linux 3.10.0-957.10.1.el7.x86_64 x86_64 2
AMSCommonsI-I-Identified as LittleEndian 64 bit machine. 4294967295
AMSCommonsI-I-amsdatabase /cvmfs/ams.cern.ch/Offline/AMSDataDir/DataBase/
AMSCommonsI-I-MipsFromCPUInfo: 2194.92
AMSCommonsI-I-SystemIdentified as  Intel(R) Xeon(R) CPU E5-2630 v4 @ 2.20GHz
AMSCommonsI-I-ComputerEvaluatedAsMips 3511
AMS Software version v5.02/1220/12 built Fri Apr 19 23:54:38 2019

Geant4  Version 1033
Run ID: 22 Bartel: 7
Input Destination: /eos/ams/user/s/selu/mdst/He122/mdst_60441561.root
Output Destination: /afs/cern.ch/work/c/ctuysuz/private/he_flux/LSF/result_mc_time/time_7/he_flux_7_22.root
Add hist00 from /eos/ams/user/s/selu/mdst/He122/mdst_60441561.root
Start of Init
Use new binning
Start of Eventloop
Ntr, Nent= 1 441654
IsMC= 1
Parameter[0] = -2.6167
Parameter[1] = -3.01884
Parameter[2] = -3.60527
Parameter[3] = -5.52044
Parameter[4] = 0.00890243
Parameter[5] = -2.31265
mdfil_info:  10.0%   20 sec CPU:  11.8%
mdfil_info:  20.0%   28 sec CPU:  16.5%
mdfil_info:  30.0%   35 sec CPU:  19.6%
mdfil_info:  40.0%   42 sec CPU:  21.2%
mdfil_info:  50.0%   46 sec CPU:  23.8%
mdfil_info:  60.0%   49 sec CPU:  26.3%
mdfil_info:  70.0%   52 sec CPU:  28.7%
mdfil_info:  80.0%   54 sec CPU:  31.4%
mdfil_info:  90.0%   60 sec CPU:  32.0%
mdfil_info: 100.0%   65 sec CPU:  32.8%
mdfil_info: 100.0%   65 sec CPU:  32.8%
16503
AMSCommonsI-I-HardwareIdentifiedAs Linux 3.10.0-957.10.1.el7.x86_64 x86_64 2
AMSCommonsI-I-Identified as LittleEndian 64 bit machine. 4294967295
AMSCommonsI-I-amsdatabase /cvmfs/ams.cern.ch/Offline/AMSDataDir/DataBase/
AMSCommonsI-I-MipsFromCPUInfo: 2194.92
AMSCommonsI-I-SystemIdentified as  Intel(R) Xeon(R) CPU E5-2630 v4 @ 2.20GHz
AMSCommonsI-I-ComputerEvaluatedAsMips 3511
AMS Software version v5.02/1220/12 built Fri Apr 19 23:54:38 2019

Geant4  Version 1033
Run ID: 203 Bartel: 61
Input Destination: /eos/ams/user/s/selu/mdst/He122/mdst_60441743.root
Output Destination: /afs/cern.ch/work/c/ctuysuz/private/he_flux/LSF/result_mc_time/time_61/he_flux_61_203.root
Add hist00 from /eos/ams/user/s/selu/mdst/He122/mdst_60441743.root
Start of Init
Use new binning
Start of Eventloop
Ntr, Nent= 1 439409
IsMC= 1
Parameter[0] = -2.66257
Parameter[1] = -3.02879
Parameter[2] = -3.60772
Parameter[3] = -5.54397
Parameter[4] = 0.208408
Parameter[5] = -2.47782
mdfil_info:  10.0%    3 sec CPU:  75.2%
mdfil_info:  20.0%    5 sec CPU:  80.9%
mdfil_info:  30.0%    7 sec CPU:  83.7%
mdfil_info:  40.0%    9 sec CPU:  84.7%
mdfil_info:  50.0%   11 sec CPU:  85.5%
mdfil_info:  60.0%   14 sec CPU:  86.2%
mdfil_info:  70.0%   16 sec CPU:  86.5%
mdfil_info:  80.0%   18 sec CPU:  86.8%
mdfil_info:  90.0%   20 sec CPU:  87.0%
mdfil_info: 100.0%   22 sec CPU:  87.3%
mdfil_info: 100.0%   22 sec CPU:  87.3%
31218
AMSCommonsI-I-HardwareIdentifiedAs Linux 3.10.0-957.10.1.el7.x86_64 x86_64 2
AMSCommonsI-I-Identified as LittleEndian 64 bit machine. 4294967295
AMSCommonsI-I-amsdatabase /cvmfs/ams.cern.ch/Offline/AMSDataDir/DataBase/
AMSCommonsI-I-MipsFromCPUInfo: 2194.92
AMSCommonsI-I-SystemIdentified as  Intel(R) Xeon(R) CPU E5-2630 v4 @ 2.20GHz
AMSCommonsI-I-ComputerEvaluatedAsMips 3511
AMS Software version v5.02/1220/12 built Fri Apr 19 23:54:38 2019

Geant4  Version 1033
Run ID: 385 Bartel: 34
Input Destination: /eos/ams/user/s/selu/mdst/He122/mdst_60442273.root
Output Destination: /afs/cern.ch/work/c/ctuysuz/private/he_flux/LSF/result_mc_time/time_34/he_flux_34_385.root
Add hist00 from /eos/ams/user/s/selu/mdst/He122/mdst_60442273.root
Start of Init
Use new binning
Start of Eventloop
Ntr, Nent= 1 437351
IsMC= 1
Parameter[0] = -2.72052
Parameter[1] = -2.99045
Parameter[2] = -3.54577
Parameter[3] = -5.51973
Parameter[4] = 0.499199
Parameter[5] = -2.55339
mdfil_info:  10.0%    3 sec CPU:  72.6%
mdfil_info:  20.0%    5 sec CPU:  79.2%
mdfil_info:  30.0%    8 sec CPU:  81.5%
mdfil_info:  40.0%   10 sec CPU:  82.7%
mdfil_info:  50.0%   12 sec CPU:  83.2%
mdfil_info:  60.0%   15 sec CPU:  83.4%
mdfil_info:  70.0%   17 sec CPU:  83.7%
mdfil_info:  80.0%   19 sec CPU:  84.1%
mdfil_info:  90.0%   22 sec CPU:  84.2%
mdfil_info: 100.0%   24 sec CPU:  84.6%
mdfil_info: 100.0%   24 sec CPU:  84.6%
