WARN: the 'eosmount' alias is deprecated, please use /eos directly
License ports: 28518@lxlicen01.cern.ch,28518@lxlicen02.cern.ch,28518@lxlicen03.cern.ch:/cvmfs/projects.cern.ch/intelsw/psxe/linux/licenses
Intel(R) Parallel Studio XE 2018 Update 2 for Linux*
Copyright (C) 2009-2018 Intel Corporation. All rights reserved.
526
AMSCommonsI-I-HardwareIdentifiedAs Linux 3.10.0-957.10.1.el7.x86_64 x86_64 2
AMSCommonsI-I-Identified as LittleEndian 64 bit machine. 4294967295
AMSCommonsI-I-amsdatabase /cvmfs/ams.cern.ch/Offline/AMSDataDir/DataBase/
AMSCommonsI-I-MipsFromCPUInfo: 2194.92
AMSCommonsI-I-SystemIdentified as  Intel(R) Xeon(R) CPU E5-2630 v4 @ 2.20GHz
AMSCommonsI-I-ComputerEvaluatedAsMips 3511
AMS Software version v5.02/1220/12 built Fri Apr 19 23:54:38 2019

Geant4  Version 1033
Run ID: 6 Bartel: 41
Input Destination: /eos/ams/user/s/selu/mdst/He122/mdst_60441545.root
Output Destination: /afs/cern.ch/work/c/ctuysuz/private/he_flux/LSF/result_mc_time/time_41/he_flux_41_6.root
Add hist00 from /eos/ams/user/s/selu/mdst/He122/mdst_60441545.root
Start of Init
Use new binning
Start of Eventloop
Ntr, Nent= 1 438733
IsMC= 1
Parameter[0] = -2.77453
Parameter[1] = -3.05397
Parameter[2] = -3.61054
Parameter[3] = -5.55839
Parameter[4] = 0.485122
Parameter[5] = -2.44204
mdfil_info:  10.0%   20 sec CPU:  11.3%
mdfil_info:  20.0%   26 sec CPU:  16.0%
mdfil_info:  30.0%   33 sec CPU:  18.8%
mdfil_info:  40.0%   42 sec CPU:  19.9%
mdfil_info:  50.0%   48 sec CPU:  21.3%
mdfil_info:  60.0%   54 sec CPU:  22.7%
mdfil_info:  70.0%   62 sec CPU:  23.0%
mdfil_info:  80.0%   70 sec CPU:  23.4%
mdfil_info:  90.0%   77 sec CPU:  24.1%
mdfil_info: 100.0%   84 sec CPU:  24.6%
mdfil_info: 100.0%   84 sec CPU:  24.6%
15241
AMSCommonsI-I-HardwareIdentifiedAs Linux 3.10.0-957.10.1.el7.x86_64 x86_64 2
AMSCommonsI-I-Identified as LittleEndian 64 bit machine. 4294967295
AMSCommonsI-I-amsdatabase /cvmfs/ams.cern.ch/Offline/AMSDataDir/DataBase/
AMSCommonsI-I-MipsFromCPUInfo: 2194.92
AMSCommonsI-I-SystemIdentified as  Intel(R) Xeon(R) CPU E5-2630 v4 @ 2.20GHz
AMSCommonsI-I-ComputerEvaluatedAsMips 3511
AMS Software version v5.02/1220/12 built Fri Apr 19 23:54:38 2019

Geant4  Version 1033
Run ID: 188 Bartel: 14
Input Destination: /eos/ams/user/s/selu/mdst/He122/mdst_60441728.root
Output Destination: /afs/cern.ch/work/c/ctuysuz/private/he_flux/LSF/result_mc_time/time_14/he_flux_14_188.root
Add hist00 from /eos/ams/user/s/selu/mdst/He122/mdst_60441728.root
Start of Init
Use new binning
Start of Eventloop
Ntr, Nent= 1 443356
IsMC= 1
Parameter[0] = -2.62922
Parameter[1] = -3.00854
Parameter[2] = -3.59134
Parameter[3] = -5.49431
Parameter[4] = 0.150366
Parameter[5] = -2.1251
mdfil_info:  10.0%   21 sec CPU:  10.4%
mdfil_info:  20.0%   30 sec CPU:  14.4%
mdfil_info:  30.0%   37 sec CPU:  16.9%
mdfil_info:  40.0%   46 sec CPU:  18.1%
mdfil_info:  50.0%   55 sec CPU:  18.9%
mdfil_info:  60.0%   64 sec CPU:  19.5%
mdfil_info:  70.0%   72 sec CPU:  20.2%
mdfil_info:  80.0%   82 sec CPU:  20.4%
mdfil_info:  90.0%   91 sec CPU:  20.4%
mdfil_info: 100.0%  100 sec CPU:  20.6%
mdfil_info: 100.0%  100 sec CPU:  20.6%
29956
AMSCommonsI-I-HardwareIdentifiedAs Linux 3.10.0-957.10.1.el7.x86_64 x86_64 2
AMSCommonsI-I-Identified as LittleEndian 64 bit machine. 4294967295
AMSCommonsI-I-amsdatabase /cvmfs/ams.cern.ch/Offline/AMSDataDir/DataBase/
AMSCommonsI-I-MipsFromCPUInfo: 2194.92
AMSCommonsI-I-SystemIdentified as  Intel(R) Xeon(R) CPU E5-2630 v4 @ 2.20GHz
AMSCommonsI-I-ComputerEvaluatedAsMips 3511
AMS Software version v5.02/1220/12 built Fri Apr 19 23:54:38 2019

Geant4  Version 1033
Run ID: 369 Bartel: 68
Input Destination: /eos/ams/user/s/selu/mdst/He122/mdst_60442257.root
Output Destination: /afs/cern.ch/work/c/ctuysuz/private/he_flux/LSF/result_mc_time/time_68/he_flux_68_369.root
Add hist00 from /eos/ams/user/s/selu/mdst/He122/mdst_60442257.root
Start of Init
Use new binning
Start of Eventloop
Ntr, Nent= 1 438074
IsMC= 1
Parameter[0] = -2.5639
Parameter[1] = -2.98035
Parameter[2] = -3.58993
Parameter[3] = -5.51419
Parameter[4] = 0.0804353
Parameter[5] = -2.39662
mdfil_info:  10.0%    3 sec CPU:  69.3%
mdfil_info:  20.0%    5 sec CPU:  75.9%
mdfil_info:  30.0%    8 sec CPU:  78.3%
mdfil_info:  40.0%   10 sec CPU:  79.9%
mdfil_info:  50.0%   12 sec CPU:  80.0%
mdfil_info:  60.0%   15 sec CPU:  80.4%
mdfil_info:  70.0%   17 sec CPU:  81.2%
mdfil_info:  80.0%   19 sec CPU:  81.7%
mdfil_info:  90.0%   22 sec CPU:  81.8%
mdfil_info: 100.0%   24 sec CPU:  82.0%
mdfil_info: 100.0%   24 sec CPU:  82.0%
