WARN: the 'eosmount' alias is deprecated, please use /eos directly
License ports: 28518@lxlicen01.cern.ch,28518@lxlicen02.cern.ch,28518@lxlicen03.cern.ch:/cvmfs/projects.cern.ch/intelsw/psxe/linux/licenses
Intel(R) Parallel Studio XE 2018 Update 2 for Linux*
Copyright (C) 2009-2018 Intel Corporation. All rights reserved.
13173
AMSCommonsI-I-HardwareIdentifiedAs Linux 3.10.0-957.12.1.el7.x86_64 x86_64 2
AMSCommonsI-I-Identified as LittleEndian 64 bit machine. 4294967295
AMSCommonsI-I-amsdatabase /cvmfs/ams.cern.ch/Offline/AMSDataDir/DataBase/
AMSCommonsI-I-MipsFromCPUInfo: 2194.92
AMSCommonsI-I-SystemIdentified as  Intel(R) Xeon(R) CPU E5-2630 v4 @ 2.20GHz
AMSCommonsI-I-ComputerEvaluatedAsMips 3511
AMS Software version v5.02/1220/12 built Fri Apr 19 23:54:38 2019

Geant4  Version 1033
Run ID: 162 Bartel: 52
Input Destination: /eos/ams/user/s/selu/mdst/He122/mdst_60441702.root
Output Destination: /afs/cern.ch/work/c/ctuysuz/private/he_flux/LSF/result_mc_time/time_52/he_flux_52_162.root
Add hist00 from /eos/ams/user/s/selu/mdst/He122/mdst_60441702.root
Start of Init
Use new binning
Start of Eventloop
Ntr, Nent= 1 444279
IsMC= 1
Parameter[0] = -2.76482
Parameter[1] = -3.07402
Parameter[2] = -3.6335
Parameter[3] = -5.56178
Parameter[4] = 0.322865
Parameter[5] = -2.42167
mdfil_info:  10.0%   19 sec CPU:  12.1%
mdfil_info:  20.0%   25 sec CPU:  16.9%
mdfil_info:  30.0%   32 sec CPU:  20.1%
mdfil_info:  40.0%   37 sec CPU:  21.9%
mdfil_info:  50.0%   43 sec CPU:  23.1%
mdfil_info:  60.0%   49 sec CPU:  24.1%
mdfil_info:  70.0%   55 sec CPU:  24.8%
mdfil_info:  80.0%   63 sec CPU:  24.7%
mdfil_info:  90.0%   75 sec CPU:  23.3%
mdfil_info: 100.0%   83 sec CPU:  23.4%
mdfil_info: 100.0%   83 sec CPU:  23.4%
27888
AMSCommonsI-I-HardwareIdentifiedAs Linux 3.10.0-957.12.1.el7.x86_64 x86_64 2
AMSCommonsI-I-Identified as LittleEndian 64 bit machine. 4294967295
AMSCommonsI-I-amsdatabase /cvmfs/ams.cern.ch/Offline/AMSDataDir/DataBase/
AMSCommonsI-I-MipsFromCPUInfo: 2194.92
AMSCommonsI-I-SystemIdentified as  Intel(R) Xeon(R) CPU E5-2630 v4 @ 2.20GHz
AMSCommonsI-I-ComputerEvaluatedAsMips 3511
AMS Software version v5.02/1220/12 built Fri Apr 19 23:54:38 2019

Geant4  Version 1033
Run ID: 344 Bartel: 25
Input Destination: /eos/ams/user/s/selu/mdst/He122/mdst_60441884.root
Output Destination: /afs/cern.ch/work/c/ctuysuz/private/he_flux/LSF/result_mc_time/time_25/he_flux_25_344.root
Add hist00 from /eos/ams/user/s/selu/mdst/He122/mdst_60441884.root
Start of Init
Use new binning
Start of Eventloop
Ntr, Nent= 1 438365
IsMC= 1
Parameter[0] = -2.67598
Parameter[1] = -3.03462
Parameter[2] = -3.60443
Parameter[3] = -5.53205
Parameter[4] = 0.247616
Parameter[5] = -2.27738
mdfil_info:  10.0%    2 sec CPU:  76.7%
mdfil_info:  20.0%    4 sec CPU:  82.6%
mdfil_info:  30.0%    6 sec CPU:  84.9%
mdfil_info:  40.0%    8 sec CPU:  86.7%
mdfil_info:  50.0%   10 sec CPU:  87.1%
mdfil_info:  60.0%   12 sec CPU:  85.9%
mdfil_info:  70.0%   14 sec CPU:  86.3%
mdfil_info:  80.0%   16 sec CPU:  86.8%
mdfil_info:  90.0%   18 sec CPU:  87.2%
mdfil_info: 100.0%   20 sec CPU:  87.3%
mdfil_info: 100.0%   20 sec CPU:  87.3%
42603
AMSCommonsI-I-HardwareIdentifiedAs Linux 3.10.0-957.12.1.el7.x86_64 x86_64 2
AMSCommonsI-I-Identified as LittleEndian 64 bit machine. 4294967295
AMSCommonsI-I-amsdatabase /cvmfs/ams.cern.ch/Offline/AMSDataDir/DataBase/
AMSCommonsI-I-MipsFromCPUInfo: 2194.92
AMSCommonsI-I-SystemIdentified as  Intel(R) Xeon(R) CPU E5-2630 v4 @ 2.20GHz
AMSCommonsI-I-ComputerEvaluatedAsMips 3511
AMS Software version v5.02/1220/12 built Fri Apr 19 23:54:38 2019

Geant4  Version 1033
Run ID: 525 Bartel: 79
Input Destination: /eos/ams/user/s/selu/mdst/He314/mdst_120929927.root
Output Destination: /afs/cern.ch/work/c/ctuysuz/private/he_flux/LSF/result_mc_time/time_79/he_flux_79_525.root
Add hist00 from /eos/ams/user/s/selu/mdst/He314/mdst_120929927.root
Start of Init
Use new binning
Start of Eventloop
Ntr, Nent= 1 110562
IsMC= 1
Parameter[0] = -2.39896
Parameter[1] = -2.88073
Parameter[2] = -3.50275
Parameter[3] = -5.43121
Parameter[4] = -0.0783246
Parameter[5] = -2.2346
mdfil_info:  10.0%    1 sec CPU:  71.2%
mdfil_info:  20.0%    1 sec CPU:  72.3%
mdfil_info:  30.0%    2 sec CPU:  72.5%
mdfil_info:  40.0%    3 sec CPU:  75.9%
mdfil_info:  50.0%    3 sec CPU:  77.7%
mdfil_info:  60.0%    4 sec CPU:  79.2%
mdfil_info:  70.0%    4 sec CPU:  80.5%
mdfil_info:  80.0%    5 sec CPU:  81.4%
mdfil_info:  90.0%    5 sec CPU:  82.2%
mdfil_info: 100.0%    6 sec CPU:  83.0%
mdfil_info: 100.0%    6 sec CPU:  83.0%
