WARN: the 'eosmount' alias is deprecated, please use /eos directly
License ports: 28518@lxlicen01.cern.ch,28518@lxlicen02.cern.ch,28518@lxlicen03.cern.ch:/cvmfs/projects.cern.ch/intelsw/psxe/linux/licenses
Intel(R) Parallel Studio XE 2018 Update 2 for Linux*
Copyright (C) 2009-2018 Intel Corporation. All rights reserved.
2679
AMSCommonsI-I-HardwareIdentifiedAs Linux 3.10.0-957.12.2.el7.x86_64 x86_64 2
AMSCommonsI-I-Identified as LittleEndian 64 bit machine. 4294967295
AMSCommonsI-I-amsdatabase /cvmfs/ams.cern.ch/Offline/AMSDataDir/DataBase/
AMSCommonsI-I-MipsFromCPUInfo: 2394.45
AMSCommonsI-I-SystemIdentified as  Intel(R) Xeon(R) CPU E5-2630 v3 @ 2.40GHz
AMSCommonsI-I-ComputerEvaluatedAsMips 3831
AMS Software version v5.02/1220/12 built Fri Apr 19 23:54:38 2019

Geant4  Version 1033
Run ID: 33 Bartel: 7
Input Destination: /eos/ams/user/s/selu/mdst/He122/mdst_60441572.root
Output Destination: /afs/cern.ch/work/c/ctuysuz/private/he_flux/LSF/result_mc_time/time_7/he_flux_7_33.root
Add hist00 from /eos/ams/user/s/selu/mdst/He122/mdst_60441572.root
Start of Init
Use new binning
Start of Eventloop
Ntr, Nent= 1 434802
IsMC= 1
Parameter[0] = -2.6167
Parameter[1] = -3.01884
Parameter[2] = -3.60527
Parameter[3] = -5.52044
Parameter[4] = 0.00890243
Parameter[5] = -2.31265
mdfil_info:  10.0%    2 sec CPU:  80.3%
mdfil_info:  20.0%    4 sec CPU:  83.4%
mdfil_info:  30.0%    6 sec CPU:  85.4%
mdfil_info:  40.0%    8 sec CPU:  86.5%
mdfil_info:  50.0%    9 sec CPU:  87.0%
mdfil_info:  60.0%   11 sec CPU:  87.4%
mdfil_info:  70.0%   13 sec CPU:  87.5%
mdfil_info:  80.0%   15 sec CPU:  87.6%
mdfil_info:  90.0%   17 sec CPU:  87.7%
mdfil_info: 100.0%   19 sec CPU:  87.8%
mdfil_info: 100.0%   19 sec CPU:  87.8%
17394
AMSCommonsI-I-HardwareIdentifiedAs Linux 3.10.0-957.12.2.el7.x86_64 x86_64 2
AMSCommonsI-I-Identified as LittleEndian 64 bit machine. 4294967295
AMSCommonsI-I-amsdatabase /cvmfs/ams.cern.ch/Offline/AMSDataDir/DataBase/
AMSCommonsI-I-MipsFromCPUInfo: 2394.45
AMSCommonsI-I-SystemIdentified as  Intel(R) Xeon(R) CPU E5-2630 v3 @ 2.40GHz
AMSCommonsI-I-ComputerEvaluatedAsMips 3831
AMS Software version v5.02/1220/12 built Fri Apr 19 23:54:38 2019

Geant4  Version 1033
Run ID: 214 Bartel: 61
Input Destination: /eos/ams/user/s/selu/mdst/He122/mdst_60441754.root
Output Destination: /afs/cern.ch/work/c/ctuysuz/private/he_flux/LSF/result_mc_time/time_61/he_flux_61_214.root
Add hist00 from /eos/ams/user/s/selu/mdst/He122/mdst_60441754.root
Start of Init
Use new binning
Start of Eventloop
Ntr, Nent= 1 438685
IsMC= 1
Parameter[0] = -2.66257
Parameter[1] = -3.02879
Parameter[2] = -3.60772
Parameter[3] = -5.54397
Parameter[4] = 0.208408
Parameter[5] = -2.47782
mdfil_info:  10.0%    2 sec CPU:  78.4%
mdfil_info:  20.0%    4 sec CPU:  83.3%
mdfil_info:  30.0%    6 sec CPU:  85.5%
mdfil_info:  40.0%    8 sec CPU:  86.8%
mdfil_info:  50.0%   10 sec CPU:  87.8%
mdfil_info:  60.0%   12 sec CPU:  88.4%
mdfil_info:  70.0%   13 sec CPU:  88.8%
mdfil_info:  80.0%   15 sec CPU:  89.1%
mdfil_info:  90.0%   17 sec CPU:  89.4%
mdfil_info: 100.0%   18 sec CPU:  89.7%
mdfil_info: 100.0%   18 sec CPU:  89.7%
32109
AMSCommonsI-I-HardwareIdentifiedAs Linux 3.10.0-957.12.2.el7.x86_64 x86_64 2
AMSCommonsI-I-Identified as LittleEndian 64 bit machine. 4294967295
AMSCommonsI-I-amsdatabase /cvmfs/ams.cern.ch/Offline/AMSDataDir/DataBase/
AMSCommonsI-I-MipsFromCPUInfo: 2394.45
AMSCommonsI-I-SystemIdentified as  Intel(R) Xeon(R) CPU E5-2630 v3 @ 2.40GHz
AMSCommonsI-I-ComputerEvaluatedAsMips 3831
AMS Software version v5.02/1220/12 built Fri Apr 19 23:54:38 2019

Geant4  Version 1033
Run ID: 396 Bartel: 34
Input Destination: /eos/ams/user/s/selu/mdst/He122/mdst_60442284.root
Output Destination: /afs/cern.ch/work/c/ctuysuz/private/he_flux/LSF/result_mc_time/time_34/he_flux_34_396.root
Add hist00 from /eos/ams/user/s/selu/mdst/He122/mdst_60442284.root
Start of Init
Use new binning
Start of Eventloop
Ntr, Nent= 1 430753
IsMC= 1
Parameter[0] = -2.72052
Parameter[1] = -2.99045
Parameter[2] = -3.54577
Parameter[3] = -5.51973
Parameter[4] = 0.499199
Parameter[5] = -2.55339
mdfil_info:  10.0%    3 sec CPU:  72.3%
mdfil_info:  20.0%    5 sec CPU:  79.0%
mdfil_info:  30.0%    6 sec CPU:  81.5%
mdfil_info:  40.0%    8 sec CPU:  82.8%
mdfil_info:  50.0%   10 sec CPU:  83.8%
mdfil_info:  60.0%   12 sec CPU:  84.7%
mdfil_info:  70.0%   14 sec CPU:  85.4%
mdfil_info:  80.0%   16 sec CPU:  85.9%
mdfil_info:  90.0%   17 sec CPU:  85.4%
mdfil_info: 100.0%   19 sec CPU:  85.7%
mdfil_info: 100.0%   19 sec CPU:  85.7%
