WARN: the 'eosmount' alias is deprecated, please use /eos directly
License ports: 28518@lxlicen01.cern.ch,28518@lxlicen02.cern.ch,28518@lxlicen03.cern.ch:/cvmfs/projects.cern.ch/intelsw/psxe/linux/licenses
Intel(R) Parallel Studio XE 2018 Update 2 for Linux*
Copyright (C) 2009-2018 Intel Corporation. All rights reserved.
10707
AMSCommonsI-I-HardwareIdentifiedAs Linux 3.10.0-957.12.1.el7.x86_64 x86_64 2
AMSCommonsI-I-Identified as LittleEndian 64 bit machine. 4294967295
AMSCommonsI-I-amsdatabase /cvmfs/ams.cern.ch/Offline/AMSDataDir/DataBase/
AMSCommonsI-I-MipsFromCPUInfo: 2394.45
AMSCommonsI-I-SystemIdentified as  Intel Core Processor (Haswell, no TSX, IBRS)
AMSCommonsI-I-ComputerEvaluatedAsMips 3591
AMS Software version v5.02/1220/12 built Fri Apr 19 23:54:38 2019

Geant4  Version 1033
Run ID: 132 Bartel: 16
Input Destination: /eos/ams/user/s/selu/mdst/He122/mdst_60441672.root
Output Destination: /afs/cern.ch/work/c/ctuysuz/private/he_flux/LSF/result_mc_time/time_16/he_flux_16_132.root
Add hist00 from /eos/ams/user/s/selu/mdst/He122/mdst_60441672.root
Start of Init
Use new binning
Start of Eventloop
Ntr, Nent= 1 436413
IsMC= 1
Parameter[0] = -2.6668
Parameter[1] = -3.03435
Parameter[2] = -3.60385
Parameter[3] = -5.49763
Parameter[4] = 0.211134
Parameter[5] = -2.07053
mdfil_info:  10.0%    2 sec CPU:  83.8%
mdfil_info:  20.0%    4 sec CPU:  87.8%
mdfil_info:  30.0%    6 sec CPU:  89.3%
mdfil_info:  40.0%    8 sec CPU:  90.1%
mdfil_info:  50.0%   10 sec CPU:  91.1%
mdfil_info:  60.0%   12 sec CPU:  91.5%
mdfil_info:  70.0%   13 sec CPU:  91.7%
mdfil_info:  80.0%   15 sec CPU:  91.9%
mdfil_info:  90.0%   17 sec CPU:  92.1%
mdfil_info: 100.0%   19 sec CPU:  92.2%
mdfil_info: 100.0%   19 sec CPU:  92.2%
25422
AMSCommonsI-I-HardwareIdentifiedAs Linux 3.10.0-957.12.1.el7.x86_64 x86_64 2
AMSCommonsI-I-Identified as LittleEndian 64 bit machine. 4294967295
AMSCommonsI-I-amsdatabase /cvmfs/ams.cern.ch/Offline/AMSDataDir/DataBase/
AMSCommonsI-I-MipsFromCPUInfo: 2394.45
AMSCommonsI-I-SystemIdentified as  Intel Core Processor (Haswell, no TSX, IBRS)
AMSCommonsI-I-ComputerEvaluatedAsMips 3591
AMS Software version v5.02/1220/12 built Fri Apr 19 23:54:38 2019

Geant4  Version 1033
Run ID: 313 Bartel: 70
Input Destination: /eos/ams/user/s/selu/mdst/He122/mdst_60441853.root
Output Destination: /afs/cern.ch/work/c/ctuysuz/private/he_flux/LSF/result_mc_time/time_70/he_flux_70_313.root
Add hist00 from /eos/ams/user/s/selu/mdst/He122/mdst_60441853.root
Start of Init
Use new binning
Start of Eventloop
Ntr, Nent= 1 432835
IsMC= 1
Parameter[0] = -2.55238
Parameter[1] = -2.98162
Parameter[2] = -3.58419
Parameter[3] = -5.43685
Parameter[4] = 0.00689862
Parameter[5] = -1.78447
mdfil_info:  10.0%    2 sec CPU:  87.5%
mdfil_info:  20.0%    4 sec CPU:  91.2%
mdfil_info:  30.0%    6 sec CPU:  91.9%
mdfil_info:  40.0%    8 sec CPU:  93.7%
mdfil_info:  50.0%    9 sec CPU:  94.0%
mdfil_info:  60.0%   11 sec CPU:  94.1%
mdfil_info:  70.0%   13 sec CPU:  93.9%
mdfil_info:  80.0%   14 sec CPU:  93.7%
mdfil_info:  90.0%   16 sec CPU:  93.9%
mdfil_info: 100.0%   18 sec CPU:  93.9%
mdfil_info: 100.0%   18 sec CPU:  93.9%
40137
AMSCommonsI-I-HardwareIdentifiedAs Linux 3.10.0-957.12.1.el7.x86_64 x86_64 2
AMSCommonsI-I-Identified as LittleEndian 64 bit machine. 4294967295
AMSCommonsI-I-amsdatabase /cvmfs/ams.cern.ch/Offline/AMSDataDir/DataBase/
AMSCommonsI-I-MipsFromCPUInfo: 2394.45
AMSCommonsI-I-SystemIdentified as  Intel Core Processor (Haswell, no TSX, IBRS)
AMSCommonsI-I-ComputerEvaluatedAsMips 3591
AMS Software version v5.02/1220/12 built Fri Apr 19 23:54:38 2019

Geant4  Version 1033
Run ID: 495 Bartel: 43
Input Destination: /eos/ams/user/s/selu/mdst/He314/mdst_120929896.root
Output Destination: /afs/cern.ch/work/c/ctuysuz/private/he_flux/LSF/result_mc_time/time_43/he_flux_43_495.root
Add hist00 from /eos/ams/user/s/selu/mdst/He314/mdst_120929896.root
Start of Init
Use new binning
Start of Eventloop
Ntr, Nent= 1 122993
IsMC= 1
Parameter[0] = -2.79775
Parameter[1] = -3.07523
Parameter[2] = -3.62821
Parameter[3] = -5.6114
Parameter[4] = 0.460986
Parameter[5] = -2.73201
mdfil_info:  10.0%    1 sec CPU:  63.6%
mdfil_info:  20.0%    2 sec CPU:  72.6%
mdfil_info:  30.0%    2 sec CPU:  74.5%
mdfil_info:  40.0%    3 sec CPU:  77.9%
mdfil_info:  50.0%    3 sec CPU:  80.5%
mdfil_info:  60.0%    4 sec CPU:  82.1%
mdfil_info:  70.0%    4 sec CPU:  83.7%
mdfil_info:  80.0%    5 sec CPU:  84.5%
mdfil_info:  90.0%    5 sec CPU:  85.2%
mdfil_info: 100.0%    6 sec CPU:  86.1%
mdfil_info: 100.0%    6 sec CPU:  86.1%
