WARN: the 'eosmount' alias is deprecated, please use /eos directly
License ports: 28518@lxlicen01.cern.ch,28518@lxlicen02.cern.ch,28518@lxlicen03.cern.ch:/cvmfs/projects.cern.ch/intelsw/psxe/linux/licenses
Intel(R) Parallel Studio XE 2018 Update 2 for Linux*
Copyright (C) 2009-2018 Intel Corporation. All rights reserved.
10767
AMSCommonsI-I-HardwareIdentifiedAs Linux 3.10.0-957.12.1.el7.x86_64 x86_64 2
AMSCommonsI-I-Identified as LittleEndian 64 bit machine. 4294967295
AMSCommonsI-I-amsdatabase /cvmfs/ams.cern.ch/Offline/AMSDataDir/DataBase/
AMSCommonsI-I-MipsFromCPUInfo: 2593.75
AMSCommonsI-I-SystemIdentified as  Intel(R) Xeon(R) CPU E5-2650 v2 @ 2.60GHz
AMSCommonsI-I-ComputerEvaluatedAsMips 4149
AMS Software version v5.02/1220/12 built Fri Apr 19 23:54:38 2019

Geant4  Version 1033
Run ID: 132 Bartel: 76
Input Destination: /eos/ams/user/s/selu/mdst/He122/mdst_60441672.root
Output Destination: /afs/cern.ch/work/c/ctuysuz/private/he_flux/LSF/result_mc_time/time_76/he_flux_76_132.root
Add hist00 from /eos/ams/user/s/selu/mdst/He122/mdst_60441672.root
Start of Init
Use new binning
Start of Eventloop
Ntr, Nent= 1 436413
IsMC= 1
Parameter[0] = -2.48624
Parameter[1] = -2.95496
Parameter[2] = -3.57221
Parameter[3] = -5.5192
Parameter[4] = 0.00191236
Parameter[5] = -2.34472
mdfil_info:  10.0%    2 sec CPU:  83.8%
mdfil_info:  20.0%    4 sec CPU:  80.9%
mdfil_info:  30.0%    7 sec CPU:  77.8%
mdfil_info:  40.0%    9 sec CPU:  78.1%
mdfil_info:  50.0%   11 sec CPU:  78.2%
mdfil_info:  60.0%   13 sec CPU:  78.2%
mdfil_info:  70.0%   15 sec CPU:  78.0%
mdfil_info:  80.0%   17 sec CPU:  77.7%
mdfil_info:  90.0%   19 sec CPU:  77.6%
mdfil_info: 100.0%   21 sec CPU:  77.6%
mdfil_info: 100.0%   21 sec CPU:  77.6%
25482
AMSCommonsI-I-HardwareIdentifiedAs Linux 3.10.0-957.12.1.el7.x86_64 x86_64 2
AMSCommonsI-I-Identified as LittleEndian 64 bit machine. 4294967295
AMSCommonsI-I-amsdatabase /cvmfs/ams.cern.ch/Offline/AMSDataDir/DataBase/
AMSCommonsI-I-MipsFromCPUInfo: 2593.75
AMSCommonsI-I-SystemIdentified as  Intel(R) Xeon(R) CPU E5-2650 v2 @ 2.60GHz
AMSCommonsI-I-ComputerEvaluatedAsMips 4149
AMS Software version v5.02/1220/12 built Fri Apr 19 23:54:38 2019

Geant4  Version 1033
Run ID: 314 Bartel: 49
Input Destination: /eos/ams/user/s/selu/mdst/He122/mdst_60441854.root
Output Destination: /afs/cern.ch/work/c/ctuysuz/private/he_flux/LSF/result_mc_time/time_49/he_flux_49_314.root
Add hist00 from /eos/ams/user/s/selu/mdst/He122/mdst_60441854.root
Start of Init
Use new binning
Start of Eventloop
Ntr, Nent= 1 440097
IsMC= 1
Parameter[0] = -2.73128
Parameter[1] = -3.07003
Parameter[2] = -3.63758
Parameter[3] = -5.55781
Parameter[4] = 0.280142
Parameter[5] = -2.35464
mdfil_info:  10.0%   23 sec CPU:   8.5%
mdfil_info:  20.0%   31 sec CPU:  12.6%
mdfil_info:  30.0%   41 sec CPU:  14.0%
mdfil_info:  40.0%   56 sec CPU:  13.5%
mdfil_info:  50.0%   67 sec CPU:  13.9%
mdfil_info:  60.0%   79 sec CPU:  14.2%
mdfil_info:  70.0%   91 sec CPU:  14.2%
mdfil_info:  80.0%  103 sec CPU:  14.3%
mdfil_info:  90.0%  113 sec CPU:  14.7%
mdfil_info: 100.0%  122 sec CPU:  15.0%
mdfil_info: 100.0%  122 sec CPU:  15.0%
40197
AMSCommonsI-I-HardwareIdentifiedAs Linux 3.10.0-957.12.1.el7.x86_64 x86_64 2
AMSCommonsI-I-Identified as LittleEndian 64 bit machine. 4294967295
AMSCommonsI-I-amsdatabase /cvmfs/ams.cern.ch/Offline/AMSDataDir/DataBase/
AMSCommonsI-I-MipsFromCPUInfo: 2593.75
AMSCommonsI-I-SystemIdentified as  Intel(R) Xeon(R) CPU E5-2650 v2 @ 2.60GHz
AMSCommonsI-I-ComputerEvaluatedAsMips 4149
AMS Software version v5.02/1220/12 built Fri Apr 19 23:54:38 2019

Geant4  Version 1033
Run ID: 496 Bartel: 22
Input Destination: /eos/ams/user/s/selu/mdst/He314/mdst_120929897.root
Output Destination: /afs/cern.ch/work/c/ctuysuz/private/he_flux/LSF/result_mc_time/time_22/he_flux_22_496.root
Add hist00 from /eos/ams/user/s/selu/mdst/He314/mdst_120929897.root
Start of Init
Use new binning
Start of Eventloop
Ntr, Nent= 1 109978
IsMC= 1
Parameter[0] = -2.70854
Parameter[1] = -3.0386
Parameter[2] = -3.60827
Parameter[3] = -5.53986
Parameter[4] = 0.260502
Parameter[5] = -2.32334
mdfil_info:  10.0%    6 sec CPU:   8.3%
mdfil_info:  20.0%   12 sec CPU:   7.9%
mdfil_info:  30.0%   19 sec CPU:   8.1%
mdfil_info:  40.0%   22 sec CPU:   9.3%
mdfil_info:  50.0%   24 sec CPU:  10.6%
mdfil_info:  60.0%   26 sec CPU:  11.4%
mdfil_info:  70.0%   28 sec CPU:  12.2%
mdfil_info:  80.0%   31 sec CPU:  12.7%
mdfil_info:  90.0%   33 sec CPU:  13.2%
mdfil_info: 100.0%   35 sec CPU:  13.7%
mdfil_info: 100.0%   35 sec CPU:  13.7%
