WARN: the 'eosmount' alias is deprecated, please use /eos directly
License ports: 28518@lxlicen01.cern.ch,28518@lxlicen02.cern.ch,28518@lxlicen03.cern.ch:/cvmfs/projects.cern.ch/intelsw/psxe/linux/licenses
Intel(R) Parallel Studio XE 2018 Update 2 for Linux*
Copyright (C) 2009-2018 Intel Corporation. All rights reserved.
13649
AMSCommonsI-I-HardwareIdentifiedAs Linux 3.10.0-957.12.1.el7.x86_64 x86_64 2
AMSCommonsI-I-Identified as LittleEndian 64 bit machine. 4294967295
AMSCommonsI-I-amsdatabase /cvmfs/ams.cern.ch/Offline/AMSDataDir/DataBase/
AMSCommonsI-I-MipsFromCPUInfo: 2394.45
AMSCommonsI-I-SystemIdentified as  Intel(R) Xeon(R) CPU E5-2630 v3 @ 2.40GHz
AMSCommonsI-I-ComputerEvaluatedAsMips 3831
AMS Software version v5.02/1220/12 built Fri Apr 19 23:54:38 2019

Geant4  Version 1033
Run ID: 168 Bartel: 42
Input Destination: /eos/ams/user/s/selu/mdst/He122/mdst_60441708.root
Output Destination: /afs/cern.ch/work/c/ctuysuz/private/he_flux/LSF/result_mc_time/time_42/he_flux_42_168.root
Add hist00 from /eos/ams/user/s/selu/mdst/He122/mdst_60441708.root
Start of Init
Use new binning
Start of Eventloop
Ntr, Nent= 1 440041
IsMC= 1
Parameter[0] = -2.78027
Parameter[1] = -3.06778
Parameter[2] = -3.62449
Parameter[3] = -5.58149
Parameter[4] = 0.44175
Parameter[5] = -2.56338
mdfil_info:  10.0%   16 sec CPU:  12.7%
mdfil_info:  20.0%   21 sec CPU:  18.2%
mdfil_info:  30.0%   26 sec CPU:  21.6%
mdfil_info:  40.0%   35 sec CPU:  21.9%
mdfil_info:  50.0%   44 sec CPU:  21.2%
mdfil_info:  60.0%   53 sec CPU:  21.3%
mdfil_info:  70.0%   59 sec CPU:  21.9%
mdfil_info:  80.0%   65 sec CPU:  22.8%
mdfil_info:  90.0%   72 sec CPU:  22.9%
mdfil_info: 100.0%   80 sec CPU:  22.6%
mdfil_info: 100.0%   80 sec CPU:  22.6%
28364
AMSCommonsI-I-HardwareIdentifiedAs Linux 3.10.0-957.12.1.el7.x86_64 x86_64 2
AMSCommonsI-I-Identified as LittleEndian 64 bit machine. 4294967295
AMSCommonsI-I-amsdatabase /cvmfs/ams.cern.ch/Offline/AMSDataDir/DataBase/
AMSCommonsI-I-MipsFromCPUInfo: 2394.45
AMSCommonsI-I-SystemIdentified as  Intel(R) Xeon(R) CPU E5-2630 v3 @ 2.40GHz
AMSCommonsI-I-ComputerEvaluatedAsMips 3831
AMS Software version v5.02/1220/12 built Fri Apr 19 23:54:38 2019

Geant4  Version 1033
Run ID: 350 Bartel: 15
Input Destination: /eos/ams/user/s/selu/mdst/He122/mdst_60442238.root
Output Destination: /afs/cern.ch/work/c/ctuysuz/private/he_flux/LSF/result_mc_time/time_15/he_flux_15_350.root
Add hist00 from /eos/ams/user/s/selu/mdst/He122/mdst_60442238.root
Start of Init
Use new binning
Start of Eventloop
Ntr, Nent= 1 434754
IsMC= 1
Parameter[0] = -2.64949
Parameter[1] = -3.02393
Parameter[2] = -3.59344
Parameter[3] = -5.52782
Parameter[4] = 0.200514
Parameter[5] = -2.29505
mdfil_info:  10.0%    2 sec CPU:  81.4%
mdfil_info:  20.0%    4 sec CPU:  86.2%
mdfil_info:  30.0%    5 sec CPU:  87.7%
mdfil_info:  40.0%    7 sec CPU:  89.0%
mdfil_info:  50.0%    9 sec CPU:  89.6%
mdfil_info:  60.0%   10 sec CPU:  90.0%
mdfil_info:  70.0%   12 sec CPU:  90.3%
mdfil_info:  80.0%   14 sec CPU:  90.6%
mdfil_info:  90.0%   15 sec CPU:  90.6%
mdfil_info: 100.0%   17 sec CPU:  90.7%
mdfil_info: 100.0%   17 sec CPU:  90.7%
43079
AMSCommonsI-I-HardwareIdentifiedAs Linux 3.10.0-957.12.1.el7.x86_64 x86_64 2
AMSCommonsI-I-Identified as LittleEndian 64 bit machine. 4294967295
AMSCommonsI-I-amsdatabase /cvmfs/ams.cern.ch/Offline/AMSDataDir/DataBase/
AMSCommonsI-I-MipsFromCPUInfo: 2394.45
AMSCommonsI-I-SystemIdentified as  Intel(R) Xeon(R) CPU E5-2630 v3 @ 2.40GHz
AMSCommonsI-I-ComputerEvaluatedAsMips 3831
AMS Software version v5.02/1220/12 built Fri Apr 19 23:54:38 2019

Geant4  Version 1033
Run ID: 531 Bartel: 69
Input Destination: /eos/ams/user/s/selu/mdst/He314/mdst_120929934.root
Output Destination: /afs/cern.ch/work/c/ctuysuz/private/he_flux/LSF/result_mc_time/time_69/he_flux_69_531.root
Add hist00 from /eos/ams/user/s/selu/mdst/He314/mdst_120929934.root
Start of Init
Use new binning
Start of Eventloop
Ntr, Nent= 1 97988
IsMC= 1
Parameter[0] = -2.5456
Parameter[1] = -2.98028
Parameter[2] = -3.58897
Parameter[3] = -5.48942
Parameter[4] = 0.110577
Parameter[5] = -2.14012
mdfil_info:  10.0%    0 sec CPU: 103.8%
mdfil_info:  20.0%    1 sec CPU: 101.4%
mdfil_info:  30.0%    1 sec CPU: 100.6%
mdfil_info:  40.0%    1 sec CPU: 100.3%
mdfil_info:  50.0%    2 sec CPU: 100.2%
mdfil_info:  60.0%    2 sec CPU: 100.5%
mdfil_info:  70.0%    2 sec CPU: 100.4%
mdfil_info:  80.0%    3 sec CPU: 100.2%
mdfil_info:  90.0%    3 sec CPU: 100.2%
mdfil_info: 100.0%    3 sec CPU: 100.0%
mdfil_info: 100.0%    3 sec CPU: 100.3%
