WARN: the 'eosmount' alias is deprecated, please use /eos directly
License ports: 28518@lxlicen01.cern.ch,28518@lxlicen02.cern.ch,28518@lxlicen03.cern.ch:/cvmfs/projects.cern.ch/intelsw/psxe/linux/licenses
Intel(R) Parallel Studio XE 2018 Update 2 for Linux*
Copyright (C) 2009-2018 Intel Corporation. All rights reserved.
2046
AMSCommonsI-I-HardwareIdentifiedAs Linux 3.10.0-957.10.1.el7.x86_64 x86_64 2
AMSCommonsI-I-Identified as LittleEndian 64 bit machine. 4294967295
AMSCommonsI-I-amsdatabase /cvmfs/ams.cern.ch/Offline/AMSDataDir/DataBase/
AMSCommonsI-I-MipsFromCPUInfo: 2194.92
AMSCommonsI-I-SystemIdentified as  Intel(R) Xeon(R) CPU E5-2630 v4 @ 2.20GHz
AMSCommonsI-I-ComputerEvaluatedAsMips 3511
AMS Software version v5.02/1220/12 built Fri Apr 19 23:54:38 2019

Geant4  Version 1033
Run ID: 25 Bartel: 22
Input Destination: /eos/ams/user/s/selu/mdst/He122/mdst_60441564.root
Output Destination: /afs/cern.ch/work/c/ctuysuz/private/he_flux/LSF/result_mc_time/time_22/he_flux_22_25.root
Add hist00 from /eos/ams/user/s/selu/mdst/He122/mdst_60441564.root
Start of Init
Use new binning
Start of Eventloop
Ntr, Nent= 1 438939
IsMC= 1
Parameter[0] = -2.70854
Parameter[1] = -3.0386
Parameter[2] = -3.60827
Parameter[3] = -5.53986
Parameter[4] = 0.260502
Parameter[5] = -2.32334
mdfil_info:  10.0%    3 sec CPU:  73.5%
mdfil_info:  20.0%    5 sec CPU:  80.4%
mdfil_info:  30.0%    7 sec CPU:  82.5%
mdfil_info:  40.0%    9 sec CPU:  83.6%
mdfil_info:  50.0%   11 sec CPU:  83.4%
mdfil_info:  60.0%   14 sec CPU:  84.1%
mdfil_info:  70.0%   16 sec CPU:  84.2%
mdfil_info:  80.0%   18 sec CPU:  84.5%
mdfil_info:  90.0%   20 sec CPU:  84.8%
mdfil_info: 100.0%   22 sec CPU:  85.3%
mdfil_info: 100.0%   22 sec CPU:  85.3%
16761
AMSCommonsI-I-HardwareIdentifiedAs Linux 3.10.0-957.10.1.el7.x86_64 x86_64 2
AMSCommonsI-I-Identified as LittleEndian 64 bit machine. 4294967295
AMSCommonsI-I-amsdatabase /cvmfs/ams.cern.ch/Offline/AMSDataDir/DataBase/
AMSCommonsI-I-MipsFromCPUInfo: 2194.92
AMSCommonsI-I-SystemIdentified as  Intel(R) Xeon(R) CPU E5-2630 v4 @ 2.20GHz
AMSCommonsI-I-ComputerEvaluatedAsMips 3511
AMS Software version v5.02/1220/12 built Fri Apr 19 23:54:38 2019

Geant4  Version 1033
Run ID: 206 Bartel: 76
Input Destination: /eos/ams/user/s/selu/mdst/He122/mdst_60441746.root
Output Destination: /afs/cern.ch/work/c/ctuysuz/private/he_flux/LSF/result_mc_time/time_76/he_flux_76_206.root
Add hist00 from /eos/ams/user/s/selu/mdst/He122/mdst_60441746.root
Start of Init
Use new binning
Start of Eventloop
Ntr, Nent= 1 438604
IsMC= 1
Parameter[0] = -2.48624
Parameter[1] = -2.95496
Parameter[2] = -3.57221
Parameter[3] = -5.5192
Parameter[4] = 0.00191236
Parameter[5] = -2.34472
mdfil_info:  10.0%    3 sec CPU:  70.7%
mdfil_info:  20.0%    5 sec CPU:  77.2%
mdfil_info:  30.0%    7 sec CPU:  80.1%
mdfil_info:  40.0%    9 sec CPU:  81.4%
mdfil_info:  50.0%   12 sec CPU:  81.4%
mdfil_info:  60.0%   14 sec CPU:  80.7%
mdfil_info:  70.0%   17 sec CPU:  80.9%
mdfil_info:  80.0%   19 sec CPU:  81.4%
mdfil_info:  90.0%   21 sec CPU:  81.6%
mdfil_info: 100.0%   23 sec CPU:  81.9%
mdfil_info: 100.0%   23 sec CPU:  81.9%
31476
AMSCommonsI-I-HardwareIdentifiedAs Linux 3.10.0-957.10.1.el7.x86_64 x86_64 2
AMSCommonsI-I-Identified as LittleEndian 64 bit machine. 4294967295
AMSCommonsI-I-amsdatabase /cvmfs/ams.cern.ch/Offline/AMSDataDir/DataBase/
AMSCommonsI-I-MipsFromCPUInfo: 2194.92
AMSCommonsI-I-SystemIdentified as  Intel(R) Xeon(R) CPU E5-2630 v4 @ 2.20GHz
AMSCommonsI-I-ComputerEvaluatedAsMips 3511
AMS Software version v5.02/1220/12 built Fri Apr 19 23:54:38 2019

Geant4  Version 1033
Run ID: 388 Bartel: 49
Input Destination: /eos/ams/user/s/selu/mdst/He122/mdst_60442276.root
Output Destination: /afs/cern.ch/work/c/ctuysuz/private/he_flux/LSF/result_mc_time/time_49/he_flux_49_388.root
Add hist00 from /eos/ams/user/s/selu/mdst/He122/mdst_60442276.root
Start of Init
Use new binning
Start of Eventloop
Ntr, Nent= 1 439412
IsMC= 1
Parameter[0] = -2.73128
Parameter[1] = -3.07003
Parameter[2] = -3.63758
Parameter[3] = -5.55781
Parameter[4] = 0.280142
Parameter[5] = -2.35464
mdfil_info:  10.0%    3 sec CPU:  68.5%
mdfil_info:  20.0%    9 sec CPU:  47.2%
mdfil_info:  30.0%   12 sec CPU:  49.1%
mdfil_info:  40.0%   14 sec CPU:  54.4%
mdfil_info:  50.0%   17 sec CPU:  58.8%
mdfil_info:  60.0%   19 sec CPU:  62.2%
mdfil_info:  70.0%   21 sec CPU:  64.5%
mdfil_info:  80.0%   24 sec CPU:  66.4%
mdfil_info:  90.0%   26 sec CPU:  68.0%
mdfil_info: 100.0%   28 sec CPU:  69.1%
mdfil_info: 100.0%   28 sec CPU:  69.1%
