WARN: the 'eosmount' alias is deprecated, please use /eos directly
License ports: 28518@lxlicen01.cern.ch,28518@lxlicen02.cern.ch,28518@lxlicen03.cern.ch:/cvmfs/projects.cern.ch/intelsw/psxe/linux/licenses
Intel(R) Parallel Studio XE 2018 Update 2 for Linux*
Copyright (C) 2009-2018 Intel Corporation. All rights reserved.
2405
AMSCommonsI-I-HardwareIdentifiedAs Linux 3.10.0-957.10.1.el7.x86_64 x86_64 2
AMSCommonsI-I-Identified as LittleEndian 64 bit machine. 4294967295
AMSCommonsI-I-amsdatabase /cvmfs/ams.cern.ch/Offline/AMSDataDir/DataBase/
AMSCommonsI-I-MipsFromCPUInfo: 2194.92
AMSCommonsI-I-SystemIdentified as  Intel(R) Xeon(R) CPU E5-2630 v4 @ 2.20GHz
AMSCommonsI-I-ComputerEvaluatedAsMips 3511
AMS Software version v5.02/1220/12 built Fri Apr 19 23:54:38 2019

Geant4  Version 1033
Run ID: 29 Bartel: 57
Input Destination: /eos/ams/user/s/selu/mdst/He122/mdst_60441568.root
Output Destination: /afs/cern.ch/work/c/ctuysuz/private/he_flux/LSF/result_mc_time/time_57/he_flux_57_29.root
Add hist00 from /eos/ams/user/s/selu/mdst/He122/mdst_60441568.root
Start of Init
Use new binning
Start of Eventloop
Ntr, Nent= 1 437839
IsMC= 1
Parameter[0] = -2.70293
Parameter[1] = -3.03976
Parameter[2] = -3.61538
Parameter[3] = -5.54214
Parameter[4] = 0.274724
Parameter[5] = -2.38056
mdfil_info:  10.0%   16 sec CPU:  14.0%
mdfil_info:  20.0%   23 sec CPU:  19.1%
mdfil_info:  30.0%   29 sec CPU:  22.1%
mdfil_info:  40.0%   37 sec CPU:  23.4%
mdfil_info:  50.0%   44 sec CPU:  24.3%
mdfil_info:  60.0%   50 sec CPU:  25.4%
mdfil_info:  70.0%   57 sec CPU:  26.1%
mdfil_info:  80.0%   64 sec CPU:  26.6%
mdfil_info:  90.0%   71 sec CPU:  26.9%
mdfil_info: 100.0%   79 sec CPU:  27.0%
mdfil_info: 100.0%   79 sec CPU:  27.0%
17120
AMSCommonsI-I-HardwareIdentifiedAs Linux 3.10.0-957.10.1.el7.x86_64 x86_64 2
AMSCommonsI-I-Identified as LittleEndian 64 bit machine. 4294967295
AMSCommonsI-I-amsdatabase /cvmfs/ams.cern.ch/Offline/AMSDataDir/DataBase/
AMSCommonsI-I-MipsFromCPUInfo: 2194.92
AMSCommonsI-I-SystemIdentified as  Intel(R) Xeon(R) CPU E5-2630 v4 @ 2.20GHz
AMSCommonsI-I-ComputerEvaluatedAsMips 3511
AMS Software version v5.02/1220/12 built Fri Apr 19 23:54:38 2019

Geant4  Version 1033
Run ID: 211 Bartel: 30
Input Destination: /eos/ams/user/s/selu/mdst/He122/mdst_60441751.root
Output Destination: /afs/cern.ch/work/c/ctuysuz/private/he_flux/LSF/result_mc_time/time_30/he_flux_30_211.root
Add hist00 from /eos/ams/user/s/selu/mdst/He122/mdst_60441751.root
Start of Init
Use new binning
Start of Eventloop
Ntr, Nent= 1 438411
IsMC= 1
Parameter[0] = -2.78302
Parameter[1] = -3.06111
Parameter[2] = -3.62424
Parameter[3] = -5.59535
Parameter[4] = 0.417456
Parameter[5] = -2.69098
mdfil_info:  10.0%    4 sec CPU:  51.4%
mdfil_info:  20.0%    7 sec CPU:  60.6%
mdfil_info:  30.0%   10 sec CPU:  65.8%
mdfil_info:  40.0%   12 sec CPU:  69.5%
mdfil_info:  50.0%   15 sec CPU:  71.0%
mdfil_info:  60.0%   17 sec CPU:  73.0%
mdfil_info:  70.0%   19 sec CPU:  74.4%
mdfil_info:  80.0%   22 sec CPU:  75.2%
mdfil_info:  90.0%   24 sec CPU:  76.1%
mdfil_info: 100.0%   26 sec CPU:  76.8%
mdfil_info: 100.0%   26 sec CPU:  76.8%
31835
AMSCommonsI-I-HardwareIdentifiedAs Linux 3.10.0-957.10.1.el7.x86_64 x86_64 2
AMSCommonsI-I-Identified as LittleEndian 64 bit machine. 4294967295
AMSCommonsI-I-amsdatabase /cvmfs/ams.cern.ch/Offline/AMSDataDir/DataBase/
AMSCommonsI-I-MipsFromCPUInfo: 2194.92
AMSCommonsI-I-SystemIdentified as  Intel(R) Xeon(R) CPU E5-2630 v4 @ 2.20GHz
AMSCommonsI-I-ComputerEvaluatedAsMips 3511
AMS Software version v5.02/1220/12 built Fri Apr 19 23:54:38 2019

Geant4  Version 1033
Run ID: 393 Bartel: 3
Input Destination: /eos/ams/user/s/selu/mdst/He122/mdst_60442281.root
Output Destination: /afs/cern.ch/work/c/ctuysuz/private/he_flux/LSF/result_mc_time/time_3/he_flux_3_393.root
Add hist00 from /eos/ams/user/s/selu/mdst/He122/mdst_60442281.root
Start of Init
Use new binning
Start of Eventloop
Ntr, Nent= 1 435618
IsMC= 1
Parameter[0] = -2.60444
Parameter[1] = -2.96917
Parameter[2] = -3.55869
Parameter[3] = -5.49263
Parameter[4] = 0.194958
Parameter[5] = -2.37354
mdfil_info:  10.0%    3 sec CPU:  67.9%
mdfil_info:  20.0%    6 sec CPU:  74.2%
mdfil_info:  30.0%    9 sec CPU:  73.9%
mdfil_info:  40.0%   11 sec CPU:  74.4%
mdfil_info:  50.0%   14 sec CPU:  75.2%
mdfil_info:  60.0%   17 sec CPU:  75.5%
mdfil_info:  70.0%   19 sec CPU:  76.4%
mdfil_info:  80.0%   22 sec CPU:  77.2%
mdfil_info:  90.0%   25 sec CPU:  77.4%
mdfil_info: 100.0%   27 sec CPU:  78.1%
mdfil_info: 100.0%   27 sec CPU:  78.1%
