WARN: the 'eosmount' alias is deprecated, please use /eos directly
License ports: 28518@lxlicen01.cern.ch,28518@lxlicen02.cern.ch,28518@lxlicen03.cern.ch:/cvmfs/projects.cern.ch/intelsw/psxe/linux/licenses
Intel(R) Parallel Studio XE 2018 Update 2 for Linux*
Copyright (C) 2009-2018 Intel Corporation. All rights reserved.
9602
AMSCommonsI-I-HardwareIdentifiedAs Linux 3.10.0-957.12.1.el7.x86_64 x86_64 2
AMSCommonsI-I-Identified as LittleEndian 64 bit machine. 4294967295
AMSCommonsI-I-amsdatabase /cvmfs/ams.cern.ch/Offline/AMSDataDir/DataBase/
AMSCommonsI-I-MipsFromCPUInfo: 2195.1
AMSCommonsI-I-SystemIdentified as  Intel(R) Xeon(R) CPU E5-2630 v4 @ 2.20GHz
AMSCommonsI-I-ComputerEvaluatedAsMips 3512
AMS Software version v5.02/1220/12 built Fri Apr 19 23:54:38 2019

Geant4  Version 1033
Run ID: 118 Bartel: 45
Input Destination: /eos/ams/user/s/selu/mdst/He122/mdst_60441658.root
Output Destination: /afs/cern.ch/work/c/ctuysuz/private/he_flux/LSF/result_mc_time/time_45/he_flux_45_118.root
Add hist00 from /eos/ams/user/s/selu/mdst/He122/mdst_60441658.root
Start of Init
Use new binning
Start of Eventloop
Ntr, Nent= 1 435033
IsMC= 1
Parameter[0] = -2.72237
Parameter[1] = -3.03584
Parameter[2] = -3.61262
Parameter[3] = -5.57823
Parameter[4] = 0.342515
Parameter[5] = -2.5989
mdfil_info:  10.0%   15 sec CPU:  13.6%
mdfil_info:  20.0%   20 sec CPU:  19.4%
mdfil_info:  30.0%   26 sec CPU:  22.8%
mdfil_info:  40.0%   31 sec CPU:  25.2%
mdfil_info:  50.0%   38 sec CPU:  26.2%
mdfil_info:  60.0%   44 sec CPU:  26.9%
mdfil_info:  70.0%   50 sec CPU:  27.9%
mdfil_info:  80.0%   56 sec CPU:  28.4%
mdfil_info:  90.0%   61 sec CPU:  29.0%
mdfil_info: 100.0%   67 sec CPU:  29.5%
mdfil_info: 100.0%   67 sec CPU:  29.5%
24317
AMSCommonsI-I-HardwareIdentifiedAs Linux 3.10.0-957.12.1.el7.x86_64 x86_64 2
AMSCommonsI-I-Identified as LittleEndian 64 bit machine. 4294967295
AMSCommonsI-I-amsdatabase /cvmfs/ams.cern.ch/Offline/AMSDataDir/DataBase/
AMSCommonsI-I-MipsFromCPUInfo: 2195.1
AMSCommonsI-I-SystemIdentified as  Intel(R) Xeon(R) CPU E5-2630 v4 @ 2.20GHz
AMSCommonsI-I-ComputerEvaluatedAsMips 3512
AMS Software version v5.02/1220/12 built Fri Apr 19 23:54:38 2019

Geant4  Version 1033
Run ID: 300 Bartel: 18
Input Destination: /eos/ams/user/s/selu/mdst/He122/mdst_60441840.root
Output Destination: /afs/cern.ch/work/c/ctuysuz/private/he_flux/LSF/result_mc_time/time_18/he_flux_18_300.root
Add hist00 from /eos/ams/user/s/selu/mdst/He122/mdst_60441840.root
Start of Init
Use new binning
Start of Eventloop
Ntr, Nent= 1 442177
IsMC= 1
Parameter[0] = -2.73216
Parameter[1] = -3.05371
Parameter[2] = -3.61222
Parameter[3] = -5.57201
Parameter[4] = 0.25419
Parameter[5] = -2.54834
mdfil_info:  10.0%   15 sec CPU:  14.7%
mdfil_info:  20.0%   20 sec CPU:  20.6%
mdfil_info:  30.0%   25 sec CPU:  24.1%
mdfil_info:  40.0%   30 sec CPU:  27.0%
mdfil_info:  50.0%   35 sec CPU:  29.0%
mdfil_info:  60.0%   41 sec CPU:  30.6%
mdfil_info:  70.0%   46 sec CPU:  31.3%
mdfil_info:  80.0%   51 sec CPU:  32.0%
mdfil_info:  90.0%   56 sec CPU:  32.4%
mdfil_info: 100.0%   61 sec CPU:  33.0%
mdfil_info: 100.0%   61 sec CPU:  33.0%
39032
AMSCommonsI-I-HardwareIdentifiedAs Linux 3.10.0-957.12.1.el7.x86_64 x86_64 2
AMSCommonsI-I-Identified as LittleEndian 64 bit machine. 4294967295
AMSCommonsI-I-amsdatabase /cvmfs/ams.cern.ch/Offline/AMSDataDir/DataBase/
AMSCommonsI-I-MipsFromCPUInfo: 2195.1
AMSCommonsI-I-SystemIdentified as  Intel(R) Xeon(R) CPU E5-2630 v4 @ 2.20GHz
AMSCommonsI-I-ComputerEvaluatedAsMips 3512
AMS Software version v5.02/1220/12 built Fri Apr 19 23:54:38 2019

Geant4  Version 1033
Run ID: 481 Bartel: 72
Input Destination: /eos/ams/user/s/selu/mdst/He314/mdst_120929881.root
Output Destination: /afs/cern.ch/work/c/ctuysuz/private/he_flux/LSF/result_mc_time/time_72/he_flux_72_481.root
Add hist00 from /eos/ams/user/s/selu/mdst/He314/mdst_120929881.root
Start of Init
Use new binning
Start of Eventloop
Ntr, Nent= 1 122058
IsMC= 1
Parameter[0] = -2.52985
Parameter[1] = -2.97442
Parameter[2] = -3.57417
Parameter[3] = -5.4923
Parameter[4] = 0.0500631
Parameter[5] = -2.16099
mdfil_info:  10.0%    1 sec CPU:  83.3%
mdfil_info:  20.0%    1 sec CPU:  86.3%
mdfil_info:  30.0%    2 sec CPU:  86.6%
mdfil_info:  40.0%    2 sec CPU:  88.4%
mdfil_info:  50.0%    3 sec CPU:  89.5%
mdfil_info:  60.0%    3 sec CPU:  90.0%
mdfil_info:  70.0%    4 sec CPU:  91.1%
mdfil_info:  80.0%    5 sec CPU:  91.1%
mdfil_info:  90.0%    5 sec CPU:  91.6%
mdfil_info: 100.0%    6 sec CPU:  92.3%
mdfil_info: 100.0%    6 sec CPU:  92.3%
