WARN: the 'eosmount' alias is deprecated, please use /eos directly
License ports: 28518@lxlicen01.cern.ch,28518@lxlicen02.cern.ch,28518@lxlicen03.cern.ch:/cvmfs/projects.cern.ch/intelsw/psxe/linux/licenses
Intel(R) Parallel Studio XE 2018 Update 2 for Linux*
Copyright (C) 2009-2018 Intel Corporation. All rights reserved.
13408
AMSCommonsI-I-HardwareIdentifiedAs Linux 3.10.0-957.10.1.el7.x86_64 x86_64 2
AMSCommonsI-I-Identified as LittleEndian 64 bit machine. 4294967295
AMSCommonsI-I-amsdatabase /cvmfs/ams.cern.ch/Offline/AMSDataDir/DataBase/
AMSCommonsI-I-MipsFromCPUInfo: 2194.92
AMSCommonsI-I-SystemIdentified as  Intel(R) Xeon(R) CPU E5-2630 v4 @ 2.20GHz
AMSCommonsI-I-ComputerEvaluatedAsMips 3511
AMS Software version v5.02/1220/12 built Fri Apr 19 23:54:38 2019

Geant4  Version 1033
Run ID: 165 Bartel: 44
Input Destination: /eos/ams/user/s/selu/mdst/He122/mdst_60441705.root
Output Destination: /afs/cern.ch/work/c/ctuysuz/private/he_flux/LSF/result_mc_time/time_44/he_flux_44_165.root
Add hist00 from /eos/ams/user/s/selu/mdst/He122/mdst_60441705.root
Start of Init
Use new binning
Start of Eventloop
Ntr, Nent= 1 438904
IsMC= 1
Parameter[0] = -2.74861
Parameter[1] = -3.04436
Parameter[2] = -3.60474
Parameter[3] = -5.57371
Parameter[4] = 0.412165
Parameter[5] = -2.55999
mdfil_info:  10.0%    8 sec CPU:  27.5%
mdfil_info:  20.0%   16 sec CPU:  26.5%
mdfil_info:  30.0%   22 sec CPU:  29.0%
mdfil_info:  40.0%   29 sec CPU:  29.2%
mdfil_info:  50.0%   33 sec CPU:  31.3%
mdfil_info:  60.0%   43 sec CPU:  29.3%
mdfil_info:  70.0%   47 sec CPU:  31.2%
mdfil_info:  80.0%   52 sec CPU:  32.0%
mdfil_info:  90.0%   59 sec CPU:  31.7%
mdfil_info: 100.0%   68 sec CPU:  30.7%
mdfil_info: 100.0%   68 sec CPU:  30.7%
28123
AMSCommonsI-I-HardwareIdentifiedAs Linux 3.10.0-957.10.1.el7.x86_64 x86_64 2
AMSCommonsI-I-Identified as LittleEndian 64 bit machine. 4294967295
AMSCommonsI-I-amsdatabase /cvmfs/ams.cern.ch/Offline/AMSDataDir/DataBase/
AMSCommonsI-I-MipsFromCPUInfo: 2194.92
AMSCommonsI-I-SystemIdentified as  Intel(R) Xeon(R) CPU E5-2630 v4 @ 2.20GHz
AMSCommonsI-I-ComputerEvaluatedAsMips 3511
AMS Software version v5.02/1220/12 built Fri Apr 19 23:54:38 2019

Geant4  Version 1033
Run ID: 347 Bartel: 17
Input Destination: /eos/ams/user/s/selu/mdst/He122/mdst_60441887.root
Output Destination: /afs/cern.ch/work/c/ctuysuz/private/he_flux/LSF/result_mc_time/time_17/he_flux_17_347.root
Add hist00 from /eos/ams/user/s/selu/mdst/He122/mdst_60441887.root
Start of Init
Use new binning
Start of Eventloop
Ntr, Nent= 1 439485
IsMC= 1
Parameter[0] = -2.73465
Parameter[1] = -3.05909
Parameter[2] = -3.61586
Parameter[3] = -5.54961
Parameter[4] = 0.318406
Parameter[5] = -2.36477
mdfil_info:  10.0%   18 sec CPU:  13.7%
mdfil_info:  20.0%   24 sec CPU:  19.6%
mdfil_info:  30.0%   30 sec CPU:  23.3%
mdfil_info:  40.0%   35 sec CPU:  25.4%
mdfil_info:  50.0%   42 sec CPU:  26.7%
mdfil_info:  60.0%   49 sec CPU:  27.2%
mdfil_info:  70.0%   55 sec CPU:  28.1%
mdfil_info:  80.0%   61 sec CPU:  28.6%
mdfil_info:  90.0%   67 sec CPU:  29.4%
mdfil_info: 100.0%   73 sec CPU:  29.8%
mdfil_info: 100.0%   73 sec CPU:  29.8%
42838
AMSCommonsI-I-HardwareIdentifiedAs Linux 3.10.0-957.10.1.el7.x86_64 x86_64 2
AMSCommonsI-I-Identified as LittleEndian 64 bit machine. 4294967295
AMSCommonsI-I-amsdatabase /cvmfs/ams.cern.ch/Offline/AMSDataDir/DataBase/
AMSCommonsI-I-MipsFromCPUInfo: 2194.92
AMSCommonsI-I-SystemIdentified as  Intel(R) Xeon(R) CPU E5-2630 v4 @ 2.20GHz
AMSCommonsI-I-ComputerEvaluatedAsMips 3511
AMS Software version v5.02/1220/12 built Fri Apr 19 23:54:38 2019

Geant4  Version 1033
Run ID: 528 Bartel: 71
Input Destination: /eos/ams/user/s/selu/mdst/He314/mdst_120929931.root
Output Destination: /afs/cern.ch/work/c/ctuysuz/private/he_flux/LSF/result_mc_time/time_71/he_flux_71_528.root
Add hist00 from /eos/ams/user/s/selu/mdst/He314/mdst_120929931.root
Start of Init
Use new binning
Start of Eventloop
Ntr, Nent= 1 110806
IsMC= 1
Parameter[0] = -2.54894
Parameter[1] = -2.98273
Parameter[2] = -3.58454
Parameter[3] = -5.47731
Parameter[4] = 0.0989745
Parameter[5] = -2.00648
mdfil_info:  10.0%    5 sec CPU:  12.0%
mdfil_info:  20.0%   10 sec CPU:  12.3%
mdfil_info:  30.0%   14 sec CPU:  13.0%
mdfil_info:  40.0%   16 sec CPU:  15.4%
mdfil_info:  50.0%   17 sec CPU:  17.3%
mdfil_info:  60.0%   18 sec CPU:  18.9%
mdfil_info:  70.0%   20 sec CPU:  20.2%
mdfil_info:  80.0%   21 sec CPU:  21.6%
mdfil_info:  90.0%   23 sec CPU:  22.5%
mdfil_info: 100.0%   24 sec CPU:  23.4%
mdfil_info: 100.0%   24 sec CPU:  23.4%
