WARN: the 'eosmount' alias is deprecated, please use /eos directly
License ports: 28518@lxlicen01.cern.ch,28518@lxlicen02.cern.ch,28518@lxlicen03.cern.ch:/cvmfs/projects.cern.ch/intelsw/psxe/linux/licenses
Intel(R) Parallel Studio XE 2018 Update 2 for Linux*
Copyright (C) 2009-2018 Intel Corporation. All rights reserved.
11799
AMSCommonsI-I-HardwareIdentifiedAs Linux 3.10.0-957.10.1.el7.x86_64 x86_64 2
AMSCommonsI-I-Identified as LittleEndian 64 bit machine. 4294967295
AMSCommonsI-I-amsdatabase /cvmfs/ams.cern.ch/Offline/AMSDataDir/DataBase/
AMSCommonsI-I-MipsFromCPUInfo: 2194.92
AMSCommonsI-I-SystemIdentified as  Intel(R) Xeon(R) CPU E5-2630 v4 @ 2.20GHz
AMSCommonsI-I-ComputerEvaluatedAsMips 3511
AMS Software version v5.02/1220/12 built Fri Apr 19 23:54:38 2019

Geant4  Version 1033
Run ID: 145 Bartel: 55
Input Destination: /eos/ams/user/s/selu/mdst/He122/mdst_60441685.root
Output Destination: /afs/cern.ch/work/c/ctuysuz/private/he_flux/LSF/result_mc_time/time_55/he_flux_55_145.root
Add hist00 from /eos/ams/user/s/selu/mdst/He122/mdst_60441685.root
Start of Init
Use new binning
Start of Eventloop
Ntr, Nent= 1 435184
IsMC= 1
Parameter[0] = -2.74163
Parameter[1] = -3.05076
Parameter[2] = -3.61683
Parameter[3] = -5.57138
Parameter[4] = 0.434624
Parameter[5] = -2.47013
mdfil_info:  10.0%   21 sec CPU:   8.3%
mdfil_info:  20.0%   29 sec CPU:  11.7%
mdfil_info:  30.0%   38 sec CPU:  13.1%
mdfil_info:  40.0%   46 sec CPU:  14.3%
mdfil_info:  50.0%   54 sec CPU:  15.6%
mdfil_info:  60.0%   62 sec CPU:  16.5%
mdfil_info:  70.0%   70 sec CPU:  17.0%
mdfil_info:  80.0%   76 sec CPU:  17.9%
mdfil_info:  90.0%   82 sec CPU:  18.7%
mdfil_info: 100.0%   87 sec CPU:  19.3%
mdfil_info: 100.0%   87 sec CPU:  19.3%
26514
AMSCommonsI-I-HardwareIdentifiedAs Linux 3.10.0-957.10.1.el7.x86_64 x86_64 2
AMSCommonsI-I-Identified as LittleEndian 64 bit machine. 4294967295
AMSCommonsI-I-amsdatabase /cvmfs/ams.cern.ch/Offline/AMSDataDir/DataBase/
AMSCommonsI-I-MipsFromCPUInfo: 2194.92
AMSCommonsI-I-SystemIdentified as  Intel(R) Xeon(R) CPU E5-2630 v4 @ 2.20GHz
AMSCommonsI-I-ComputerEvaluatedAsMips 3511
AMS Software version v5.02/1220/12 built Fri Apr 19 23:54:38 2019

Geant4  Version 1033
Run ID: 327 Bartel: 28
Input Destination: /eos/ams/user/s/selu/mdst/He122/mdst_60441867.root
Output Destination: /afs/cern.ch/work/c/ctuysuz/private/he_flux/LSF/result_mc_time/time_28/he_flux_28_327.root
Add hist00 from /eos/ams/user/s/selu/mdst/He122/mdst_60441867.root
Start of Init
Use new binning
Start of Eventloop
Ntr, Nent= 1 440092
IsMC= 1
Parameter[0] = -2.78708
Parameter[1] = -3.08521
Parameter[2] = -3.63404
Parameter[3] = -5.57737
Parameter[4] = 0.368582
Parameter[5] = -2.54212
mdfil_info:  10.0%    2 sec CPU:  77.2%
mdfil_info:  20.0%    4 sec CPU:  82.0%
mdfil_info:  30.0%    6 sec CPU:  84.2%
mdfil_info:  40.0%    8 sec CPU:  85.4%
mdfil_info:  50.0%   10 sec CPU:  86.1%
mdfil_info:  60.0%   12 sec CPU:  86.4%
mdfil_info:  70.0%   14 sec CPU:  86.8%
mdfil_info:  80.0%   16 sec CPU:  87.1%
mdfil_info:  90.0%   17 sec CPU:  87.1%
mdfil_info: 100.0%   19 sec CPU:  87.3%
mdfil_info: 100.0%   19 sec CPU:  87.3%
41229
AMSCommonsI-I-HardwareIdentifiedAs Linux 3.10.0-957.10.1.el7.x86_64 x86_64 2
AMSCommonsI-I-Identified as LittleEndian 64 bit machine. 4294967295
AMSCommonsI-I-amsdatabase /cvmfs/ams.cern.ch/Offline/AMSDataDir/DataBase/
AMSCommonsI-I-MipsFromCPUInfo: 2194.92
AMSCommonsI-I-SystemIdentified as  Intel(R) Xeon(R) CPU E5-2630 v4 @ 2.20GHz
AMSCommonsI-I-ComputerEvaluatedAsMips 3511
AMS Software version v5.02/1220/12 built Fri Apr 19 23:54:38 2019

Geant4  Version 1033
Run ID: 509 Bartel: 1
Input Destination: /eos/ams/user/s/selu/mdst/He314/mdst_120929910.root
Output Destination: /afs/cern.ch/work/c/ctuysuz/private/he_flux/LSF/result_mc_time/time_1/he_flux_1_509.root
Add hist00 from /eos/ams/user/s/selu/mdst/He314/mdst_120929910.root
Start of Init
Use new binning
Start of Eventloop
Ntr, Nent= 1 122929
IsMC= 1
Parameter[0] = -2.47751
Parameter[1] = -2.72369
Parameter[2] = -3.30093
Parameter[3] = -5.32428
Parameter[4] = 0.816566
Parameter[5] = -2.78591
mdfil_info:  10.0%    6 sec CPU:   8.9%
mdfil_info:  20.0%   11 sec CPU:   9.8%
mdfil_info:  30.0%   15 sec CPU:  10.6%
mdfil_info:  40.0%   16 sec CPU:  12.5%
mdfil_info:  50.0%   17 sec CPU:  14.1%
mdfil_info:  60.0%   19 sec CPU:  15.5%
mdfil_info:  70.0%   20 sec CPU:  16.8%
mdfil_info:  80.0%   21 sec CPU:  17.9%
mdfil_info:  90.0%   22 sec CPU:  18.9%
mdfil_info: 100.0%   24 sec CPU:  19.7%
mdfil_info: 100.0%   24 sec CPU:  19.7%
