WARN: the 'eosmount' alias is deprecated, please use /eos directly
License ports: 28518@lxlicen01.cern.ch,28518@lxlicen02.cern.ch,28518@lxlicen03.cern.ch:/cvmfs/projects.cern.ch/intelsw/psxe/linux/licenses
Intel(R) Parallel Studio XE 2018 Update 2 for Linux*
Copyright (C) 2009-2018 Intel Corporation. All rights reserved.
7014
AMSCommonsI-I-HardwareIdentifiedAs Linux 3.10.0-957.12.1.el7.x86_64 x86_64 2
AMSCommonsI-I-Identified as LittleEndian 64 bit machine. 4294967295
AMSCommonsI-I-amsdatabase /cvmfs/ams.cern.ch/Offline/AMSDataDir/DataBase/
AMSCommonsI-I-MipsFromCPUInfo: 2195.1
AMSCommonsI-I-SystemIdentified as  Intel(R) Xeon(R) CPU E5-2630 v4 @ 2.20GHz
AMSCommonsI-I-ComputerEvaluatedAsMips 3512
AMS Software version v5.02/1220/12 built Fri Apr 19 23:54:38 2019

Geant4  Version 1033
Run ID: 86 Bartel: 49
Input Destination: /eos/ams/user/s/selu/mdst/He122/mdst_60441626.root
Output Destination: /afs/cern.ch/work/c/ctuysuz/private/he_flux/LSF/result_mc_time/time_49/he_flux_49_86.root
Add hist00 from /eos/ams/user/s/selu/mdst/He122/mdst_60441626.root
Start of Init
Use new binning
Start of Eventloop
Ntr, Nent= 1 442014
IsMC= 1
Parameter[0] = -2.73128
Parameter[1] = -3.07003
Parameter[2] = -3.63758
Parameter[3] = -5.55781
Parameter[4] = 0.280142
Parameter[5] = -2.35464
mdfil_info:  10.0%   15 sec CPU:  15.1%
mdfil_info:  20.0%   20 sec CPU:  21.3%
mdfil_info:  30.0%   25 sec CPU:  25.2%
mdfil_info:  40.0%   31 sec CPU:  27.4%
mdfil_info:  50.0%   36 sec CPU:  29.4%
mdfil_info:  60.0%   41 sec CPU:  30.8%
mdfil_info:  70.0%   47 sec CPU:  31.4%
mdfil_info:  80.0%   52 sec CPU:  31.7%
mdfil_info:  90.0%   58 sec CPU:  32.1%
mdfil_info: 100.0%   64 sec CPU:  32.7%
mdfil_info: 100.0%   64 sec CPU:  32.7%
21729
AMSCommonsI-I-HardwareIdentifiedAs Linux 3.10.0-957.12.1.el7.x86_64 x86_64 2
AMSCommonsI-I-Identified as LittleEndian 64 bit machine. 4294967295
AMSCommonsI-I-amsdatabase /cvmfs/ams.cern.ch/Offline/AMSDataDir/DataBase/
AMSCommonsI-I-MipsFromCPUInfo: 2195.1
AMSCommonsI-I-SystemIdentified as  Intel(R) Xeon(R) CPU E5-2630 v4 @ 2.20GHz
AMSCommonsI-I-ComputerEvaluatedAsMips 3512
AMS Software version v5.02/1220/12 built Fri Apr 19 23:54:38 2019

Geant4  Version 1033
Run ID: 268 Bartel: 22
Input Destination: /eos/ams/user/s/selu/mdst/He122/mdst_60441808.root
Output Destination: /afs/cern.ch/work/c/ctuysuz/private/he_flux/LSF/result_mc_time/time_22/he_flux_22_268.root
Add hist00 from /eos/ams/user/s/selu/mdst/He122/mdst_60441808.root
Start of Init
Use new binning
Start of Eventloop
Ntr, Nent= 1 423249
IsMC= 1
Parameter[0] = -2.70854
Parameter[1] = -3.0386
Parameter[2] = -3.60827
Parameter[3] = -5.53986
Parameter[4] = 0.260502
Parameter[5] = -2.32334
mdfil_info:  10.0%   16 sec CPU:  13.7%
mdfil_info:  20.0%   21 sec CPU:  19.9%
mdfil_info:  30.0%   26 sec CPU:  23.4%
mdfil_info:  40.0%   31 sec CPU:  25.7%
mdfil_info:  50.0%   36 sec CPU:  27.8%
mdfil_info:  60.0%   41 sec CPU:  29.1%
mdfil_info:  70.0%   46 sec CPU:  30.2%
mdfil_info:  80.0%   51 sec CPU:  31.1%
mdfil_info:  90.0%   56 sec CPU:  31.6%
mdfil_info: 100.0%   61 sec CPU:  32.4%
mdfil_info: 100.0%   61 sec CPU:  32.4%
36444
AMSCommonsI-I-HardwareIdentifiedAs Linux 3.10.0-957.12.1.el7.x86_64 x86_64 2
AMSCommonsI-I-Identified as LittleEndian 64 bit machine. 4294967295
AMSCommonsI-I-amsdatabase /cvmfs/ams.cern.ch/Offline/AMSDataDir/DataBase/
AMSCommonsI-I-MipsFromCPUInfo: 2195.1
AMSCommonsI-I-SystemIdentified as  Intel(R) Xeon(R) CPU E5-2630 v4 @ 2.20GHz
AMSCommonsI-I-ComputerEvaluatedAsMips 3512
AMS Software version v5.02/1220/12 built Fri Apr 19 23:54:38 2019

Geant4  Version 1033
Run ID: 449 Bartel: 76
Input Destination: /eos/ams/user/s/selu/mdst/He314/mdst_120929849.root
Output Destination: /afs/cern.ch/work/c/ctuysuz/private/he_flux/LSF/result_mc_time/time_76/he_flux_76_449.root
Add hist00 from /eos/ams/user/s/selu/mdst/He314/mdst_120929849.root
Start of Init
Use new binning
Start of Eventloop
Ntr, Nent= 1 49077
IsMC= 1
Parameter[0] = -2.48624
Parameter[1] = -2.95496
Parameter[2] = -3.57221
Parameter[3] = -5.5192
Parameter[4] = 0.00191236
Parameter[5] = -2.34472
mdfil_info:  10.0%    0 sec CPU:  77.3%
mdfil_info:  20.0%    1 sec CPU:  78.7%
mdfil_info:  30.0%    1 sec CPU:  80.0%
mdfil_info:  40.0%    1 sec CPU:  84.1%
mdfil_info:  50.0%    1 sec CPU:  84.6%
mdfil_info:  60.0%    2 sec CPU:  86.6%
mdfil_info:  70.0%    2 sec CPU:  86.1%
mdfil_info:  80.0%    2 sec CPU:  86.8%
mdfil_info:  90.0%    2 sec CPU:  87.8%
mdfil_info: 100.0%    2 sec CPU:  87.9%
mdfil_info: 100.0%    2 sec CPU:  87.9%
