WARN: the 'eosmount' alias is deprecated, please use /eos directly
License ports: 28518@lxlicen01.cern.ch,28518@lxlicen02.cern.ch,28518@lxlicen03.cern.ch:/cvmfs/projects.cern.ch/intelsw/psxe/linux/licenses
Intel(R) Parallel Studio XE 2018 Update 2 for Linux*
Copyright (C) 2009-2018 Intel Corporation. All rights reserved.
3112
AMSCommonsI-I-HardwareIdentifiedAs Linux 3.10.0-957.10.1.el7.x86_64 x86_64 2
AMSCommonsI-I-Identified as LittleEndian 64 bit machine. 4294967295
AMSCommonsI-I-amsdatabase /cvmfs/ams.cern.ch/Offline/AMSDataDir/DataBase/
AMSCommonsI-I-MipsFromCPUInfo: 2194.92
AMSCommonsI-I-SystemIdentified as  Intel(R) Xeon(R) CPU E5-2630 v4 @ 2.20GHz
AMSCommonsI-I-ComputerEvaluatedAsMips 3511
AMS Software version v5.02/1220/12 built Fri Apr 19 23:54:38 2019

Geant4  Version 1033
Run ID: 38 Bartel: 35
Input Destination: /eos/ams/user/s/selu/mdst/He122/mdst_60441577.root
Output Destination: /afs/cern.ch/work/c/ctuysuz/private/he_flux/LSF/result_mc_time/time_35/he_flux_35_38.root
Add hist00 from /eos/ams/user/s/selu/mdst/He122/mdst_60441577.root
Start of Init
Use new binning
Start of Eventloop
Ntr, Nent= 1 437104
IsMC= 1
Parameter[0] = -2.78972
Parameter[1] = -3.05942
Parameter[2] = -3.61356
Parameter[3] = -5.57982
Parameter[4] = 0.513637
Parameter[5] = -2.53477
mdfil_info:  10.0%    3 sec CPU:  72.5%
mdfil_info:  20.0%    5 sec CPU:  77.7%
mdfil_info:  30.0%    8 sec CPU:  79.8%
mdfil_info:  40.0%   10 sec CPU:  81.2%
mdfil_info:  50.0%   12 sec CPU:  82.1%
mdfil_info:  60.0%   15 sec CPU:  82.4%
mdfil_info:  70.0%   17 sec CPU:  82.6%
mdfil_info:  80.0%   19 sec CPU:  82.5%
mdfil_info:  90.0%   22 sec CPU:  82.8%
mdfil_info: 100.0%   24 sec CPU:  83.1%
mdfil_info: 100.0%   24 sec CPU:  83.1%
17827
AMSCommonsI-I-HardwareIdentifiedAs Linux 3.10.0-957.10.1.el7.x86_64 x86_64 2
AMSCommonsI-I-Identified as LittleEndian 64 bit machine. 4294967295
AMSCommonsI-I-amsdatabase /cvmfs/ams.cern.ch/Offline/AMSDataDir/DataBase/
AMSCommonsI-I-MipsFromCPUInfo: 2194.92
AMSCommonsI-I-SystemIdentified as  Intel(R) Xeon(R) CPU E5-2630 v4 @ 2.20GHz
AMSCommonsI-I-ComputerEvaluatedAsMips 3511
AMS Software version v5.02/1220/12 built Fri Apr 19 23:54:38 2019

Geant4  Version 1033
Run ID: 220 Bartel: 8
Input Destination: /eos/ams/user/s/selu/mdst/He122/mdst_60441760.root
Output Destination: /afs/cern.ch/work/c/ctuysuz/private/he_flux/LSF/result_mc_time/time_8/he_flux_8_220.root
Add hist00 from /eos/ams/user/s/selu/mdst/He122/mdst_60441760.root
Start of Init
Use new binning
Start of Eventloop
Ntr, Nent= 1 438655
IsMC= 1
Parameter[0] = -2.58724
Parameter[1] = -2.99412
Parameter[2] = -3.58142
Parameter[3] = -5.49201
Parameter[4] = 0.101989
Parameter[5] = -2.14779
mdfil_info:  10.0%   21 sec CPU:  11.0%
mdfil_info:  20.0%   28 sec CPU:  15.5%
mdfil_info:  30.0%   35 sec CPU:  18.5%
mdfil_info:  40.0%   42 sec CPU:  20.2%
mdfil_info:  50.0%   49 sec CPU:  21.5%
mdfil_info:  60.0%   57 sec CPU:  22.4%
mdfil_info:  70.0%   64 sec CPU:  23.0%
mdfil_info:  80.0%   72 sec CPU:  23.4%
mdfil_info:  90.0%   80 sec CPU:  23.6%
mdfil_info: 100.0%   87 sec CPU:  24.2%
mdfil_info: 100.0%   87 sec CPU:  24.2%
32542
AMSCommonsI-I-HardwareIdentifiedAs Linux 3.10.0-957.10.1.el7.x86_64 x86_64 2
AMSCommonsI-I-Identified as LittleEndian 64 bit machine. 4294967295
AMSCommonsI-I-amsdatabase /cvmfs/ams.cern.ch/Offline/AMSDataDir/DataBase/
AMSCommonsI-I-MipsFromCPUInfo: 2194.92
AMSCommonsI-I-SystemIdentified as  Intel(R) Xeon(R) CPU E5-2630 v4 @ 2.20GHz
AMSCommonsI-I-ComputerEvaluatedAsMips 3511
AMS Software version v5.02/1220/12 built Fri Apr 19 23:54:38 2019

Geant4  Version 1033
Run ID: 401 Bartel: 62
Input Destination: /eos/ams/user/s/selu/mdst/He122/mdst_60442289.root
Output Destination: /afs/cern.ch/work/c/ctuysuz/private/he_flux/LSF/result_mc_time/time_62/he_flux_62_401.root
Add hist00 from /eos/ams/user/s/selu/mdst/He122/mdst_60442289.root
Start of Init
Use new binning
Start of Eventloop
Ntr, Nent= 1 434468
IsMC= 1
Parameter[0] = -2.64206
Parameter[1] = -3.02985
Parameter[2] = -3.62083
Parameter[3] = -5.50236
Parameter[4] = 0.0367156
Parameter[5] = -2.23473
mdfil_info:  10.0%    3 sec CPU:  73.9%
mdfil_info:  20.0%    5 sec CPU:  79.5%
mdfil_info:  30.0%    8 sec CPU:  80.9%
mdfil_info:  40.0%   10 sec CPU:  82.1%
mdfil_info:  50.0%   12 sec CPU:  83.0%
mdfil_info:  60.0%   15 sec CPU:  82.4%
mdfil_info:  70.0%   17 sec CPU:  82.4%
mdfil_info:  80.0%   20 sec CPU:  82.2%
mdfil_info:  90.0%   22 sec CPU:  82.5%
mdfil_info: 100.0%   25 sec CPU:  82.9%
mdfil_info: 100.0%   25 sec CPU:  82.9%
