WARN: the 'eosmount' alias is deprecated, please use /eos directly
License ports: 28518@lxlicen01.cern.ch,28518@lxlicen02.cern.ch,28518@lxlicen03.cern.ch:/cvmfs/projects.cern.ch/intelsw/psxe/linux/licenses
Intel(R) Parallel Studio XE 2018 Update 2 for Linux*
Copyright (C) 2009-2018 Intel Corporation. All rights reserved.
7618
AMSCommonsI-I-HardwareIdentifiedAs Linux 3.10.0-957.10.1.el7.x86_64 x86_64 2
AMSCommonsI-I-Identified as LittleEndian 64 bit machine. 4294967295
AMSCommonsI-I-amsdatabase /cvmfs/ams.cern.ch/Offline/AMSDataDir/DataBase/
AMSCommonsI-I-MipsFromCPUInfo: 2194.92
AMSCommonsI-I-SystemIdentified as  Intel(R) Xeon(R) CPU E5-2630 v4 @ 2.20GHz
AMSCommonsI-I-ComputerEvaluatedAsMips 3511
AMS Software version v5.02/1220/12 built Fri Apr 19 23:54:38 2019

Geant4  Version 1033
Run ID: 94 Bartel: 5
Input Destination: /eos/ams/user/s/selu/mdst/He122/mdst_60441634.root
Output Destination: /afs/cern.ch/work/c/ctuysuz/private/he_flux/LSF/result_mc_time/time_5/he_flux_5_94.root
Add hist00 from /eos/ams/user/s/selu/mdst/He122/mdst_60441634.root
Start of Init
Use new binning
Start of Eventloop
Ntr, Nent= 1 436444
IsMC= 1
Parameter[0] = -2.62631
Parameter[1] = -3.02179
Parameter[2] = -3.60875
Parameter[3] = -5.5302
Parameter[4] = 0.0850909
Parameter[5] = -2.38189
mdfil_info:  10.0%   16 sec CPU:  11.1%
mdfil_info:  20.0%   21 sec CPU:  15.6%
mdfil_info:  30.0%   27 sec CPU:  18.2%
mdfil_info:  40.0%   35 sec CPU:  18.8%
mdfil_info:  50.0%   43 sec CPU:  19.1%
mdfil_info:  60.0%   52 sec CPU:  18.6%
mdfil_info:  70.0%   61 sec CPU:  18.7%
mdfil_info:  80.0%   68 sec CPU:  19.2%
mdfil_info:  90.0%   73 sec CPU:  19.9%
mdfil_info: 100.0%   79 sec CPU:  20.6%
mdfil_info: 100.0%   79 sec CPU:  20.6%
22333
AMSCommonsI-I-HardwareIdentifiedAs Linux 3.10.0-957.10.1.el7.x86_64 x86_64 2
AMSCommonsI-I-Identified as LittleEndian 64 bit machine. 4294967295
AMSCommonsI-I-amsdatabase /cvmfs/ams.cern.ch/Offline/AMSDataDir/DataBase/
AMSCommonsI-I-MipsFromCPUInfo: 2194.92
AMSCommonsI-I-SystemIdentified as  Intel(R) Xeon(R) CPU E5-2630 v4 @ 2.20GHz
AMSCommonsI-I-ComputerEvaluatedAsMips 3511
AMS Software version v5.02/1220/12 built Fri Apr 19 23:54:38 2019

Geant4  Version 1033
Run ID: 275 Bartel: 59
Input Destination: /eos/ams/user/s/selu/mdst/He122/mdst_60441815.root
Output Destination: /afs/cern.ch/work/c/ctuysuz/private/he_flux/LSF/result_mc_time/time_59/he_flux_59_275.root
Add hist00 from /eos/ams/user/s/selu/mdst/He122/mdst_60441815.root
Start of Init
Use new binning
Start of Eventloop
Ntr, Nent= 1 442905
IsMC= 1
Parameter[0] = -2.68656
Parameter[1] = -3.03432
Parameter[2] = -3.61157
Parameter[3] = -5.53634
Parameter[4] = 0.355938
Parameter[5] = -2.28628
mdfil_info:  10.0%   16 sec CPU:  11.0%
mdfil_info:  20.0%   21 sec CPU:  16.1%
mdfil_info:  30.0%   26 sec CPU:  19.0%
mdfil_info:  40.0%   31 sec CPU:  21.0%
mdfil_info:  50.0%   36 sec CPU:  22.4%
mdfil_info:  60.0%   41 sec CPU:  23.5%
mdfil_info:  70.0%   46 sec CPU:  24.5%
mdfil_info:  80.0%   51 sec CPU:  25.2%
mdfil_info:  90.0%   57 sec CPU:  25.6%
mdfil_info: 100.0%   63 sec CPU:  25.9%
mdfil_info: 100.0%   63 sec CPU:  25.9%
37048
AMSCommonsI-I-HardwareIdentifiedAs Linux 3.10.0-957.10.1.el7.x86_64 x86_64 2
AMSCommonsI-I-Identified as LittleEndian 64 bit machine. 4294967295
AMSCommonsI-I-amsdatabase /cvmfs/ams.cern.ch/Offline/AMSDataDir/DataBase/
AMSCommonsI-I-MipsFromCPUInfo: 2194.92
AMSCommonsI-I-SystemIdentified as  Intel(R) Xeon(R) CPU E5-2630 v4 @ 2.20GHz
AMSCommonsI-I-ComputerEvaluatedAsMips 3511
AMS Software version v5.02/1220/12 built Fri Apr 19 23:54:38 2019

Geant4  Version 1033
Run ID: 457 Bartel: 32
Input Destination: /eos/ams/user/s/selu/mdst/He314/mdst_120929857.root
Output Destination: /afs/cern.ch/work/c/ctuysuz/private/he_flux/LSF/result_mc_time/time_32/he_flux_32_457.root
Add hist00 from /eos/ams/user/s/selu/mdst/He314/mdst_120929857.root
Start of Init
Use new binning
Start of Eventloop
Ntr, Nent= 1 122421
IsMC= 1
Parameter[0] = -2.77785
Parameter[1] = -3.05134
Parameter[2] = -3.60147
Parameter[3] = -5.53079
Parameter[4] = 0.319411
Parameter[5] = -2.38899
mdfil_info:  10.0%    1 sec CPU:  60.2%
mdfil_info:  20.0%    1 sec CPU:  65.2%
mdfil_info:  30.0%    2 sec CPU:  65.1%
mdfil_info:  40.0%    3 sec CPU:  68.0%
mdfil_info:  50.0%    3 sec CPU:  70.9%
mdfil_info:  60.0%    4 sec CPU:  72.4%
mdfil_info:  70.0%    5 sec CPU:  73.9%
mdfil_info:  80.0%    5 sec CPU:  74.3%
mdfil_info:  90.0%    6 sec CPU:  74.7%
mdfil_info: 100.0%    6 sec CPU:  75.5%
mdfil_info: 100.0%    6 sec CPU:  75.5%
