WARN: the 'eosmount' alias is deprecated, please use /eos directly
License ports: 28518@lxlicen01.cern.ch,28518@lxlicen02.cern.ch,28518@lxlicen03.cern.ch:/cvmfs/projects.cern.ch/intelsw/psxe/linux/licenses
Intel(R) Parallel Studio XE 2018 Update 2 for Linux*
Copyright (C) 2009-2018 Intel Corporation. All rights reserved.
11972
AMSCommonsI-I-HardwareIdentifiedAs Linux 3.10.0-957.10.1.el7.x86_64 x86_64 2
AMSCommonsI-I-Identified as LittleEndian 64 bit machine. 4294967295
AMSCommonsI-I-amsdatabase /cvmfs/ams.cern.ch/Offline/AMSDataDir/DataBase/
AMSCommonsI-I-MipsFromCPUInfo: 2194.92
AMSCommonsI-I-SystemIdentified as  Intel(R) Xeon(R) CPU E5-2630 v4 @ 2.20GHz
AMSCommonsI-I-ComputerEvaluatedAsMips 3511
AMS Software version v5.02/1220/12 built Fri Apr 19 23:54:38 2019

Geant4  Version 1033
Run ID: 147 Bartel: 66
Input Destination: /eos/ams/user/s/selu/mdst/He122/mdst_60441687.root
Output Destination: /afs/cern.ch/work/c/ctuysuz/private/he_flux/LSF/result_mc_time/time_66/he_flux_66_147.root
Add hist00 from /eos/ams/user/s/selu/mdst/He122/mdst_60441687.root
Start of Init
Use new binning
Start of Eventloop
Ntr, Nent= 1 438104
IsMC= 1
Parameter[0] = -2.5779
Parameter[1] = -2.99002
Parameter[2] = -3.59372
Parameter[3] = -5.46372
Parameter[4] = 0.117988
Parameter[5] = -1.94602
mdfil_info:  10.0%   14 sec CPU:  15.9%
mdfil_info:  20.0%   21 sec CPU:  20.2%
mdfil_info:  30.0%   27 sec CPU:  23.4%
mdfil_info:  40.0%   35 sec CPU:  24.4%
mdfil_info:  50.0%   43 sec CPU:  24.5%
mdfil_info:  60.0%   52 sec CPU:  24.5%
mdfil_info:  70.0%   60 sec CPU:  24.7%
mdfil_info:  80.0%   68 sec CPU:  25.4%
mdfil_info:  90.0%   77 sec CPU:  25.3%
mdfil_info: 100.0%   88 sec CPU:  24.3%
mdfil_info: 100.0%   88 sec CPU:  24.3%
26687
AMSCommonsI-I-HardwareIdentifiedAs Linux 3.10.0-957.10.1.el7.x86_64 x86_64 2
AMSCommonsI-I-Identified as LittleEndian 64 bit machine. 4294967295
AMSCommonsI-I-amsdatabase /cvmfs/ams.cern.ch/Offline/AMSDataDir/DataBase/
AMSCommonsI-I-MipsFromCPUInfo: 2194.92
AMSCommonsI-I-SystemIdentified as  Intel(R) Xeon(R) CPU E5-2630 v4 @ 2.20GHz
AMSCommonsI-I-ComputerEvaluatedAsMips 3511
AMS Software version v5.02/1220/12 built Fri Apr 19 23:54:38 2019

Geant4  Version 1033
Run ID: 329 Bartel: 39
Input Destination: /eos/ams/user/s/selu/mdst/He122/mdst_60441869.root
Output Destination: /afs/cern.ch/work/c/ctuysuz/private/he_flux/LSF/result_mc_time/time_39/he_flux_39_329.root
Add hist00 from /eos/ams/user/s/selu/mdst/He122/mdst_60441869.root
Start of Init
Use new binning
Start of Eventloop
Ntr, Nent= 1 437275
IsMC= 1
Parameter[0] = -2.81505
Parameter[1] = -3.07484
Parameter[2] = -3.62471
Parameter[3] = -5.62014
Parameter[4] = 0.622835
Parameter[5] = -2.8044
mdfil_info:  10.0%   20 sec CPU:  11.2%
mdfil_info:  20.0%   27 sec CPU:  16.2%
mdfil_info:  30.0%   34 sec CPU:  18.9%
mdfil_info:  40.0%   46 sec CPU:  18.5%
mdfil_info:  50.0%   57 sec CPU:  18.6%
mdfil_info:  60.0%   66 sec CPU:  19.3%
mdfil_info:  70.0%   74 sec CPU:  19.8%
mdfil_info:  80.0%   86 sec CPU:  19.4%
mdfil_info:  90.0%   96 sec CPU:  19.6%
mdfil_info: 100.0%  104 sec CPU:  20.0%
mdfil_info: 100.0%  104 sec CPU:  20.0%
41402
AMSCommonsI-I-HardwareIdentifiedAs Linux 3.10.0-957.10.1.el7.x86_64 x86_64 2
AMSCommonsI-I-Identified as LittleEndian 64 bit machine. 4294967295
AMSCommonsI-I-amsdatabase /cvmfs/ams.cern.ch/Offline/AMSDataDir/DataBase/
AMSCommonsI-I-MipsFromCPUInfo: 2194.92
AMSCommonsI-I-SystemIdentified as  Intel(R) Xeon(R) CPU E5-2630 v4 @ 2.20GHz
AMSCommonsI-I-ComputerEvaluatedAsMips 3511
AMS Software version v5.02/1220/12 built Fri Apr 19 23:54:38 2019

Geant4  Version 1033
Run ID: 511 Bartel: 12
Input Destination: /eos/ams/user/s/selu/mdst/He314/mdst_120929912.root
Output Destination: /afs/cern.ch/work/c/ctuysuz/private/he_flux/LSF/result_mc_time/time_12/he_flux_12_511.root
Add hist00 from /eos/ams/user/s/selu/mdst/He314/mdst_120929912.root
Start of Init
Use new binning
Start of Eventloop
Ntr, Nent= 1 98291
IsMC= 1
Parameter[0] = -2.69683
Parameter[1] = -3.04779
Parameter[2] = -3.61865
Parameter[3] = -5.53473
Parameter[4] = 0.213856
Parameter[5] = -2.39642
mdfil_info:  10.0%    1 sec CPU:  68.7%
mdfil_info:  20.0%    1 sec CPU:  70.2%
mdfil_info:  30.0%    2 sec CPU:  71.4%
mdfil_info:  40.0%    3 sec CPU:  74.4%
mdfil_info:  50.0%    3 sec CPU:  77.2%
mdfil_info:  60.0%    4 sec CPU:  79.1%
mdfil_info:  70.0%    4 sec CPU:  80.3%
mdfil_info:  80.0%    5 sec CPU:  81.3%
mdfil_info:  90.0%    5 sec CPU:  81.8%
mdfil_info: 100.0%    6 sec CPU:  82.5%
mdfil_info: 100.0%    6 sec CPU:  82.5%
