WARN: the 'eosmount' alias is deprecated, please use /eos directly
License ports: 28518@lxlicen01.cern.ch,28518@lxlicen02.cern.ch,28518@lxlicen03.cern.ch:/cvmfs/projects.cern.ch/intelsw/psxe/linux/licenses
Intel(R) Parallel Studio XE 2018 Update 2 for Linux*
Copyright (C) 2009-2018 Intel Corporation. All rights reserved.
11706
AMSCommonsI-I-HardwareIdentifiedAs Linux 3.10.0-957.10.1.el7.x86_64 x86_64 2
AMSCommonsI-I-Identified as LittleEndian 64 bit machine. 4294967295
AMSCommonsI-I-amsdatabase /cvmfs/ams.cern.ch/Offline/AMSDataDir/DataBase/
AMSCommonsI-I-MipsFromCPUInfo: 2194.92
AMSCommonsI-I-SystemIdentified as  Intel(R) Xeon(R) CPU E5-2630 v4 @ 2.20GHz
AMSCommonsI-I-ComputerEvaluatedAsMips 3511
AMS Software version v5.02/1220/12 built Fri Apr 19 23:54:38 2019

Geant4  Version 1033
Run ID: 144 Bartel: 43
Input Destination: /eos/ams/user/s/selu/mdst/He122/mdst_60441684.root
Output Destination: /afs/cern.ch/work/c/ctuysuz/private/he_flux/LSF/result_mc_time/time_43/he_flux_43_144.root
Add hist00 from /eos/ams/user/s/selu/mdst/He122/mdst_60441684.root
Start of Init
Use new binning
Start of Eventloop
Ntr, Nent= 1 439640
IsMC= 1
Parameter[0] = -2.79775
Parameter[1] = -3.07523
Parameter[2] = -3.62821
Parameter[3] = -5.6114
Parameter[4] = 0.460986
Parameter[5] = -2.73201
mdfil_info:  10.0%   16 sec CPU:  14.0%
mdfil_info:  20.0%   30 sec CPU:  14.9%
mdfil_info:  30.0%   39 sec CPU:  17.0%
mdfil_info:  40.0%   48 sec CPU:  18.2%
mdfil_info:  50.0%   54 sec CPU:  20.1%
mdfil_info:  60.0%   61 sec CPU:  21.2%
mdfil_info:  70.0%   74 sec CPU:  20.2%
mdfil_info:  80.0%   82 sec CPU:  20.8%
mdfil_info:  90.0%   90 sec CPU:  21.3%
mdfil_info: 100.0%  101 sec CPU:  21.1%
26421
AMSCommonsI-I-HardwareIdentifiedAs Linux 3.10.0-957.10.1.el7.x86_64 x86_64 2
AMSCommonsI-I-Identified as LittleEndian 64 bit machine. 4294967295
AMSCommonsI-I-amsdatabase /cvmfs/ams.cern.ch/Offline/AMSDataDir/DataBase/
AMSCommonsI-I-MipsFromCPUInfo: 2194.92
AMSCommonsI-I-SystemIdentified as  Intel(R) Xeon(R) CPU E5-2630 v4 @ 2.20GHz
AMSCommonsI-I-ComputerEvaluatedAsMips 3511
AMS Software version v5.02/1220/12 built Fri Apr 19 23:54:38 2019

Geant4  Version 1033
Run ID: 326 Bartel: 16
Input Destination: /eos/ams/user/s/selu/mdst/He122/mdst_60441866.root
Output Destination: /afs/cern.ch/work/c/ctuysuz/private/he_flux/LSF/result_mc_time/time_16/he_flux_16_326.root
Add hist00 from /eos/ams/user/s/selu/mdst/He122/mdst_60441866.root
Start of Init
Use new binning
Start of Eventloop
Ntr, Nent= 1 442389
IsMC= 1
Parameter[0] = -2.6668
Parameter[1] = -3.03435
Parameter[2] = -3.60385
Parameter[3] = -5.49763
Parameter[4] = 0.211134
Parameter[5] = -2.07053
mdfil_info:  10.0%    3 sec CPU:  74.6%
mdfil_info:  20.0%    5 sec CPU:  80.3%
mdfil_info:  30.0%    7 sec CPU:  82.6%
mdfil_info:  40.0%    9 sec CPU:  83.9%
mdfil_info:  50.0%   11 sec CPU:  84.7%
mdfil_info:  60.0%   14 sec CPU:  85.2%
mdfil_info:  70.0%   16 sec CPU:  85.3%
mdfil_info:  80.0%   18 sec CPU:  85.7%
mdfil_info:  90.0%   20 sec CPU:  85.7%
mdfil_info: 100.0%   22 sec CPU:  85.9%
mdfil_info: 100.0%   22 sec CPU:  85.9%
41136
AMSCommonsI-I-HardwareIdentifiedAs Linux 3.10.0-957.10.1.el7.x86_64 x86_64 2
AMSCommonsI-I-Identified as LittleEndian 64 bit machine. 4294967295
AMSCommonsI-I-amsdatabase /cvmfs/ams.cern.ch/Offline/AMSDataDir/DataBase/
AMSCommonsI-I-MipsFromCPUInfo: 2194.92
AMSCommonsI-I-SystemIdentified as  Intel(R) Xeon(R) CPU E5-2630 v4 @ 2.20GHz
AMSCommonsI-I-ComputerEvaluatedAsMips 3511
AMS Software version v5.02/1220/12 built Fri Apr 19 23:54:38 2019

Geant4  Version 1033
Run ID: 507 Bartel: 70
Input Destination: /eos/ams/user/s/selu/mdst/He314/mdst_120929908.root
Output Destination: /afs/cern.ch/work/c/ctuysuz/private/he_flux/LSF/result_mc_time/time_70/he_flux_70_507.root
Add hist00 from /eos/ams/user/s/selu/mdst/He314/mdst_120929908.root
Start of Init
Use new binning
Start of Eventloop
Ntr, Nent= 1 110282
IsMC= 1
Parameter[0] = -2.55238
Parameter[1] = -2.98162
Parameter[2] = -3.58419
Parameter[3] = -5.43685
Parameter[4] = 0.00689862
Parameter[5] = -1.78447
mdfil_info:  10.0%   22 sec CPU:   2.9%
mdfil_info:  20.0%   37 sec CPU:   3.3%
mdfil_info:  30.0%   52 sec CPU:   3.6%
mdfil_info:  40.0%   59 sec CPU:   4.2%
mdfil_info:  50.0%   63 sec CPU:   4.8%
mdfil_info:  60.0%   68 sec CPU:   5.2%
mdfil_info:  70.0%   83 sec CPU:   4.9%
mdfil_info:  80.0%   88 sec CPU:   5.3%
mdfil_info:  90.0%   92 sec CPU:   5.7%
mdfil_info: 100.0%   99 sec CPU:   5.8%
mdfil_info: 100.0%   99 sec CPU:   5.8%
