WARN: the 'eosmount' alias is deprecated, please use /eos directly
License ports: 28518@lxlicen01.cern.ch,28518@lxlicen02.cern.ch,28518@lxlicen03.cern.ch:/cvmfs/projects.cern.ch/intelsw/psxe/linux/licenses
Intel(R) Parallel Studio XE 2018 Update 2 for Linux*
Copyright (C) 2009-2018 Intel Corporation. All rights reserved.
10769
AMSCommonsI-I-HardwareIdentifiedAs Linux 3.10.0-957.12.2.el7.x86_64 x86_64 2
AMSCommonsI-I-Identified as LittleEndian 64 bit machine. 4294967295
AMSCommonsI-I-amsdatabase /cvmfs/ams.cern.ch/Offline/AMSDataDir/DataBase/
AMSCommonsI-I-MipsFromCPUInfo: 2394.45
AMSCommonsI-I-SystemIdentified as  Intel(R) Xeon(R) CPU E5-2630 v3 @ 2.40GHz
AMSCommonsI-I-ComputerEvaluatedAsMips 3831
AMS Software version v5.02/1220/12 built Fri Apr 19 23:54:38 2019

Geant4  Version 1033
Run ID: 132 Bartel: 78
Input Destination: /eos/ams/user/s/selu/mdst/He122/mdst_60441672.root
Output Destination: /afs/cern.ch/work/c/ctuysuz/private/he_flux/LSF/result_mc_time/time_78/he_flux_78_132.root
Add hist00 from /eos/ams/user/s/selu/mdst/He122/mdst_60441672.root
Start of Init
Use new binning
Start of Eventloop
Ntr, Nent= 1 436413
IsMC= 1
Parameter[0] = -2.48013
Parameter[1] = -2.9556
Parameter[2] = -3.57501
Parameter[3] = -5.51652
Parameter[4] = -0.0886133
Parameter[5] = -2.33511
mdfil_info:  10.0%   17 sec CPU:  12.2%
mdfil_info:  20.0%   23 sec CPU:  18.1%
mdfil_info:  30.0%   29 sec CPU:  20.7%
mdfil_info:  40.0%   35 sec CPU:  22.8%
mdfil_info:  50.0%   40 sec CPU:  24.3%
mdfil_info:  60.0%   46 sec CPU:  25.1%
mdfil_info:  70.0%   52 sec CPU:  25.8%
mdfil_info:  80.0%   58 sec CPU:  26.3%
mdfil_info:  90.0%   68 sec CPU:  25.0%
mdfil_info: 100.0%   77 sec CPU:  24.4%
mdfil_info: 100.0%   77 sec CPU:  24.4%
25484
AMSCommonsI-I-HardwareIdentifiedAs Linux 3.10.0-957.12.2.el7.x86_64 x86_64 2
AMSCommonsI-I-Identified as LittleEndian 64 bit machine. 4294967295
AMSCommonsI-I-amsdatabase /cvmfs/ams.cern.ch/Offline/AMSDataDir/DataBase/
AMSCommonsI-I-MipsFromCPUInfo: 2394.45
AMSCommonsI-I-SystemIdentified as  Intel(R) Xeon(R) CPU E5-2630 v3 @ 2.40GHz
AMSCommonsI-I-ComputerEvaluatedAsMips 3831
AMS Software version v5.02/1220/12 built Fri Apr 19 23:54:38 2019

Geant4  Version 1033
Run ID: 314 Bartel: 51
Input Destination: /eos/ams/user/s/selu/mdst/He122/mdst_60441854.root
Output Destination: /afs/cern.ch/work/c/ctuysuz/private/he_flux/LSF/result_mc_time/time_51/he_flux_51_314.root
Add hist00 from /eos/ams/user/s/selu/mdst/He122/mdst_60441854.root
Start of Init
Use new binning
Start of Eventloop
Ntr, Nent= 1 440097
IsMC= 1
Parameter[0] = -2.74568
Parameter[1] = -3.06682
Parameter[2] = -3.63032
Parameter[3] = -5.60094
Parameter[4] = 0.442954
Parameter[5] = -2.61577
mdfil_info:  10.0%    2 sec CPU:  78.0%
mdfil_info:  20.0%    4 sec CPU:  84.1%
mdfil_info:  30.0%    6 sec CPU:  86.5%
mdfil_info:  40.0%    8 sec CPU:  87.8%
mdfil_info:  50.0%   10 sec CPU:  88.6%
mdfil_info:  60.0%   12 sec CPU:  88.9%
mdfil_info:  70.0%   14 sec CPU:  88.8%
mdfil_info:  80.0%   16 sec CPU:  88.7%
mdfil_info:  90.0%   18 sec CPU:  88.7%
mdfil_info: 100.0%   20 sec CPU:  88.7%
mdfil_info: 100.0%   20 sec CPU:  88.7%
40199
AMSCommonsI-I-HardwareIdentifiedAs Linux 3.10.0-957.12.2.el7.x86_64 x86_64 2
AMSCommonsI-I-Identified as LittleEndian 64 bit machine. 4294967295
AMSCommonsI-I-amsdatabase /cvmfs/ams.cern.ch/Offline/AMSDataDir/DataBase/
AMSCommonsI-I-MipsFromCPUInfo: 2394.45
AMSCommonsI-I-SystemIdentified as  Intel(R) Xeon(R) CPU E5-2630 v3 @ 2.40GHz
AMSCommonsI-I-ComputerEvaluatedAsMips 3831
AMS Software version v5.02/1220/12 built Fri Apr 19 23:54:38 2019

Geant4  Version 1033
Run ID: 496 Bartel: 24
Input Destination: /eos/ams/user/s/selu/mdst/He314/mdst_120929897.root
Output Destination: /afs/cern.ch/work/c/ctuysuz/private/he_flux/LSF/result_mc_time/time_24/he_flux_24_496.root
Add hist00 from /eos/ams/user/s/selu/mdst/He314/mdst_120929897.root
Start of Init
Use new binning
Start of Eventloop
Ntr, Nent= 1 109978
IsMC= 1
Parameter[0] = -2.67347
Parameter[1] = -3.02234
Parameter[2] = -3.59529
Parameter[3] = -5.54139
Parameter[4] = 0.298601
Parameter[5] = -2.30285
mdfil_info:  10.0%    1 sec CPU:  73.4%
mdfil_info:  20.0%    1 sec CPU:  75.1%
mdfil_info:  30.0%    2 sec CPU:  75.6%
mdfil_info:  40.0%    3 sec CPU:  79.2%
mdfil_info:  50.0%    3 sec CPU:  81.7%
mdfil_info:  60.0%    4 sec CPU:  83.2%
mdfil_info:  70.0%    4 sec CPU:  84.2%
mdfil_info:  80.0%    4 sec CPU:  85.2%
mdfil_info:  90.0%    5 sec CPU:  85.8%
mdfil_info: 100.0%    5 sec CPU:  86.3%
mdfil_info: 100.0%    5 sec CPU:  86.3%
