WARN: the 'eosmount' alias is deprecated, please use /eos directly
License ports: 28518@lxlicen01.cern.ch,28518@lxlicen02.cern.ch,28518@lxlicen03.cern.ch:/cvmfs/projects.cern.ch/intelsw/psxe/linux/licenses
Intel(R) Parallel Studio XE 2018 Update 2 for Linux*
Copyright (C) 2009-2018 Intel Corporation. All rights reserved.
8166
AMSCommonsI-I-HardwareIdentifiedAs Linux 3.10.0-957.10.1.el7.x86_64 x86_64 2
AMSCommonsI-I-Identified as LittleEndian 64 bit machine. 4294967295
AMSCommonsI-I-amsdatabase /cvmfs/ams.cern.ch/Offline/AMSDataDir/DataBase/
AMSCommonsI-I-MipsFromCPUInfo: 2194.92
AMSCommonsI-I-SystemIdentified as  Intel(R) Xeon(R) CPU E5-2630 v4 @ 2.20GHz
AMSCommonsI-I-ComputerEvaluatedAsMips 3511
AMS Software version v5.02/1220/12 built Fri Apr 19 23:54:38 2019

Geant4  Version 1033
Run ID: 100 Bartel: 67
Input Destination: /eos/ams/user/s/selu/mdst/He122/mdst_60441640.root
Output Destination: /afs/cern.ch/work/c/ctuysuz/private/he_flux/LSF/result_mc_time/time_67/he_flux_67_100.root
Add hist00 from /eos/ams/user/s/selu/mdst/He122/mdst_60441640.root
Start of Init
Use new binning
Start of Eventloop
Ntr, Nent= 1 438831
IsMC= 1
Parameter[0] = -2.58662
Parameter[1] = -2.98984
Parameter[2] = -3.59559
Parameter[3] = -5.5153
Parameter[4] = 0.161079
Parameter[5] = -2.33345
mdfil_info:  10.0%   19 sec CPU:  11.9%
mdfil_info:  20.0%   26 sec CPU:  16.7%
mdfil_info:  30.0%   33 sec CPU:  19.2%
mdfil_info:  40.0%   40 sec CPU:  21.5%
mdfil_info:  50.0%   46 sec CPU:  23.2%
mdfil_info:  60.0%   53 sec CPU:  24.0%
mdfil_info:  70.0%   60 sec CPU:  24.8%
mdfil_info:  80.0%   69 sec CPU:  24.8%
mdfil_info:  90.0%   76 sec CPU:  25.4%
mdfil_info: 100.0%   83 sec CPU:  25.8%
mdfil_info: 100.0%   83 sec CPU:  25.8%
22881
AMSCommonsI-I-HardwareIdentifiedAs Linux 3.10.0-957.10.1.el7.x86_64 x86_64 2
AMSCommonsI-I-Identified as LittleEndian 64 bit machine. 4294967295
AMSCommonsI-I-amsdatabase /cvmfs/ams.cern.ch/Offline/AMSDataDir/DataBase/
AMSCommonsI-I-MipsFromCPUInfo: 2194.92
AMSCommonsI-I-SystemIdentified as  Intel(R) Xeon(R) CPU E5-2630 v4 @ 2.20GHz
AMSCommonsI-I-ComputerEvaluatedAsMips 3511
AMS Software version v5.02/1220/12 built Fri Apr 19 23:54:38 2019

Geant4  Version 1033
Run ID: 282 Bartel: 40
Input Destination: /eos/ams/user/s/selu/mdst/He122/mdst_60441822.root
Output Destination: /afs/cern.ch/work/c/ctuysuz/private/he_flux/LSF/result_mc_time/time_40/he_flux_40_282.root
Add hist00 from /eos/ams/user/s/selu/mdst/He122/mdst_60441822.root
Start of Init
Use new binning
Start of Eventloop
Ntr, Nent= 1 437814
IsMC= 1
Parameter[0] = -2.8011
Parameter[1] = -3.07357
Parameter[2] = -3.62055
Parameter[3] = -5.55933
Parameter[4] = 0.549697
Parameter[5] = -2.37552
mdfil_info:  10.0%   19 sec CPU:  12.7%
mdfil_info:  20.0%   26 sec CPU:  17.7%
mdfil_info:  30.0%   33 sec CPU:  20.7%
mdfil_info:  40.0%   40 sec CPU:  22.5%
mdfil_info:  50.0%   46 sec CPU:  24.1%
mdfil_info:  60.0%   54 sec CPU:  24.8%
mdfil_info:  70.0%   61 sec CPU:  25.6%
mdfil_info:  80.0%   69 sec CPU:  25.8%
mdfil_info:  90.0%   76 sec CPU:  26.3%
mdfil_info: 100.0%   83 sec CPU:  26.5%
mdfil_info: 100.0%   83 sec CPU:  26.5%
37596
AMSCommonsI-I-HardwareIdentifiedAs Linux 3.10.0-957.10.1.el7.x86_64 x86_64 2
AMSCommonsI-I-Identified as LittleEndian 64 bit machine. 4294967295
AMSCommonsI-I-amsdatabase /cvmfs/ams.cern.ch/Offline/AMSDataDir/DataBase/
AMSCommonsI-I-MipsFromCPUInfo: 2194.92
AMSCommonsI-I-SystemIdentified as  Intel(R) Xeon(R) CPU E5-2630 v4 @ 2.20GHz
AMSCommonsI-I-ComputerEvaluatedAsMips 3511
AMS Software version v5.02/1220/12 built Fri Apr 19 23:54:38 2019

Geant4  Version 1033
Run ID: 464 Bartel: 13
Input Destination: /eos/ams/user/s/selu/mdst/He314/mdst_120929864.root
Output Destination: /afs/cern.ch/work/c/ctuysuz/private/he_flux/LSF/result_mc_time/time_13/he_flux_13_464.root
Add hist00 from /eos/ams/user/s/selu/mdst/He314/mdst_120929864.root
Start of Init
Use new binning
Start of Eventloop
Ntr, Nent= 1 122578
IsMC= 1
Parameter[0] = -2.65893
Parameter[1] = -3.01855
Parameter[2] = -3.59704
Parameter[3] = -5.53516
Parameter[4] = 0.293906
Parameter[5] = -2.25131
mdfil_info:  10.0%    1 sec CPU:  71.4%
mdfil_info:  20.0%    2 sec CPU:  73.2%
mdfil_info:  30.0%    3 sec CPU:  74.0%
mdfil_info:  40.0%    3 sec CPU:  77.1%
mdfil_info:  50.0%    4 sec CPU:  79.6%
mdfil_info:  60.0%    5 sec CPU:  80.5%
mdfil_info:  70.0%    5 sec CPU:  81.5%
mdfil_info:  80.0%    6 sec CPU:  82.0%
mdfil_info:  90.0%    6 sec CPU:  82.1%
mdfil_info: 100.0%    7 sec CPU:  82.8%
mdfil_info: 100.0%    7 sec CPU:  82.8%
