WARN: the 'eosmount' alias is deprecated, please use /eos directly
License ports: 28518@lxlicen01.cern.ch,28518@lxlicen02.cern.ch,28518@lxlicen03.cern.ch:/cvmfs/projects.cern.ch/intelsw/psxe/linux/licenses
Intel(R) Parallel Studio XE 2018 Update 2 for Linux*
Copyright (C) 2009-2018 Intel Corporation. All rights reserved.
14230
AMSCommonsI-I-HardwareIdentifiedAs Linux 3.10.0-957.12.2.el7.x86_64 x86_64 2
AMSCommonsI-I-Identified as LittleEndian 64 bit machine. 4294967295
AMSCommonsI-I-amsdatabase /cvmfs/ams.cern.ch/Offline/AMSDataDir/DataBase/
AMSCommonsI-I-MipsFromCPUInfo: 2394.45
AMSCommonsI-I-SystemIdentified as  Intel(R) Xeon(R) CPU E5-2630 v3 @ 2.40GHz
AMSCommonsI-I-ComputerEvaluatedAsMips 3831
AMS Software version v5.02/1220/12 built Fri Apr 19 23:54:38 2019

Geant4  Version 1033
Run ID: 175 Bartel: 56
Input Destination: /eos/ams/user/s/selu/mdst/He122/mdst_60441715.root
Output Destination: /afs/cern.ch/work/c/ctuysuz/private/he_flux/LSF/result_mc_time/time_56/he_flux_56_175.root
Add hist00 from /eos/ams/user/s/selu/mdst/He122/mdst_60441715.root
Start of Init
Use new binning
Start of Eventloop
Ntr, Nent= 1 438112
IsMC= 1
Parameter[0] = -2.72531
Parameter[1] = -3.04724
Parameter[2] = -3.61961
Parameter[3] = -5.54865
Parameter[4] = 0.293124
Parameter[5] = -2.44228
mdfil_info:  10.0%   18 sec CPU:  11.3%
mdfil_info:  20.0%   23 sec CPU:  15.8%
mdfil_info:  30.0%   29 sec CPU:  18.9%
mdfil_info:  40.0%   34 sec CPU:  21.0%
mdfil_info:  50.0%   39 sec CPU:  22.5%
mdfil_info:  60.0%   44 sec CPU:  23.7%
mdfil_info:  70.0%   50 sec CPU:  24.5%
mdfil_info:  80.0%   56 sec CPU:  25.1%
mdfil_info:  90.0%   61 sec CPU:  25.6%
mdfil_info: 100.0%   66 sec CPU:  26.2%
mdfil_info: 100.0%   66 sec CPU:  26.2%
28945
AMSCommonsI-I-HardwareIdentifiedAs Linux 3.10.0-957.12.2.el7.x86_64 x86_64 2
AMSCommonsI-I-Identified as LittleEndian 64 bit machine. 4294967295
AMSCommonsI-I-amsdatabase /cvmfs/ams.cern.ch/Offline/AMSDataDir/DataBase/
AMSCommonsI-I-MipsFromCPUInfo: 2394.45
AMSCommonsI-I-SystemIdentified as  Intel(R) Xeon(R) CPU E5-2630 v3 @ 2.40GHz
AMSCommonsI-I-ComputerEvaluatedAsMips 3831
AMS Software version v5.02/1220/12 built Fri Apr 19 23:54:38 2019

Geant4  Version 1033
Run ID: 357 Bartel: 29
Input Destination: /eos/ams/user/s/selu/mdst/He122/mdst_60442245.root
Output Destination: /afs/cern.ch/work/c/ctuysuz/private/he_flux/LSF/result_mc_time/time_29/he_flux_29_357.root
Add hist00 from /eos/ams/user/s/selu/mdst/He122/mdst_60442245.root
Start of Init
Use new binning
Start of Eventloop
Ntr, Nent= 1 434895
IsMC= 1
Parameter[0] = -2.79936
Parameter[1] = -3.07658
Parameter[2] = -3.62788
Parameter[3] = -5.57562
Parameter[4] = 0.497287
Parameter[5] = -2.44847
mdfil_info:  10.0%    2 sec CPU:  79.7%
mdfil_info:  20.0%    4 sec CPU:  84.9%
mdfil_info:  30.0%    6 sec CPU:  86.5%
mdfil_info:  40.0%    8 sec CPU:  87.8%
mdfil_info:  50.0%    9 sec CPU:  88.4%
mdfil_info:  60.0%   11 sec CPU:  88.7%
mdfil_info:  70.0%   13 sec CPU:  89.0%
mdfil_info:  80.0%   15 sec CPU:  89.2%
mdfil_info:  90.0%   16 sec CPU:  89.4%
mdfil_info: 100.0%   18 sec CPU:  89.5%
mdfil_info: 100.0%   18 sec CPU:  89.5%
43660
AMSCommonsI-I-HardwareIdentifiedAs Linux 3.10.0-957.12.2.el7.x86_64 x86_64 2
AMSCommonsI-I-Identified as LittleEndian 64 bit machine. 4294967295
AMSCommonsI-I-amsdatabase /cvmfs/ams.cern.ch/Offline/AMSDataDir/DataBase/
AMSCommonsI-I-MipsFromCPUInfo: 2394.45
AMSCommonsI-I-SystemIdentified as  Intel(R) Xeon(R) CPU E5-2630 v3 @ 2.40GHz
AMSCommonsI-I-ComputerEvaluatedAsMips 3831
AMS Software version v5.02/1220/12 built Fri Apr 19 23:54:38 2019

Geant4  Version 1033
Run ID: 539 Bartel: 2
Input Destination: /eos/ams/user/s/selu/mdst/He314/mdst_120929944.root
Output Destination: /afs/cern.ch/work/c/ctuysuz/private/he_flux/LSF/result_mc_time/time_2/he_flux_2_539.root
Add hist00 from /eos/ams/user/s/selu/mdst/He314/mdst_120929944.root
Start of Init
Use new binning
Start of Eventloop
Ntr, Nent= 1 115557
IsMC= 1
Parameter[0] = -2.61736
Parameter[1] = -2.93157
Parameter[2] = -3.51989
Parameter[3] = -5.49278
Parameter[4] = 0.444434
Parameter[5] = -2.60596
mdfil_info:  10.0%    1 sec CPU:  68.6%
mdfil_info:  20.0%    1 sec CPU:  69.7%
mdfil_info:  30.0%    2 sec CPU:  71.2%
mdfil_info:  40.0%    3 sec CPU:  74.1%
mdfil_info:  50.0%    3 sec CPU:  76.1%
mdfil_info:  60.0%    4 sec CPU:  78.0%
mdfil_info:  70.0%    4 sec CPU:  79.5%
mdfil_info:  80.0%    4 sec CPU:  80.5%
mdfil_info:  90.0%    5 sec CPU:  81.5%
mdfil_info: 100.0%    5 sec CPU:  82.3%
mdfil_info: 100.0%    5 sec CPU:  82.3%
