WARN: the 'eosmount' alias is deprecated, please use /eos directly
License ports: 28518@lxlicen01.cern.ch,28518@lxlicen02.cern.ch,28518@lxlicen03.cern.ch:/cvmfs/projects.cern.ch/intelsw/psxe/linux/licenses
Intel(R) Parallel Studio XE 2018 Update 2 for Linux*
Copyright (C) 2009-2018 Intel Corporation. All rights reserved.
10163
AMSCommonsI-I-HardwareIdentifiedAs Linux 3.10.0-957.1.3.el7.x86_64 x86_64 2
AMSCommonsI-I-Identified as LittleEndian 64 bit machine. 4294967295
AMSCommonsI-I-amsdatabase /cvmfs/ams.cern.ch/Offline/AMSDataDir/DataBase/
AMSCommonsI-I-MipsFromCPUInfo: 2194.92
AMSCommonsI-I-SystemIdentified as  Intel(R) Xeon(R) CPU E5-2650 v4 @ 2.20GHz
AMSCommonsI-I-ComputerEvaluatedAsMips 3511
AMS Software version v5.02/1220/12 built Fri Apr 19 23:54:38 2019

Geant4  Version 1033
Run ID: 125 Bartel: 39
Input Destination: /eos/ams/user/s/selu/mdst/He122/mdst_60441665.root
Output Destination: /afs/cern.ch/work/c/ctuysuz/private/he_flux/LSF/result_mc_time/time_39/he_flux_39_125.root
Add hist00 from /eos/ams/user/s/selu/mdst/He122/mdst_60441665.root
Start of Init
Use new binning
Start of Eventloop
Ntr, Nent= 1 439994
IsMC= 1
Parameter[0] = -2.81505
Parameter[1] = -3.07484
Parameter[2] = -3.62471
Parameter[3] = -5.62014
Parameter[4] = 0.622835
Parameter[5] = -2.8044
mdfil_info:  10.0%   18 sec CPU:  12.5%
mdfil_info:  20.0%   34 sec CPU:  12.3%
mdfil_info:  30.0%   45 sec CPU:  13.6%
mdfil_info:  40.0%   53 sec CPU:  15.3%
mdfil_info:  50.0%   66 sec CPU:  15.2%
mdfil_info:  60.0%   73 sec CPU:  16.3%
mdfil_info:  70.0%   87 sec CPU:  15.9%
mdfil_info:  80.0%   97 sec CPU:  16.4%
mdfil_info:  90.0%  106 sec CPU:  16.9%
mdfil_info: 100.0%  114 sec CPU:  17.4%
mdfil_info: 100.0%  114 sec CPU:  17.4%
24878
AMSCommonsI-I-HardwareIdentifiedAs Linux 3.10.0-957.1.3.el7.x86_64 x86_64 2
AMSCommonsI-I-Identified as LittleEndian 64 bit machine. 4294967295
AMSCommonsI-I-amsdatabase /cvmfs/ams.cern.ch/Offline/AMSDataDir/DataBase/
AMSCommonsI-I-MipsFromCPUInfo: 2194.92
AMSCommonsI-I-SystemIdentified as  Intel(R) Xeon(R) CPU E5-2650 v4 @ 2.20GHz
AMSCommonsI-I-ComputerEvaluatedAsMips 3511
AMS Software version v5.02/1220/12 built Fri Apr 19 23:54:38 2019

Geant4  Version 1033
Run ID: 307 Bartel: 12
Input Destination: /eos/ams/user/s/selu/mdst/He122/mdst_60441847.root
Output Destination: /afs/cern.ch/work/c/ctuysuz/private/he_flux/LSF/result_mc_time/time_12/he_flux_12_307.root
Add hist00 from /eos/ams/user/s/selu/mdst/He122/mdst_60441847.root
Start of Init
Use new binning
Start of Eventloop
Ntr, Nent= 1 436979
IsMC= 1
Parameter[0] = -2.69683
Parameter[1] = -3.04779
Parameter[2] = -3.61865
Parameter[3] = -5.53473
Parameter[4] = 0.213856
Parameter[5] = -2.39642
mdfil_info:  10.0%    3 sec CPU:  74.9%
mdfil_info:  20.0%    5 sec CPU:  81.5%
mdfil_info:  30.0%    7 sec CPU:  83.2%
mdfil_info:  40.0%    9 sec CPU:  84.5%
mdfil_info:  50.0%   11 sec CPU:  84.3%
mdfil_info:  60.0%   13 sec CPU:  85.1%
mdfil_info:  70.0%   15 sec CPU:  85.5%
mdfil_info:  80.0%   17 sec CPU:  86.0%
mdfil_info:  90.0%   19 sec CPU:  86.2%
mdfil_info: 100.0%   22 sec CPU:  86.4%
mdfil_info: 100.0%   22 sec CPU:  86.4%
39593
AMSCommonsI-I-HardwareIdentifiedAs Linux 3.10.0-957.1.3.el7.x86_64 x86_64 2
AMSCommonsI-I-Identified as LittleEndian 64 bit machine. 4294967295
AMSCommonsI-I-amsdatabase /cvmfs/ams.cern.ch/Offline/AMSDataDir/DataBase/
AMSCommonsI-I-MipsFromCPUInfo: 2194.92
AMSCommonsI-I-SystemIdentified as  Intel(R) Xeon(R) CPU E5-2650 v4 @ 2.20GHz
AMSCommonsI-I-ComputerEvaluatedAsMips 3511
AMS Software version v5.02/1220/12 built Fri Apr 19 23:54:38 2019

Geant4  Version 1033
Run ID: 488 Bartel: 66
Input Destination: /eos/ams/user/s/selu/mdst/He314/mdst_120929888.root
Output Destination: /afs/cern.ch/work/c/ctuysuz/private/he_flux/LSF/result_mc_time/time_66/he_flux_66_488.root
Add hist00 from /eos/ams/user/s/selu/mdst/He314/mdst_120929888.root
Start of Init
Use new binning
Start of Eventloop
Ntr, Nent= 1 122594
IsMC= 1
Parameter[0] = -2.5779
Parameter[1] = -2.99002
Parameter[2] = -3.59372
Parameter[3] = -5.46372
Parameter[4] = 0.117988
Parameter[5] = -1.94602
mdfil_info:  10.0%    1 sec CPU:  65.9%
mdfil_info:  20.0%    2 sec CPU:  68.4%
mdfil_info:  30.0%    3 sec CPU:  70.3%
mdfil_info:  40.0%    3 sec CPU:  74.0%
mdfil_info:  50.0%    4 sec CPU:  76.0%
mdfil_info:  60.0%    4 sec CPU:  78.0%
mdfil_info:  70.0%    5 sec CPU:  79.2%
mdfil_info:  80.0%    5 sec CPU:  80.1%
mdfil_info:  90.0%    6 sec CPU:  80.9%
mdfil_info: 100.0%    6 sec CPU:  81.6%
mdfil_info: 100.0%    6 sec CPU:  81.6%
