WARN: the 'eosmount' alias is deprecated, please use /eos directly
License ports: 28518@lxlicen01.cern.ch,28518@lxlicen02.cern.ch,28518@lxlicen03.cern.ch:/cvmfs/projects.cern.ch/intelsw/psxe/linux/licenses
Intel(R) Parallel Studio XE 2018 Update 2 for Linux*
Copyright (C) 2009-2018 Intel Corporation. All rights reserved.
9663
AMSCommonsI-I-HardwareIdentifiedAs Linux 3.10.0-957.12.1.el7.x86_64 x86_64 2
AMSCommonsI-I-Identified as LittleEndian 64 bit machine. 4294967295
AMSCommonsI-I-amsdatabase /cvmfs/ams.cern.ch/Offline/AMSDataDir/DataBase/
AMSCommonsI-I-MipsFromCPUInfo: 2394.45
AMSCommonsI-I-SystemIdentified as  Intel Core Processor (Haswell, no TSX, IBRS)
AMSCommonsI-I-ComputerEvaluatedAsMips 3591
AMS Software version v5.02/1220/12 built Fri Apr 19 23:54:38 2019

Geant4  Version 1033
Run ID: 119 Bartel: 25
Input Destination: /eos/ams/user/s/selu/mdst/He122/mdst_60441659.root
Output Destination: /afs/cern.ch/work/c/ctuysuz/private/he_flux/LSF/result_mc_time/time_25/he_flux_25_119.root
Add hist00 from /eos/ams/user/s/selu/mdst/He122/mdst_60441659.root
Start of Init
Use new binning
Start of Eventloop
Ntr, Nent= 1 437530
IsMC= 1
Parameter[0] = -2.67598
Parameter[1] = -3.03462
Parameter[2] = -3.60443
Parameter[3] = -5.53205
Parameter[4] = 0.247616
Parameter[5] = -2.27738
mdfil_info:  10.0%   17 sec CPU:  12.2%
mdfil_info:  20.0%   25 sec CPU:  15.6%
mdfil_info:  30.0%   33 sec CPU:  17.8%
mdfil_info:  40.0%   39 sec CPU:  19.7%
mdfil_info:  50.0%   45 sec CPU:  21.4%
mdfil_info:  60.0%   52 sec CPU:  22.2%
mdfil_info:  70.0%   65 sec CPU:  21.0%
mdfil_info:  80.0%   73 sec CPU:  21.2%
mdfil_info:  90.0%   79 sec CPU:  22.0%
mdfil_info: 100.0%   85 sec CPU:  22.5%
24378
AMSCommonsI-I-HardwareIdentifiedAs Linux 3.10.0-957.12.1.el7.x86_64 x86_64 2
AMSCommonsI-I-Identified as LittleEndian 64 bit machine. 4294967295
AMSCommonsI-I-amsdatabase /cvmfs/ams.cern.ch/Offline/AMSDataDir/DataBase/
AMSCommonsI-I-MipsFromCPUInfo: 2394.45
AMSCommonsI-I-SystemIdentified as  Intel Core Processor (Haswell, no TSX, IBRS)
AMSCommonsI-I-ComputerEvaluatedAsMips 3591
AMS Software version v5.02/1220/12 built Fri Apr 19 23:54:38 2019

Geant4  Version 1033
Run ID: 300 Bartel: 79
Input Destination: /eos/ams/user/s/selu/mdst/He122/mdst_60441840.root
Output Destination: /afs/cern.ch/work/c/ctuysuz/private/he_flux/LSF/result_mc_time/time_79/he_flux_79_300.root
Add hist00 from /eos/ams/user/s/selu/mdst/He122/mdst_60441840.root
Start of Init
Use new binning
Start of Eventloop
Ntr, Nent= 1 442177
IsMC= 1
Parameter[0] = -2.39896
Parameter[1] = -2.88073
Parameter[2] = -3.50275
Parameter[3] = -5.43121
Parameter[4] = -0.0783246
Parameter[5] = -2.2346
mdfil_info:  10.0%   16 sec CPU:  13.1%
mdfil_info:  20.0%   21 sec CPU:  18.9%
mdfil_info:  30.0%   26 sec CPU:  21.9%
mdfil_info:  40.0%   32 sec CPU:  23.8%
mdfil_info:  50.0%   38 sec CPU:  25.6%
mdfil_info:  60.0%   49 sec CPU:  23.9%
mdfil_info:  70.0%   55 sec CPU:  25.0%
mdfil_info:  80.0%   60 sec CPU:  25.7%
mdfil_info:  90.0%   66 sec CPU:  26.4%
mdfil_info: 100.0%   75 sec CPU:  25.8%
mdfil_info: 100.0%   75 sec CPU:  25.8%
39093
AMSCommonsI-I-HardwareIdentifiedAs Linux 3.10.0-957.12.1.el7.x86_64 x86_64 2
AMSCommonsI-I-Identified as LittleEndian 64 bit machine. 4294967295
AMSCommonsI-I-amsdatabase /cvmfs/ams.cern.ch/Offline/AMSDataDir/DataBase/
AMSCommonsI-I-MipsFromCPUInfo: 2394.45
AMSCommonsI-I-SystemIdentified as  Intel Core Processor (Haswell, no TSX, IBRS)
AMSCommonsI-I-ComputerEvaluatedAsMips 3591
AMS Software version v5.02/1220/12 built Fri Apr 19 23:54:38 2019

Geant4  Version 1033
Run ID: 482 Bartel: 52
Input Destination: /eos/ams/user/s/selu/mdst/He314/mdst_120929882.root
Output Destination: /afs/cern.ch/work/c/ctuysuz/private/he_flux/LSF/result_mc_time/time_52/he_flux_52_482.root
Add hist00 from /eos/ams/user/s/selu/mdst/He314/mdst_120929882.root
Start of Init
Use new binning
Start of Eventloop
Ntr, Nent= 1 122458
IsMC= 1
Parameter[0] = -2.76482
Parameter[1] = -3.07402
Parameter[2] = -3.6335
Parameter[3] = -5.56178
Parameter[4] = 0.322865
Parameter[5] = -2.42167
mdfil_info:  10.0%    1 sec CPU:  73.5%
mdfil_info:  20.0%    1 sec CPU:  73.9%
mdfil_info:  30.0%    2 sec CPU:  76.0%
mdfil_info:  40.0%    3 sec CPU:  78.8%
mdfil_info:  50.0%    3 sec CPU:  80.5%
mdfil_info:  60.0%    4 sec CPU:  81.8%
mdfil_info:  70.0%    4 sec CPU:  82.6%
mdfil_info:  80.0%    5 sec CPU:  83.0%
mdfil_info:  90.0%    5 sec CPU:  83.2%
mdfil_info: 100.0%    6 sec CPU:  84.0%
mdfil_info: 100.0%    6 sec CPU:  84.0%
