WARN: the 'eosmount' alias is deprecated, please use /eos directly
License ports: 28518@lxlicen01.cern.ch,28518@lxlicen02.cern.ch,28518@lxlicen03.cern.ch:/cvmfs/projects.cern.ch/intelsw/psxe/linux/licenses
Intel(R) Parallel Studio XE 2018 Update 2 for Linux*
Copyright (C) 2009-2018 Intel Corporation. All rights reserved.
7
AMSCommonsI-I-HardwareIdentifiedAs Linux 3.10.0-957.12.2.el7.x86_64 x86_64 2
AMSCommonsI-I-Identified as LittleEndian 64 bit machine. 4294967295
AMSCommonsI-I-amsdatabase /cvmfs/ams.cern.ch/Offline/AMSDataDir/DataBase/
AMSCommonsI-I-MipsFromCPUInfo: 2394.45
AMSCommonsI-I-SystemIdentified as  Intel(R) Xeon(R) CPU E5-2630 v3 @ 2.40GHz
AMSCommonsI-I-ComputerEvaluatedAsMips 3831
AMS Software version v5.02/1220/12 built Fri Apr 19 23:54:38 2019

Geant4  Version 1033
Run ID: 0 Bartel: 8
Input Destination: /eos/ams/user/s/selu/mdst/He122/mdst_60441539.root
Output Destination: /afs/cern.ch/work/c/ctuysuz/private/he_flux/LSF/result_mc_time/time_8/he_flux_8_0.root
Add hist00 from /eos/ams/user/s/selu/mdst/He122/mdst_60441539.root
Start of Init
Use new binning
Start of Eventloop
Ntr, Nent= 1 131394
IsMC= 1
Parameter[0] = -2.58724
Parameter[1] = -2.99412
Parameter[2] = -3.58142
Parameter[3] = -5.49201
Parameter[4] = 0.101989
Parameter[5] = -2.14779
mdfil_info:  10.0%    2 sec CPU:  30.1%
mdfil_info:  20.0%    4 sec CPU:  30.6%
mdfil_info:  30.0%    6 sec CPU:  35.7%
mdfil_info:  40.0%    7 sec CPU:  40.9%
mdfil_info:  50.0%    8 sec CPU:  43.5%
mdfil_info:  60.0%    9 sec CPU:  45.2%
mdfil_info:  70.0%   10 sec CPU:  47.1%
mdfil_info:  80.0%   11 sec CPU:  48.2%
mdfil_info:  90.0%   12 sec CPU:  49.5%
mdfil_info: 100.0%   13 sec CPU:  50.6%
mdfil_info: 100.0%   13 sec CPU:  50.6%
14722
AMSCommonsI-I-HardwareIdentifiedAs Linux 3.10.0-957.12.2.el7.x86_64 x86_64 2
AMSCommonsI-I-Identified as LittleEndian 64 bit machine. 4294967295
AMSCommonsI-I-amsdatabase /cvmfs/ams.cern.ch/Offline/AMSDataDir/DataBase/
AMSCommonsI-I-MipsFromCPUInfo: 2394.45
AMSCommonsI-I-SystemIdentified as  Intel(R) Xeon(R) CPU E5-2630 v3 @ 2.40GHz
AMSCommonsI-I-ComputerEvaluatedAsMips 3831
AMS Software version v5.02/1220/12 built Fri Apr 19 23:54:38 2019

Geant4  Version 1033
Run ID: 181 Bartel: 62
Input Destination: /eos/ams/user/s/selu/mdst/He122/mdst_60441721.root
Output Destination: /afs/cern.ch/work/c/ctuysuz/private/he_flux/LSF/result_mc_time/time_62/he_flux_62_181.root
Add hist00 from /eos/ams/user/s/selu/mdst/He122/mdst_60441721.root
Start of Init
Use new binning
Start of Eventloop
Ntr, Nent= 1 436761
IsMC= 1
Parameter[0] = -2.64206
Parameter[1] = -3.02985
Parameter[2] = -3.62083
Parameter[3] = -5.50236
Parameter[4] = 0.0367156
Parameter[5] = -2.23473
mdfil_info:  10.0%   20 sec CPU:  11.8%
mdfil_info:  20.0%   26 sec CPU:  16.8%
mdfil_info:  30.0%   33 sec CPU:  20.0%
mdfil_info:  40.0%   40 sec CPU:  21.8%
mdfil_info:  50.0%   46 sec CPU:  23.2%
mdfil_info:  60.0%   53 sec CPU:  24.2%
mdfil_info:  70.0%   60 sec CPU:  25.0%
mdfil_info:  80.0%   66 sec CPU:  25.8%
mdfil_info:  90.0%   74 sec CPU:  26.0%
mdfil_info: 100.0%   81 sec CPU:  26.0%
mdfil_info: 100.0%   81 sec CPU:  26.0%
29437
AMSCommonsI-I-HardwareIdentifiedAs Linux 3.10.0-957.12.2.el7.x86_64 x86_64 2
AMSCommonsI-I-Identified as LittleEndian 64 bit machine. 4294967295
AMSCommonsI-I-amsdatabase /cvmfs/ams.cern.ch/Offline/AMSDataDir/DataBase/
AMSCommonsI-I-MipsFromCPUInfo: 2394.45
AMSCommonsI-I-SystemIdentified as  Intel(R) Xeon(R) CPU E5-2630 v3 @ 2.40GHz
AMSCommonsI-I-ComputerEvaluatedAsMips 3831
AMS Software version v5.02/1220/12 built Fri Apr 19 23:54:38 2019

Geant4  Version 1033
Run ID: 363 Bartel: 35
Input Destination: /eos/ams/user/s/selu/mdst/He122/mdst_60442251.root
Output Destination: /afs/cern.ch/work/c/ctuysuz/private/he_flux/LSF/result_mc_time/time_35/he_flux_35_363.root
Add hist00 from /eos/ams/user/s/selu/mdst/He122/mdst_60442251.root
Start of Init
Use new binning
Start of Eventloop
Ntr, Nent= 1 433984
IsMC= 1
Parameter[0] = -2.78972
Parameter[1] = -3.05942
Parameter[2] = -3.61356
Parameter[3] = -5.57982
Parameter[4] = 0.513637
Parameter[5] = -2.53477
mdfil_info:  10.0%    6 sec CPU:  34.1%
mdfil_info:  20.0%   10 sec CPU:  41.8%
mdfil_info:  30.0%   13 sec CPU:  46.3%
mdfil_info:  40.0%   17 sec CPU:  49.0%
mdfil_info:  50.0%   20 sec CPU:  50.8%
mdfil_info:  60.0%   24 sec CPU:  52.2%
mdfil_info:  70.0%   27 sec CPU:  53.4%
mdfil_info:  80.0%   31 sec CPU:  54.0%
mdfil_info:  90.0%   34 sec CPU:  54.7%
mdfil_info: 100.0%   37 sec CPU:  55.5%
mdfil_info: 100.0%   37 sec CPU:  55.5%
