WARN: the 'eosmount' alias is deprecated, please use /eos directly
License ports: 28518@lxlicen01.cern.ch,28518@lxlicen02.cern.ch,28518@lxlicen03.cern.ch:/cvmfs/projects.cern.ch/intelsw/psxe/linux/licenses
Intel(R) Parallel Studio XE 2018 Update 2 for Linux*
Copyright (C) 2009-2018 Intel Corporation. All rights reserved.
5977
AMSCommonsI-I-HardwareIdentifiedAs Linux 3.10.0-957.10.1.el7.x86_64 x86_64 2
AMSCommonsI-I-Identified as LittleEndian 64 bit machine. 4294967295
AMSCommonsI-I-amsdatabase /cvmfs/ams.cern.ch/Offline/AMSDataDir/DataBase/
AMSCommonsI-I-MipsFromCPUInfo: 2194.92
AMSCommonsI-I-SystemIdentified as  Intel(R) Xeon(R) CPU E5-2630 v4 @ 2.20GHz
AMSCommonsI-I-ComputerEvaluatedAsMips 3511
AMS Software version v5.02/1220/12 built Fri Apr 19 23:54:38 2019

Geant4  Version 1033
Run ID: 73 Bartel: 65
Input Destination: /eos/ams/user/s/selu/mdst/He122/mdst_60441613.root
Output Destination: /afs/cern.ch/work/c/ctuysuz/private/he_flux/LSF/result_mc_time/time_65/he_flux_65_73.root
Add hist00 from /eos/ams/user/s/selu/mdst/He122/mdst_60441613.root
Start of Init
Use new binning
Start of Eventloop
Ntr, Nent= 1 437090
IsMC= 1
Parameter[0] = -2.59221
Parameter[1] = -2.99417
Parameter[2] = -3.58427
Parameter[3] = -5.53167
Parameter[4] = 0.305015
Parameter[5] = -2.21807
mdfil_info:  10.0%    2 sec CPU:  71.4%
mdfil_info:  20.0%    4 sec CPU:  77.3%
mdfil_info:  30.0%    6 sec CPU:  79.0%
mdfil_info:  40.0%    8 sec CPU:  80.1%
mdfil_info:  50.0%   10 sec CPU:  80.7%
mdfil_info:  60.0%   12 sec CPU:  81.3%
mdfil_info:  70.0%   14 sec CPU:  81.6%
mdfil_info:  80.0%   16 sec CPU:  82.0%
mdfil_info:  90.0%   18 sec CPU:  82.5%
mdfil_info: 100.0%   20 sec CPU:  83.0%
20692
AMSCommonsI-I-HardwareIdentifiedAs Linux 3.10.0-957.10.1.el7.x86_64 x86_64 2
AMSCommonsI-I-Identified as LittleEndian 64 bit machine. 4294967295
AMSCommonsI-I-amsdatabase /cvmfs/ams.cern.ch/Offline/AMSDataDir/DataBase/
AMSCommonsI-I-MipsFromCPUInfo: 2194.92
AMSCommonsI-I-SystemIdentified as  Intel(R) Xeon(R) CPU E5-2630 v4 @ 2.20GHz
AMSCommonsI-I-ComputerEvaluatedAsMips 3511
AMS Software version v5.02/1220/12 built Fri Apr 19 23:54:38 2019

Geant4  Version 1033
Run ID: 255 Bartel: 38
Input Destination: /eos/ams/user/s/selu/mdst/He122/mdst_60441795.root
Output Destination: /afs/cern.ch/work/c/ctuysuz/private/he_flux/LSF/result_mc_time/time_38/he_flux_38_255.root
Add hist00 from /eos/ams/user/s/selu/mdst/He122/mdst_60441795.root
Start of Init
Use new binning
Start of Eventloop
Ntr, Nent= 1 438021
IsMC= 1
Parameter[0] = -2.81232
Parameter[1] = -3.08566
Parameter[2] = -3.62933
Parameter[3] = -5.55815
Parameter[4] = 0.386285
Parameter[5] = -2.46956
mdfil_info:  10.0%    2 sec CPU:  74.8%
mdfil_info:  20.0%    4 sec CPU:  80.3%
mdfil_info:  30.0%    6 sec CPU:  81.8%
mdfil_info:  40.0%    8 sec CPU:  82.9%
mdfil_info:  50.0%    9 sec CPU:  83.7%
mdfil_info:  60.0%   11 sec CPU:  84.2%
mdfil_info:  70.0%   13 sec CPU:  84.6%
mdfil_info:  80.0%   15 sec CPU:  84.8%
mdfil_info:  90.0%   17 sec CPU:  85.0%
mdfil_info: 100.0%   18 sec CPU:  85.2%
mdfil_info: 100.0%   18 sec CPU:  85.2%
35407
AMSCommonsI-I-HardwareIdentifiedAs Linux 3.10.0-957.10.1.el7.x86_64 x86_64 2
AMSCommonsI-I-Identified as LittleEndian 64 bit machine. 4294967295
AMSCommonsI-I-amsdatabase /cvmfs/ams.cern.ch/Offline/AMSDataDir/DataBase/
AMSCommonsI-I-MipsFromCPUInfo: 2194.92
AMSCommonsI-I-SystemIdentified as  Intel(R) Xeon(R) CPU E5-2630 v4 @ 2.20GHz
AMSCommonsI-I-ComputerEvaluatedAsMips 3511
AMS Software version v5.02/1220/12 built Fri Apr 19 23:54:38 2019

Geant4  Version 1033
Run ID: 437 Bartel: 11
Input Destination: /eos/ams/user/s/selu/mdst/He122/mdst_60442325.root
Output Destination: /afs/cern.ch/work/c/ctuysuz/private/he_flux/LSF/result_mc_time/time_11/he_flux_11_437.root
Add hist00 from /eos/ams/user/s/selu/mdst/He122/mdst_60442325.root
Start of Init
Use new binning
Start of Eventloop
Ntr, Nent= 1 437265
IsMC= 1
Parameter[0] = -2.62211
Parameter[1] = -3.02015
Parameter[2] = -3.60112
Parameter[3] = -5.50361
Parameter[4] = 0.101851
Parameter[5] = -2.22239
mdfil_info:  10.0%    2 sec CPU:  70.5%
mdfil_info:  20.0%    4 sec CPU:  76.9%
mdfil_info:  30.0%    6 sec CPU:  79.3%
mdfil_info:  40.0%    8 sec CPU:  80.8%
mdfil_info:  50.0%   10 sec CPU:  81.6%
mdfil_info:  60.0%   12 sec CPU:  82.4%
mdfil_info:  70.0%   14 sec CPU:  82.8%
mdfil_info:  80.0%   16 sec CPU:  83.3%
mdfil_info:  90.0%   18 sec CPU:  84.0%
mdfil_info: 100.0%   19 sec CPU:  84.2%
mdfil_info: 100.0%   19 sec CPU:  84.2%
