WARN: the 'eosmount' alias is deprecated, please use /eos directly
License ports: 28518@lxlicen01.cern.ch,28518@lxlicen02.cern.ch,28518@lxlicen03.cern.ch:/cvmfs/projects.cern.ch/intelsw/psxe/linux/licenses
Intel(R) Parallel Studio XE 2018 Update 2 for Linux*
Copyright (C) 2009-2018 Intel Corporation. All rights reserved.
13768
AMSCommonsI-I-HardwareIdentifiedAs Linux 3.10.0-957.10.1.el7.x86_64 x86_64 2
AMSCommonsI-I-Identified as LittleEndian 64 bit machine. 4294967295
AMSCommonsI-I-amsdatabase /cvmfs/ams.cern.ch/Offline/AMSDataDir/DataBase/
AMSCommonsI-I-MipsFromCPUInfo: 2194.92
AMSCommonsI-I-SystemIdentified as  Intel(R) Xeon(R) CPU E5-2630 v4 @ 2.20GHz
AMSCommonsI-I-ComputerEvaluatedAsMips 3511
AMS Software version v5.02/1220/12 built Fri Apr 19 23:54:38 2019

Geant4  Version 1033
Run ID: 169 Bartel: 80
Input Destination: /eos/ams/user/s/selu/mdst/He122/mdst_60441709.root
Output Destination: /afs/cern.ch/work/c/ctuysuz/private/he_flux/LSF/result_mc_time/time_80/he_flux_80_169.root
Add hist00 from /eos/ams/user/s/selu/mdst/He122/mdst_60441709.root
Start of Init
Use new binning
Start of Eventloop
Ntr, Nent= 1 444702
IsMC= 1
Parameter[0] = -2.47357
Parameter[1] = -2.95263
Parameter[2] = -3.57222
Parameter[3] = -5.51993
Parameter[4] = -0.016679
Parameter[5] = -2.31576
mdfil_info:  10.0%    2 sec CPU:  78.4%
mdfil_info:  20.0%    4 sec CPU:  84.3%
mdfil_info:  30.0%    6 sec CPU:  86.0%
mdfil_info:  40.0%    8 sec CPU:  87.0%
mdfil_info:  50.0%   10 sec CPU:  87.5%
mdfil_info:  60.0%   12 sec CPU:  88.0%
mdfil_info:  70.0%   14 sec CPU:  88.3%
mdfil_info:  80.0%   16 sec CPU:  88.6%
mdfil_info:  90.0%   17 sec CPU:  88.6%
mdfil_info: 100.0%   19 sec CPU:  88.9%
mdfil_info: 100.0%   19 sec CPU:  88.9%
28483
AMSCommonsI-I-HardwareIdentifiedAs Linux 3.10.0-957.10.1.el7.x86_64 x86_64 2
AMSCommonsI-I-Identified as LittleEndian 64 bit machine. 4294967295
AMSCommonsI-I-amsdatabase /cvmfs/ams.cern.ch/Offline/AMSDataDir/DataBase/
AMSCommonsI-I-MipsFromCPUInfo: 2194.92
AMSCommonsI-I-SystemIdentified as  Intel(R) Xeon(R) CPU E5-2630 v4 @ 2.20GHz
AMSCommonsI-I-ComputerEvaluatedAsMips 3511
AMS Software version v5.02/1220/12 built Fri Apr 19 23:54:38 2019

Geant4  Version 1033
Run ID: 351 Bartel: 53
Input Destination: /eos/ams/user/s/selu/mdst/He122/mdst_60442239.root
Output Destination: /afs/cern.ch/work/c/ctuysuz/private/he_flux/LSF/result_mc_time/time_53/he_flux_53_351.root
Add hist00 from /eos/ams/user/s/selu/mdst/He122/mdst_60442239.root
Start of Init
Use new binning
Start of Eventloop
Ntr, Nent= 1 435968
IsMC= 1
Parameter[0] = -2.79614
Parameter[1] = -3.0736
Parameter[2] = -3.62637
Parameter[3] = -5.54999
Parameter[4] = 0.554084
Parameter[5] = -2.43435
mdfil_info:  10.0%   17 sec CPU:  11.5%
mdfil_info:  20.0%   23 sec CPU:  16.5%
mdfil_info:  30.0%   30 sec CPU:  18.6%
mdfil_info:  40.0%   36 sec CPU:  20.7%
mdfil_info:  50.0%   41 sec CPU:  22.4%
mdfil_info:  60.0%   47 sec CPU:  23.5%
mdfil_info:  70.0%   52 sec CPU:  24.4%
mdfil_info:  80.0%   56 sec CPU:  24.9%
mdfil_info:  90.0%   61 sec CPU:  25.4%
mdfil_info: 100.0%   66 sec CPU:  25.9%
mdfil_info: 100.0%   66 sec CPU:  25.9%
43198
AMSCommonsI-I-HardwareIdentifiedAs Linux 3.10.0-957.10.1.el7.x86_64 x86_64 2
AMSCommonsI-I-Identified as LittleEndian 64 bit machine. 4294967295
AMSCommonsI-I-amsdatabase /cvmfs/ams.cern.ch/Offline/AMSDataDir/DataBase/
AMSCommonsI-I-MipsFromCPUInfo: 2194.92
AMSCommonsI-I-SystemIdentified as  Intel(R) Xeon(R) CPU E5-2630 v4 @ 2.20GHz
AMSCommonsI-I-ComputerEvaluatedAsMips 3511
AMS Software version v5.02/1220/12 built Fri Apr 19 23:54:38 2019

Geant4  Version 1033
Run ID: 533 Bartel: 26
Input Destination: /eos/ams/user/s/selu/mdst/He314/mdst_120929937.root
Output Destination: /afs/cern.ch/work/c/ctuysuz/private/he_flux/LSF/result_mc_time/time_26/he_flux_26_533.root
Add hist00 from /eos/ams/user/s/selu/mdst/He314/mdst_120929937.root
Start of Init
Use new binning
Start of Eventloop
Ntr, Nent= 1 122366
IsMC= 1
Parameter[0] = -2.69537
Parameter[1] = -3.03409
Parameter[2] = -3.6054
Parameter[3] = -5.53507
Parameter[4] = 0.209297
Parameter[5] = -2.37536
mdfil_info:  10.0%    8 sec CPU:   7.5%
mdfil_info:  20.0%   14 sec CPU:   8.4%
mdfil_info:  30.0%   21 sec CPU:   8.8%
mdfil_info:  40.0%   24 sec CPU:   9.9%
mdfil_info:  50.0%   27 sec CPU:  10.7%
mdfil_info:  60.0%   30 sec CPU:  11.2%
mdfil_info:  70.0%   32 sec CPU:  11.8%
mdfil_info:  80.0%   34 sec CPU:  12.4%
mdfil_info:  90.0%   37 sec CPU:  13.0%
mdfil_info: 100.0%   39 sec CPU:  13.6%
mdfil_info: 100.0%   39 sec CPU:  13.6%
