WARN: the 'eosmount' alias is deprecated, please use /eos directly
License ports: 28518@lxlicen01.cern.ch,28518@lxlicen02.cern.ch,28518@lxlicen03.cern.ch:/cvmfs/projects.cern.ch/intelsw/psxe/linux/licenses
Intel(R) Parallel Studio XE 2018 Update 2 for Linux*
Copyright (C) 2009-2018 Intel Corporation. All rights reserved.
4068
AMSCommonsI-I-HardwareIdentifiedAs Linux 3.10.0-957.10.1.el7.x86_64 x86_64 2
AMSCommonsI-I-Identified as LittleEndian 64 bit machine. 4294967295
AMSCommonsI-I-amsdatabase /cvmfs/ams.cern.ch/Offline/AMSDataDir/DataBase/
AMSCommonsI-I-MipsFromCPUInfo: 2194.92
AMSCommonsI-I-SystemIdentified as  Intel(R) Xeon(R) CPU E5-2630 v4 @ 2.20GHz
AMSCommonsI-I-ComputerEvaluatedAsMips 3511
AMS Software version v5.02/1220/12 built Fri Apr 19 23:54:38 2019

Geant4  Version 1033
Run ID: 50 Bartel: 19
Input Destination: /eos/ams/user/s/selu/mdst/He122/mdst_60441589.root
Output Destination: /afs/cern.ch/work/c/ctuysuz/private/he_flux/LSF/result_mc_time/time_19/he_flux_19_50.root
Add hist00 from /eos/ams/user/s/selu/mdst/He122/mdst_60441589.root
Start of Init
Use new binning
Start of Eventloop
Ntr, Nent= 1 398450
IsMC= 1
Parameter[0] = -2.70235
Parameter[1] = -3.03758
Parameter[2] = -3.60308
Parameter[3] = -5.55191
Parameter[4] = 0.242617
Parameter[5] = -2.38008
mdfil_info:  10.0%   18 sec CPU:  10.9%
mdfil_info:  20.0%   26 sec CPU:  14.6%
mdfil_info:  30.0%   34 sec CPU:  16.7%
mdfil_info:  40.0%   42 sec CPU:  17.9%
mdfil_info:  50.0%   49 sec CPU:  19.0%
mdfil_info:  60.0%   57 sec CPU:  19.7%
mdfil_info:  70.0%   65 sec CPU:  20.2%
mdfil_info:  80.0%   72 sec CPU:  20.7%
mdfil_info:  90.0%   79 sec CPU:  21.2%
mdfil_info: 100.0%   86 sec CPU:  21.7%
18783
AMSCommonsI-I-HardwareIdentifiedAs Linux 3.10.0-957.10.1.el7.x86_64 x86_64 2
AMSCommonsI-I-Identified as LittleEndian 64 bit machine. 4294967295
AMSCommonsI-I-amsdatabase /cvmfs/ams.cern.ch/Offline/AMSDataDir/DataBase/
AMSCommonsI-I-MipsFromCPUInfo: 2194.92
AMSCommonsI-I-SystemIdentified as  Intel(R) Xeon(R) CPU E5-2630 v4 @ 2.20GHz
AMSCommonsI-I-ComputerEvaluatedAsMips 3511
AMS Software version v5.02/1220/12 built Fri Apr 19 23:54:38 2019

Geant4  Version 1033
Run ID: 231 Bartel: 73
Input Destination: /eos/ams/user/s/selu/mdst/He122/mdst_60441771.root
Output Destination: /afs/cern.ch/work/c/ctuysuz/private/he_flux/LSF/result_mc_time/time_73/he_flux_73_231.root
Add hist00 from /eos/ams/user/s/selu/mdst/He122/mdst_60441771.root
Start of Init
Use new binning
Start of Eventloop
Ntr, Nent= 1 436079
IsMC= 1
Parameter[0] = -2.52877
Parameter[1] = -2.96916
Parameter[2] = -3.58403
Parameter[3] = -5.48816
Parameter[4] = 0.0284517
Parameter[5] = -2.25131
mdfil_info:  10.0%    3 sec CPU:  66.9%
mdfil_info:  20.0%    5 sec CPU:  74.5%
mdfil_info:  30.0%    8 sec CPU:  75.7%
mdfil_info:  40.0%   10 sec CPU:  76.8%
mdfil_info:  50.0%   13 sec CPU:  78.0%
mdfil_info:  60.0%   15 sec CPU:  77.8%
mdfil_info:  70.0%   18 sec CPU:  78.8%
mdfil_info:  80.0%   20 sec CPU:  78.9%
mdfil_info:  90.0%   23 sec CPU:  79.4%
mdfil_info: 100.0%   25 sec CPU:  79.4%
mdfil_info: 100.0%   25 sec CPU:  79.5%
33498
AMSCommonsI-I-HardwareIdentifiedAs Linux 3.10.0-957.10.1.el7.x86_64 x86_64 2
AMSCommonsI-I-Identified as LittleEndian 64 bit machine. 4294967295
AMSCommonsI-I-amsdatabase /cvmfs/ams.cern.ch/Offline/AMSDataDir/DataBase/
AMSCommonsI-I-MipsFromCPUInfo: 2194.92
AMSCommonsI-I-SystemIdentified as  Intel(R) Xeon(R) CPU E5-2630 v4 @ 2.20GHz
AMSCommonsI-I-ComputerEvaluatedAsMips 3511
AMS Software version v5.02/1220/12 built Fri Apr 19 23:54:38 2019

Geant4  Version 1033
Run ID: 413 Bartel: 46
