WARN: the 'eosmount' alias is deprecated, please use /eos directly
License ports: 28518@lxlicen01.cern.ch,28518@lxlicen02.cern.ch,28518@lxlicen03.cern.ch:/cvmfs/projects.cern.ch/intelsw/psxe/linux/licenses
Intel(R) Parallel Studio XE 2018 Update 2 for Linux*
Copyright (C) 2009-2018 Intel Corporation. All rights reserved.
5402
AMSCommonsI-I-HardwareIdentifiedAs Linux 3.10.0-957.10.1.el7.x86_64 x86_64 2
AMSCommonsI-I-Identified as LittleEndian 64 bit machine. 4294967295
AMSCommonsI-I-amsdatabase /cvmfs/ams.cern.ch/Offline/AMSDataDir/DataBase/
AMSCommonsI-I-MipsFromCPUInfo: 2194.92
AMSCommonsI-I-SystemIdentified as  Intel(R) Xeon(R) CPU E5-2630 v4 @ 2.20GHz
AMSCommonsI-I-ComputerEvaluatedAsMips 3511
AMS Software version v5.02/1220/12 built Fri Apr 19 23:54:38 2019

Geant4  Version 1033
Run ID: 66 Bartel: 57
Input Destination: /eos/ams/user/s/selu/mdst/He122/mdst_60441605.root
Output Destination: /afs/cern.ch/work/c/ctuysuz/private/he_flux/LSF/result_mc_time/time_57/he_flux_57_66.root
Add hist00 from /eos/ams/user/s/selu/mdst/He122/mdst_60441605.root
Start of Init
Use new binning
Start of Eventloop
Ntr, Nent= 1 440915
IsMC= 1
Parameter[0] = -2.70293
Parameter[1] = -3.03976
Parameter[2] = -3.61538
Parameter[3] = -5.54214
Parameter[4] = 0.274724
Parameter[5] = -2.38056
mdfil_info:  10.0%   27 sec CPU:   8.9%
mdfil_info:  20.0%   36 sec CPU:  13.0%
mdfil_info:  30.0%   47 sec CPU:  14.6%
mdfil_info:  40.0%   58 sec CPU:  15.8%
mdfil_info:  50.0%   66 sec CPU:  17.2%
mdfil_info:  60.0%   76 sec CPU:  18.2%
mdfil_info:  70.0%   88 sec CPU:  18.3%
mdfil_info:  80.0%   97 sec CPU:  19.0%
mdfil_info:  90.0%  104 sec CPU:  19.8%
mdfil_info: 100.0%  117 sec CPU:  19.5%
mdfil_info: 100.0%  117 sec CPU:  19.5%
20117
AMSCommonsI-I-HardwareIdentifiedAs Linux 3.10.0-957.10.1.el7.x86_64 x86_64 2
AMSCommonsI-I-Identified as LittleEndian 64 bit machine. 4294967295
AMSCommonsI-I-amsdatabase /cvmfs/ams.cern.ch/Offline/AMSDataDir/DataBase/
AMSCommonsI-I-MipsFromCPUInfo: 2194.92
AMSCommonsI-I-SystemIdentified as  Intel(R) Xeon(R) CPU E5-2630 v4 @ 2.20GHz
AMSCommonsI-I-ComputerEvaluatedAsMips 3511
AMS Software version v5.02/1220/12 built Fri Apr 19 23:54:38 2019

Geant4  Version 1033
Run ID: 248 Bartel: 30
Input Destination: /eos/ams/user/s/selu/mdst/He122/mdst_60441788.root
Output Destination: /afs/cern.ch/work/c/ctuysuz/private/he_flux/LSF/result_mc_time/time_30/he_flux_30_248.root
Add hist00 from /eos/ams/user/s/selu/mdst/He122/mdst_60441788.root
Start of Init
Use new binning
Start of Eventloop
Ntr, Nent= 1 425237
IsMC= 1
Parameter[0] = -2.78302
Parameter[1] = -3.06111
Parameter[2] = -3.62424
Parameter[3] = -5.59535
Parameter[4] = 0.417456
Parameter[5] = -2.69098
mdfil_info:  10.0%    8 sec CPU:  26.9%
mdfil_info:  20.0%   12 sec CPU:  34.5%
mdfil_info:  30.0%   18 sec CPU:  34.6%
mdfil_info:  40.0%   23 sec CPU:  36.9%
mdfil_info:  50.0%   29 sec CPU:  35.9%
mdfil_info:  60.0%   34 sec CPU:  37.1%
mdfil_info:  70.0%   38 sec CPU:  38.6%
mdfil_info:  80.0%   43 sec CPU:  38.1%
mdfil_info:  90.0%   49 sec CPU:  38.1%
mdfil_info: 100.0%   54 sec CPU:  37.9%
mdfil_info: 100.0%   54 sec CPU:  37.9%
34832
AMSCommonsI-I-HardwareIdentifiedAs Linux 3.10.0-957.10.1.el7.x86_64 x86_64 2
AMSCommonsI-I-Identified as LittleEndian 64 bit machine. 4294967295
AMSCommonsI-I-amsdatabase /cvmfs/ams.cern.ch/Offline/AMSDataDir/DataBase/
AMSCommonsI-I-MipsFromCPUInfo: 2194.92
AMSCommonsI-I-SystemIdentified as  Intel(R) Xeon(R) CPU E5-2630 v4 @ 2.20GHz
AMSCommonsI-I-ComputerEvaluatedAsMips 3511
AMS Software version v5.02/1220/12 built Fri Apr 19 23:54:38 2019

Geant4  Version 1033
Run ID: 430 Bartel: 3
Input Destination: /eos/ams/user/s/selu/mdst/He122/mdst_60442318.root
Output Destination: /afs/cern.ch/work/c/ctuysuz/private/he_flux/LSF/result_mc_time/time_3/he_flux_3_430.root
Add hist00 from /eos/ams/user/s/selu/mdst/He122/mdst_60442318.root
Start of Init
Use new binning
Start of Eventloop
Ntr, Nent= 1 431049
IsMC= 1
Parameter[0] = -2.60444
Parameter[1] = -2.96917
Parameter[2] = -3.55869
Parameter[3] = -5.49263
Parameter[4] = 0.194958
Parameter[5] = -2.37354
mdfil_info:  10.0%    3 sec CPU:  72.9%
mdfil_info:  20.0%    5 sec CPU:  78.7%
mdfil_info:  30.0%    8 sec CPU:  81.1%
mdfil_info:  40.0%   10 sec CPU:  82.5%
mdfil_info:  50.0%   12 sec CPU:  83.3%
mdfil_info:  60.0%   15 sec CPU:  83.6%
mdfil_info:  70.0%   17 sec CPU:  84.0%
mdfil_info:  80.0%   20 sec CPU:  84.5%
mdfil_info:  90.0%   22 sec CPU:  84.8%
mdfil_info: 100.0%   24 sec CPU:  85.2%
mdfil_info: 100.0%   24 sec CPU:  85.2%
