WARN: the 'eosmount' alias is deprecated, please use /eos directly
License ports: 28518@lxlicen01.cern.ch,28518@lxlicen02.cern.ch,28518@lxlicen03.cern.ch:/cvmfs/projects.cern.ch/intelsw/psxe/linux/licenses
Intel(R) Parallel Studio XE 2018 Update 2 for Linux*
Copyright (C) 2009-2018 Intel Corporation. All rights reserved.
6289
AMSCommonsI-I-HardwareIdentifiedAs Linux 3.10.0-957.10.1.el7.x86_64 x86_64 2
AMSCommonsI-I-Identified as LittleEndian 64 bit machine. 4294967295
AMSCommonsI-I-amsdatabase /cvmfs/ams.cern.ch/Offline/AMSDataDir/DataBase/
AMSCommonsI-I-MipsFromCPUInfo: 2194.92
AMSCommonsI-I-SystemIdentified as  Intel(R) Xeon(R) CPU E5-2630 v4 @ 2.20GHz
AMSCommonsI-I-ComputerEvaluatedAsMips 3511
AMS Software version v5.02/1220/12 built Fri Apr 19 23:54:38 2019

Geant4  Version 1033
Run ID: 77 Bartel: 53
Input Destination: /eos/ams/user/s/selu/mdst/He122/mdst_60441617.root
Output Destination: /afs/cern.ch/work/c/ctuysuz/private/he_flux/LSF/result_mc_time/time_53/he_flux_53_77.root
Add hist00 from /eos/ams/user/s/selu/mdst/He122/mdst_60441617.root
Start of Init
Use new binning
Start of Eventloop
Ntr, Nent= 1 441495
IsMC= 1
Parameter[0] = -2.79614
Parameter[1] = -3.0736
Parameter[2] = -3.62637
Parameter[3] = -5.54999
Parameter[4] = 0.554084
Parameter[5] = -2.43435
mdfil_info:  10.0%   19 sec CPU:  12.2%
mdfil_info:  20.0%   29 sec CPU:  15.0%
mdfil_info:  30.0%   37 sec CPU:  17.6%
mdfil_info:  40.0%   44 sec CPU:  19.4%
mdfil_info:  50.0%   51 sec CPU:  21.0%
mdfil_info:  60.0%   59 sec CPU:  21.6%
mdfil_info:  70.0%   67 sec CPU:  22.1%
mdfil_info:  80.0%   75 sec CPU:  22.7%
mdfil_info:  90.0%   83 sec CPU:  23.0%
mdfil_info: 100.0%   90 sec CPU:  23.4%
mdfil_info: 100.0%   90 sec CPU:  23.4%
21004
AMSCommonsI-I-HardwareIdentifiedAs Linux 3.10.0-957.10.1.el7.x86_64 x86_64 2
AMSCommonsI-I-Identified as LittleEndian 64 bit machine. 4294967295
AMSCommonsI-I-amsdatabase /cvmfs/ams.cern.ch/Offline/AMSDataDir/DataBase/
AMSCommonsI-I-MipsFromCPUInfo: 2194.92
AMSCommonsI-I-SystemIdentified as  Intel(R) Xeon(R) CPU E5-2630 v4 @ 2.20GHz
AMSCommonsI-I-ComputerEvaluatedAsMips 3511
AMS Software version v5.02/1220/12 built Fri Apr 19 23:54:38 2019

Geant4  Version 1033
Run ID: 259 Bartel: 26
Input Destination: /eos/ams/user/s/selu/mdst/He122/mdst_60441799.root
Output Destination: /afs/cern.ch/work/c/ctuysuz/private/he_flux/LSF/result_mc_time/time_26/he_flux_26_259.root
Add hist00 from /eos/ams/user/s/selu/mdst/He122/mdst_60441799.root
Start of Init
Use new binning
Start of Eventloop
Ntr, Nent= 1 437807
IsMC= 1
Parameter[0] = -2.69537
Parameter[1] = -3.03409
Parameter[2] = -3.6054
Parameter[3] = -5.53507
Parameter[4] = 0.209297
Parameter[5] = -2.37536
mdfil_info:  10.0%   11 sec CPU:  18.8%
mdfil_info:  20.0%   15 sec CPU:  27.3%
mdfil_info:  30.0%   20 sec CPU:  30.7%
mdfil_info:  40.0%   25 sec CPU:  32.7%
mdfil_info:  50.0%   31 sec CPU:  33.2%
mdfil_info:  60.0%   39 sec CPU:  31.5%
mdfil_info:  70.0%   47 sec CPU:  30.5%
mdfil_info:  80.0%   52 sec CPU:  31.6%
mdfil_info:  90.0%   69 sec CPU:  26.8%
mdfil_info: 100.0%   75 sec CPU:  27.6%
mdfil_info: 100.0%   75 sec CPU:  27.6%
35719
AMSCommonsI-I-HardwareIdentifiedAs Linux 3.10.0-957.10.1.el7.x86_64 x86_64 2
AMSCommonsI-I-Identified as LittleEndian 64 bit machine. 4294967295
AMSCommonsI-I-amsdatabase /cvmfs/ams.cern.ch/Offline/AMSDataDir/DataBase/
AMSCommonsI-I-MipsFromCPUInfo: 2194.92
AMSCommonsI-I-SystemIdentified as  Intel(R) Xeon(R) CPU E5-2630 v4 @ 2.20GHz
AMSCommonsI-I-ComputerEvaluatedAsMips 3511
AMS Software version v5.02/1220/12 built Fri Apr 19 23:54:38 2019

Geant4  Version 1033
Run ID: 440 Bartel: 80
Input Destination: /eos/ams/user/s/selu/mdst/He122/mdst_60442328.root
Output Destination: /afs/cern.ch/work/c/ctuysuz/private/he_flux/LSF/result_mc_time/time_80/he_flux_80_440.root
Add hist00 from /eos/ams/user/s/selu/mdst/He122/mdst_60442328.root
Start of Init
Use new binning
Start of Eventloop
Ntr, Nent= 1 436812
IsMC= 1
Parameter[0] = -2.47357
Parameter[1] = -2.95263
Parameter[2] = -3.57222
Parameter[3] = -5.51993
Parameter[4] = -0.016679
Parameter[5] = -2.31576
mdfil_info:  10.0%    6 sec CPU:  37.7%
mdfil_info:  20.0%   20 sec CPU:  21.7%
mdfil_info:  30.0%   24 sec CPU:  27.1%
mdfil_info:  40.0%   27 sec CPU:  30.6%
mdfil_info:  50.0%   39 sec CPU:  26.8%
mdfil_info:  60.0%   44 sec CPU:  28.4%
mdfil_info:  70.0%   48 sec CPU:  30.6%
mdfil_info:  80.0%   51 sec CPU:  32.4%
mdfil_info:  90.0%   55 sec CPU:  33.7%
mdfil_info: 100.0%   59 sec CPU:  34.7%
mdfil_info: 100.0%   59 sec CPU:  34.7%
