WARN: the 'eosmount' alias is deprecated, please use /eos directly
License ports: 28518@lxlicen01.cern.ch,28518@lxlicen02.cern.ch,28518@lxlicen03.cern.ch:/cvmfs/projects.cern.ch/intelsw/psxe/linux/licenses
Intel(R) Parallel Studio XE 2018 Update 2 for Linux*
Copyright (C) 2009-2018 Intel Corporation. All rights reserved.
6219
AMSCommonsI-I-HardwareIdentifiedAs Linux 3.10.0-957.12.1.el7.x86_64 x86_64 2
AMSCommonsI-I-Identified as LittleEndian 64 bit machine. 4294967295
AMSCommonsI-I-amsdatabase /cvmfs/ams.cern.ch/Offline/AMSDataDir/DataBase/
AMSCommonsI-I-MipsFromCPUInfo: 2394.45
AMSCommonsI-I-SystemIdentified as  Intel Core Processor (Haswell, no TSX, IBRS)
AMSCommonsI-I-ComputerEvaluatedAsMips 3591
AMS Software version v5.02/1220/12 built Fri Apr 19 23:54:38 2019

Geant4  Version 1033
Run ID: 76 Bartel: 64
Input Destination: /eos/ams/user/s/selu/mdst/He122/mdst_60441616.root
Output Destination: /afs/cern.ch/work/c/ctuysuz/private/he_flux/LSF/result_mc_time/time_64/he_flux_64_76.root
Add hist00 from /eos/ams/user/s/selu/mdst/He122/mdst_60441616.root
Start of Init
Use new binning
Start of Eventloop
Ntr, Nent= 1 439092
IsMC= 1
Parameter[0] = -2.60351
Parameter[1] = -3.00196
Parameter[2] = -3.60517
Parameter[3] = -5.53742
Parameter[4] = 0.137006
Parameter[5] = -2.40049
mdfil_info:  10.0%    3 sec CPU:  72.9%
mdfil_info:  20.0%    5 sec CPU:  78.8%
mdfil_info:  30.0%    8 sec CPU:  81.0%
mdfil_info:  40.0%   10 sec CPU:  81.9%
mdfil_info:  50.0%   12 sec CPU:  83.3%
mdfil_info:  60.0%   14 sec CPU:  84.3%
mdfil_info:  70.0%   16 sec CPU:  85.0%
mdfil_info:  80.0%   18 sec CPU:  85.5%
mdfil_info:  90.0%   21 sec CPU:  86.0%
mdfil_info: 100.0%   23 sec CPU:  86.2%
mdfil_info: 100.0%   23 sec CPU:  86.2%
20934
AMSCommonsI-I-HardwareIdentifiedAs Linux 3.10.0-957.12.1.el7.x86_64 x86_64 2
AMSCommonsI-I-Identified as LittleEndian 64 bit machine. 4294967295
AMSCommonsI-I-amsdatabase /cvmfs/ams.cern.ch/Offline/AMSDataDir/DataBase/
AMSCommonsI-I-MipsFromCPUInfo: 2394.45
AMSCommonsI-I-SystemIdentified as  Intel Core Processor (Haswell, no TSX, IBRS)
AMSCommonsI-I-ComputerEvaluatedAsMips 3591
AMS Software version v5.02/1220/12 built Fri Apr 19 23:54:38 2019

Geant4  Version 1033
Run ID: 258 Bartel: 37
Input Destination: /eos/ams/user/s/selu/mdst/He122/mdst_60441798.root
Output Destination: /afs/cern.ch/work/c/ctuysuz/private/he_flux/LSF/result_mc_time/time_37/he_flux_37_258.root
Add hist00 from /eos/ams/user/s/selu/mdst/He122/mdst_60441798.root
Start of Init
Use new binning
Start of Eventloop
Ntr, Nent= 1 438795
IsMC= 1
Parameter[0] = -2.7864
Parameter[1] = -3.05696
Parameter[2] = -3.61656
Parameter[3] = -5.57878
Parameter[4] = 0.423344
Parameter[5] = -2.57309
mdfil_info:  10.0%   17 sec CPU:  12.7%
mdfil_info:  20.0%   23 sec CPU:  18.2%
mdfil_info:  30.0%   29 sec CPU:  21.8%
mdfil_info:  40.0%   34 sec CPU:  24.1%
mdfil_info:  50.0%   40 sec CPU:  25.4%
mdfil_info:  60.0%   47 sec CPU:  26.1%
mdfil_info:  70.0%   56 sec CPU:  25.4%
mdfil_info:  80.0%   68 sec CPU:  23.8%
mdfil_info:  90.0%   78 sec CPU:  23.3%
mdfil_info: 100.0%   86 sec CPU:  23.5%
mdfil_info: 100.0%   86 sec CPU:  23.5%
35649
AMSCommonsI-I-HardwareIdentifiedAs Linux 3.10.0-957.12.1.el7.x86_64 x86_64 2
AMSCommonsI-I-Identified as LittleEndian 64 bit machine. 4294967295
AMSCommonsI-I-amsdatabase /cvmfs/ams.cern.ch/Offline/AMSDataDir/DataBase/
AMSCommonsI-I-MipsFromCPUInfo: 2394.45
AMSCommonsI-I-SystemIdentified as  Intel Core Processor (Haswell, no TSX, IBRS)
AMSCommonsI-I-ComputerEvaluatedAsMips 3591
AMS Software version v5.02/1220/12 built Fri Apr 19 23:54:38 2019

Geant4  Version 1033
Run ID: 440 Bartel: 10
Input Destination: /eos/ams/user/s/selu/mdst/He122/mdst_60442328.root
Output Destination: /afs/cern.ch/work/c/ctuysuz/private/he_flux/LSF/result_mc_time/time_10/he_flux_10_440.root
Add hist00 from /eos/ams/user/s/selu/mdst/He122/mdst_60442328.root
Start of Init
Use new binning
Start of Eventloop
Ntr, Nent= 1 436812
IsMC= 1
Parameter[0] = -2.60695
Parameter[1] = -3.01041
Parameter[2] = -3.5903
Parameter[3] = -5.48712
Parameter[4] = 0.0628761
Parameter[5] = -2.10837
mdfil_info:  10.0%    5 sec CPU:  45.0%
mdfil_info:  20.0%    8 sec CPU:  52.2%
mdfil_info:  30.0%   11 sec CPU:  56.3%
mdfil_info:  40.0%   13 sec CPU:  59.7%
mdfil_info:  50.0%   16 sec CPU:  62.0%
mdfil_info:  60.0%   19 sec CPU:  63.1%
mdfil_info:  70.0%   22 sec CPU:  62.9%
mdfil_info:  80.0%   25 sec CPU:  61.6%
mdfil_info:  90.0%   30 sec CPU:  57.9%
mdfil_info: 100.0%   36 sec CPU:  52.4%
mdfil_info: 100.0%   36 sec CPU:  52.4%
