WARN: the 'eosmount' alias is deprecated, please use /eos directly
License ports: 28518@lxlicen01.cern.ch,28518@lxlicen02.cern.ch,28518@lxlicen03.cern.ch:/cvmfs/projects.cern.ch/intelsw/psxe/linux/licenses
Intel(R) Parallel Studio XE 2018 Update 2 for Linux*
Copyright (C) 2009-2018 Intel Corporation. All rights reserved.
11777
AMSCommonsI-I-HardwareIdentifiedAs Linux 3.10.0-957.10.1.el7.x86_64 x86_64 2
AMSCommonsI-I-Identified as LittleEndian 64 bit machine. 4294967295
AMSCommonsI-I-amsdatabase /cvmfs/ams.cern.ch/Offline/AMSDataDir/DataBase/
AMSCommonsI-I-MipsFromCPUInfo: 2194.92
AMSCommonsI-I-SystemIdentified as  Intel(R) Xeon(R) CPU E5-2630 v4 @ 2.20GHz
AMSCommonsI-I-ComputerEvaluatedAsMips 3511
AMS Software version v5.02/1220/12 built Fri Apr 19 23:54:38 2019

Geant4  Version 1033
Run ID: 145 Bartel: 33
Input Destination: /eos/ams/user/s/selu/mdst/He122/mdst_60441685.root
Output Destination: /afs/cern.ch/work/c/ctuysuz/private/he_flux/LSF/result_mc_time/time_33/he_flux_33_145.root
Add hist00 from /eos/ams/user/s/selu/mdst/He122/mdst_60441685.root
Start of Init
Use new binning
Start of Eventloop
Ntr, Nent= 1 435184
IsMC= 1
Parameter[0] = -2.77717
Parameter[1] = -3.0473
Parameter[2] = -3.60062
Parameter[3] = -5.54545
Parameter[4] = 0.481599
Parameter[5] = -2.38362
mdfil_info:  10.0%   18 sec CPU:  12.5%
mdfil_info:  20.0%   25 sec CPU:  16.9%
mdfil_info:  30.0%   33 sec CPU:  19.3%
mdfil_info:  40.0%   39 sec CPU:  21.2%
mdfil_info:  50.0%   45 sec CPU:  22.5%
mdfil_info:  60.0%   53 sec CPU:  22.5%
mdfil_info:  70.0%   64 sec CPU:  21.5%
mdfil_info:  80.0%   71 sec CPU:  22.0%
mdfil_info:  90.0%   78 sec CPU:  22.5%
mdfil_info: 100.0%   85 sec CPU:  23.0%
mdfil_info: 100.0%   85 sec CPU:  23.0%
26492
AMSCommonsI-I-HardwareIdentifiedAs Linux 3.10.0-957.10.1.el7.x86_64 x86_64 2
AMSCommonsI-I-Identified as LittleEndian 64 bit machine. 4294967295
AMSCommonsI-I-amsdatabase /cvmfs/ams.cern.ch/Offline/AMSDataDir/DataBase/
AMSCommonsI-I-MipsFromCPUInfo: 2194.92
AMSCommonsI-I-SystemIdentified as  Intel(R) Xeon(R) CPU E5-2630 v4 @ 2.20GHz
AMSCommonsI-I-ComputerEvaluatedAsMips 3511
AMS Software version v5.02/1220/12 built Fri Apr 19 23:54:38 2019

Geant4  Version 1033
Run ID: 327 Bartel: 6
Input Destination: /eos/ams/user/s/selu/mdst/He122/mdst_60441867.root
Output Destination: /afs/cern.ch/work/c/ctuysuz/private/he_flux/LSF/result_mc_time/time_6/he_flux_6_327.root
Add hist00 from /eos/ams/user/s/selu/mdst/He122/mdst_60441867.root
Start of Init
Use new binning
Start of Eventloop
Ntr, Nent= 1 440092
IsMC= 1
Parameter[0] = -2.65952
Parameter[1] = -3.04006
Parameter[2] = -3.62379
Parameter[3] = -5.53311
Parameter[4] = 0.0821767
Parameter[5] = -2.36872
mdfil_info:  10.0%    2 sec CPU:  78.1%
mdfil_info:  20.0%    4 sec CPU:  84.0%
mdfil_info:  30.0%    6 sec CPU:  86.3%
mdfil_info:  40.0%    8 sec CPU:  87.0%
mdfil_info:  50.0%   10 sec CPU:  87.4%
mdfil_info:  60.0%   12 sec CPU:  88.0%
mdfil_info:  70.0%   14 sec CPU:  89.0%
mdfil_info:  80.0%   15 sec CPU:  89.4%
mdfil_info:  90.0%   17 sec CPU:  89.5%
mdfil_info: 100.0%   19 sec CPU:  89.5%
mdfil_info: 100.0%   19 sec CPU:  89.5%
41207
AMSCommonsI-I-HardwareIdentifiedAs Linux 3.10.0-957.10.1.el7.x86_64 x86_64 2
AMSCommonsI-I-Identified as LittleEndian 64 bit machine. 4294967295
AMSCommonsI-I-amsdatabase /cvmfs/ams.cern.ch/Offline/AMSDataDir/DataBase/
AMSCommonsI-I-MipsFromCPUInfo: 2194.92
AMSCommonsI-I-SystemIdentified as  Intel(R) Xeon(R) CPU E5-2630 v4 @ 2.20GHz
AMSCommonsI-I-ComputerEvaluatedAsMips 3511
AMS Software version v5.02/1220/12 built Fri Apr 19 23:54:38 2019

Geant4  Version 1033
Run ID: 508 Bartel: 60
Input Destination: /eos/ams/user/s/selu/mdst/He314/mdst_120929909.root
Output Destination: /afs/cern.ch/work/c/ctuysuz/private/he_flux/LSF/result_mc_time/time_60/he_flux_60_508.root
Add hist00 from /eos/ams/user/s/selu/mdst/He314/mdst_120929909.root
Start of Init
Use new binning
Start of Eventloop
Ntr, Nent= 1 120701
IsMC= 1
Parameter[0] = -2.68018
Parameter[1] = -3.02446
Parameter[2] = -3.60716
Parameter[3] = -5.58914
Parameter[4] = 0.411118
Parameter[5] = -2.63403
mdfil_info:  10.0%    1 sec CPU:  70.4%
mdfil_info:  20.0%    1 sec CPU:  72.9%
mdfil_info:  30.0%    2 sec CPU:  75.5%
mdfil_info:  40.0%    3 sec CPU:  77.9%
mdfil_info:  50.0%    3 sec CPU:  79.6%
mdfil_info:  60.0%    4 sec CPU:  81.1%
mdfil_info:  70.0%    4 sec CPU:  81.6%
mdfil_info:  80.0%    5 sec CPU:  83.3%
mdfil_info:  90.0%    5 sec CPU:  83.6%
mdfil_info: 100.0%    6 sec CPU:  84.4%
mdfil_info: 100.0%    6 sec CPU:  84.3%
