WARN: the 'eosmount' alias is deprecated, please use /eos directly
License ports: 28518@lxlicen01.cern.ch,28518@lxlicen02.cern.ch,28518@lxlicen03.cern.ch:/cvmfs/projects.cern.ch/intelsw/psxe/linux/licenses
Intel(R) Parallel Studio XE 2018 Update 2 for Linux*
Copyright (C) 2009-2018 Intel Corporation. All rights reserved.
11956
AMSCommonsI-I-HardwareIdentifiedAs Linux 3.10.0-957.10.1.el7.x86_64 x86_64 2
AMSCommonsI-I-Identified as LittleEndian 64 bit machine. 4294967295
AMSCommonsI-I-amsdatabase /cvmfs/ams.cern.ch/Offline/AMSDataDir/DataBase/
AMSCommonsI-I-MipsFromCPUInfo: 2194.92
AMSCommonsI-I-SystemIdentified as  Intel(R) Xeon(R) CPU E5-2630 v4 @ 2.20GHz
AMSCommonsI-I-ComputerEvaluatedAsMips 3511
AMS Software version v5.02/1220/12 built Fri Apr 19 23:54:38 2019

Geant4  Version 1033
Run ID: 147 Bartel: 50
Input Destination: /eos/ams/user/s/selu/mdst/He122/mdst_60441687.root
Output Destination: /afs/cern.ch/work/c/ctuysuz/private/he_flux/LSF/result_mc_time/time_50/he_flux_50_147.root
Add hist00 from /eos/ams/user/s/selu/mdst/He122/mdst_60441687.root
Start of Init
Use new binning
Start of Eventloop
Ntr, Nent= 1 438104
IsMC= 1
Parameter[0] = -2.73471
Parameter[1] = -3.0684
Parameter[2] = -3.6261
Parameter[3] = -5.53452
Parameter[4] = 0.161673
Parameter[5] = -2.21662
mdfil_info:  10.0%   19 sec CPU:  10.8%
mdfil_info:  20.0%   25 sec CPU:  15.1%
mdfil_info:  30.0%   36 sec CPU:  15.7%
mdfil_info:  40.0%   46 sec CPU:  16.1%
mdfil_info:  50.0%   57 sec CPU:  16.0%
mdfil_info:  60.0%   65 sec CPU:  16.6%
mdfil_info:  70.0%   73 sec CPU:  17.2%
mdfil_info:  80.0%   81 sec CPU:  17.4%
mdfil_info:  90.0%   90 sec CPU:  17.8%
mdfil_info: 100.0%   97 sec CPU:  18.1%
mdfil_info: 100.0%   97 sec CPU:  18.1%
26671
AMSCommonsI-I-HardwareIdentifiedAs Linux 3.10.0-957.10.1.el7.x86_64 x86_64 2
AMSCommonsI-I-Identified as LittleEndian 64 bit machine. 4294967295
AMSCommonsI-I-amsdatabase /cvmfs/ams.cern.ch/Offline/AMSDataDir/DataBase/
AMSCommonsI-I-MipsFromCPUInfo: 2194.92
AMSCommonsI-I-SystemIdentified as  Intel(R) Xeon(R) CPU E5-2630 v4 @ 2.20GHz
AMSCommonsI-I-ComputerEvaluatedAsMips 3511
AMS Software version v5.02/1220/12 built Fri Apr 19 23:54:38 2019

Geant4  Version 1033
Run ID: 329 Bartel: 23
Input Destination: /eos/ams/user/s/selu/mdst/He122/mdst_60441869.root
Output Destination: /afs/cern.ch/work/c/ctuysuz/private/he_flux/LSF/result_mc_time/time_23/he_flux_23_329.root
Add hist00 from /eos/ams/user/s/selu/mdst/He122/mdst_60441869.root
Start of Init
Use new binning
Start of Eventloop
Ntr, Nent= 1 437275
IsMC= 1
Parameter[0] = -2.68031
Parameter[1] = -3.0282
Parameter[2] = -3.60077
Parameter[3] = -5.50631
Parameter[4] = 0.188664
Parameter[5] = -2.1921
mdfil_info:  10.0%    3 sec CPU:  72.0%
mdfil_info:  20.0%    4 sec CPU:  78.2%
mdfil_info:  30.0%    7 sec CPU:  77.3%
mdfil_info:  40.0%    9 sec CPU:  80.0%
mdfil_info:  50.0%   10 sec CPU:  81.6%
mdfil_info:  60.0%   12 sec CPU:  82.9%
mdfil_info:  70.0%   14 sec CPU:  83.8%
mdfil_info:  80.0%   16 sec CPU:  84.3%
mdfil_info:  90.0%   18 sec CPU:  84.7%
mdfil_info: 100.0%   19 sec CPU:  85.0%
mdfil_info: 100.0%   19 sec CPU:  85.0%
41386
AMSCommonsI-I-HardwareIdentifiedAs Linux 3.10.0-957.10.1.el7.x86_64 x86_64 2
AMSCommonsI-I-Identified as LittleEndian 64 bit machine. 4294967295
AMSCommonsI-I-amsdatabase /cvmfs/ams.cern.ch/Offline/AMSDataDir/DataBase/
AMSCommonsI-I-MipsFromCPUInfo: 2194.92
AMSCommonsI-I-SystemIdentified as  Intel(R) Xeon(R) CPU E5-2630 v4 @ 2.20GHz
AMSCommonsI-I-ComputerEvaluatedAsMips 3511
AMS Software version v5.02/1220/12 built Fri Apr 19 23:54:38 2019

Geant4  Version 1033
Run ID: 510 Bartel: 77
Input Destination: /eos/ams/user/s/selu/mdst/He314/mdst_120929911.root
Output Destination: /afs/cern.ch/work/c/ctuysuz/private/he_flux/LSF/result_mc_time/time_77/he_flux_77_510.root
Add hist00 from /eos/ams/user/s/selu/mdst/He314/mdst_120929911.root
Start of Init
Use new binning
Start of Eventloop
Ntr, Nent= 1 110458
IsMC= 1
Parameter[0] = -2.48824
Parameter[1] = -2.95955
Parameter[2] = -3.57956
Parameter[3] = -5.5244
Parameter[4] = 0.0142674
Parameter[5] = -2.38492
mdfil_info:  10.0%    1 sec CPU:  72.4%
mdfil_info:  20.0%    1 sec CPU:  73.7%
mdfil_info:  30.0%    2 sec CPU:  74.0%
mdfil_info:  40.0%    2 sec CPU:  77.3%
mdfil_info:  50.0%    3 sec CPU:  79.3%
mdfil_info:  60.0%    3 sec CPU:  80.5%
mdfil_info:  70.0%    4 sec CPU:  82.0%
mdfil_info:  80.0%    4 sec CPU:  82.8%
mdfil_info:  90.0%    5 sec CPU:  83.5%
mdfil_info: 100.0%    5 sec CPU:  83.9%
mdfil_info: 100.0%    5 sec CPU:  83.9%
