WARN: the 'eosmount' alias is deprecated, please use /eos directly
License ports: 28518@lxlicen01.cern.ch,28518@lxlicen02.cern.ch,28518@lxlicen03.cern.ch:/cvmfs/projects.cern.ch/intelsw/psxe/linux/licenses
Intel(R) Parallel Studio XE 2018 Update 2 for Linux*
Copyright (C) 2009-2018 Intel Corporation. All rights reserved.
7218
AMSCommonsI-I-HardwareIdentifiedAs Linux 3.10.0-957.12.1.el7.x86_64 x86_64 2
AMSCommonsI-I-Identified as LittleEndian 64 bit machine. 4294967295
AMSCommonsI-I-amsdatabase /cvmfs/ams.cern.ch/Offline/AMSDataDir/DataBase/
AMSCommonsI-I-MipsFromCPUInfo: 2394.45
AMSCommonsI-I-SystemIdentified as  Intel Core Processor (Haswell, no TSX, IBRS)
AMSCommonsI-I-ComputerEvaluatedAsMips 3591
AMS Software version v5.02/1220/12 built Fri Apr 19 23:54:38 2019

Geant4  Version 1033
Run ID: 89 Bartel: 10
Input Destination: /eos/ams/user/s/selu/mdst/He122/mdst_60441629.root
Output Destination: /afs/cern.ch/work/c/ctuysuz/private/he_flux/LSF/result_mc_time/time_10/he_flux_10_89.root
Add hist00 from /eos/ams/user/s/selu/mdst/He122/mdst_60441629.root
Start of Init
Use new binning
Start of Eventloop
Ntr, Nent= 1 441505
IsMC= 1
Parameter[0] = -2.60695
Parameter[1] = -3.01041
Parameter[2] = -3.5903
Parameter[3] = -5.48712
Parameter[4] = 0.0628761
Parameter[5] = -2.10837
mdfil_info:  10.0%   18 sec CPU:  12.4%
mdfil_info:  20.0%   24 sec CPU:  18.6%
mdfil_info:  30.0%   30 sec CPU:  22.3%
mdfil_info:  40.0%   41 sec CPU:  21.3%
mdfil_info:  50.0%   48 sec CPU:  22.7%
mdfil_info:  60.0%   53 sec CPU:  24.3%
mdfil_info:  70.0%   59 sec CPU:  25.6%
mdfil_info:  80.0%   65 sec CPU:  26.5%
mdfil_info:  90.0%   72 sec CPU:  27.1%
mdfil_info: 100.0%   78 sec CPU:  27.8%
mdfil_info: 100.0%   78 sec CPU:  27.8%
21933
AMSCommonsI-I-HardwareIdentifiedAs Linux 3.10.0-957.12.1.el7.x86_64 x86_64 2
AMSCommonsI-I-Identified as LittleEndian 64 bit machine. 4294967295
AMSCommonsI-I-amsdatabase /cvmfs/ams.cern.ch/Offline/AMSDataDir/DataBase/
AMSCommonsI-I-MipsFromCPUInfo: 2394.45
AMSCommonsI-I-SystemIdentified as  Intel Core Processor (Haswell, no TSX, IBRS)
AMSCommonsI-I-ComputerEvaluatedAsMips 3591
AMS Software version v5.02/1220/12 built Fri Apr 19 23:54:38 2019

Geant4  Version 1033
Run ID: 270 Bartel: 64
Input Destination: /eos/ams/user/s/selu/mdst/He122/mdst_60441810.root
Output Destination: /afs/cern.ch/work/c/ctuysuz/private/he_flux/LSF/result_mc_time/time_64/he_flux_64_270.root
Add hist00 from /eos/ams/user/s/selu/mdst/He122/mdst_60441810.root
Start of Init
Use new binning
Start of Eventloop
Ntr, Nent= 1 437324
IsMC= 1
Parameter[0] = -2.60351
Parameter[1] = -3.00196
Parameter[2] = -3.60517
Parameter[3] = -5.53742
Parameter[4] = 0.137006
Parameter[5] = -2.40049
mdfil_info:  10.0%   19 sec CPU:  12.2%
mdfil_info:  20.0%   25 sec CPU:  18.1%
mdfil_info:  30.0%   31 sec CPU:  21.9%
mdfil_info:  40.0%   43 sec CPU:  20.9%
mdfil_info:  50.0%   49 sec CPU:  22.7%
mdfil_info:  60.0%   56 sec CPU:  24.0%
mdfil_info:  70.0%   62 sec CPU:  25.2%
mdfil_info:  80.0%   68 sec CPU:  26.2%
mdfil_info:  90.0%   74 sec CPU:  27.1%
mdfil_info: 100.0%   80 sec CPU:  27.7%
mdfil_info: 100.0%   80 sec CPU:  27.7%
36648
AMSCommonsI-I-HardwareIdentifiedAs Linux 3.10.0-957.12.1.el7.x86_64 x86_64 2
AMSCommonsI-I-Identified as LittleEndian 64 bit machine. 4294967295
AMSCommonsI-I-amsdatabase /cvmfs/ams.cern.ch/Offline/AMSDataDir/DataBase/
AMSCommonsI-I-MipsFromCPUInfo: 2394.45
AMSCommonsI-I-SystemIdentified as  Intel Core Processor (Haswell, no TSX, IBRS)
AMSCommonsI-I-ComputerEvaluatedAsMips 3591
AMS Software version v5.02/1220/12 built Fri Apr 19 23:54:38 2019

Geant4  Version 1033
Run ID: 452 Bartel: 37
Input Destination: /eos/ams/user/s/selu/mdst/He314/mdst_120929852.root
Output Destination: /afs/cern.ch/work/c/ctuysuz/private/he_flux/LSF/result_mc_time/time_37/he_flux_37_452.root
Add hist00 from /eos/ams/user/s/selu/mdst/He314/mdst_120929852.root
Start of Init
Use new binning
Start of Eventloop
Ntr, Nent= 1 122283
IsMC= 1
Parameter[0] = -2.7864
Parameter[1] = -3.05696
Parameter[2] = -3.61656
Parameter[3] = -5.57878
Parameter[4] = 0.423344
Parameter[5] = -2.57309
mdfil_info:  10.0%    1 sec CPU:  67.4%
mdfil_info:  20.0%    2 sec CPU:  68.3%
mdfil_info:  30.0%    3 sec CPU:  67.8%
mdfil_info:  40.0%    3 sec CPU:  70.8%
mdfil_info:  50.0%    4 sec CPU:  73.1%
mdfil_info:  60.0%    5 sec CPU:  73.7%
mdfil_info:  70.0%    5 sec CPU:  75.2%
mdfil_info:  80.0%    6 sec CPU:  76.2%
mdfil_info:  90.0%    7 sec CPU:  76.8%
mdfil_info: 100.0%    7 sec CPU:  76.9%
mdfil_info: 100.0%    7 sec CPU:  76.9%
