WARN: the 'eosmount' alias is deprecated, please use /eos directly
License ports: 28518@lxlicen01.cern.ch,28518@lxlicen02.cern.ch,28518@lxlicen03.cern.ch:/cvmfs/projects.cern.ch/intelsw/psxe/linux/licenses
Intel(R) Parallel Studio XE 2018 Update 2 for Linux*
Copyright (C) 2009-2018 Intel Corporation. All rights reserved.
6264
AMSCommonsI-I-HardwareIdentifiedAs Linux 3.10.0-957.10.1.el7.x86_64 x86_64 2
AMSCommonsI-I-Identified as LittleEndian 64 bit machine. 4294967295
AMSCommonsI-I-amsdatabase /cvmfs/ams.cern.ch/Offline/AMSDataDir/DataBase/
AMSCommonsI-I-MipsFromCPUInfo: 2194.92
AMSCommonsI-I-SystemIdentified as  Intel(R) Xeon(R) CPU E5-2630 v4 @ 2.20GHz
AMSCommonsI-I-ComputerEvaluatedAsMips 3511
AMS Software version v5.02/1220/12 built Fri Apr 19 23:54:38 2019

Geant4  Version 1033
Run ID: 77 Bartel: 28
Input Destination: /eos/ams/user/s/selu/mdst/He122/mdst_60441617.root
Output Destination: /afs/cern.ch/work/c/ctuysuz/private/he_flux/LSF/result_mc_time/time_28/he_flux_28_77.root
Add hist00 from /eos/ams/user/s/selu/mdst/He122/mdst_60441617.root
Start of Init
Use new binning
Start of Eventloop
Ntr, Nent= 1 441495
IsMC= 1
Parameter[0] = -2.78708
Parameter[1] = -3.08521
Parameter[2] = -3.63404
Parameter[3] = -5.57737
Parameter[4] = 0.368582
Parameter[5] = -2.54212
mdfil_info:  10.0%   23 sec CPU:  10.0%
mdfil_info:  20.0%   31 sec CPU:  14.0%
mdfil_info:  30.0%   42 sec CPU:  15.6%
mdfil_info:  40.0%   49 sec CPU:  17.4%
mdfil_info:  50.0%   56 sec CPU:  19.2%
mdfil_info:  60.0%   62 sec CPU:  20.7%
mdfil_info:  70.0%   70 sec CPU:  21.3%
mdfil_info:  80.0%   78 sec CPU:  22.0%
mdfil_info:  90.0%   90 sec CPU:  21.6%
mdfil_info: 100.0%   99 sec CPU:  21.7%
mdfil_info: 100.0%   99 sec CPU:  21.7%
20979
AMSCommonsI-I-HardwareIdentifiedAs Linux 3.10.0-957.10.1.el7.x86_64 x86_64 2
AMSCommonsI-I-Identified as LittleEndian 64 bit machine. 4294967295
AMSCommonsI-I-amsdatabase /cvmfs/ams.cern.ch/Offline/AMSDataDir/DataBase/
AMSCommonsI-I-MipsFromCPUInfo: 2194.92
AMSCommonsI-I-SystemIdentified as  Intel(R) Xeon(R) CPU E5-2630 v4 @ 2.20GHz
AMSCommonsI-I-ComputerEvaluatedAsMips 3511
AMS Software version v5.02/1220/12 built Fri Apr 19 23:54:38 2019

Geant4  Version 1033
Run ID: 259 Bartel: 1
Input Destination: /eos/ams/user/s/selu/mdst/He122/mdst_60441799.root
Output Destination: /afs/cern.ch/work/c/ctuysuz/private/he_flux/LSF/result_mc_time/time_1/he_flux_1_259.root
Add hist00 from /eos/ams/user/s/selu/mdst/He122/mdst_60441799.root
Start of Init
Use new binning
Start of Eventloop
Ntr, Nent= 1 437807
IsMC= 1
Parameter[0] = -2.47751
Parameter[1] = -2.72369
Parameter[2] = -3.30093
Parameter[3] = -5.32428
Parameter[4] = 0.816566
Parameter[5] = -2.78591
mdfil_info:  10.0%    7 sec CPU:  31.0%
mdfil_info:  20.0%   13 sec CPU:  34.3%
mdfil_info:  30.0%   17 sec CPU:  37.3%
mdfil_info:  40.0%   25 sec CPU:  34.0%
mdfil_info:  50.0%   31 sec CPU:  34.1%
mdfil_info:  60.0%   39 sec CPU:  31.6%
mdfil_info:  70.0%   46 sec CPU:  31.5%
mdfil_info:  80.0%   61 sec CPU:  26.9%
mdfil_info:  90.0%   65 sec CPU:  28.4%
mdfil_info: 100.0%   68 sec CPU:  29.9%
mdfil_info: 100.0%   68 sec CPU:  29.9%
35694
AMSCommonsI-I-HardwareIdentifiedAs Linux 3.10.0-957.10.1.el7.x86_64 x86_64 2
AMSCommonsI-I-Identified as LittleEndian 64 bit machine. 4294967295
AMSCommonsI-I-amsdatabase /cvmfs/ams.cern.ch/Offline/AMSDataDir/DataBase/
AMSCommonsI-I-MipsFromCPUInfo: 2194.92
AMSCommonsI-I-SystemIdentified as  Intel(R) Xeon(R) CPU E5-2630 v4 @ 2.20GHz
AMSCommonsI-I-ComputerEvaluatedAsMips 3511
AMS Software version v5.02/1220/12 built Fri Apr 19 23:54:38 2019

Geant4  Version 1033
Run ID: 440 Bartel: 55
Input Destination: /eos/ams/user/s/selu/mdst/He122/mdst_60442328.root
Output Destination: /afs/cern.ch/work/c/ctuysuz/private/he_flux/LSF/result_mc_time/time_55/he_flux_55_440.root
Add hist00 from /eos/ams/user/s/selu/mdst/He122/mdst_60442328.root
Start of Init
Use new binning
Start of Eventloop
Ntr, Nent= 1 436812
IsMC= 1
Parameter[0] = -2.74163
Parameter[1] = -3.05076
Parameter[2] = -3.61683
Parameter[3] = -5.57138
Parameter[4] = 0.434624
Parameter[5] = -2.47013
mdfil_info:  10.0%   10 sec CPU:  20.7%
mdfil_info:  20.0%   20 sec CPU:  18.8%
mdfil_info:  30.0%   23 sec CPU:  24.1%
mdfil_info:  40.0%   29 sec CPU:  26.8%
mdfil_info:  50.0%   37 sec CPU:  26.2%
mdfil_info:  60.0%   42 sec CPU:  27.5%
mdfil_info:  70.0%   46 sec CPU:  29.9%
mdfil_info:  80.0%   50 sec CPU:  31.7%
mdfil_info:  90.0%   54 sec CPU:  33.0%
mdfil_info: 100.0%   58 sec CPU:  34.1%
mdfil_info: 100.0%   58 sec CPU:  34.1%
