WARN: the 'eosmount' alias is deprecated, please use /eos directly
License ports: 28518@lxlicen01.cern.ch,28518@lxlicen02.cern.ch,28518@lxlicen03.cern.ch:/cvmfs/projects.cern.ch/intelsw/psxe/linux/licenses
Intel(R) Parallel Studio XE 2018 Update 2 for Linux*
Copyright (C) 2009-2018 Intel Corporation. All rights reserved.
6576
AMSCommonsI-I-HardwareIdentifiedAs Linux 3.10.0-957.10.1.el7.x86_64 x86_64 2
AMSCommonsI-I-Identified as LittleEndian 64 bit machine. 4294967295
AMSCommonsI-I-amsdatabase /cvmfs/ams.cern.ch/Offline/AMSDataDir/DataBase/
AMSCommonsI-I-MipsFromCPUInfo: 2194.92
AMSCommonsI-I-SystemIdentified as  Intel(R) Xeon(R) CPU E5-2630 v4 @ 2.20GHz
AMSCommonsI-I-ComputerEvaluatedAsMips 3511
AMS Software version v5.02/1220/12 built Fri Apr 19 23:54:38 2019

Geant4  Version 1033
Run ID: 81 Bartel: 16
Input Destination: /eos/ams/user/s/selu/mdst/He122/mdst_60441621.root
Output Destination: /afs/cern.ch/work/c/ctuysuz/private/he_flux/LSF/result_mc_time/time_16/he_flux_16_81.root
Add hist00 from /eos/ams/user/s/selu/mdst/He122/mdst_60441621.root
Start of Init
Use new binning
Start of Eventloop
Ntr, Nent= 1 439137
IsMC= 1
Parameter[0] = -2.6668
Parameter[1] = -3.03435
Parameter[2] = -3.60385
Parameter[3] = -5.49763
Parameter[4] = 0.211134
Parameter[5] = -2.07053
mdfil_info:  10.0%   18 sec CPU:  12.9%
mdfil_info:  20.0%   25 sec CPU:  18.4%
mdfil_info:  30.0%   31 sec CPU:  21.6%
mdfil_info:  40.0%   39 sec CPU:  22.3%
mdfil_info:  50.0%   46 sec CPU:  23.3%
mdfil_info:  60.0%   54 sec CPU:  24.1%
mdfil_info:  70.0%   60 sec CPU:  25.0%
mdfil_info:  80.0%   68 sec CPU:  25.5%
mdfil_info:  90.0%   74 sec CPU:  26.2%
mdfil_info: 100.0%   80 sec CPU:  26.8%
mdfil_info: 100.0%   80 sec CPU:  26.8%
21291
AMSCommonsI-I-HardwareIdentifiedAs Linux 3.10.0-957.10.1.el7.x86_64 x86_64 2
AMSCommonsI-I-Identified as LittleEndian 64 bit machine. 4294967295
AMSCommonsI-I-amsdatabase /cvmfs/ams.cern.ch/Offline/AMSDataDir/DataBase/
AMSCommonsI-I-MipsFromCPUInfo: 2194.92
AMSCommonsI-I-SystemIdentified as  Intel(R) Xeon(R) CPU E5-2630 v4 @ 2.20GHz
AMSCommonsI-I-ComputerEvaluatedAsMips 3511
AMS Software version v5.02/1220/12 built Fri Apr 19 23:54:38 2019

Geant4  Version 1033
Run ID: 262 Bartel: 70
Input Destination: /eos/ams/user/s/selu/mdst/He122/mdst_60441802.root
Output Destination: /afs/cern.ch/work/c/ctuysuz/private/he_flux/LSF/result_mc_time/time_70/he_flux_70_262.root
Add hist00 from /eos/ams/user/s/selu/mdst/He122/mdst_60441802.root
Start of Init
Use new binning
Start of Eventloop
Ntr, Nent= 1 435568
IsMC= 1
Parameter[0] = -2.55238
Parameter[1] = -2.98162
Parameter[2] = -3.58419
Parameter[3] = -5.43685
Parameter[4] = 0.00689862
Parameter[5] = -1.78447
mdfil_info:  10.0%    3 sec CPU:  74.1%
mdfil_info:  20.0%    5 sec CPU:  80.7%
mdfil_info:  30.0%    7 sec CPU:  82.0%
mdfil_info:  40.0%   10 sec CPU:  83.3%
mdfil_info:  50.0%   12 sec CPU:  84.3%
mdfil_info:  60.0%   14 sec CPU:  85.1%
mdfil_info:  70.0%   16 sec CPU:  85.0%
mdfil_info:  80.0%   18 sec CPU:  85.2%
mdfil_info:  90.0%   21 sec CPU:  85.4%
mdfil_info: 100.0%   23 sec CPU:  85.7%
mdfil_info: 100.0%   23 sec CPU:  85.7%
36006
AMSCommonsI-I-HardwareIdentifiedAs Linux 3.10.0-957.10.1.el7.x86_64 x86_64 2
AMSCommonsI-I-Identified as LittleEndian 64 bit machine. 4294967295
AMSCommonsI-I-amsdatabase /cvmfs/ams.cern.ch/Offline/AMSDataDir/DataBase/
AMSCommonsI-I-MipsFromCPUInfo: 2194.92
AMSCommonsI-I-SystemIdentified as  Intel(R) Xeon(R) CPU E5-2630 v4 @ 2.20GHz
AMSCommonsI-I-ComputerEvaluatedAsMips 3511
AMS Software version v5.02/1220/12 built Fri Apr 19 23:54:38 2019

Geant4  Version 1033
Run ID: 444 Bartel: 43
Input Destination: /eos/ams/user/s/selu/mdst/He122/mdst_60442333.root
Output Destination: /afs/cern.ch/work/c/ctuysuz/private/he_flux/LSF/result_mc_time/time_43/he_flux_43_444.root
Add hist00 from /eos/ams/user/s/selu/mdst/He122/mdst_60442333.root
Start of Init
Use new binning
Start of Eventloop
Ntr, Nent= 1 435059
IsMC= 1
Parameter[0] = -2.79775
Parameter[1] = -3.07523
Parameter[2] = -3.62821
Parameter[3] = -5.6114
Parameter[4] = 0.460986
Parameter[5] = -2.73201
mdfil_info:  10.0%   12 sec CPU:  18.3%
mdfil_info:  20.0%   15 sec CPU:  27.3%
mdfil_info:  30.0%   17 sec CPU:  34.7%
mdfil_info:  40.0%   20 sec CPU:  38.4%
mdfil_info:  50.0%   25 sec CPU:  38.9%
mdfil_info:  60.0%   30 sec CPU:  39.1%
mdfil_info:  70.0%   33 sec CPU:  41.4%
mdfil_info:  80.0%   39 sec CPU:  40.7%
mdfil_info:  90.0%   41 sec CPU:  42.6%
mdfil_info: 100.0%   44 sec CPU:  44.0%
mdfil_info: 100.0%   44 sec CPU:  44.0%
