WARN: the 'eosmount' alias is deprecated, please use /eos directly
License ports: 28518@lxlicen01.cern.ch,28518@lxlicen02.cern.ch,28518@lxlicen03.cern.ch:/cvmfs/projects.cern.ch/intelsw/psxe/linux/licenses
Intel(R) Parallel Studio XE 2018 Update 2 for Linux*
Copyright (C) 2009-2018 Intel Corporation. All rights reserved.
11724
AMSCommonsI-I-HardwareIdentifiedAs Linux 3.10.0-957.10.1.el7.x86_64 x86_64 2
AMSCommonsI-I-Identified as LittleEndian 64 bit machine. 4294967295
AMSCommonsI-I-amsdatabase /cvmfs/ams.cern.ch/Offline/AMSDataDir/DataBase/
AMSCommonsI-I-MipsFromCPUInfo: 2194.92
AMSCommonsI-I-SystemIdentified as  Intel(R) Xeon(R) CPU E5-2630 v4 @ 2.20GHz
AMSCommonsI-I-ComputerEvaluatedAsMips 3511
AMS Software version v5.02/1220/12 built Fri Apr 19 23:54:38 2019

Geant4  Version 1033
Run ID: 144 Bartel: 61
Input Destination: /eos/ams/user/s/selu/mdst/He122/mdst_60441684.root
Output Destination: /afs/cern.ch/work/c/ctuysuz/private/he_flux/LSF/result_mc_time/time_61/he_flux_61_144.root
Add hist00 from /eos/ams/user/s/selu/mdst/He122/mdst_60441684.root
Start of Init
Use new binning
Start of Eventloop
Ntr, Nent= 1 439640
IsMC= 1
Parameter[0] = -2.66257
Parameter[1] = -3.02879
Parameter[2] = -3.60772
Parameter[3] = -5.54397
Parameter[4] = 0.208408
Parameter[5] = -2.47782
mdfil_info:  10.0%   18 sec CPU:  12.1%
mdfil_info:  20.0%   25 sec CPU:  17.1%
mdfil_info:  30.0%   34 sec CPU:  18.8%
mdfil_info:  40.0%   42 sec CPU:  20.0%
mdfil_info:  50.0%   50 sec CPU:  21.0%
mdfil_info:  60.0%   57 sec CPU:  21.8%
mdfil_info:  70.0%   65 sec CPU:  22.3%
mdfil_info:  80.0%   73 sec CPU:  22.9%
mdfil_info:  90.0%   80 sec CPU:  23.2%
mdfil_info: 100.0%   87 sec CPU:  23.5%
26439
AMSCommonsI-I-HardwareIdentifiedAs Linux 3.10.0-957.10.1.el7.x86_64 x86_64 2
AMSCommonsI-I-Identified as LittleEndian 64 bit machine. 4294967295
AMSCommonsI-I-amsdatabase /cvmfs/ams.cern.ch/Offline/AMSDataDir/DataBase/
AMSCommonsI-I-MipsFromCPUInfo: 2194.92
AMSCommonsI-I-SystemIdentified as  Intel(R) Xeon(R) CPU E5-2630 v4 @ 2.20GHz
AMSCommonsI-I-ComputerEvaluatedAsMips 3511
AMS Software version v5.02/1220/12 built Fri Apr 19 23:54:38 2019

Geant4  Version 1033
Run ID: 326 Bartel: 34
Input Destination: /eos/ams/user/s/selu/mdst/He122/mdst_60441866.root
Output Destination: /afs/cern.ch/work/c/ctuysuz/private/he_flux/LSF/result_mc_time/time_34/he_flux_34_326.root
Add hist00 from /eos/ams/user/s/selu/mdst/He122/mdst_60441866.root
Start of Init
Use new binning
Start of Eventloop
Ntr, Nent= 1 442389
IsMC= 1
Parameter[0] = -2.72052
Parameter[1] = -2.99045
Parameter[2] = -3.54577
Parameter[3] = -5.51973
Parameter[4] = 0.499199
Parameter[5] = -2.55339
mdfil_info:  10.0%    3 sec CPU:  72.1%
mdfil_info:  20.0%    5 sec CPU:  78.4%
mdfil_info:  30.0%    7 sec CPU:  81.1%
mdfil_info:  40.0%   10 sec CPU:  83.3%
mdfil_info:  50.0%   12 sec CPU:  84.7%
mdfil_info:  60.0%   14 sec CPU:  85.3%
mdfil_info:  70.0%   16 sec CPU:  85.7%
mdfil_info:  80.0%   18 sec CPU:  86.1%
mdfil_info:  90.0%   20 sec CPU:  86.5%
mdfil_info: 100.0%   22 sec CPU:  86.7%
mdfil_info: 100.0%   22 sec CPU:  86.7%
41154
AMSCommonsI-I-HardwareIdentifiedAs Linux 3.10.0-957.10.1.el7.x86_64 x86_64 2
AMSCommonsI-I-Identified as LittleEndian 64 bit machine. 4294967295
AMSCommonsI-I-amsdatabase /cvmfs/ams.cern.ch/Offline/AMSDataDir/DataBase/
AMSCommonsI-I-MipsFromCPUInfo: 2194.92
AMSCommonsI-I-SystemIdentified as  Intel(R) Xeon(R) CPU E5-2630 v4 @ 2.20GHz
AMSCommonsI-I-ComputerEvaluatedAsMips 3511
AMS Software version v5.02/1220/12 built Fri Apr 19 23:54:38 2019

Geant4  Version 1033
Run ID: 508 Bartel: 7
Input Destination: /eos/ams/user/s/selu/mdst/He314/mdst_120929909.root
Output Destination: /afs/cern.ch/work/c/ctuysuz/private/he_flux/LSF/result_mc_time/time_7/he_flux_7_508.root
Add hist00 from /eos/ams/user/s/selu/mdst/He314/mdst_120929909.root
Start of Init
Use new binning
Start of Eventloop
Ntr, Nent= 1 120701
IsMC= 1
Parameter[0] = -2.6167
Parameter[1] = -3.01884
Parameter[2] = -3.60527
Parameter[3] = -5.52044
Parameter[4] = 0.00890243
Parameter[5] = -2.31265
mdfil_info:  10.0%    1 sec CPU:  64.5%
mdfil_info:  20.0%    2 sec CPU:  69.4%
mdfil_info:  30.0%    3 sec CPU:  71.3%
mdfil_info:  40.0%    3 sec CPU:  74.2%
mdfil_info:  50.0%    4 sec CPU:  76.3%
mdfil_info:  60.0%    4 sec CPU:  77.7%
mdfil_info:  70.0%    5 sec CPU:  78.7%
mdfil_info:  80.0%    6 sec CPU:  79.4%
mdfil_info:  90.0%    6 sec CPU:  79.1%
mdfil_info: 100.0%    7 sec CPU:  79.8%
mdfil_info: 100.0%    7 sec CPU:  79.8%
