WARN: the 'eosmount' alias is deprecated, please use /eos directly
License ports: 28518@lxlicen01.cern.ch,28518@lxlicen02.cern.ch,28518@lxlicen03.cern.ch:/cvmfs/projects.cern.ch/intelsw/psxe/linux/licenses
Intel(R) Parallel Studio XE 2018 Update 2 for Linux*
Copyright (C) 2009-2018 Intel Corporation. All rights reserved.
11644
AMSCommonsI-I-HardwareIdentifiedAs Linux 3.10.0-957.10.1.el7.x86_64 x86_64 2
AMSCommonsI-I-Identified as LittleEndian 64 bit machine. 4294967295
AMSCommonsI-I-amsdatabase /cvmfs/ams.cern.ch/Offline/AMSDataDir/DataBase/
AMSCommonsI-I-MipsFromCPUInfo: 2194.92
AMSCommonsI-I-SystemIdentified as  Intel(R) Xeon(R) CPU E5-2630 v4 @ 2.20GHz
AMSCommonsI-I-ComputerEvaluatedAsMips 3511
AMS Software version v5.02/1220/12 built Fri Apr 19 23:54:38 2019

Geant4  Version 1033
Run ID: 143 Bartel: 62
Input Destination: /eos/ams/user/s/selu/mdst/He122/mdst_60441683.root
Output Destination: /afs/cern.ch/work/c/ctuysuz/private/he_flux/LSF/result_mc_time/time_62/he_flux_62_143.root
Add hist00 from /eos/ams/user/s/selu/mdst/He122/mdst_60441683.root
Start of Init
Use new binning
Start of Eventloop
Ntr, Nent= 1 440257
IsMC= 1
Parameter[0] = -2.64206
Parameter[1] = -3.02985
Parameter[2] = -3.62083
Parameter[3] = -5.50236
Parameter[4] = 0.0367156
Parameter[5] = -2.23473
mdfil_info:  10.0%    3 sec CPU:  69.2%
mdfil_info:  20.0%    6 sec CPU:  75.8%
mdfil_info:  30.0%    8 sec CPU:  78.1%
mdfil_info:  40.0%   11 sec CPU:  79.5%
mdfil_info:  50.0%   13 sec CPU:  80.2%
mdfil_info:  60.0%   16 sec CPU:  80.9%
mdfil_info:  70.0%   18 sec CPU:  81.5%
mdfil_info:  80.0%   21 sec CPU:  82.2%
mdfil_info:  90.0%   23 sec CPU:  82.8%
mdfil_info: 100.0%   26 sec CPU:  83.4%
mdfil_info: 100.0%   26 sec CPU:  83.4%
26359
AMSCommonsI-I-HardwareIdentifiedAs Linux 3.10.0-957.10.1.el7.x86_64 x86_64 2
AMSCommonsI-I-Identified as LittleEndian 64 bit machine. 4294967295
AMSCommonsI-I-amsdatabase /cvmfs/ams.cern.ch/Offline/AMSDataDir/DataBase/
AMSCommonsI-I-MipsFromCPUInfo: 2194.92
AMSCommonsI-I-SystemIdentified as  Intel(R) Xeon(R) CPU E5-2630 v4 @ 2.20GHz
AMSCommonsI-I-ComputerEvaluatedAsMips 3511
AMS Software version v5.02/1220/12 built Fri Apr 19 23:54:38 2019

Geant4  Version 1033
Run ID: 325 Bartel: 35
Input Destination: /eos/ams/user/s/selu/mdst/He122/mdst_60441865.root
Output Destination: /afs/cern.ch/work/c/ctuysuz/private/he_flux/LSF/result_mc_time/time_35/he_flux_35_325.root
Add hist00 from /eos/ams/user/s/selu/mdst/He122/mdst_60441865.root
Start of Init
Use new binning
Start of Eventloop
Ntr, Nent= 1 440856
IsMC= 1
Parameter[0] = -2.78972
Parameter[1] = -3.05942
Parameter[2] = -3.61356
Parameter[3] = -5.57982
Parameter[4] = 0.513637
Parameter[5] = -2.53477
mdfil_info:  10.0%    3 sec CPU:  73.8%
mdfil_info:  20.0%    5 sec CPU:  79.5%
mdfil_info:  30.0%    7 sec CPU:  80.1%
mdfil_info:  40.0%   10 sec CPU:  81.1%
mdfil_info:  50.0%   12 sec CPU:  81.4%
mdfil_info:  60.0%   14 sec CPU:  81.9%
mdfil_info:  70.0%   16 sec CPU:  82.4%
mdfil_info:  80.0%   18 sec CPU:  82.9%
mdfil_info:  90.0%   20 sec CPU:  83.3%
mdfil_info: 100.0%   22 sec CPU:  83.6%
mdfil_info: 100.0%   22 sec CPU:  83.6%
41074
AMSCommonsI-I-HardwareIdentifiedAs Linux 3.10.0-957.10.1.el7.x86_64 x86_64 2
AMSCommonsI-I-Identified as LittleEndian 64 bit machine. 4294967295
AMSCommonsI-I-amsdatabase /cvmfs/ams.cern.ch/Offline/AMSDataDir/DataBase/
AMSCommonsI-I-MipsFromCPUInfo: 2194.92
AMSCommonsI-I-SystemIdentified as  Intel(R) Xeon(R) CPU E5-2630 v4 @ 2.20GHz
AMSCommonsI-I-ComputerEvaluatedAsMips 3511
AMS Software version v5.02/1220/12 built Fri Apr 19 23:54:38 2019

Geant4  Version 1033
Run ID: 507 Bartel: 8
Input Destination: /eos/ams/user/s/selu/mdst/He314/mdst_120929908.root
Output Destination: /afs/cern.ch/work/c/ctuysuz/private/he_flux/LSF/result_mc_time/time_8/he_flux_8_507.root
Add hist00 from /eos/ams/user/s/selu/mdst/He314/mdst_120929908.root
Start of Init
Use new binning
Start of Eventloop
Ntr, Nent= 1 110282
IsMC= 1
Parameter[0] = -2.58724
Parameter[1] = -2.99412
Parameter[2] = -3.58142
Parameter[3] = -5.49201
Parameter[4] = 0.101989
Parameter[5] = -2.14779
mdfil_info:  10.0%   73 sec CPU:   0.8%
mdfil_info:  20.0%  127 sec CPU:   1.0%
mdfil_info:  30.0%  186 sec CPU:   1.0%
mdfil_info:  40.0%  204 sec CPU:   1.2%
mdfil_info:  50.0%  225 sec CPU:   1.3%
mdfil_info:  60.0%  255 sec CPU:   1.4%
mdfil_info:  70.0%  270 sec CPU:   1.5%
mdfil_info:  80.0%  304 sec CPU:   1.5%
mdfil_info:  90.0%  352 sec CPU:   1.5%
mdfil_info: 100.0%  371 sec CPU:   1.5%
mdfil_info: 100.0%  371 sec CPU:   1.5%
