WARN: the 'eosmount' alias is deprecated, please use /eos directly
License ports: 28518@lxlicen01.cern.ch,28518@lxlicen02.cern.ch,28518@lxlicen03.cern.ch:/cvmfs/projects.cern.ch/intelsw/psxe/linux/licenses
Intel(R) Parallel Studio XE 2018 Update 2 for Linux*
Copyright (C) 2009-2018 Intel Corporation. All rights reserved.
3228
AMSCommonsI-I-HardwareIdentifiedAs Linux 3.10.0-957.10.1.el7.x86_64 x86_64 2
AMSCommonsI-I-Identified as LittleEndian 64 bit machine. 4294967295
AMSCommonsI-I-amsdatabase /cvmfs/ams.cern.ch/Offline/AMSDataDir/DataBase/
AMSCommonsI-I-MipsFromCPUInfo: 2194.92
AMSCommonsI-I-SystemIdentified as  Intel(R) Xeon(R) CPU E5-2630 v4 @ 2.20GHz
AMSCommonsI-I-ComputerEvaluatedAsMips 3511
AMS Software version v5.02/1220/12 built Fri Apr 19 23:54:38 2019

Geant4  Version 1033
Run ID: 39 Bartel: 70
Input Destination: /eos/ams/user/s/selu/mdst/He122/mdst_60441578.root
Output Destination: /afs/cern.ch/work/c/ctuysuz/private/he_flux/LSF/result_mc_time/time_70/he_flux_70_39.root
Add hist00 from /eos/ams/user/s/selu/mdst/He122/mdst_60441578.root
Start of Init
Use new binning
Start of Eventloop
Ntr, Nent= 1 438446
IsMC= 1
Parameter[0] = -2.55238
Parameter[1] = -2.98162
Parameter[2] = -3.58419
Parameter[3] = -5.43685
Parameter[4] = 0.00689862
Parameter[5] = -1.78447
mdfil_info:  10.0%   19 sec CPU:  11.6%
mdfil_info:  20.0%   27 sec CPU:  15.8%
mdfil_info:  30.0%   38 sec CPU:  16.3%
mdfil_info:  40.0%   48 sec CPU:  16.9%
mdfil_info:  50.0%   56 sec CPU:  18.2%
mdfil_info:  60.0%   65 sec CPU:  19.0%
mdfil_info:  70.0%   77 sec CPU:  18.6%
mdfil_info:  80.0%   90 sec CPU:  18.2%
mdfil_info:  90.0%  103 sec CPU:  18.0%
mdfil_info: 100.0%  113 sec CPU:  18.1%
mdfil_info: 100.0%  113 sec CPU:  18.1%
17943
AMSCommonsI-I-HardwareIdentifiedAs Linux 3.10.0-957.10.1.el7.x86_64 x86_64 2
AMSCommonsI-I-Identified as LittleEndian 64 bit machine. 4294967295
AMSCommonsI-I-amsdatabase /cvmfs/ams.cern.ch/Offline/AMSDataDir/DataBase/
AMSCommonsI-I-MipsFromCPUInfo: 2194.92
AMSCommonsI-I-SystemIdentified as  Intel(R) Xeon(R) CPU E5-2630 v4 @ 2.20GHz
AMSCommonsI-I-ComputerEvaluatedAsMips 3511
AMS Software version v5.02/1220/12 built Fri Apr 19 23:54:38 2019

Geant4  Version 1033
Run ID: 221 Bartel: 43
Input Destination: /eos/ams/user/s/selu/mdst/He122/mdst_60441761.root
Output Destination: /afs/cern.ch/work/c/ctuysuz/private/he_flux/LSF/result_mc_time/time_43/he_flux_43_221.root
Add hist00 from /eos/ams/user/s/selu/mdst/He122/mdst_60441761.root
Start of Init
Use new binning
Start of Eventloop
Ntr, Nent= 1 439395
IsMC= 1
Parameter[0] = -2.79775
Parameter[1] = -3.07523
Parameter[2] = -3.62821
Parameter[3] = -5.6114
Parameter[4] = 0.460986
Parameter[5] = -2.73201
mdfil_info:  10.0%   16 sec CPU:  13.5%
mdfil_info:  20.0%   23 sec CPU:  17.9%
mdfil_info:  30.0%   31 sec CPU:  20.1%
mdfil_info:  40.0%   39 sec CPU:  21.0%
mdfil_info:  50.0%   47 sec CPU:  22.1%
mdfil_info:  60.0%   54 sec CPU:  23.0%
mdfil_info:  70.0%   62 sec CPU:  23.5%
mdfil_info:  80.0%   70 sec CPU:  23.7%
mdfil_info:  90.0%   77 sec CPU:  24.0%
mdfil_info: 100.0%   85 sec CPU:  24.2%
mdfil_info: 100.0%   85 sec CPU:  24.2%
32658
AMSCommonsI-I-HardwareIdentifiedAs Linux 3.10.0-957.10.1.el7.x86_64 x86_64 2
AMSCommonsI-I-Identified as LittleEndian 64 bit machine. 4294967295
AMSCommonsI-I-amsdatabase /cvmfs/ams.cern.ch/Offline/AMSDataDir/DataBase/
AMSCommonsI-I-MipsFromCPUInfo: 2194.92
AMSCommonsI-I-SystemIdentified as  Intel(R) Xeon(R) CPU E5-2630 v4 @ 2.20GHz
AMSCommonsI-I-ComputerEvaluatedAsMips 3511
AMS Software version v5.02/1220/12 built Fri Apr 19 23:54:38 2019

Geant4  Version 1033
Run ID: 403 Bartel: 16
Input Destination: /eos/ams/user/s/selu/mdst/He122/mdst_60442291.root
Output Destination: /afs/cern.ch/work/c/ctuysuz/private/he_flux/LSF/result_mc_time/time_16/he_flux_16_403.root
Add hist00 from /eos/ams/user/s/selu/mdst/He122/mdst_60442291.root
Start of Init
Use new binning
Start of Eventloop
Ntr, Nent= 1 423989
IsMC= 1
Parameter[0] = -2.6668
Parameter[1] = -3.03435
Parameter[2] = -3.60385
Parameter[3] = -5.49763
Parameter[4] = 0.211134
Parameter[5] = -2.07053
mdfil_info:  10.0%    3 sec CPU:  74.3%
mdfil_info:  20.0%    5 sec CPU:  75.6%
mdfil_info:  30.0%    7 sec CPU:  78.6%
mdfil_info:  40.0%   10 sec CPU:  80.2%
mdfil_info:  50.0%   12 sec CPU:  81.1%
mdfil_info:  60.0%   15 sec CPU:  82.1%
mdfil_info:  70.0%   17 sec CPU:  82.1%
mdfil_info:  80.0%   19 sec CPU:  82.1%
mdfil_info:  90.0%   22 sec CPU:  82.5%
mdfil_info: 100.0%   24 sec CPU:  82.8%
mdfil_info: 100.0%   24 sec CPU:  82.8%
