WARN: the 'eosmount' alias is deprecated, please use /eos directly
License ports: 28518@lxlicen01.cern.ch,28518@lxlicen02.cern.ch,28518@lxlicen03.cern.ch:/cvmfs/projects.cern.ch/intelsw/psxe/linux/licenses
Intel(R) Parallel Studio XE 2018 Update 2 for Linux*
Copyright (C) 2009-2018 Intel Corporation. All rights reserved.
12281
AMSCommonsI-I-HardwareIdentifiedAs Linux 3.10.0-957.12.2.el7.x86_64 x86_64 2
AMSCommonsI-I-Identified as LittleEndian 64 bit machine. 4294967295
AMSCommonsI-I-amsdatabase /cvmfs/ams.cern.ch/Offline/AMSDataDir/DataBase/
AMSCommonsI-I-MipsFromCPUInfo: 2394.45
AMSCommonsI-I-SystemIdentified as  Intel(R) Xeon(R) CPU E5-2630 v3 @ 2.40GHz
AMSCommonsI-I-ComputerEvaluatedAsMips 3831
AMS Software version v5.02/1220/12 built Fri Apr 19 23:54:38 2019

Geant4  Version 1033
Run ID: 151 Bartel: 51
Input Destination: /eos/ams/user/s/selu/mdst/He122/mdst_60441691.root
Output Destination: /afs/cern.ch/work/c/ctuysuz/private/he_flux/LSF/result_mc_time/time_51/he_flux_51_151.root
Add hist00 from /eos/ams/user/s/selu/mdst/He122/mdst_60441691.root
Start of Init
Use new binning
Start of Eventloop
Ntr, Nent= 1 436545
IsMC= 1
Parameter[0] = -2.74568
Parameter[1] = -3.06682
Parameter[2] = -3.63032
Parameter[3] = -5.60094
Parameter[4] = 0.442954
Parameter[5] = -2.61577
mdfil_info:  10.0%   18 sec CPU:  13.2%
mdfil_info:  20.0%   24 sec CPU:  18.6%
mdfil_info:  30.0%   30 sec CPU:  21.6%
mdfil_info:  40.0%   37 sec CPU:  23.9%
mdfil_info:  50.0%   43 sec CPU:  25.4%
mdfil_info:  60.0%   50 sec CPU:  26.4%
mdfil_info:  70.0%   56 sec CPU:  27.2%
mdfil_info:  80.0%   63 sec CPU:  27.8%
mdfil_info:  90.0%   69 sec CPU:  28.4%
mdfil_info: 100.0%   76 sec CPU:  28.8%
mdfil_info: 100.0%   76 sec CPU:  28.8%
26996
AMSCommonsI-I-HardwareIdentifiedAs Linux 3.10.0-957.12.2.el7.x86_64 x86_64 2
AMSCommonsI-I-Identified as LittleEndian 64 bit machine. 4294967295
AMSCommonsI-I-amsdatabase /cvmfs/ams.cern.ch/Offline/AMSDataDir/DataBase/
AMSCommonsI-I-MipsFromCPUInfo: 2394.45
AMSCommonsI-I-SystemIdentified as  Intel(R) Xeon(R) CPU E5-2630 v3 @ 2.40GHz
AMSCommonsI-I-ComputerEvaluatedAsMips 3831
AMS Software version v5.02/1220/12 built Fri Apr 19 23:54:38 2019

Geant4  Version 1033
Run ID: 333 Bartel: 24
Input Destination: /eos/ams/user/s/selu/mdst/He122/mdst_60441873.root
Output Destination: /afs/cern.ch/work/c/ctuysuz/private/he_flux/LSF/result_mc_time/time_24/he_flux_24_333.root
Add hist00 from /eos/ams/user/s/selu/mdst/He122/mdst_60441873.root
Start of Init
Use new binning
Start of Eventloop
Ntr, Nent= 1 437286
IsMC= 1
Parameter[0] = -2.67347
Parameter[1] = -3.02234
Parameter[2] = -3.59529
Parameter[3] = -5.54139
Parameter[4] = 0.298601
Parameter[5] = -2.30285
mdfil_info:  10.0%   19 sec CPU:  12.6%
mdfil_info:  20.0%   25 sec CPU:  18.3%
mdfil_info:  30.0%   31 sec CPU:  21.7%
mdfil_info:  40.0%   38 sec CPU:  23.6%
mdfil_info:  50.0%   45 sec CPU:  25.2%
mdfil_info:  60.0%   51 sec CPU:  26.4%
mdfil_info:  70.0%   57 sec CPU:  27.3%
mdfil_info:  80.0%   63 sec CPU:  28.0%
mdfil_info:  90.0%   70 sec CPU:  28.5%
mdfil_info: 100.0%   76 sec CPU:  29.0%
mdfil_info: 100.0%   76 sec CPU:  29.0%
41711
AMSCommonsI-I-HardwareIdentifiedAs Linux 3.10.0-957.12.2.el7.x86_64 x86_64 2
AMSCommonsI-I-Identified as LittleEndian 64 bit machine. 4294967295
AMSCommonsI-I-amsdatabase /cvmfs/ams.cern.ch/Offline/AMSDataDir/DataBase/
AMSCommonsI-I-MipsFromCPUInfo: 2394.45
AMSCommonsI-I-SystemIdentified as  Intel(R) Xeon(R) CPU E5-2630 v3 @ 2.40GHz
AMSCommonsI-I-ComputerEvaluatedAsMips 3831
AMS Software version v5.02/1220/12 built Fri Apr 19 23:54:38 2019

Geant4  Version 1033
Run ID: 514 Bartel: 78
Input Destination: /eos/ams/user/s/selu/mdst/He314/mdst_120929915.root
Output Destination: /afs/cern.ch/work/c/ctuysuz/private/he_flux/LSF/result_mc_time/time_78/he_flux_78_514.root
Add hist00 from /eos/ams/user/s/selu/mdst/He314/mdst_120929915.root
Start of Init
Use new binning
Start of Eventloop
Ntr, Nent= 1 96519
IsMC= 1
Parameter[0] = -2.48013
Parameter[1] = -2.9556
Parameter[2] = -3.57501
Parameter[3] = -5.51652
Parameter[4] = -0.0886133
Parameter[5] = -2.33511
mdfil_info:  10.0%    1 sec CPU:  40.2%
mdfil_info:  20.0%    3 sec CPU:  35.0%
mdfil_info:  30.0%    4 sec CPU:  36.5%
mdfil_info:  40.0%    6 sec CPU:  36.3%
mdfil_info:  50.0%    6 sec CPU:  39.2%
mdfil_info:  60.0%    7 sec CPU:  42.6%
mdfil_info:  70.0%    8 sec CPU:  44.3%
mdfil_info:  80.0%    9 sec CPU:  45.7%
mdfil_info:  90.0%    9 sec CPU:  47.5%
mdfil_info: 100.0%   10 sec CPU:  48.7%
mdfil_info: 100.0%   10 sec CPU:  48.7%
