WARN: the 'eosmount' alias is deprecated, please use /eos directly
License ports: 28518@lxlicen01.cern.ch,28518@lxlicen02.cern.ch,28518@lxlicen03.cern.ch:/cvmfs/projects.cern.ch/intelsw/psxe/linux/licenses
Intel(R) Parallel Studio XE 2018 Update 2 for Linux*
Copyright (C) 2009-2018 Intel Corporation. All rights reserved.
5228
AMSCommonsI-I-HardwareIdentifiedAs Linux 3.10.0-957.10.1.el7.x86_64 x86_64 2
AMSCommonsI-I-Identified as LittleEndian 64 bit machine. 4294967295
AMSCommonsI-I-amsdatabase /cvmfs/ams.cern.ch/Offline/AMSDataDir/DataBase/
AMSCommonsI-I-MipsFromCPUInfo: 2195.1
AMSCommonsI-I-SystemIdentified as  Intel(R) Xeon(R) CPU E5-2630 v4 @ 2.20GHz
AMSCommonsI-I-ComputerEvaluatedAsMips 3512
AMS Software version v5.02/1220/12 built Fri Apr 19 23:54:38 2019

Geant4  Version 1033
Run ID: 64 Bartel: 45
Input Destination: /eos/ams/user/s/selu/mdst/He122/mdst_60441603.root
Output Destination: /afs/cern.ch/work/c/ctuysuz/private/he_flux/LSF/result_mc_time/time_45/he_flux_45_64.root
Add hist00 from /eos/ams/user/s/selu/mdst/He122/mdst_60441603.root
Start of Init
Use new binning
Start of Eventloop
Ntr, Nent= 1 438459
IsMC= 1
Parameter[0] = -2.72237
Parameter[1] = -3.03584
Parameter[2] = -3.61262
Parameter[3] = -5.57823
Parameter[4] = 0.342515
Parameter[5] = -2.5989
mdfil_info:  10.0%   16 sec CPU:  12.9%
mdfil_info:  20.0%   23 sec CPU:  17.7%
mdfil_info:  30.0%   28 sec CPU:  20.9%
mdfil_info:  40.0%   34 sec CPU:  22.9%
mdfil_info:  50.0%   40 sec CPU:  24.7%
mdfil_info:  60.0%   46 sec CPU:  25.5%
mdfil_info:  70.0%   52 sec CPU:  26.0%
mdfil_info:  80.0%   57 sec CPU:  26.7%
mdfil_info:  90.0%   64 sec CPU:  27.0%
mdfil_info: 100.0%   73 sec CPU:  26.1%
mdfil_info: 100.0%   73 sec CPU:  26.1%
19943
AMSCommonsI-I-HardwareIdentifiedAs Linux 3.10.0-957.10.1.el7.x86_64 x86_64 2
AMSCommonsI-I-Identified as LittleEndian 64 bit machine. 4294967295
AMSCommonsI-I-amsdatabase /cvmfs/ams.cern.ch/Offline/AMSDataDir/DataBase/
AMSCommonsI-I-MipsFromCPUInfo: 2195.1
AMSCommonsI-I-SystemIdentified as  Intel(R) Xeon(R) CPU E5-2630 v4 @ 2.20GHz
AMSCommonsI-I-ComputerEvaluatedAsMips 3512
AMS Software version v5.02/1220/12 built Fri Apr 19 23:54:38 2019

Geant4  Version 1033
Run ID: 246 Bartel: 18
Input Destination: /eos/ams/user/s/selu/mdst/He122/mdst_60441786.root
Output Destination: /afs/cern.ch/work/c/ctuysuz/private/he_flux/LSF/result_mc_time/time_18/he_flux_18_246.root
Add hist00 from /eos/ams/user/s/selu/mdst/He122/mdst_60441786.root
Start of Init
Use new binning
Start of Eventloop
Ntr, Nent= 1 445280
IsMC= 1
Parameter[0] = -2.73216
Parameter[1] = -3.05371
Parameter[2] = -3.61222
Parameter[3] = -5.57201
Parameter[4] = 0.25419
Parameter[5] = -2.54834
mdfil_info:  10.0%    3 sec CPU:  79.0%
mdfil_info:  20.0%    5 sec CPU:  86.6%
mdfil_info:  30.0%    7 sec CPU:  87.7%
mdfil_info:  40.0%    9 sec CPU:  89.5%
mdfil_info:  50.0%   11 sec CPU:  90.0%
mdfil_info:  60.0%   13 sec CPU:  90.3%
mdfil_info:  70.0%   15 sec CPU:  90.6%
mdfil_info:  80.0%   17 sec CPU:  90.9%
mdfil_info:  90.0%   19 sec CPU:  91.2%
mdfil_info: 100.0%   21 sec CPU:  91.1%
34658
AMSCommonsI-I-HardwareIdentifiedAs Linux 3.10.0-957.10.1.el7.x86_64 x86_64 2
AMSCommonsI-I-Identified as LittleEndian 64 bit machine. 4294967295
AMSCommonsI-I-amsdatabase /cvmfs/ams.cern.ch/Offline/AMSDataDir/DataBase/
AMSCommonsI-I-MipsFromCPUInfo: 2195.1
AMSCommonsI-I-SystemIdentified as  Intel(R) Xeon(R) CPU E5-2630 v4 @ 2.20GHz
AMSCommonsI-I-ComputerEvaluatedAsMips 3512
AMS Software version v5.02/1220/12 built Fri Apr 19 23:54:38 2019

Geant4  Version 1033
Run ID: 427 Bartel: 72
Input Destination: /eos/ams/user/s/selu/mdst/He122/mdst_60442315.root
Output Destination: /afs/cern.ch/work/c/ctuysuz/private/he_flux/LSF/result_mc_time/time_72/he_flux_72_427.root
Add hist00 from /eos/ams/user/s/selu/mdst/He122/mdst_60442315.root
Start of Init
Use new binning
Start of Eventloop
Ntr, Nent= 1 433039
IsMC= 1
Parameter[0] = -2.52985
Parameter[1] = -2.97442
Parameter[2] = -3.57417
Parameter[3] = -5.4923
Parameter[4] = 0.0500631
Parameter[5] = -2.16099
mdfil_info:  10.0%   18 sec CPU:  11.9%
mdfil_info:  20.0%   25 sec CPU:  16.2%
mdfil_info:  30.0%   32 sec CPU:  18.6%
mdfil_info:  40.0%   38 sec CPU:  20.9%
mdfil_info:  50.0%   44 sec CPU:  22.2%
mdfil_info:  60.0%   50 sec CPU:  23.7%
mdfil_info:  70.0%   57 sec CPU:  23.6%
mdfil_info:  80.0%   65 sec CPU:  23.7%
mdfil_info:  90.0%   72 sec CPU:  24.2%
mdfil_info: 100.0%   79 sec CPU:  24.6%
mdfil_info: 100.0%   79 sec CPU:  24.6%
