WARN: the 'eosmount' alias is deprecated, please use /eos directly
License ports: 28518@lxlicen01.cern.ch,28518@lxlicen02.cern.ch,28518@lxlicen03.cern.ch:/cvmfs/projects.cern.ch/intelsw/psxe/linux/licenses
Intel(R) Parallel Studio XE 2018 Update 2 for Linux*
Copyright (C) 2009-2018 Intel Corporation. All rights reserved.
9925
AMSCommonsI-I-HardwareIdentifiedAs Linux 3.10.0-957.10.1.el7.x86_64 x86_64 2
AMSCommonsI-I-Identified as LittleEndian 64 bit machine. 4294967295
AMSCommonsI-I-amsdatabase /cvmfs/ams.cern.ch/Offline/AMSDataDir/DataBase/
AMSCommonsI-I-MipsFromCPUInfo: 2194.92
AMSCommonsI-I-SystemIdentified as  Intel(R) Xeon(R) CPU E5-2630 v4 @ 2.20GHz
AMSCommonsI-I-ComputerEvaluatedAsMips 3511
AMS Software version v5.02/1220/12 built Fri Apr 19 23:54:38 2019

Geant4  Version 1033
Run ID: 122 Bartel: 44
Input Destination: /eos/ams/user/s/selu/mdst/He122/mdst_60441662.root
Output Destination: /afs/cern.ch/work/c/ctuysuz/private/he_flux/LSF/result_mc_time/time_44/he_flux_44_122.root
Add hist00 from /eos/ams/user/s/selu/mdst/He122/mdst_60441662.root
Start of Init
Use new binning
Start of Eventloop
Ntr, Nent= 1 437762
IsMC= 1
Parameter[0] = -2.74861
Parameter[1] = -3.04436
Parameter[2] = -3.60474
Parameter[3] = -5.57371
Parameter[4] = 0.412165
Parameter[5] = -2.55999
mdfil_info:  10.0%   19 sec CPU:   9.8%
mdfil_info:  20.0%   26 sec CPU:  13.6%
mdfil_info:  30.0%   33 sec CPU:  15.7%
mdfil_info:  40.0%   41 sec CPU:  16.6%
mdfil_info:  50.0%   51 sec CPU:  16.8%
mdfil_info:  60.0%   58 sec CPU:  17.8%
mdfil_info:  70.0%   66 sec CPU:  18.5%
mdfil_info:  80.0%   74 sec CPU:  19.0%
mdfil_info:  90.0%   80 sec CPU:  19.6%
mdfil_info: 100.0%   86 sec CPU:  20.3%
mdfil_info: 100.0%   86 sec CPU:  20.3%
24640
AMSCommonsI-I-HardwareIdentifiedAs Linux 3.10.0-957.10.1.el7.x86_64 x86_64 2
AMSCommonsI-I-Identified as LittleEndian 64 bit machine. 4294967295
AMSCommonsI-I-amsdatabase /cvmfs/ams.cern.ch/Offline/AMSDataDir/DataBase/
AMSCommonsI-I-MipsFromCPUInfo: 2194.92
AMSCommonsI-I-SystemIdentified as  Intel(R) Xeon(R) CPU E5-2630 v4 @ 2.20GHz
AMSCommonsI-I-ComputerEvaluatedAsMips 3511
AMS Software version v5.02/1220/12 built Fri Apr 19 23:54:38 2019

Geant4  Version 1033
Run ID: 304 Bartel: 17
Input Destination: /eos/ams/user/s/selu/mdst/He122/mdst_60441844.root
Output Destination: /afs/cern.ch/work/c/ctuysuz/private/he_flux/LSF/result_mc_time/time_17/he_flux_17_304.root
Add hist00 from /eos/ams/user/s/selu/mdst/He122/mdst_60441844.root
Start of Init
Use new binning
Start of Eventloop
Ntr, Nent= 1 441470
IsMC= 1
Parameter[0] = -2.73465
Parameter[1] = -3.05909
Parameter[2] = -3.61586
Parameter[3] = -5.54961
Parameter[4] = 0.318406
Parameter[5] = -2.36477
mdfil_info:  10.0%   21 sec CPU:   8.8%
mdfil_info:  20.0%   30 sec CPU:  12.0%
mdfil_info:  30.0%   40 sec CPU:  13.3%
mdfil_info:  40.0%   53 sec CPU:  13.6%
mdfil_info:  50.0%   61 sec CPU:  14.7%
mdfil_info:  60.0%   74 sec CPU:  14.6%
mdfil_info:  70.0%   84 sec CPU:  14.9%
mdfil_info:  80.0%   94 sec CPU:  15.3%
mdfil_info:  90.0%  103 sec CPU:  15.6%
mdfil_info: 100.0%  111 sec CPU:  16.1%
39355
AMSCommonsI-I-HardwareIdentifiedAs Linux 3.10.0-957.10.1.el7.x86_64 x86_64 2
AMSCommonsI-I-Identified as LittleEndian 64 bit machine. 4294967295
AMSCommonsI-I-amsdatabase /cvmfs/ams.cern.ch/Offline/AMSDataDir/DataBase/
AMSCommonsI-I-MipsFromCPUInfo: 2194.92
AMSCommonsI-I-SystemIdentified as  Intel(R) Xeon(R) CPU E5-2630 v4 @ 2.20GHz
AMSCommonsI-I-ComputerEvaluatedAsMips 3511
AMS Software version v5.02/1220/12 built Fri Apr 19 23:54:38 2019

Geant4  Version 1033
Run ID: 485 Bartel: 71
Input Destination: /eos/ams/user/s/selu/mdst/He314/mdst_120929885.root
Output Destination: /afs/cern.ch/work/c/ctuysuz/private/he_flux/LSF/result_mc_time/time_71/he_flux_71_485.root
Add hist00 from /eos/ams/user/s/selu/mdst/He314/mdst_120929885.root
Start of Init
Use new binning
Start of Eventloop
Ntr, Nent= 1 122344
IsMC= 1
Parameter[0] = -2.54894
Parameter[1] = -2.98273
Parameter[2] = -3.58454
Parameter[3] = -5.47731
Parameter[4] = 0.0989745
Parameter[5] = -2.00648
mdfil_info:  10.0%    0 sec CPU: 101.6%
mdfil_info:  20.0%    1 sec CPU: 100.2%
mdfil_info:  30.0%    1 sec CPU: 100.6%
mdfil_info:  40.0%    2 sec CPU: 100.3%
mdfil_info:  50.0%    2 sec CPU:  99.9%
mdfil_info:  60.0%    3 sec CPU: 100.2%
mdfil_info:  70.0%    3 sec CPU: 100.2%
mdfil_info:  80.0%    4 sec CPU: 100.2%
mdfil_info:  90.0%    4 sec CPU: 100.1%
mdfil_info: 100.0%    4 sec CPU: 100.0%
mdfil_info: 100.0%    4 sec CPU: 100.0%
