WARN: the 'eosmount' alias is deprecated, please use /eos directly
License ports: 28518@lxlicen01.cern.ch,28518@lxlicen02.cern.ch,28518@lxlicen03.cern.ch:/cvmfs/projects.cern.ch/intelsw/psxe/linux/licenses
Intel(R) Parallel Studio XE 2018 Update 2 for Linux*
Copyright (C) 2009-2018 Intel Corporation. All rights reserved.
9665
AMSCommonsI-I-HardwareIdentifiedAs Linux 3.10.0-957.12.1.el7.x86_64 x86_64 2
AMSCommonsI-I-Identified as LittleEndian 64 bit machine. 4294967295
AMSCommonsI-I-amsdatabase /cvmfs/ams.cern.ch/Offline/AMSDataDir/DataBase/
AMSCommonsI-I-MipsFromCPUInfo: 2195.1
AMSCommonsI-I-SystemIdentified as  Intel(R) Xeon(R) CPU E5-2630 v4 @ 2.20GHz
AMSCommonsI-I-ComputerEvaluatedAsMips 3512
AMS Software version v5.02/1220/12 built Fri Apr 19 23:54:38 2019

Geant4  Version 1033
Run ID: 119 Bartel: 27
Input Destination: /eos/ams/user/s/selu/mdst/He122/mdst_60441659.root
Output Destination: /afs/cern.ch/work/c/ctuysuz/private/he_flux/LSF/result_mc_time/time_27/he_flux_27_119.root
Add hist00 from /eos/ams/user/s/selu/mdst/He122/mdst_60441659.root
Start of Init
Use new binning
Start of Eventloop
Ntr, Nent= 1 437530
IsMC= 1
Parameter[0] = -2.70724
Parameter[1] = -3.04642
Parameter[2] = -3.62117
Parameter[3] = -5.56267
Parameter[4] = 0.257638
Parameter[5] = -2.47221
mdfil_info:  10.0%   25 sec CPU:   9.1%
mdfil_info:  20.0%   31 sec CPU:  13.8%
mdfil_info:  30.0%   37 sec CPU:  17.5%
mdfil_info:  40.0%   43 sec CPU:  19.8%
mdfil_info:  50.0%   49 sec CPU:  21.8%
mdfil_info:  60.0%   59 sec CPU:  21.4%
mdfil_info:  70.0%   66 sec CPU:  22.2%
mdfil_info:  80.0%   71 sec CPU:  23.3%
mdfil_info:  90.0%   77 sec CPU:  24.2%
mdfil_info: 100.0%   83 sec CPU:  25.0%
24380
AMSCommonsI-I-HardwareIdentifiedAs Linux 3.10.0-957.12.1.el7.x86_64 x86_64 2
AMSCommonsI-I-Identified as LittleEndian 64 bit machine. 4294967295
AMSCommonsI-I-amsdatabase /cvmfs/ams.cern.ch/Offline/AMSDataDir/DataBase/
AMSCommonsI-I-MipsFromCPUInfo: 2195.1
AMSCommonsI-I-SystemIdentified as  Intel(R) Xeon(R) CPU E5-2630 v4 @ 2.20GHz
AMSCommonsI-I-ComputerEvaluatedAsMips 3512
AMS Software version v5.02/1220/12 built Fri Apr 19 23:54:38 2019

Geant4  Version 1033
Run ID: 300 Bartel: 81
Input Destination: /eos/ams/user/s/selu/mdst/He122/mdst_60441840.root
Output Destination: /afs/cern.ch/work/c/ctuysuz/private/he_flux/LSF/result_mc_time/time_81/he_flux_81_300.root
Add hist00 from /eos/ams/user/s/selu/mdst/He122/mdst_60441840.root
Start of Init
Use new binning
Start of Eventloop
Ntr, Nent= 1 442177
IsMC= 1
Parameter[0] = -2.48037
Parameter[1] = -2.95644
Parameter[2] = -3.57046
Parameter[3] = -5.46876
Parameter[4] = -0.0472079
Parameter[5] = -1.99045
mdfil_info:  10.0%   17 sec CPU:  11.4%
mdfil_info:  20.0%   23 sec CPU:  16.1%
mdfil_info:  30.0%   29 sec CPU:  19.4%
mdfil_info:  40.0%   35 sec CPU:  21.1%
mdfil_info:  50.0%   41 sec CPU:  22.7%
mdfil_info:  60.0%   47 sec CPU:  23.8%
mdfil_info:  70.0%   53 sec CPU:  24.4%
mdfil_info:  80.0%   59 sec CPU:  25.1%
mdfil_info:  90.0%   65 sec CPU:  25.5%
mdfil_info: 100.0%   71 sec CPU:  26.1%
mdfil_info: 100.0%   71 sec CPU:  26.1%
39095
AMSCommonsI-I-HardwareIdentifiedAs Linux 3.10.0-957.12.1.el7.x86_64 x86_64 2
AMSCommonsI-I-Identified as LittleEndian 64 bit machine. 4294967295
AMSCommonsI-I-amsdatabase /cvmfs/ams.cern.ch/Offline/AMSDataDir/DataBase/
AMSCommonsI-I-MipsFromCPUInfo: 2195.1
AMSCommonsI-I-SystemIdentified as  Intel(R) Xeon(R) CPU E5-2630 v4 @ 2.20GHz
AMSCommonsI-I-ComputerEvaluatedAsMips 3512
AMS Software version v5.02/1220/12 built Fri Apr 19 23:54:38 2019

Geant4  Version 1033
Run ID: 482 Bartel: 54
Input Destination: /eos/ams/user/s/selu/mdst/He314/mdst_120929882.root
Output Destination: /afs/cern.ch/work/c/ctuysuz/private/he_flux/LSF/result_mc_time/time_54/he_flux_54_482.root
Add hist00 from /eos/ams/user/s/selu/mdst/He314/mdst_120929882.root
Start of Init
Use new binning
Start of Eventloop
Ntr, Nent= 1 122458
IsMC= 1
Parameter[0] = -2.78801
Parameter[1] = -3.07185
Parameter[2] = -3.62903
Parameter[3] = -5.57585
Parameter[4] = 0.451953
Parameter[5] = -2.58019
mdfil_info:  10.0%    1 sec CPU:  99.8%
mdfil_info:  20.0%    1 sec CPU:  99.9%
mdfil_info:  30.0%    2 sec CPU:  99.2%
mdfil_info:  40.0%    2 sec CPU: 100.2%
mdfil_info:  50.0%    3 sec CPU:  99.8%
mdfil_info:  60.0%    3 sec CPU:  99.8%
mdfil_info:  70.0%    3 sec CPU: 100.0%
mdfil_info:  80.0%    4 sec CPU:  99.7%
mdfil_info:  90.0%    4 sec CPU:  99.8%
mdfil_info: 100.0%    5 sec CPU:  99.7%
mdfil_info: 100.0%    5 sec CPU:  99.7%
