WARN: the 'eosmount' alias is deprecated, please use /eos directly
License ports: 28518@lxlicen01.cern.ch,28518@lxlicen02.cern.ch,28518@lxlicen03.cern.ch:/cvmfs/projects.cern.ch/intelsw/psxe/linux/licenses
Intel(R) Parallel Studio XE 2018 Update 2 for Linux*
Copyright (C) 2009-2018 Intel Corporation. All rights reserved.
4430
AMSCommonsI-I-HardwareIdentifiedAs Linux 3.10.0-957.1.3.el7.x86_64 x86_64 2
AMSCommonsI-I-Identified as LittleEndian 64 bit machine. 4294967295
AMSCommonsI-I-amsdatabase /cvmfs/ams.cern.ch/Offline/AMSDataDir/DataBase/
AMSCommonsI-I-MipsFromCPUInfo: 2194.92
AMSCommonsI-I-SystemIdentified as  Intel(R) Xeon(R) CPU E5-2630 v4 @ 2.20GHz
AMSCommonsI-I-ComputerEvaluatedAsMips 3511
AMS Software version v5.02/1220/12 built Fri Apr 19 23:54:38 2019

Geant4  Version 1033
Run ID: 54 Bartel: 57
Input Destination: /eos/ams/user/s/selu/mdst/He122/mdst_60441593.root
Output Destination: /afs/cern.ch/work/c/ctuysuz/private/he_flux/LSF/result_mc_time/time_57/he_flux_57_54.root
Add hist00 from /eos/ams/user/s/selu/mdst/He122/mdst_60441593.root
Start of Init
Use new binning
Start of Eventloop
Ntr, Nent= 1 441388
IsMC= 1
Parameter[0] = -2.70293
Parameter[1] = -3.03976
Parameter[2] = -3.61538
Parameter[3] = -5.54214
Parameter[4] = 0.274724
Parameter[5] = -2.38056
mdfil_info:  10.0%   10 sec CPU:  20.9%
mdfil_info:  20.0%   23 sec CPU:  18.6%
mdfil_info:  30.0%   28 sec CPU:  23.3%
mdfil_info:  40.0%   31 sec CPU:  26.7%
mdfil_info:  50.0%   33 sec CPU:  30.2%
mdfil_info:  60.0%   36 sec CPU:  33.0%
mdfil_info:  70.0%   41 sec CPU:  34.1%
mdfil_info:  80.0%   50 sec CPU:  32.3%
mdfil_info:  90.0%   54 sec CPU:  33.7%
mdfil_info: 100.0%   57 sec CPU:  35.2%
mdfil_info: 100.0%   57 sec CPU:  35.2%
19145
AMSCommonsI-I-HardwareIdentifiedAs Linux 3.10.0-957.1.3.el7.x86_64 x86_64 2
AMSCommonsI-I-Identified as LittleEndian 64 bit machine. 4294967295
AMSCommonsI-I-amsdatabase /cvmfs/ams.cern.ch/Offline/AMSDataDir/DataBase/
AMSCommonsI-I-MipsFromCPUInfo: 2194.92
AMSCommonsI-I-SystemIdentified as  Intel(R) Xeon(R) CPU E5-2630 v4 @ 2.20GHz
AMSCommonsI-I-ComputerEvaluatedAsMips 3511
AMS Software version v5.02/1220/12 built Fri Apr 19 23:54:38 2019

Geant4  Version 1033
Run ID: 236 Bartel: 30
Input Destination: /eos/ams/user/s/selu/mdst/He122/mdst_60441776.root
Output Destination: /afs/cern.ch/work/c/ctuysuz/private/he_flux/LSF/result_mc_time/time_30/he_flux_30_236.root
Add hist00 from /eos/ams/user/s/selu/mdst/He122/mdst_60441776.root
Start of Init
Use new binning
Start of Eventloop
Ntr, Nent= 1 439756
IsMC= 1
Parameter[0] = -2.78302
Parameter[1] = -3.06111
Parameter[2] = -3.62424
Parameter[3] = -5.59535
Parameter[4] = 0.417456
Parameter[5] = -2.69098
mdfil_info:  10.0%    3 sec CPU:  71.1%
mdfil_info:  20.0%    6 sec CPU:  77.7%
mdfil_info:  30.0%    8 sec CPU:  80.1%
mdfil_info:  40.0%   10 sec CPU:  81.8%
mdfil_info:  50.0%   12 sec CPU:  82.7%
mdfil_info:  60.0%   15 sec CPU:  83.4%
mdfil_info:  70.0%   17 sec CPU:  83.5%
mdfil_info:  80.0%   20 sec CPU:  83.8%
mdfil_info:  90.0%   22 sec CPU:  84.4%
mdfil_info: 100.0%   25 sec CPU:  84.6%
mdfil_info: 100.0%   25 sec CPU:  84.6%
33860
AMSCommonsI-I-HardwareIdentifiedAs Linux 3.10.0-957.1.3.el7.x86_64 x86_64 2
AMSCommonsI-I-Identified as LittleEndian 64 bit machine. 4294967295
AMSCommonsI-I-amsdatabase /cvmfs/ams.cern.ch/Offline/AMSDataDir/DataBase/
AMSCommonsI-I-MipsFromCPUInfo: 2194.92
AMSCommonsI-I-SystemIdentified as  Intel(R) Xeon(R) CPU E5-2630 v4 @ 2.20GHz
AMSCommonsI-I-ComputerEvaluatedAsMips 3511
AMS Software version v5.02/1220/12 built Fri Apr 19 23:54:38 2019

Geant4  Version 1033
Run ID: 418 Bartel: 3
Input Destination: /eos/ams/user/s/selu/mdst/He122/mdst_60442306.root
Output Destination: /afs/cern.ch/work/c/ctuysuz/private/he_flux/LSF/result_mc_time/time_3/he_flux_3_418.root
Add hist00 from /eos/ams/user/s/selu/mdst/He122/mdst_60442306.root
Start of Init
Use new binning
Start of Eventloop
Ntr, Nent= 1 435867
IsMC= 1
Parameter[0] = -2.60444
Parameter[1] = -2.96917
Parameter[2] = -3.55869
Parameter[3] = -5.49263
Parameter[4] = 0.194958
Parameter[5] = -2.37354
mdfil_info:  10.0%    3 sec CPU:  69.6%
mdfil_info:  20.0%    5 sec CPU:  75.0%
mdfil_info:  30.0%    8 sec CPU:  77.8%
mdfil_info:  40.0%   10 sec CPU:  79.3%
mdfil_info:  50.0%   13 sec CPU:  80.1%
mdfil_info:  60.0%   16 sec CPU:  80.8%
mdfil_info:  70.0%   18 sec CPU:  81.1%
mdfil_info:  80.0%   20 sec CPU:  81.8%
mdfil_info:  90.0%   23 sec CPU:  82.1%
mdfil_info: 100.0%   25 sec CPU:  82.3%
mdfil_info: 100.0%   25 sec CPU:  82.3%
