WARN: the 'eosmount' alias is deprecated, please use /eos directly
License ports: 28518@lxlicen01.cern.ch,28518@lxlicen02.cern.ch,28518@lxlicen03.cern.ch:/cvmfs/projects.cern.ch/intelsw/psxe/linux/licenses
Intel(R) Parallel Studio XE 2018 Update 2 for Linux*
Copyright (C) 2009-2018 Intel Corporation. All rights reserved.
1935
AMSCommonsI-I-HardwareIdentifiedAs Linux 3.10.0-957.10.1.el7.x86_64 x86_64 2
AMSCommonsI-I-Identified as LittleEndian 64 bit machine. 4294967295
AMSCommonsI-I-amsdatabase /cvmfs/ams.cern.ch/Offline/AMSDataDir/DataBase/
AMSCommonsI-I-MipsFromCPUInfo: 2194.92
AMSCommonsI-I-SystemIdentified as  Intel(R) Xeon(R) CPU E5-2630 v4 @ 2.20GHz
AMSCommonsI-I-ComputerEvaluatedAsMips 3511
AMS Software version v5.02/1220/12 built Fri Apr 19 23:54:38 2019

Geant4  Version 1033
Run ID: 23 Bartel: 73
Input Destination: /eos/ams/user/s/selu/mdst/He122/mdst_60441562.root
Output Destination: /afs/cern.ch/work/c/ctuysuz/private/he_flux/LSF/result_mc_time/time_73/he_flux_73_23.root
Add hist00 from /eos/ams/user/s/selu/mdst/He122/mdst_60441562.root
Start of Init
Use new binning
Start of Eventloop
Ntr, Nent= 1 439692
IsMC= 1
Parameter[0] = -2.52877
Parameter[1] = -2.96916
Parameter[2] = -3.58403
Parameter[3] = -5.48816
Parameter[4] = 0.0284517
Parameter[5] = -2.25131
mdfil_info:  10.0%   17 sec CPU:   9.7%
mdfil_info:  20.0%   23 sec CPU:  13.8%
mdfil_info:  30.0%   29 sec CPU:  16.5%
mdfil_info:  40.0%   34 sec CPU:  18.3%
mdfil_info:  50.0%   39 sec CPU:  19.7%
mdfil_info:  60.0%   46 sec CPU:  20.4%
mdfil_info:  70.0%   51 sec CPU:  21.3%
mdfil_info:  80.0%   57 sec CPU:  21.7%
mdfil_info:  90.0%   62 sec CPU:  22.3%
mdfil_info: 100.0%   68 sec CPU:  22.7%
mdfil_info: 100.0%   68 sec CPU:  22.7%
16650
AMSCommonsI-I-HardwareIdentifiedAs Linux 3.10.0-957.10.1.el7.x86_64 x86_64 2
AMSCommonsI-I-Identified as LittleEndian 64 bit machine. 4294967295
AMSCommonsI-I-amsdatabase /cvmfs/ams.cern.ch/Offline/AMSDataDir/DataBase/
AMSCommonsI-I-MipsFromCPUInfo: 2194.92
AMSCommonsI-I-SystemIdentified as  Intel(R) Xeon(R) CPU E5-2630 v4 @ 2.20GHz
AMSCommonsI-I-ComputerEvaluatedAsMips 3511
AMS Software version v5.02/1220/12 built Fri Apr 19 23:54:38 2019

Geant4  Version 1033
Run ID: 205 Bartel: 46
31365
AMSCommonsI-I-HardwareIdentifiedAs Linux 3.10.0-957.10.1.el7.x86_64 x86_64 2
AMSCommonsI-I-Identified as LittleEndian 64 bit machine. 4294967295
AMSCommonsI-I-amsdatabase /cvmfs/ams.cern.ch/Offline/AMSDataDir/DataBase/
AMSCommonsI-I-MipsFromCPUInfo: 2194.92
AMSCommonsI-I-SystemIdentified as  Intel(R) Xeon(R) CPU E5-2630 v4 @ 2.20GHz
AMSCommonsI-I-ComputerEvaluatedAsMips 3511
AMS Software version v5.02/1220/12 built Fri Apr 19 23:54:38 2019

Geant4  Version 1033
Run ID: 387 Bartel: 19
Input Destination: /eos/ams/user/s/selu/mdst/He122/mdst_60442275.root
Output Destination: /afs/cern.ch/work/c/ctuysuz/private/he_flux/LSF/result_mc_time/time_19/he_flux_19_387.root
Add hist00 from /eos/ams/user/s/selu/mdst/He122/mdst_60442275.root
Start of Init
Use new binning
Start of Eventloop
Ntr, Nent= 1 438905
IsMC= 1
Parameter[0] = -2.70235
Parameter[1] = -3.03758
Parameter[2] = -3.60308
Parameter[3] = -5.55191
Parameter[4] = 0.242617
Parameter[5] = -2.38008
mdfil_info:  10.0%    2 sec CPU: 100.2%
mdfil_info:  20.0%    3 sec CPU: 100.3%
mdfil_info:  30.0%    5 sec CPU: 100.1%
mdfil_info:  40.0%    6 sec CPU: 100.1%
mdfil_info:  50.0%    7 sec CPU: 100.0%
mdfil_info:  60.0%    9 sec CPU: 100.0%
mdfil_info:  70.0%   10 sec CPU: 100.0%
mdfil_info:  80.0%   12 sec CPU: 100.1%
mdfil_info:  90.0%   13 sec CPU: 100.0%
mdfil_info: 100.0%   15 sec CPU: 100.0%
mdfil_info: 100.0%   15 sec CPU: 100.0%
