WARN: the 'eosmount' alias is deprecated, please use /eos directly
License ports: 28518@lxlicen01.cern.ch,28518@lxlicen02.cern.ch,28518@lxlicen03.cern.ch:/cvmfs/projects.cern.ch/intelsw/psxe/linux/licenses
Intel(R) Parallel Studio XE 2018 Update 2 for Linux*
Copyright (C) 2009-2018 Intel Corporation. All rights reserved.
10258
AMSCommonsI-I-HardwareIdentifiedAs Linux 3.10.0-957.10.1.el7.x86_64 x86_64 2
AMSCommonsI-I-Identified as LittleEndian 64 bit machine. 4294967295
AMSCommonsI-I-amsdatabase /cvmfs/ams.cern.ch/Offline/AMSDataDir/DataBase/
AMSCommonsI-I-MipsFromCPUInfo: 2194.92
AMSCommonsI-I-SystemIdentified as  Intel(R) Xeon(R) CPU E5-2630 v4 @ 2.20GHz
AMSCommonsI-I-ComputerEvaluatedAsMips 3511
AMS Software version v5.02/1220/12 built Fri Apr 19 23:54:38 2019

Geant4  Version 1033
Run ID: 126 Bartel: 53
Input Destination: /eos/ams/user/s/selu/mdst/He122/mdst_60441666.root
Output Destination: /afs/cern.ch/work/c/ctuysuz/private/he_flux/LSF/result_mc_time/time_53/he_flux_53_126.root
Add hist00 from /eos/ams/user/s/selu/mdst/He122/mdst_60441666.root
Start of Init
Use new binning
Start of Eventloop
Ntr, Nent= 1 437702
IsMC= 1
Parameter[0] = -2.79614
Parameter[1] = -3.0736
Parameter[2] = -3.62637
Parameter[3] = -5.54999
Parameter[4] = 0.554084
Parameter[5] = -2.43435
mdfil_info:  10.0%   19 sec CPU:  12.1%
mdfil_info:  20.0%   26 sec CPU:  16.5%
mdfil_info:  30.0%   34 sec CPU:  19.0%
mdfil_info:  40.0%   41 sec CPU:  20.6%
mdfil_info:  50.0%   50 sec CPU:  21.2%
mdfil_info:  60.0%   62 sec CPU:  20.8%
mdfil_info:  70.0%   71 sec CPU:  21.0%
mdfil_info:  80.0%   79 sec CPU:  21.4%
mdfil_info:  90.0%   90 sec CPU:  20.9%
mdfil_info: 100.0%  100 sec CPU:  20.7%
mdfil_info: 100.0%  100 sec CPU:  20.7%
24973
AMSCommonsI-I-HardwareIdentifiedAs Linux 3.10.0-957.10.1.el7.x86_64 x86_64 2
AMSCommonsI-I-Identified as LittleEndian 64 bit machine. 4294967295
AMSCommonsI-I-amsdatabase /cvmfs/ams.cern.ch/Offline/AMSDataDir/DataBase/
AMSCommonsI-I-MipsFromCPUInfo: 2194.92
AMSCommonsI-I-SystemIdentified as  Intel(R) Xeon(R) CPU E5-2630 v4 @ 2.20GHz
AMSCommonsI-I-ComputerEvaluatedAsMips 3511
AMS Software version v5.02/1220/12 built Fri Apr 19 23:54:38 2019

Geant4  Version 1033
Run ID: 308 Bartel: 26
Input Destination: /eos/ams/user/s/selu/mdst/He122/mdst_60441848.root
Output Destination: /afs/cern.ch/work/c/ctuysuz/private/he_flux/LSF/result_mc_time/time_26/he_flux_26_308.root
Add hist00 from /eos/ams/user/s/selu/mdst/He122/mdst_60441848.root
Start of Init
Use new binning
Start of Eventloop
Ntr, Nent= 1 441579
IsMC= 1
Parameter[0] = -2.69537
Parameter[1] = -3.03409
Parameter[2] = -3.6054
Parameter[3] = -5.53507
Parameter[4] = 0.209297
Parameter[5] = -2.37536
mdfil_info:  10.0%    3 sec CPU:  76.8%
mdfil_info:  20.0%    5 sec CPU:  82.2%
mdfil_info:  30.0%    7 sec CPU:  83.5%
mdfil_info:  40.0%    9 sec CPU:  84.5%
mdfil_info:  50.0%   11 sec CPU:  85.0%
mdfil_info:  60.0%   13 sec CPU:  85.2%
mdfil_info:  70.0%   16 sec CPU:  85.8%
mdfil_info:  80.0%   18 sec CPU:  86.2%
mdfil_info:  90.0%   20 sec CPU:  86.4%
mdfil_info: 100.0%   22 sec CPU:  86.6%
mdfil_info: 100.0%   22 sec CPU:  86.6%
39688
AMSCommonsI-I-HardwareIdentifiedAs Linux 3.10.0-957.10.1.el7.x86_64 x86_64 2
AMSCommonsI-I-Identified as LittleEndian 64 bit machine. 4294967295
AMSCommonsI-I-amsdatabase /cvmfs/ams.cern.ch/Offline/AMSDataDir/DataBase/
AMSCommonsI-I-MipsFromCPUInfo: 2194.92
AMSCommonsI-I-SystemIdentified as  Intel(R) Xeon(R) CPU E5-2630 v4 @ 2.20GHz
AMSCommonsI-I-ComputerEvaluatedAsMips 3511
AMS Software version v5.02/1220/12 built Fri Apr 19 23:54:38 2019

Geant4  Version 1033
Run ID: 489 Bartel: 80
Input Destination: /eos/ams/user/s/selu/mdst/He314/mdst_120929889.root
Output Destination: /afs/cern.ch/work/c/ctuysuz/private/he_flux/LSF/result_mc_time/time_80/he_flux_80_489.root
Start of Init
Use new binning
Start of Eventloop
Ntr, Nent= 1 33957
IsMC= 1
Parameter[0] = -2.47357
Parameter[1] = -2.95263
Parameter[2] = -3.57222
Parameter[3] = -5.51993
Parameter[4] = -0.016679
Parameter[5] = -2.31576
mdfil_info:  10.0%    0 sec CPU:  63.2%
mdfil_info:  20.0%    1 sec CPU:  69.6%
mdfil_info:  30.0%    1 sec CPU:  69.8%
mdfil_info:  40.0%    1 sec CPU:  70.5%
mdfil_info:  50.0%    1 sec CPU:  70.1%
mdfil_info:  60.0%    1 sec CPU:  70.1%
mdfil_info:  70.0%    2 sec CPU:  68.4%
mdfil_info:  80.0%    2 sec CPU:  67.0%
mdfil_info:  90.0%    2 sec CPU:  67.8%
mdfil_info: 100.0%    2 sec CPU:  69.0%
mdfil_info: 100.0%    2 sec CPU:  69.0%
