WARN: the 'eosmount' alias is deprecated, please use /eos directly
License ports: 28518@lxlicen01.cern.ch,28518@lxlicen02.cern.ch,28518@lxlicen03.cern.ch:/cvmfs/projects.cern.ch/intelsw/psxe/linux/licenses
Intel(R) Parallel Studio XE 2018 Update 2 for Linux*
Copyright (C) 2009-2018 Intel Corporation. All rights reserved.
3940
AMSCommonsI-I-HardwareIdentifiedAs Linux 3.10.0-957.10.1.el7.x86_64 x86_64 2
AMSCommonsI-I-Identified as LittleEndian 64 bit machine. 4294967295
AMSCommonsI-I-amsdatabase /cvmfs/ams.cern.ch/Offline/AMSDataDir/DataBase/
AMSCommonsI-I-MipsFromCPUInfo: 2194.92
AMSCommonsI-I-SystemIdentified as  Intel(R) Xeon(R) CPU E5-2630 v4 @ 2.20GHz
AMSCommonsI-I-ComputerEvaluatedAsMips 3511
AMS Software version v5.02/1220/12 built Fri Apr 19 23:54:38 2019

Geant4  Version 1033
Run ID: 48 Bartel: 53
Input Destination: /eos/ams/user/s/selu/mdst/He122/mdst_60441587.root
Output Destination: /afs/cern.ch/work/c/ctuysuz/private/he_flux/LSF/result_mc_time/time_53/he_flux_53_48.root
Add hist00 from /eos/ams/user/s/selu/mdst/He122/mdst_60441587.root
Start of Init
Use new binning
Start of Eventloop
Ntr, Nent= 1 442376
IsMC= 1
Parameter[0] = -2.79614
Parameter[1] = -3.0736
Parameter[2] = -3.62637
Parameter[3] = -5.54999
Parameter[4] = 0.554084
Parameter[5] = -2.43435
mdfil_info:  10.0%    3 sec CPU:  69.2%
mdfil_info:  20.0%    5 sec CPU:  75.0%
mdfil_info:  30.0%    8 sec CPU:  76.4%
mdfil_info:  40.0%   10 sec CPU:  77.3%
mdfil_info:  50.0%   13 sec CPU:  77.8%
mdfil_info:  60.0%   15 sec CPU:  78.3%
mdfil_info:  70.0%   18 sec CPU:  78.8%
mdfil_info:  80.0%   20 sec CPU:  79.4%
mdfil_info:  90.0%   22 sec CPU:  79.8%
mdfil_info: 100.0%   25 sec CPU:  79.9%
mdfil_info: 100.0%   25 sec CPU:  79.9%
18655
AMSCommonsI-I-HardwareIdentifiedAs Linux 3.10.0-957.10.1.el7.x86_64 x86_64 2
AMSCommonsI-I-Identified as LittleEndian 64 bit machine. 4294967295
AMSCommonsI-I-amsdatabase /cvmfs/ams.cern.ch/Offline/AMSDataDir/DataBase/
AMSCommonsI-I-MipsFromCPUInfo: 2194.92
AMSCommonsI-I-SystemIdentified as  Intel(R) Xeon(R) CPU E5-2630 v4 @ 2.20GHz
AMSCommonsI-I-ComputerEvaluatedAsMips 3511
AMS Software version v5.02/1220/12 built Fri Apr 19 23:54:38 2019

Geant4  Version 1033
Run ID: 230 Bartel: 26
Input Destination: /eos/ams/user/s/selu/mdst/He122/mdst_60441770.root
Output Destination: /afs/cern.ch/work/c/ctuysuz/private/he_flux/LSF/result_mc_time/time_26/he_flux_26_230.root
Add hist00 from /eos/ams/user/s/selu/mdst/He122/mdst_60441770.root
Start of Init
Use new binning
Start of Eventloop
Ntr, Nent= 1 435432
IsMC= 1
Parameter[0] = -2.69537
Parameter[1] = -3.03409
Parameter[2] = -3.6054
Parameter[3] = -5.53507
Parameter[4] = 0.209297
Parameter[5] = -2.37536
mdfil_info:  10.0%    3 sec CPU:  69.0%
mdfil_info:  20.0%    5 sec CPU:  74.5%
mdfil_info:  30.0%    8 sec CPU:  75.2%
mdfil_info:  40.0%   10 sec CPU:  76.0%
mdfil_info:  50.0%   13 sec CPU:  77.7%
mdfil_info:  60.0%   15 sec CPU:  78.5%
mdfil_info:  70.0%   18 sec CPU:  78.7%
mdfil_info:  80.0%   20 sec CPU:  79.1%
mdfil_info:  90.0%   23 sec CPU:  79.4%
mdfil_info: 100.0%   25 sec CPU:  79.6%
mdfil_info: 100.0%   25 sec CPU:  79.6%
33370
AMSCommonsI-I-HardwareIdentifiedAs Linux 3.10.0-957.10.1.el7.x86_64 x86_64 2
AMSCommonsI-I-Identified as LittleEndian 64 bit machine. 4294967295
AMSCommonsI-I-amsdatabase /cvmfs/ams.cern.ch/Offline/AMSDataDir/DataBase/
AMSCommonsI-I-MipsFromCPUInfo: 2194.92
AMSCommonsI-I-SystemIdentified as  Intel(R) Xeon(R) CPU E5-2630 v4 @ 2.20GHz
AMSCommonsI-I-ComputerEvaluatedAsMips 3511
AMS Software version v5.02/1220/12 built Fri Apr 19 23:54:38 2019

Geant4  Version 1033
Run ID: 411 Bartel: 80
Input Destination: /eos/ams/user/s/selu/mdst/He122/mdst_60442299.root
Output Destination: /afs/cern.ch/work/c/ctuysuz/private/he_flux/LSF/result_mc_time/time_80/he_flux_80_411.root
Add hist00 from /eos/ams/user/s/selu/mdst/He122/mdst_60442299.root
Start of Init
Use new binning
Start of Eventloop
Ntr, Nent= 1 438752
IsMC= 1
Parameter[0] = -2.47357
Parameter[1] = -2.95263
Parameter[2] = -3.57222
Parameter[3] = -5.51993
Parameter[4] = -0.016679
Parameter[5] = -2.31576
mdfil_info:  10.0%    3 sec CPU:  69.2%
mdfil_info:  20.0%    6 sec CPU:  76.2%
mdfil_info:  30.0%    8 sec CPU:  79.3%
mdfil_info:  40.0%   10 sec CPU:  81.1%
mdfil_info:  50.0%   13 sec CPU:  81.8%
mdfil_info:  60.0%   15 sec CPU:  82.4%
mdfil_info:  70.0%   18 sec CPU:  82.4%
mdfil_info:  80.0%   20 sec CPU:  82.5%
mdfil_info:  90.0%   23 sec CPU:  82.7%
mdfil_info: 100.0%   25 sec CPU:  82.7%
mdfil_info: 100.0%   25 sec CPU:  82.7%
