WARN: the 'eosmount' alias is deprecated, please use /eos directly
License ports: 28518@lxlicen01.cern.ch,28518@lxlicen02.cern.ch,28518@lxlicen03.cern.ch:/cvmfs/projects.cern.ch/intelsw/psxe/linux/licenses
Intel(R) Parallel Studio XE 2018 Update 2 for Linux*
Copyright (C) 2009-2018 Intel Corporation. All rights reserved.
2317
AMSCommonsI-I-HardwareIdentifiedAs Linux 3.10.0-957.10.1.el7.x86_64 x86_64 2
AMSCommonsI-I-Identified as LittleEndian 64 bit machine. 4294967295
AMSCommonsI-I-amsdatabase /cvmfs/ams.cern.ch/Offline/AMSDataDir/DataBase/
AMSCommonsI-I-MipsFromCPUInfo: 2194.92
AMSCommonsI-I-SystemIdentified as  Intel(R) Xeon(R) CPU E5-2630 v4 @ 2.20GHz
AMSCommonsI-I-ComputerEvaluatedAsMips 3511
AMS Software version v5.02/1220/12 built Fri Apr 19 23:54:38 2019

Geant4  Version 1033
Run ID: 28 Bartel: 50
Input Destination: /eos/ams/user/s/selu/mdst/He122/mdst_60441567.root
Output Destination: /afs/cern.ch/work/c/ctuysuz/private/he_flux/LSF/result_mc_time/time_50/he_flux_50_28.root
Add hist00 from /eos/ams/user/s/selu/mdst/He122/mdst_60441567.root
Start of Init
Use new binning
Start of Eventloop
Ntr, Nent= 1 434083
IsMC= 1
Parameter[0] = -2.73471
Parameter[1] = -3.0684
Parameter[2] = -3.6261
Parameter[3] = -5.53452
Parameter[4] = 0.161673
Parameter[5] = -2.21662
mdfil_info:  10.0%    3 sec CPU:  67.8%
mdfil_info:  20.0%    6 sec CPU:  74.2%
mdfil_info:  30.0%    8 sec CPU:  76.9%
mdfil_info:  40.0%   11 sec CPU:  78.4%
mdfil_info:  50.0%   13 sec CPU:  79.4%
mdfil_info:  60.0%   15 sec CPU:  80.4%
mdfil_info:  70.0%   18 sec CPU:  80.8%
mdfil_info:  80.0%   20 sec CPU:  81.4%
mdfil_info:  90.0%   23 sec CPU:  81.7%
mdfil_info: 100.0%   25 sec CPU:  82.2%
mdfil_info: 100.0%   25 sec CPU:  82.2%
17032
AMSCommonsI-I-HardwareIdentifiedAs Linux 3.10.0-957.10.1.el7.x86_64 x86_64 2
AMSCommonsI-I-Identified as LittleEndian 64 bit machine. 4294967295
AMSCommonsI-I-amsdatabase /cvmfs/ams.cern.ch/Offline/AMSDataDir/DataBase/
AMSCommonsI-I-MipsFromCPUInfo: 2194.92
AMSCommonsI-I-SystemIdentified as  Intel(R) Xeon(R) CPU E5-2630 v4 @ 2.20GHz
AMSCommonsI-I-ComputerEvaluatedAsMips 3511
AMS Software version v5.02/1220/12 built Fri Apr 19 23:54:38 2019

Geant4  Version 1033
Run ID: 210 Bartel: 23
Input Destination: /eos/ams/user/s/selu/mdst/He122/mdst_60441750.root
Output Destination: /afs/cern.ch/work/c/ctuysuz/private/he_flux/LSF/result_mc_time/time_23/he_flux_23_210.root
Add hist00 from /eos/ams/user/s/selu/mdst/He122/mdst_60441750.root
Start of Init
Use new binning
Start of Eventloop
Ntr, Nent= 1 438118
IsMC= 1
Parameter[0] = -2.68031
Parameter[1] = -3.0282
Parameter[2] = -3.60077
Parameter[3] = -5.50631
Parameter[4] = 0.188664
Parameter[5] = -2.1921
mdfil_info:  10.0%    4 sec CPU:  53.9%
mdfil_info:  20.0%    8 sec CPU:  49.3%
mdfil_info:  30.0%   12 sec CPU:  51.2%
mdfil_info:  40.0%   15 sec CPU:  55.6%
mdfil_info:  50.0%   18 sec CPU:  56.8%
mdfil_info:  60.0%   21 sec CPU:  57.8%
mdfil_info:  70.0%   24 sec CPU:  58.9%
mdfil_info:  80.0%   29 sec CPU:  55.3%
mdfil_info:  90.0%   32 sec CPU:  56.2%
mdfil_info: 100.0%   36 sec CPU:  55.2%
mdfil_info: 100.0%   36 sec CPU:  55.2%
31747
AMSCommonsI-I-HardwareIdentifiedAs Linux 3.10.0-957.10.1.el7.x86_64 x86_64 2
AMSCommonsI-I-Identified as LittleEndian 64 bit machine. 4294967295
AMSCommonsI-I-amsdatabase /cvmfs/ams.cern.ch/Offline/AMSDataDir/DataBase/
AMSCommonsI-I-MipsFromCPUInfo: 2194.92
AMSCommonsI-I-SystemIdentified as  Intel(R) Xeon(R) CPU E5-2630 v4 @ 2.20GHz
AMSCommonsI-I-ComputerEvaluatedAsMips 3511
AMS Software version v5.02/1220/12 built Fri Apr 19 23:54:38 2019

Geant4  Version 1033
Run ID: 391 Bartel: 77
Input Destination: /eos/ams/user/s/selu/mdst/He122/mdst_60442279.root
Output Destination: /afs/cern.ch/work/c/ctuysuz/private/he_flux/LSF/result_mc_time/time_77/he_flux_77_391.root
Add hist00 from /eos/ams/user/s/selu/mdst/He122/mdst_60442279.root
Start of Init
Use new binning
Start of Eventloop
Ntr, Nent= 1 435543
IsMC= 1
Parameter[0] = -2.48824
Parameter[1] = -2.95955
Parameter[2] = -3.57956
Parameter[3] = -5.5244
Parameter[4] = 0.0142674
Parameter[5] = -2.38492
mdfil_info:  10.0%    2 sec CPU:  99.5%
mdfil_info:  20.0%    4 sec CPU: 100.0%
mdfil_info:  30.0%    6 sec CPU:  99.9%
mdfil_info:  40.0%    8 sec CPU: 100.0%
mdfil_info:  50.0%    9 sec CPU:  99.8%
mdfil_info:  60.0%   11 sec CPU:  99.9%
mdfil_info:  70.0%   13 sec CPU: 100.0%
mdfil_info:  80.0%   15 sec CPU:  99.9%
mdfil_info:  90.0%   17 sec CPU:  99.9%
mdfil_info: 100.0%   19 sec CPU:  99.9%
mdfil_info: 100.0%   19 sec CPU:  99.9%
