WARN: the 'eosmount' alias is deprecated, please use /eos directly
License ports: 28518@lxlicen01.cern.ch,28518@lxlicen02.cern.ch,28518@lxlicen03.cern.ch:/cvmfs/projects.cern.ch/intelsw/psxe/linux/licenses
Intel(R) Parallel Studio XE 2018 Update 2 for Linux*
Copyright (C) 2009-2018 Intel Corporation. All rights reserved.
5310
AMSCommonsI-I-HardwareIdentifiedAs Linux 3.10.0-957.12.1.el7.x86_64 x86_64 2
AMSCommonsI-I-Identified as LittleEndian 64 bit machine. 4294967295
AMSCommonsI-I-amsdatabase /cvmfs/ams.cern.ch/Offline/AMSDataDir/DataBase/
AMSCommonsI-I-MipsFromCPUInfo: 2394.45
AMSCommonsI-I-SystemIdentified as  Intel Core Processor (Haswell, no TSX, IBRS)
AMSCommonsI-I-ComputerEvaluatedAsMips 3591
AMS Software version v5.02/1220/12 built Fri Apr 19 23:54:38 2019

Geant4  Version 1033
Run ID: 65 Bartel: 46
20025
AMSCommonsI-I-HardwareIdentifiedAs Linux 3.10.0-957.12.1.el7.x86_64 x86_64 2
AMSCommonsI-I-Identified as LittleEndian 64 bit machine. 4294967295
AMSCommonsI-I-amsdatabase /cvmfs/ams.cern.ch/Offline/AMSDataDir/DataBase/
AMSCommonsI-I-MipsFromCPUInfo: 2394.45
AMSCommonsI-I-SystemIdentified as  Intel Core Processor (Haswell, no TSX, IBRS)
AMSCommonsI-I-ComputerEvaluatedAsMips 3591
AMS Software version v5.02/1220/12 built Fri Apr 19 23:54:38 2019

Geant4  Version 1033
Run ID: 247 Bartel: 19
Input Destination: /eos/ams/user/s/selu/mdst/He122/mdst_60441787.root
Output Destination: /afs/cern.ch/work/c/ctuysuz/private/he_flux/LSF/result_mc_time/time_19/he_flux_19_247.root
Add hist00 from /eos/ams/user/s/selu/mdst/He122/mdst_60441787.root
Start of Init
Use new binning
Start of Eventloop
Ntr, Nent= 1 443356
IsMC= 1
Parameter[0] = -2.70235
Parameter[1] = -3.03758
Parameter[2] = -3.60308
Parameter[3] = -5.55191
Parameter[4] = 0.242617
Parameter[5] = -2.38008
mdfil_info:  10.0%    3 sec CPU:  74.1%
mdfil_info:  20.0%    5 sec CPU:  79.8%
mdfil_info:  30.0%    7 sec CPU:  82.3%
mdfil_info:  40.0%    9 sec CPU:  83.8%
mdfil_info:  50.0%   11 sec CPU:  84.9%
mdfil_info:  60.0%   13 sec CPU:  85.0%
mdfil_info:  70.0%   15 sec CPU:  85.4%
mdfil_info:  80.0%   18 sec CPU:  85.7%
mdfil_info:  90.0%   20 sec CPU:  86.1%
mdfil_info: 100.0%   22 sec CPU:  86.5%
mdfil_info: 100.0%   22 sec CPU:  86.5%
34740
AMSCommonsI-I-HardwareIdentifiedAs Linux 3.10.0-957.12.1.el7.x86_64 x86_64 2
AMSCommonsI-I-Identified as LittleEndian 64 bit machine. 4294967295
AMSCommonsI-I-amsdatabase /cvmfs/ams.cern.ch/Offline/AMSDataDir/DataBase/
AMSCommonsI-I-MipsFromCPUInfo: 2394.45
AMSCommonsI-I-SystemIdentified as  Intel Core Processor (Haswell, no TSX, IBRS)
AMSCommonsI-I-ComputerEvaluatedAsMips 3591
AMS Software version v5.02/1220/12 built Fri Apr 19 23:54:38 2019

Geant4  Version 1033
Run ID: 428 Bartel: 73
Input Destination: /eos/ams/user/s/selu/mdst/He122/mdst_60442316.root
Output Destination: /afs/cern.ch/work/c/ctuysuz/private/he_flux/LSF/result_mc_time/time_73/he_flux_73_428.root
Add hist00 from /eos/ams/user/s/selu/mdst/He122/mdst_60442316.root
Start of Init
Use new binning
Start of Eventloop
Ntr, Nent= 1 430481
IsMC= 1
Parameter[0] = -2.52877
Parameter[1] = -2.96916
Parameter[2] = -3.58403
Parameter[3] = -5.48816
Parameter[4] = 0.0284517
Parameter[5] = -2.25131
mdfil_info:  10.0%    3 sec CPU:  74.2%
mdfil_info:  20.0%    5 sec CPU:  78.8%
mdfil_info:  30.0%    7 sec CPU:  80.7%
mdfil_info:  40.0%    9 sec CPU:  82.2%
mdfil_info:  50.0%   11 sec CPU:  83.6%
mdfil_info:  60.0%   13 sec CPU:  84.7%
mdfil_info:  70.0%   15 sec CPU:  85.6%
mdfil_info:  80.0%   17 sec CPU:  85.9%
mdfil_info:  90.0%   19 sec CPU:  86.3%
mdfil_info: 100.0%   21 sec CPU:  86.4%
mdfil_info: 100.0%   21 sec CPU:  86.4%
