WARN: the 'eosmount' alias is deprecated, please use /eos directly
License ports: 28518@lxlicen01.cern.ch,28518@lxlicen02.cern.ch,28518@lxlicen03.cern.ch:/cvmfs/projects.cern.ch/intelsw/psxe/linux/licenses
Intel(R) Parallel Studio XE 2018 Update 2 for Linux*
Copyright (C) 2009-2018 Intel Corporation. All rights reserved.
4960
AMSCommonsI-I-HardwareIdentifiedAs Linux 3.10.0-957.12.2.el7.x86_64 x86_64 2
AMSCommonsI-I-Identified as LittleEndian 64 bit machine. 4294967295
AMSCommonsI-I-amsdatabase /cvmfs/ams.cern.ch/Offline/AMSDataDir/DataBase/
AMSCommonsI-I-MipsFromCPUInfo: 2394.45
AMSCommonsI-I-SystemIdentified as  Intel(R) Xeon(R) CPU E5-2630 v3 @ 2.40GHz
AMSCommonsI-I-ComputerEvaluatedAsMips 3831
AMS Software version v5.02/1220/12 built Fri Apr 19 23:54:38 2019

Geant4  Version 1033
Run ID: 61 Bartel: 20
Input Destination: /eos/ams/user/s/selu/mdst/He122/mdst_60441600.root
Output Destination: /afs/cern.ch/work/c/ctuysuz/private/he_flux/LSF/result_mc_time/time_20/he_flux_20_61.root
Add hist00 from /eos/ams/user/s/selu/mdst/He122/mdst_60441600.root
Start of Init
Use new binning
Start of Eventloop
Ntr, Nent= 1 442056
IsMC= 1
Parameter[0] = -2.70518
Parameter[1] = -3.02051
Parameter[2] = -3.58999
Parameter[3] = -5.56547
Parameter[4] = 0.334526
Parameter[5] = -2.62761
mdfil_info:  10.0%   22 sec CPU:   9.6%
mdfil_info:  20.0%   31 sec CPU:  13.0%
mdfil_info:  30.0%   37 sec CPU:  15.5%
mdfil_info:  40.0%   43 sec CPU:  17.6%
mdfil_info:  50.0%   51 sec CPU:  18.5%
mdfil_info:  60.0%   59 sec CPU:  19.0%
mdfil_info:  70.0%   67 sec CPU:  19.4%
mdfil_info:  80.0%   76 sec CPU:  19.4%
mdfil_info:  90.0%   87 sec CPU:  19.2%
mdfil_info: 100.0%   93 sec CPU:  19.9%
mdfil_info: 100.0%   93 sec CPU:  19.9%
19675
AMSCommonsI-I-HardwareIdentifiedAs Linux 3.10.0-957.12.2.el7.x86_64 x86_64 2
AMSCommonsI-I-Identified as LittleEndian 64 bit machine. 4294967295
AMSCommonsI-I-amsdatabase /cvmfs/ams.cern.ch/Offline/AMSDataDir/DataBase/
AMSCommonsI-I-MipsFromCPUInfo: 2394.45
AMSCommonsI-I-SystemIdentified as  Intel(R) Xeon(R) CPU E5-2630 v3 @ 2.40GHz
AMSCommonsI-I-ComputerEvaluatedAsMips 3831
AMS Software version v5.02/1220/12 built Fri Apr 19 23:54:38 2019

Geant4  Version 1033
Run ID: 242 Bartel: 74
Input Destination: /eos/ams/user/s/selu/mdst/He122/mdst_60441782.root
Output Destination: /afs/cern.ch/work/c/ctuysuz/private/he_flux/LSF/result_mc_time/time_74/he_flux_74_242.root
Add hist00 from /eos/ams/user/s/selu/mdst/He122/mdst_60441782.root
Start of Init
Use new binning
Start of Eventloop
Ntr, Nent= 1 431262
IsMC= 1
Parameter[0] = -2.51662
Parameter[1] = -2.96375
Parameter[2] = -3.57829
Parameter[3] = -5.45844
Parameter[4] = 0.103059
Parameter[5] = -1.93983
mdfil_info:  10.0%    2 sec CPU:  78.8%
mdfil_info:  20.0%    4 sec CPU:  84.1%
mdfil_info:  30.0%    6 sec CPU:  85.6%
mdfil_info:  40.0%    8 sec CPU:  86.5%
mdfil_info:  50.0%    9 sec CPU:  87.3%
mdfil_info:  60.0%   11 sec CPU:  88.0%
mdfil_info:  70.0%   13 sec CPU:  88.3%
mdfil_info:  80.0%   15 sec CPU:  88.6%
mdfil_info:  90.0%   16 sec CPU:  88.8%
mdfil_info: 100.0%   18 sec CPU:  89.1%
mdfil_info: 100.0%   18 sec CPU:  89.1%
34390
AMSCommonsI-I-HardwareIdentifiedAs Linux 3.10.0-957.12.2.el7.x86_64 x86_64 2
AMSCommonsI-I-Identified as LittleEndian 64 bit machine. 4294967295
AMSCommonsI-I-amsdatabase /cvmfs/ams.cern.ch/Offline/AMSDataDir/DataBase/
AMSCommonsI-I-MipsFromCPUInfo: 2394.45
AMSCommonsI-I-SystemIdentified as  Intel(R) Xeon(R) CPU E5-2630 v3 @ 2.40GHz
AMSCommonsI-I-ComputerEvaluatedAsMips 3831
AMS Software version v5.02/1220/12 built Fri Apr 19 23:54:38 2019

Geant4  Version 1033
Run ID: 424 Bartel: 47
