WARN: the 'eosmount' alias is deprecated, please use /eos directly
License ports: 28518@lxlicen01.cern.ch,28518@lxlicen02.cern.ch,28518@lxlicen03.cern.ch:/cvmfs/projects.cern.ch/intelsw/psxe/linux/licenses
Intel(R) Parallel Studio XE 2018 Update 2 for Linux*
Copyright (C) 2009-2018 Intel Corporation. All rights reserved.
12674
AMSCommonsI-I-HardwareIdentifiedAs Linux 3.10.0-957.5.1.el7.x86_64 x86_64 2
AMSCommonsI-I-Identified as LittleEndian 64 bit machine. 4294967295
AMSCommonsI-I-amsdatabase /cvmfs/ams.cern.ch/Offline/AMSDataDir/DataBase/
AMSCommonsI-I-MipsFromCPUInfo: 2194.92
AMSCommonsI-I-SystemIdentified as  Intel(R) Xeon(R) CPU E5-2650 v4 @ 2.20GHz
AMSCommonsI-I-ComputerEvaluatedAsMips 3511
AMS Software version v5.02/1220/12 built Fri Apr 19 23:54:38 2019

Geant4  Version 1033
Run ID: 156 Bartel: 39
Input Destination: /eos/ams/user/s/selu/mdst/He122/mdst_60441696.root
Output Destination: /afs/cern.ch/work/c/ctuysuz/private/he_flux/LSF/result_mc_time/time_39/he_flux_39_156.root
Add hist00 from /eos/ams/user/s/selu/mdst/He122/mdst_60441696.root
Start of Init
Use new binning
Start of Eventloop
Ntr, Nent= 1 439285
IsMC= 1
Parameter[0] = -2.81505
Parameter[1] = -3.07484
Parameter[2] = -3.62471
Parameter[3] = -5.62014
Parameter[4] = 0.622835
Parameter[5] = -2.8044
mdfil_info:  10.0%   17 sec CPU:  11.1%
mdfil_info:  20.0%   24 sec CPU:  15.1%
mdfil_info:  30.0%   31 sec CPU:  17.0%
mdfil_info:  40.0%   38 sec CPU:  18.5%
mdfil_info:  50.0%   44 sec CPU:  19.9%
mdfil_info:  60.0%   50 sec CPU:  20.9%
mdfil_info:  70.0%   60 sec CPU:  20.2%
mdfil_info:  80.0%   68 sec CPU:  20.5%
mdfil_info:  90.0%   74 sec CPU:  21.1%
mdfil_info: 100.0%   80 sec CPU:  21.6%
mdfil_info: 100.0%   80 sec CPU:  21.6%
27389
AMSCommonsI-I-HardwareIdentifiedAs Linux 3.10.0-957.5.1.el7.x86_64 x86_64 2
AMSCommonsI-I-Identified as LittleEndian 64 bit machine. 4294967295
AMSCommonsI-I-amsdatabase /cvmfs/ams.cern.ch/Offline/AMSDataDir/DataBase/
AMSCommonsI-I-MipsFromCPUInfo: 2194.92
AMSCommonsI-I-SystemIdentified as  Intel(R) Xeon(R) CPU E5-2650 v4 @ 2.20GHz
AMSCommonsI-I-ComputerEvaluatedAsMips 3511
AMS Software version v5.02/1220/12 built Fri Apr 19 23:54:38 2019

Geant4  Version 1033
Run ID: 338 Bartel: 12
Input Destination: /eos/ams/user/s/selu/mdst/He122/mdst_60441878.root
Output Destination: /afs/cern.ch/work/c/ctuysuz/private/he_flux/LSF/result_mc_time/time_12/he_flux_12_338.root
Add hist00 from /eos/ams/user/s/selu/mdst/He122/mdst_60441878.root
Start of Init
Use new binning
Start of Eventloop
Ntr, Nent= 1 432995
IsMC= 1
Parameter[0] = -2.69683
Parameter[1] = -3.04779
Parameter[2] = -3.61865
Parameter[3] = -5.53473
Parameter[4] = 0.213856
Parameter[5] = -2.39642
mdfil_info:  10.0%    2 sec CPU:  74.8%
mdfil_info:  20.0%    4 sec CPU:  80.6%
mdfil_info:  30.0%    6 sec CPU:  82.8%
mdfil_info:  40.0%    8 sec CPU:  83.8%
mdfil_info:  50.0%    9 sec CPU:  84.6%
mdfil_info:  60.0%   11 sec CPU:  85.1%
mdfil_info:  70.0%   13 sec CPU:  85.4%
mdfil_info:  80.0%   15 sec CPU:  85.5%
mdfil_info:  90.0%   16 sec CPU:  85.9%
mdfil_info: 100.0%   18 sec CPU:  86.2%
mdfil_info: 100.0%   18 sec CPU:  86.2%
42104
AMSCommonsI-I-HardwareIdentifiedAs Linux 3.10.0-957.5.1.el7.x86_64 x86_64 2
AMSCommonsI-I-Identified as LittleEndian 64 bit machine. 4294967295
AMSCommonsI-I-amsdatabase /cvmfs/ams.cern.ch/Offline/AMSDataDir/DataBase/
AMSCommonsI-I-MipsFromCPUInfo: 2194.92
AMSCommonsI-I-SystemIdentified as  Intel(R) Xeon(R) CPU E5-2650 v4 @ 2.20GHz
AMSCommonsI-I-ComputerEvaluatedAsMips 3511
AMS Software version v5.02/1220/12 built Fri Apr 19 23:54:38 2019

Geant4  Version 1033
Run ID: 519 Bartel: 66
Input Destination: /eos/ams/user/s/selu/mdst/He314/mdst_120929920.root
Output Destination: /afs/cern.ch/work/c/ctuysuz/private/he_flux/LSF/result_mc_time/time_66/he_flux_66_519.root
Add hist00 from /eos/ams/user/s/selu/mdst/He314/mdst_120929920.root
Start of Init
Use new binning
Start of Eventloop
Ntr, Nent= 1 122779
IsMC= 1
Parameter[0] = -2.5779
Parameter[1] = -2.99002
Parameter[2] = -3.59372
Parameter[3] = -5.46372
Parameter[4] = 0.117988
Parameter[5] = -1.94602
mdfil_info:  10.0%    7 sec CPU:   8.8%
mdfil_info:  20.0%   12 sec CPU:   9.2%
mdfil_info:  30.0%   18 sec CPU:   9.5%
mdfil_info:  40.0%   20 sec CPU:  11.2%
mdfil_info:  50.0%   22 sec CPU:  12.4%
mdfil_info:  60.0%   24 sec CPU:  13.6%
mdfil_info:  70.0%   26 sec CPU:  14.7%
mdfil_info:  80.0%   28 sec CPU:  15.2%
mdfil_info:  90.0%   30 sec CPU:  15.7%
mdfil_info: 100.0%   32 sec CPU:  16.3%
mdfil_info: 100.0%   32 sec CPU:  16.3%
