WARN: the 'eosmount' alias is deprecated, please use /eos directly
License ports: 28518@lxlicen01.cern.ch,28518@lxlicen02.cern.ch,28518@lxlicen03.cern.ch:/cvmfs/projects.cern.ch/intelsw/psxe/linux/licenses
Intel(R) Parallel Studio XE 2018 Update 2 for Linux*
Copyright (C) 2009-2018 Intel Corporation. All rights reserved.
14525
AMSCommonsI-I-HardwareIdentifiedAs Linux 3.10.0-957.10.1.el7.x86_64 x86_64 2
AMSCommonsI-I-Identified as LittleEndian 64 bit machine. 4294967295
AMSCommonsI-I-amsdatabase /cvmfs/ams.cern.ch/Offline/AMSDataDir/DataBase/
AMSCommonsI-I-MipsFromCPUInfo: 2194.92
AMSCommonsI-I-SystemIdentified as  Intel(R) Xeon(R) CPU E5-2630 v4 @ 2.20GHz
AMSCommonsI-I-ComputerEvaluatedAsMips 3511
AMS Software version v5.02/1220/12 built Fri Apr 19 23:54:38 2019

Geant4  Version 1033
Run ID: 179 Bartel: 27
Input Destination: /eos/ams/user/s/selu/mdst/He122/mdst_60441719.root
Output Destination: /afs/cern.ch/work/c/ctuysuz/private/he_flux/LSF/result_mc_time/time_27/he_flux_27_179.root
Add hist00 from /eos/ams/user/s/selu/mdst/He122/mdst_60441719.root
Start of Init
Use new binning
Start of Eventloop
Ntr, Nent= 1 439864
IsMC= 1
Parameter[0] = -2.70724
Parameter[1] = -3.04642
Parameter[2] = -3.62117
Parameter[3] = -5.56267
Parameter[4] = 0.257638
Parameter[5] = -2.47221
mdfil_info:  10.0%   19 sec CPU:  12.4%
mdfil_info:  20.0%   26 sec CPU:  17.6%
mdfil_info:  30.0%   36 sec CPU:  18.5%
mdfil_info:  40.0%   50 sec CPU:  17.9%
mdfil_info:  50.0%   64 sec CPU:  17.3%
mdfil_info:  60.0%   78 sec CPU:  17.1%
mdfil_info:  70.0%   90 sec CPU:  17.2%
mdfil_info:  80.0%   97 sec CPU:  18.1%
mdfil_info:  90.0%  106 sec CPU:  18.7%
mdfil_info: 100.0%  113 sec CPU:  19.5%
mdfil_info: 100.0%  113 sec CPU:  19.5%
29240
AMSCommonsI-I-HardwareIdentifiedAs Linux 3.10.0-957.10.1.el7.x86_64 x86_64 2
AMSCommonsI-I-Identified as LittleEndian 64 bit machine. 4294967295
AMSCommonsI-I-amsdatabase /cvmfs/ams.cern.ch/Offline/AMSDataDir/DataBase/
AMSCommonsI-I-MipsFromCPUInfo: 2194.92
AMSCommonsI-I-SystemIdentified as  Intel(R) Xeon(R) CPU E5-2630 v4 @ 2.20GHz
AMSCommonsI-I-ComputerEvaluatedAsMips 3511
AMS Software version v5.02/1220/12 built Fri Apr 19 23:54:38 2019

Geant4  Version 1033
Run ID: 360 Bartel: 81
Input Destination: /eos/ams/user/s/selu/mdst/He122/mdst_60442248.root
Output Destination: /afs/cern.ch/work/c/ctuysuz/private/he_flux/LSF/result_mc_time/time_81/he_flux_81_360.root
Add hist00 from /eos/ams/user/s/selu/mdst/He122/mdst_60442248.root
Start of Init
Use new binning
Start of Eventloop
Ntr, Nent= 1 434103
IsMC= 1
Parameter[0] = -2.48037
Parameter[1] = -2.95644
Parameter[2] = -3.57046
Parameter[3] = -5.46876
Parameter[4] = -0.0472079
Parameter[5] = -1.99045
mdfil_info:  10.0%  154 sec CPU:   1.5%
mdfil_info:  20.0%  198 sec CPU:   2.3%
mdfil_info:  30.0%  254 sec CPU:   2.6%
mdfil_info:  40.0%  300 sec CPU:   3.0%
mdfil_info:  50.0%  347 sec CPU:   3.2%
mdfil_info:  60.0%  400 sec CPU:   3.4%
mdfil_info:  70.0%  444 sec CPU:   3.5%
mdfil_info:  80.0%  487 sec CPU:   3.7%
mdfil_info:  90.0%  509 sec CPU:   3.9%
mdfil_info: 100.0%  526 sec CPU:   4.2%
mdfil_info: 100.0%  526 sec CPU:   4.2%
43955
AMSCommonsI-I-HardwareIdentifiedAs Linux 3.10.0-957.10.1.el7.x86_64 x86_64 2
AMSCommonsI-I-Identified as LittleEndian 64 bit machine. 4294967295
AMSCommonsI-I-amsdatabase /cvmfs/ams.cern.ch/Offline/AMSDataDir/DataBase/
AMSCommonsI-I-MipsFromCPUInfo: 2194.92
AMSCommonsI-I-SystemIdentified as  Intel(R) Xeon(R) CPU E5-2630 v4 @ 2.20GHz
AMSCommonsI-I-ComputerEvaluatedAsMips 3511
AMS Software version v5.02/1220/12 built Fri Apr 19 23:54:38 2019

Geant4  Version 1033
Run ID: 542 Bartel: 54
Input Destination: /eos/ams/user/s/selu/mdst/He314/mdst_120929947.root
Output Destination: /afs/cern.ch/work/c/ctuysuz/private/he_flux/LSF/result_mc_time/time_54/he_flux_54_542.root
Add hist00 from /eos/ams/user/s/selu/mdst/He314/mdst_120929947.root
Start of Init
Use new binning
Start of Eventloop
Ntr, Nent= 1 122601
IsMC= 1
Parameter[0] = -2.78801
Parameter[1] = -3.07185
Parameter[2] = -3.62903
Parameter[3] = -5.57585
Parameter[4] = 0.451953
Parameter[5] = -2.58019
mdfil_info:  10.0%    1 sec CPU:  98.7%
mdfil_info:  20.0%    1 sec CPU:  99.8%
mdfil_info:  30.0%    2 sec CPU:  99.8%
mdfil_info:  40.0%    2 sec CPU:  99.7%
mdfil_info:  50.0%    3 sec CPU:  99.7%
mdfil_info:  60.0%    3 sec CPU: 100.0%
mdfil_info:  70.0%    4 sec CPU: 100.0%
mdfil_info:  80.0%    5 sec CPU: 100.0%
mdfil_info:  90.0%    5 sec CPU:  99.7%
mdfil_info: 100.0%    6 sec CPU:  99.9%
mdfil_info: 100.0%    6 sec CPU:  99.9%
