WARN: the 'eosmount' alias is deprecated, please use /eos directly
License ports: 28518@lxlicen01.cern.ch,28518@lxlicen02.cern.ch,28518@lxlicen03.cern.ch:/cvmfs/projects.cern.ch/intelsw/psxe/linux/licenses
Intel(R) Parallel Studio XE 2018 Update 2 for Linux*
Copyright (C) 2009-2018 Intel Corporation. All rights reserved.
2929
AMSCommonsI-I-HardwareIdentifiedAs Linux 3.10.0-957.10.1.el7.x86_64 x86_64 2
AMSCommonsI-I-Identified as LittleEndian 64 bit machine. 4294967295
AMSCommonsI-I-amsdatabase /cvmfs/ams.cern.ch/Offline/AMSDataDir/DataBase/
AMSCommonsI-I-MipsFromCPUInfo: 2194.92
AMSCommonsI-I-SystemIdentified as  Intel(R) Xeon(R) CPU E5-2630 v4 @ 2.20GHz
AMSCommonsI-I-ComputerEvaluatedAsMips 3511
AMS Software version v5.02/1220/12 built Fri Apr 19 23:54:38 2019

Geant4  Version 1033
Run ID: 36 Bartel: 14
Input Destination: /eos/ams/user/s/selu/mdst/He122/mdst_60441575.root
Output Destination: /afs/cern.ch/work/c/ctuysuz/private/he_flux/LSF/result_mc_time/time_14/he_flux_14_36.root
Add hist00 from /eos/ams/user/s/selu/mdst/He122/mdst_60441575.root
Start of Init
Use new binning
Start of Eventloop
Ntr, Nent= 1 437082
IsMC= 1
Parameter[0] = -2.62922
Parameter[1] = -3.00854
Parameter[2] = -3.59134
Parameter[3] = -5.49431
Parameter[4] = 0.150366
Parameter[5] = -2.1251
mdfil_info:  10.0%    7 sec CPU:  22.6%
mdfil_info:  20.0%   11 sec CPU:  27.1%
mdfil_info:  30.0%   15 sec CPU:  30.2%
mdfil_info:  40.0%   18 sec CPU:  33.0%
mdfil_info:  50.0%   21 sec CPU:  34.9%
mdfil_info:  60.0%   23 sec CPU:  38.1%
mdfil_info:  70.0%   26 sec CPU:  40.0%
mdfil_info:  80.0%   30 sec CPU:  38.5%
mdfil_info:  90.0%   39 sec CPU:  33.7%
mdfil_info: 100.0%   43 sec CPU:  34.5%
mdfil_info: 100.0%   43 sec CPU:  34.5%
17644
AMSCommonsI-I-HardwareIdentifiedAs Linux 3.10.0-957.10.1.el7.x86_64 x86_64 2
AMSCommonsI-I-Identified as LittleEndian 64 bit machine. 4294967295
AMSCommonsI-I-amsdatabase /cvmfs/ams.cern.ch/Offline/AMSDataDir/DataBase/
AMSCommonsI-I-MipsFromCPUInfo: 2194.92
AMSCommonsI-I-SystemIdentified as  Intel(R) Xeon(R) CPU E5-2630 v4 @ 2.20GHz
AMSCommonsI-I-ComputerEvaluatedAsMips 3511
AMS Software version v5.02/1220/12 built Fri Apr 19 23:54:38 2019

Geant4  Version 1033
Run ID: 217 Bartel: 68
Input Destination: /eos/ams/user/s/selu/mdst/He122/mdst_60441757.root
Output Destination: /afs/cern.ch/work/c/ctuysuz/private/he_flux/LSF/result_mc_time/time_68/he_flux_68_217.root
Add hist00 from /eos/ams/user/s/selu/mdst/He122/mdst_60441757.root
Start of Init
Use new binning
Start of Eventloop
Ntr, Nent= 1 439442
IsMC= 1
Parameter[0] = -2.5639
Parameter[1] = -2.98035
Parameter[2] = -3.58993
Parameter[3] = -5.51419
Parameter[4] = 0.0804353
Parameter[5] = -2.39662
mdfil_info:  10.0%   18 sec CPU:   9.8%
mdfil_info:  20.0%   24 sec CPU:  13.7%
mdfil_info:  30.0%   30 sec CPU:  15.8%
mdfil_info:  40.0%   35 sec CPU:  17.8%
mdfil_info:  50.0%   40 sec CPU:  19.2%
mdfil_info:  60.0%   45 sec CPU:  20.4%
mdfil_info:  70.0%   51 sec CPU:  21.2%
mdfil_info:  80.0%   57 sec CPU:  21.5%
mdfil_info:  90.0%   63 sec CPU:  22.0%
mdfil_info: 100.0%   69 sec CPU:  22.5%
mdfil_info: 100.0%   69 sec CPU:  22.5%
32359
AMSCommonsI-I-HardwareIdentifiedAs Linux 3.10.0-957.10.1.el7.x86_64 x86_64 2
AMSCommonsI-I-Identified as LittleEndian 64 bit machine. 4294967295
AMSCommonsI-I-amsdatabase /cvmfs/ams.cern.ch/Offline/AMSDataDir/DataBase/
AMSCommonsI-I-MipsFromCPUInfo: 2194.92
AMSCommonsI-I-SystemIdentified as  Intel(R) Xeon(R) CPU E5-2630 v4 @ 2.20GHz
AMSCommonsI-I-ComputerEvaluatedAsMips 3511
AMS Software version v5.02/1220/12 built Fri Apr 19 23:54:38 2019

Geant4  Version 1033
Run ID: 399 Bartel: 41
Input Destination: /eos/ams/user/s/selu/mdst/He122/mdst_60442287.root
Output Destination: /afs/cern.ch/work/c/ctuysuz/private/he_flux/LSF/result_mc_time/time_41/he_flux_41_399.root
Add hist00 from /eos/ams/user/s/selu/mdst/He122/mdst_60442287.root
Start of Init
Use new binning
Start of Eventloop
Ntr, Nent= 1 423000
IsMC= 1
Parameter[0] = -2.77453
Parameter[1] = -3.05397
Parameter[2] = -3.61054
Parameter[3] = -5.55839
Parameter[4] = 0.485122
Parameter[5] = -2.44204
mdfil_info:  10.0%    2 sec CPU:  76.6%
mdfil_info:  20.0%    4 sec CPU:  82.2%
mdfil_info:  30.0%    6 sec CPU:  84.1%
mdfil_info:  40.0%    7 sec CPU:  85.4%
mdfil_info:  50.0%    9 sec CPU:  86.1%
mdfil_info:  60.0%   11 sec CPU:  86.5%
mdfil_info:  70.0%   12 sec CPU:  86.8%
mdfil_info:  80.0%   14 sec CPU:  87.1%
mdfil_info:  90.0%   16 sec CPU:  87.3%
mdfil_info: 100.0%   17 sec CPU:  87.5%
