WARN: the 'eosmount' alias is deprecated, please use /eos directly
License ports: 28518@lxlicen01.cern.ch,28518@lxlicen02.cern.ch,28518@lxlicen03.cern.ch:/cvmfs/projects.cern.ch/intelsw/psxe/linux/licenses
Intel(R) Parallel Studio XE 2018 Update 2 for Linux*
Copyright (C) 2009-2018 Intel Corporation. All rights reserved.
10501
AMSCommonsI-I-HardwareIdentifiedAs Linux 3.10.0-957.10.1.el7.x86_64 x86_64 2
AMSCommonsI-I-Identified as LittleEndian 64 bit machine. 4294967295
AMSCommonsI-I-amsdatabase /cvmfs/ams.cern.ch/Offline/AMSDataDir/DataBase/
AMSCommonsI-I-MipsFromCPUInfo: 2194.92
AMSCommonsI-I-SystemIdentified as  Intel(R) Xeon(R) CPU E5-2630 v4 @ 2.20GHz
AMSCommonsI-I-ComputerEvaluatedAsMips 3511
AMS Software version v5.02/1220/12 built Fri Apr 19 23:54:38 2019

Geant4  Version 1033
Run ID: 129 Bartel: 53
Input Destination: /eos/ams/user/s/selu/mdst/He122/mdst_60441669.root
Output Destination: /afs/cern.ch/work/c/ctuysuz/private/he_flux/LSF/result_mc_time/time_53/he_flux_53_129.root
Add hist00 from /eos/ams/user/s/selu/mdst/He122/mdst_60441669.root
Start of Init
Use new binning
Start of Eventloop
Ntr, Nent= 1 436405
IsMC= 1
Parameter[0] = -2.79614
Parameter[1] = -3.0736
Parameter[2] = -3.62637
Parameter[3] = -5.54999
Parameter[4] = 0.554084
Parameter[5] = -2.43435
mdfil_info:  10.0%    3 sec CPU:  62.9%
mdfil_info:  20.0%    6 sec CPU:  69.5%
mdfil_info:  30.0%    8 sec CPU:  71.8%
mdfil_info:  40.0%   11 sec CPU:  73.4%
mdfil_info:  50.0%   14 sec CPU:  73.9%
mdfil_info:  60.0%   17 sec CPU:  71.0%
mdfil_info:  70.0%   20 sec CPU:  70.6%
mdfil_info:  80.0%   23 sec CPU:  71.3%
mdfil_info:  90.0%   25 sec CPU:  72.1%
mdfil_info: 100.0%   28 sec CPU:  73.0%
mdfil_info: 100.0%   28 sec CPU:  73.0%
25216
AMSCommonsI-I-HardwareIdentifiedAs Linux 3.10.0-957.10.1.el7.x86_64 x86_64 2
AMSCommonsI-I-Identified as LittleEndian 64 bit machine. 4294967295
AMSCommonsI-I-amsdatabase /cvmfs/ams.cern.ch/Offline/AMSDataDir/DataBase/
AMSCommonsI-I-MipsFromCPUInfo: 2194.92
AMSCommonsI-I-SystemIdentified as  Intel(R) Xeon(R) CPU E5-2630 v4 @ 2.20GHz
AMSCommonsI-I-ComputerEvaluatedAsMips 3511
AMS Software version v5.02/1220/12 built Fri Apr 19 23:54:38 2019

Geant4  Version 1033
Run ID: 311 Bartel: 26
Input Destination: /eos/ams/user/s/selu/mdst/He122/mdst_60441851.root
Output Destination: /afs/cern.ch/work/c/ctuysuz/private/he_flux/LSF/result_mc_time/time_26/he_flux_26_311.root
Add hist00 from /eos/ams/user/s/selu/mdst/He122/mdst_60441851.root
Start of Init
Use new binning
Start of Eventloop
Ntr, Nent= 1 435997
IsMC= 1
Parameter[0] = -2.69537
Parameter[1] = -3.03409
Parameter[2] = -3.6054
Parameter[3] = -5.53507
Parameter[4] = 0.209297
Parameter[5] = -2.37536
mdfil_info:  10.0%    2 sec CPU:  99.2%
mdfil_info:  20.0%    4 sec CPU:  99.4%
mdfil_info:  30.0%    6 sec CPU:  99.4%
mdfil_info:  40.0%    8 sec CPU:  99.5%
mdfil_info:  50.0%   10 sec CPU:  96.9%
mdfil_info:  60.0%   12 sec CPU:  95.1%
mdfil_info:  70.0%   15 sec CPU:  94.4%
mdfil_info:  80.0%   17 sec CPU:  93.7%
mdfil_info:  90.0%   19 sec CPU:  93.3%
mdfil_info: 100.0%   21 sec CPU:  93.1%
mdfil_info: 100.0%   21 sec CPU:  93.1%
39931
AMSCommonsI-I-HardwareIdentifiedAs Linux 3.10.0-957.10.1.el7.x86_64 x86_64 2
AMSCommonsI-I-Identified as LittleEndian 64 bit machine. 4294967295
AMSCommonsI-I-amsdatabase /cvmfs/ams.cern.ch/Offline/AMSDataDir/DataBase/
AMSCommonsI-I-MipsFromCPUInfo: 2194.92
AMSCommonsI-I-SystemIdentified as  Intel(R) Xeon(R) CPU E5-2630 v4 @ 2.20GHz
AMSCommonsI-I-ComputerEvaluatedAsMips 3511
AMS Software version v5.02/1220/12 built Fri Apr 19 23:54:38 2019

Geant4  Version 1033
Run ID: 492 Bartel: 80
Input Destination: /eos/ams/user/s/selu/mdst/He314/mdst_120929893.root
Output Destination: /afs/cern.ch/work/c/ctuysuz/private/he_flux/LSF/result_mc_time/time_80/he_flux_80_492.root
Add hist00 from /eos/ams/user/s/selu/mdst/He314/mdst_120929893.root
Start of Init
Use new binning
Start of Eventloop
Ntr, Nent= 1 122475
IsMC= 1
Parameter[0] = -2.47357
Parameter[1] = -2.95263
Parameter[2] = -3.57222
Parameter[3] = -5.51993
Parameter[4] = -0.016679
Parameter[5] = -2.31576
mdfil_info:  10.0%    1 sec CPU:  69.8%
mdfil_info:  20.0%    2 sec CPU:  70.8%
mdfil_info:  30.0%    3 sec CPU:  73.5%
mdfil_info:  40.0%    3 sec CPU:  76.2%
mdfil_info:  50.0%    4 sec CPU:  78.5%
mdfil_info:  60.0%    4 sec CPU:  80.5%
mdfil_info:  70.0%    5 sec CPU:  81.7%
mdfil_info:  80.0%    6 sec CPU:  82.2%
mdfil_info:  90.0%    6 sec CPU:  82.2%
mdfil_info: 100.0%    7 sec CPU:  82.9%
mdfil_info: 100.0%    7 sec CPU:  82.9%
