WARN: the 'eosmount' alias is deprecated, please use /eos directly
License ports: 28518@lxlicen01.cern.ch,28518@lxlicen02.cern.ch,28518@lxlicen03.cern.ch:/cvmfs/projects.cern.ch/intelsw/psxe/linux/licenses
Intel(R) Parallel Studio XE 2018 Update 2 for Linux*
Copyright (C) 2009-2018 Intel Corporation. All rights reserved.
7922
AMSCommonsI-I-HardwareIdentifiedAs Linux 3.10.0-957.12.1.el7.x86_64 x86_64 2
AMSCommonsI-I-Identified as LittleEndian 64 bit machine. 4294967295
AMSCommonsI-I-amsdatabase /cvmfs/ams.cern.ch/Offline/AMSDataDir/DataBase/
AMSCommonsI-I-MipsFromCPUInfo: 2194.92
AMSCommonsI-I-SystemIdentified as  Intel(R) Xeon(R) CPU E5-2630 v4 @ 2.20GHz
AMSCommonsI-I-ComputerEvaluatedAsMips 3511
AMS Software version v5.02/1220/12 built Fri Apr 19 23:54:38 2019

Geant4  Version 1033
Run ID: 97 Bartel: 66
Input Destination: /eos/ams/user/s/selu/mdst/He122/mdst_60441637.root
Output Destination: /afs/cern.ch/work/c/ctuysuz/private/he_flux/LSF/result_mc_time/time_66/he_flux_66_97.root
Add hist00 from /eos/ams/user/s/selu/mdst/He122/mdst_60441637.root
Start of Init
Use new binning
Start of Eventloop
Ntr, Nent= 1 431705
IsMC= 1
Parameter[0] = -2.5779
Parameter[1] = -2.99002
Parameter[2] = -3.59372
Parameter[3] = -5.46372
Parameter[4] = 0.117988
Parameter[5] = -1.94602
mdfil_info:  10.0%    2 sec CPU:  99.6%
mdfil_info:  20.0%    3 sec CPU:  99.9%
mdfil_info:  30.0%    4 sec CPU:  99.8%
mdfil_info:  40.0%    6 sec CPU:  99.8%
mdfil_info:  50.0%    7 sec CPU:  99.8%
mdfil_info:  60.0%    9 sec CPU:  99.9%
mdfil_info:  70.0%   10 sec CPU:  99.3%
mdfil_info:  80.0%   13 sec CPU:  90.2%
mdfil_info:  90.0%   15 sec CPU:  87.8%
mdfil_info: 100.0%   17 sec CPU:  85.3%
mdfil_info: 100.0%   17 sec CPU:  85.3%
22637
AMSCommonsI-I-HardwareIdentifiedAs Linux 3.10.0-957.12.1.el7.x86_64 x86_64 2
AMSCommonsI-I-Identified as LittleEndian 64 bit machine. 4294967295
AMSCommonsI-I-amsdatabase /cvmfs/ams.cern.ch/Offline/AMSDataDir/DataBase/
AMSCommonsI-I-MipsFromCPUInfo: 2194.92
AMSCommonsI-I-SystemIdentified as  Intel(R) Xeon(R) CPU E5-2630 v4 @ 2.20GHz
AMSCommonsI-I-ComputerEvaluatedAsMips 3511
AMS Software version v5.02/1220/12 built Fri Apr 19 23:54:38 2019

Geant4  Version 1033
Run ID: 279 Bartel: 39
Input Destination: /eos/ams/user/s/selu/mdst/He122/mdst_60441819.root
Output Destination: /afs/cern.ch/work/c/ctuysuz/private/he_flux/LSF/result_mc_time/time_39/he_flux_39_279.root
Add hist00 from /eos/ams/user/s/selu/mdst/He122/mdst_60441819.root
Start of Init
Use new binning
Start of Eventloop
Ntr, Nent= 1 438009
IsMC= 1
Parameter[0] = -2.81505
Parameter[1] = -3.07484
Parameter[2] = -3.62471
Parameter[3] = -5.62014
Parameter[4] = 0.622835
Parameter[5] = -2.8044
mdfil_info:  10.0%    2 sec CPU:  83.7%
mdfil_info:  20.0%    4 sec CPU:  90.7%
mdfil_info:  30.0%    5 sec CPU:  91.2%
mdfil_info:  40.0%    7 sec CPU:  91.4%
mdfil_info:  50.0%    9 sec CPU:  91.2%
mdfil_info:  60.0%   10 sec CPU:  92.1%
mdfil_info:  70.0%   12 sec CPU:  92.4%
mdfil_info:  80.0%   14 sec CPU:  92.4%
mdfil_info:  90.0%   15 sec CPU:  92.5%
mdfil_info: 100.0%   16 sec CPU:  92.4%
mdfil_info: 100.0%   16 sec CPU:  92.4%
37352
AMSCommonsI-I-HardwareIdentifiedAs Linux 3.10.0-957.12.1.el7.x86_64 x86_64 2
AMSCommonsI-I-Identified as LittleEndian 64 bit machine. 4294967295
AMSCommonsI-I-amsdatabase /cvmfs/ams.cern.ch/Offline/AMSDataDir/DataBase/
AMSCommonsI-I-MipsFromCPUInfo: 2194.92
AMSCommonsI-I-SystemIdentified as  Intel(R) Xeon(R) CPU E5-2630 v4 @ 2.20GHz
AMSCommonsI-I-ComputerEvaluatedAsMips 3511
AMS Software version v5.02/1220/12 built Fri Apr 19 23:54:38 2019

Geant4  Version 1033
Run ID: 461 Bartel: 12
Input Destination: /eos/ams/user/s/selu/mdst/He314/mdst_120929861.root
Output Destination: /afs/cern.ch/work/c/ctuysuz/private/he_flux/LSF/result_mc_time/time_12/he_flux_12_461.root
Add hist00 from /eos/ams/user/s/selu/mdst/He314/mdst_120929861.root
Start of Init
Use new binning
Start of Eventloop
Ntr, Nent= 1 109860
IsMC= 1
Parameter[0] = -2.69683
Parameter[1] = -3.04779
Parameter[2] = -3.61865
Parameter[3] = -5.53473
Parameter[4] = 0.213856
Parameter[5] = -2.39642
mdfil_info:  10.0%    5 sec CPU:   8.6%
mdfil_info:  20.0%    9 sec CPU:   9.4%
mdfil_info:  30.0%   14 sec CPU:   9.2%
mdfil_info:  40.0%   16 sec CPU:  10.5%
mdfil_info:  50.0%   18 sec CPU:  11.4%
mdfil_info:  60.0%   20 sec CPU:  12.2%
mdfil_info:  70.0%   22 sec CPU:  12.8%
mdfil_info:  80.0%   24 sec CPU:  13.4%
mdfil_info:  90.0%   26 sec CPU:  14.0%
mdfil_info: 100.0%   27 sec CPU:  14.6%
