WARN: the 'eosmount' alias is deprecated, please use /eos directly
License ports: 28518@lxlicen01.cern.ch,28518@lxlicen02.cern.ch,28518@lxlicen03.cern.ch:/cvmfs/projects.cern.ch/intelsw/psxe/linux/licenses
Intel(R) Parallel Studio XE 2018 Update 2 for Linux*
Copyright (C) 2009-2018 Intel Corporation. All rights reserved.
10465
AMSCommonsI-I-HardwareIdentifiedAs Linux 3.10.0-957.10.1.el7.x86_64 x86_64 2
AMSCommonsI-I-Identified as LittleEndian 64 bit machine. 4294967295
AMSCommonsI-I-amsdatabase /cvmfs/ams.cern.ch/Offline/AMSDataDir/DataBase/
AMSCommonsI-I-MipsFromCPUInfo: 2194.92
AMSCommonsI-I-SystemIdentified as  Intel(R) Xeon(R) CPU E5-2630 v4 @ 2.20GHz
AMSCommonsI-I-ComputerEvaluatedAsMips 3511
AMS Software version v5.02/1220/12 built Fri Apr 19 23:54:38 2019

Geant4  Version 1033
Run ID: 129 Bartel: 17
Input Destination: /eos/ams/user/s/selu/mdst/He122/mdst_60441669.root
Output Destination: /afs/cern.ch/work/c/ctuysuz/private/he_flux/LSF/result_mc_time/time_17/he_flux_17_129.root
Add hist00 from /eos/ams/user/s/selu/mdst/He122/mdst_60441669.root
Start of Init
Use new binning
Start of Eventloop
Ntr, Nent= 1 436405
IsMC= 1
Parameter[0] = -2.73465
Parameter[1] = -3.05909
Parameter[2] = -3.61586
Parameter[3] = -5.54961
Parameter[4] = 0.318406
Parameter[5] = -2.36477
mdfil_info:  10.0%    3 sec CPU:  52.5%
mdfil_info:  20.0%    6 sec CPU:  54.8%
mdfil_info:  30.0%    9 sec CPU:  54.8%
mdfil_info:  40.0%   12 sec CPU:  57.0%
mdfil_info:  50.0%   15 sec CPU:  57.2%
mdfil_info:  60.0%   18 sec CPU:  55.2%
mdfil_info:  70.0%   21 sec CPU:  55.7%
mdfil_info:  80.0%   23 sec CPU:  57.9%
mdfil_info:  90.0%   25 sec CPU:  58.9%
mdfil_info: 100.0%   28 sec CPU:  60.1%
mdfil_info: 100.0%   28 sec CPU:  60.1%
25180
AMSCommonsI-I-HardwareIdentifiedAs Linux 3.10.0-957.10.1.el7.x86_64 x86_64 2
AMSCommonsI-I-Identified as LittleEndian 64 bit machine. 4294967295
AMSCommonsI-I-amsdatabase /cvmfs/ams.cern.ch/Offline/AMSDataDir/DataBase/
AMSCommonsI-I-MipsFromCPUInfo: 2194.92
AMSCommonsI-I-SystemIdentified as  Intel(R) Xeon(R) CPU E5-2630 v4 @ 2.20GHz
AMSCommonsI-I-ComputerEvaluatedAsMips 3511
AMS Software version v5.02/1220/12 built Fri Apr 19 23:54:38 2019

Geant4  Version 1033
Run ID: 310 Bartel: 71
Input Destination: /eos/ams/user/s/selu/mdst/He122/mdst_60441850.root
Output Destination: /afs/cern.ch/work/c/ctuysuz/private/he_flux/LSF/result_mc_time/time_71/he_flux_71_310.root
Add hist00 from /eos/ams/user/s/selu/mdst/He122/mdst_60441850.root
Start of Init
Use new binning
Start of Eventloop
Ntr, Nent= 1 436627
IsMC= 1
Parameter[0] = -2.54894
Parameter[1] = -2.98273
Parameter[2] = -3.58454
Parameter[3] = -5.47731
Parameter[4] = 0.0989745
Parameter[5] = -2.00648
mdfil_info:  10.0%   18 sec CPU:  10.2%
mdfil_info:  20.0%   24 sec CPU:  14.6%
mdfil_info:  30.0%   30 sec CPU:  17.1%
mdfil_info:  40.0%   36 sec CPU:  19.1%
mdfil_info:  50.0%   41 sec CPU:  20.6%
mdfil_info:  60.0%   47 sec CPU:  21.1%
mdfil_info:  70.0%   53 sec CPU:  21.8%
mdfil_info:  80.0%   59 sec CPU:  22.3%
mdfil_info:  90.0%   64 sec CPU:  23.1%
mdfil_info: 100.0%   71 sec CPU:  23.5%
mdfil_info: 100.0%   71 sec CPU:  23.5%
39895
AMSCommonsI-I-HardwareIdentifiedAs Linux 3.10.0-957.10.1.el7.x86_64 x86_64 2
AMSCommonsI-I-Identified as LittleEndian 64 bit machine. 4294967295
AMSCommonsI-I-amsdatabase /cvmfs/ams.cern.ch/Offline/AMSDataDir/DataBase/
AMSCommonsI-I-MipsFromCPUInfo: 2194.92
AMSCommonsI-I-SystemIdentified as  Intel(R) Xeon(R) CPU E5-2630 v4 @ 2.20GHz
AMSCommonsI-I-ComputerEvaluatedAsMips 3511
AMS Software version v5.02/1220/12 built Fri Apr 19 23:54:38 2019

Geant4  Version 1033
Run ID: 492 Bartel: 44
Input Destination: /eos/ams/user/s/selu/mdst/He314/mdst_120929893.root
Output Destination: /afs/cern.ch/work/c/ctuysuz/private/he_flux/LSF/result_mc_time/time_44/he_flux_44_492.root
Add hist00 from /eos/ams/user/s/selu/mdst/He314/mdst_120929893.root
Start of Init
Use new binning
Start of Eventloop
Ntr, Nent= 1 122475
IsMC= 1
Parameter[0] = -2.74861
Parameter[1] = -3.04436
Parameter[2] = -3.60474
Parameter[3] = -5.57371
Parameter[4] = 0.412165
Parameter[5] = -2.55999
mdfil_info:  10.0%    1 sec CPU:  71.6%
mdfil_info:  20.0%    1 sec CPU:  72.1%
mdfil_info:  30.0%    2 sec CPU:  73.9%
mdfil_info:  40.0%    3 sec CPU:  76.4%
mdfil_info:  50.0%    3 sec CPU:  78.9%
mdfil_info:  60.0%    4 sec CPU:  80.2%
mdfil_info:  70.0%    4 sec CPU:  81.3%
mdfil_info:  80.0%    5 sec CPU:  82.3%
mdfil_info:  90.0%    5 sec CPU:  83.0%
mdfil_info: 100.0%    6 sec CPU:  83.6%
mdfil_info: 100.0%    6 sec CPU:  83.6%
