WARN: the 'eosmount' alias is deprecated, please use /eos directly
License ports: 28518@lxlicen01.cern.ch,28518@lxlicen02.cern.ch,28518@lxlicen03.cern.ch:/cvmfs/projects.cern.ch/intelsw/psxe/linux/licenses
Intel(R) Parallel Studio XE 2018 Update 2 for Linux*
Copyright (C) 2009-2018 Intel Corporation. All rights reserved.
14065
AMSCommonsI-I-HardwareIdentifiedAs Linux 3.10.0-957.10.1.el7.x86_64 x86_64 2
AMSCommonsI-I-Identified as LittleEndian 64 bit machine. 4294967295
AMSCommonsI-I-amsdatabase /cvmfs/ams.cern.ch/Offline/AMSDataDir/DataBase/
AMSCommonsI-I-MipsFromCPUInfo: 2194.92
AMSCommonsI-I-SystemIdentified as  Intel(R) Xeon(R) CPU E5-2630 v4 @ 2.20GHz
AMSCommonsI-I-ComputerEvaluatedAsMips 3511
AMS Software version v5.02/1220/12 built Fri Apr 19 23:54:38 2019

Geant4  Version 1033
Run ID: 173 Bartel: 53
Input Destination: /eos/ams/user/s/selu/mdst/He122/mdst_60441713.root
Output Destination: /afs/cern.ch/work/c/ctuysuz/private/he_flux/LSF/result_mc_time/time_53/he_flux_53_173.root
Add hist00 from /eos/ams/user/s/selu/mdst/He122/mdst_60441713.root
Start of Init
Use new binning
Start of Eventloop
Ntr, Nent= 1 435966
IsMC= 1
Parameter[0] = -2.79614
Parameter[1] = -3.0736
Parameter[2] = -3.62637
Parameter[3] = -5.54999
Parameter[4] = 0.554084
Parameter[5] = -2.43435
mdfil_info:  10.0%   18 sec CPU:  12.6%
mdfil_info:  20.0%   26 sec CPU:  16.4%
mdfil_info:  30.0%   40 sec CPU:  16.0%
mdfil_info:  40.0%   51 sec CPU:  16.4%
mdfil_info:  50.0%   59 sec CPU:  17.9%
mdfil_info:  60.0%   66 sec CPU:  19.2%
mdfil_info:  70.0%   79 sec CPU:  18.7%
mdfil_info:  80.0%   88 sec CPU:  19.2%
mdfil_info:  90.0%   95 sec CPU:  19.8%
mdfil_info: 100.0%  103 sec CPU:  20.3%
mdfil_info: 100.0%  103 sec CPU:  20.3%
28780
AMSCommonsI-I-HardwareIdentifiedAs Linux 3.10.0-957.10.1.el7.x86_64 x86_64 2
AMSCommonsI-I-Identified as LittleEndian 64 bit machine. 4294967295
AMSCommonsI-I-amsdatabase /cvmfs/ams.cern.ch/Offline/AMSDataDir/DataBase/
AMSCommonsI-I-MipsFromCPUInfo: 2194.92
AMSCommonsI-I-SystemIdentified as  Intel(R) Xeon(R) CPU E5-2630 v4 @ 2.20GHz
AMSCommonsI-I-ComputerEvaluatedAsMips 3511
AMS Software version v5.02/1220/12 built Fri Apr 19 23:54:38 2019

Geant4  Version 1033
Run ID: 355 Bartel: 26
Input Destination: /eos/ams/user/s/selu/mdst/He122/mdst_60442243.root
Output Destination: /afs/cern.ch/work/c/ctuysuz/private/he_flux/LSF/result_mc_time/time_26/he_flux_26_355.root
Add hist00 from /eos/ams/user/s/selu/mdst/He122/mdst_60442243.root
Start of Init
Use new binning
Start of Eventloop
Ntr, Nent= 1 435747
IsMC= 1
Parameter[0] = -2.69537
Parameter[1] = -3.03409
Parameter[2] = -3.6054
Parameter[3] = -5.53507
Parameter[4] = 0.209297
Parameter[5] = -2.37536
mdfil_info:  10.0%   18 sec CPU:  12.1%
mdfil_info:  20.0%   36 sec CPU:  12.0%
mdfil_info:  30.0%   47 sec CPU:  13.6%
mdfil_info:  40.0%   53 sec CPU:  15.8%
mdfil_info:  50.0%   62 sec CPU:  17.0%
mdfil_info:  60.0%   71 sec CPU:  17.8%
mdfil_info:  70.0%   84 sec CPU:  17.7%
mdfil_info:  80.0%   96 sec CPU:  17.6%
mdfil_info:  90.0%  107 sec CPU:  17.9%
mdfil_info: 100.0%  113 sec CPU:  18.8%
mdfil_info: 100.0%  113 sec CPU:  18.8%
43495
AMSCommonsI-I-HardwareIdentifiedAs Linux 3.10.0-957.10.1.el7.x86_64 x86_64 2
AMSCommonsI-I-Identified as LittleEndian 64 bit machine. 4294967295
AMSCommonsI-I-amsdatabase /cvmfs/ams.cern.ch/Offline/AMSDataDir/DataBase/
AMSCommonsI-I-MipsFromCPUInfo: 2194.92
AMSCommonsI-I-SystemIdentified as  Intel(R) Xeon(R) CPU E5-2630 v4 @ 2.20GHz
AMSCommonsI-I-ComputerEvaluatedAsMips 3511
AMS Software version v5.02/1220/12 built Fri Apr 19 23:54:38 2019

Geant4  Version 1033
Run ID: 536 Bartel: 80
Input Destination: /eos/ams/user/s/selu/mdst/He314/mdst_120929941.root
Output Destination: /afs/cern.ch/work/c/ctuysuz/private/he_flux/LSF/result_mc_time/time_80/he_flux_80_536.root
Add hist00 from /eos/ams/user/s/selu/mdst/He314/mdst_120929941.root
Start of Init
Use new binning
Start of Eventloop
Ntr, Nent= 1 122511
IsMC= 1
Parameter[0] = -2.47357
Parameter[1] = -2.95263
Parameter[2] = -3.57222
Parameter[3] = -5.51993
Parameter[4] = -0.016679
Parameter[5] = -2.31576
mdfil_info:  10.0%    6 sec CPU:  11.3%
mdfil_info:  20.0%   11 sec CPU:  11.7%
mdfil_info:  30.0%   16 sec CPU:  12.6%
mdfil_info:  40.0%   18 sec CPU:  15.0%
mdfil_info:  50.0%   19 sec CPU:  17.1%
mdfil_info:  60.0%   20 sec CPU:  19.0%
mdfil_info:  70.0%   22 sec CPU:  20.7%
mdfil_info:  80.0%   23 sec CPU:  22.2%
mdfil_info:  90.0%   25 sec CPU:  23.4%
mdfil_info: 100.0%   26 sec CPU:  24.2%
mdfil_info: 100.0%   26 sec CPU:  24.2%
