WARN: the 'eosmount' alias is deprecated, please use /eos directly
License ports: 28518@lxlicen01.cern.ch,28518@lxlicen02.cern.ch,28518@lxlicen03.cern.ch:/cvmfs/projects.cern.ch/intelsw/psxe/linux/licenses
Intel(R) Parallel Studio XE 2018 Update 2 for Linux*
Copyright (C) 2009-2018 Intel Corporation. All rights reserved.
7009
AMSCommonsI-I-HardwareIdentifiedAs Linux 3.10.0-957.12.2.el7.x86_64 x86_64 2
AMSCommonsI-I-Identified as LittleEndian 64 bit machine. 4294967295
AMSCommonsI-I-amsdatabase /cvmfs/ams.cern.ch/Offline/AMSDataDir/DataBase/
AMSCommonsI-I-MipsFromCPUInfo: 2394.45
AMSCommonsI-I-SystemIdentified as  Intel(R) Xeon(R) CPU E5-2630 v3 @ 2.40GHz
AMSCommonsI-I-ComputerEvaluatedAsMips 3831
AMS Software version v5.02/1220/12 built Fri Apr 19 23:54:38 2019

Geant4  Version 1033
Run ID: 86 Bartel: 44
Input Destination: /eos/ams/user/s/selu/mdst/He122/mdst_60441626.root
Output Destination: /afs/cern.ch/work/c/ctuysuz/private/he_flux/LSF/result_mc_time/time_44/he_flux_44_86.root
Add hist00 from /eos/ams/user/s/selu/mdst/He122/mdst_60441626.root
Start of Init
Use new binning
Start of Eventloop
Ntr, Nent= 1 442014
IsMC= 1
Parameter[0] = -2.74861
Parameter[1] = -3.04436
Parameter[2] = -3.60474
Parameter[3] = -5.57371
Parameter[4] = 0.412165
Parameter[5] = -2.55999
mdfil_info:  10.0%   15 sec CPU:  13.2%
mdfil_info:  20.0%   20 sec CPU:  19.3%
mdfil_info:  30.0%   25 sec CPU:  22.7%
mdfil_info:  40.0%   30 sec CPU:  24.9%
mdfil_info:  50.0%   35 sec CPU:  26.2%
mdfil_info:  60.0%   40 sec CPU:  27.5%
mdfil_info:  70.0%   45 sec CPU:  28.5%
mdfil_info:  80.0%   50 sec CPU:  29.1%
mdfil_info:  90.0%   55 sec CPU:  29.6%
mdfil_info: 100.0%   60 sec CPU:  30.1%
mdfil_info: 100.0%   60 sec CPU:  30.1%
21724
AMSCommonsI-I-HardwareIdentifiedAs Linux 3.10.0-957.12.2.el7.x86_64 x86_64 2
AMSCommonsI-I-Identified as LittleEndian 64 bit machine. 4294967295
AMSCommonsI-I-amsdatabase /cvmfs/ams.cern.ch/Offline/AMSDataDir/DataBase/
AMSCommonsI-I-MipsFromCPUInfo: 2394.45
AMSCommonsI-I-SystemIdentified as  Intel(R) Xeon(R) CPU E5-2630 v3 @ 2.40GHz
AMSCommonsI-I-ComputerEvaluatedAsMips 3831
AMS Software version v5.02/1220/12 built Fri Apr 19 23:54:38 2019

Geant4  Version 1033
Run ID: 268 Bartel: 17
Input Destination: /eos/ams/user/s/selu/mdst/He122/mdst_60441808.root
Output Destination: /afs/cern.ch/work/c/ctuysuz/private/he_flux/LSF/result_mc_time/time_17/he_flux_17_268.root
Add hist00 from /eos/ams/user/s/selu/mdst/He122/mdst_60441808.root
Start of Init
Use new binning
Start of Eventloop
Ntr, Nent= 1 423249
IsMC= 1
Parameter[0] = -2.73465
Parameter[1] = -3.05909
Parameter[2] = -3.61586
Parameter[3] = -5.54961
Parameter[4] = 0.318406
Parameter[5] = -2.36477
mdfil_info:  10.0%   15 sec CPU:  12.8%
mdfil_info:  20.0%   20 sec CPU:  18.1%
mdfil_info:  30.0%   25 sec CPU:  21.1%
mdfil_info:  40.0%   30 sec CPU:  22.9%
mdfil_info:  50.0%   35 sec CPU:  24.6%
mdfil_info:  60.0%   40 sec CPU:  25.9%
mdfil_info:  70.0%   45 sec CPU:  26.8%
mdfil_info:  80.0%   50 sec CPU:  27.7%
mdfil_info:  90.0%   55 sec CPU:  28.3%
mdfil_info: 100.0%   60 sec CPU:  28.9%
mdfil_info: 100.0%   60 sec CPU:  28.9%
36439
AMSCommonsI-I-HardwareIdentifiedAs Linux 3.10.0-957.12.2.el7.x86_64 x86_64 2
AMSCommonsI-I-Identified as LittleEndian 64 bit machine. 4294967295
AMSCommonsI-I-amsdatabase /cvmfs/ams.cern.ch/Offline/AMSDataDir/DataBase/
AMSCommonsI-I-MipsFromCPUInfo: 2394.45
AMSCommonsI-I-SystemIdentified as  Intel(R) Xeon(R) CPU E5-2630 v3 @ 2.40GHz
AMSCommonsI-I-ComputerEvaluatedAsMips 3831
AMS Software version v5.02/1220/12 built Fri Apr 19 23:54:38 2019

Geant4  Version 1033
Run ID: 449 Bartel: 71
Input Destination: /eos/ams/user/s/selu/mdst/He314/mdst_120929849.root
Output Destination: /afs/cern.ch/work/c/ctuysuz/private/he_flux/LSF/result_mc_time/time_71/he_flux_71_449.root
Add hist00 from /eos/ams/user/s/selu/mdst/He314/mdst_120929849.root
Start of Init
Use new binning
Start of Eventloop
Ntr, Nent= 1 49077
IsMC= 1
Parameter[0] = -2.54894
Parameter[1] = -2.98273
Parameter[2] = -3.58454
Parameter[3] = -5.47731
Parameter[4] = 0.0989745
Parameter[5] = -2.00648
mdfil_info:  10.0%    0 sec CPU:  86.7%
mdfil_info:  20.0%    0 sec CPU:  86.9%
mdfil_info:  30.0%    1 sec CPU:  83.7%
mdfil_info:  40.0%    1 sec CPU:  86.0%
mdfil_info:  50.0%    1 sec CPU:  87.3%
mdfil_info:  60.0%    1 sec CPU:  86.9%
mdfil_info:  70.0%    2 sec CPU:  85.9%
mdfil_info:  80.0%    2 sec CPU:  86.9%
mdfil_info:  90.0%    2 sec CPU:  87.4%
mdfil_info: 100.0%    2 sec CPU:  88.0%
mdfil_info: 100.0%    2 sec CPU:  88.0%
