WARN: the 'eosmount' alias is deprecated, please use /eos directly
License ports: 28518@lxlicen01.cern.ch,28518@lxlicen02.cern.ch,28518@lxlicen03.cern.ch:/cvmfs/projects.cern.ch/intelsw/psxe/linux/licenses
Intel(R) Parallel Studio XE 2018 Update 2 for Linux*
Copyright (C) 2009-2018 Intel Corporation. All rights reserved.
14068
AMSCommonsI-I-HardwareIdentifiedAs Linux 3.10.0-957.10.1.el7.x86_64 x86_64 2
AMSCommonsI-I-Identified as LittleEndian 64 bit machine. 4294967295
AMSCommonsI-I-amsdatabase /cvmfs/ams.cern.ch/Offline/AMSDataDir/DataBase/
AMSCommonsI-I-MipsFromCPUInfo: 2194.92
AMSCommonsI-I-SystemIdentified as  Intel(R) Xeon(R) CPU E5-2630 v4 @ 2.20GHz
AMSCommonsI-I-ComputerEvaluatedAsMips 3511
AMS Software version v5.02/1220/12 built Fri Apr 19 23:54:38 2019

Geant4  Version 1033
Run ID: 173 Bartel: 56
Input Destination: /eos/ams/user/s/selu/mdst/He122/mdst_60441713.root
Output Destination: /afs/cern.ch/work/c/ctuysuz/private/he_flux/LSF/result_mc_time/time_56/he_flux_56_173.root
Add hist00 from /eos/ams/user/s/selu/mdst/He122/mdst_60441713.root
Start of Init
Use new binning
Start of Eventloop
Ntr, Nent= 1 435966
IsMC= 1
Parameter[0] = -2.72531
Parameter[1] = -3.04724
Parameter[2] = -3.61961
Parameter[3] = -5.54865
Parameter[4] = 0.293124
Parameter[5] = -2.44228
mdfil_info:  10.0%   18 sec CPU:  13.2%
mdfil_info:  20.0%   29 sec CPU:  15.6%
mdfil_info:  30.0%   40 sec CPU:  16.6%
mdfil_info:  40.0%   53 sec CPU:  16.7%
mdfil_info:  50.0%   62 sec CPU:  17.8%
mdfil_info:  60.0%   74 sec CPU:  17.9%
mdfil_info:  70.0%   83 sec CPU:  18.6%
mdfil_info:  80.0%   91 sec CPU:  19.3%
mdfil_info:  90.0%  100 sec CPU:  19.7%
mdfil_info: 100.0%  114 sec CPU:  19.2%
mdfil_info: 100.0%  114 sec CPU:  19.2%
28783
AMSCommonsI-I-HardwareIdentifiedAs Linux 3.10.0-957.10.1.el7.x86_64 x86_64 2
AMSCommonsI-I-Identified as LittleEndian 64 bit machine. 4294967295
AMSCommonsI-I-amsdatabase /cvmfs/ams.cern.ch/Offline/AMSDataDir/DataBase/
AMSCommonsI-I-MipsFromCPUInfo: 2194.92
AMSCommonsI-I-SystemIdentified as  Intel(R) Xeon(R) CPU E5-2630 v4 @ 2.20GHz
AMSCommonsI-I-ComputerEvaluatedAsMips 3511
AMS Software version v5.02/1220/12 built Fri Apr 19 23:54:38 2019

Geant4  Version 1033
Run ID: 355 Bartel: 29
Input Destination: /eos/ams/user/s/selu/mdst/He122/mdst_60442243.root
Output Destination: /afs/cern.ch/work/c/ctuysuz/private/he_flux/LSF/result_mc_time/time_29/he_flux_29_355.root
Add hist00 from /eos/ams/user/s/selu/mdst/He122/mdst_60442243.root
Start of Init
Use new binning
Start of Eventloop
Ntr, Nent= 1 435747
IsMC= 1
Parameter[0] = -2.79936
Parameter[1] = -3.07658
Parameter[2] = -3.62788
Parameter[3] = -5.57562
Parameter[4] = 0.497287
Parameter[5] = -2.44847
mdfil_info:  10.0%   19 sec CPU:  12.7%
mdfil_info:  20.0%   29 sec CPU:  15.6%
mdfil_info:  30.0%   43 sec CPU:  15.9%
mdfil_info:  40.0%   50 sec CPU:  18.0%
mdfil_info:  50.0%   57 sec CPU:  19.8%
mdfil_info:  60.0%   69 sec CPU:  19.4%
mdfil_info:  70.0%   76 sec CPU:  20.6%
mdfil_info:  80.0%   82 sec CPU:  21.8%
mdfil_info:  90.0%   88 sec CPU:  22.7%
mdfil_info: 100.0%   94 sec CPU:  23.6%
mdfil_info: 100.0%   94 sec CPU:  23.6%
43498
AMSCommonsI-I-HardwareIdentifiedAs Linux 3.10.0-957.10.1.el7.x86_64 x86_64 2
AMSCommonsI-I-Identified as LittleEndian 64 bit machine. 4294967295
AMSCommonsI-I-amsdatabase /cvmfs/ams.cern.ch/Offline/AMSDataDir/DataBase/
AMSCommonsI-I-MipsFromCPUInfo: 2194.92
AMSCommonsI-I-SystemIdentified as  Intel(R) Xeon(R) CPU E5-2630 v4 @ 2.20GHz
AMSCommonsI-I-ComputerEvaluatedAsMips 3511
AMS Software version v5.02/1220/12 built Fri Apr 19 23:54:38 2019

Geant4  Version 1033
Run ID: 537 Bartel: 2
Input Destination: /eos/ams/user/s/selu/mdst/He314/mdst_120929942.root
Output Destination: /afs/cern.ch/work/c/ctuysuz/private/he_flux/LSF/result_mc_time/time_2/he_flux_2_537.root
Add hist00 from /eos/ams/user/s/selu/mdst/He314/mdst_120929942.root
Start of Init
Use new binning
Start of Eventloop
Ntr, Nent= 1 86076
IsMC= 1
Parameter[0] = -2.61736
Parameter[1] = -2.93157
Parameter[2] = -3.51989
Parameter[3] = -5.49278
Parameter[4] = 0.444434
Parameter[5] = -2.60596
mdfil_info:  10.0%    1 sec CPU:  69.7%
mdfil_info:  20.0%    1 sec CPU:  71.9%
mdfil_info:  30.0%    2 sec CPU:  73.9%
mdfil_info:  40.0%    2 sec CPU:  74.7%
mdfil_info:  50.0%    3 sec CPU:  76.3%
mdfil_info:  60.0%    3 sec CPU:  78.6%
mdfil_info:  70.0%    4 sec CPU:  79.8%
mdfil_info:  80.0%    4 sec CPU:  81.2%
mdfil_info:  90.0%    5 sec CPU:  82.1%
mdfil_info: 100.0%    5 sec CPU:  83.0%
mdfil_info: 100.0%    5 sec CPU:  83.0%
