WARN: the 'eosmount' alias is deprecated, please use /eos directly
License ports: 28518@lxlicen01.cern.ch,28518@lxlicen02.cern.ch,28518@lxlicen03.cern.ch:/cvmfs/projects.cern.ch/intelsw/psxe/linux/licenses
Intel(R) Parallel Studio XE 2018 Update 2 for Linux*
Copyright (C) 2009-2018 Intel Corporation. All rights reserved.
7047
AMSCommonsI-I-HardwareIdentifiedAs Linux 3.10.0-957.12.1.el7.x86_64 x86_64 2
AMSCommonsI-I-Identified as LittleEndian 64 bit machine. 4294967295
AMSCommonsI-I-amsdatabase /cvmfs/ams.cern.ch/Offline/AMSDataDir/DataBase/
AMSCommonsI-I-MipsFromCPUInfo: 2394.45
AMSCommonsI-I-SystemIdentified as  Intel(R) Xeon(R) CPU E5-2630 v3 @ 2.40GHz
AMSCommonsI-I-ComputerEvaluatedAsMips 3831
AMS Software version v5.02/1220/12 built Fri Apr 19 23:54:38 2019

Geant4  Version 1033
Run ID: 87 Bartel: 1
Input Destination: /eos/ams/user/s/selu/mdst/He122/mdst_60441627.root
Output Destination: /afs/cern.ch/work/c/ctuysuz/private/he_flux/LSF/result_mc_time/time_1/he_flux_1_87.root
Add hist00 from /eos/ams/user/s/selu/mdst/He122/mdst_60441627.root
Start of Init
Use new binning
Start of Eventloop
Ntr, Nent= 1 438409
IsMC= 1
Parameter[0] = -2.47751
Parameter[1] = -2.72369
Parameter[2] = -3.30093
Parameter[3] = -5.32428
Parameter[4] = 0.816566
Parameter[5] = -2.78591
mdfil_info:  10.0%   18 sec CPU:  10.6%
mdfil_info:  20.0%   23 sec CPU:  15.8%
mdfil_info:  30.0%   28 sec CPU:  19.2%
mdfil_info:  40.0%   33 sec CPU:  21.3%
mdfil_info:  50.0%   38 sec CPU:  22.8%
mdfil_info:  60.0%   44 sec CPU:  24.0%
mdfil_info:  70.0%   49 sec CPU:  25.2%
mdfil_info:  80.0%   54 sec CPU:  26.0%
mdfil_info:  90.0%   60 sec CPU:  26.7%
mdfil_info: 100.0%   66 sec CPU:  26.7%
mdfil_info: 100.0%   66 sec CPU:  26.7%
21762
AMSCommonsI-I-HardwareIdentifiedAs Linux 3.10.0-957.12.1.el7.x86_64 x86_64 2
AMSCommonsI-I-Identified as LittleEndian 64 bit machine. 4294967295
AMSCommonsI-I-amsdatabase /cvmfs/ams.cern.ch/Offline/AMSDataDir/DataBase/
AMSCommonsI-I-MipsFromCPUInfo: 2394.45
AMSCommonsI-I-SystemIdentified as  Intel(R) Xeon(R) CPU E5-2630 v3 @ 2.40GHz
AMSCommonsI-I-ComputerEvaluatedAsMips 3831
AMS Software version v5.02/1220/12 built Fri Apr 19 23:54:38 2019

Geant4  Version 1033
Run ID: 268 Bartel: 55
Input Destination: /eos/ams/user/s/selu/mdst/He122/mdst_60441808.root
Output Destination: /afs/cern.ch/work/c/ctuysuz/private/he_flux/LSF/result_mc_time/time_55/he_flux_55_268.root
Add hist00 from /eos/ams/user/s/selu/mdst/He122/mdst_60441808.root
Start of Init
Use new binning
Start of Eventloop
Ntr, Nent= 1 423249
IsMC= 1
Parameter[0] = -2.74163
Parameter[1] = -3.05076
Parameter[2] = -3.61683
Parameter[3] = -5.57138
Parameter[4] = 0.434624
Parameter[5] = -2.47013
mdfil_info:  10.0%   15 sec CPU:  12.4%
mdfil_info:  20.0%   19 sec CPU:  18.0%
mdfil_info:  30.0%   24 sec CPU:  21.5%
mdfil_info:  40.0%   29 sec CPU:  23.9%
mdfil_info:  50.0%   33 sec CPU:  25.3%
mdfil_info:  60.0%   39 sec CPU:  25.9%
mdfil_info:  70.0%   43 sec CPU:  27.0%
mdfil_info:  80.0%   48 sec CPU:  27.7%
mdfil_info:  90.0%   52 sec CPU:  28.4%
mdfil_info: 100.0%   57 sec CPU:  28.8%
mdfil_info: 100.0%   57 sec CPU:  28.8%
36477
AMSCommonsI-I-HardwareIdentifiedAs Linux 3.10.0-957.12.1.el7.x86_64 x86_64 2
AMSCommonsI-I-Identified as LittleEndian 64 bit machine. 4294967295
AMSCommonsI-I-amsdatabase /cvmfs/ams.cern.ch/Offline/AMSDataDir/DataBase/
AMSCommonsI-I-MipsFromCPUInfo: 2394.45
AMSCommonsI-I-SystemIdentified as  Intel(R) Xeon(R) CPU E5-2630 v3 @ 2.40GHz
AMSCommonsI-I-ComputerEvaluatedAsMips 3831
AMS Software version v5.02/1220/12 built Fri Apr 19 23:54:38 2019

Geant4  Version 1033
Run ID: 450 Bartel: 28
Input Destination: /eos/ams/user/s/selu/mdst/He314/mdst_120929850.root
Output Destination: /afs/cern.ch/work/c/ctuysuz/private/he_flux/LSF/result_mc_time/time_28/he_flux_28_450.root
Add hist00 from /eos/ams/user/s/selu/mdst/He314/mdst_120929850.root
Start of Init
Use new binning
Start of Eventloop
Ntr, Nent= 1 122620
IsMC= 1
Parameter[0] = -2.78708
Parameter[1] = -3.08521
Parameter[2] = -3.63404
Parameter[3] = -5.57737
Parameter[4] = 0.368582
Parameter[5] = -2.54212
mdfil_info:  10.0%    6 sec CPU:   9.1%
mdfil_info:  20.0%   11 sec CPU:   9.4%
mdfil_info:  30.0%   16 sec CPU:   9.9%
mdfil_info:  40.0%   17 sec CPU:  12.1%
mdfil_info:  50.0%   18 sec CPU:  13.8%
mdfil_info:  60.0%   20 sec CPU:  14.8%
mdfil_info:  70.0%   21 sec CPU:  16.1%
mdfil_info:  80.0%   23 sec CPU:  17.1%
mdfil_info:  90.0%   24 sec CPU:  17.8%
mdfil_info: 100.0%   26 sec CPU:  18.5%
