WARN: the 'eosmount' alias is deprecated, please use /eos directly
License ports: 28518@lxlicen01.cern.ch,28518@lxlicen02.cern.ch,28518@lxlicen03.cern.ch:/cvmfs/projects.cern.ch/intelsw/psxe/linux/licenses
Intel(R) Parallel Studio XE 2018 Update 2 for Linux*
Copyright (C) 2009-2018 Intel Corporation. All rights reserved.
12239
AMSCommonsI-I-HardwareIdentifiedAs Linux 3.10.0-957.12.1.el7.x86_64 x86_64 2
AMSCommonsI-I-Identified as LittleEndian 64 bit machine. 4294967295
AMSCommonsI-I-amsdatabase /cvmfs/ams.cern.ch/Offline/AMSDataDir/DataBase/
AMSCommonsI-I-MipsFromCPUInfo: 2394.45
AMSCommonsI-I-SystemIdentified as  Intel Core Processor (Haswell, no TSX, IBRS)
AMSCommonsI-I-ComputerEvaluatedAsMips 3591
AMS Software version v5.02/1220/12 built Fri Apr 19 23:54:38 2019

Geant4  Version 1033
Run ID: 151 Bartel: 9
Input Destination: /eos/ams/user/s/selu/mdst/He122/mdst_60441691.root
Output Destination: /afs/cern.ch/work/c/ctuysuz/private/he_flux/LSF/result_mc_time/time_9/he_flux_9_151.root
Add hist00 from /eos/ams/user/s/selu/mdst/He122/mdst_60441691.root
Start of Init
Use new binning
Start of Eventloop
Ntr, Nent= 1 436545
IsMC= 1
Parameter[0] = -2.5816
Parameter[1] = -2.99063
Parameter[2] = -3.57962
Parameter[3] = -5.50019
Parameter[4] = 0.0791501
Parameter[5] = -2.253
mdfil_info:  10.0%    4 sec CPU:  50.1%
mdfil_info:  20.0%    7 sec CPU:  52.9%
mdfil_info:  30.0%   10 sec CPU:  52.8%
mdfil_info:  40.0%   13 sec CPU:  54.1%
mdfil_info:  50.0%   15 sec CPU:  55.0%
mdfil_info:  60.0%   17 sec CPU:  58.3%
mdfil_info:  70.0%   19 sec CPU:  61.1%
mdfil_info:  80.0%   21 sec CPU:  63.4%
mdfil_info:  90.0%   23 sec CPU:  65.4%
mdfil_info: 100.0%   25 sec CPU:  67.1%
mdfil_info: 100.0%   25 sec CPU:  67.1%
26954
AMSCommonsI-I-HardwareIdentifiedAs Linux 3.10.0-957.12.1.el7.x86_64 x86_64 2
AMSCommonsI-I-Identified as LittleEndian 64 bit machine. 4294967295
AMSCommonsI-I-amsdatabase /cvmfs/ams.cern.ch/Offline/AMSDataDir/DataBase/
AMSCommonsI-I-MipsFromCPUInfo: 2394.45
AMSCommonsI-I-SystemIdentified as  Intel Core Processor (Haswell, no TSX, IBRS)
AMSCommonsI-I-ComputerEvaluatedAsMips 3591
AMS Software version v5.02/1220/12 built Fri Apr 19 23:54:38 2019

Geant4  Version 1033
Run ID: 332 Bartel: 63
Input Destination: /eos/ams/user/s/selu/mdst/He122/mdst_60441872.root
Output Destination: /afs/cern.ch/work/c/ctuysuz/private/he_flux/LSF/result_mc_time/time_63/he_flux_63_332.root
Add hist00 from /eos/ams/user/s/selu/mdst/He122/mdst_60441872.root
Start of Init
Use new binning
Start of Eventloop
Ntr, Nent= 1 436384
IsMC= 1
Parameter[0] = -2.618
Parameter[1] = -3.00649
Parameter[2] = -3.59895
Parameter[3] = -5.51567
Parameter[4] = 0.0987089
Parameter[5] = -2.27434
mdfil_info:  10.0%    2 sec CPU:  79.2%
mdfil_info:  20.0%    4 sec CPU:  83.9%
mdfil_info:  30.0%    6 sec CPU:  85.2%
mdfil_info:  40.0%    8 sec CPU:  86.0%
mdfil_info:  50.0%    9 sec CPU:  86.8%
mdfil_info:  60.0%   11 sec CPU:  87.2%
mdfil_info:  70.0%   13 sec CPU:  87.5%
mdfil_info:  80.0%   15 sec CPU:  88.0%
mdfil_info:  90.0%   17 sec CPU:  88.2%
mdfil_info: 100.0%   18 sec CPU:  88.5%
mdfil_info: 100.0%   18 sec CPU:  88.5%
41669
AMSCommonsI-I-HardwareIdentifiedAs Linux 3.10.0-957.12.1.el7.x86_64 x86_64 2
AMSCommonsI-I-Identified as LittleEndian 64 bit machine. 4294967295
AMSCommonsI-I-amsdatabase /cvmfs/ams.cern.ch/Offline/AMSDataDir/DataBase/
AMSCommonsI-I-MipsFromCPUInfo: 2394.45
AMSCommonsI-I-SystemIdentified as  Intel Core Processor (Haswell, no TSX, IBRS)
AMSCommonsI-I-ComputerEvaluatedAsMips 3591
AMS Software version v5.02/1220/12 built Fri Apr 19 23:54:38 2019

Geant4  Version 1033
Run ID: 514 Bartel: 36
Input Destination: /eos/ams/user/s/selu/mdst/He314/mdst_120929915.root
Output Destination: /afs/cern.ch/work/c/ctuysuz/private/he_flux/LSF/result_mc_time/time_36/he_flux_36_514.root
Add hist00 from /eos/ams/user/s/selu/mdst/He314/mdst_120929915.root
Start of Init
Use new binning
Start of Eventloop
Ntr, Nent= 1 96519
IsMC= 1
Parameter[0] = -2.79557
Parameter[1] = -3.06246
Parameter[2] = -3.62389
Parameter[3] = -5.5927
Parameter[4] = 0.507214
Parameter[5] = -2.70126
mdfil_info:  10.0%    1 sec CPU:  77.7%
mdfil_info:  20.0%    1 sec CPU:  76.7%
mdfil_info:  30.0%    2 sec CPU:  78.3%
mdfil_info:  40.0%    2 sec CPU:  79.4%
mdfil_info:  50.0%    2 sec CPU:  80.5%
mdfil_info:  60.0%    3 sec CPU:  82.1%
mdfil_info:  70.0%    3 sec CPU:  83.4%
mdfil_info:  80.0%    4 sec CPU:  84.1%
mdfil_info:  90.0%    4 sec CPU:  85.0%
mdfil_info: 100.0%    4 sec CPU:  85.7%
mdfil_info: 100.0%    4 sec CPU:  85.7%
