WARN: the 'eosmount' alias is deprecated, please use /eos directly
License ports: 28518@lxlicen01.cern.ch,28518@lxlicen02.cern.ch,28518@lxlicen03.cern.ch:/cvmfs/projects.cern.ch/intelsw/psxe/linux/licenses
Intel(R) Parallel Studio XE 2018 Update 2 for Linux*
Copyright (C) 2009-2018 Intel Corporation. All rights reserved.
46
AMSCommonsI-I-HardwareIdentifiedAs Linux 3.10.0-957.10.1.el7.x86_64 x86_64 2
AMSCommonsI-I-Identified as LittleEndian 64 bit machine. 4294967295
AMSCommonsI-I-amsdatabase /cvmfs/ams.cern.ch/Offline/AMSDataDir/DataBase/
AMSCommonsI-I-MipsFromCPUInfo: 2195.1
AMSCommonsI-I-SystemIdentified as  Intel(R) Xeon(R) CPU E5-2630 v4 @ 2.20GHz
AMSCommonsI-I-ComputerEvaluatedAsMips 3512
AMS Software version v5.02/1220/12 built Fri Apr 19 23:54:38 2019

Geant4  Version 1033
Run ID: 0 Bartel: 47
14761
AMSCommonsI-I-HardwareIdentifiedAs Linux 3.10.0-957.10.1.el7.x86_64 x86_64 2
AMSCommonsI-I-Identified as LittleEndian 64 bit machine. 4294967295
AMSCommonsI-I-amsdatabase /cvmfs/ams.cern.ch/Offline/AMSDataDir/DataBase/
AMSCommonsI-I-MipsFromCPUInfo: 2195.1
AMSCommonsI-I-SystemIdentified as  Intel(R) Xeon(R) CPU E5-2630 v4 @ 2.20GHz
AMSCommonsI-I-ComputerEvaluatedAsMips 3512
AMS Software version v5.02/1220/12 built Fri Apr 19 23:54:38 2019

Geant4  Version 1033
Run ID: 182 Bartel: 20
Input Destination: /eos/ams/user/s/selu/mdst/He122/mdst_60441722.root
Output Destination: /afs/cern.ch/work/c/ctuysuz/private/he_flux/LSF/result_mc_time/time_20/he_flux_20_182.root
Add hist00 from /eos/ams/user/s/selu/mdst/He122/mdst_60441722.root
Start of Init
Use new binning
Start of Eventloop
Ntr, Nent= 1 438674
IsMC= 1
Parameter[0] = -2.70518
Parameter[1] = -3.02051
Parameter[2] = -3.58999
Parameter[3] = -5.56547
Parameter[4] = 0.334526
Parameter[5] = -2.62761
mdfil_info:  10.0%    8 sec CPU:  31.1%
mdfil_info:  20.0%   12 sec CPU:  37.6%
mdfil_info:  30.0%   16 sec CPU:  43.8%
mdfil_info:  40.0%   19 sec CPU:  46.9%
mdfil_info:  50.0%   23 sec CPU:  49.4%
mdfil_info:  60.0%   26 sec CPU:  51.9%
mdfil_info:  70.0%   29 sec CPU:  53.6%
mdfil_info:  80.0%   32 sec CPU:  55.0%
mdfil_info:  90.0%   35 sec CPU:  55.8%
mdfil_info: 100.0%   38 sec CPU:  57.1%
mdfil_info: 100.0%   38 sec CPU:  57.1%
29476
AMSCommonsI-I-HardwareIdentifiedAs Linux 3.10.0-957.10.1.el7.x86_64 x86_64 2
AMSCommonsI-I-Identified as LittleEndian 64 bit machine. 4294967295
AMSCommonsI-I-amsdatabase /cvmfs/ams.cern.ch/Offline/AMSDataDir/DataBase/
AMSCommonsI-I-MipsFromCPUInfo: 2195.1
AMSCommonsI-I-SystemIdentified as  Intel(R) Xeon(R) CPU E5-2630 v4 @ 2.20GHz
AMSCommonsI-I-ComputerEvaluatedAsMips 3512
AMS Software version v5.02/1220/12 built Fri Apr 19 23:54:38 2019

Geant4  Version 1033
Run ID: 363 Bartel: 74
Input Destination: /eos/ams/user/s/selu/mdst/He122/mdst_60442251.root
Output Destination: /afs/cern.ch/work/c/ctuysuz/private/he_flux/LSF/result_mc_time/time_74/he_flux_74_363.root
Add hist00 from /eos/ams/user/s/selu/mdst/He122/mdst_60442251.root
Start of Init
Use new binning
Start of Eventloop
Ntr, Nent= 1 433984
IsMC= 1
Parameter[0] = -2.51662
Parameter[1] = -2.96375
Parameter[2] = -3.57829
Parameter[3] = -5.45844
Parameter[4] = 0.103059
Parameter[5] = -1.93983
mdfil_info:  10.0%    7 sec CPU:  33.3%
mdfil_info:  20.0%   11 sec CPU:  43.4%
mdfil_info:  30.0%   14 sec CPU:  49.1%
mdfil_info:  40.0%   18 sec CPU:  52.1%
mdfil_info:  50.0%   21 sec CPU:  54.4%
mdfil_info:  60.0%   24 sec CPU:  56.5%
mdfil_info:  70.0%   28 sec CPU:  57.3%
mdfil_info:  80.0%   31 sec CPU:  58.1%
mdfil_info:  90.0%   35 sec CPU:  57.8%
mdfil_info: 100.0%   38 sec CPU:  58.7%
mdfil_info: 100.0%   38 sec CPU:  58.7%
