WARN: the 'eosmount' alias is deprecated, please use /eos directly
License ports: 28518@lxlicen01.cern.ch,28518@lxlicen02.cern.ch,28518@lxlicen03.cern.ch:/cvmfs/projects.cern.ch/intelsw/psxe/linux/licenses
Intel(R) Parallel Studio XE 2018 Update 2 for Linux*
Copyright (C) 2009-2018 Intel Corporation. All rights reserved.
5752
AMSCommonsI-I-HardwareIdentifiedAs Linux 3.10.0-957.10.1.el7.x86_64 x86_64 2
AMSCommonsI-I-Identified as LittleEndian 64 bit machine. 4294967295
AMSCommonsI-I-amsdatabase /cvmfs/ams.cern.ch/Offline/AMSDataDir/DataBase/
AMSCommonsI-I-MipsFromCPUInfo: 2194.92
AMSCommonsI-I-SystemIdentified as  Intel(R) Xeon(R) CPU E5-2630 v4 @ 2.20GHz
AMSCommonsI-I-ComputerEvaluatedAsMips 3511
AMS Software version v5.02/1220/12 built Fri Apr 19 23:54:38 2019

Geant4  Version 1033
Run ID: 71 Bartel: 2
Input Destination: /eos/ams/user/s/selu/mdst/He122/mdst_60441611.root
Output Destination: /afs/cern.ch/work/c/ctuysuz/private/he_flux/LSF/result_mc_time/time_2/he_flux_2_71.root
Add hist00 from /eos/ams/user/s/selu/mdst/He122/mdst_60441611.root
Start of Init
Use new binning
Start of Eventloop
Ntr, Nent= 1 435228
IsMC= 1
Parameter[0] = -2.61736
Parameter[1] = -2.93157
Parameter[2] = -3.51989
Parameter[3] = -5.49278
Parameter[4] = 0.444434
Parameter[5] = -2.60596
mdfil_info:  10.0%   21 sec CPU:  10.6%
mdfil_info:  20.0%   32 sec CPU:  13.6%
mdfil_info:  30.0%   41 sec CPU:  15.5%
mdfil_info:  40.0%   57 sec CPU:  14.9%
mdfil_info:  50.0%   71 sec CPU:  14.8%
mdfil_info:  60.0%   80 sec CPU:  15.8%
mdfil_info:  70.0%   93 sec CPU:  15.9%
mdfil_info:  80.0%  101 sec CPU:  16.5%
mdfil_info:  90.0%  112 sec CPU:  16.7%
mdfil_info: 100.0%  121 sec CPU:  17.1%
mdfil_info: 100.0%  121 sec CPU:  17.1%
20467
AMSCommonsI-I-HardwareIdentifiedAs Linux 3.10.0-957.10.1.el7.x86_64 x86_64 2
AMSCommonsI-I-Identified as LittleEndian 64 bit machine. 4294967295
AMSCommonsI-I-amsdatabase /cvmfs/ams.cern.ch/Offline/AMSDataDir/DataBase/
AMSCommonsI-I-MipsFromCPUInfo: 2194.92
AMSCommonsI-I-SystemIdentified as  Intel(R) Xeon(R) CPU E5-2630 v4 @ 2.20GHz
AMSCommonsI-I-ComputerEvaluatedAsMips 3511
AMS Software version v5.02/1220/12 built Fri Apr 19 23:54:38 2019

Geant4  Version 1033
Run ID: 252 Bartel: 56
Input Destination: /eos/ams/user/s/selu/mdst/He122/mdst_60441792.root
Output Destination: /afs/cern.ch/work/c/ctuysuz/private/he_flux/LSF/result_mc_time/time_56/he_flux_56_252.root
Add hist00 from /eos/ams/user/s/selu/mdst/He122/mdst_60441792.root
Start of Init
Use new binning
Start of Eventloop
Ntr, Nent= 1 441182
IsMC= 1
Parameter[0] = -2.72531
Parameter[1] = -3.04724
Parameter[2] = -3.61961
Parameter[3] = -5.54865
Parameter[4] = 0.293124
Parameter[5] = -2.44228
mdfil_info:  10.0%    2 sec CPU: 100.1%
mdfil_info:  20.0%    4 sec CPU:  99.8%
mdfil_info:  30.0%    6 sec CPU: 100.0%
mdfil_info:  40.0%    8 sec CPU:  99.9%
mdfil_info:  50.0%    9 sec CPU: 100.0%
mdfil_info:  60.0%   11 sec CPU:  99.9%
mdfil_info:  70.0%   13 sec CPU: 100.0%
mdfil_info:  80.0%   15 sec CPU:  99.9%
mdfil_info:  90.0%   17 sec CPU:  99.9%
mdfil_info: 100.0%   19 sec CPU:  99.9%
mdfil_info: 100.0%   19 sec CPU:  99.9%
35182
AMSCommonsI-I-HardwareIdentifiedAs Linux 3.10.0-957.10.1.el7.x86_64 x86_64 2
AMSCommonsI-I-Identified as LittleEndian 64 bit machine. 4294967295
AMSCommonsI-I-amsdatabase /cvmfs/ams.cern.ch/Offline/AMSDataDir/DataBase/
AMSCommonsI-I-MipsFromCPUInfo: 2194.92
AMSCommonsI-I-SystemIdentified as  Intel(R) Xeon(R) CPU E5-2630 v4 @ 2.20GHz
AMSCommonsI-I-ComputerEvaluatedAsMips 3511
AMS Software version v5.02/1220/12 built Fri Apr 19 23:54:38 2019

Geant4  Version 1033
Run ID: 434 Bartel: 29
Input Destination: /eos/ams/user/s/selu/mdst/He122/mdst_60442322.root
Output Destination: /afs/cern.ch/work/c/ctuysuz/private/he_flux/LSF/result_mc_time/time_29/he_flux_29_434.root
Add hist00 from /eos/ams/user/s/selu/mdst/He122/mdst_60442322.root
Start of Init
Use new binning
Start of Eventloop
Ntr, Nent= 1 435575
IsMC= 1
Parameter[0] = -2.79936
Parameter[1] = -3.07658
Parameter[2] = -3.62788
Parameter[3] = -5.57562
Parameter[4] = 0.497287
Parameter[5] = -2.44847
mdfil_info:  10.0%    2 sec CPU: 100.1%
mdfil_info:  20.0%    4 sec CPU:  99.9%
mdfil_info:  30.0%    6 sec CPU:  99.9%
mdfil_info:  40.0%    8 sec CPU:  99.8%
mdfil_info:  50.0%   10 sec CPU: 100.0%
mdfil_info:  60.0%   12 sec CPU:  99.9%
mdfil_info:  70.0%   14 sec CPU:  99.8%
mdfil_info:  80.0%   17 sec CPU:  99.7%
mdfil_info:  90.0%   18 sec CPU:  99.7%
mdfil_info: 100.0%   20 sec CPU:  99.7%
mdfil_info: 100.0%   20 sec CPU:  99.7%
