WARN: the 'eosmount' alias is deprecated, please use /eos directly
License ports: 28518@lxlicen01.cern.ch,28518@lxlicen02.cern.ch,28518@lxlicen03.cern.ch:/cvmfs/projects.cern.ch/intelsw/psxe/linux/licenses
Intel(R) Parallel Studio XE 2018 Update 2 for Linux*
Copyright (C) 2009-2018 Intel Corporation. All rights reserved.
734
AMSCommonsI-I-HardwareIdentifiedAs Linux 3.10.0-957.10.1.el7.x86_64 x86_64 2
AMSCommonsI-I-Identified as LittleEndian 64 bit machine. 4294967295
AMSCommonsI-I-amsdatabase /cvmfs/ams.cern.ch/Offline/AMSDataDir/DataBase/
AMSCommonsI-I-MipsFromCPUInfo: 2194.92
AMSCommonsI-I-SystemIdentified as  Intel(R) Xeon(R) CPU E5-2630 v4 @ 2.20GHz
AMSCommonsI-I-ComputerEvaluatedAsMips 3511
AMS Software version v5.02/1220/12 built Fri Apr 19 23:54:38 2019

Geant4  Version 1033
Run ID: 9 Bartel: 6
Input Destination: /eos/ams/user/s/selu/mdst/He122/mdst_60441548.root
Output Destination: /afs/cern.ch/work/c/ctuysuz/private/he_flux/LSF/result_mc_time/time_6/he_flux_6_9.root
Add hist00 from /eos/ams/user/s/selu/mdst/He122/mdst_60441548.root
Start of Init
Use new binning
Start of Eventloop
Ntr, Nent= 1 442895
IsMC= 1
Parameter[0] = -2.65952
Parameter[1] = -3.04006
Parameter[2] = -3.62379
Parameter[3] = -5.53311
Parameter[4] = 0.0821767
Parameter[5] = -2.36872
mdfil_info:  10.0%    7 sec CPU:  29.8%
mdfil_info:  20.0%   14 sec CPU:  31.8%
mdfil_info:  30.0%   18 sec CPU:  35.1%
mdfil_info:  40.0%   21 sec CPU:  40.2%
mdfil_info:  50.0%   25 sec CPU:  43.1%
mdfil_info:  60.0%   28 sec CPU:  46.5%
mdfil_info:  70.0%   30 sec CPU:  49.5%
mdfil_info:  80.0%   34 sec CPU:  50.8%
mdfil_info:  90.0%   37 sec CPU:  52.5%
mdfil_info: 100.0%   40 sec CPU:  53.6%
mdfil_info: 100.0%   40 sec CPU:  53.6%
15449
AMSCommonsI-I-HardwareIdentifiedAs Linux 3.10.0-957.10.1.el7.x86_64 x86_64 2
AMSCommonsI-I-Identified as LittleEndian 64 bit machine. 4294967295
AMSCommonsI-I-amsdatabase /cvmfs/ams.cern.ch/Offline/AMSDataDir/DataBase/
AMSCommonsI-I-MipsFromCPUInfo: 2194.92
AMSCommonsI-I-SystemIdentified as  Intel(R) Xeon(R) CPU E5-2630 v4 @ 2.20GHz
AMSCommonsI-I-ComputerEvaluatedAsMips 3511
AMS Software version v5.02/1220/12 built Fri Apr 19 23:54:38 2019

Geant4  Version 1033
Run ID: 190 Bartel: 60
Input Destination: /eos/ams/user/s/selu/mdst/He122/mdst_60441730.root
Output Destination: /afs/cern.ch/work/c/ctuysuz/private/he_flux/LSF/result_mc_time/time_60/he_flux_60_190.root
Add hist00 from /eos/ams/user/s/selu/mdst/He122/mdst_60441730.root
Start of Init
Use new binning
Start of Eventloop
Ntr, Nent= 1 439461
IsMC= 1
Parameter[0] = -2.68018
Parameter[1] = -3.02446
Parameter[2] = -3.60716
Parameter[3] = -5.58914
Parameter[4] = 0.411118
Parameter[5] = -2.63403
mdfil_info:  10.0%    3 sec CPU:  72.9%
mdfil_info:  20.0%    5 sec CPU:  79.3%
mdfil_info:  30.0%    8 sec CPU:  82.4%
mdfil_info:  40.0%   10 sec CPU:  83.6%
mdfil_info:  50.0%   12 sec CPU:  84.2%
mdfil_info:  60.0%   14 sec CPU:  84.7%
mdfil_info:  70.0%   16 sec CPU:  85.1%
mdfil_info:  80.0%   19 sec CPU:  85.4%
mdfil_info:  90.0%   21 sec CPU:  85.5%
mdfil_info: 100.0%   23 sec CPU:  85.9%
mdfil_info: 100.0%   23 sec CPU:  85.9%
30164
AMSCommonsI-I-HardwareIdentifiedAs Linux 3.10.0-957.10.1.el7.x86_64 x86_64 2
AMSCommonsI-I-Identified as LittleEndian 64 bit machine. 4294967295
AMSCommonsI-I-amsdatabase /cvmfs/ams.cern.ch/Offline/AMSDataDir/DataBase/
AMSCommonsI-I-MipsFromCPUInfo: 2194.92
AMSCommonsI-I-SystemIdentified as  Intel(R) Xeon(R) CPU E5-2630 v4 @ 2.20GHz
AMSCommonsI-I-ComputerEvaluatedAsMips 3511
AMS Software version v5.02/1220/12 built Fri Apr 19 23:54:38 2019

Geant4  Version 1033
Run ID: 372 Bartel: 33
Input Destination: /eos/ams/user/s/selu/mdst/He122/mdst_60442260.root
Output Destination: /afs/cern.ch/work/c/ctuysuz/private/he_flux/LSF/result_mc_time/time_33/he_flux_33_372.root
Add hist00 from /eos/ams/user/s/selu/mdst/He122/mdst_60442260.root
Start of Init
Use new binning
Start of Eventloop
Ntr, Nent= 1 438071
IsMC= 1
Parameter[0] = -2.77717
Parameter[1] = -3.0473
Parameter[2] = -3.60062
Parameter[3] = -5.54545
Parameter[4] = 0.481599
Parameter[5] = -2.38362
mdfil_info:  10.0%    3 sec CPU:  65.7%
mdfil_info:  20.0%    6 sec CPU:  74.3%
mdfil_info:  30.0%    8 sec CPU:  75.9%
mdfil_info:  40.0%   10 sec CPU:  77.6%
mdfil_info:  50.0%   13 sec CPU:  78.5%
mdfil_info:  60.0%   15 sec CPU:  79.2%
mdfil_info:  70.0%   17 sec CPU:  79.4%
mdfil_info:  80.0%   20 sec CPU:  80.0%
mdfil_info:  90.0%   23 sec CPU:  79.4%
mdfil_info: 100.0%   25 sec CPU:  79.8%
mdfil_info: 100.0%   25 sec CPU:  79.8%
