WARN: the 'eosmount' alias is deprecated, please use /eos directly
License ports: 28518@lxlicen01.cern.ch,28518@lxlicen02.cern.ch,28518@lxlicen03.cern.ch:/cvmfs/projects.cern.ch/intelsw/psxe/linux/licenses
Intel(R) Parallel Studio XE 2018 Update 2 for Linux*
Copyright (C) 2009-2018 Intel Corporation. All rights reserved.
7780
AMSCommonsI-I-HardwareIdentifiedAs Linux 3.10.0-957.10.1.el7.x86_64 x86_64 2
AMSCommonsI-I-Identified as LittleEndian 64 bit machine. 4294967295
AMSCommonsI-I-amsdatabase /cvmfs/ams.cern.ch/Offline/AMSDataDir/DataBase/
AMSCommonsI-I-MipsFromCPUInfo: 2195.1
AMSCommonsI-I-SystemIdentified as  Intel(R) Xeon(R) CPU E5-2630 v4 @ 2.20GHz
AMSCommonsI-I-ComputerEvaluatedAsMips 3512
AMS Software version v5.02/1220/12 built Fri Apr 19 23:54:38 2019

Geant4  Version 1033
Run ID: 96 Bartel: 5
Input Destination: /eos/ams/user/s/selu/mdst/He122/mdst_60441636.root
Output Destination: /afs/cern.ch/work/c/ctuysuz/private/he_flux/LSF/result_mc_time/time_5/he_flux_5_96.root
Add hist00 from /eos/ams/user/s/selu/mdst/He122/mdst_60441636.root
Start of Init
Use new binning
Start of Eventloop
Ntr, Nent= 1 429566
IsMC= 1
Parameter[0] = -2.62631
Parameter[1] = -3.02179
Parameter[2] = -3.60875
Parameter[3] = -5.5302
Parameter[4] = 0.0850909
Parameter[5] = -2.38189
mdfil_info:  10.0%    3 sec CPU:  66.1%
mdfil_info:  20.0%    6 sec CPU:  62.8%
mdfil_info:  30.0%    9 sec CPU:  61.2%
mdfil_info:  40.0%   12 sec CPU:  60.3%
mdfil_info:  50.0%   15 sec CPU:  61.3%
mdfil_info:  60.0%   19 sec CPU:  60.3%
mdfil_info:  70.0%   23 sec CPU:  57.1%
mdfil_info:  80.0%   27 sec CPU:  55.1%
mdfil_info:  90.0%   30 sec CPU:  55.5%
mdfil_info: 100.0%   34 sec CPU:  54.4%
mdfil_info: 100.0%   34 sec CPU:  54.4%
22495
AMSCommonsI-I-HardwareIdentifiedAs Linux 3.10.0-957.10.1.el7.x86_64 x86_64 2
AMSCommonsI-I-Identified as LittleEndian 64 bit machine. 4294967295
AMSCommonsI-I-amsdatabase /cvmfs/ams.cern.ch/Offline/AMSDataDir/DataBase/
AMSCommonsI-I-MipsFromCPUInfo: 2195.1
AMSCommonsI-I-SystemIdentified as  Intel(R) Xeon(R) CPU E5-2630 v4 @ 2.20GHz
AMSCommonsI-I-ComputerEvaluatedAsMips 3512
AMS Software version v5.02/1220/12 built Fri Apr 19 23:54:38 2019

Geant4  Version 1033
Run ID: 277 Bartel: 59
Input Destination: /eos/ams/user/s/selu/mdst/He122/mdst_60441817.root
Output Destination: /afs/cern.ch/work/c/ctuysuz/private/he_flux/LSF/result_mc_time/time_59/he_flux_59_277.root
Add hist00 from /eos/ams/user/s/selu/mdst/He122/mdst_60441817.root
Start of Init
Use new binning
Start of Eventloop
Ntr, Nent= 1 439618
IsMC= 1
Parameter[0] = -2.68656
Parameter[1] = -3.03432
Parameter[2] = -3.61157
Parameter[3] = -5.53634
Parameter[4] = 0.355938
Parameter[5] = -2.28628
mdfil_info:  10.0%    3 sec CPU:  76.7%
mdfil_info:  20.0%    5 sec CPU:  81.5%
mdfil_info:  30.0%    7 sec CPU:  83.7%
mdfil_info:  40.0%    9 sec CPU:  83.6%
mdfil_info:  50.0%   11 sec CPU:  84.3%
mdfil_info:  60.0%   13 sec CPU:  84.1%
mdfil_info:  70.0%   15 sec CPU:  84.2%
mdfil_info:  80.0%   17 sec CPU:  84.6%
mdfil_info:  90.0%   20 sec CPU:  84.5%
mdfil_info: 100.0%   22 sec CPU:  84.8%
mdfil_info: 100.0%   22 sec CPU:  84.8%
37210
AMSCommonsI-I-HardwareIdentifiedAs Linux 3.10.0-957.10.1.el7.x86_64 x86_64 2
AMSCommonsI-I-Identified as LittleEndian 64 bit machine. 4294967295
AMSCommonsI-I-amsdatabase /cvmfs/ams.cern.ch/Offline/AMSDataDir/DataBase/
AMSCommonsI-I-MipsFromCPUInfo: 2195.1
AMSCommonsI-I-SystemIdentified as  Intel(R) Xeon(R) CPU E5-2630 v4 @ 2.20GHz
AMSCommonsI-I-ComputerEvaluatedAsMips 3512
AMS Software version v5.02/1220/12 built Fri Apr 19 23:54:38 2019

Geant4  Version 1033
Run ID: 459 Bartel: 32
Input Destination: /eos/ams/user/s/selu/mdst/He314/mdst_120929859.root
Output Destination: /afs/cern.ch/work/c/ctuysuz/private/he_flux/LSF/result_mc_time/time_32/he_flux_32_459.root
Add hist00 from /eos/ams/user/s/selu/mdst/He314/mdst_120929859.root
Start of Init
Use new binning
Start of Eventloop
Ntr, Nent= 1 110588
IsMC= 1
Parameter[0] = -2.77785
Parameter[1] = -3.05134
Parameter[2] = -3.60147
Parameter[3] = -5.53079
Parameter[4] = 0.319411
Parameter[5] = -2.38899
mdfil_info:  10.0%    1 sec CPU:  70.4%
mdfil_info:  20.0%    2 sec CPU:  72.4%
mdfil_info:  30.0%    2 sec CPU:  71.7%
mdfil_info:  40.0%    3 sec CPU:  75.1%
mdfil_info:  50.0%    4 sec CPU:  76.5%
mdfil_info:  60.0%    4 sec CPU:  78.1%
mdfil_info:  70.0%    5 sec CPU:  79.2%
mdfil_info:  80.0%    5 sec CPU:  79.7%
mdfil_info:  90.0%    6 sec CPU:  80.4%
mdfil_info: 100.0%    6 sec CPU:  81.1%
mdfil_info: 100.0%    6 sec CPU:  81.1%
