WARN: the 'eosmount' alias is deprecated, please use /eos directly
License ports: 28518@lxlicen01.cern.ch,28518@lxlicen02.cern.ch,28518@lxlicen03.cern.ch:/cvmfs/projects.cern.ch/intelsw/psxe/linux/licenses
Intel(R) Parallel Studio XE 2018 Update 2 for Linux*
Copyright (C) 2009-2018 Intel Corporation. All rights reserved.
14331
AMSCommonsI-I-HardwareIdentifiedAs Linux 3.10.0-957.10.1.el7.x86_64 x86_64 2
AMSCommonsI-I-Identified as LittleEndian 64 bit machine. 4294967295
AMSCommonsI-I-amsdatabase /cvmfs/ams.cern.ch/Offline/AMSDataDir/DataBase/
AMSCommonsI-I-MipsFromCPUInfo: 2194.92
AMSCommonsI-I-SystemIdentified as  Intel(R) Xeon(R) CPU E5-2630 v4 @ 2.20GHz
AMSCommonsI-I-ComputerEvaluatedAsMips 3511
AMS Software version v5.02/1220/12 built Fri Apr 19 23:54:38 2019

Geant4  Version 1033
Run ID: 176 Bartel: 76
Input Destination: /eos/ams/user/s/selu/mdst/He122/mdst_60441716.root
Output Destination: /afs/cern.ch/work/c/ctuysuz/private/he_flux/LSF/result_mc_time/time_76/he_flux_76_176.root
Add hist00 from /eos/ams/user/s/selu/mdst/He122/mdst_60441716.root
Start of Init
Use new binning
Start of Eventloop
Ntr, Nent= 1 437529
IsMC= 1
Parameter[0] = -2.48624
Parameter[1] = -2.95496
Parameter[2] = -3.57221
Parameter[3] = -5.5192
Parameter[4] = 0.00191236
Parameter[5] = -2.34472
mdfil_info:  10.0%    2 sec CPU:  78.3%
mdfil_info:  20.0%    6 sec CPU:  63.3%
mdfil_info:  30.0%    9 sec CPU:  58.3%
mdfil_info:  40.0%   12 sec CPU:  60.2%
mdfil_info:  50.0%   14 sec CPU:  64.2%
mdfil_info:  60.0%   15 sec CPU:  67.4%
mdfil_info:  70.0%   17 sec CPU:  69.4%
mdfil_info:  80.0%   19 sec CPU:  70.9%
mdfil_info:  90.0%   21 sec CPU:  72.6%
mdfil_info: 100.0%   23 sec CPU:  73.5%
mdfil_info: 100.0%   23 sec CPU:  73.5%
29046
AMSCommonsI-I-HardwareIdentifiedAs Linux 3.10.0-957.10.1.el7.x86_64 x86_64 2
AMSCommonsI-I-Identified as LittleEndian 64 bit machine. 4294967295
AMSCommonsI-I-amsdatabase /cvmfs/ams.cern.ch/Offline/AMSDataDir/DataBase/
AMSCommonsI-I-MipsFromCPUInfo: 2194.92
AMSCommonsI-I-SystemIdentified as  Intel(R) Xeon(R) CPU E5-2630 v4 @ 2.20GHz
AMSCommonsI-I-ComputerEvaluatedAsMips 3511
AMS Software version v5.02/1220/12 built Fri Apr 19 23:54:38 2019

Geant4  Version 1033
Run ID: 358 Bartel: 49
Input Destination: /eos/ams/user/s/selu/mdst/He122/mdst_60442246.root
Output Destination: /afs/cern.ch/work/c/ctuysuz/private/he_flux/LSF/result_mc_time/time_49/he_flux_49_358.root
Add hist00 from /eos/ams/user/s/selu/mdst/He122/mdst_60442246.root
Start of Init
Use new binning
Start of Eventloop
Ntr, Nent= 1 435627
IsMC= 1
Parameter[0] = -2.73128
Parameter[1] = -3.07003
Parameter[2] = -3.63758
Parameter[3] = -5.55781
Parameter[4] = 0.280142
Parameter[5] = -2.35464
mdfil_info:  10.0%    2 sec CPU:  99.6%
mdfil_info:  20.0%    3 sec CPU:  99.8%
mdfil_info:  30.0%    5 sec CPU:  99.9%
mdfil_info:  40.0%    6 sec CPU: 100.0%
mdfil_info:  50.0%    8 sec CPU:  99.9%
mdfil_info:  60.0%    9 sec CPU: 100.0%
mdfil_info:  70.0%   11 sec CPU:  99.9%
mdfil_info:  80.0%   12 sec CPU: 100.0%
mdfil_info:  90.0%   14 sec CPU: 100.0%
mdfil_info: 100.0%   15 sec CPU:  99.3%
mdfil_info: 100.0%   15 sec CPU:  99.3%
43761
AMSCommonsI-I-HardwareIdentifiedAs Linux 3.10.0-957.10.1.el7.x86_64 x86_64 2
AMSCommonsI-I-Identified as LittleEndian 64 bit machine. 4294967295
AMSCommonsI-I-amsdatabase /cvmfs/ams.cern.ch/Offline/AMSDataDir/DataBase/
AMSCommonsI-I-MipsFromCPUInfo: 2194.92
AMSCommonsI-I-SystemIdentified as  Intel(R) Xeon(R) CPU E5-2630 v4 @ 2.20GHz
AMSCommonsI-I-ComputerEvaluatedAsMips 3511
AMS Software version v5.02/1220/12 built Fri Apr 19 23:54:38 2019

Geant4  Version 1033
Run ID: 540 Bartel: 22
Input Destination: /eos/ams/user/s/selu/mdst/He314/mdst_120929945.root
Output Destination: /afs/cern.ch/work/c/ctuysuz/private/he_flux/LSF/result_mc_time/time_22/he_flux_22_540.root
Add hist00 from /eos/ams/user/s/selu/mdst/He314/mdst_120929945.root
Start of Init
Use new binning
Start of Eventloop
Ntr, Nent= 1 122554
IsMC= 1
Parameter[0] = -2.70854
Parameter[1] = -3.0386
Parameter[2] = -3.60827
Parameter[3] = -5.53986
Parameter[4] = 0.260502
Parameter[5] = -2.32334
mdfil_info:  10.0%    0 sec CPU: 102.8%
mdfil_info:  20.0%    2 sec CPU:  52.6%
mdfil_info:  30.0%    8 sec CPU:  19.1%
mdfil_info:  40.0%   11 sec CPU:  18.8%
mdfil_info:  50.0%   13 sec CPU:  19.3%
mdfil_info:  60.0%   15 sec CPU:  19.9%
mdfil_info:  70.0%   17 sec CPU:  20.5%
mdfil_info:  80.0%   21 sec CPU:  18.9%
mdfil_info:  90.0%   26 sec CPU:  17.7%
mdfil_info: 100.0%   28 sec CPU:  17.8%
mdfil_info: 100.0%   28 sec CPU:  17.8%
