WARN: the 'eosmount' alias is deprecated, please use /eos directly
License ports: 28518@lxlicen01.cern.ch,28518@lxlicen02.cern.ch,28518@lxlicen03.cern.ch:/cvmfs/projects.cern.ch/intelsw/psxe/linux/licenses
Intel(R) Parallel Studio XE 2018 Update 2 for Linux*
Copyright (C) 2009-2018 Intel Corporation. All rights reserved.
4356
AMSCommonsI-I-HardwareIdentifiedAs Linux 3.10.0-957.10.1.el7.x86_64 x86_64 2
AMSCommonsI-I-Identified as LittleEndian 64 bit machine. 4294967295
AMSCommonsI-I-amsdatabase /cvmfs/ams.cern.ch/Offline/AMSDataDir/DataBase/
AMSCommonsI-I-MipsFromCPUInfo: 2194.92
AMSCommonsI-I-SystemIdentified as  Intel(R) Xeon(R) CPU E5-2630 v4 @ 2.20GHz
AMSCommonsI-I-ComputerEvaluatedAsMips 3511
AMS Software version v5.02/1220/12 built Fri Apr 19 23:54:38 2019

Geant4  Version 1033
Run ID: 53 Bartel: 64
Input Destination: /eos/ams/user/s/selu/mdst/He122/mdst_60441592.root
Output Destination: /afs/cern.ch/work/c/ctuysuz/private/he_flux/LSF/result_mc_time/time_64/he_flux_64_53.root
Add hist00 from /eos/ams/user/s/selu/mdst/He122/mdst_60441592.root
Start of Init
Use new binning
Start of Eventloop
Ntr, Nent= 1 397283
IsMC= 1
Parameter[0] = -2.60351
Parameter[1] = -3.00196
Parameter[2] = -3.60517
Parameter[3] = -5.53742
Parameter[4] = 0.137006
Parameter[5] = -2.40049
mdfil_info:  10.0%   17 sec CPU:  12.1%
mdfil_info:  20.0%   24 sec CPU:  17.1%
mdfil_info:  30.0%   30 sec CPU:  19.9%
mdfil_info:  40.0%   36 sec CPU:  21.8%
mdfil_info:  50.0%   42 sec CPU:  23.7%
mdfil_info:  60.0%   49 sec CPU:  24.7%
mdfil_info:  70.0%   62 sec CPU:  22.7%
mdfil_info:  80.0%   70 sec CPU:  23.0%
mdfil_info:  90.0%   77 sec CPU:  23.5%
mdfil_info: 100.0%   85 sec CPU:  23.6%
mdfil_info: 100.0%   85 sec CPU:  23.6%
19071
AMSCommonsI-I-HardwareIdentifiedAs Linux 3.10.0-957.10.1.el7.x86_64 x86_64 2
AMSCommonsI-I-Identified as LittleEndian 64 bit machine. 4294967295
AMSCommonsI-I-amsdatabase /cvmfs/ams.cern.ch/Offline/AMSDataDir/DataBase/
AMSCommonsI-I-MipsFromCPUInfo: 2194.92
AMSCommonsI-I-SystemIdentified as  Intel(R) Xeon(R) CPU E5-2630 v4 @ 2.20GHz
AMSCommonsI-I-ComputerEvaluatedAsMips 3511
AMS Software version v5.02/1220/12 built Fri Apr 19 23:54:38 2019

Geant4  Version 1033
Run ID: 235 Bartel: 37
Input Destination: /eos/ams/user/s/selu/mdst/He122/mdst_60441775.root
Output Destination: /afs/cern.ch/work/c/ctuysuz/private/he_flux/LSF/result_mc_time/time_37/he_flux_37_235.root
Add hist00 from /eos/ams/user/s/selu/mdst/He122/mdst_60441775.root
Start of Init
Use new binning
Start of Eventloop
Ntr, Nent= 1 440532
IsMC= 1
Parameter[0] = -2.7864
Parameter[1] = -3.05696
Parameter[2] = -3.61656
Parameter[3] = -5.57878
Parameter[4] = 0.423344
Parameter[5] = -2.57309
mdfil_info:  10.0%    3 sec CPU:  66.0%
mdfil_info:  20.0%    6 sec CPU:  74.0%
mdfil_info:  30.0%    8 sec CPU:  77.4%
mdfil_info:  40.0%   11 sec CPU:  78.8%
mdfil_info:  50.0%   13 sec CPU:  79.9%
mdfil_info:  60.0%   16 sec CPU:  80.6%
mdfil_info:  70.0%   18 sec CPU:  81.3%
mdfil_info:  80.0%   21 sec CPU:  81.7%
mdfil_info:  90.0%   23 sec CPU:  82.3%
mdfil_info: 100.0%   26 sec CPU:  82.9%
mdfil_info: 100.0%   26 sec CPU:  82.9%
33786
AMSCommonsI-I-HardwareIdentifiedAs Linux 3.10.0-957.10.1.el7.x86_64 x86_64 2
AMSCommonsI-I-Identified as LittleEndian 64 bit machine. 4294967295
AMSCommonsI-I-amsdatabase /cvmfs/ams.cern.ch/Offline/AMSDataDir/DataBase/
AMSCommonsI-I-MipsFromCPUInfo: 2194.92
AMSCommonsI-I-SystemIdentified as  Intel(R) Xeon(R) CPU E5-2630 v4 @ 2.20GHz
AMSCommonsI-I-ComputerEvaluatedAsMips 3511
AMS Software version v5.02/1220/12 built Fri Apr 19 23:54:38 2019

Geant4  Version 1033
Run ID: 417 Bartel: 10
Input Destination: /eos/ams/user/s/selu/mdst/He122/mdst_60442305.root
Output Destination: /afs/cern.ch/work/c/ctuysuz/private/he_flux/LSF/result_mc_time/time_10/he_flux_10_417.root
Add hist00 from /eos/ams/user/s/selu/mdst/He122/mdst_60442305.root
Start of Init
Use new binning
Start of Eventloop
Ntr, Nent= 1 439690
IsMC= 1
Parameter[0] = -2.60695
Parameter[1] = -3.01041
Parameter[2] = -3.5903
Parameter[3] = -5.48712
Parameter[4] = 0.0628761
Parameter[5] = -2.10837
mdfil_info:  10.0%   19 sec CPU:  12.8%
mdfil_info:  20.0%   28 sec CPU:  16.6%
mdfil_info:  30.0%   39 sec CPU:  17.4%
mdfil_info:  40.0%   50 sec CPU:  18.2%
mdfil_info:  50.0%   64 sec CPU:  17.7%
mdfil_info:  60.0%   71 sec CPU:  19.1%
mdfil_info:  70.0%   84 sec CPU:  18.8%
mdfil_info:  80.0%   95 sec CPU:  19.0%
mdfil_info:  90.0%  105 sec CPU:  19.2%
mdfil_info: 100.0%  115 sec CPU:  19.4%
