WARN: the 'eosmount' alias is deprecated, please use /eos directly
License ports: 28518@lxlicen01.cern.ch,28518@lxlicen02.cern.ch,28518@lxlicen03.cern.ch:/cvmfs/projects.cern.ch/intelsw/psxe/linux/licenses
Intel(R) Parallel Studio XE 2018 Update 2 for Linux*
Copyright (C) 2009-2018 Intel Corporation. All rights reserved.
8955
AMSCommonsI-I-HardwareIdentifiedAs Linux 3.10.0-957.12.2.el7.x86_64 x86_64 2
AMSCommonsI-I-Identified as LittleEndian 64 bit machine. 4294967295
AMSCommonsI-I-amsdatabase /cvmfs/ams.cern.ch/Offline/AMSDataDir/DataBase/
AMSCommonsI-I-MipsFromCPUInfo: 2394.45
AMSCommonsI-I-SystemIdentified as  Intel(R) Xeon(R) CPU E5-2630 v3 @ 2.40GHz
AMSCommonsI-I-ComputerEvaluatedAsMips 3831
AMS Software version v5.02/1220/12 built Fri Apr 19 23:54:38 2019

Geant4  Version 1033
Run ID: 110 Bartel: 46
23670
AMSCommonsI-I-HardwareIdentifiedAs Linux 3.10.0-957.12.2.el7.x86_64 x86_64 2
AMSCommonsI-I-Identified as LittleEndian 64 bit machine. 4294967295
AMSCommonsI-I-amsdatabase /cvmfs/ams.cern.ch/Offline/AMSDataDir/DataBase/
AMSCommonsI-I-MipsFromCPUInfo: 2394.45
AMSCommonsI-I-SystemIdentified as  Intel(R) Xeon(R) CPU E5-2630 v3 @ 2.40GHz
AMSCommonsI-I-ComputerEvaluatedAsMips 3831
AMS Software version v5.02/1220/12 built Fri Apr 19 23:54:38 2019

Geant4  Version 1033
Run ID: 292 Bartel: 19
Input Destination: /eos/ams/user/s/selu/mdst/He122/mdst_60441832.root
Output Destination: /afs/cern.ch/work/c/ctuysuz/private/he_flux/LSF/result_mc_time/time_19/he_flux_19_292.root
Add hist00 from /eos/ams/user/s/selu/mdst/He122/mdst_60441832.root
Start of Init
Use new binning
Start of Eventloop
Ntr, Nent= 1 437631
IsMC= 1
Parameter[0] = -2.70235
Parameter[1] = -3.03758
Parameter[2] = -3.60308
Parameter[3] = -5.55191
Parameter[4] = 0.242617
Parameter[5] = -2.38008
mdfil_info:  10.0%    6 sec CPU:  39.1%
mdfil_info:  20.0%    9 sec CPU:  48.6%
mdfil_info:  30.0%   13 sec CPU:  51.7%
mdfil_info:  40.0%   17 sec CPU:  52.9%
mdfil_info:  50.0%   21 sec CPU:  54.2%
mdfil_info:  60.0%   24 sec CPU:  54.7%
mdfil_info:  70.0%   28 sec CPU:  55.2%
mdfil_info:  80.0%   32 sec CPU:  55.6%
mdfil_info:  90.0%   35 sec CPU:  56.0%
mdfil_info: 100.0%   39 sec CPU:  56.4%
mdfil_info: 100.0%   39 sec CPU:  56.4%
38385
AMSCommonsI-I-HardwareIdentifiedAs Linux 3.10.0-957.12.2.el7.x86_64 x86_64 2
AMSCommonsI-I-Identified as LittleEndian 64 bit machine. 4294967295
AMSCommonsI-I-amsdatabase /cvmfs/ams.cern.ch/Offline/AMSDataDir/DataBase/
AMSCommonsI-I-MipsFromCPUInfo: 2394.45
AMSCommonsI-I-SystemIdentified as  Intel(R) Xeon(R) CPU E5-2630 v3 @ 2.40GHz
AMSCommonsI-I-ComputerEvaluatedAsMips 3831
AMS Software version v5.02/1220/12 built Fri Apr 19 23:54:38 2019

Geant4  Version 1033
Run ID: 473 Bartel: 73
Input Destination: /eos/ams/user/s/selu/mdst/He314/mdst_120929873.root
Output Destination: /afs/cern.ch/work/c/ctuysuz/private/he_flux/LSF/result_mc_time/time_73/he_flux_73_473.root
Add hist00 from /eos/ams/user/s/selu/mdst/He314/mdst_120929873.root
Start of Init
Use new binning
Start of Eventloop
Ntr, Nent= 1 109883
IsMC= 1
Parameter[0] = -2.52877
Parameter[1] = -2.96916
Parameter[2] = -3.58403
Parameter[3] = -5.48816
Parameter[4] = 0.0284517
Parameter[5] = -2.25131
mdfil_info:  10.0%    6 sec CPU:  10.0%
mdfil_info:  20.0%   11 sec CPU:  10.3%
mdfil_info:  30.0%   17 sec CPU:  10.6%
mdfil_info:  40.0%   19 sec CPU:  12.8%
mdfil_info:  50.0%   20 sec CPU:  14.5%
mdfil_info:  60.0%   22 sec CPU:  15.8%
mdfil_info:  70.0%   23 sec CPU:  17.1%
mdfil_info:  80.0%   25 sec CPU:  18.3%
mdfil_info:  90.0%   26 sec CPU:  19.4%
mdfil_info: 100.0%   28 sec CPU:  20.0%
mdfil_info: 100.0%   28 sec CPU:  20.0%
