WARN: the 'eosmount' alias is deprecated, please use /eos directly
License ports: 28518@lxlicen01.cern.ch,28518@lxlicen02.cern.ch,28518@lxlicen03.cern.ch:/cvmfs/projects.cern.ch/intelsw/psxe/linux/licenses
Intel(R) Parallel Studio XE 2018 Update 2 for Linux*
Copyright (C) 2009-2018 Intel Corporation. All rights reserved.
8019
AMSCommonsI-I-HardwareIdentifiedAs Linux 3.10.0-957.10.1.el7.x86_64 x86_64 2
AMSCommonsI-I-Identified as LittleEndian 64 bit machine. 4294967295
AMSCommonsI-I-amsdatabase /cvmfs/ams.cern.ch/Offline/AMSDataDir/DataBase/
AMSCommonsI-I-MipsFromCPUInfo: 2194.92
AMSCommonsI-I-SystemIdentified as  Intel(R) Xeon(R) CPU E5-2630 v4 @ 2.20GHz
AMSCommonsI-I-ComputerEvaluatedAsMips 3511
AMS Software version v5.02/1220/12 built Fri Apr 19 23:54:38 2019

Geant4  Version 1033
Run ID: 99 Bartel: 1
Input Destination: /eos/ams/user/s/selu/mdst/He122/mdst_60441639.root
Output Destination: /afs/cern.ch/work/c/ctuysuz/private/he_flux/LSF/result_mc_time/time_1/he_flux_1_99.root
Add hist00 from /eos/ams/user/s/selu/mdst/He122/mdst_60441639.root
Start of Init
Use new binning
Start of Eventloop
Ntr, Nent= 1 425922
IsMC= 1
Parameter[0] = -2.47751
Parameter[1] = -2.72369
Parameter[2] = -3.30093
Parameter[3] = -5.32428
Parameter[4] = 0.816566
Parameter[5] = -2.78591
mdfil_info:  10.0%    3 sec CPU:  71.8%
mdfil_info:  20.0%    5 sec CPU:  78.7%
mdfil_info:  30.0%    7 sec CPU:  81.1%
mdfil_info:  40.0%   10 sec CPU:  82.2%
mdfil_info:  50.0%   12 sec CPU:  83.1%
mdfil_info:  60.0%   15 sec CPU:  84.1%
mdfil_info:  70.0%   17 sec CPU:  84.6%
mdfil_info:  80.0%   19 sec CPU:  84.7%
mdfil_info:  90.0%   22 sec CPU:  84.8%
mdfil_info: 100.0%   24 sec CPU:  85.1%
mdfil_info: 100.0%   24 sec CPU:  85.1%
22734
AMSCommonsI-I-HardwareIdentifiedAs Linux 3.10.0-957.10.1.el7.x86_64 x86_64 2
AMSCommonsI-I-Identified as LittleEndian 64 bit machine. 4294967295
AMSCommonsI-I-amsdatabase /cvmfs/ams.cern.ch/Offline/AMSDataDir/DataBase/
AMSCommonsI-I-MipsFromCPUInfo: 2194.92
AMSCommonsI-I-SystemIdentified as  Intel(R) Xeon(R) CPU E5-2630 v4 @ 2.20GHz
AMSCommonsI-I-ComputerEvaluatedAsMips 3511
AMS Software version v5.02/1220/12 built Fri Apr 19 23:54:38 2019

Geant4  Version 1033
Run ID: 280 Bartel: 55
Input Destination: /eos/ams/user/s/selu/mdst/He122/mdst_60441820.root
Output Destination: /afs/cern.ch/work/c/ctuysuz/private/he_flux/LSF/result_mc_time/time_55/he_flux_55_280.root
Add hist00 from /eos/ams/user/s/selu/mdst/He122/mdst_60441820.root
Start of Init
Use new binning
Start of Eventloop
Ntr, Nent= 1 433926
IsMC= 1
Parameter[0] = -2.74163
Parameter[1] = -3.05076
Parameter[2] = -3.61683
Parameter[3] = -5.57138
Parameter[4] = 0.434624
Parameter[5] = -2.47013
mdfil_info:  10.0%    3 sec CPU:  63.9%
mdfil_info:  20.0%    6 sec CPU:  68.2%
mdfil_info:  30.0%    9 sec CPU:  68.9%
mdfil_info:  40.0%   13 sec CPU:  68.5%
mdfil_info:  50.0%   16 sec CPU:  67.7%
mdfil_info:  60.0%   19 sec CPU:  68.6%
mdfil_info:  70.0%   22 sec CPU:  68.6%
mdfil_info:  80.0%   25 sec CPU:  69.0%
mdfil_info:  90.0%   27 sec CPU:  69.6%
mdfil_info: 100.0%   30 sec CPU:  69.9%
mdfil_info: 100.0%   30 sec CPU:  69.9%
37449
AMSCommonsI-I-HardwareIdentifiedAs Linux 3.10.0-957.10.1.el7.x86_64 x86_64 2
AMSCommonsI-I-Identified as LittleEndian 64 bit machine. 4294967295
AMSCommonsI-I-amsdatabase /cvmfs/ams.cern.ch/Offline/AMSDataDir/DataBase/
AMSCommonsI-I-MipsFromCPUInfo: 2194.92
AMSCommonsI-I-SystemIdentified as  Intel(R) Xeon(R) CPU E5-2630 v4 @ 2.20GHz
AMSCommonsI-I-ComputerEvaluatedAsMips 3511
AMS Software version v5.02/1220/12 built Fri Apr 19 23:54:38 2019

Geant4  Version 1033
Run ID: 462 Bartel: 28
Input Destination: /eos/ams/user/s/selu/mdst/He314/mdst_120929862.root
Output Destination: /afs/cern.ch/work/c/ctuysuz/private/he_flux/LSF/result_mc_time/time_28/he_flux_28_462.root
Add hist00 from /eos/ams/user/s/selu/mdst/He314/mdst_120929862.root
Start of Init
Use new binning
Start of Eventloop
Ntr, Nent= 1 98068
IsMC= 1
Parameter[0] = -2.78708
Parameter[1] = -3.08521
Parameter[2] = -3.63404
Parameter[3] = -5.57737
Parameter[4] = 0.368582
Parameter[5] = -2.54212
mdfil_info:  10.0%    8 sec CPU:   7.0%
mdfil_info:  20.0%   14 sec CPU:   8.2%
mdfil_info:  30.0%   18 sec CPU:   8.9%
mdfil_info:  40.0%   22 sec CPU:  10.0%
mdfil_info:  50.0%   25 sec CPU:  11.1%
mdfil_info:  60.0%   27 sec CPU:  12.0%
mdfil_info:  70.0%   29 sec CPU:  12.8%
mdfil_info:  80.0%   31 sec CPU:  13.5%
mdfil_info:  90.0%   36 sec CPU:  13.1%
mdfil_info: 100.0%   39 sec CPU:  13.2%
mdfil_info: 100.0%   39 sec CPU:  13.2%
