WARN: the 'eosmount' alias is deprecated, please use /eos directly
License ports: 28518@lxlicen01.cern.ch,28518@lxlicen02.cern.ch,28518@lxlicen03.cern.ch:/cvmfs/projects.cern.ch/intelsw/psxe/linux/licenses
Intel(R) Parallel Studio XE 2018 Update 2 for Linux*
Copyright (C) 2009-2018 Intel Corporation. All rights reserved.
5017
AMSCommonsI-I-HardwareIdentifiedAs Linux 3.10.0-957.12.1.el7.x86_64 x86_64 2
AMSCommonsI-I-Identified as LittleEndian 64 bit machine. 4294967295
AMSCommonsI-I-amsdatabase /cvmfs/ams.cern.ch/Offline/AMSDataDir/DataBase/
AMSCommonsI-I-MipsFromCPUInfo: 2194.92
AMSCommonsI-I-SystemIdentified as  Intel(R) Xeon(R) CPU E5-2630 v4 @ 2.20GHz
AMSCommonsI-I-ComputerEvaluatedAsMips 3511
AMS Software version v5.02/1220/12 built Fri Apr 19 23:54:38 2019

Geant4  Version 1033
Run ID: 61 Bartel: 77
Input Destination: /eos/ams/user/s/selu/mdst/He122/mdst_60441600.root
Output Destination: /afs/cern.ch/work/c/ctuysuz/private/he_flux/LSF/result_mc_time/time_77/he_flux_77_61.root
Add hist00 from /eos/ams/user/s/selu/mdst/He122/mdst_60441600.root
Start of Init
Use new binning
Start of Eventloop
Ntr, Nent= 1 442056
IsMC= 1
Parameter[0] = -2.48824
Parameter[1] = -2.95955
Parameter[2] = -3.57956
Parameter[3] = -5.5244
Parameter[4] = 0.0142674
Parameter[5] = -2.38492
mdfil_info:  10.0%    3 sec CPU:  77.0%
mdfil_info:  20.0%    5 sec CPU:  83.2%
mdfil_info:  30.0%    7 sec CPU:  85.9%
mdfil_info:  40.0%    9 sec CPU:  86.9%
mdfil_info:  50.0%   11 sec CPU:  87.5%
mdfil_info:  60.0%   13 sec CPU:  87.8%
mdfil_info:  70.0%   16 sec CPU:  88.3%
mdfil_info:  80.0%   18 sec CPU:  88.6%
mdfil_info:  90.0%   19 sec CPU:  88.7%
mdfil_info: 100.0%   21 sec CPU:  88.9%
mdfil_info: 100.0%   21 sec CPU:  88.9%
19732
AMSCommonsI-I-HardwareIdentifiedAs Linux 3.10.0-957.12.1.el7.x86_64 x86_64 2
AMSCommonsI-I-Identified as LittleEndian 64 bit machine. 4294967295
AMSCommonsI-I-amsdatabase /cvmfs/ams.cern.ch/Offline/AMSDataDir/DataBase/
AMSCommonsI-I-MipsFromCPUInfo: 2194.92
AMSCommonsI-I-SystemIdentified as  Intel(R) Xeon(R) CPU E5-2630 v4 @ 2.20GHz
AMSCommonsI-I-ComputerEvaluatedAsMips 3511
AMS Software version v5.02/1220/12 built Fri Apr 19 23:54:38 2019

Geant4  Version 1033
Run ID: 243 Bartel: 50
Input Destination: /eos/ams/user/s/selu/mdst/He122/mdst_60441783.root
Output Destination: /afs/cern.ch/work/c/ctuysuz/private/he_flux/LSF/result_mc_time/time_50/he_flux_50_243.root
Add hist00 from /eos/ams/user/s/selu/mdst/He122/mdst_60441783.root
Start of Init
Use new binning
Start of Eventloop
Ntr, Nent= 1 435024
IsMC= 1
Parameter[0] = -2.73471
Parameter[1] = -3.0684
Parameter[2] = -3.6261
Parameter[3] = -5.53452
Parameter[4] = 0.161673
Parameter[5] = -2.21662
mdfil_info:  10.0%   26 sec CPU:   8.7%
mdfil_info:  20.0%   37 sec CPU:  11.8%
mdfil_info:  30.0%   48 sec CPU:  13.4%
mdfil_info:  40.0%   55 sec CPU:  15.3%
mdfil_info:  50.0%   60 sec CPU:  17.2%
mdfil_info:  60.0%   66 sec CPU:  18.7%
mdfil_info:  70.0%   72 sec CPU:  20.0%
mdfil_info:  80.0%   81 sec CPU:  20.2%
mdfil_info:  90.0%   88 sec CPU:  21.1%
mdfil_info: 100.0%   94 sec CPU:  21.9%
mdfil_info: 100.0%   94 sec CPU:  21.9%
34447
AMSCommonsI-I-HardwareIdentifiedAs Linux 3.10.0-957.12.1.el7.x86_64 x86_64 2
AMSCommonsI-I-Identified as LittleEndian 64 bit machine. 4294967295
AMSCommonsI-I-amsdatabase /cvmfs/ams.cern.ch/Offline/AMSDataDir/DataBase/
AMSCommonsI-I-MipsFromCPUInfo: 2194.92
AMSCommonsI-I-SystemIdentified as  Intel(R) Xeon(R) CPU E5-2630 v4 @ 2.20GHz
AMSCommonsI-I-ComputerEvaluatedAsMips 3511
AMS Software version v5.02/1220/12 built Fri Apr 19 23:54:38 2019

Geant4  Version 1033
Run ID: 425 Bartel: 23
Input Destination: /eos/ams/user/s/selu/mdst/He122/mdst_60442313.root
Output Destination: /afs/cern.ch/work/c/ctuysuz/private/he_flux/LSF/result_mc_time/time_23/he_flux_23_425.root
Add hist00 from /eos/ams/user/s/selu/mdst/He122/mdst_60442313.root
Start of Init
Use new binning
Start of Eventloop
Ntr, Nent= 1 438711
IsMC= 1
Parameter[0] = -2.68031
Parameter[1] = -3.0282
Parameter[2] = -3.60077
Parameter[3] = -5.50631
Parameter[4] = 0.188664
Parameter[5] = -2.1921
mdfil_info:  10.0%   17 sec CPU:  13.2%
mdfil_info:  20.0%   28 sec CPU:  15.3%
mdfil_info:  30.0%   35 sec CPU:  18.4%
mdfil_info:  40.0%   42 sec CPU:  20.5%
mdfil_info:  50.0%   48 sec CPU:  22.0%
mdfil_info:  60.0%   59 sec CPU:  21.6%
mdfil_info:  70.0%   66 sec CPU:  22.4%
mdfil_info:  80.0%   73 sec CPU:  23.1%
mdfil_info:  90.0%   80 sec CPU:  23.7%
mdfil_info: 100.0%   88 sec CPU:  24.1%
mdfil_info: 100.0%   88 sec CPU:  24.1%
