WARN: the 'eosmount' alias is deprecated, please use /eos directly
License ports: 28518@lxlicen01.cern.ch,28518@lxlicen02.cern.ch,28518@lxlicen03.cern.ch:/cvmfs/projects.cern.ch/intelsw/psxe/linux/licenses
Intel(R) Parallel Studio XE 2018 Update 2 for Linux*
Copyright (C) 2009-2018 Intel Corporation. All rights reserved.
13838
AMSCommonsI-I-HardwareIdentifiedAs Linux 3.10.0-957.12.1.el7.x86_64 x86_64 2
AMSCommonsI-I-Identified as LittleEndian 64 bit machine. 4294967295
AMSCommonsI-I-amsdatabase /cvmfs/ams.cern.ch/Offline/AMSDataDir/DataBase/
AMSCommonsI-I-MipsFromCPUInfo: 2194.92
AMSCommonsI-I-SystemIdentified as  Intel(R) Xeon(R) CPU E5-2630 v4 @ 2.20GHz
AMSCommonsI-I-ComputerEvaluatedAsMips 3511
AMS Software version v5.02/1220/12 built Fri Apr 19 23:54:38 2019

Geant4  Version 1033
Run ID: 170 Bartel: 69
Input Destination: /eos/ams/user/s/selu/mdst/He122/mdst_60441710.root
Output Destination: /afs/cern.ch/work/c/ctuysuz/private/he_flux/LSF/result_mc_time/time_69/he_flux_69_170.root
Add hist00 from /eos/ams/user/s/selu/mdst/He122/mdst_60441710.root
Start of Init
Use new binning
Start of Eventloop
Ntr, Nent= 1 434411
IsMC= 1
Parameter[0] = -2.5456
Parameter[1] = -2.98028
Parameter[2] = -3.58897
Parameter[3] = -5.48942
Parameter[4] = 0.110577
Parameter[5] = -2.14012
mdfil_info:  10.0%    2 sec CPU:  77.8%
mdfil_info:  20.0%    4 sec CPU:  83.5%
mdfil_info:  30.0%    6 sec CPU:  85.4%
mdfil_info:  40.0%    8 sec CPU:  86.7%
mdfil_info:  50.0%   10 sec CPU:  86.9%
mdfil_info:  60.0%   11 sec CPU:  87.5%
mdfil_info:  70.0%   13 sec CPU:  87.7%
mdfil_info:  80.0%   15 sec CPU:  88.0%
mdfil_info:  90.0%   17 sec CPU:  88.3%
mdfil_info: 100.0%   19 sec CPU:  88.4%
mdfil_info: 100.0%   19 sec CPU:  88.4%
28553
AMSCommonsI-I-HardwareIdentifiedAs Linux 3.10.0-957.12.1.el7.x86_64 x86_64 2
AMSCommonsI-I-Identified as LittleEndian 64 bit machine. 4294967295
AMSCommonsI-I-amsdatabase /cvmfs/ams.cern.ch/Offline/AMSDataDir/DataBase/
AMSCommonsI-I-MipsFromCPUInfo: 2194.92
AMSCommonsI-I-SystemIdentified as  Intel(R) Xeon(R) CPU E5-2630 v4 @ 2.20GHz
AMSCommonsI-I-ComputerEvaluatedAsMips 3511
AMS Software version v5.02/1220/12 built Fri Apr 19 23:54:38 2019

Geant4  Version 1033
Run ID: 352 Bartel: 42
Input Destination: /eos/ams/user/s/selu/mdst/He122/mdst_60442240.root
Output Destination: /afs/cern.ch/work/c/ctuysuz/private/he_flux/LSF/result_mc_time/time_42/he_flux_42_352.root
Add hist00 from /eos/ams/user/s/selu/mdst/He122/mdst_60442240.root
Start of Init
Use new binning
Start of Eventloop
Ntr, Nent= 1 436839
IsMC= 1
Parameter[0] = -2.78027
Parameter[1] = -3.06778
Parameter[2] = -3.62449
Parameter[3] = -5.58149
Parameter[4] = 0.44175
Parameter[5] = -2.56338
mdfil_info:  10.0%    3 sec CPU:  50.6%
mdfil_info:  20.0%    5 sec CPU:  64.2%
mdfil_info:  30.0%    7 sec CPU:  70.9%
mdfil_info:  40.0%    9 sec CPU:  71.2%
mdfil_info:  50.0%   11 sec CPU:  74.2%
mdfil_info:  60.0%   12 sec CPU:  76.4%
mdfil_info:  70.0%   14 sec CPU:  78.2%
mdfil_info:  80.0%   16 sec CPU:  79.6%
mdfil_info:  90.0%   18 sec CPU:  80.7%
mdfil_info: 100.0%   19 sec CPU:  81.6%
mdfil_info: 100.0%   19 sec CPU:  81.6%
43268
AMSCommonsI-I-HardwareIdentifiedAs Linux 3.10.0-957.12.1.el7.x86_64 x86_64 2
AMSCommonsI-I-Identified as LittleEndian 64 bit machine. 4294967295
AMSCommonsI-I-amsdatabase /cvmfs/ams.cern.ch/Offline/AMSDataDir/DataBase/
AMSCommonsI-I-MipsFromCPUInfo: 2194.92
AMSCommonsI-I-SystemIdentified as  Intel(R) Xeon(R) CPU E5-2630 v4 @ 2.20GHz
AMSCommonsI-I-ComputerEvaluatedAsMips 3511
AMS Software version v5.02/1220/12 built Fri Apr 19 23:54:38 2019

Geant4  Version 1033
Run ID: 534 Bartel: 15
Input Destination: /eos/ams/user/s/selu/mdst/He314/mdst_120929938.root
Output Destination: /afs/cern.ch/work/c/ctuysuz/private/he_flux/LSF/result_mc_time/time_15/he_flux_15_534.root
Add hist00 from /eos/ams/user/s/selu/mdst/He314/mdst_120929938.root
Start of Init
Use new binning
Start of Eventloop
Ntr, Nent= 1 110652
IsMC= 1
Parameter[0] = -2.64949
Parameter[1] = -3.02393
Parameter[2] = -3.59344
Parameter[3] = -5.52782
Parameter[4] = 0.200514
Parameter[5] = -2.29505
mdfil_info:  10.0%    1 sec CPU:  75.0%
mdfil_info:  20.0%    1 sec CPU:  74.1%
mdfil_info:  30.0%    2 sec CPU:  75.5%
mdfil_info:  40.0%    2 sec CPU:  78.8%
mdfil_info:  50.0%    3 sec CPU:  80.0%
mdfil_info:  60.0%    3 sec CPU:  81.7%
mdfil_info:  70.0%    4 sec CPU:  82.9%
mdfil_info:  80.0%    4 sec CPU:  83.9%
mdfil_info:  90.0%    5 sec CPU:  84.7%
mdfil_info: 100.0%    5 sec CPU:  85.2%
mdfil_info: 100.0%    5 sec CPU:  85.2%
