WARN: the 'eosmount' alias is deprecated, please use /eos directly
License ports: 28518@lxlicen01.cern.ch,28518@lxlicen02.cern.ch,28518@lxlicen03.cern.ch:/cvmfs/projects.cern.ch/intelsw/psxe/linux/licenses
Intel(R) Parallel Studio XE 2018 Update 2 for Linux*
Copyright (C) 2009-2018 Intel Corporation. All rights reserved.
12827
AMSCommonsI-I-HardwareIdentifiedAs Linux 3.10.0-957.10.1.el7.x86_64 x86_64 2
AMSCommonsI-I-Identified as LittleEndian 64 bit machine. 4294967295
AMSCommonsI-I-amsdatabase /cvmfs/ams.cern.ch/Offline/AMSDataDir/DataBase/
AMSCommonsI-I-MipsFromCPUInfo: 2194.92
AMSCommonsI-I-SystemIdentified as  Intel(R) Xeon(R) CPU E5-2630 v4 @ 2.20GHz
AMSCommonsI-I-ComputerEvaluatedAsMips 3511
AMS Software version v5.02/1220/12 built Fri Apr 19 23:54:38 2019

Geant4  Version 1033
Run ID: 158 Bartel: 30
Input Destination: /eos/ams/user/s/selu/mdst/He122/mdst_60441698.root
Output Destination: /afs/cern.ch/work/c/ctuysuz/private/he_flux/LSF/result_mc_time/time_30/he_flux_30_158.root
Add hist00 from /eos/ams/user/s/selu/mdst/He122/mdst_60441698.root
Start of Init
Use new binning
Start of Eventloop
Ntr, Nent= 1 437133
IsMC= 1
Parameter[0] = -2.78302
Parameter[1] = -3.06111
Parameter[2] = -3.62424
Parameter[3] = -5.59535
Parameter[4] = 0.417456
Parameter[5] = -2.69098
mdfil_info:  10.0%   17 sec CPU:  10.2%
mdfil_info:  20.0%   25 sec CPU:  13.5%
mdfil_info:  30.0%   30 sec CPU:  16.2%
mdfil_info:  40.0%   38 sec CPU:  17.4%
mdfil_info:  50.0%   43 sec CPU:  19.0%
mdfil_info:  60.0%   49 sec CPU:  19.8%
mdfil_info:  70.0%   54 sec CPU:  20.8%
mdfil_info:  80.0%   62 sec CPU:  21.0%
mdfil_info:  90.0%   69 sec CPU:  21.0%
mdfil_info: 100.0%   79 sec CPU:  20.6%
mdfil_info: 100.0%   79 sec CPU:  20.6%
27542
AMSCommonsI-I-HardwareIdentifiedAs Linux 3.10.0-957.10.1.el7.x86_64 x86_64 2
AMSCommonsI-I-Identified as LittleEndian 64 bit machine. 4294967295
AMSCommonsI-I-amsdatabase /cvmfs/ams.cern.ch/Offline/AMSDataDir/DataBase/
AMSCommonsI-I-MipsFromCPUInfo: 2194.92
AMSCommonsI-I-SystemIdentified as  Intel(R) Xeon(R) CPU E5-2630 v4 @ 2.20GHz
AMSCommonsI-I-ComputerEvaluatedAsMips 3511
AMS Software version v5.02/1220/12 built Fri Apr 19 23:54:38 2019

Geant4  Version 1033
Run ID: 340 Bartel: 3
Input Destination: /eos/ams/user/s/selu/mdst/He122/mdst_60441880.root
Output Destination: /afs/cern.ch/work/c/ctuysuz/private/he_flux/LSF/result_mc_time/time_3/he_flux_3_340.root
Add hist00 from /eos/ams/user/s/selu/mdst/He122/mdst_60441880.root
Start of Init
Use new binning
Start of Eventloop
Ntr, Nent= 1 439686
IsMC= 1
Parameter[0] = -2.60444
Parameter[1] = -2.96917
Parameter[2] = -3.55869
Parameter[3] = -5.49263
Parameter[4] = 0.194958
Parameter[5] = -2.37354
mdfil_info:  10.0%    2 sec CPU:  83.4%
mdfil_info:  20.0%    4 sec CPU:  86.9%
mdfil_info:  30.0%    5 sec CPU:  88.0%
mdfil_info:  40.0%    7 sec CPU:  88.4%
mdfil_info:  50.0%    9 sec CPU:  88.6%
mdfil_info:  60.0%   11 sec CPU:  88.8%
mdfil_info:  70.0%   12 sec CPU:  88.8%
mdfil_info:  80.0%   14 sec CPU:  88.9%
mdfil_info:  90.0%   16 sec CPU:  88.8%
mdfil_info: 100.0%   18 sec CPU:  88.9%
mdfil_info: 100.0%   18 sec CPU:  88.9%
42257
AMSCommonsI-I-HardwareIdentifiedAs Linux 3.10.0-957.10.1.el7.x86_64 x86_64 2
AMSCommonsI-I-Identified as LittleEndian 64 bit machine. 4294967295
AMSCommonsI-I-amsdatabase /cvmfs/ams.cern.ch/Offline/AMSDataDir/DataBase/
AMSCommonsI-I-MipsFromCPUInfo: 2194.92
AMSCommonsI-I-SystemIdentified as  Intel(R) Xeon(R) CPU E5-2630 v4 @ 2.20GHz
AMSCommonsI-I-ComputerEvaluatedAsMips 3511
AMS Software version v5.02/1220/12 built Fri Apr 19 23:54:38 2019

Geant4  Version 1033
Run ID: 521 Bartel: 57
Input Destination: /eos/ams/user/s/selu/mdst/He314/mdst_120929922.root
Output Destination: /afs/cern.ch/work/c/ctuysuz/private/he_flux/LSF/result_mc_time/time_57/he_flux_57_521.root
Add hist00 from /eos/ams/user/s/selu/mdst/He314/mdst_120929922.root
Start of Init
Use new binning
Start of Eventloop
Ntr, Nent= 1 114963
IsMC= 1
Parameter[0] = -2.70293
Parameter[1] = -3.03976
Parameter[2] = -3.61538
Parameter[3] = -5.54214
Parameter[4] = 0.274724
Parameter[5] = -2.38056
mdfil_info:  10.0%    1 sec CPU:  69.8%
mdfil_info:  20.0%    1 sec CPU:  72.4%
mdfil_info:  30.0%    2 sec CPU:  74.2%
mdfil_info:  40.0%    2 sec CPU:  76.8%
mdfil_info:  50.0%    3 sec CPU:  79.5%
mdfil_info:  60.0%    3 sec CPU:  80.7%
mdfil_info:  70.0%    4 sec CPU:  81.8%
mdfil_info:  80.0%    4 sec CPU:  82.7%
mdfil_info:  90.0%    5 sec CPU:  82.4%
mdfil_info: 100.0%    5 sec CPU:  83.0%
mdfil_info: 100.0%    5 sec CPU:  83.0%
