WARN: the 'eosmount' alias is deprecated, please use /eos directly
License ports: 28518@lxlicen01.cern.ch,28518@lxlicen02.cern.ch,28518@lxlicen03.cern.ch:/cvmfs/projects.cern.ch/intelsw/psxe/linux/licenses
Intel(R) Parallel Studio XE 2018 Update 2 for Linux*
Copyright (C) 2009-2018 Intel Corporation. All rights reserved.
7276
AMSCommonsI-I-HardwareIdentifiedAs Linux 3.10.0-957.12.1.el7.x86_64 x86_64 2
AMSCommonsI-I-Identified as LittleEndian 64 bit machine. 4294967295
AMSCommonsI-I-amsdatabase /cvmfs/ams.cern.ch/Offline/AMSDataDir/DataBase/
AMSCommonsI-I-MipsFromCPUInfo: 2394.45
AMSCommonsI-I-SystemIdentified as  Intel Core Processor (Haswell, no TSX, IBRS)
AMSCommonsI-I-ComputerEvaluatedAsMips 3591
AMS Software version v5.02/1220/12 built Fri Apr 19 23:54:38 2019

Geant4  Version 1033
Run ID: 89 Bartel: 68
Input Destination: /eos/ams/user/s/selu/mdst/He122/mdst_60441629.root
Output Destination: /afs/cern.ch/work/c/ctuysuz/private/he_flux/LSF/result_mc_time/time_68/he_flux_68_89.root
Add hist00 from /eos/ams/user/s/selu/mdst/He122/mdst_60441629.root
Start of Init
Use new binning
Start of Eventloop
Ntr, Nent= 1 441505
IsMC= 1
Parameter[0] = -2.5639
Parameter[1] = -2.98035
Parameter[2] = -3.58993
Parameter[3] = -5.51419
Parameter[4] = 0.0804353
Parameter[5] = -2.39662
mdfil_info:  10.0%   13 sec CPU:  14.9%
mdfil_info:  20.0%   18 sec CPU:  21.2%
mdfil_info:  30.0%   23 sec CPU:  24.5%
mdfil_info:  40.0%   28 sec CPU:  26.3%
mdfil_info:  50.0%   33 sec CPU:  28.0%
mdfil_info:  60.0%   39 sec CPU:  28.9%
mdfil_info:  70.0%   44 sec CPU:  30.0%
mdfil_info:  80.0%   49 sec CPU:  31.2%
mdfil_info:  90.0%   57 sec CPU:  29.7%
mdfil_info: 100.0%   64 sec CPU:  29.5%
mdfil_info: 100.0%   64 sec CPU:  29.5%
21991
AMSCommonsI-I-HardwareIdentifiedAs Linux 3.10.0-957.12.1.el7.x86_64 x86_64 2
AMSCommonsI-I-Identified as LittleEndian 64 bit machine. 4294967295
AMSCommonsI-I-amsdatabase /cvmfs/ams.cern.ch/Offline/AMSDataDir/DataBase/
AMSCommonsI-I-MipsFromCPUInfo: 2394.45
AMSCommonsI-I-SystemIdentified as  Intel Core Processor (Haswell, no TSX, IBRS)
AMSCommonsI-I-ComputerEvaluatedAsMips 3591
AMS Software version v5.02/1220/12 built Fri Apr 19 23:54:38 2019

Geant4  Version 1033
Run ID: 271 Bartel: 41
Input Destination: /eos/ams/user/s/selu/mdst/He122/mdst_60441811.root
Output Destination: /afs/cern.ch/work/c/ctuysuz/private/he_flux/LSF/result_mc_time/time_41/he_flux_41_271.root
Add hist00 from /eos/ams/user/s/selu/mdst/He122/mdst_60441811.root
Start of Init
Use new binning
Start of Eventloop
Ntr, Nent= 1 441064
IsMC= 1
Parameter[0] = -2.77453
Parameter[1] = -3.05397
Parameter[2] = -3.61054
Parameter[3] = -5.55839
Parameter[4] = 0.485122
Parameter[5] = -2.44204
mdfil_info:  10.0%    2 sec CPU:  77.0%
mdfil_info:  20.0%    4 sec CPU:  83.4%
mdfil_info:  30.0%    6 sec CPU:  85.6%
mdfil_info:  40.0%    8 sec CPU:  86.6%
mdfil_info:  50.0%   10 sec CPU:  87.6%
mdfil_info:  60.0%   11 sec CPU:  88.2%
mdfil_info:  70.0%   13 sec CPU:  88.7%
mdfil_info:  80.0%   15 sec CPU:  88.9%
mdfil_info:  90.0%   17 sec CPU:  88.9%
mdfil_info: 100.0%   19 sec CPU:  89.0%
mdfil_info: 100.0%   19 sec CPU:  89.0%
36706
AMSCommonsI-I-HardwareIdentifiedAs Linux 3.10.0-957.12.1.el7.x86_64 x86_64 2
AMSCommonsI-I-Identified as LittleEndian 64 bit machine. 4294967295
AMSCommonsI-I-amsdatabase /cvmfs/ams.cern.ch/Offline/AMSDataDir/DataBase/
AMSCommonsI-I-MipsFromCPUInfo: 2394.45
AMSCommonsI-I-SystemIdentified as  Intel Core Processor (Haswell, no TSX, IBRS)
AMSCommonsI-I-ComputerEvaluatedAsMips 3591
AMS Software version v5.02/1220/12 built Fri Apr 19 23:54:38 2019

Geant4  Version 1033
Run ID: 453 Bartel: 14
Input Destination: /eos/ams/user/s/selu/mdst/He314/mdst_120929853.root
Output Destination: /afs/cern.ch/work/c/ctuysuz/private/he_flux/LSF/result_mc_time/time_14/he_flux_14_453.root
Add hist00 from /eos/ams/user/s/selu/mdst/He314/mdst_120929853.root
Start of Init
Use new binning
Start of Eventloop
Ntr, Nent= 1 98147
IsMC= 1
Parameter[0] = -2.62922
Parameter[1] = -3.00854
Parameter[2] = -3.59134
Parameter[3] = -5.49431
Parameter[4] = 0.150366
Parameter[5] = -2.1251
mdfil_info:  10.0%    1 sec CPU:  73.4%
mdfil_info:  20.0%    1 sec CPU:  76.5%
mdfil_info:  30.0%    2 sec CPU:  78.6%
mdfil_info:  40.0%    2 sec CPU:  80.3%
mdfil_info:  50.0%    3 sec CPU:  82.5%
mdfil_info:  60.0%    3 sec CPU:  83.6%
mdfil_info:  70.0%    4 sec CPU:  84.8%
mdfil_info:  80.0%    4 sec CPU:  85.3%
mdfil_info:  90.0%    4 sec CPU:  85.7%
mdfil_info: 100.0%    5 sec CPU:  86.2%
mdfil_info: 100.0%    5 sec CPU:  86.2%
