WARN: the 'eosmount' alias is deprecated, please use /eos directly
License ports: 28518@lxlicen01.cern.ch,28518@lxlicen02.cern.ch,28518@lxlicen03.cern.ch:/cvmfs/projects.cern.ch/intelsw/psxe/linux/licenses
Intel(R) Parallel Studio XE 2018 Update 2 for Linux*
Copyright (C) 2009-2018 Intel Corporation. All rights reserved.
575
AMSCommonsI-I-HardwareIdentifiedAs Linux 3.10.0-957.10.1.el7.x86_64 x86_64 2
AMSCommonsI-I-Identified as LittleEndian 64 bit machine. 4294967295
AMSCommonsI-I-amsdatabase /cvmfs/ams.cern.ch/Offline/AMSDataDir/DataBase/
AMSCommonsI-I-MipsFromCPUInfo: 2194.92
AMSCommonsI-I-SystemIdentified as  Intel(R) Xeon(R) CPU E5-2630 v4 @ 2.20GHz
AMSCommonsI-I-ComputerEvaluatedAsMips 3511
AMS Software version v5.02/1220/12 built Fri Apr 19 23:54:38 2019

Geant4  Version 1033
Run ID: 7 Bartel: 9
Input Destination: /eos/ams/user/s/selu/mdst/He122/mdst_60441546.root
Output Destination: /afs/cern.ch/work/c/ctuysuz/private/he_flux/LSF/result_mc_time/time_9/he_flux_9_7.root
Add hist00 from /eos/ams/user/s/selu/mdst/He122/mdst_60441546.root
Start of Init
Use new binning
Start of Eventloop
Ntr, Nent= 1 438469
IsMC= 1
Parameter[0] = -2.5816
Parameter[1] = -2.99063
Parameter[2] = -3.57962
Parameter[3] = -5.50019
Parameter[4] = 0.0791501
Parameter[5] = -2.253
mdfil_info:  10.0%   21 sec CPU:  11.3%
mdfil_info:  20.0%   32 sec CPU:  14.4%
mdfil_info:  30.0%   42 sec CPU:  15.9%
mdfil_info:  40.0%   59 sec CPU:  15.3%
mdfil_info:  50.0%   68 sec CPU:  16.5%
mdfil_info:  60.0%   79 sec CPU:  16.9%
mdfil_info:  70.0%   92 sec CPU:  16.8%
mdfil_info:  80.0%  104 sec CPU:  17.0%
mdfil_info:  90.0%  112 sec CPU:  17.7%
mdfil_info: 100.0%  120 sec CPU:  18.3%
mdfil_info: 100.0%  120 sec CPU:  18.3%
15290
AMSCommonsI-I-HardwareIdentifiedAs Linux 3.10.0-957.10.1.el7.x86_64 x86_64 2
AMSCommonsI-I-Identified as LittleEndian 64 bit machine. 4294967295
AMSCommonsI-I-amsdatabase /cvmfs/ams.cern.ch/Offline/AMSDataDir/DataBase/
AMSCommonsI-I-MipsFromCPUInfo: 2194.92
AMSCommonsI-I-SystemIdentified as  Intel(R) Xeon(R) CPU E5-2630 v4 @ 2.20GHz
AMSCommonsI-I-ComputerEvaluatedAsMips 3511
AMS Software version v5.02/1220/12 built Fri Apr 19 23:54:38 2019

Geant4  Version 1033
Run ID: 188 Bartel: 63
Input Destination: /eos/ams/user/s/selu/mdst/He122/mdst_60441728.root
Output Destination: /afs/cern.ch/work/c/ctuysuz/private/he_flux/LSF/result_mc_time/time_63/he_flux_63_188.root
Add hist00 from /eos/ams/user/s/selu/mdst/He122/mdst_60441728.root
Start of Init
Use new binning
Start of Eventloop
Ntr, Nent= 1 443356
IsMC= 1
Parameter[0] = -2.618
Parameter[1] = -3.00649
Parameter[2] = -3.59895
Parameter[3] = -5.51567
Parameter[4] = 0.0987089
Parameter[5] = -2.27434
mdfil_info:  10.0%    4 sec CPU:  67.1%
mdfil_info:  20.0%    6 sec CPU:  73.4%
mdfil_info:  30.0%    9 sec CPU:  76.7%
mdfil_info:  40.0%   12 sec CPU:  78.1%
mdfil_info:  50.0%   14 sec CPU:  79.0%
mdfil_info:  60.0%   17 sec CPU:  79.6%
mdfil_info:  70.0%   19 sec CPU:  80.6%
mdfil_info:  80.0%   22 sec CPU:  81.3%
mdfil_info:  90.0%   24 sec CPU:  81.8%
mdfil_info: 100.0%   27 sec CPU:  82.0%
mdfil_info: 100.0%   27 sec CPU:  82.0%
30005
AMSCommonsI-I-HardwareIdentifiedAs Linux 3.10.0-957.10.1.el7.x86_64 x86_64 2
AMSCommonsI-I-Identified as LittleEndian 64 bit machine. 4294967295
AMSCommonsI-I-amsdatabase /cvmfs/ams.cern.ch/Offline/AMSDataDir/DataBase/
AMSCommonsI-I-MipsFromCPUInfo: 2194.92
AMSCommonsI-I-SystemIdentified as  Intel(R) Xeon(R) CPU E5-2630 v4 @ 2.20GHz
AMSCommonsI-I-ComputerEvaluatedAsMips 3511
AMS Software version v5.02/1220/12 built Fri Apr 19 23:54:38 2019

Geant4  Version 1033
Run ID: 370 Bartel: 36
Input Destination: /eos/ams/user/s/selu/mdst/He122/mdst_60442258.root
Output Destination: /afs/cern.ch/work/c/ctuysuz/private/he_flux/LSF/result_mc_time/time_36/he_flux_36_370.root
Add hist00 from /eos/ams/user/s/selu/mdst/He122/mdst_60442258.root
Start of Init
Use new binning
Start of Eventloop
Ntr, Nent= 1 437734
IsMC= 1
Parameter[0] = -2.79557
Parameter[1] = -3.06246
Parameter[2] = -3.62389
Parameter[3] = -5.5927
Parameter[4] = 0.507214
Parameter[5] = -2.70126
mdfil_info:  10.0%    3 sec CPU:  72.9%
mdfil_info:  20.0%    6 sec CPU:  79.3%
mdfil_info:  30.0%    8 sec CPU:  81.8%
mdfil_info:  40.0%   10 sec CPU:  83.0%
mdfil_info:  50.0%   13 sec CPU:  83.5%
mdfil_info:  60.0%   16 sec CPU:  84.2%
mdfil_info:  70.0%   18 sec CPU:  84.7%
mdfil_info:  80.0%   20 sec CPU:  85.1%
mdfil_info:  90.0%   23 sec CPU:  85.2%
mdfil_info: 100.0%   25 sec CPU:  85.3%
mdfil_info: 100.0%   25 sec CPU:  85.3%
