WARN: the 'eosmount' alias is deprecated, please use /eos directly
License ports: 28518@lxlicen01.cern.ch,28518@lxlicen02.cern.ch,28518@lxlicen03.cern.ch:/cvmfs/projects.cern.ch/intelsw/psxe/linux/licenses
Intel(R) Parallel Studio XE 2018 Update 2 for Linux*
Copyright (C) 2009-2018 Intel Corporation. All rights reserved.
11423
AMSCommonsI-I-HardwareIdentifiedAs Linux 3.10.0-957.10.1.el7.x86_64 x86_64 2
AMSCommonsI-I-Identified as LittleEndian 64 bit machine. 4294967295
AMSCommonsI-I-amsdatabase /cvmfs/ams.cern.ch/Offline/AMSDataDir/DataBase/
AMSCommonsI-I-MipsFromCPUInfo: 2194.92
AMSCommonsI-I-SystemIdentified as  Intel(R) Xeon(R) CPU E5-2630 v4 @ 2.20GHz
AMSCommonsI-I-ComputerEvaluatedAsMips 3511
AMS Software version v5.02/1220/12 built Fri Apr 19 23:54:38 2019

Geant4  Version 1033
Run ID: 141 Bartel: 3
Input Destination: /eos/ams/user/s/selu/mdst/He122/mdst_60441681.root
Output Destination: /afs/cern.ch/work/c/ctuysuz/private/he_flux/LSF/result_mc_time/time_3/he_flux_3_141.root
Add hist00 from /eos/ams/user/s/selu/mdst/He122/mdst_60441681.root
Start of Init
Use new binning
Start of Eventloop
Ntr, Nent= 1 437001
IsMC= 1
Parameter[0] = -2.60444
Parameter[1] = -2.96917
Parameter[2] = -3.55869
Parameter[3] = -5.49263
Parameter[4] = 0.194958
Parameter[5] = -2.37354
mdfil_info:  10.0%    3 sec CPU:  77.0%
mdfil_info:  20.0%    5 sec CPU:  82.4%
mdfil_info:  30.0%    7 sec CPU:  83.8%
mdfil_info:  40.0%    9 sec CPU:  84.1%
mdfil_info:  50.0%   11 sec CPU:  84.5%
mdfil_info:  60.0%   13 sec CPU:  84.4%
mdfil_info:  70.0%   16 sec CPU:  84.5%
mdfil_info:  80.0%   18 sec CPU:  84.3%
mdfil_info:  90.0%   21 sec CPU:  84.2%
mdfil_info: 100.0%   23 sec CPU:  84.2%
mdfil_info: 100.0%   23 sec CPU:  84.2%
26138
AMSCommonsI-I-HardwareIdentifiedAs Linux 3.10.0-957.10.1.el7.x86_64 x86_64 2
AMSCommonsI-I-Identified as LittleEndian 64 bit machine. 4294967295
AMSCommonsI-I-amsdatabase /cvmfs/ams.cern.ch/Offline/AMSDataDir/DataBase/
AMSCommonsI-I-MipsFromCPUInfo: 2194.92
AMSCommonsI-I-SystemIdentified as  Intel(R) Xeon(R) CPU E5-2630 v4 @ 2.20GHz
AMSCommonsI-I-ComputerEvaluatedAsMips 3511
AMS Software version v5.02/1220/12 built Fri Apr 19 23:54:38 2019

Geant4  Version 1033
Run ID: 322 Bartel: 57
Input Destination: /eos/ams/user/s/selu/mdst/He122/mdst_60441862.root
Output Destination: /afs/cern.ch/work/c/ctuysuz/private/he_flux/LSF/result_mc_time/time_57/he_flux_57_322.root
Add hist00 from /eos/ams/user/s/selu/mdst/He122/mdst_60441862.root
Start of Init
Use new binning
Start of Eventloop
Ntr, Nent= 1 438864
IsMC= 1
Parameter[0] = -2.70293
Parameter[1] = -3.03976
Parameter[2] = -3.61538
Parameter[3] = -5.54214
Parameter[4] = 0.274724
Parameter[5] = -2.38056
mdfil_info:  10.0%   17 sec CPU:  13.3%
mdfil_info:  20.0%   26 sec CPU:  16.8%
mdfil_info:  30.0%   37 sec CPU:  17.5%
mdfil_info:  40.0%   46 sec CPU:  18.6%
mdfil_info:  50.0%   56 sec CPU:  19.0%
mdfil_info:  60.0%   65 sec CPU:  19.7%
mdfil_info:  70.0%   77 sec CPU:  19.7%
mdfil_info:  80.0%   91 sec CPU:  19.0%
mdfil_info:  90.0%  100 sec CPU:  19.3%
mdfil_info: 100.0%  110 sec CPU:  19.4%
mdfil_info: 100.0%  110 sec CPU:  19.4%
40853
AMSCommonsI-I-HardwareIdentifiedAs Linux 3.10.0-957.10.1.el7.x86_64 x86_64 2
AMSCommonsI-I-Identified as LittleEndian 64 bit machine. 4294967295
AMSCommonsI-I-amsdatabase /cvmfs/ams.cern.ch/Offline/AMSDataDir/DataBase/
AMSCommonsI-I-MipsFromCPUInfo: 2194.92
AMSCommonsI-I-SystemIdentified as  Intel(R) Xeon(R) CPU E5-2630 v4 @ 2.20GHz
AMSCommonsI-I-ComputerEvaluatedAsMips 3511
AMS Software version v5.02/1220/12 built Fri Apr 19 23:54:38 2019

Geant4  Version 1033
Run ID: 504 Bartel: 30
Input Destination: /eos/ams/user/s/selu/mdst/He314/mdst_120929905.root
Output Destination: /afs/cern.ch/work/c/ctuysuz/private/he_flux/LSF/result_mc_time/time_30/he_flux_30_504.root
Add hist00 from /eos/ams/user/s/selu/mdst/He314/mdst_120929905.root
Start of Init
Use new binning
Start of Eventloop
Ntr, Nent= 1 122539
IsMC= 1
Parameter[0] = -2.78302
Parameter[1] = -3.06111
Parameter[2] = -3.62424
Parameter[3] = -5.59535
Parameter[4] = 0.417456
Parameter[5] = -2.69098
mdfil_info:  10.0%    1 sec CPU:  72.2%
mdfil_info:  20.0%    2 sec CPU:  74.0%
mdfil_info:  30.0%    3 sec CPU:  75.3%
mdfil_info:  40.0%    3 sec CPU:  78.0%
mdfil_info:  50.0%    4 sec CPU:  80.3%
mdfil_info:  60.0%    4 sec CPU:  81.5%
mdfil_info:  70.0%    5 sec CPU:  82.7%
mdfil_info:  80.0%    5 sec CPU:  83.5%
mdfil_info:  90.0%    6 sec CPU:  84.3%
mdfil_info: 100.0%    7 sec CPU:  85.2%
mdfil_info: 100.0%    7 sec CPU:  85.2%
