WARN: the 'eosmount' alias is deprecated, please use /eos directly
License ports: 28518@lxlicen01.cern.ch,28518@lxlicen02.cern.ch,28518@lxlicen03.cern.ch:/cvmfs/projects.cern.ch/intelsw/psxe/linux/licenses
Intel(R) Parallel Studio XE 2018 Update 2 for Linux*
Copyright (C) 2009-2018 Intel Corporation. All rights reserved.
9630
AMSCommonsI-I-HardwareIdentifiedAs Linux 3.10.0-957.12.2.el7.x86_64 x86_64 2
AMSCommonsI-I-Identified as LittleEndian 64 bit machine. 4294967295
AMSCommonsI-I-amsdatabase /cvmfs/ams.cern.ch/Offline/AMSDataDir/DataBase/
AMSCommonsI-I-MipsFromCPUInfo: 2394.45
AMSCommonsI-I-SystemIdentified as  Intel(R) Xeon(R) CPU E5-2630 v3 @ 2.40GHz
AMSCommonsI-I-ComputerEvaluatedAsMips 3831
AMS Software version v5.02/1220/12 built Fri Apr 19 23:54:38 2019

Geant4  Version 1033
Run ID: 118 Bartel: 73
Input Destination: /eos/ams/user/s/selu/mdst/He122/mdst_60441658.root
Output Destination: /afs/cern.ch/work/c/ctuysuz/private/he_flux/LSF/result_mc_time/time_73/he_flux_73_118.root
Add hist00 from /eos/ams/user/s/selu/mdst/He122/mdst_60441658.root
Start of Init
Use new binning
Start of Eventloop
Ntr, Nent= 1 435033
IsMC= 1
Parameter[0] = -2.52877
Parameter[1] = -2.96916
Parameter[2] = -3.58403
Parameter[3] = -5.48816
Parameter[4] = 0.0284517
Parameter[5] = -2.25131
mdfil_info:  10.0%   15 sec CPU:  14.5%
mdfil_info:  20.0%   20 sec CPU:  19.9%
mdfil_info:  30.0%   25 sec CPU:  23.4%
mdfil_info:  40.0%   31 sec CPU:  25.1%
mdfil_info:  50.0%   37 sec CPU:  25.8%
mdfil_info:  60.0%   43 sec CPU:  26.6%
mdfil_info:  70.0%   49 sec CPU:  27.6%
mdfil_info:  80.0%   54 sec CPU:  28.4%
mdfil_info:  90.0%   59 sec CPU:  28.9%
mdfil_info: 100.0%   64 sec CPU:  29.4%
mdfil_info: 100.0%   64 sec CPU:  29.4%
24345
AMSCommonsI-I-HardwareIdentifiedAs Linux 3.10.0-957.12.2.el7.x86_64 x86_64 2
AMSCommonsI-I-Identified as LittleEndian 64 bit machine. 4294967295
AMSCommonsI-I-amsdatabase /cvmfs/ams.cern.ch/Offline/AMSDataDir/DataBase/
AMSCommonsI-I-MipsFromCPUInfo: 2394.45
AMSCommonsI-I-SystemIdentified as  Intel(R) Xeon(R) CPU E5-2630 v3 @ 2.40GHz
AMSCommonsI-I-ComputerEvaluatedAsMips 3831
AMS Software version v5.02/1220/12 built Fri Apr 19 23:54:38 2019

Geant4  Version 1033
Run ID: 300 Bartel: 46
39060
AMSCommonsI-I-HardwareIdentifiedAs Linux 3.10.0-957.12.2.el7.x86_64 x86_64 2
AMSCommonsI-I-Identified as LittleEndian 64 bit machine. 4294967295
AMSCommonsI-I-amsdatabase /cvmfs/ams.cern.ch/Offline/AMSDataDir/DataBase/
AMSCommonsI-I-MipsFromCPUInfo: 2394.45
AMSCommonsI-I-SystemIdentified as  Intel(R) Xeon(R) CPU E5-2630 v3 @ 2.40GHz
AMSCommonsI-I-ComputerEvaluatedAsMips 3831
AMS Software version v5.02/1220/12 built Fri Apr 19 23:54:38 2019

Geant4  Version 1033
Run ID: 482 Bartel: 19
Input Destination: /eos/ams/user/s/selu/mdst/He314/mdst_120929882.root
Output Destination: /afs/cern.ch/work/c/ctuysuz/private/he_flux/LSF/result_mc_time/time_19/he_flux_19_482.root
Add hist00 from /eos/ams/user/s/selu/mdst/He314/mdst_120929882.root
Start of Init
Use new binning
Start of Eventloop
Ntr, Nent= 1 122458
IsMC= 1
Parameter[0] = -2.70235
Parameter[1] = -3.03758
Parameter[2] = -3.60308
Parameter[3] = -5.55191
Parameter[4] = 0.242617
Parameter[5] = -2.38008
mdfil_info:  10.0%    1 sec CPU:  77.8%
mdfil_info:  20.0%    1 sec CPU:  78.5%
mdfil_info:  30.0%    2 sec CPU:  80.6%
mdfil_info:  40.0%    2 sec CPU:  82.2%
mdfil_info:  50.0%    3 sec CPU:  83.6%
mdfil_info:  60.0%    3 sec CPU:  84.2%
mdfil_info:  70.0%    4 sec CPU:  85.2%
mdfil_info:  80.0%    4 sec CPU:  85.4%
mdfil_info:  90.0%    5 sec CPU:  86.0%
mdfil_info: 100.0%    5 sec CPU:  86.2%
mdfil_info: 100.0%    5 sec CPU:  86.2%
