WARN: the 'eosmount' alias is deprecated, please use /eos directly
License ports: 28518@lxlicen01.cern.ch,28518@lxlicen02.cern.ch,28518@lxlicen03.cern.ch:/cvmfs/projects.cern.ch/intelsw/psxe/linux/licenses
Intel(R) Parallel Studio XE 2018 Update 2 for Linux*
Copyright (C) 2009-2018 Intel Corporation. All rights reserved.
13281
AMSCommonsI-I-HardwareIdentifiedAs Linux 3.10.0-957.12.1.el7.x86_64 x86_64 2
AMSCommonsI-I-Identified as LittleEndian 64 bit machine. 4294967295
AMSCommonsI-I-amsdatabase /cvmfs/ams.cern.ch/Offline/AMSDataDir/DataBase/
AMSCommonsI-I-MipsFromCPUInfo: 2194.92
AMSCommonsI-I-SystemIdentified as  Intel(R) Xeon(R) CPU E5-2630 v4 @ 2.20GHz
AMSCommonsI-I-ComputerEvaluatedAsMips 3511
AMS Software version v5.02/1220/12 built Fri Apr 19 23:54:38 2019

Geant4  Version 1033
Run ID: 163 Bartel: 79
Input Destination: /eos/ams/user/s/selu/mdst/He122/mdst_60441703.root
Output Destination: /afs/cern.ch/work/c/ctuysuz/private/he_flux/LSF/result_mc_time/time_79/he_flux_79_163.root
Add hist00 from /eos/ams/user/s/selu/mdst/He122/mdst_60441703.root
Start of Init
Use new binning
Start of Eventloop
Ntr, Nent= 1 440579
IsMC= 1
Parameter[0] = -2.39896
Parameter[1] = -2.88073
Parameter[2] = -3.50275
Parameter[3] = -5.43121
Parameter[4] = -0.0783246
Parameter[5] = -2.2346
mdfil_info:  10.0%   15 sec CPU:  13.7%
mdfil_info:  20.0%   20 sec CPU:  18.8%
mdfil_info:  30.0%   25 sec CPU:  21.9%
mdfil_info:  40.0%   30 sec CPU:  24.0%
mdfil_info:  50.0%   35 sec CPU:  25.3%
mdfil_info:  60.0%   40 sec CPU:  26.7%
mdfil_info:  70.0%   45 sec CPU:  27.4%
mdfil_info:  80.0%   50 sec CPU:  28.1%
mdfil_info:  90.0%   56 sec CPU:  28.7%
mdfil_info: 100.0%   61 sec CPU:  29.0%
mdfil_info: 100.0%   61 sec CPU:  29.0%
27996
AMSCommonsI-I-HardwareIdentifiedAs Linux 3.10.0-957.12.1.el7.x86_64 x86_64 2
AMSCommonsI-I-Identified as LittleEndian 64 bit machine. 4294967295
AMSCommonsI-I-amsdatabase /cvmfs/ams.cern.ch/Offline/AMSDataDir/DataBase/
AMSCommonsI-I-MipsFromCPUInfo: 2194.92
AMSCommonsI-I-SystemIdentified as  Intel(R) Xeon(R) CPU E5-2630 v4 @ 2.20GHz
AMSCommonsI-I-ComputerEvaluatedAsMips 3511
AMS Software version v5.02/1220/12 built Fri Apr 19 23:54:38 2019

Geant4  Version 1033
Run ID: 345 Bartel: 52
Input Destination: /eos/ams/user/s/selu/mdst/He122/mdst_60441885.root
Output Destination: /afs/cern.ch/work/c/ctuysuz/private/he_flux/LSF/result_mc_time/time_52/he_flux_52_345.root
Add hist00 from /eos/ams/user/s/selu/mdst/He122/mdst_60441885.root
Start of Init
Use new binning
Start of Eventloop
Ntr, Nent= 1 438135
IsMC= 1
Parameter[0] = -2.76482
Parameter[1] = -3.07402
Parameter[2] = -3.6335
Parameter[3] = -5.56178
Parameter[4] = 0.322865
Parameter[5] = -2.42167
mdfil_info:  10.0%    2 sec CPU:  77.4%
mdfil_info:  20.0%    4 sec CPU:  83.3%
mdfil_info:  30.0%    6 sec CPU:  84.4%
mdfil_info:  40.0%    8 sec CPU:  85.6%
mdfil_info:  50.0%    9 sec CPU:  86.0%
mdfil_info:  60.0%   11 sec CPU:  86.6%
mdfil_info:  70.0%   13 sec CPU:  87.0%
mdfil_info:  80.0%   15 sec CPU:  87.3%
mdfil_info:  90.0%   17 sec CPU:  87.2%
mdfil_info: 100.0%   19 sec CPU:  87.1%
mdfil_info: 100.0%   19 sec CPU:  87.1%
42711
AMSCommonsI-I-HardwareIdentifiedAs Linux 3.10.0-957.12.1.el7.x86_64 x86_64 2
AMSCommonsI-I-Identified as LittleEndian 64 bit machine. 4294967295
AMSCommonsI-I-amsdatabase /cvmfs/ams.cern.ch/Offline/AMSDataDir/DataBase/
AMSCommonsI-I-MipsFromCPUInfo: 2194.92
AMSCommonsI-I-SystemIdentified as  Intel(R) Xeon(R) CPU E5-2630 v4 @ 2.20GHz
AMSCommonsI-I-ComputerEvaluatedAsMips 3511
AMS Software version v5.02/1220/12 built Fri Apr 19 23:54:38 2019

Geant4  Version 1033
Run ID: 527 Bartel: 25
Input Destination: /eos/ams/user/s/selu/mdst/He314/mdst_120929930.root
Output Destination: /afs/cern.ch/work/c/ctuysuz/private/he_flux/LSF/result_mc_time/time_25/he_flux_25_527.root
Add hist00 from /eos/ams/user/s/selu/mdst/He314/mdst_120929930.root
Start of Init
Use new binning
Start of Eventloop
Ntr, Nent= 1 110768
IsMC= 1
Parameter[0] = -2.67598
Parameter[1] = -3.03462
Parameter[2] = -3.60443
Parameter[3] = -5.53205
Parameter[4] = 0.247616
Parameter[5] = -2.27738
mdfil_info:  10.0%    1 sec CPU:  75.2%
mdfil_info:  20.0%    1 sec CPU:  76.2%
mdfil_info:  30.0%    2 sec CPU:  76.5%
mdfil_info:  40.0%    2 sec CPU:  79.3%
mdfil_info:  50.0%    3 sec CPU:  81.1%
mdfil_info:  60.0%    3 sec CPU:  82.4%
mdfil_info:  70.0%    4 sec CPU:  83.2%
mdfil_info:  80.0%    4 sec CPU:  84.0%
mdfil_info:  90.0%    5 sec CPU:  84.9%
mdfil_info: 100.0%    5 sec CPU:  85.4%
mdfil_info: 100.0%    5 sec CPU:  85.4%
