WARN: the 'eosmount' alias is deprecated, please use /eos directly
License ports: 28518@lxlicen01.cern.ch,28518@lxlicen02.cern.ch,28518@lxlicen03.cern.ch:/cvmfs/projects.cern.ch/intelsw/psxe/linux/licenses
Intel(R) Parallel Studio XE 2018 Update 2 for Linux*
Copyright (C) 2009-2018 Intel Corporation. All rights reserved.
7440
AMSCommonsI-I-HardwareIdentifiedAs Linux 3.10.0-957.12.1.el7.x86_64 x86_64 2
AMSCommonsI-I-Identified as LittleEndian 64 bit machine. 4294967295
AMSCommonsI-I-amsdatabase /cvmfs/ams.cern.ch/Offline/AMSDataDir/DataBase/
AMSCommonsI-I-MipsFromCPUInfo: 2195.1
AMSCommonsI-I-SystemIdentified as  Intel(R) Xeon(R) CPU E5-2630 v4 @ 2.20GHz
AMSCommonsI-I-ComputerEvaluatedAsMips 3512
AMS Software version v5.02/1220/12 built Fri Apr 19 23:54:38 2019

Geant4  Version 1033
Run ID: 91 Bartel: 70
Input Destination: /eos/ams/user/s/selu/mdst/He122/mdst_60441631.root
Output Destination: /afs/cern.ch/work/c/ctuysuz/private/he_flux/LSF/result_mc_time/time_70/he_flux_70_91.root
Add hist00 from /eos/ams/user/s/selu/mdst/He122/mdst_60441631.root
Start of Init
Use new binning
Start of Eventloop
Ntr, Nent= 1 436882
IsMC= 1
Parameter[0] = -2.55238
Parameter[1] = -2.98162
Parameter[2] = -3.58419
Parameter[3] = -5.43685
Parameter[4] = 0.00689862
Parameter[5] = -1.78447
mdfil_info:  10.0%    2 sec CPU:  74.2%
mdfil_info:  20.0%    5 sec CPU:  79.6%
mdfil_info:  30.0%    7 sec CPU:  81.1%
mdfil_info:  40.0%    9 sec CPU:  82.5%
mdfil_info:  50.0%   11 sec CPU:  83.2%
mdfil_info:  60.0%   13 sec CPU:  83.8%
mdfil_info:  70.0%   15 sec CPU:  84.6%
mdfil_info:  80.0%   17 sec CPU:  85.0%
mdfil_info:  90.0%   20 sec CPU:  85.4%
mdfil_info: 100.0%   22 sec CPU:  85.7%
mdfil_info: 100.0%   22 sec CPU:  85.7%
22155
AMSCommonsI-I-HardwareIdentifiedAs Linux 3.10.0-957.12.1.el7.x86_64 x86_64 2
AMSCommonsI-I-Identified as LittleEndian 64 bit machine. 4294967295
AMSCommonsI-I-amsdatabase /cvmfs/ams.cern.ch/Offline/AMSDataDir/DataBase/
AMSCommonsI-I-MipsFromCPUInfo: 2195.1
AMSCommonsI-I-SystemIdentified as  Intel(R) Xeon(R) CPU E5-2630 v4 @ 2.20GHz
AMSCommonsI-I-ComputerEvaluatedAsMips 3512
AMS Software version v5.02/1220/12 built Fri Apr 19 23:54:38 2019

Geant4  Version 1033
Run ID: 273 Bartel: 43
Input Destination: /eos/ams/user/s/selu/mdst/He122/mdst_60441813.root
Output Destination: /afs/cern.ch/work/c/ctuysuz/private/he_flux/LSF/result_mc_time/time_43/he_flux_43_273.root
Add hist00 from /eos/ams/user/s/selu/mdst/He122/mdst_60441813.root
Start of Init
Use new binning
Start of Eventloop
Ntr, Nent= 1 438939
IsMC= 1
Parameter[0] = -2.79775
Parameter[1] = -3.07523
Parameter[2] = -3.62821
Parameter[3] = -5.6114
Parameter[4] = 0.460986
Parameter[5] = -2.73201
mdfil_info:  10.0%   19 sec CPU:  11.1%
mdfil_info:  20.0%   24 sec CPU:  15.4%
mdfil_info:  30.0%   31 sec CPU:  17.9%
mdfil_info:  40.0%   37 sec CPU:  20.2%
mdfil_info:  50.0%   44 sec CPU:  21.9%
mdfil_info:  60.0%   51 sec CPU:  22.8%
mdfil_info:  70.0%   57 sec CPU:  23.5%
mdfil_info:  80.0%   64 sec CPU:  24.0%
mdfil_info:  90.0%   70 sec CPU:  24.4%
mdfil_info: 100.0%   76 sec CPU:  24.9%
mdfil_info: 100.0%   76 sec CPU:  24.9%
36870
AMSCommonsI-I-HardwareIdentifiedAs Linux 3.10.0-957.12.1.el7.x86_64 x86_64 2
AMSCommonsI-I-Identified as LittleEndian 64 bit machine. 4294967295
AMSCommonsI-I-amsdatabase /cvmfs/ams.cern.ch/Offline/AMSDataDir/DataBase/
AMSCommonsI-I-MipsFromCPUInfo: 2195.1
AMSCommonsI-I-SystemIdentified as  Intel(R) Xeon(R) CPU E5-2630 v4 @ 2.20GHz
AMSCommonsI-I-ComputerEvaluatedAsMips 3512
AMS Software version v5.02/1220/12 built Fri Apr 19 23:54:38 2019

Geant4  Version 1033
Run ID: 455 Bartel: 16
Input Destination: /eos/ams/user/s/selu/mdst/He314/mdst_120929855.root
Output Destination: /afs/cern.ch/work/c/ctuysuz/private/he_flux/LSF/result_mc_time/time_16/he_flux_16_455.root
Add hist00 from /eos/ams/user/s/selu/mdst/He314/mdst_120929855.root
Start of Init
Use new binning
Start of Eventloop
Ntr, Nent= 1 122680
IsMC= 1
Parameter[0] = -2.6668
Parameter[1] = -3.03435
Parameter[2] = -3.60385
Parameter[3] = -5.49763
Parameter[4] = 0.211134
Parameter[5] = -2.07053
mdfil_info:  10.0%    0 sec CPU: 101.4%
mdfil_info:  20.0%    1 sec CPU: 100.4%
mdfil_info:  30.0%    1 sec CPU: 100.1%
mdfil_info:  40.0%    2 sec CPU:  99.8%
mdfil_info:  50.0%    2 sec CPU:  99.7%
mdfil_info:  60.0%    3 sec CPU:  99.7%
mdfil_info:  70.0%    3 sec CPU:  99.8%
mdfil_info:  80.0%    4 sec CPU:  99.9%
mdfil_info:  90.0%    4 sec CPU: 100.1%
mdfil_info: 100.0%    4 sec CPU:  99.9%
