WARN: the 'eosmount' alias is deprecated, please use /eos directly
License ports: 28518@lxlicen01.cern.ch,28518@lxlicen02.cern.ch,28518@lxlicen03.cern.ch:/cvmfs/projects.cern.ch/intelsw/psxe/linux/licenses
Intel(R) Parallel Studio XE 2018 Update 2 for Linux*
Copyright (C) 2009-2018 Intel Corporation. All rights reserved.
10110
AMSCommonsI-I-HardwareIdentifiedAs Linux 3.10.0-957.10.1.el7.x86_64 x86_64 2
AMSCommonsI-I-Identified as LittleEndian 64 bit machine. 4294967295
AMSCommonsI-I-amsdatabase /cvmfs/ams.cern.ch/Offline/AMSDataDir/DataBase/
AMSCommonsI-I-MipsFromCPUInfo: 2194.92
AMSCommonsI-I-SystemIdentified as  Intel(R) Xeon(R) CPU E5-2630 v4 @ 2.20GHz
AMSCommonsI-I-ComputerEvaluatedAsMips 3511
AMS Software version v5.02/1220/12 built Fri Apr 19 23:54:38 2019

Geant4  Version 1033
Run ID: 124 Bartel: 67
Input Destination: /eos/ams/user/s/selu/mdst/He122/mdst_60441664.root
Output Destination: /afs/cern.ch/work/c/ctuysuz/private/he_flux/LSF/result_mc_time/time_67/he_flux_67_124.root
Add hist00 from /eos/ams/user/s/selu/mdst/He122/mdst_60441664.root
Start of Init
Use new binning
Start of Eventloop
Ntr, Nent= 1 439806
IsMC= 1
Parameter[0] = -2.58662
Parameter[1] = -2.98984
Parameter[2] = -3.59559
Parameter[3] = -5.5153
Parameter[4] = 0.161079
Parameter[5] = -2.33345
mdfil_info:  10.0%   18 sec CPU:  13.1%
mdfil_info:  20.0%   31 sec CPU:  14.2%
mdfil_info:  30.0%   40 sec CPU:  16.2%
mdfil_info:  40.0%   49 sec CPU:  17.9%
mdfil_info:  50.0%   57 sec CPU:  19.3%
mdfil_info:  60.0%   64 sec CPU:  20.6%
mdfil_info:  70.0%   71 sec CPU:  21.4%
mdfil_info:  80.0%   78 sec CPU:  22.1%
mdfil_info:  90.0%   86 sec CPU:  22.8%
mdfil_info: 100.0%   92 sec CPU:  23.4%
mdfil_info: 100.0%   92 sec CPU:  23.4%
24825
AMSCommonsI-I-HardwareIdentifiedAs Linux 3.10.0-957.10.1.el7.x86_64 x86_64 2
AMSCommonsI-I-Identified as LittleEndian 64 bit machine. 4294967295
AMSCommonsI-I-amsdatabase /cvmfs/ams.cern.ch/Offline/AMSDataDir/DataBase/
AMSCommonsI-I-MipsFromCPUInfo: 2194.92
AMSCommonsI-I-SystemIdentified as  Intel(R) Xeon(R) CPU E5-2630 v4 @ 2.20GHz
AMSCommonsI-I-ComputerEvaluatedAsMips 3511
AMS Software version v5.02/1220/12 built Fri Apr 19 23:54:38 2019

Geant4  Version 1033
Run ID: 306 Bartel: 40
Input Destination: /eos/ams/user/s/selu/mdst/He122/mdst_60441846.root
Output Destination: /afs/cern.ch/work/c/ctuysuz/private/he_flux/LSF/result_mc_time/time_40/he_flux_40_306.root
Add hist00 from /eos/ams/user/s/selu/mdst/He122/mdst_60441846.root
Start of Init
Use new binning
Start of Eventloop
Ntr, Nent= 1 436760
IsMC= 1
Parameter[0] = -2.8011
Parameter[1] = -3.07357
Parameter[2] = -3.62055
Parameter[3] = -5.55933
Parameter[4] = 0.549697
Parameter[5] = -2.37552
mdfil_info:  10.0%    3 sec CPU:  72.3%
mdfil_info:  20.0%    5 sec CPU:  78.5%
mdfil_info:  30.0%    7 sec CPU:  81.3%
mdfil_info:  40.0%   10 sec CPU:  82.6%
mdfil_info:  50.0%   12 sec CPU:  83.1%
mdfil_info:  60.0%   14 sec CPU:  83.1%
mdfil_info:  70.0%   17 sec CPU:  83.5%
mdfil_info:  80.0%   19 sec CPU:  84.0%
mdfil_info:  90.0%   21 sec CPU:  84.4%
mdfil_info: 100.0%   23 sec CPU:  84.8%
39540
AMSCommonsI-I-HardwareIdentifiedAs Linux 3.10.0-957.10.1.el7.x86_64 x86_64 2
AMSCommonsI-I-Identified as LittleEndian 64 bit machine. 4294967295
AMSCommonsI-I-amsdatabase /cvmfs/ams.cern.ch/Offline/AMSDataDir/DataBase/
AMSCommonsI-I-MipsFromCPUInfo: 2194.92
AMSCommonsI-I-SystemIdentified as  Intel(R) Xeon(R) CPU E5-2630 v4 @ 2.20GHz
AMSCommonsI-I-ComputerEvaluatedAsMips 3511
AMS Software version v5.02/1220/12 built Fri Apr 19 23:54:38 2019

Geant4  Version 1033
Run ID: 488 Bartel: 13
Input Destination: /eos/ams/user/s/selu/mdst/He314/mdst_120929888.root
Output Destination: /afs/cern.ch/work/c/ctuysuz/private/he_flux/LSF/result_mc_time/time_13/he_flux_13_488.root
Add hist00 from /eos/ams/user/s/selu/mdst/He314/mdst_120929888.root
Start of Init
Use new binning
Start of Eventloop
Ntr, Nent= 1 122594
IsMC= 1
Parameter[0] = -2.65893
Parameter[1] = -3.01855
Parameter[2] = -3.59704
Parameter[3] = -5.53516
Parameter[4] = 0.293906
Parameter[5] = -2.25131
mdfil_info:  10.0%    1 sec CPU:  71.4%
mdfil_info:  20.0%    2 sec CPU:  73.2%
mdfil_info:  30.0%    3 sec CPU:  72.1%
mdfil_info:  40.0%    3 sec CPU:  75.0%
mdfil_info:  50.0%    4 sec CPU:  77.3%
mdfil_info:  60.0%    5 sec CPU:  78.8%
mdfil_info:  70.0%    5 sec CPU:  79.6%
mdfil_info:  80.0%    6 sec CPU:  80.2%
mdfil_info:  90.0%    7 sec CPU:  80.8%
mdfil_info: 100.0%    7 sec CPU:  81.4%
mdfil_info: 100.0%    7 sec CPU:  81.4%
