WARN: the 'eosmount' alias is deprecated, please use /eos directly
License ports: 28518@lxlicen01.cern.ch,28518@lxlicen02.cern.ch,28518@lxlicen03.cern.ch:/cvmfs/projects.cern.ch/intelsw/psxe/linux/licenses
Intel(R) Parallel Studio XE 2018 Update 2 for Linux*
Copyright (C) 2009-2018 Intel Corporation. All rights reserved.
3431
AMSCommonsI-I-HardwareIdentifiedAs Linux 3.10.0-957.10.1.el7.x86_64 x86_64 2
AMSCommonsI-I-Identified as LittleEndian 64 bit machine. 4294967295
AMSCommonsI-I-amsdatabase /cvmfs/ams.cern.ch/Offline/AMSDataDir/DataBase/
AMSCommonsI-I-MipsFromCPUInfo: 2194.92
AMSCommonsI-I-SystemIdentified as  Intel(R) Xeon(R) CPU E5-2630 v4 @ 2.20GHz
AMSCommonsI-I-ComputerEvaluatedAsMips 3511
AMS Software version v5.02/1220/12 built Fri Apr 19 23:54:38 2019

Geant4  Version 1033
Run ID: 42 Bartel: 30
Input Destination: /eos/ams/user/s/selu/mdst/He122/mdst_60441581.root
Output Destination: /afs/cern.ch/work/c/ctuysuz/private/he_flux/LSF/result_mc_time/time_30/he_flux_30_42.root
Add hist00 from /eos/ams/user/s/selu/mdst/He122/mdst_60441581.root
Start of Init
Use new binning
Start of Eventloop
Ntr, Nent= 1 434192
IsMC= 1
Parameter[0] = -2.78302
Parameter[1] = -3.06111
Parameter[2] = -3.62424
Parameter[3] = -5.59535
Parameter[4] = 0.417456
Parameter[5] = -2.69098
mdfil_info:  10.0%    3 sec CPU:  69.7%
mdfil_info:  20.0%    6 sec CPU:  73.8%
mdfil_info:  30.0%   10 sec CPU:  63.0%
mdfil_info:  40.0%   13 sec CPU:  64.5%
mdfil_info:  50.0%   16 sec CPU:  66.4%
mdfil_info:  60.0%   18 sec CPU:  68.4%
mdfil_info:  70.0%   21 sec CPU:  70.1%
mdfil_info:  80.0%   23 sec CPU:  71.3%
mdfil_info:  90.0%   25 sec CPU:  72.4%
mdfil_info: 100.0%   28 sec CPU:  73.3%
mdfil_info: 100.0%   28 sec CPU:  73.3%
18146
AMSCommonsI-I-HardwareIdentifiedAs Linux 3.10.0-957.10.1.el7.x86_64 x86_64 2
AMSCommonsI-I-Identified as LittleEndian 64 bit machine. 4294967295
AMSCommonsI-I-amsdatabase /cvmfs/ams.cern.ch/Offline/AMSDataDir/DataBase/
AMSCommonsI-I-MipsFromCPUInfo: 2194.92
AMSCommonsI-I-SystemIdentified as  Intel(R) Xeon(R) CPU E5-2630 v4 @ 2.20GHz
AMSCommonsI-I-ComputerEvaluatedAsMips 3511
AMS Software version v5.02/1220/12 built Fri Apr 19 23:54:38 2019

Geant4  Version 1033
Run ID: 224 Bartel: 3
Input Destination: /eos/ams/user/s/selu/mdst/He122/mdst_60441764.root
Output Destination: /afs/cern.ch/work/c/ctuysuz/private/he_flux/LSF/result_mc_time/time_3/he_flux_3_224.root
Add hist00 from /eos/ams/user/s/selu/mdst/He122/mdst_60441764.root
Start of Init
Use new binning
Start of Eventloop
Ntr, Nent= 1 439005
IsMC= 1
Parameter[0] = -2.60444
Parameter[1] = -2.96917
Parameter[2] = -3.55869
Parameter[3] = -5.49263
Parameter[4] = 0.194958
Parameter[5] = -2.37354
mdfil_info:  10.0%    3 sec CPU:  68.0%
mdfil_info:  20.0%    6 sec CPU:  76.6%
mdfil_info:  30.0%    8 sec CPU:  79.3%
mdfil_info:  40.0%   10 sec CPU:  81.1%
mdfil_info:  50.0%   12 sec CPU:  82.0%
mdfil_info:  60.0%   14 sec CPU:  82.6%
mdfil_info:  70.0%   17 sec CPU:  83.4%
mdfil_info:  80.0%   19 sec CPU:  83.8%
mdfil_info:  90.0%   21 sec CPU:  83.9%
mdfil_info: 100.0%   23 sec CPU:  84.0%
mdfil_info: 100.0%   23 sec CPU:  84.0%
32861
AMSCommonsI-I-HardwareIdentifiedAs Linux 3.10.0-957.10.1.el7.x86_64 x86_64 2
AMSCommonsI-I-Identified as LittleEndian 64 bit machine. 4294967295
AMSCommonsI-I-amsdatabase /cvmfs/ams.cern.ch/Offline/AMSDataDir/DataBase/
AMSCommonsI-I-MipsFromCPUInfo: 2194.92
AMSCommonsI-I-SystemIdentified as  Intel(R) Xeon(R) CPU E5-2630 v4 @ 2.20GHz
AMSCommonsI-I-ComputerEvaluatedAsMips 3511
AMS Software version v5.02/1220/12 built Fri Apr 19 23:54:38 2019

Geant4  Version 1033
Run ID: 405 Bartel: 57
Input Destination: /eos/ams/user/s/selu/mdst/He122/mdst_60442293.root
Output Destination: /afs/cern.ch/work/c/ctuysuz/private/he_flux/LSF/result_mc_time/time_57/he_flux_57_405.root
Add hist00 from /eos/ams/user/s/selu/mdst/He122/mdst_60442293.root
Start of Init
Use new binning
Start of Eventloop
Ntr, Nent= 1 394551
IsMC= 1
Parameter[0] = -2.70293
Parameter[1] = -3.03976
Parameter[2] = -3.61538
Parameter[3] = -5.54214
Parameter[4] = 0.274724
Parameter[5] = -2.38056
mdfil_info:  10.0%   18 sec CPU:  11.3%
mdfil_info:  20.0%   25 sec CPU:  15.4%
mdfil_info:  30.0%   31 sec CPU:  18.1%
mdfil_info:  40.0%   39 sec CPU:  19.3%
mdfil_info:  50.0%   48 sec CPU:  20.0%
mdfil_info:  60.0%   55 sec CPU:  20.5%
mdfil_info:  70.0%   63 sec CPU:  20.8%
mdfil_info:  80.0%   71 sec CPU:  21.3%
mdfil_info:  90.0%   76 sec CPU:  22.1%
mdfil_info: 100.0%   82 sec CPU:  22.8%
mdfil_info: 100.0%   82 sec CPU:  22.8%
