WARN: the 'eosmount' alias is deprecated, please use /eos directly
License ports: 28518@lxlicen01.cern.ch,28518@lxlicen02.cern.ch,28518@lxlicen03.cern.ch:/cvmfs/projects.cern.ch/intelsw/psxe/linux/licenses
Intel(R) Parallel Studio XE 2018 Update 2 for Linux*
Copyright (C) 2009-2018 Intel Corporation. All rights reserved.
10764
AMSCommonsI-I-HardwareIdentifiedAs Linux 3.10.0-957.10.1.el7.x86_64 x86_64 2
AMSCommonsI-I-Identified as LittleEndian 64 bit machine. 4294967295
AMSCommonsI-I-amsdatabase /cvmfs/ams.cern.ch/Offline/AMSDataDir/DataBase/
AMSCommonsI-I-MipsFromCPUInfo: 2194.92
AMSCommonsI-I-SystemIdentified as  Intel(R) Xeon(R) CPU E5-2630 v4 @ 2.20GHz
AMSCommonsI-I-ComputerEvaluatedAsMips 3511
AMS Software version v5.02/1220/12 built Fri Apr 19 23:54:38 2019

Geant4  Version 1033
Run ID: 132 Bartel: 73
Input Destination: /eos/ams/user/s/selu/mdst/He122/mdst_60441672.root
Output Destination: /afs/cern.ch/work/c/ctuysuz/private/he_flux/LSF/result_mc_time/time_73/he_flux_73_132.root
Add hist00 from /eos/ams/user/s/selu/mdst/He122/mdst_60441672.root
Start of Init
Use new binning
Start of Eventloop
Ntr, Nent= 1 436413
IsMC= 1
Parameter[0] = -2.52877
Parameter[1] = -2.96916
Parameter[2] = -3.58403
Parameter[3] = -5.48816
Parameter[4] = 0.0284517
Parameter[5] = -2.25131
mdfil_info:  10.0%   17 sec CPU:  13.6%
mdfil_info:  20.0%   25 sec CPU:  18.2%
mdfil_info:  30.0%   31 sec CPU:  22.1%
mdfil_info:  40.0%   37 sec CPU:  24.4%
mdfil_info:  50.0%   43 sec CPU:  26.0%
mdfil_info:  60.0%   51 sec CPU:  26.5%
mdfil_info:  70.0%   57 sec CPU:  27.4%
mdfil_info:  80.0%   64 sec CPU:  27.9%
mdfil_info:  90.0%   71 sec CPU:  28.4%
mdfil_info: 100.0%   77 sec CPU:  28.9%
mdfil_info: 100.0%   77 sec CPU:  28.9%
25479
AMSCommonsI-I-HardwareIdentifiedAs Linux 3.10.0-957.10.1.el7.x86_64 x86_64 2
AMSCommonsI-I-Identified as LittleEndian 64 bit machine. 4294967295
AMSCommonsI-I-amsdatabase /cvmfs/ams.cern.ch/Offline/AMSDataDir/DataBase/
AMSCommonsI-I-MipsFromCPUInfo: 2194.92
AMSCommonsI-I-SystemIdentified as  Intel(R) Xeon(R) CPU E5-2630 v4 @ 2.20GHz
AMSCommonsI-I-ComputerEvaluatedAsMips 3511
AMS Software version v5.02/1220/12 built Fri Apr 19 23:54:38 2019

Geant4  Version 1033
Run ID: 314 Bartel: 46
40194
AMSCommonsI-I-HardwareIdentifiedAs Linux 3.10.0-957.10.1.el7.x86_64 x86_64 2
AMSCommonsI-I-Identified as LittleEndian 64 bit machine. 4294967295
AMSCommonsI-I-amsdatabase /cvmfs/ams.cern.ch/Offline/AMSDataDir/DataBase/
AMSCommonsI-I-MipsFromCPUInfo: 2194.92
AMSCommonsI-I-SystemIdentified as  Intel(R) Xeon(R) CPU E5-2630 v4 @ 2.20GHz
AMSCommonsI-I-ComputerEvaluatedAsMips 3511
AMS Software version v5.02/1220/12 built Fri Apr 19 23:54:38 2019

Geant4  Version 1033
Run ID: 496 Bartel: 19
Input Destination: /eos/ams/user/s/selu/mdst/He314/mdst_120929897.root
Output Destination: /afs/cern.ch/work/c/ctuysuz/private/he_flux/LSF/result_mc_time/time_19/he_flux_19_496.root
Add hist00 from /eos/ams/user/s/selu/mdst/He314/mdst_120929897.root
Start of Init
Use new binning
Start of Eventloop
Ntr, Nent= 1 109978
IsMC= 1
Parameter[0] = -2.70235
Parameter[1] = -3.03758
Parameter[2] = -3.60308
Parameter[3] = -5.55191
Parameter[4] = 0.242617
Parameter[5] = -2.38008
mdfil_info:  10.0%    1 sec CPU:  73.0%
mdfil_info:  20.0%    2 sec CPU:  72.1%
mdfil_info:  30.0%    2 sec CPU:  72.0%
mdfil_info:  40.0%    3 sec CPU:  75.3%
mdfil_info:  50.0%    4 sec CPU:  78.3%
mdfil_info:  60.0%    4 sec CPU:  79.6%
mdfil_info:  70.0%    5 sec CPU:  80.8%
mdfil_info:  80.0%    5 sec CPU:  81.7%
mdfil_info:  90.0%    6 sec CPU:  82.5%
mdfil_info: 100.0%    6 sec CPU:  83.2%
mdfil_info: 100.0%    6 sec CPU:  83.2%
