WARN: the 'eosmount' alias is deprecated, please use /eos directly
License ports: 28518@lxlicen01.cern.ch,28518@lxlicen02.cern.ch,28518@lxlicen03.cern.ch:/cvmfs/projects.cern.ch/intelsw/psxe/linux/licenses
Intel(R) Parallel Studio XE 2018 Update 2 for Linux*
Copyright (C) 2009-2018 Intel Corporation. All rights reserved.
5303
AMSCommonsI-I-HardwareIdentifiedAs Linux 3.10.0-957.10.1.el7.x86_64 x86_64 2
AMSCommonsI-I-Identified as LittleEndian 64 bit machine. 4294967295
AMSCommonsI-I-amsdatabase /cvmfs/ams.cern.ch/Offline/AMSDataDir/DataBase/
AMSCommonsI-I-MipsFromCPUInfo: 2194.92
AMSCommonsI-I-SystemIdentified as  Intel(R) Xeon(R) CPU E5-2630 v4 @ 2.20GHz
AMSCommonsI-I-ComputerEvaluatedAsMips 3511
AMS Software version v5.02/1220/12 built Fri Apr 19 23:54:38 2019

Geant4  Version 1033
Run ID: 65 Bartel: 39
Input Destination: /eos/ams/user/s/selu/mdst/He122/mdst_60441604.root
Output Destination: /afs/cern.ch/work/c/ctuysuz/private/he_flux/LSF/result_mc_time/time_39/he_flux_39_65.root
Add hist00 from /eos/ams/user/s/selu/mdst/He122/mdst_60441604.root
Start of Init
Use new binning
Start of Eventloop
Ntr, Nent= 1 440934
IsMC= 1
Parameter[0] = -2.81505
Parameter[1] = -3.07484
Parameter[2] = -3.62471
Parameter[3] = -5.62014
Parameter[4] = 0.622835
Parameter[5] = -2.8044
mdfil_info:  10.0%   17 sec CPU:  10.8%
mdfil_info:  20.0%   24 sec CPU:  14.8%
mdfil_info:  30.0%   30 sec CPU:  17.2%
mdfil_info:  40.0%   36 sec CPU:  19.1%
mdfil_info:  50.0%   41 sec CPU:  20.5%
mdfil_info:  60.0%   48 sec CPU:  21.4%
mdfil_info:  70.0%   60 sec CPU:  19.7%
mdfil_info:  80.0%   66 sec CPU:  20.3%
mdfil_info:  90.0%   72 sec CPU:  21.0%
mdfil_info: 100.0%   77 sec CPU:  21.6%
mdfil_info: 100.0%   77 sec CPU:  21.6%
20018
AMSCommonsI-I-HardwareIdentifiedAs Linux 3.10.0-957.10.1.el7.x86_64 x86_64 2
AMSCommonsI-I-Identified as LittleEndian 64 bit machine. 4294967295
AMSCommonsI-I-amsdatabase /cvmfs/ams.cern.ch/Offline/AMSDataDir/DataBase/
AMSCommonsI-I-MipsFromCPUInfo: 2194.92
AMSCommonsI-I-SystemIdentified as  Intel(R) Xeon(R) CPU E5-2630 v4 @ 2.20GHz
AMSCommonsI-I-ComputerEvaluatedAsMips 3511
AMS Software version v5.02/1220/12 built Fri Apr 19 23:54:38 2019

Geant4  Version 1033
Run ID: 247 Bartel: 12
Input Destination: /eos/ams/user/s/selu/mdst/He122/mdst_60441787.root
Output Destination: /afs/cern.ch/work/c/ctuysuz/private/he_flux/LSF/result_mc_time/time_12/he_flux_12_247.root
Add hist00 from /eos/ams/user/s/selu/mdst/He122/mdst_60441787.root
Start of Init
Use new binning
Start of Eventloop
Ntr, Nent= 1 443356
IsMC= 1
Parameter[0] = -2.69683
Parameter[1] = -3.04779
Parameter[2] = -3.61865
Parameter[3] = -5.53473
Parameter[4] = 0.213856
Parameter[5] = -2.39642
mdfil_info:  10.0%    4 sec CPU:  50.1%
mdfil_info:  20.0%    6 sec CPU:  60.7%
mdfil_info:  30.0%    8 sec CPU:  67.1%
mdfil_info:  40.0%   10 sec CPU:  70.9%
mdfil_info:  50.0%   16 sec CPU:  52.9%
mdfil_info:  60.0%   19 sec CPU:  54.2%
mdfil_info:  70.0%   22 sec CPU:  52.2%
mdfil_info:  80.0%   25 sec CPU:  53.1%
mdfil_info:  90.0%   28 sec CPU:  54.2%
mdfil_info: 100.0%   31 sec CPU:  54.5%
mdfil_info: 100.0%   31 sec CPU:  54.5%
34733
AMSCommonsI-I-HardwareIdentifiedAs Linux 3.10.0-957.10.1.el7.x86_64 x86_64 2
AMSCommonsI-I-Identified as LittleEndian 64 bit machine. 4294967295
AMSCommonsI-I-amsdatabase /cvmfs/ams.cern.ch/Offline/AMSDataDir/DataBase/
AMSCommonsI-I-MipsFromCPUInfo: 2194.92
AMSCommonsI-I-SystemIdentified as  Intel(R) Xeon(R) CPU E5-2630 v4 @ 2.20GHz
AMSCommonsI-I-ComputerEvaluatedAsMips 3511
AMS Software version v5.02/1220/12 built Fri Apr 19 23:54:38 2019

Geant4  Version 1033
Run ID: 428 Bartel: 66
Input Destination: /eos/ams/user/s/selu/mdst/He122/mdst_60442316.root
Output Destination: /afs/cern.ch/work/c/ctuysuz/private/he_flux/LSF/result_mc_time/time_66/he_flux_66_428.root
Add hist00 from /eos/ams/user/s/selu/mdst/He122/mdst_60442316.root
Start of Init
Use new binning
Start of Eventloop
Ntr, Nent= 1 430481
IsMC= 1
Parameter[0] = -2.5779
Parameter[1] = -2.99002
Parameter[2] = -3.59372
Parameter[3] = -5.46372
Parameter[4] = 0.117988
Parameter[5] = -1.94602
mdfil_info:  10.0%   15 sec CPU:  12.2%
mdfil_info:  20.0%   19 sec CPU:  17.9%
mdfil_info:  30.0%   25 sec CPU:  20.9%
mdfil_info:  40.0%   30 sec CPU:  22.7%
mdfil_info:  50.0%   36 sec CPU:  23.9%
mdfil_info:  60.0%   40 sec CPU:  25.0%
mdfil_info:  70.0%   45 sec CPU:  25.7%
mdfil_info:  80.0%   50 sec CPU:  26.4%
mdfil_info:  90.0%   55 sec CPU:  26.9%
mdfil_info: 100.0%   61 sec CPU:  27.0%
mdfil_info: 100.0%   61 sec CPU:  27.0%
