WARN: the 'eosmount' alias is deprecated, please use /eos directly
License ports: 28518@lxlicen01.cern.ch,28518@lxlicen02.cern.ch,28518@lxlicen03.cern.ch:/cvmfs/projects.cern.ch/intelsw/psxe/linux/licenses
Intel(R) Parallel Studio XE 2018 Update 2 for Linux*
Copyright (C) 2009-2018 Intel Corporation. All rights reserved.
8950
AMSCommonsI-I-HardwareIdentifiedAs Linux 3.10.0-957.12.1.el7.x86_64 x86_64 2
AMSCommonsI-I-Identified as LittleEndian 64 bit machine. 4294967295
AMSCommonsI-I-amsdatabase /cvmfs/ams.cern.ch/Offline/AMSDataDir/DataBase/
AMSCommonsI-I-MipsFromCPUInfo: 2194.92
AMSCommonsI-I-SystemIdentified as  Intel(R) Xeon(R) CPU E5-2630 v4 @ 2.20GHz
AMSCommonsI-I-ComputerEvaluatedAsMips 3511
AMS Software version v5.02/1220/12 built Fri Apr 19 23:54:38 2019

Geant4  Version 1033
Run ID: 110 Bartel: 41
Input Destination: /eos/ams/user/s/selu/mdst/He122/mdst_60441650.root
Output Destination: /afs/cern.ch/work/c/ctuysuz/private/he_flux/LSF/result_mc_time/time_41/he_flux_41_110.root
Add hist00 from /eos/ams/user/s/selu/mdst/He122/mdst_60441650.root
Start of Init
Use new binning
Start of Eventloop
Ntr, Nent= 1 437948
IsMC= 1
Parameter[0] = -2.77453
Parameter[1] = -3.05397
Parameter[2] = -3.61054
Parameter[3] = -5.55839
Parameter[4] = 0.485122
Parameter[5] = -2.44204
mdfil_info:  10.0%    2 sec CPU:  81.9%
mdfil_info:  20.0%    4 sec CPU:  86.2%
mdfil_info:  30.0%    7 sec CPU:  86.4%
mdfil_info:  40.0%    9 sec CPU:  87.2%
mdfil_info:  50.0%   11 sec CPU:  87.6%
mdfil_info:  60.0%   13 sec CPU:  88.4%
mdfil_info:  70.0%   15 sec CPU:  89.1%
mdfil_info:  80.0%   17 sec CPU:  88.2%
mdfil_info:  90.0%   19 sec CPU:  88.2%
mdfil_info: 100.0%   21 sec CPU:  88.7%
mdfil_info: 100.0%   21 sec CPU:  88.7%
23665
AMSCommonsI-I-HardwareIdentifiedAs Linux 3.10.0-957.12.1.el7.x86_64 x86_64 2
AMSCommonsI-I-Identified as LittleEndian 64 bit machine. 4294967295
AMSCommonsI-I-amsdatabase /cvmfs/ams.cern.ch/Offline/AMSDataDir/DataBase/
AMSCommonsI-I-MipsFromCPUInfo: 2194.92
AMSCommonsI-I-SystemIdentified as  Intel(R) Xeon(R) CPU E5-2630 v4 @ 2.20GHz
AMSCommonsI-I-ComputerEvaluatedAsMips 3511
AMS Software version v5.02/1220/12 built Fri Apr 19 23:54:38 2019

Geant4  Version 1033
Run ID: 292 Bartel: 14
Input Destination: /eos/ams/user/s/selu/mdst/He122/mdst_60441832.root
Output Destination: /afs/cern.ch/work/c/ctuysuz/private/he_flux/LSF/result_mc_time/time_14/he_flux_14_292.root
Add hist00 from /eos/ams/user/s/selu/mdst/He122/mdst_60441832.root
Start of Init
Use new binning
Start of Eventloop
Ntr, Nent= 1 437631
IsMC= 1
Parameter[0] = -2.62922
Parameter[1] = -3.00854
Parameter[2] = -3.59134
Parameter[3] = -5.49431
Parameter[4] = 0.150366
Parameter[5] = -2.1251
mdfil_info:  10.0%   19 sec CPU:  12.1%
mdfil_info:  20.0%   25 sec CPU:  17.5%
mdfil_info:  30.0%   31 sec CPU:  20.5%
mdfil_info:  40.0%   37 sec CPU:  22.9%
mdfil_info:  50.0%   48 sec CPU:  21.9%
mdfil_info:  60.0%   54 sec CPU:  23.0%
mdfil_info:  70.0%   60 sec CPU:  24.1%
mdfil_info:  80.0%   67 sec CPU:  24.9%
mdfil_info:  90.0%   73 sec CPU:  25.6%
mdfil_info: 100.0%   80 sec CPU:  26.2%
mdfil_info: 100.0%   80 sec CPU:  26.2%
38380
AMSCommonsI-I-HardwareIdentifiedAs Linux 3.10.0-957.12.1.el7.x86_64 x86_64 2
AMSCommonsI-I-Identified as LittleEndian 64 bit machine. 4294967295
AMSCommonsI-I-amsdatabase /cvmfs/ams.cern.ch/Offline/AMSDataDir/DataBase/
AMSCommonsI-I-MipsFromCPUInfo: 2194.92
AMSCommonsI-I-SystemIdentified as  Intel(R) Xeon(R) CPU E5-2630 v4 @ 2.20GHz
AMSCommonsI-I-ComputerEvaluatedAsMips 3511
AMS Software version v5.02/1220/12 built Fri Apr 19 23:54:38 2019

Geant4  Version 1033
Run ID: 473 Bartel: 68
Input Destination: /eos/ams/user/s/selu/mdst/He314/mdst_120929873.root
Output Destination: /afs/cern.ch/work/c/ctuysuz/private/he_flux/LSF/result_mc_time/time_68/he_flux_68_473.root
Add hist00 from /eos/ams/user/s/selu/mdst/He314/mdst_120929873.root
Start of Init
Use new binning
Start of Eventloop
Ntr, Nent= 1 109883
IsMC= 1
Parameter[0] = -2.5639
Parameter[1] = -2.98035
Parameter[2] = -3.58993
Parameter[3] = -5.51419
Parameter[4] = 0.0804353
Parameter[5] = -2.39662
mdfil_info:  10.0%    1 sec CPU:  50.0%
mdfil_info:  20.0%    2 sec CPU:  60.9%
mdfil_info:  30.0%    2 sec CPU:  66.2%
mdfil_info:  40.0%    3 sec CPU:  70.1%
mdfil_info:  50.0%    4 sec CPU:  73.5%
mdfil_info:  60.0%    4 sec CPU:  75.8%
mdfil_info:  70.0%    5 sec CPU:  77.7%
mdfil_info:  80.0%    5 sec CPU:  79.5%
mdfil_info:  90.0%    6 sec CPU:  81.0%
mdfil_info: 100.0%    6 sec CPU:  81.6%
mdfil_info: 100.0%    6 sec CPU:  81.6%
