WARN: the 'eosmount' alias is deprecated, please use /eos directly
License ports: 28518@lxlicen01.cern.ch,28518@lxlicen02.cern.ch,28518@lxlicen03.cern.ch:/cvmfs/projects.cern.ch/intelsw/psxe/linux/licenses
Intel(R) Parallel Studio XE 2018 Update 2 for Linux*
Copyright (C) 2009-2018 Intel Corporation. All rights reserved.
3851
AMSCommonsI-I-HardwareIdentifiedAs Linux 3.10.0-957.10.1.el7.x86_64 x86_64 2
AMSCommonsI-I-Identified as LittleEndian 64 bit machine. 4294967295
AMSCommonsI-I-amsdatabase /cvmfs/ams.cern.ch/Offline/AMSDataDir/DataBase/
AMSCommonsI-I-MipsFromCPUInfo: 2194.92
AMSCommonsI-I-SystemIdentified as  Intel(R) Xeon(R) CPU E5-2630 v4 @ 2.20GHz
AMSCommonsI-I-ComputerEvaluatedAsMips 3511
AMS Software version v5.02/1220/12 built Fri Apr 19 23:54:38 2019

Geant4  Version 1033
Run ID: 47 Bartel: 45
Input Destination: /eos/ams/user/s/selu/mdst/He122/mdst_60441586.root
Output Destination: /afs/cern.ch/work/c/ctuysuz/private/he_flux/LSF/result_mc_time/time_45/he_flux_45_47.root
Add hist00 from /eos/ams/user/s/selu/mdst/He122/mdst_60441586.root
Start of Init
Use new binning
Start of Eventloop
Ntr, Nent= 1 440436
IsMC= 1
Parameter[0] = -2.72237
Parameter[1] = -3.03584
Parameter[2] = -3.61262
Parameter[3] = -5.57823
Parameter[4] = 0.342515
Parameter[5] = -2.5989
mdfil_info:  10.0%    4 sec CPU:  48.1%
mdfil_info:  20.0%    9 sec CPU:  45.6%
mdfil_info:  30.0%   14 sec CPU:  42.0%
mdfil_info:  40.0%   16 sec CPU:  47.8%
mdfil_info:  50.0%   18 sec CPU:  52.3%
mdfil_info:  60.0%   21 sec CPU:  56.0%
mdfil_info:  70.0%   23 sec CPU:  58.8%
mdfil_info:  80.0%   25 sec CPU:  61.0%
mdfil_info:  90.0%   27 sec CPU:  63.0%
mdfil_info: 100.0%   30 sec CPU:  64.6%
mdfil_info: 100.0%   30 sec CPU:  64.6%
18566
AMSCommonsI-I-HardwareIdentifiedAs Linux 3.10.0-957.10.1.el7.x86_64 x86_64 2
AMSCommonsI-I-Identified as LittleEndian 64 bit machine. 4294967295
AMSCommonsI-I-amsdatabase /cvmfs/ams.cern.ch/Offline/AMSDataDir/DataBase/
AMSCommonsI-I-MipsFromCPUInfo: 2194.92
AMSCommonsI-I-SystemIdentified as  Intel(R) Xeon(R) CPU E5-2630 v4 @ 2.20GHz
AMSCommonsI-I-ComputerEvaluatedAsMips 3511
AMS Software version v5.02/1220/12 built Fri Apr 19 23:54:38 2019

Geant4  Version 1033
Run ID: 229 Bartel: 18
Input Destination: /eos/ams/user/s/selu/mdst/He122/mdst_60441769.root
Output Destination: /afs/cern.ch/work/c/ctuysuz/private/he_flux/LSF/result_mc_time/time_18/he_flux_18_229.root
Add hist00 from /eos/ams/user/s/selu/mdst/He122/mdst_60441769.root
Start of Init
Use new binning
Start of Eventloop
Ntr, Nent= 1 397464
IsMC= 1
Parameter[0] = -2.73216
Parameter[1] = -3.05371
Parameter[2] = -3.61222
Parameter[3] = -5.57201
Parameter[4] = 0.25419
Parameter[5] = -2.54834
mdfil_info:  10.0%   20 sec CPU:  10.2%
mdfil_info:  20.0%   28 sec CPU:  14.5%
mdfil_info:  30.0%   34 sec CPU:  17.4%
mdfil_info:  40.0%   41 sec CPU:  19.1%
mdfil_info:  50.0%   49 sec CPU:  20.2%
mdfil_info:  60.0%   55 sec CPU:  21.1%
mdfil_info:  70.0%   62 sec CPU:  21.9%
mdfil_info:  80.0%   69 sec CPU:  22.2%
mdfil_info:  90.0%   76 sec CPU:  22.8%
mdfil_info: 100.0%   83 sec CPU:  23.4%
mdfil_info: 100.0%   83 sec CPU:  23.4%
33281
AMSCommonsI-I-HardwareIdentifiedAs Linux 3.10.0-957.10.1.el7.x86_64 x86_64 2
AMSCommonsI-I-Identified as LittleEndian 64 bit machine. 4294967295
AMSCommonsI-I-amsdatabase /cvmfs/ams.cern.ch/Offline/AMSDataDir/DataBase/
AMSCommonsI-I-MipsFromCPUInfo: 2194.92
AMSCommonsI-I-SystemIdentified as  Intel(R) Xeon(R) CPU E5-2630 v4 @ 2.20GHz
AMSCommonsI-I-ComputerEvaluatedAsMips 3511
AMS Software version v5.02/1220/12 built Fri Apr 19 23:54:38 2019

Geant4  Version 1033
Run ID: 410 Bartel: 72
Input Destination: /eos/ams/user/s/selu/mdst/He122/mdst_60442298.root
Output Destination: /afs/cern.ch/work/c/ctuysuz/private/he_flux/LSF/result_mc_time/time_72/he_flux_72_410.root
Add hist00 from /eos/ams/user/s/selu/mdst/He122/mdst_60442298.root
Start of Init
Use new binning
Start of Eventloop
Ntr, Nent= 1 435665
IsMC= 1
Parameter[0] = -2.52985
Parameter[1] = -2.97442
Parameter[2] = -3.57417
Parameter[3] = -5.4923
Parameter[4] = 0.0500631
Parameter[5] = -2.16099
mdfil_info:  10.0%    2 sec CPU: 100.2%
mdfil_info:  20.0%    4 sec CPU:  99.8%
mdfil_info:  30.0%    5 sec CPU:  99.9%
mdfil_info:  40.0%    7 sec CPU:  99.9%
mdfil_info:  50.0%    9 sec CPU:  99.9%
mdfil_info:  60.0%   10 sec CPU:  99.9%
mdfil_info:  70.0%   12 sec CPU:  99.9%
mdfil_info:  80.0%   14 sec CPU:  99.9%
mdfil_info:  90.0%   15 sec CPU: 100.0%
mdfil_info: 100.0%   17 sec CPU: 100.0%
mdfil_info: 100.0%   17 sec CPU: 100.0%
