WARN: the 'eosmount' alias is deprecated, please use /eos directly
License ports: 28518@lxlicen01.cern.ch,28518@lxlicen02.cern.ch,28518@lxlicen03.cern.ch:/cvmfs/projects.cern.ch/intelsw/psxe/linux/licenses
Intel(R) Parallel Studio XE 2018 Update 2 for Linux*
Copyright (C) 2009-2018 Intel Corporation. All rights reserved.
7334
AMSCommonsI-I-HardwareIdentifiedAs Linux 3.10.0-957.10.1.el7.x86_64 x86_64 2
AMSCommonsI-I-Identified as LittleEndian 64 bit machine. 4294967295
AMSCommonsI-I-amsdatabase /cvmfs/ams.cern.ch/Offline/AMSDataDir/DataBase/
AMSCommonsI-I-MipsFromCPUInfo: 2194.92
AMSCommonsI-I-SystemIdentified as  Intel(R) Xeon(R) CPU E5-2630 v4 @ 2.20GHz
AMSCommonsI-I-ComputerEvaluatedAsMips 3511
AMS Software version v5.02/1220/12 built Fri Apr 19 23:54:38 2019

Geant4  Version 1033
Run ID: 90 Bartel: 45
Input Destination: /eos/ams/user/s/selu/mdst/He122/mdst_60441630.root
Output Destination: /afs/cern.ch/work/c/ctuysuz/private/he_flux/LSF/result_mc_time/time_45/he_flux_45_90.root
Add hist00 from /eos/ams/user/s/selu/mdst/He122/mdst_60441630.root
Start of Init
Use new binning
Start of Eventloop
Ntr, Nent= 1 438013
IsMC= 1
Parameter[0] = -2.72237
Parameter[1] = -3.03584
Parameter[2] = -3.61262
Parameter[3] = -5.57823
Parameter[4] = 0.342515
Parameter[5] = -2.5989
mdfil_info:  10.0%    3 sec CPU:  73.8%
mdfil_info:  20.0%    5 sec CPU:  79.4%
mdfil_info:  30.0%    7 sec CPU:  81.4%
mdfil_info:  40.0%    9 sec CPU:  82.9%
mdfil_info:  50.0%   11 sec CPU:  83.8%
mdfil_info:  60.0%   13 sec CPU:  83.9%
mdfil_info:  70.0%   16 sec CPU:  84.5%
mdfil_info:  80.0%   18 sec CPU:  84.8%
mdfil_info:  90.0%   20 sec CPU:  85.3%
mdfil_info: 100.0%   22 sec CPU:  85.6%
mdfil_info: 100.0%   22 sec CPU:  85.6%
22049
AMSCommonsI-I-HardwareIdentifiedAs Linux 3.10.0-957.10.1.el7.x86_64 x86_64 2
AMSCommonsI-I-Identified as LittleEndian 64 bit machine. 4294967295
AMSCommonsI-I-amsdatabase /cvmfs/ams.cern.ch/Offline/AMSDataDir/DataBase/
AMSCommonsI-I-MipsFromCPUInfo: 2194.92
AMSCommonsI-I-SystemIdentified as  Intel(R) Xeon(R) CPU E5-2630 v4 @ 2.20GHz
AMSCommonsI-I-ComputerEvaluatedAsMips 3511
AMS Software version v5.02/1220/12 built Fri Apr 19 23:54:38 2019

Geant4  Version 1033
Run ID: 272 Bartel: 18
Input Destination: /eos/ams/user/s/selu/mdst/He122/mdst_60441812.root
Output Destination: /afs/cern.ch/work/c/ctuysuz/private/he_flux/LSF/result_mc_time/time_18/he_flux_18_272.root
Add hist00 from /eos/ams/user/s/selu/mdst/He122/mdst_60441812.root
Start of Init
Use new binning
Start of Eventloop
Ntr, Nent= 1 437391
IsMC= 1
Parameter[0] = -2.73216
Parameter[1] = -3.05371
Parameter[2] = -3.61222
Parameter[3] = -5.57201
Parameter[4] = 0.25419
Parameter[5] = -2.54834
mdfil_info:  10.0%   18 sec CPU:  12.6%
mdfil_info:  20.0%   31 sec CPU:  14.2%
mdfil_info:  30.0%   41 sec CPU:  15.5%
mdfil_info:  40.0%   54 sec CPU:  15.9%
mdfil_info:  50.0%   63 sec CPU:  16.7%
mdfil_info:  60.0%   74 sec CPU:  17.1%
mdfil_info:  70.0%   90 sec CPU:  16.4%
mdfil_info:  80.0%  106 sec CPU:  16.0%
mdfil_info:  90.0%  120 sec CPU:  15.9%
mdfil_info: 100.0%  131 sec CPU:  16.1%
mdfil_info: 100.0%  131 sec CPU:  16.1%
36764
AMSCommonsI-I-HardwareIdentifiedAs Linux 3.10.0-957.10.1.el7.x86_64 x86_64 2
AMSCommonsI-I-Identified as LittleEndian 64 bit machine. 4294967295
AMSCommonsI-I-amsdatabase /cvmfs/ams.cern.ch/Offline/AMSDataDir/DataBase/
AMSCommonsI-I-MipsFromCPUInfo: 2194.92
AMSCommonsI-I-SystemIdentified as  Intel(R) Xeon(R) CPU E5-2630 v4 @ 2.20GHz
AMSCommonsI-I-ComputerEvaluatedAsMips 3511
AMS Software version v5.02/1220/12 built Fri Apr 19 23:54:38 2019

Geant4  Version 1033
Run ID: 453 Bartel: 72
Input Destination: /eos/ams/user/s/selu/mdst/He314/mdst_120929853.root
Output Destination: /afs/cern.ch/work/c/ctuysuz/private/he_flux/LSF/result_mc_time/time_72/he_flux_72_453.root
Add hist00 from /eos/ams/user/s/selu/mdst/He314/mdst_120929853.root
Start of Init
Use new binning
Start of Eventloop
Ntr, Nent= 1 98147
IsMC= 1
Parameter[0] = -2.52985
Parameter[1] = -2.97442
Parameter[2] = -3.57417
Parameter[3] = -5.4923
Parameter[4] = 0.0500631
Parameter[5] = -2.16099
mdfil_info:  10.0%    1 sec CPU:  83.4%
mdfil_info:  20.0%    1 sec CPU:  82.9%
mdfil_info:  30.0%    2 sec CPU:  81.9%
mdfil_info:  40.0%    2 sec CPU:  81.7%
mdfil_info:  50.0%    3 sec CPU:  82.3%
mdfil_info:  60.0%    4 sec CPU:  82.9%
mdfil_info:  70.0%    4 sec CPU:  83.7%
mdfil_info:  80.0%    4 sec CPU:  84.1%
mdfil_info:  90.0%    5 sec CPU:  84.4%
mdfil_info: 100.0%    5 sec CPU:  85.1%
mdfil_info: 100.0%    5 sec CPU:  85.1%
