WARN: the 'eosmount' alias is deprecated, please use /eos directly
License ports: 28518@lxlicen01.cern.ch,28518@lxlicen02.cern.ch,28518@lxlicen03.cern.ch:/cvmfs/projects.cern.ch/intelsw/psxe/linux/licenses
Intel(R) Parallel Studio XE 2018 Update 2 for Linux*
Copyright (C) 2009-2018 Intel Corporation. All rights reserved.
11639
AMSCommonsI-I-HardwareIdentifiedAs Linux 3.10.0-957.10.1.el7.x86_64 x86_64 2
AMSCommonsI-I-Identified as LittleEndian 64 bit machine. 4294967295
AMSCommonsI-I-amsdatabase /cvmfs/ams.cern.ch/Offline/AMSDataDir/DataBase/
AMSCommonsI-I-MipsFromCPUInfo: 2195.1
AMSCommonsI-I-SystemIdentified as  Intel(R) Xeon(R) CPU E5-2630 v4 @ 2.20GHz
AMSCommonsI-I-ComputerEvaluatedAsMips 3512
AMS Software version v5.02/1220/12 built Fri Apr 19 23:54:38 2019

Geant4  Version 1033
Run ID: 143 Bartel: 57
Input Destination: /eos/ams/user/s/selu/mdst/He122/mdst_60441683.root
Output Destination: /afs/cern.ch/work/c/ctuysuz/private/he_flux/LSF/result_mc_time/time_57/he_flux_57_143.root
Add hist00 from /eos/ams/user/s/selu/mdst/He122/mdst_60441683.root
Start of Init
Use new binning
Start of Eventloop
Ntr, Nent= 1 440257
IsMC= 1
Parameter[0] = -2.70293
Parameter[1] = -3.03976
Parameter[2] = -3.61538
Parameter[3] = -5.54214
Parameter[4] = 0.274724
Parameter[5] = -2.38056
mdfil_info:  10.0%    2 sec CPU:  99.4%
mdfil_info:  20.0%    3 sec CPU:  99.8%
mdfil_info:  30.0%    5 sec CPU:  99.6%
mdfil_info:  40.0%    7 sec CPU:  97.0%
mdfil_info:  50.0%    9 sec CPU:  95.7%
mdfil_info:  60.0%   11 sec CPU:  94.3%
mdfil_info:  70.0%   12 sec CPU:  93.6%
mdfil_info:  80.0%   14 sec CPU:  93.1%
mdfil_info:  90.0%   16 sec CPU:  92.9%
mdfil_info: 100.0%   18 sec CPU:  92.6%
mdfil_info: 100.0%   18 sec CPU:  92.6%
26354
AMSCommonsI-I-HardwareIdentifiedAs Linux 3.10.0-957.10.1.el7.x86_64 x86_64 2
AMSCommonsI-I-Identified as LittleEndian 64 bit machine. 4294967295
AMSCommonsI-I-amsdatabase /cvmfs/ams.cern.ch/Offline/AMSDataDir/DataBase/
AMSCommonsI-I-MipsFromCPUInfo: 2195.1
AMSCommonsI-I-SystemIdentified as  Intel(R) Xeon(R) CPU E5-2630 v4 @ 2.20GHz
AMSCommonsI-I-ComputerEvaluatedAsMips 3512
AMS Software version v5.02/1220/12 built Fri Apr 19 23:54:38 2019

Geant4  Version 1033
Run ID: 325 Bartel: 30
Input Destination: /eos/ams/user/s/selu/mdst/He122/mdst_60441865.root
Output Destination: /afs/cern.ch/work/c/ctuysuz/private/he_flux/LSF/result_mc_time/time_30/he_flux_30_325.root
Add hist00 from /eos/ams/user/s/selu/mdst/He122/mdst_60441865.root
Start of Init
Use new binning
Start of Eventloop
Ntr, Nent= 1 440856
IsMC= 1
Parameter[0] = -2.78302
Parameter[1] = -3.06111
Parameter[2] = -3.62424
Parameter[3] = -5.59535
Parameter[4] = 0.417456
Parameter[5] = -2.69098
mdfil_info:  10.0%    3 sec CPU:  75.0%
mdfil_info:  20.0%    5 sec CPU:  80.9%
mdfil_info:  30.0%    7 sec CPU:  83.5%
mdfil_info:  40.0%    9 sec CPU:  84.7%
mdfil_info:  50.0%   12 sec CPU:  85.3%
mdfil_info:  60.0%   14 sec CPU:  85.8%
mdfil_info:  70.0%   16 sec CPU:  86.1%
mdfil_info:  80.0%   18 sec CPU:  86.1%
mdfil_info:  90.0%   20 sec CPU:  86.2%
mdfil_info: 100.0%   22 sec CPU:  86.4%
mdfil_info: 100.0%   22 sec CPU:  86.4%
41069
AMSCommonsI-I-HardwareIdentifiedAs Linux 3.10.0-957.10.1.el7.x86_64 x86_64 2
AMSCommonsI-I-Identified as LittleEndian 64 bit machine. 4294967295
AMSCommonsI-I-amsdatabase /cvmfs/ams.cern.ch/Offline/AMSDataDir/DataBase/
AMSCommonsI-I-MipsFromCPUInfo: 2195.1
AMSCommonsI-I-SystemIdentified as  Intel(R) Xeon(R) CPU E5-2630 v4 @ 2.20GHz
AMSCommonsI-I-ComputerEvaluatedAsMips 3512
AMS Software version v5.02/1220/12 built Fri Apr 19 23:54:38 2019

Geant4  Version 1033
Run ID: 507 Bartel: 3
Input Destination: /eos/ams/user/s/selu/mdst/He314/mdst_120929908.root
Output Destination: /afs/cern.ch/work/c/ctuysuz/private/he_flux/LSF/result_mc_time/time_3/he_flux_3_507.root
Add hist00 from /eos/ams/user/s/selu/mdst/He314/mdst_120929908.root
Start of Init
Use new binning
Start of Eventloop
Ntr, Nent= 1 110282
IsMC= 1
Parameter[0] = -2.60444
Parameter[1] = -2.96917
Parameter[2] = -3.55869
Parameter[3] = -5.49263
Parameter[4] = 0.194958
Parameter[5] = -2.37354
mdfil_info:  10.0%   35 sec CPU:   1.5%
mdfil_info:  20.0%   64 sec CPU:   1.7%
mdfil_info:  30.0%   97 sec CPU:   1.6%
mdfil_info:  40.0%  111 sec CPU:   1.9%
mdfil_info:  50.0%  118 sec CPU:   2.2%
mdfil_info:  60.0%  133 sec CPU:   2.3%
mdfil_info:  70.0%  141 sec CPU:   2.5%
mdfil_info:  80.0%  151 sec CPU:   2.7%
mdfil_info:  90.0%  161 sec CPU:   2.8%
mdfil_info: 100.0%  177 sec CPU:   2.8%
mdfil_info: 100.0%  177 sec CPU:   2.8%
