WARN: the 'eosmount' alias is deprecated, please use /eos directly
License ports: 28518@lxlicen01.cern.ch,28518@lxlicen02.cern.ch,28518@lxlicen03.cern.ch:/cvmfs/projects.cern.ch/intelsw/psxe/linux/licenses
Intel(R) Parallel Studio XE 2018 Update 2 for Linux*
Copyright (C) 2009-2018 Intel Corporation. All rights reserved.
8008
AMSCommonsI-I-HardwareIdentifiedAs Linux 3.10.0-957.10.1.el7.x86_64 x86_64 2
AMSCommonsI-I-Identified as LittleEndian 64 bit machine. 4294967295
AMSCommonsI-I-amsdatabase /cvmfs/ams.cern.ch/Offline/AMSDataDir/DataBase/
AMSCommonsI-I-MipsFromCPUInfo: 2194.92
AMSCommonsI-I-SystemIdentified as  Intel(R) Xeon(R) CPU E5-2630 v4 @ 2.20GHz
AMSCommonsI-I-ComputerEvaluatedAsMips 3511
AMS Software version v5.02/1220/12 built Fri Apr 19 23:54:38 2019

Geant4  Version 1033
Run ID: 98 Bartel: 71
Input Destination: /eos/ams/user/s/selu/mdst/He122/mdst_60441638.root
Output Destination: /afs/cern.ch/work/c/ctuysuz/private/he_flux/LSF/result_mc_time/time_71/he_flux_71_98.root
Add hist00 from /eos/ams/user/s/selu/mdst/He122/mdst_60441638.root
Start of Init
Use new binning
Start of Eventloop
Ntr, Nent= 1 435988
IsMC= 1
Parameter[0] = -2.54894
Parameter[1] = -2.98273
Parameter[2] = -3.58454
Parameter[3] = -5.47731
Parameter[4] = 0.0989745
Parameter[5] = -2.00648
mdfil_info:  10.0%    2 sec CPU:  79.4%
mdfil_info:  20.0%    4 sec CPU:  83.4%
mdfil_info:  30.0%    6 sec CPU:  84.2%
mdfil_info:  40.0%    8 sec CPU:  85.2%
mdfil_info:  50.0%   10 sec CPU:  85.8%
mdfil_info:  60.0%   12 sec CPU:  86.6%
mdfil_info:  70.0%   14 sec CPU:  87.1%
mdfil_info:  80.0%   15 sec CPU:  87.5%
mdfil_info:  90.0%   17 sec CPU:  87.7%
mdfil_info: 100.0%   19 sec CPU:  88.0%
mdfil_info: 100.0%   19 sec CPU:  88.0%
22723
AMSCommonsI-I-HardwareIdentifiedAs Linux 3.10.0-957.10.1.el7.x86_64 x86_64 2
AMSCommonsI-I-Identified as LittleEndian 64 bit machine. 4294967295
AMSCommonsI-I-amsdatabase /cvmfs/ams.cern.ch/Offline/AMSDataDir/DataBase/
AMSCommonsI-I-MipsFromCPUInfo: 2194.92
AMSCommonsI-I-SystemIdentified as  Intel(R) Xeon(R) CPU E5-2630 v4 @ 2.20GHz
AMSCommonsI-I-ComputerEvaluatedAsMips 3511
AMS Software version v5.02/1220/12 built Fri Apr 19 23:54:38 2019

Geant4  Version 1033
Run ID: 280 Bartel: 44
Input Destination: /eos/ams/user/s/selu/mdst/He122/mdst_60441820.root
Output Destination: /afs/cern.ch/work/c/ctuysuz/private/he_flux/LSF/result_mc_time/time_44/he_flux_44_280.root
Add hist00 from /eos/ams/user/s/selu/mdst/He122/mdst_60441820.root
Start of Init
Use new binning
Start of Eventloop
Ntr, Nent= 1 433926
IsMC= 1
Parameter[0] = -2.74861
Parameter[1] = -3.04436
Parameter[2] = -3.60474
Parameter[3] = -5.57371
Parameter[4] = 0.412165
Parameter[5] = -2.55999
mdfil_info:  10.0%    2 sec CPU:  76.0%
mdfil_info:  20.0%    4 sec CPU:  82.5%
mdfil_info:  30.0%    6 sec CPU:  84.7%
mdfil_info:  40.0%    8 sec CPU:  86.4%
mdfil_info:  50.0%    9 sec CPU:  87.1%
mdfil_info:  60.0%   11 sec CPU:  87.5%
mdfil_info:  70.0%   13 sec CPU:  88.3%
mdfil_info:  80.0%   15 sec CPU:  87.7%
mdfil_info:  90.0%   17 sec CPU:  88.1%
mdfil_info: 100.0%   19 sec CPU:  88.4%
mdfil_info: 100.0%   19 sec CPU:  88.4%
37438
AMSCommonsI-I-HardwareIdentifiedAs Linux 3.10.0-957.10.1.el7.x86_64 x86_64 2
AMSCommonsI-I-Identified as LittleEndian 64 bit machine. 4294967295
AMSCommonsI-I-amsdatabase /cvmfs/ams.cern.ch/Offline/AMSDataDir/DataBase/
AMSCommonsI-I-MipsFromCPUInfo: 2194.92
AMSCommonsI-I-SystemIdentified as  Intel(R) Xeon(R) CPU E5-2630 v4 @ 2.20GHz
AMSCommonsI-I-ComputerEvaluatedAsMips 3511
AMS Software version v5.02/1220/12 built Fri Apr 19 23:54:38 2019

Geant4  Version 1033
Run ID: 462 Bartel: 17
Input Destination: /eos/ams/user/s/selu/mdst/He314/mdst_120929862.root
Output Destination: /afs/cern.ch/work/c/ctuysuz/private/he_flux/LSF/result_mc_time/time_17/he_flux_17_462.root
Add hist00 from /eos/ams/user/s/selu/mdst/He314/mdst_120929862.root
Start of Init
Use new binning
Start of Eventloop
Ntr, Nent= 1 98068
IsMC= 1
Parameter[0] = -2.73465
Parameter[1] = -3.05909
Parameter[2] = -3.61586
Parameter[3] = -5.54961
Parameter[4] = 0.318406
Parameter[5] = -2.36477
mdfil_info:  10.0%    1 sec CPU:  70.1%
mdfil_info:  20.0%    1 sec CPU:  69.4%
mdfil_info:  30.0%    2 sec CPU:  73.6%
mdfil_info:  40.0%    2 sec CPU:  74.2%
mdfil_info:  50.0%    3 sec CPU:  75.3%
mdfil_info:  60.0%    3 sec CPU:  77.2%
mdfil_info:  70.0%    4 sec CPU:  79.0%
mdfil_info:  80.0%    4 sec CPU:  80.2%
mdfil_info:  90.0%    4 sec CPU:  81.3%
mdfil_info: 100.0%    5 sec CPU:  82.4%
mdfil_info: 100.0%    5 sec CPU:  82.4%
