WARN: the 'eosmount' alias is deprecated, please use /eos directly
License ports: 28518@lxlicen01.cern.ch,28518@lxlicen02.cern.ch,28518@lxlicen03.cern.ch:/cvmfs/projects.cern.ch/intelsw/psxe/linux/licenses
Intel(R) Parallel Studio XE 2018 Update 2 for Linux*
Copyright (C) 2009-2018 Intel Corporation. All rights reserved.
6080
AMSCommonsI-I-HardwareIdentifiedAs Linux 3.10.0-957.10.1.el7.x86_64 x86_64 2
AMSCommonsI-I-Identified as LittleEndian 64 bit machine. 4294967295
AMSCommonsI-I-amsdatabase /cvmfs/ams.cern.ch/Offline/AMSDataDir/DataBase/
AMSCommonsI-I-MipsFromCPUInfo: 2194.92
AMSCommonsI-I-SystemIdentified as  Intel(R) Xeon(R) CPU E5-2630 v4 @ 2.20GHz
AMSCommonsI-I-ComputerEvaluatedAsMips 3511
AMS Software version v5.02/1220/12 built Fri Apr 19 23:54:38 2019

Geant4  Version 1033
Run ID: 75 Bartel: 6
Input Destination: /eos/ams/user/s/selu/mdst/He122/mdst_60441615.root
Output Destination: /afs/cern.ch/work/c/ctuysuz/private/he_flux/LSF/result_mc_time/time_6/he_flux_6_75.root
Add hist00 from /eos/ams/user/s/selu/mdst/He122/mdst_60441615.root
Start of Init
Use new binning
Start of Eventloop
Ntr, Nent= 1 442188
IsMC= 1
Parameter[0] = -2.65952
Parameter[1] = -3.04006
Parameter[2] = -3.62379
Parameter[3] = -5.53311
Parameter[4] = 0.0821767
Parameter[5] = -2.36872
mdfil_info:  10.0%   17 sec CPU:  10.5%
mdfil_info:  20.0%   22 sec CPU:  15.3%
mdfil_info:  30.0%   28 sec CPU:  18.2%
mdfil_info:  40.0%   34 sec CPU:  20.1%
mdfil_info:  50.0%   39 sec CPU:  21.6%
mdfil_info:  60.0%   44 sec CPU:  22.6%
mdfil_info:  70.0%   50 sec CPU:  23.5%
mdfil_info:  80.0%   56 sec CPU:  24.0%
mdfil_info:  90.0%   61 sec CPU:  24.4%
mdfil_info: 100.0%   67 sec CPU:  24.6%
mdfil_info: 100.0%   67 sec CPU:  24.6%
20795
AMSCommonsI-I-HardwareIdentifiedAs Linux 3.10.0-957.10.1.el7.x86_64 x86_64 2
AMSCommonsI-I-Identified as LittleEndian 64 bit machine. 4294967295
AMSCommonsI-I-amsdatabase /cvmfs/ams.cern.ch/Offline/AMSDataDir/DataBase/
AMSCommonsI-I-MipsFromCPUInfo: 2194.92
AMSCommonsI-I-SystemIdentified as  Intel(R) Xeon(R) CPU E5-2630 v4 @ 2.20GHz
AMSCommonsI-I-ComputerEvaluatedAsMips 3511
AMS Software version v5.02/1220/12 built Fri Apr 19 23:54:38 2019

Geant4  Version 1033
Run ID: 256 Bartel: 60
Input Destination: /eos/ams/user/s/selu/mdst/He122/mdst_60441796.root
Output Destination: /afs/cern.ch/work/c/ctuysuz/private/he_flux/LSF/result_mc_time/time_60/he_flux_60_256.root
Add hist00 from /eos/ams/user/s/selu/mdst/He122/mdst_60441796.root
Start of Init
Use new binning
Start of Eventloop
Ntr, Nent= 1 441372
IsMC= 1
Parameter[0] = -2.68018
Parameter[1] = -3.02446
Parameter[2] = -3.60716
Parameter[3] = -5.58914
Parameter[4] = 0.411118
Parameter[5] = -2.63403
mdfil_info:  10.0%    2 sec CPU:  72.8%
mdfil_info:  20.0%    4 sec CPU:  79.6%
mdfil_info:  30.0%    6 sec CPU:  82.6%
mdfil_info:  40.0%    8 sec CPU:  83.9%
mdfil_info:  50.0%   10 sec CPU:  84.9%
mdfil_info:  60.0%   12 sec CPU:  85.7%
mdfil_info:  70.0%   13 sec CPU:  86.0%
mdfil_info:  80.0%   15 sec CPU:  86.4%
mdfil_info:  90.0%   17 sec CPU:  86.6%
mdfil_info: 100.0%   19 sec CPU:  86.8%
mdfil_info: 100.0%   19 sec CPU:  86.8%
35510
AMSCommonsI-I-HardwareIdentifiedAs Linux 3.10.0-957.10.1.el7.x86_64 x86_64 2
AMSCommonsI-I-Identified as LittleEndian 64 bit machine. 4294967295
AMSCommonsI-I-amsdatabase /cvmfs/ams.cern.ch/Offline/AMSDataDir/DataBase/
AMSCommonsI-I-MipsFromCPUInfo: 2194.92
AMSCommonsI-I-SystemIdentified as  Intel(R) Xeon(R) CPU E5-2630 v4 @ 2.20GHz
AMSCommonsI-I-ComputerEvaluatedAsMips 3511
AMS Software version v5.02/1220/12 built Fri Apr 19 23:54:38 2019

Geant4  Version 1033
Run ID: 438 Bartel: 33
Input Destination: /eos/ams/user/s/selu/mdst/He122/mdst_60442326.root
Output Destination: /afs/cern.ch/work/c/ctuysuz/private/he_flux/LSF/result_mc_time/time_33/he_flux_33_438.root
Add hist00 from /eos/ams/user/s/selu/mdst/He122/mdst_60442326.root
Start of Init
Use new binning
Start of Eventloop
Ntr, Nent= 1 435434
IsMC= 1
Parameter[0] = -2.77717
Parameter[1] = -3.0473
Parameter[2] = -3.60062
Parameter[3] = -5.54545
Parameter[4] = 0.481599
Parameter[5] = -2.38362
mdfil_info:  10.0%    2 sec CPU:  76.9%
mdfil_info:  20.0%    4 sec CPU:  81.8%
mdfil_info:  30.0%    6 sec CPU:  83.6%
mdfil_info:  40.0%    7 sec CPU:  84.3%
mdfil_info:  50.0%    9 sec CPU:  84.9%
mdfil_info:  60.0%   11 sec CPU:  85.4%
mdfil_info:  70.0%   13 sec CPU:  85.1%
mdfil_info:  80.0%   15 sec CPU:  85.4%
mdfil_info:  90.0%   16 sec CPU:  85.6%
mdfil_info: 100.0%   18 sec CPU:  85.7%
mdfil_info: 100.0%   18 sec CPU:  85.7%
