WARN: the 'eosmount' alias is deprecated, please use /eos directly
License ports: 28518@lxlicen01.cern.ch,28518@lxlicen02.cern.ch,28518@lxlicen03.cern.ch:/cvmfs/projects.cern.ch/intelsw/psxe/linux/licenses
Intel(R) Parallel Studio XE 2018 Update 2 for Linux*
Copyright (C) 2009-2018 Intel Corporation. All rights reserved.
7167
AMSCommonsI-I-HardwareIdentifiedAs Linux 3.10.0-957.1.3.el7.x86_64 x86_64 2
AMSCommonsI-I-Identified as LittleEndian 64 bit machine. 4294967295
AMSCommonsI-I-amsdatabase /cvmfs/ams.cern.ch/Offline/AMSDataDir/DataBase/
AMSCommonsI-I-MipsFromCPUInfo: 2195.1
AMSCommonsI-I-SystemIdentified as  Intel(R) Xeon(R) CPU E5-2630 v4 @ 2.20GHz
AMSCommonsI-I-ComputerEvaluatedAsMips 3512
AMS Software version v5.02/1220/12 built Fri Apr 19 23:54:38 2019

Geant4  Version 1033
Run ID: 88 Bartel: 40
Input Destination: /eos/ams/user/s/selu/mdst/He122/mdst_60441628.root
Output Destination: /afs/cern.ch/work/c/ctuysuz/private/he_flux/LSF/result_mc_time/time_40/he_flux_40_88.root
Add hist00 from /eos/ams/user/s/selu/mdst/He122/mdst_60441628.root
Start of Init
Use new binning
Start of Eventloop
Ntr, Nent= 1 440663
IsMC= 1
Parameter[0] = -2.8011
Parameter[1] = -3.07357
Parameter[2] = -3.62055
Parameter[3] = -5.55933
Parameter[4] = 0.549697
Parameter[5] = -2.37552
mdfil_info:  10.0%    2 sec CPU:  99.7%
mdfil_info:  20.0%    3 sec CPU: 100.1%
mdfil_info:  30.0%    5 sec CPU: 100.0%
mdfil_info:  40.0%    7 sec CPU:  97.6%
mdfil_info:  50.0%    9 sec CPU:  96.0%
mdfil_info:  60.0%   11 sec CPU:  95.0%
mdfil_info:  70.0%   13 sec CPU:  95.1%
mdfil_info:  80.0%   15 sec CPU:  94.8%
mdfil_info:  90.0%   17 sec CPU:  94.6%
mdfil_info: 100.0%   19 sec CPU:  94.8%
mdfil_info: 100.0%   19 sec CPU:  94.8%
21882
AMSCommonsI-I-HardwareIdentifiedAs Linux 3.10.0-957.1.3.el7.x86_64 x86_64 2
AMSCommonsI-I-Identified as LittleEndian 64 bit machine. 4294967295
AMSCommonsI-I-amsdatabase /cvmfs/ams.cern.ch/Offline/AMSDataDir/DataBase/
AMSCommonsI-I-MipsFromCPUInfo: 2195.1
AMSCommonsI-I-SystemIdentified as  Intel(R) Xeon(R) CPU E5-2630 v4 @ 2.20GHz
AMSCommonsI-I-ComputerEvaluatedAsMips 3512
AMS Software version v5.02/1220/12 built Fri Apr 19 23:54:38 2019

Geant4  Version 1033
Run ID: 270 Bartel: 13
Input Destination: /eos/ams/user/s/selu/mdst/He122/mdst_60441810.root
Output Destination: /afs/cern.ch/work/c/ctuysuz/private/he_flux/LSF/result_mc_time/time_13/he_flux_13_270.root
Add hist00 from /eos/ams/user/s/selu/mdst/He122/mdst_60441810.root
Start of Init
Use new binning
Start of Eventloop
Ntr, Nent= 1 437324
IsMC= 1
Parameter[0] = -2.65893
Parameter[1] = -3.01855
Parameter[2] = -3.59704
Parameter[3] = -5.53516
Parameter[4] = 0.293906
Parameter[5] = -2.25131
mdfil_info:  10.0%   18 sec CPU:  12.3%
mdfil_info:  20.0%   24 sec CPU:  17.5%
mdfil_info:  30.0%   33 sec CPU:  19.4%
mdfil_info:  40.0%   41 sec CPU:  20.6%
mdfil_info:  50.0%   49 sec CPU:  21.4%
mdfil_info:  60.0%   56 sec CPU:  22.5%
mdfil_info:  70.0%   62 sec CPU:  23.6%
mdfil_info:  80.0%   69 sec CPU:  24.2%
mdfil_info:  90.0%   76 sec CPU:  24.8%
mdfil_info: 100.0%   82 sec CPU:  25.2%
mdfil_info: 100.0%   82 sec CPU:  25.2%
36597
AMSCommonsI-I-HardwareIdentifiedAs Linux 3.10.0-957.1.3.el7.x86_64 x86_64 2
AMSCommonsI-I-Identified as LittleEndian 64 bit machine. 4294967295
AMSCommonsI-I-amsdatabase /cvmfs/ams.cern.ch/Offline/AMSDataDir/DataBase/
AMSCommonsI-I-MipsFromCPUInfo: 2195.1
AMSCommonsI-I-SystemIdentified as  Intel(R) Xeon(R) CPU E5-2630 v4 @ 2.20GHz
AMSCommonsI-I-ComputerEvaluatedAsMips 3512
AMS Software version v5.02/1220/12 built Fri Apr 19 23:54:38 2019

Geant4  Version 1033
Run ID: 451 Bartel: 67
Input Destination: /eos/ams/user/s/selu/mdst/He314/mdst_120929851.root
Output Destination: /afs/cern.ch/work/c/ctuysuz/private/he_flux/LSF/result_mc_time/time_67/he_flux_67_451.root
Add hist00 from /eos/ams/user/s/selu/mdst/He314/mdst_120929851.root
Start of Init
Use new binning
Start of Eventloop
Ntr, Nent= 1 122247
IsMC= 1
Parameter[0] = -2.58662
Parameter[1] = -2.98984
Parameter[2] = -3.59559
Parameter[3] = -5.5153
Parameter[4] = 0.161079
Parameter[5] = -2.33345
mdfil_info:  10.0%    1 sec CPU:  87.4%
mdfil_info:  20.0%    1 sec CPU:  87.8%
mdfil_info:  30.0%    2 sec CPU:  88.0%
mdfil_info:  40.0%    2 sec CPU:  89.8%
mdfil_info:  50.0%    3 sec CPU:  90.6%
mdfil_info:  60.0%    4 sec CPU:  90.6%
mdfil_info:  70.0%    4 sec CPU:  91.0%
mdfil_info:  80.0%    5 sec CPU:  92.1%
mdfil_info:  90.0%    5 sec CPU:  92.9%
mdfil_info: 100.0%    6 sec CPU:  93.1%
mdfil_info: 100.0%    6 sec CPU:  93.1%
