WARN: the 'eosmount' alias is deprecated, please use /eos directly
License ports: 28518@lxlicen01.cern.ch,28518@lxlicen02.cern.ch,28518@lxlicen03.cern.ch:/cvmfs/projects.cern.ch/intelsw/psxe/linux/licenses
Intel(R) Parallel Studio XE 2018 Update 2 for Linux*
Copyright (C) 2009-2018 Intel Corporation. All rights reserved.
3617
AMSCommonsI-I-HardwareIdentifiedAs Linux 3.10.0-957.10.1.el7.x86_64 x86_64 2
AMSCommonsI-I-Identified as LittleEndian 64 bit machine. 4294967295
AMSCommonsI-I-amsdatabase /cvmfs/ams.cern.ch/Offline/AMSDataDir/DataBase/
AMSCommonsI-I-MipsFromCPUInfo: 2194.92
AMSCommonsI-I-SystemIdentified as  Intel(R) Xeon(R) CPU E5-2630 v4 @ 2.20GHz
AMSCommonsI-I-ComputerEvaluatedAsMips 3511
AMS Software version v5.02/1220/12 built Fri Apr 19 23:54:38 2019

Geant4  Version 1033
Run ID: 44 Bartel: 54
Input Destination: /eos/ams/user/s/selu/mdst/He122/mdst_60441583.root
Output Destination: /afs/cern.ch/work/c/ctuysuz/private/he_flux/LSF/result_mc_time/time_54/he_flux_54_44.root
Add hist00 from /eos/ams/user/s/selu/mdst/He122/mdst_60441583.root
Start of Init
Use new binning
Start of Eventloop
Ntr, Nent= 1 438208
IsMC= 1
Parameter[0] = -2.78801
Parameter[1] = -3.07185
Parameter[2] = -3.62903
Parameter[3] = -5.57585
Parameter[4] = 0.451953
Parameter[5] = -2.58019
mdfil_info:  10.0%    2 sec CPU:  73.1%
mdfil_info:  20.0%    4 sec CPU:  79.3%
mdfil_info:  30.0%    6 sec CPU:  81.6%
mdfil_info:  40.0%    8 sec CPU:  83.1%
mdfil_info:  50.0%   10 sec CPU:  83.6%
mdfil_info:  60.0%   12 sec CPU:  84.2%
mdfil_info:  70.0%   14 sec CPU:  84.5%
mdfil_info:  80.0%   16 sec CPU:  85.0%
mdfil_info:  90.0%   18 sec CPU:  85.4%
mdfil_info: 100.0%   20 sec CPU:  85.5%
mdfil_info: 100.0%   20 sec CPU:  85.5%
18332
AMSCommonsI-I-HardwareIdentifiedAs Linux 3.10.0-957.10.1.el7.x86_64 x86_64 2
AMSCommonsI-I-Identified as LittleEndian 64 bit machine. 4294967295
AMSCommonsI-I-amsdatabase /cvmfs/ams.cern.ch/Offline/AMSDataDir/DataBase/
AMSCommonsI-I-MipsFromCPUInfo: 2194.92
AMSCommonsI-I-SystemIdentified as  Intel(R) Xeon(R) CPU E5-2630 v4 @ 2.20GHz
AMSCommonsI-I-ComputerEvaluatedAsMips 3511
AMS Software version v5.02/1220/12 built Fri Apr 19 23:54:38 2019

Geant4  Version 1033
Run ID: 226 Bartel: 27
Input Destination: /eos/ams/user/s/selu/mdst/He122/mdst_60441766.root
Output Destination: /afs/cern.ch/work/c/ctuysuz/private/he_flux/LSF/result_mc_time/time_27/he_flux_27_226.root
Add hist00 from /eos/ams/user/s/selu/mdst/He122/mdst_60441766.root
Start of Init
Use new binning
Start of Eventloop
Ntr, Nent= 1 440403
IsMC= 1
Parameter[0] = -2.70724
Parameter[1] = -3.04642
Parameter[2] = -3.62117
Parameter[3] = -5.56267
Parameter[4] = 0.257638
Parameter[5] = -2.47221
mdfil_info:  10.0%    2 sec CPU:  75.6%
mdfil_info:  20.0%    4 sec CPU:  81.6%
mdfil_info:  30.0%    6 sec CPU:  84.1%
mdfil_info:  40.0%    8 sec CPU:  84.7%
mdfil_info:  50.0%   10 sec CPU:  84.9%
mdfil_info:  60.0%   11 sec CPU:  85.1%
mdfil_info:  70.0%   13 sec CPU:  85.3%
mdfil_info:  80.0%   15 sec CPU:  85.5%
mdfil_info:  90.0%   17 sec CPU:  85.8%
mdfil_info: 100.0%   19 sec CPU:  86.0%
mdfil_info: 100.0%   19 sec CPU:  86.0%
33047
AMSCommonsI-I-HardwareIdentifiedAs Linux 3.10.0-957.10.1.el7.x86_64 x86_64 2
AMSCommonsI-I-Identified as LittleEndian 64 bit machine. 4294967295
AMSCommonsI-I-amsdatabase /cvmfs/ams.cern.ch/Offline/AMSDataDir/DataBase/
AMSCommonsI-I-MipsFromCPUInfo: 2194.92
AMSCommonsI-I-SystemIdentified as  Intel(R) Xeon(R) CPU E5-2630 v4 @ 2.20GHz
AMSCommonsI-I-ComputerEvaluatedAsMips 3511
AMS Software version v5.02/1220/12 built Fri Apr 19 23:54:38 2019

Geant4  Version 1033
Run ID: 407 Bartel: 81
Input Destination: /eos/ams/user/s/selu/mdst/He122/mdst_60442295.root
Output Destination: /afs/cern.ch/work/c/ctuysuz/private/he_flux/LSF/result_mc_time/time_81/he_flux_81_407.root
Add hist00 from /eos/ams/user/s/selu/mdst/He122/mdst_60442295.root
Start of Init
Use new binning
Start of Eventloop
Ntr, Nent= 1 435959
IsMC= 1
Parameter[0] = -2.48037
Parameter[1] = -2.95644
Parameter[2] = -3.57046
Parameter[3] = -5.46876
Parameter[4] = -0.0472079
Parameter[5] = -1.99045
mdfil_info:  10.0%   19 sec CPU:  10.9%
mdfil_info:  20.0%   26 sec CPU:  14.4%
mdfil_info:  30.0%   34 sec CPU:  15.7%
mdfil_info:  40.0%   42 sec CPU:  16.6%
mdfil_info:  50.0%   49 sec CPU:  17.1%
mdfil_info:  60.0%   62 sec CPU:  16.3%
mdfil_info:  70.0%   70 sec CPU:  16.9%
mdfil_info:  80.0%   78 sec CPU:  17.3%
mdfil_info:  90.0%   86 sec CPU:  17.6%
mdfil_info: 100.0%   99 sec CPU:  17.0%
mdfil_info: 100.0%   99 sec CPU:  17.0%
