WARN: the 'eosmount' alias is deprecated, please use /eos directly
License ports: 28518@lxlicen01.cern.ch,28518@lxlicen02.cern.ch,28518@lxlicen03.cern.ch:/cvmfs/projects.cern.ch/intelsw/psxe/linux/licenses
Intel(R) Parallel Studio XE 2018 Update 2 for Linux*
Copyright (C) 2009-2018 Intel Corporation. All rights reserved.
6103
AMSCommonsI-I-HardwareIdentifiedAs Linux 3.10.0-957.12.1.el7.x86_64 x86_64 2
AMSCommonsI-I-Identified as LittleEndian 64 bit machine. 4294967295
AMSCommonsI-I-amsdatabase /cvmfs/ams.cern.ch/Offline/AMSDataDir/DataBase/
AMSCommonsI-I-MipsFromCPUInfo: 2394.45
AMSCommonsI-I-SystemIdentified as  Intel Core Processor (Haswell, no TSX, IBRS)
AMSCommonsI-I-ComputerEvaluatedAsMips 3591
AMS Software version v5.02/1220/12 built Fri Apr 19 23:54:38 2019

Geant4  Version 1033
Run ID: 75 Bartel: 29
Input Destination: /eos/ams/user/s/selu/mdst/He122/mdst_60441615.root
Output Destination: /afs/cern.ch/work/c/ctuysuz/private/he_flux/LSF/result_mc_time/time_29/he_flux_29_75.root
Add hist00 from /eos/ams/user/s/selu/mdst/He122/mdst_60441615.root
Start of Init
Use new binning
Start of Eventloop
Ntr, Nent= 1 442188
IsMC= 1
Parameter[0] = -2.79936
Parameter[1] = -3.07658
Parameter[2] = -3.62788
Parameter[3] = -5.57562
Parameter[4] = 0.497287
Parameter[5] = -2.44847
mdfil_info:  10.0%   17 sec CPU:  12.4%
mdfil_info:  20.0%   23 sec CPU:  17.6%
mdfil_info:  30.0%   28 sec CPU:  21.0%
mdfil_info:  40.0%   34 sec CPU:  23.3%
mdfil_info:  50.0%   39 sec CPU:  25.0%
mdfil_info:  60.0%   45 sec CPU:  26.4%
mdfil_info:  70.0%   51 sec CPU:  27.2%
mdfil_info:  80.0%   56 sec CPU:  27.7%
mdfil_info:  90.0%   62 sec CPU:  28.1%
mdfil_info: 100.0%   68 sec CPU:  28.8%
mdfil_info: 100.0%   68 sec CPU:  28.8%
20818
AMSCommonsI-I-HardwareIdentifiedAs Linux 3.10.0-957.12.1.el7.x86_64 x86_64 2
AMSCommonsI-I-Identified as LittleEndian 64 bit machine. 4294967295
AMSCommonsI-I-amsdatabase /cvmfs/ams.cern.ch/Offline/AMSDataDir/DataBase/
AMSCommonsI-I-MipsFromCPUInfo: 2394.45
AMSCommonsI-I-SystemIdentified as  Intel Core Processor (Haswell, no TSX, IBRS)
AMSCommonsI-I-ComputerEvaluatedAsMips 3591
AMS Software version v5.02/1220/12 built Fri Apr 19 23:54:38 2019

Geant4  Version 1033
Run ID: 257 Bartel: 2
Input Destination: /eos/ams/user/s/selu/mdst/He122/mdst_60441797.root
Output Destination: /afs/cern.ch/work/c/ctuysuz/private/he_flux/LSF/result_mc_time/time_2/he_flux_2_257.root
Add hist00 from /eos/ams/user/s/selu/mdst/He122/mdst_60441797.root
Start of Init
Use new binning
Start of Eventloop
Ntr, Nent= 1 438421
IsMC= 1
Parameter[0] = -2.61736
Parameter[1] = -2.93157
Parameter[2] = -3.51989
Parameter[3] = -5.49278
Parameter[4] = 0.444434
Parameter[5] = -2.60596
mdfil_info:  10.0%    2 sec CPU:  82.0%
mdfil_info:  20.0%    4 sec CPU:  86.9%
mdfil_info:  30.0%    6 sec CPU:  88.1%
mdfil_info:  40.0%    7 sec CPU:  89.2%
mdfil_info:  50.0%    9 sec CPU:  89.7%
mdfil_info:  60.0%   11 sec CPU:  90.1%
mdfil_info:  70.0%   13 sec CPU:  90.6%
mdfil_info:  80.0%   14 sec CPU:  90.9%
mdfil_info:  90.0%   16 sec CPU:  91.1%
mdfil_info: 100.0%   18 sec CPU:  91.5%
mdfil_info: 100.0%   18 sec CPU:  91.5%
35533
AMSCommonsI-I-HardwareIdentifiedAs Linux 3.10.0-957.12.1.el7.x86_64 x86_64 2
AMSCommonsI-I-Identified as LittleEndian 64 bit machine. 4294967295
AMSCommonsI-I-amsdatabase /cvmfs/ams.cern.ch/Offline/AMSDataDir/DataBase/
AMSCommonsI-I-MipsFromCPUInfo: 2394.45
AMSCommonsI-I-SystemIdentified as  Intel Core Processor (Haswell, no TSX, IBRS)
AMSCommonsI-I-ComputerEvaluatedAsMips 3591
AMS Software version v5.02/1220/12 built Fri Apr 19 23:54:38 2019

Geant4  Version 1033
Run ID: 438 Bartel: 56
Input Destination: /eos/ams/user/s/selu/mdst/He122/mdst_60442326.root
Output Destination: /afs/cern.ch/work/c/ctuysuz/private/he_flux/LSF/result_mc_time/time_56/he_flux_56_438.root
Add hist00 from /eos/ams/user/s/selu/mdst/He122/mdst_60442326.root
Start of Init
Use new binning
Start of Eventloop
Ntr, Nent= 1 435434
IsMC= 1
Parameter[0] = -2.72531
Parameter[1] = -3.04724
Parameter[2] = -3.61961
Parameter[3] = -5.54865
Parameter[4] = 0.293124
Parameter[5] = -2.44228
mdfil_info:  10.0%   15 sec CPU:  13.0%
mdfil_info:  20.0%   21 sec CPU:  18.7%
mdfil_info:  30.0%   25 sec CPU:  22.2%
mdfil_info:  40.0%   31 sec CPU:  24.3%
mdfil_info:  50.0%   35 sec CPU:  26.2%
mdfil_info:  60.0%   40 sec CPU:  27.6%
mdfil_info:  70.0%   45 sec CPU:  28.6%
mdfil_info:  80.0%   50 sec CPU:  29.3%
mdfil_info:  90.0%   55 sec CPU:  29.5%
mdfil_info: 100.0%   61 sec CPU:  30.1%
mdfil_info: 100.0%   61 sec CPU:  30.1%
