WARN: the 'eosmount' alias is deprecated, please use /eos directly
License ports: 28518@lxlicen01.cern.ch,28518@lxlicen02.cern.ch,28518@lxlicen03.cern.ch:/cvmfs/projects.cern.ch/intelsw/psxe/linux/licenses
Intel(R) Parallel Studio XE 2018 Update 2 for Linux*
Copyright (C) 2009-2018 Intel Corporation. All rights reserved.
7223
AMSCommonsI-I-HardwareIdentifiedAs Linux 3.10.0-957.12.2.el7.x86_64 x86_64 2
AMSCommonsI-I-Identified as LittleEndian 64 bit machine. 4294967295
AMSCommonsI-I-amsdatabase /cvmfs/ams.cern.ch/Offline/AMSDataDir/DataBase/
AMSCommonsI-I-MipsFromCPUInfo: 2394.45
AMSCommonsI-I-SystemIdentified as  Intel(R) Xeon(R) CPU E5-2630 v3 @ 2.40GHz
AMSCommonsI-I-ComputerEvaluatedAsMips 3831
AMS Software version v5.02/1220/12 built Fri Apr 19 23:54:38 2019

Geant4  Version 1033
Run ID: 89 Bartel: 15
Input Destination: /eos/ams/user/s/selu/mdst/He122/mdst_60441629.root
Output Destination: /afs/cern.ch/work/c/ctuysuz/private/he_flux/LSF/result_mc_time/time_15/he_flux_15_89.root
Add hist00 from /eos/ams/user/s/selu/mdst/He122/mdst_60441629.root
Start of Init
Use new binning
Start of Eventloop
Ntr, Nent= 1 441505
IsMC= 1
Parameter[0] = -2.64949
Parameter[1] = -3.02393
Parameter[2] = -3.59344
Parameter[3] = -5.52782
Parameter[4] = 0.200514
Parameter[5] = -2.29505
mdfil_info:  10.0%   16 sec CPU:  13.0%
mdfil_info:  20.0%   21 sec CPU:  18.7%
mdfil_info:  30.0%   26 sec CPU:  22.9%
mdfil_info:  40.0%   31 sec CPU:  25.3%
mdfil_info:  50.0%   36 sec CPU:  27.4%
mdfil_info:  60.0%   41 sec CPU:  28.6%
mdfil_info:  70.0%   46 sec CPU:  29.4%
mdfil_info:  80.0%   53 sec CPU:  29.1%
mdfil_info:  90.0%   61 sec CPU:  28.5%
mdfil_info: 100.0%   66 sec CPU:  28.9%
mdfil_info: 100.0%   66 sec CPU:  28.9%
21938
AMSCommonsI-I-HardwareIdentifiedAs Linux 3.10.0-957.12.2.el7.x86_64 x86_64 2
AMSCommonsI-I-Identified as LittleEndian 64 bit machine. 4294967295
AMSCommonsI-I-amsdatabase /cvmfs/ams.cern.ch/Offline/AMSDataDir/DataBase/
AMSCommonsI-I-MipsFromCPUInfo: 2394.45
AMSCommonsI-I-SystemIdentified as  Intel(R) Xeon(R) CPU E5-2630 v3 @ 2.40GHz
AMSCommonsI-I-ComputerEvaluatedAsMips 3831
AMS Software version v5.02/1220/12 built Fri Apr 19 23:54:38 2019

Geant4  Version 1033
Run ID: 270 Bartel: 69
Input Destination: /eos/ams/user/s/selu/mdst/He122/mdst_60441810.root
Output Destination: /afs/cern.ch/work/c/ctuysuz/private/he_flux/LSF/result_mc_time/time_69/he_flux_69_270.root
Add hist00 from /eos/ams/user/s/selu/mdst/He122/mdst_60441810.root
Start of Init
Use new binning
Start of Eventloop
Ntr, Nent= 1 437324
IsMC= 1
Parameter[0] = -2.5456
Parameter[1] = -2.98028
Parameter[2] = -3.58897
Parameter[3] = -5.48942
Parameter[4] = 0.110577
Parameter[5] = -2.14012
mdfil_info:  10.0%   15 sec CPU:  14.1%
mdfil_info:  20.0%   20 sec CPU:  19.9%
mdfil_info:  30.0%   25 sec CPU:  23.3%
mdfil_info:  40.0%   30 sec CPU:  25.7%
mdfil_info:  50.0%   36 sec CPU:  27.3%
mdfil_info:  60.0%   41 sec CPU:  28.3%
mdfil_info:  70.0%   46 sec CPU:  29.1%
mdfil_info:  80.0%   52 sec CPU:  29.6%
mdfil_info:  90.0%   57 sec CPU:  30.2%
mdfil_info: 100.0%   62 sec CPU:  30.7%
mdfil_info: 100.0%   62 sec CPU:  30.7%
36653
AMSCommonsI-I-HardwareIdentifiedAs Linux 3.10.0-957.12.2.el7.x86_64 x86_64 2
AMSCommonsI-I-Identified as LittleEndian 64 bit machine. 4294967295
AMSCommonsI-I-amsdatabase /cvmfs/ams.cern.ch/Offline/AMSDataDir/DataBase/
AMSCommonsI-I-MipsFromCPUInfo: 2394.45
AMSCommonsI-I-SystemIdentified as  Intel(R) Xeon(R) CPU E5-2630 v3 @ 2.40GHz
AMSCommonsI-I-ComputerEvaluatedAsMips 3831
AMS Software version v5.02/1220/12 built Fri Apr 19 23:54:38 2019

Geant4  Version 1033
Run ID: 452 Bartel: 42
Input Destination: /eos/ams/user/s/selu/mdst/He314/mdst_120929852.root
Output Destination: /afs/cern.ch/work/c/ctuysuz/private/he_flux/LSF/result_mc_time/time_42/he_flux_42_452.root
Add hist00 from /eos/ams/user/s/selu/mdst/He314/mdst_120929852.root
Start of Init
Use new binning
Start of Eventloop
Ntr, Nent= 1 122283
IsMC= 1
Parameter[0] = -2.78027
Parameter[1] = -3.06778
Parameter[2] = -3.62449
Parameter[3] = -5.58149
Parameter[4] = 0.44175
Parameter[5] = -2.56338
mdfil_info:  10.0%    0 sec CPU:  99.2%
mdfil_info:  20.0%    1 sec CPU:  99.6%
mdfil_info:  30.0%    1 sec CPU:  99.5%
mdfil_info:  40.0%    2 sec CPU:  99.8%
mdfil_info:  50.0%    2 sec CPU: 100.1%
mdfil_info:  60.0%    3 sec CPU:  99.6%
mdfil_info:  70.0%    3 sec CPU:  99.8%
mdfil_info:  80.0%    4 sec CPU:  99.9%
mdfil_info:  90.0%    4 sec CPU:  99.9%
mdfil_info: 100.0%    4 sec CPU:  99.9%
mdfil_info: 100.0%    4 sec CPU:  99.9%
