WARN: the 'eosmount' alias is deprecated, please use /eos directly
License ports: 28518@lxlicen01.cern.ch,28518@lxlicen02.cern.ch,28518@lxlicen03.cern.ch:/cvmfs/projects.cern.ch/intelsw/psxe/linux/licenses
Intel(R) Parallel Studio XE 2018 Update 2 for Linux*
Copyright (C) 2009-2018 Intel Corporation. All rights reserved.
11161
AMSCommonsI-I-HardwareIdentifiedAs Linux 3.10.0-957.10.1.el7.x86_64 x86_64 2
AMSCommonsI-I-Identified as LittleEndian 64 bit machine. 4294967295
AMSCommonsI-I-amsdatabase /cvmfs/ams.cern.ch/Offline/AMSDataDir/DataBase/
AMSCommonsI-I-MipsFromCPUInfo: 2194.92
AMSCommonsI-I-SystemIdentified as  Intel(R) Xeon(R) CPU E5-2630 v4 @ 2.20GHz
AMSCommonsI-I-ComputerEvaluatedAsMips 3511
AMS Software version v5.02/1220/12 built Fri Apr 19 23:54:38 2019

Geant4  Version 1033
Run ID: 137 Bartel: 65
Input Destination: /eos/ams/user/s/selu/mdst/He122/mdst_60441677.root
Output Destination: /afs/cern.ch/work/c/ctuysuz/private/he_flux/LSF/result_mc_time/time_65/he_flux_65_137.root
Add hist00 from /eos/ams/user/s/selu/mdst/He122/mdst_60441677.root
Start of Init
Use new binning
Start of Eventloop
Ntr, Nent= 1 436158
IsMC= 1
Parameter[0] = -2.59221
Parameter[1] = -2.99417
Parameter[2] = -3.58427
Parameter[3] = -5.53167
Parameter[4] = 0.305015
Parameter[5] = -2.21807
mdfil_info:  10.0%   17 sec CPU:  11.9%
mdfil_info:  20.0%   23 sec CPU:  16.1%
mdfil_info:  30.0%   30 sec CPU:  18.6%
mdfil_info:  40.0%   38 sec CPU:  19.5%
mdfil_info:  50.0%   46 sec CPU:  19.7%
mdfil_info:  60.0%   54 sec CPU:  20.3%
mdfil_info:  70.0%   60 sec CPU:  21.1%
mdfil_info:  80.0%   66 sec CPU:  21.8%
mdfil_info:  90.0%   78 sec CPU:  21.0%
mdfil_info: 100.0%   85 sec CPU:  21.2%
mdfil_info: 100.0%   85 sec CPU:  21.2%
25876
AMSCommonsI-I-HardwareIdentifiedAs Linux 3.10.0-957.10.1.el7.x86_64 x86_64 2
AMSCommonsI-I-Identified as LittleEndian 64 bit machine. 4294967295
AMSCommonsI-I-amsdatabase /cvmfs/ams.cern.ch/Offline/AMSDataDir/DataBase/
AMSCommonsI-I-MipsFromCPUInfo: 2194.92
AMSCommonsI-I-SystemIdentified as  Intel(R) Xeon(R) CPU E5-2630 v4 @ 2.20GHz
AMSCommonsI-I-ComputerEvaluatedAsMips 3511
AMS Software version v5.02/1220/12 built Fri Apr 19 23:54:38 2019

Geant4  Version 1033
Run ID: 319 Bartel: 38
Input Destination: /eos/ams/user/s/selu/mdst/He122/mdst_60441859.root
Output Destination: /afs/cern.ch/work/c/ctuysuz/private/he_flux/LSF/result_mc_time/time_38/he_flux_38_319.root
Add hist00 from /eos/ams/user/s/selu/mdst/He122/mdst_60441859.root
Start of Init
Use new binning
Start of Eventloop
Ntr, Nent= 1 441186
IsMC= 1
Parameter[0] = -2.81232
Parameter[1] = -3.08566
Parameter[2] = -3.62933
Parameter[3] = -5.55815
Parameter[4] = 0.386285
Parameter[5] = -2.46956
mdfil_info:  10.0%    2 sec CPU:  84.0%
mdfil_info:  20.0%    4 sec CPU:  87.6%
mdfil_info:  30.0%    6 sec CPU:  89.6%
mdfil_info:  40.0%    7 sec CPU:  90.7%
mdfil_info:  50.0%    9 sec CPU:  91.1%
mdfil_info:  60.0%   11 sec CPU:  91.5%
mdfil_info:  70.0%   13 sec CPU:  91.6%
mdfil_info:  80.0%   15 sec CPU:  91.7%
mdfil_info:  90.0%   16 sec CPU:  91.9%
mdfil_info: 100.0%   18 sec CPU:  92.1%
mdfil_info: 100.0%   18 sec CPU:  92.1%
40591
AMSCommonsI-I-HardwareIdentifiedAs Linux 3.10.0-957.10.1.el7.x86_64 x86_64 2
AMSCommonsI-I-Identified as LittleEndian 64 bit machine. 4294967295
AMSCommonsI-I-amsdatabase /cvmfs/ams.cern.ch/Offline/AMSDataDir/DataBase/
AMSCommonsI-I-MipsFromCPUInfo: 2194.92
AMSCommonsI-I-SystemIdentified as  Intel(R) Xeon(R) CPU E5-2630 v4 @ 2.20GHz
AMSCommonsI-I-ComputerEvaluatedAsMips 3511
AMS Software version v5.02/1220/12 built Fri Apr 19 23:54:38 2019

Geant4  Version 1033
Run ID: 501 Bartel: 11
Input Destination: /eos/ams/user/s/selu/mdst/He314/mdst_120929902.root
Output Destination: /afs/cern.ch/work/c/ctuysuz/private/he_flux/LSF/result_mc_time/time_11/he_flux_11_501.root
Add hist00 from /eos/ams/user/s/selu/mdst/He314/mdst_120929902.root
Start of Init
Use new binning
Start of Eventloop
Ntr, Nent= 1 121614
IsMC= 1
Parameter[0] = -2.62211
Parameter[1] = -3.02015
Parameter[2] = -3.60112
Parameter[3] = -5.50361
Parameter[4] = 0.101851
Parameter[5] = -2.22239
mdfil_info:  10.0%    1 sec CPU:  74.3%
mdfil_info:  20.0%    1 sec CPU:  75.0%
mdfil_info:  30.0%    2 sec CPU:  78.6%
mdfil_info:  40.0%    2 sec CPU:  81.7%
mdfil_info:  50.0%    3 sec CPU:  84.1%
mdfil_info:  60.0%    3 sec CPU:  84.8%
mdfil_info:  70.0%    4 sec CPU:  85.8%
mdfil_info:  80.0%    4 sec CPU:  87.1%
mdfil_info:  90.0%    5 sec CPU:  87.2%
mdfil_info: 100.0%    5 sec CPU:  87.4%
mdfil_info: 100.0%    5 sec CPU:  87.4%
