WARN: the 'eosmount' alias is deprecated, please use /eos directly
License ports: 28518@lxlicen01.cern.ch,28518@lxlicen02.cern.ch,28518@lxlicen03.cern.ch:/cvmfs/projects.cern.ch/intelsw/psxe/linux/licenses
Intel(R) Parallel Studio XE 2018 Update 2 for Linux*
Copyright (C) 2009-2018 Intel Corporation. All rights reserved.
8307
AMSCommonsI-I-HardwareIdentifiedAs Linux 3.10.0-957.10.1.el7.x86_64 x86_64 2
AMSCommonsI-I-Identified as LittleEndian 64 bit machine. 4294967295
AMSCommonsI-I-amsdatabase /cvmfs/ams.cern.ch/Offline/AMSDataDir/DataBase/
AMSCommonsI-I-MipsFromCPUInfo: 2194.92
AMSCommonsI-I-SystemIdentified as  Intel(R) Xeon(R) CPU E5-2630 v4 @ 2.20GHz
AMSCommonsI-I-ComputerEvaluatedAsMips 3511
AMS Software version v5.02/1220/12 built Fri Apr 19 23:54:38 2019

Geant4  Version 1033
Run ID: 102 Bartel: 46
23022
AMSCommonsI-I-HardwareIdentifiedAs Linux 3.10.0-957.10.1.el7.x86_64 x86_64 2
AMSCommonsI-I-Identified as LittleEndian 64 bit machine. 4294967295
AMSCommonsI-I-amsdatabase /cvmfs/ams.cern.ch/Offline/AMSDataDir/DataBase/
AMSCommonsI-I-MipsFromCPUInfo: 2194.92
AMSCommonsI-I-SystemIdentified as  Intel(R) Xeon(R) CPU E5-2630 v4 @ 2.20GHz
AMSCommonsI-I-ComputerEvaluatedAsMips 3511
AMS Software version v5.02/1220/12 built Fri Apr 19 23:54:38 2019

Geant4  Version 1033
Run ID: 284 Bartel: 19
Input Destination: /eos/ams/user/s/selu/mdst/He122/mdst_60441824.root
Output Destination: /afs/cern.ch/work/c/ctuysuz/private/he_flux/LSF/result_mc_time/time_19/he_flux_19_284.root
Add hist00 from /eos/ams/user/s/selu/mdst/He122/mdst_60441824.root
Start of Init
Use new binning
Start of Eventloop
Ntr, Nent= 1 436373
IsMC= 1
Parameter[0] = -2.70235
Parameter[1] = -3.03758
Parameter[2] = -3.60308
Parameter[3] = -5.55191
Parameter[4] = 0.242617
Parameter[5] = -2.38008
mdfil_info:  10.0%    3 sec CPU:  72.7%
mdfil_info:  20.0%    5 sec CPU:  80.0%
mdfil_info:  30.0%   11 sec CPU:  56.9%
mdfil_info:  40.0%   13 sec CPU:  62.1%
mdfil_info:  50.0%   15 sec CPU:  66.0%
mdfil_info:  60.0%   19 sec CPU:  65.4%
mdfil_info:  70.0%   21 sec CPU:  67.2%
mdfil_info:  80.0%   23 sec CPU:  68.4%
mdfil_info:  90.0%   26 sec CPU:  69.4%
mdfil_info: 100.0%   28 sec CPU:  71.0%
mdfil_info: 100.0%   28 sec CPU:  71.0%
37737
AMSCommonsI-I-HardwareIdentifiedAs Linux 3.10.0-957.10.1.el7.x86_64 x86_64 2
AMSCommonsI-I-Identified as LittleEndian 64 bit machine. 4294967295
AMSCommonsI-I-amsdatabase /cvmfs/ams.cern.ch/Offline/AMSDataDir/DataBase/
AMSCommonsI-I-MipsFromCPUInfo: 2194.92
AMSCommonsI-I-SystemIdentified as  Intel(R) Xeon(R) CPU E5-2630 v4 @ 2.20GHz
AMSCommonsI-I-ComputerEvaluatedAsMips 3511
AMS Software version v5.02/1220/12 built Fri Apr 19 23:54:38 2019

Geant4  Version 1033
Run ID: 465 Bartel: 73
Input Destination: /eos/ams/user/s/selu/mdst/He314/mdst_120929865.root
Output Destination: /afs/cern.ch/work/c/ctuysuz/private/he_flux/LSF/result_mc_time/time_73/he_flux_73_465.root
Add hist00 from /eos/ams/user/s/selu/mdst/He314/mdst_120929865.root
Start of Init
Use new binning
Start of Eventloop
Ntr, Nent= 1 122829
IsMC= 1
Parameter[0] = -2.52877
Parameter[1] = -2.96916
Parameter[2] = -3.58403
Parameter[3] = -5.48816
Parameter[4] = 0.0284517
Parameter[5] = -2.25131
mdfil_info:  10.0%    6 sec CPU:  11.1%
mdfil_info:  20.0%   11 sec CPU:  11.8%
mdfil_info:  30.0%   16 sec CPU:  12.7%
mdfil_info:  40.0%   18 sec CPU:  14.9%
mdfil_info:  50.0%   19 sec CPU:  17.1%
mdfil_info:  60.0%   21 sec CPU:  18.6%
mdfil_info:  70.0%   23 sec CPU:  20.2%
mdfil_info:  80.0%   24 sec CPU:  21.5%
mdfil_info:  90.0%   26 sec CPU:  22.4%
mdfil_info: 100.0%   27 sec CPU:  23.5%
mdfil_info: 100.0%   27 sec CPU:  23.5%
