WARN: the 'eosmount' alias is deprecated, please use /eos directly
License ports: 28518@lxlicen01.cern.ch,28518@lxlicen02.cern.ch,28518@lxlicen03.cern.ch:/cvmfs/projects.cern.ch/intelsw/psxe/linux/licenses
Intel(R) Parallel Studio XE 2018 Update 2 for Linux*
Copyright (C) 2009-2018 Intel Corporation. All rights reserved.
13367
AMSCommonsI-I-HardwareIdentifiedAs Linux 3.10.0-957.1.3.el7.x86_64 x86_64 2
AMSCommonsI-I-Identified as LittleEndian 64 bit machine. 4294967295
AMSCommonsI-I-amsdatabase /cvmfs/ams.cern.ch/Offline/AMSDataDir/DataBase/
AMSCommonsI-I-MipsFromCPUInfo: 2194.92
AMSCommonsI-I-SystemIdentified as  Intel(R) Xeon(R) CPU E5-2650 v4 @ 2.20GHz
AMSCommonsI-I-ComputerEvaluatedAsMips 3511
AMS Software version v5.02/1220/12 built Fri Apr 19 23:54:38 2019

Geant4  Version 1033
Run ID: 165 Bartel: 3
Input Destination: /eos/ams/user/s/selu/mdst/He122/mdst_60441705.root
Output Destination: /afs/cern.ch/work/c/ctuysuz/private/he_flux/LSF/result_mc_time/time_3/he_flux_3_165.root
Add hist00 from /eos/ams/user/s/selu/mdst/He122/mdst_60441705.root
Start of Init
Use new binning
Start of Eventloop
Ntr, Nent= 1 438904
IsMC= 1
Parameter[0] = -2.60444
Parameter[1] = -2.96917
Parameter[2] = -3.55869
Parameter[3] = -5.49263
Parameter[4] = 0.194958
Parameter[5] = -2.37354
mdfil_info:  10.0%    7 sec CPU:  25.1%
mdfil_info:  20.0%   11 sec CPU:  30.0%
mdfil_info:  30.0%   17 sec CPU:  31.0%
mdfil_info:  40.0%   24 sec CPU:  29.8%
mdfil_info:  50.0%   29 sec CPU:  30.3%
mdfil_info:  60.0%   33 sec CPU:  31.7%
mdfil_info:  70.0%   39 sec CPU:  31.4%
mdfil_info:  80.0%   52 sec CPU:  26.7%
mdfil_info:  90.0%   56 sec CPU:  28.1%
mdfil_info: 100.0%   59 sec CPU:  29.5%
mdfil_info: 100.0%   59 sec CPU:  29.5%
28082
AMSCommonsI-I-HardwareIdentifiedAs Linux 3.10.0-957.1.3.el7.x86_64 x86_64 2
AMSCommonsI-I-Identified as LittleEndian 64 bit machine. 4294967295
AMSCommonsI-I-amsdatabase /cvmfs/ams.cern.ch/Offline/AMSDataDir/DataBase/
AMSCommonsI-I-MipsFromCPUInfo: 2194.92
AMSCommonsI-I-SystemIdentified as  Intel(R) Xeon(R) CPU E5-2650 v4 @ 2.20GHz
AMSCommonsI-I-ComputerEvaluatedAsMips 3511
AMS Software version v5.02/1220/12 built Fri Apr 19 23:54:38 2019

Geant4  Version 1033
Run ID: 346 Bartel: 57
Input Destination: /eos/ams/user/s/selu/mdst/He122/mdst_60441886.root
Output Destination: /afs/cern.ch/work/c/ctuysuz/private/he_flux/LSF/result_mc_time/time_57/he_flux_57_346.root
Add hist00 from /eos/ams/user/s/selu/mdst/He122/mdst_60441886.root
Start of Init
Use new binning
Start of Eventloop
Ntr, Nent= 1 394682
IsMC= 1
Parameter[0] = -2.70293
Parameter[1] = -3.03976
Parameter[2] = -3.61538
Parameter[3] = -5.54214
Parameter[4] = 0.274724
Parameter[5] = -2.38056
mdfil_info:  10.0%   17 sec CPU:  10.5%
mdfil_info:  20.0%   26 sec CPU:  13.4%
mdfil_info:  30.0%   35 sec CPU:  14.2%
mdfil_info:  40.0%   43 sec CPU:  15.4%
mdfil_info:  50.0%   50 sec CPU:  16.0%
mdfil_info:  60.0%   57 sec CPU:  16.7%
mdfil_info:  70.0%   63 sec CPU:  17.7%
mdfil_info:  80.0%   68 sec CPU:  18.5%
mdfil_info:  90.0%   75 sec CPU:  19.0%
mdfil_info: 100.0%   81 sec CPU:  19.4%
mdfil_info: 100.0%   81 sec CPU:  19.4%
42797
AMSCommonsI-I-HardwareIdentifiedAs Linux 3.10.0-957.1.3.el7.x86_64 x86_64 2
AMSCommonsI-I-Identified as LittleEndian 64 bit machine. 4294967295
AMSCommonsI-I-amsdatabase /cvmfs/ams.cern.ch/Offline/AMSDataDir/DataBase/
AMSCommonsI-I-MipsFromCPUInfo: 2194.92
AMSCommonsI-I-SystemIdentified as  Intel(R) Xeon(R) CPU E5-2650 v4 @ 2.20GHz
AMSCommonsI-I-ComputerEvaluatedAsMips 3511
AMS Software version v5.02/1220/12 built Fri Apr 19 23:54:38 2019

Geant4  Version 1033
Run ID: 528 Bartel: 30
Input Destination: /eos/ams/user/s/selu/mdst/He314/mdst_120929931.root
Output Destination: /afs/cern.ch/work/c/ctuysuz/private/he_flux/LSF/result_mc_time/time_30/he_flux_30_528.root
Add hist00 from /eos/ams/user/s/selu/mdst/He314/mdst_120929931.root
Start of Init
Use new binning
Start of Eventloop
Ntr, Nent= 1 110806
IsMC= 1
Parameter[0] = -2.78302
Parameter[1] = -3.06111
Parameter[2] = -3.62424
Parameter[3] = -5.59535
Parameter[4] = 0.417456
Parameter[5] = -2.69098
mdfil_info:  10.0%    5 sec CPU:   9.8%
mdfil_info:  20.0%   10 sec CPU:  10.6%
mdfil_info:  30.0%   14 sec CPU:  11.2%
mdfil_info:  40.0%   16 sec CPU:  13.4%
mdfil_info:  50.0%   17 sec CPU:  15.1%
mdfil_info:  60.0%   18 sec CPU:  16.5%
mdfil_info:  70.0%   20 sec CPU:  18.0%
mdfil_info:  80.0%   21 sec CPU:  19.2%
mdfil_info:  90.0%   23 sec CPU:  19.6%
mdfil_info: 100.0%   24 sec CPU:  20.4%
mdfil_info: 100.0%   24 sec CPU:  20.4%
