WARN: the 'eosmount' alias is deprecated, please use /eos directly
License ports: 28518@lxlicen01.cern.ch,28518@lxlicen02.cern.ch,28518@lxlicen03.cern.ch:/cvmfs/projects.cern.ch/intelsw/psxe/linux/licenses
Intel(R) Parallel Studio XE 2018 Update 2 for Linux*
Copyright (C) 2009-2018 Intel Corporation. All rights reserved.
13131
AMSCommonsI-I-HardwareIdentifiedAs Linux 3.10.0-957.10.1.el7.x86_64 x86_64 2
AMSCommonsI-I-Identified as LittleEndian 64 bit machine. 4294967295
AMSCommonsI-I-amsdatabase /cvmfs/ams.cern.ch/Offline/AMSDataDir/DataBase/
AMSCommonsI-I-MipsFromCPUInfo: 2194.92
AMSCommonsI-I-SystemIdentified as  Intel(R) Xeon(R) CPU E5-2630 v4 @ 2.20GHz
AMSCommonsI-I-ComputerEvaluatedAsMips 3511
AMS Software version v5.02/1220/12 built Fri Apr 19 23:54:38 2019

Geant4  Version 1033
Run ID: 162 Bartel: 10
Input Destination: /eos/ams/user/s/selu/mdst/He122/mdst_60441702.root
Output Destination: /afs/cern.ch/work/c/ctuysuz/private/he_flux/LSF/result_mc_time/time_10/he_flux_10_162.root
Add hist00 from /eos/ams/user/s/selu/mdst/He122/mdst_60441702.root
Start of Init
Use new binning
Start of Eventloop
Ntr, Nent= 1 444279
IsMC= 1
Parameter[0] = -2.60695
Parameter[1] = -3.01041
Parameter[2] = -3.5903
Parameter[3] = -5.48712
Parameter[4] = 0.0628761
Parameter[5] = -2.10837
mdfil_info:  10.0%    2 sec CPU:  81.3%
mdfil_info:  20.0%    4 sec CPU:  86.3%
mdfil_info:  30.0%    6 sec CPU:  88.3%
mdfil_info:  40.0%    7 sec CPU:  89.0%
mdfil_info:  50.0%    9 sec CPU:  89.7%
mdfil_info:  60.0%   11 sec CPU:  89.9%
mdfil_info:  70.0%   13 sec CPU:  90.1%
mdfil_info:  80.0%   15 sec CPU:  90.5%
mdfil_info:  90.0%   16 sec CPU:  90.1%
mdfil_info: 100.0%   18 sec CPU:  90.1%
mdfil_info: 100.0%   18 sec CPU:  90.1%
27846
AMSCommonsI-I-HardwareIdentifiedAs Linux 3.10.0-957.10.1.el7.x86_64 x86_64 2
AMSCommonsI-I-Identified as LittleEndian 64 bit machine. 4294967295
AMSCommonsI-I-amsdatabase /cvmfs/ams.cern.ch/Offline/AMSDataDir/DataBase/
AMSCommonsI-I-MipsFromCPUInfo: 2194.92
AMSCommonsI-I-SystemIdentified as  Intel(R) Xeon(R) CPU E5-2630 v4 @ 2.20GHz
AMSCommonsI-I-ComputerEvaluatedAsMips 3511
AMS Software version v5.02/1220/12 built Fri Apr 19 23:54:38 2019

Geant4  Version 1033
Run ID: 343 Bartel: 64
Input Destination: /eos/ams/user/s/selu/mdst/He122/mdst_60441883.root
Output Destination: /afs/cern.ch/work/c/ctuysuz/private/he_flux/LSF/result_mc_time/time_64/he_flux_64_343.root
Add hist00 from /eos/ams/user/s/selu/mdst/He122/mdst_60441883.root
Start of Init
Use new binning
Start of Eventloop
Ntr, Nent= 1 439793
IsMC= 1
Parameter[0] = -2.60351
Parameter[1] = -3.00196
Parameter[2] = -3.60517
Parameter[3] = -5.53742
Parameter[4] = 0.137006
Parameter[5] = -2.40049
mdfil_info:  10.0%   20 sec CPU:  10.3%
mdfil_info:  20.0%   25 sec CPU:  14.8%
mdfil_info:  30.0%   31 sec CPU:  18.0%
mdfil_info:  40.0%   36 sec CPU:  20.3%
mdfil_info:  50.0%   43 sec CPU:  20.7%
mdfil_info:  60.0%   50 sec CPU:  21.8%
mdfil_info:  70.0%   57 sec CPU:  22.2%
mdfil_info:  80.0%   63 sec CPU:  22.9%
mdfil_info:  90.0%   71 sec CPU:  23.1%
mdfil_info: 100.0%   78 sec CPU:  23.3%
mdfil_info: 100.0%   78 sec CPU:  23.3%
42561
AMSCommonsI-I-HardwareIdentifiedAs Linux 3.10.0-957.10.1.el7.x86_64 x86_64 2
AMSCommonsI-I-Identified as LittleEndian 64 bit machine. 4294967295
AMSCommonsI-I-amsdatabase /cvmfs/ams.cern.ch/Offline/AMSDataDir/DataBase/
AMSCommonsI-I-MipsFromCPUInfo: 2194.92
AMSCommonsI-I-SystemIdentified as  Intel(R) Xeon(R) CPU E5-2630 v4 @ 2.20GHz
AMSCommonsI-I-ComputerEvaluatedAsMips 3511
AMS Software version v5.02/1220/12 built Fri Apr 19 23:54:38 2019

Geant4  Version 1033
Run ID: 525 Bartel: 37
Input Destination: /eos/ams/user/s/selu/mdst/He314/mdst_120929927.root
Output Destination: /afs/cern.ch/work/c/ctuysuz/private/he_flux/LSF/result_mc_time/time_37/he_flux_37_525.root
Add hist00 from /eos/ams/user/s/selu/mdst/He314/mdst_120929927.root
Start of Init
Use new binning
Start of Eventloop
Ntr, Nent= 1 110562
IsMC= 1
Parameter[0] = -2.7864
Parameter[1] = -3.05696
Parameter[2] = -3.61656
Parameter[3] = -5.57878
Parameter[4] = 0.423344
Parameter[5] = -2.57309
mdfil_info:  10.0%    1 sec CPU:  75.2%
mdfil_info:  20.0%    1 sec CPU:  76.0%
mdfil_info:  30.0%    2 sec CPU:  75.1%
mdfil_info:  40.0%    2 sec CPU:  78.8%
mdfil_info:  50.0%    3 sec CPU:  79.9%
mdfil_info:  60.0%    3 sec CPU:  81.0%
mdfil_info:  70.0%    4 sec CPU:  82.0%
mdfil_info:  80.0%    4 sec CPU:  82.7%
mdfil_info:  90.0%    5 sec CPU:  83.7%
mdfil_info: 100.0%    5 sec CPU:  84.2%
mdfil_info: 100.0%    5 sec CPU:  84.2%
