WARN: the 'eosmount' alias is deprecated, please use /eos directly
License ports: 28518@lxlicen01.cern.ch,28518@lxlicen02.cern.ch,28518@lxlicen03.cern.ch:/cvmfs/projects.cern.ch/intelsw/psxe/linux/licenses
Intel(R) Parallel Studio XE 2018 Update 2 for Linux*
Copyright (C) 2009-2018 Intel Corporation. All rights reserved.
736
AMSCommonsI-I-HardwareIdentifiedAs Linux 3.10.0-957.10.1.el7.x86_64 x86_64 2
AMSCommonsI-I-Identified as LittleEndian 64 bit machine. 4294967295
AMSCommonsI-I-amsdatabase /cvmfs/ams.cern.ch/Offline/AMSDataDir/DataBase/
AMSCommonsI-I-MipsFromCPUInfo: 2194.92
AMSCommonsI-I-SystemIdentified as  Intel(R) Xeon(R) CPU E5-2630 v4 @ 2.20GHz
AMSCommonsI-I-ComputerEvaluatedAsMips 3511
AMS Software version v5.02/1220/12 built Fri Apr 19 23:54:38 2019

Geant4  Version 1033
Run ID: 9 Bartel: 8
Input Destination: /eos/ams/user/s/selu/mdst/He122/mdst_60441548.root
Output Destination: /afs/cern.ch/work/c/ctuysuz/private/he_flux/LSF/result_mc_time/time_8/he_flux_8_9.root
Add hist00 from /eos/ams/user/s/selu/mdst/He122/mdst_60441548.root
Start of Init
Use new binning
Start of Eventloop
Ntr, Nent= 1 442895
IsMC= 1
Parameter[0] = -2.58724
Parameter[1] = -2.99412
Parameter[2] = -3.58142
Parameter[3] = -5.49201
Parameter[4] = 0.101989
Parameter[5] = -2.14779
mdfil_info:  10.0%    7 sec CPU:  27.4%
mdfil_info:  20.0%   12 sec CPU:  27.5%
mdfil_info:  30.0%   16 sec CPU:  31.8%
mdfil_info:  40.0%   19 sec CPU:  35.4%
mdfil_info:  50.0%   22 sec CPU:  37.9%
mdfil_info:  60.0%   26 sec CPU:  38.8%
mdfil_info:  70.0%   28 sec CPU:  40.8%
mdfil_info:  80.0%   31 sec CPU:  42.6%
mdfil_info:  90.0%   34 sec CPU:  44.1%
mdfil_info: 100.0%   36 sec CPU:  46.0%
mdfil_info: 100.0%   36 sec CPU:  46.0%
15451
AMSCommonsI-I-HardwareIdentifiedAs Linux 3.10.0-957.10.1.el7.x86_64 x86_64 2
AMSCommonsI-I-Identified as LittleEndian 64 bit machine. 4294967295
AMSCommonsI-I-amsdatabase /cvmfs/ams.cern.ch/Offline/AMSDataDir/DataBase/
AMSCommonsI-I-MipsFromCPUInfo: 2194.92
AMSCommonsI-I-SystemIdentified as  Intel(R) Xeon(R) CPU E5-2630 v4 @ 2.20GHz
AMSCommonsI-I-ComputerEvaluatedAsMips 3511
AMS Software version v5.02/1220/12 built Fri Apr 19 23:54:38 2019

Geant4  Version 1033
Run ID: 190 Bartel: 62
Input Destination: /eos/ams/user/s/selu/mdst/He122/mdst_60441730.root
Output Destination: /afs/cern.ch/work/c/ctuysuz/private/he_flux/LSF/result_mc_time/time_62/he_flux_62_190.root
Add hist00 from /eos/ams/user/s/selu/mdst/He122/mdst_60441730.root
Start of Init
Use new binning
Start of Eventloop
Ntr, Nent= 1 439461
IsMC= 1
Parameter[0] = -2.64206
Parameter[1] = -3.02985
Parameter[2] = -3.62083
Parameter[3] = -5.50236
Parameter[4] = 0.0367156
Parameter[5] = -2.23473
mdfil_info:  10.0%    2 sec CPU:  75.6%
mdfil_info:  20.0%    4 sec CPU:  80.6%
mdfil_info:  30.0%    6 sec CPU:  82.8%
mdfil_info:  40.0%    8 sec CPU:  84.0%
mdfil_info:  50.0%   10 sec CPU:  84.3%
mdfil_info:  60.0%   12 sec CPU:  84.9%
mdfil_info:  70.0%   14 sec CPU:  85.4%
mdfil_info:  80.0%   16 sec CPU:  85.9%
mdfil_info:  90.0%   18 sec CPU:  85.6%
mdfil_info: 100.0%   19 sec CPU:  85.9%
mdfil_info: 100.0%   19 sec CPU:  85.9%
30166
AMSCommonsI-I-HardwareIdentifiedAs Linux 3.10.0-957.10.1.el7.x86_64 x86_64 2
AMSCommonsI-I-Identified as LittleEndian 64 bit machine. 4294967295
AMSCommonsI-I-amsdatabase /cvmfs/ams.cern.ch/Offline/AMSDataDir/DataBase/
AMSCommonsI-I-MipsFromCPUInfo: 2194.92
AMSCommonsI-I-SystemIdentified as  Intel(R) Xeon(R) CPU E5-2630 v4 @ 2.20GHz
AMSCommonsI-I-ComputerEvaluatedAsMips 3511
AMS Software version v5.02/1220/12 built Fri Apr 19 23:54:38 2019

Geant4  Version 1033
Run ID: 372 Bartel: 35
Input Destination: /eos/ams/user/s/selu/mdst/He122/mdst_60442260.root
Output Destination: /afs/cern.ch/work/c/ctuysuz/private/he_flux/LSF/result_mc_time/time_35/he_flux_35_372.root
Add hist00 from /eos/ams/user/s/selu/mdst/He122/mdst_60442260.root
Start of Init
Use new binning
Start of Eventloop
Ntr, Nent= 1 438071
IsMC= 1
Parameter[0] = -2.78972
Parameter[1] = -3.05942
Parameter[2] = -3.61356
Parameter[3] = -5.57982
Parameter[4] = 0.513637
Parameter[5] = -2.53477
mdfil_info:  10.0%   18 sec CPU:  10.4%
mdfil_info:  20.0%   23 sec CPU:  15.0%
mdfil_info:  30.0%   29 sec CPU:  17.9%
mdfil_info:  40.0%   35 sec CPU:  19.6%
mdfil_info:  50.0%   42 sec CPU:  20.1%
mdfil_info:  60.0%   49 sec CPU:  20.4%
mdfil_info:  70.0%   55 sec CPU:  21.1%
mdfil_info:  80.0%   62 sec CPU:  21.6%
mdfil_info:  90.0%   67 sec CPU:  22.4%
mdfil_info: 100.0%   72 sec CPU:  23.1%
mdfil_info: 100.0%   72 sec CPU:  23.1%
