WARN: the 'eosmount' alias is deprecated, please use /eos directly
License ports: 28518@lxlicen01.cern.ch,28518@lxlicen02.cern.ch,28518@lxlicen03.cern.ch:/cvmfs/projects.cern.ch/intelsw/psxe/linux/licenses
Intel(R) Parallel Studio XE 2018 Update 2 for Linux*
Copyright (C) 2009-2018 Intel Corporation. All rights reserved.
4847
AMSCommonsI-I-HardwareIdentifiedAs Linux 3.10.0-957.10.1.el7.x86_64 x86_64 2
AMSCommonsI-I-Identified as LittleEndian 64 bit machine. 4294967295
AMSCommonsI-I-amsdatabase /cvmfs/ams.cern.ch/Offline/AMSDataDir/DataBase/
AMSCommonsI-I-MipsFromCPUInfo: 2194.92
AMSCommonsI-I-SystemIdentified as  Intel(R) Xeon(R) CPU E5-2630 v4 @ 2.20GHz
AMSCommonsI-I-ComputerEvaluatedAsMips 3511
AMS Software version v5.02/1220/12 built Fri Apr 19 23:54:38 2019

Geant4  Version 1033
Run ID: 59 Bartel: 69
Input Destination: /eos/ams/user/s/selu/mdst/He122/mdst_60441598.root
Output Destination: /afs/cern.ch/work/c/ctuysuz/private/he_flux/LSF/result_mc_time/time_69/he_flux_69_59.root
Add hist00 from /eos/ams/user/s/selu/mdst/He122/mdst_60441598.root
Start of Init
Use new binning
Start of Eventloop
Ntr, Nent= 1 434802
IsMC= 1
Parameter[0] = -2.5456
Parameter[1] = -2.98028
Parameter[2] = -3.58897
Parameter[3] = -5.48942
Parameter[4] = 0.110577
Parameter[5] = -2.14012
mdfil_info:  10.0%    6 sec CPU:  35.1%
mdfil_info:  20.0%   10 sec CPU:  43.5%
mdfil_info:  30.0%   13 sec CPU:  48.5%
mdfil_info:  40.0%   17 sec CPU:  46.4%
mdfil_info:  50.0%   20 sec CPU:  50.6%
mdfil_info:  60.0%   26 sec CPU:  44.9%
mdfil_info:  70.0%   33 sec CPU:  42.2%
mdfil_info:  80.0%   36 sec CPU:  43.7%
mdfil_info:  90.0%   39 sec CPU:  45.1%
mdfil_info: 100.0%   42 sec CPU:  47.3%
mdfil_info: 100.0%   42 sec CPU:  47.3%
19562
AMSCommonsI-I-HardwareIdentifiedAs Linux 3.10.0-957.10.1.el7.x86_64 x86_64 2
AMSCommonsI-I-Identified as LittleEndian 64 bit machine. 4294967295
AMSCommonsI-I-amsdatabase /cvmfs/ams.cern.ch/Offline/AMSDataDir/DataBase/
AMSCommonsI-I-MipsFromCPUInfo: 2194.92
AMSCommonsI-I-SystemIdentified as  Intel(R) Xeon(R) CPU E5-2630 v4 @ 2.20GHz
AMSCommonsI-I-ComputerEvaluatedAsMips 3511
AMS Software version v5.02/1220/12 built Fri Apr 19 23:54:38 2019

Geant4  Version 1033
Run ID: 241 Bartel: 42
Input Destination: /eos/ams/user/s/selu/mdst/He122/mdst_60441781.root
Output Destination: /afs/cern.ch/work/c/ctuysuz/private/he_flux/LSF/result_mc_time/time_42/he_flux_42_241.root
Add hist00 from /eos/ams/user/s/selu/mdst/He122/mdst_60441781.root
Start of Init
Use new binning
Start of Eventloop
Ntr, Nent= 1 433502
IsMC= 1
Parameter[0] = -2.78027
Parameter[1] = -3.06778
Parameter[2] = -3.62449
Parameter[3] = -5.58149
Parameter[4] = 0.44175
Parameter[5] = -2.56338
mdfil_info:  10.0%    3 sec CPU:  65.6%
mdfil_info:  20.0%    6 sec CPU:  72.7%
mdfil_info:  30.0%    8 sec CPU:  75.0%
mdfil_info:  40.0%   10 sec CPU:  77.1%
mdfil_info:  50.0%   12 sec CPU:  78.1%
mdfil_info:  60.0%   15 sec CPU:  79.2%
mdfil_info:  70.0%   17 sec CPU:  79.8%
mdfil_info:  80.0%   19 sec CPU:  80.0%
mdfil_info:  90.0%   22 sec CPU:  80.5%
mdfil_info: 100.0%   24 sec CPU:  80.8%
mdfil_info: 100.0%   24 sec CPU:  80.8%
34277
AMSCommonsI-I-HardwareIdentifiedAs Linux 3.10.0-957.10.1.el7.x86_64 x86_64 2
AMSCommonsI-I-Identified as LittleEndian 64 bit machine. 4294967295
AMSCommonsI-I-amsdatabase /cvmfs/ams.cern.ch/Offline/AMSDataDir/DataBase/
AMSCommonsI-I-MipsFromCPUInfo: 2194.92
AMSCommonsI-I-SystemIdentified as  Intel(R) Xeon(R) CPU E5-2630 v4 @ 2.20GHz
AMSCommonsI-I-ComputerEvaluatedAsMips 3511
AMS Software version v5.02/1220/12 built Fri Apr 19 23:54:38 2019

Geant4  Version 1033
Run ID: 423 Bartel: 15
Input Destination: /eos/ams/user/s/selu/mdst/He122/mdst_60442311.root
Output Destination: /afs/cern.ch/work/c/ctuysuz/private/he_flux/LSF/result_mc_time/time_15/he_flux_15_423.root
Add hist00 from /eos/ams/user/s/selu/mdst/He122/mdst_60442311.root
Start of Init
Use new binning
Start of Eventloop
Ntr, Nent= 1 435799
IsMC= 1
Parameter[0] = -2.64949
Parameter[1] = -3.02393
Parameter[2] = -3.59344
Parameter[3] = -5.52782
Parameter[4] = 0.200514
Parameter[5] = -2.29505
mdfil_info:  10.0%    3 sec CPU:  67.4%
mdfil_info:  20.0%    5 sec CPU:  75.0%
mdfil_info:  30.0%    8 sec CPU:  78.4%
mdfil_info:  40.0%   10 sec CPU:  80.5%
mdfil_info:  50.0%   12 sec CPU:  81.4%
mdfil_info:  60.0%   15 sec CPU:  82.0%
mdfil_info:  70.0%   17 sec CPU:  82.6%
mdfil_info:  80.0%   19 sec CPU:  83.1%
mdfil_info:  90.0%   22 sec CPU:  83.5%
mdfil_info: 100.0%   24 sec CPU:  83.8%
mdfil_info: 100.0%   24 sec CPU:  83.8%
