WARN: the 'eosmount' alias is deprecated, please use /eos directly
License ports: 28518@lxlicen01.cern.ch,28518@lxlicen02.cern.ch,28518@lxlicen03.cern.ch:/cvmfs/projects.cern.ch/intelsw/psxe/linux/licenses
Intel(R) Parallel Studio XE 2018 Update 2 for Linux*
Copyright (C) 2009-2018 Intel Corporation. All rights reserved.
8524
AMSCommonsI-I-HardwareIdentifiedAs Linux 3.10.0-957.12.1.el7.x86_64 x86_64 2
AMSCommonsI-I-Identified as LittleEndian 64 bit machine. 4294967295
AMSCommonsI-I-amsdatabase /cvmfs/ams.cern.ch/Offline/AMSDataDir/DataBase/
AMSCommonsI-I-MipsFromCPUInfo: 2194.92
AMSCommonsI-I-SystemIdentified as  Intel(R) Xeon(R) CPU E5-2630 v4 @ 2.20GHz
AMSCommonsI-I-ComputerEvaluatedAsMips 3511
AMS Software version v5.02/1220/12 built Fri Apr 19 23:54:38 2019

Geant4  Version 1033
Run ID: 105 Bartel: 20
Input Destination: /eos/ams/user/s/selu/mdst/He122/mdst_60441645.root
Output Destination: /afs/cern.ch/work/c/ctuysuz/private/he_flux/LSF/result_mc_time/time_20/he_flux_20_105.root
Add hist00 from /eos/ams/user/s/selu/mdst/He122/mdst_60441645.root
Start of Init
Use new binning
Start of Eventloop
Ntr, Nent= 1 439858
IsMC= 1
Parameter[0] = -2.70518
Parameter[1] = -3.02051
Parameter[2] = -3.58999
Parameter[3] = -5.56547
Parameter[4] = 0.334526
Parameter[5] = -2.62761
mdfil_info:  10.0%   15 sec CPU:  14.9%
mdfil_info:  20.0%   21 sec CPU:  20.3%
mdfil_info:  30.0%   27 sec CPU:  23.7%
mdfil_info:  40.0%   35 sec CPU:  23.8%
mdfil_info:  50.0%   43 sec CPU:  24.3%
mdfil_info:  60.0%   49 sec CPU:  25.5%
mdfil_info:  70.0%   54 sec CPU:  26.5%
mdfil_info:  80.0%   61 sec CPU:  27.2%
mdfil_info:  90.0%   67 sec CPU:  27.8%
mdfil_info: 100.0%   73 sec CPU:  28.5%
mdfil_info: 100.0%   73 sec CPU:  28.5%
23239
AMSCommonsI-I-HardwareIdentifiedAs Linux 3.10.0-957.12.1.el7.x86_64 x86_64 2
AMSCommonsI-I-Identified as LittleEndian 64 bit machine. 4294967295
AMSCommonsI-I-amsdatabase /cvmfs/ams.cern.ch/Offline/AMSDataDir/DataBase/
AMSCommonsI-I-MipsFromCPUInfo: 2194.92
AMSCommonsI-I-SystemIdentified as  Intel(R) Xeon(R) CPU E5-2630 v4 @ 2.20GHz
AMSCommonsI-I-ComputerEvaluatedAsMips 3511
AMS Software version v5.02/1220/12 built Fri Apr 19 23:54:38 2019

Geant4  Version 1033
Run ID: 286 Bartel: 74
Input Destination: /eos/ams/user/s/selu/mdst/He122/mdst_60441826.root
Output Destination: /afs/cern.ch/work/c/ctuysuz/private/he_flux/LSF/result_mc_time/time_74/he_flux_74_286.root
Add hist00 from /eos/ams/user/s/selu/mdst/He122/mdst_60441826.root
Start of Init
Use new binning
Start of Eventloop
Ntr, Nent= 1 441256
IsMC= 1
Parameter[0] = -2.51662
Parameter[1] = -2.96375
Parameter[2] = -3.57829
Parameter[3] = -5.45844
Parameter[4] = 0.103059
Parameter[5] = -1.93983
mdfil_info:  10.0%    3 sec CPU:  75.2%
mdfil_info:  20.0%    5 sec CPU:  81.1%
mdfil_info:  30.0%    7 sec CPU:  83.7%
mdfil_info:  40.0%    9 sec CPU:  84.9%
mdfil_info:  50.0%   11 sec CPU:  85.8%
mdfil_info:  60.0%   13 sec CPU:  86.4%
mdfil_info:  70.0%   15 sec CPU:  86.4%
mdfil_info:  80.0%   17 sec CPU:  86.7%
mdfil_info:  90.0%   19 sec CPU:  86.8%
mdfil_info: 100.0%   21 sec CPU:  86.9%
mdfil_info: 100.0%   21 sec CPU:  86.9%
37954
AMSCommonsI-I-HardwareIdentifiedAs Linux 3.10.0-957.12.1.el7.x86_64 x86_64 2
AMSCommonsI-I-Identified as LittleEndian 64 bit machine. 4294967295
AMSCommonsI-I-amsdatabase /cvmfs/ams.cern.ch/Offline/AMSDataDir/DataBase/
AMSCommonsI-I-MipsFromCPUInfo: 2194.92
AMSCommonsI-I-SystemIdentified as  Intel(R) Xeon(R) CPU E5-2630 v4 @ 2.20GHz
AMSCommonsI-I-ComputerEvaluatedAsMips 3511
AMS Software version v5.02/1220/12 built Fri Apr 19 23:54:38 2019

Geant4  Version 1033
Run ID: 468 Bartel: 47
