WARN: the 'eosmount' alias is deprecated, please use /eos directly
License ports: 28518@lxlicen01.cern.ch,28518@lxlicen02.cern.ch,28518@lxlicen03.cern.ch:/cvmfs/projects.cern.ch/intelsw/psxe/linux/licenses
Intel(R) Parallel Studio XE 2018 Update 2 for Linux*
Copyright (C) 2009-2018 Intel Corporation. All rights reserved.
2470
AMSCommonsI-I-HardwareIdentifiedAs Linux 3.10.0-957.12.2.el7.x86_64 x86_64 2
AMSCommonsI-I-Identified as LittleEndian 64 bit machine. 4294967295
AMSCommonsI-I-amsdatabase /cvmfs/ams.cern.ch/Offline/AMSDataDir/DataBase/
AMSCommonsI-I-MipsFromCPUInfo: 2394.45
AMSCommonsI-I-SystemIdentified as  Intel(R) Xeon(R) CPU E5-2630 v3 @ 2.40GHz
AMSCommonsI-I-ComputerEvaluatedAsMips 3831
AMS Software version v5.02/1220/12 built Fri Apr 19 23:54:38 2019

Geant4  Version 1033
Run ID: 30 Bartel: 41
Input Destination: /eos/ams/user/s/selu/mdst/He122/mdst_60441569.root
Output Destination: /afs/cern.ch/work/c/ctuysuz/private/he_flux/LSF/result_mc_time/time_41/he_flux_41_30.root
Add hist00 from /eos/ams/user/s/selu/mdst/He122/mdst_60441569.root
Start of Init
Use new binning
Start of Eventloop
Ntr, Nent= 1 438715
IsMC= 1
Parameter[0] = -2.77453
Parameter[1] = -3.05397
Parameter[2] = -3.61054
Parameter[3] = -5.55839
Parameter[4] = 0.485122
Parameter[5] = -2.44204
mdfil_info:  10.0%   18 sec CPU:  10.7%
mdfil_info:  20.0%   25 sec CPU:  15.2%
mdfil_info:  30.0%   31 sec CPU:  17.6%
mdfil_info:  40.0%   37 sec CPU:  19.6%
mdfil_info:  50.0%   42 sec CPU:  21.3%
mdfil_info:  60.0%   49 sec CPU:  22.4%
mdfil_info:  70.0%   60 sec CPU:  20.9%
mdfil_info:  80.0%   66 sec CPU:  21.6%
mdfil_info:  90.0%   72 sec CPU:  22.4%
mdfil_info: 100.0%   76 sec CPU:  23.2%
mdfil_info: 100.0%   76 sec CPU:  23.3%
17185
AMSCommonsI-I-HardwareIdentifiedAs Linux 3.10.0-957.12.2.el7.x86_64 x86_64 2
AMSCommonsI-I-Identified as LittleEndian 64 bit machine. 4294967295
AMSCommonsI-I-amsdatabase /cvmfs/ams.cern.ch/Offline/AMSDataDir/DataBase/
AMSCommonsI-I-MipsFromCPUInfo: 2394.45
AMSCommonsI-I-SystemIdentified as  Intel(R) Xeon(R) CPU E5-2630 v3 @ 2.40GHz
AMSCommonsI-I-ComputerEvaluatedAsMips 3831
AMS Software version v5.02/1220/12 built Fri Apr 19 23:54:38 2019

Geant4  Version 1033
Run ID: 212 Bartel: 14
Input Destination: /eos/ams/user/s/selu/mdst/He122/mdst_60441752.root
Output Destination: /afs/cern.ch/work/c/ctuysuz/private/he_flux/LSF/result_mc_time/time_14/he_flux_14_212.root
Add hist00 from /eos/ams/user/s/selu/mdst/He122/mdst_60441752.root
Start of Init
Use new binning
Start of Eventloop
Ntr, Nent= 1 437956
IsMC= 1
Parameter[0] = -2.62922
Parameter[1] = -3.00854
Parameter[2] = -3.59134
Parameter[3] = -5.49431
Parameter[4] = 0.150366
Parameter[5] = -2.1251
mdfil_info:  10.0%    2 sec CPU:  79.2%
mdfil_info:  20.0%    4 sec CPU:  85.1%
mdfil_info:  30.0%    6 sec CPU:  87.2%
mdfil_info:  40.0%    7 sec CPU:  88.3%
mdfil_info:  50.0%    9 sec CPU:  88.6%
mdfil_info:  60.0%   11 sec CPU:  88.8%
mdfil_info:  70.0%   13 sec CPU:  88.9%
mdfil_info:  80.0%   15 sec CPU:  89.2%
mdfil_info:  90.0%   17 sec CPU:  89.4%
mdfil_info: 100.0%   19 sec CPU:  89.7%
mdfil_info: 100.0%   19 sec CPU:  89.7%
31900
AMSCommonsI-I-HardwareIdentifiedAs Linux 3.10.0-957.12.2.el7.x86_64 x86_64 2
AMSCommonsI-I-Identified as LittleEndian 64 bit machine. 4294967295
AMSCommonsI-I-amsdatabase /cvmfs/ams.cern.ch/Offline/AMSDataDir/DataBase/
AMSCommonsI-I-MipsFromCPUInfo: 2394.45
AMSCommonsI-I-SystemIdentified as  Intel(R) Xeon(R) CPU E5-2630 v3 @ 2.40GHz
AMSCommonsI-I-ComputerEvaluatedAsMips 3831
AMS Software version v5.02/1220/12 built Fri Apr 19 23:54:38 2019

Geant4  Version 1033
Run ID: 393 Bartel: 68
Input Destination: /eos/ams/user/s/selu/mdst/He122/mdst_60442281.root
Output Destination: /afs/cern.ch/work/c/ctuysuz/private/he_flux/LSF/result_mc_time/time_68/he_flux_68_393.root
Add hist00 from /eos/ams/user/s/selu/mdst/He122/mdst_60442281.root
Start of Init
Use new binning
Start of Eventloop
Ntr, Nent= 1 435618
IsMC= 1
Parameter[0] = -2.5639
Parameter[1] = -2.98035
Parameter[2] = -3.58993
Parameter[3] = -5.51419
Parameter[4] = 0.0804353
Parameter[5] = -2.39662
mdfil_info:  10.0%    3 sec CPU:  69.9%
mdfil_info:  20.0%    4 sec CPU:  76.8%
mdfil_info:  30.0%    6 sec CPU:  78.9%
mdfil_info:  40.0%    8 sec CPU:  80.0%
mdfil_info:  50.0%   10 sec CPU:  80.6%
mdfil_info:  60.0%   13 sec CPU:  79.6%
mdfil_info:  70.0%   15 sec CPU:  80.2%
mdfil_info:  80.0%   17 sec CPU:  80.8%
mdfil_info:  90.0%   18 sec CPU:  81.6%
mdfil_info: 100.0%   20 sec CPU:  82.2%
mdfil_info: 100.0%   20 sec CPU:  82.2%
