WARN: the 'eosmount' alias is deprecated, please use /eos directly
License ports: 28518@lxlicen01.cern.ch,28518@lxlicen02.cern.ch,28518@lxlicen03.cern.ch:/cvmfs/projects.cern.ch/intelsw/psxe/linux/licenses
Intel(R) Parallel Studio XE 2018 Update 2 for Linux*
Copyright (C) 2009-2018 Intel Corporation. All rights reserved.
2550
AMSCommonsI-I-HardwareIdentifiedAs Linux 3.10.0-957.12.1.el7.x86_64 x86_64 2
AMSCommonsI-I-Identified as LittleEndian 64 bit machine. 4294967295
AMSCommonsI-I-amsdatabase /cvmfs/ams.cern.ch/Offline/AMSDataDir/DataBase/
AMSCommonsI-I-MipsFromCPUInfo: 2593.75
AMSCommonsI-I-SystemIdentified as  Intel(R) Xeon(R) CPU E5-2650 v2 @ 2.60GHz
AMSCommonsI-I-ComputerEvaluatedAsMips 4149
AMS Software version v5.02/1220/12 built Fri Apr 19 23:54:38 2019

Geant4  Version 1033
Run ID: 31 Bartel: 40
Input Destination: /eos/ams/user/s/selu/mdst/He122/mdst_60441570.root
Output Destination: /afs/cern.ch/work/c/ctuysuz/private/he_flux/LSF/result_mc_time/time_40/he_flux_40_31.root
Add hist00 from /eos/ams/user/s/selu/mdst/He122/mdst_60441570.root
Start of Init
Use new binning
Start of Eventloop
Ntr, Nent= 1 435000
IsMC= 1
Parameter[0] = -2.8011
Parameter[1] = -3.07357
Parameter[2] = -3.62055
Parameter[3] = -5.55933
Parameter[4] = 0.549697
Parameter[5] = -2.37552
mdfil_info:  10.0%   18 sec CPU:  11.8%
mdfil_info:  20.0%   24 sec CPU:  17.6%
mdfil_info:  30.0%   29 sec CPU:  21.3%
mdfil_info:  40.0%   35 sec CPU:  24.3%
mdfil_info:  50.0%   41 sec CPU:  25.9%
mdfil_info:  60.0%   47 sec CPU:  27.5%
mdfil_info:  70.0%   52 sec CPU:  28.6%
mdfil_info:  80.0%   58 sec CPU:  29.6%
mdfil_info:  90.0%   64 sec CPU:  30.5%
mdfil_info: 100.0%   70 sec CPU:  30.7%
17265
AMSCommonsI-I-HardwareIdentifiedAs Linux 3.10.0-957.12.1.el7.x86_64 x86_64 2
AMSCommonsI-I-Identified as LittleEndian 64 bit machine. 4294967295
AMSCommonsI-I-amsdatabase /cvmfs/ams.cern.ch/Offline/AMSDataDir/DataBase/
AMSCommonsI-I-MipsFromCPUInfo: 2593.75
AMSCommonsI-I-SystemIdentified as  Intel(R) Xeon(R) CPU E5-2650 v2 @ 2.60GHz
AMSCommonsI-I-ComputerEvaluatedAsMips 4149
AMS Software version v5.02/1220/12 built Fri Apr 19 23:54:38 2019

Geant4  Version 1033
Run ID: 213 Bartel: 13
Input Destination: /eos/ams/user/s/selu/mdst/He122/mdst_60441753.root
Output Destination: /afs/cern.ch/work/c/ctuysuz/private/he_flux/LSF/result_mc_time/time_13/he_flux_13_213.root
Add hist00 from /eos/ams/user/s/selu/mdst/He122/mdst_60441753.root
Start of Init
Use new binning
Start of Eventloop
Ntr, Nent= 1 436750
IsMC= 1
Parameter[0] = -2.65893
Parameter[1] = -3.01855
Parameter[2] = -3.59704
Parameter[3] = -5.53516
Parameter[4] = 0.293906
Parameter[5] = -2.25131
mdfil_info:  10.0%   17 sec CPU:  13.1%
mdfil_info:  20.0%   23 sec CPU:  17.8%
mdfil_info:  30.0%   28 sec CPU:  20.7%
mdfil_info:  40.0%   34 sec CPU:  22.9%
mdfil_info:  50.0%   40 sec CPU:  24.6%
mdfil_info:  60.0%   46 sec CPU:  25.9%
mdfil_info:  70.0%   51 sec CPU:  27.2%
mdfil_info:  80.0%   57 sec CPU:  28.3%
mdfil_info:  90.0%   63 sec CPU:  29.0%
mdfil_info: 100.0%   69 sec CPU:  29.6%
31980
AMSCommonsI-I-HardwareIdentifiedAs Linux 3.10.0-957.12.1.el7.x86_64 x86_64 2
AMSCommonsI-I-Identified as LittleEndian 64 bit machine. 4294967295
AMSCommonsI-I-amsdatabase /cvmfs/ams.cern.ch/Offline/AMSDataDir/DataBase/
AMSCommonsI-I-MipsFromCPUInfo: 2593.75
AMSCommonsI-I-SystemIdentified as  Intel(R) Xeon(R) CPU E5-2650 v2 @ 2.60GHz
AMSCommonsI-I-ComputerEvaluatedAsMips 4149
AMS Software version v5.02/1220/12 built Fri Apr 19 23:54:38 2019

Geant4  Version 1033
Run ID: 394 Bartel: 67
Input Destination: /eos/ams/user/s/selu/mdst/He122/mdst_60442282.root
Output Destination: /afs/cern.ch/work/c/ctuysuz/private/he_flux/LSF/result_mc_time/time_67/he_flux_67_394.root
Add hist00 from /eos/ams/user/s/selu/mdst/He122/mdst_60442282.root
Start of Init
Use new binning
Start of Eventloop
Ntr, Nent= 1 437378
IsMC= 1
Parameter[0] = -2.58662
Parameter[1] = -2.98984
Parameter[2] = -3.59559
Parameter[3] = -5.5153
Parameter[4] = 0.161079
Parameter[5] = -2.33345
mdfil_info:  10.0%   17 sec CPU:  12.7%
mdfil_info:  20.0%   22 sec CPU:  17.9%
mdfil_info:  30.0%   27 sec CPU:  21.3%
mdfil_info:  40.0%   33 sec CPU:  23.5%
mdfil_info:  50.0%   38 sec CPU:  25.1%
mdfil_info:  60.0%   44 sec CPU:  25.8%
mdfil_info:  70.0%   57 sec CPU:  23.9%
mdfil_info:  80.0%   62 sec CPU:  24.6%
mdfil_info:  90.0%   71 sec CPU:  24.2%
mdfil_info: 100.0%   77 sec CPU:  24.2%
mdfil_info: 100.0%   77 sec CPU:  24.2%
