WARN: the 'eosmount' alias is deprecated, please use /eos directly
License ports: 28518@lxlicen01.cern.ch,28518@lxlicen02.cern.ch,28518@lxlicen03.cern.ch:/cvmfs/projects.cern.ch/intelsw/psxe/linux/licenses
Intel(R) Parallel Studio XE 2018 Update 2 for Linux*
Copyright (C) 2009-2018 Intel Corporation. All rights reserved.
10237
AMSCommonsI-I-HardwareIdentifiedAs Linux 3.10.0-957.10.1.el7.x86_64 x86_64 2
AMSCommonsI-I-Identified as LittleEndian 64 bit machine. 4294967295
AMSCommonsI-I-amsdatabase /cvmfs/ams.cern.ch/Offline/AMSDataDir/DataBase/
AMSCommonsI-I-MipsFromCPUInfo: 2194.92
AMSCommonsI-I-SystemIdentified as  Intel(R) Xeon(R) CPU E5-2630 v4 @ 2.20GHz
AMSCommonsI-I-ComputerEvaluatedAsMips 3511
AMS Software version v5.02/1220/12 built Fri Apr 19 23:54:38 2019

Geant4  Version 1033
Run ID: 126 Bartel: 32
Input Destination: /eos/ams/user/s/selu/mdst/He122/mdst_60441666.root
Output Destination: /afs/cern.ch/work/c/ctuysuz/private/he_flux/LSF/result_mc_time/time_32/he_flux_32_126.root
Add hist00 from /eos/ams/user/s/selu/mdst/He122/mdst_60441666.root
Start of Init
Use new binning
Start of Eventloop
Ntr, Nent= 1 437702
IsMC= 1
Parameter[0] = -2.77785
Parameter[1] = -3.05134
Parameter[2] = -3.60147
Parameter[3] = -5.53079
Parameter[4] = 0.319411
Parameter[5] = -2.38899
mdfil_info:  10.0%   19 sec CPU:  11.7%
mdfil_info:  20.0%   28 sec CPU:  15.2%
mdfil_info:  30.0%   37 sec CPU:  17.1%
mdfil_info:  40.0%   49 sec CPU:  17.4%
mdfil_info:  50.0%   59 sec CPU:  17.9%
mdfil_info:  60.0%   66 sec CPU:  18.9%
mdfil_info:  70.0%   75 sec CPU:  19.4%
mdfil_info:  80.0%   83 sec CPU:  19.8%
mdfil_info:  90.0%   91 sec CPU:  20.2%
mdfil_info: 100.0%   98 sec CPU:  20.9%
mdfil_info: 100.0%   98 sec CPU:  20.9%
24952
AMSCommonsI-I-HardwareIdentifiedAs Linux 3.10.0-957.10.1.el7.x86_64 x86_64 2
AMSCommonsI-I-Identified as LittleEndian 64 bit machine. 4294967295
AMSCommonsI-I-amsdatabase /cvmfs/ams.cern.ch/Offline/AMSDataDir/DataBase/
AMSCommonsI-I-MipsFromCPUInfo: 2194.92
AMSCommonsI-I-SystemIdentified as  Intel(R) Xeon(R) CPU E5-2630 v4 @ 2.20GHz
AMSCommonsI-I-ComputerEvaluatedAsMips 3511
AMS Software version v5.02/1220/12 built Fri Apr 19 23:54:38 2019

Geant4  Version 1033
Run ID: 308 Bartel: 5
Input Destination: /eos/ams/user/s/selu/mdst/He122/mdst_60441848.root
Output Destination: /afs/cern.ch/work/c/ctuysuz/private/he_flux/LSF/result_mc_time/time_5/he_flux_5_308.root
Add hist00 from /eos/ams/user/s/selu/mdst/He122/mdst_60441848.root
Start of Init
Use new binning
Start of Eventloop
Ntr, Nent= 1 441579
IsMC= 1
Parameter[0] = -2.62631
Parameter[1] = -3.02179
Parameter[2] = -3.60875
Parameter[3] = -5.5302
Parameter[4] = 0.0850909
Parameter[5] = -2.38189
mdfil_info:  10.0%    3 sec CPU:  76.5%
mdfil_info:  20.0%    5 sec CPU:  82.3%
mdfil_info:  30.0%    7 sec CPU:  84.2%
mdfil_info:  40.0%   10 sec CPU:  84.5%
mdfil_info:  50.0%   12 sec CPU:  84.8%
mdfil_info:  60.0%   14 sec CPU:  84.6%
mdfil_info:  70.0%   17 sec CPU:  85.1%
mdfil_info:  80.0%   19 sec CPU:  85.4%
mdfil_info:  90.0%   21 sec CPU:  85.5%
mdfil_info: 100.0%   23 sec CPU:  85.8%
mdfil_info: 100.0%   23 sec CPU:  85.8%
39667
AMSCommonsI-I-HardwareIdentifiedAs Linux 3.10.0-957.10.1.el7.x86_64 x86_64 2
AMSCommonsI-I-Identified as LittleEndian 64 bit machine. 4294967295
AMSCommonsI-I-amsdatabase /cvmfs/ams.cern.ch/Offline/AMSDataDir/DataBase/
AMSCommonsI-I-MipsFromCPUInfo: 2194.92
AMSCommonsI-I-SystemIdentified as  Intel(R) Xeon(R) CPU E5-2630 v4 @ 2.20GHz
AMSCommonsI-I-ComputerEvaluatedAsMips 3511
AMS Software version v5.02/1220/12 built Fri Apr 19 23:54:38 2019

Geant4  Version 1033
Run ID: 489 Bartel: 59
Input Destination: /eos/ams/user/s/selu/mdst/He314/mdst_120929889.root
Output Destination: /afs/cern.ch/work/c/ctuysuz/private/he_flux/LSF/result_mc_time/time_59/he_flux_59_489.root
Start of Init
Use new binning
Start of Eventloop
Ntr, Nent= 1 33957
IsMC= 1
Parameter[0] = -2.68656
Parameter[1] = -3.03432
Parameter[2] = -3.61157
Parameter[3] = -5.53634
Parameter[4] = 0.355938
Parameter[5] = -2.28628
mdfil_info:  10.0%    0 sec CPU:  73.2%
mdfil_info:  20.0%    0 sec CPU:  71.8%
mdfil_info:  30.0%    1 sec CPU:  72.7%
mdfil_info:  40.0%    1 sec CPU:  73.9%
mdfil_info:  50.0%    1 sec CPU:  73.2%
mdfil_info:  60.0%    1 sec CPU:  73.2%
mdfil_info:  70.0%    2 sec CPU:  73.4%
mdfil_info:  80.0%    2 sec CPU:  73.1%
mdfil_info:  90.0%    2 sec CPU:  72.3%
mdfil_info: 100.0%    2 sec CPU:  72.7%
mdfil_info: 100.0%    2 sec CPU:  72.7%
