WARN: the 'eosmount' alias is deprecated, please use /eos directly
License ports: 28518@lxlicen01.cern.ch,28518@lxlicen02.cern.ch,28518@lxlicen03.cern.ch:/cvmfs/projects.cern.ch/intelsw/psxe/linux/licenses
Intel(R) Parallel Studio XE 2018 Update 2 for Linux*
Copyright (C) 2009-2018 Intel Corporation. All rights reserved.
9365
AMSCommonsI-I-HardwareIdentifiedAs Linux 3.10.0-957.5.1.el7.x86_64 x86_64 2
AMSCommonsI-I-Identified as LittleEndian 64 bit machine. 4294967295
AMSCommonsI-I-amsdatabase /cvmfs/ams.cern.ch/Offline/AMSDataDir/DataBase/
AMSCommonsI-I-MipsFromCPUInfo: 2593.75
AMSCommonsI-I-SystemIdentified as  Intel(R) Xeon(R) CPU E5-2650 v2 @ 2.60GHz
AMSCommonsI-I-ComputerEvaluatedAsMips 4149
AMS Software version v5.02/1220/12 built Fri Apr 19 23:54:38 2019

Geant4  Version 1033
Run ID: 115 Bartel: 51
Input Destination: /eos/ams/user/s/selu/mdst/He122/mdst_60441655.root
Output Destination: /afs/cern.ch/work/c/ctuysuz/private/he_flux/LSF/result_mc_time/time_51/he_flux_51_115.root
Add hist00 from /eos/ams/user/s/selu/mdst/He122/mdst_60441655.root
Start of Init
Use new binning
Start of Eventloop
Ntr, Nent= 1 436440
IsMC= 1
Parameter[0] = -2.74568
Parameter[1] = -3.06682
Parameter[2] = -3.63032
Parameter[3] = -5.60094
Parameter[4] = 0.442954
Parameter[5] = -2.61577
mdfil_info:  10.0%    4 sec CPU:  45.9%
mdfil_info:  20.0%   10 sec CPU:  37.7%
mdfil_info:  30.0%   14 sec CPU:  41.1%
mdfil_info:  40.0%   16 sec CPU:  47.1%
mdfil_info:  50.0%   18 sec CPU:  51.0%
mdfil_info:  60.0%   20 sec CPU:  54.4%
mdfil_info:  70.0%   22 sec CPU:  57.4%
mdfil_info:  80.0%   24 sec CPU:  59.6%
mdfil_info:  90.0%   26 sec CPU:  61.6%
mdfil_info: 100.0%   34 sec CPU:  53.1%
24080
AMSCommonsI-I-HardwareIdentifiedAs Linux 3.10.0-957.5.1.el7.x86_64 x86_64 2
AMSCommonsI-I-Identified as LittleEndian 64 bit machine. 4294967295
AMSCommonsI-I-amsdatabase /cvmfs/ams.cern.ch/Offline/AMSDataDir/DataBase/
AMSCommonsI-I-MipsFromCPUInfo: 2593.75
AMSCommonsI-I-SystemIdentified as  Intel(R) Xeon(R) CPU E5-2650 v2 @ 2.60GHz
AMSCommonsI-I-ComputerEvaluatedAsMips 4149
AMS Software version v5.02/1220/12 built Fri Apr 19 23:54:38 2019

Geant4  Version 1033
Run ID: 297 Bartel: 24
Input Destination: /eos/ams/user/s/selu/mdst/He122/mdst_60441837.root
Output Destination: /afs/cern.ch/work/c/ctuysuz/private/he_flux/LSF/result_mc_time/time_24/he_flux_24_297.root
Add hist00 from /eos/ams/user/s/selu/mdst/He122/mdst_60441837.root
Start of Init
Use new binning
Start of Eventloop
Ntr, Nent= 1 436820
IsMC= 1
Parameter[0] = -2.67347
Parameter[1] = -3.02234
Parameter[2] = -3.59529
Parameter[3] = -5.54139
Parameter[4] = 0.298601
Parameter[5] = -2.30285
mdfil_info:  10.0%   16 sec CPU:  15.2%
mdfil_info:  20.0%   20 sec CPU:  20.2%
mdfil_info:  30.0%   26 sec CPU:  23.4%
mdfil_info:  40.0%   31 sec CPU:  25.7%
mdfil_info:  50.0%   36 sec CPU:  27.1%
mdfil_info:  60.0%   41 sec CPU:  28.3%
mdfil_info:  70.0%   46 sec CPU:  29.4%
mdfil_info:  80.0%   51 sec CPU:  30.4%
mdfil_info:  90.0%   56 sec CPU:  31.0%
mdfil_info: 100.0%   61 sec CPU:  31.6%
38795
AMSCommonsI-I-HardwareIdentifiedAs Linux 3.10.0-957.5.1.el7.x86_64 x86_64 2
AMSCommonsI-I-Identified as LittleEndian 64 bit machine. 4294967295
AMSCommonsI-I-amsdatabase /cvmfs/ams.cern.ch/Offline/AMSDataDir/DataBase/
AMSCommonsI-I-MipsFromCPUInfo: 2593.75
AMSCommonsI-I-SystemIdentified as  Intel(R) Xeon(R) CPU E5-2650 v2 @ 2.60GHz
AMSCommonsI-I-ComputerEvaluatedAsMips 4149
AMS Software version v5.02/1220/12 built Fri Apr 19 23:54:38 2019

Geant4  Version 1033
Run ID: 478 Bartel: 78
Input Destination: /eos/ams/user/s/selu/mdst/He314/mdst_120929878.root
Output Destination: /afs/cern.ch/work/c/ctuysuz/private/he_flux/LSF/result_mc_time/time_78/he_flux_78_478.root
Add hist00 from /eos/ams/user/s/selu/mdst/He314/mdst_120929878.root
Start of Init
Use new binning
Start of Eventloop
Ntr, Nent= 1 122040
IsMC= 1
Parameter[0] = -2.48013
Parameter[1] = -2.9556
Parameter[2] = -3.57501
Parameter[3] = -5.51652
Parameter[4] = -0.0886133
Parameter[5] = -2.33511
mdfil_info:  10.0%    8 sec CPU:   9.1%
mdfil_info:  20.0%   14 sec CPU:  10.0%
mdfil_info:  30.0%   19 sec CPU:  10.7%
mdfil_info:  40.0%   20 sec CPU:  12.6%
mdfil_info:  50.0%   22 sec CPU:  14.4%
mdfil_info:  60.0%   24 sec CPU:  15.7%
mdfil_info:  70.0%   26 sec CPU:  16.9%
mdfil_info:  80.0%   27 sec CPU:  18.0%
mdfil_info:  90.0%   29 sec CPU:  18.9%
mdfil_info: 100.0%   31 sec CPU:  19.8%
