WARN: the 'eosmount' alias is deprecated, please use /eos directly
License ports: 28518@lxlicen01.cern.ch,28518@lxlicen02.cern.ch,28518@lxlicen03.cern.ch:/cvmfs/projects.cern.ch/intelsw/psxe/linux/licenses
Intel(R) Parallel Studio XE 2018 Update 2 for Linux*
Copyright (C) 2009-2018 Intel Corporation. All rights reserved.
12273
AMSCommonsI-I-HardwareIdentifiedAs Linux 3.10.0-957.10.1.el7.x86_64 x86_64 2
AMSCommonsI-I-Identified as LittleEndian 64 bit machine. 4294967295
AMSCommonsI-I-amsdatabase /cvmfs/ams.cern.ch/Offline/AMSDataDir/DataBase/
AMSCommonsI-I-MipsFromCPUInfo: 2194.92
AMSCommonsI-I-SystemIdentified as  Intel(R) Xeon(R) CPU E5-2630 v4 @ 2.20GHz
AMSCommonsI-I-ComputerEvaluatedAsMips 3511
AMS Software version v5.02/1220/12 built Fri Apr 19 23:54:38 2019

Geant4  Version 1033
Run ID: 151 Bartel: 43
Input Destination: /eos/ams/user/s/selu/mdst/He122/mdst_60441691.root
Output Destination: /afs/cern.ch/work/c/ctuysuz/private/he_flux/LSF/result_mc_time/time_43/he_flux_43_151.root
Add hist00 from /eos/ams/user/s/selu/mdst/He122/mdst_60441691.root
Start of Init
Use new binning
Start of Eventloop
Ntr, Nent= 1 436545
IsMC= 1
Parameter[0] = -2.79775
Parameter[1] = -3.07523
Parameter[2] = -3.62821
Parameter[3] = -5.6114
Parameter[4] = 0.460986
Parameter[5] = -2.73201
mdfil_info:  10.0%   14 sec CPU:  15.2%
mdfil_info:  20.0%   21 sec CPU:  19.0%
mdfil_info:  30.0%   27 sec CPU:  21.3%
mdfil_info:  40.0%   33 sec CPU:  23.1%
mdfil_info:  50.0%   39 sec CPU:  24.1%
mdfil_info:  60.0%   46 sec CPU:  24.5%
mdfil_info:  70.0%   52 sec CPU:  24.9%
mdfil_info:  80.0%   59 sec CPU:  25.3%
mdfil_info:  90.0%   65 sec CPU:  25.5%
mdfil_info: 100.0%   73 sec CPU:  25.3%
mdfil_info: 100.0%   73 sec CPU:  25.3%
26988
AMSCommonsI-I-HardwareIdentifiedAs Linux 3.10.0-957.10.1.el7.x86_64 x86_64 2
AMSCommonsI-I-Identified as LittleEndian 64 bit machine. 4294967295
AMSCommonsI-I-amsdatabase /cvmfs/ams.cern.ch/Offline/AMSDataDir/DataBase/
AMSCommonsI-I-MipsFromCPUInfo: 2194.92
AMSCommonsI-I-SystemIdentified as  Intel(R) Xeon(R) CPU E5-2630 v4 @ 2.20GHz
AMSCommonsI-I-ComputerEvaluatedAsMips 3511
AMS Software version v5.02/1220/12 built Fri Apr 19 23:54:38 2019

Geant4  Version 1033
Run ID: 333 Bartel: 16
Input Destination: /eos/ams/user/s/selu/mdst/He122/mdst_60441873.root
Output Destination: /afs/cern.ch/work/c/ctuysuz/private/he_flux/LSF/result_mc_time/time_16/he_flux_16_333.root
Add hist00 from /eos/ams/user/s/selu/mdst/He122/mdst_60441873.root
Start of Init
Use new binning
Start of Eventloop
Ntr, Nent= 1 437286
IsMC= 1
Parameter[0] = -2.6668
Parameter[1] = -3.03435
Parameter[2] = -3.60385
Parameter[3] = -5.49763
Parameter[4] = 0.211134
Parameter[5] = -2.07053
mdfil_info:  10.0%  164 sec CPU:   1.2%
mdfil_info:  20.0%  233 sec CPU:   1.6%
mdfil_info:  30.0%  293 sec CPU:   1.8%
mdfil_info:  40.0%  352 sec CPU:   2.0%
mdfil_info:  50.0%  404 sec CPU:   2.1%
mdfil_info:  60.0%  462 sec CPU:   2.2%
mdfil_info:  70.0%  508 sec CPU:   2.3%
mdfil_info:  80.0%  556 sec CPU:   2.4%
mdfil_info:  90.0%  622 sec CPU:   2.4%
mdfil_info: 100.0%  659 sec CPU:   2.6%
mdfil_info: 100.0%  659 sec CPU:   2.6%
41703
AMSCommonsI-I-HardwareIdentifiedAs Linux 3.10.0-957.10.1.el7.x86_64 x86_64 2
AMSCommonsI-I-Identified as LittleEndian 64 bit machine. 4294967295
AMSCommonsI-I-amsdatabase /cvmfs/ams.cern.ch/Offline/AMSDataDir/DataBase/
AMSCommonsI-I-MipsFromCPUInfo: 2194.92
AMSCommonsI-I-SystemIdentified as  Intel(R) Xeon(R) CPU E5-2630 v4 @ 2.20GHz
AMSCommonsI-I-ComputerEvaluatedAsMips 3511
AMS Software version v5.02/1220/12 built Fri Apr 19 23:54:38 2019

Geant4  Version 1033
Run ID: 514 Bartel: 70
Input Destination: /eos/ams/user/s/selu/mdst/He314/mdst_120929915.root
Output Destination: /afs/cern.ch/work/c/ctuysuz/private/he_flux/LSF/result_mc_time/time_70/he_flux_70_514.root
Add hist00 from /eos/ams/user/s/selu/mdst/He314/mdst_120929915.root
Start of Init
Use new binning
Start of Eventloop
Ntr, Nent= 1 96519
IsMC= 1
Parameter[0] = -2.55238
Parameter[1] = -2.98162
Parameter[2] = -3.58419
Parameter[3] = -5.43685
Parameter[4] = 0.00689862
Parameter[5] = -1.78447
mdfil_info:  10.0%    1 sec CPU:  73.0%
mdfil_info:  20.0%    1 sec CPU:  73.9%
mdfil_info:  30.0%    2 sec CPU:  75.5%
mdfil_info:  40.0%    2 sec CPU:  77.7%
mdfil_info:  50.0%    2 sec CPU:  79.7%
mdfil_info:  60.0%    3 sec CPU:  81.6%
mdfil_info:  70.0%    3 sec CPU:  82.4%
mdfil_info:  80.0%    4 sec CPU:  83.5%
mdfil_info:  90.0%    4 sec CPU:  84.6%
mdfil_info: 100.0%    4 sec CPU:  85.3%
mdfil_info: 100.0%    4 sec CPU:  85.3%
