WARN: the 'eosmount' alias is deprecated, please use /eos directly
License ports: 28518@lxlicen01.cern.ch,28518@lxlicen02.cern.ch,28518@lxlicen03.cern.ch:/cvmfs/projects.cern.ch/intelsw/psxe/linux/licenses
Intel(R) Parallel Studio XE 2018 Update 2 for Linux*
Copyright (C) 2009-2018 Intel Corporation. All rights reserved.
4937
AMSCommonsI-I-HardwareIdentifiedAs Linux 3.10.0-957.10.1.el7.x86_64 x86_64 2
AMSCommonsI-I-Identified as LittleEndian 64 bit machine. 4294967295
AMSCommonsI-I-amsdatabase /cvmfs/ams.cern.ch/Offline/AMSDataDir/DataBase/
AMSCommonsI-I-MipsFromCPUInfo: 2194.92
AMSCommonsI-I-SystemIdentified as  Intel(R) Xeon(R) CPU E5-2630 v4 @ 2.20GHz
AMSCommonsI-I-ComputerEvaluatedAsMips 3511
AMS Software version v5.02/1220/12 built Fri Apr 19 23:54:38 2019

Geant4  Version 1033
Run ID: 60 Bartel: 78
Input Destination: /eos/ams/user/s/selu/mdst/He122/mdst_60441599.root
Output Destination: /afs/cern.ch/work/c/ctuysuz/private/he_flux/LSF/result_mc_time/time_78/he_flux_78_60.root
Add hist00 from /eos/ams/user/s/selu/mdst/He122/mdst_60441599.root
Start of Init
Use new binning
Start of Eventloop
Ntr, Nent= 1 415839
IsMC= 1
Parameter[0] = -2.48013
Parameter[1] = -2.9556
Parameter[2] = -3.57501
Parameter[3] = -5.51652
Parameter[4] = -0.0886133
Parameter[5] = -2.33511
mdfil_info:  10.0%    2 sec CPU:  99.7%
mdfil_info:  20.0%    4 sec CPU:  99.6%
mdfil_info:  30.0%    6 sec CPU:  99.8%
mdfil_info:  40.0%    8 sec CPU:  96.3%
mdfil_info:  50.0%   10 sec CPU:  93.1%
mdfil_info:  60.0%   12 sec CPU:  91.8%
mdfil_info:  70.0%   15 sec CPU:  91.8%
mdfil_info:  80.0%   17 sec CPU:  91.7%
mdfil_info:  90.0%   19 sec CPU:  91.3%
mdfil_info: 100.0%   21 sec CPU:  90.8%
mdfil_info: 100.0%   21 sec CPU:  90.8%
19652
AMSCommonsI-I-HardwareIdentifiedAs Linux 3.10.0-957.10.1.el7.x86_64 x86_64 2
AMSCommonsI-I-Identified as LittleEndian 64 bit machine. 4294967295
AMSCommonsI-I-amsdatabase /cvmfs/ams.cern.ch/Offline/AMSDataDir/DataBase/
AMSCommonsI-I-MipsFromCPUInfo: 2194.92
AMSCommonsI-I-SystemIdentified as  Intel(R) Xeon(R) CPU E5-2630 v4 @ 2.20GHz
AMSCommonsI-I-ComputerEvaluatedAsMips 3511
AMS Software version v5.02/1220/12 built Fri Apr 19 23:54:38 2019

Geant4  Version 1033
Run ID: 242 Bartel: 51
Input Destination: /eos/ams/user/s/selu/mdst/He122/mdst_60441782.root
Output Destination: /afs/cern.ch/work/c/ctuysuz/private/he_flux/LSF/result_mc_time/time_51/he_flux_51_242.root
Add hist00 from /eos/ams/user/s/selu/mdst/He122/mdst_60441782.root
Start of Init
Use new binning
Start of Eventloop
Ntr, Nent= 1 431262
IsMC= 1
Parameter[0] = -2.74568
Parameter[1] = -3.06682
Parameter[2] = -3.63032
Parameter[3] = -5.60094
Parameter[4] = 0.442954
Parameter[5] = -2.61577
mdfil_info:  10.0%    3 sec CPU:  64.5%
mdfil_info:  20.0%    6 sec CPU:  69.3%
mdfil_info:  30.0%    9 sec CPU:  72.7%
mdfil_info:  40.0%   11 sec CPU:  73.7%
mdfil_info:  50.0%   14 sec CPU:  75.6%
mdfil_info:  60.0%   16 sec CPU:  77.0%
mdfil_info:  70.0%   18 sec CPU:  77.7%
mdfil_info:  80.0%   21 sec CPU:  77.7%
mdfil_info:  90.0%   24 sec CPU:  77.9%
mdfil_info: 100.0%   26 sec CPU:  78.1%
mdfil_info: 100.0%   26 sec CPU:  78.1%
34367
AMSCommonsI-I-HardwareIdentifiedAs Linux 3.10.0-957.10.1.el7.x86_64 x86_64 2
AMSCommonsI-I-Identified as LittleEndian 64 bit machine. 4294967295
AMSCommonsI-I-amsdatabase /cvmfs/ams.cern.ch/Offline/AMSDataDir/DataBase/
AMSCommonsI-I-MipsFromCPUInfo: 2194.92
AMSCommonsI-I-SystemIdentified as  Intel(R) Xeon(R) CPU E5-2630 v4 @ 2.20GHz
AMSCommonsI-I-ComputerEvaluatedAsMips 3511
AMS Software version v5.02/1220/12 built Fri Apr 19 23:54:38 2019

Geant4  Version 1033
Run ID: 424 Bartel: 24
Input Destination: /eos/ams/user/s/selu/mdst/He122/mdst_60442312.root
Output Destination: /afs/cern.ch/work/c/ctuysuz/private/he_flux/LSF/result_mc_time/time_24/he_flux_24_424.root
Add hist00 from /eos/ams/user/s/selu/mdst/He122/mdst_60442312.root
Start of Init
Use new binning
Start of Eventloop
Ntr, Nent= 1 435740
IsMC= 1
Parameter[0] = -2.67347
Parameter[1] = -3.02234
Parameter[2] = -3.59529
Parameter[3] = -5.54139
Parameter[4] = 0.298601
Parameter[5] = -2.30285
mdfil_info:  10.0%   21 sec CPU:  10.9%
mdfil_info:  20.0%   29 sec CPU:  14.9%
mdfil_info:  30.0%   38 sec CPU:  17.1%
mdfil_info:  40.0%   47 sec CPU:  18.4%
mdfil_info:  50.0%   54 sec CPU:  20.2%
mdfil_info:  60.0%   62 sec CPU:  20.8%
mdfil_info:  70.0%   70 sec CPU:  21.5%
mdfil_info:  80.0%   78 sec CPU:  22.2%
mdfil_info:  90.0%   86 sec CPU:  22.6%
mdfil_info: 100.0%   93 sec CPU:  23.1%
