WARN: the 'eosmount' alias is deprecated, please use /eos directly
License ports: 28518@lxlicen01.cern.ch,28518@lxlicen02.cern.ch,28518@lxlicen03.cern.ch:/cvmfs/projects.cern.ch/intelsw/psxe/linux/licenses
Intel(R) Parallel Studio XE 2018 Update 2 for Linux*
Copyright (C) 2009-2018 Intel Corporation. All rights reserved.
12925
AMSCommonsI-I-HardwareIdentifiedAs Linux 3.10.0-957.12.2.el7.x86_64 x86_64 2
AMSCommonsI-I-Identified as LittleEndian 64 bit machine. 4294967295
AMSCommonsI-I-amsdatabase /cvmfs/ams.cern.ch/Offline/AMSDataDir/DataBase/
AMSCommonsI-I-MipsFromCPUInfo: 2195.1
AMSCommonsI-I-SystemIdentified as  Intel(R) Xeon(R) CPU E5-2630 v4 @ 2.20GHz
AMSCommonsI-I-ComputerEvaluatedAsMips 3512
AMS Software version v5.02/1220/12 built Fri Apr 19 23:54:38 2019

Geant4  Version 1033
Run ID: 159 Bartel: 47
27640
AMSCommonsI-I-HardwareIdentifiedAs Linux 3.10.0-957.12.2.el7.x86_64 x86_64 2
AMSCommonsI-I-Identified as LittleEndian 64 bit machine. 4294967295
AMSCommonsI-I-amsdatabase /cvmfs/ams.cern.ch/Offline/AMSDataDir/DataBase/
AMSCommonsI-I-MipsFromCPUInfo: 2195.1
AMSCommonsI-I-SystemIdentified as  Intel(R) Xeon(R) CPU E5-2630 v4 @ 2.20GHz
AMSCommonsI-I-ComputerEvaluatedAsMips 3512
AMS Software version v5.02/1220/12 built Fri Apr 19 23:54:38 2019

Geant4  Version 1033
Run ID: 341 Bartel: 20
Input Destination: /eos/ams/user/s/selu/mdst/He122/mdst_60441881.root
Output Destination: /afs/cern.ch/work/c/ctuysuz/private/he_flux/LSF/result_mc_time/time_20/he_flux_20_341.root
Add hist00 from /eos/ams/user/s/selu/mdst/He122/mdst_60441881.root
Start of Init
Use new binning
Start of Eventloop
Ntr, Nent= 1 439004
IsMC= 1
Parameter[0] = -2.70518
Parameter[1] = -3.02051
Parameter[2] = -3.58999
Parameter[3] = -5.56547
Parameter[4] = 0.334526
Parameter[5] = -2.62761
mdfil_info:  10.0%    7 sec CPU:  27.9%
mdfil_info:  20.0%   10 sec CPU:  35.1%
mdfil_info:  30.0%   17 sec CPU:  31.7%
mdfil_info:  40.0%   21 sec CPU:  32.6%
mdfil_info:  50.0%   27 sec CPU:  31.8%
mdfil_info:  60.0%   36 sec CPU:  28.5%
mdfil_info:  70.0%   46 sec CPU:  26.1%
mdfil_info:  80.0%   49 sec CPU:  27.5%
mdfil_info:  90.0%   57 sec CPU:  26.7%
mdfil_info: 100.0%   65 sec CPU:  26.1%
mdfil_info: 100.0%   65 sec CPU:  26.1%
42355
AMSCommonsI-I-HardwareIdentifiedAs Linux 3.10.0-957.12.2.el7.x86_64 x86_64 2
AMSCommonsI-I-Identified as LittleEndian 64 bit machine. 4294967295
AMSCommonsI-I-amsdatabase /cvmfs/ams.cern.ch/Offline/AMSDataDir/DataBase/
AMSCommonsI-I-MipsFromCPUInfo: 2195.1
AMSCommonsI-I-SystemIdentified as  Intel(R) Xeon(R) CPU E5-2630 v4 @ 2.20GHz
AMSCommonsI-I-ComputerEvaluatedAsMips 3512
AMS Software version v5.02/1220/12 built Fri Apr 19 23:54:38 2019

Geant4  Version 1033
Run ID: 522 Bartel: 74
Input Destination: /eos/ams/user/s/selu/mdst/He314/mdst_120929923.root
Output Destination: /afs/cern.ch/work/c/ctuysuz/private/he_flux/LSF/result_mc_time/time_74/he_flux_74_522.root
Add hist00 from /eos/ams/user/s/selu/mdst/He314/mdst_120929923.root
Start of Init
Use new binning
Start of Eventloop
Ntr, Nent= 1 120871
IsMC= 1
Parameter[0] = -2.51662
Parameter[1] = -2.96375
Parameter[2] = -3.57829
Parameter[3] = -5.45844
Parameter[4] = 0.103059
Parameter[5] = -1.93983
mdfil_info:  10.0%    1 sec CPU:  73.7%
mdfil_info:  20.0%    1 sec CPU:  77.1%
mdfil_info:  30.0%    2 sec CPU:  76.7%
mdfil_info:  40.0%    2 sec CPU:  79.3%
mdfil_info:  50.0%    3 sec CPU:  80.8%
mdfil_info:  60.0%    4 sec CPU:  82.3%
mdfil_info:  70.0%    4 sec CPU:  83.1%
mdfil_info:  80.0%    5 sec CPU:  83.9%
mdfil_info:  90.0%    5 sec CPU:  84.6%
mdfil_info: 100.0%    6 sec CPU:  85.0%
mdfil_info: 100.0%    6 sec CPU:  85.0%
