WARN: the 'eosmount' alias is deprecated, please use /eos directly
License ports: 28518@lxlicen01.cern.ch,28518@lxlicen02.cern.ch,28518@lxlicen03.cern.ch:/cvmfs/projects.cern.ch/intelsw/psxe/linux/licenses
Intel(R) Parallel Studio XE 2018 Update 2 for Linux*
Copyright (C) 2009-2018 Intel Corporation. All rights reserved.
14346
AMSCommonsI-I-HardwareIdentifiedAs Linux 3.10.0-957.12.2.el7.x86_64 x86_64 2
AMSCommonsI-I-Identified as LittleEndian 64 bit machine. 4294967295
AMSCommonsI-I-amsdatabase /cvmfs/ams.cern.ch/Offline/AMSDataDir/DataBase/
AMSCommonsI-I-MipsFromCPUInfo: 2394.45
AMSCommonsI-I-SystemIdentified as  Intel(R) Xeon(R) CPU E5-2630 v3 @ 2.40GHz
AMSCommonsI-I-ComputerEvaluatedAsMips 3831
AMS Software version v5.02/1220/12 built Fri Apr 19 23:54:38 2019

Geant4  Version 1033
Run ID: 177 Bartel: 10
Input Destination: /eos/ams/user/s/selu/mdst/He122/mdst_60441717.root
Output Destination: /afs/cern.ch/work/c/ctuysuz/private/he_flux/LSF/result_mc_time/time_10/he_flux_10_177.root
Add hist00 from /eos/ams/user/s/selu/mdst/He122/mdst_60441717.root
Start of Init
Use new binning
Start of Eventloop
Ntr, Nent= 1 438840
IsMC= 1
Parameter[0] = -2.60695
Parameter[1] = -3.01041
Parameter[2] = -3.5903
Parameter[3] = -5.48712
Parameter[4] = 0.0628761
Parameter[5] = -2.10837
mdfil_info:  10.0%    2 sec CPU:  83.9%
mdfil_info:  20.0%    5 sec CPU:  89.5%
mdfil_info:  30.0%    7 sec CPU:  90.5%
mdfil_info:  40.0%    8 sec CPU:  91.5%
mdfil_info:  50.0%   10 sec CPU:  92.0%
mdfil_info:  60.0%   12 sec CPU:  92.3%
mdfil_info:  70.0%   14 sec CPU:  92.8%
mdfil_info:  80.0%   16 sec CPU:  92.6%
mdfil_info:  90.0%   18 sec CPU:  92.7%
mdfil_info: 100.0%   20 sec CPU:  92.9%
29061
AMSCommonsI-I-HardwareIdentifiedAs Linux 3.10.0-957.12.2.el7.x86_64 x86_64 2
AMSCommonsI-I-Identified as LittleEndian 64 bit machine. 4294967295
AMSCommonsI-I-amsdatabase /cvmfs/ams.cern.ch/Offline/AMSDataDir/DataBase/
AMSCommonsI-I-MipsFromCPUInfo: 2394.45
AMSCommonsI-I-SystemIdentified as  Intel(R) Xeon(R) CPU E5-2630 v3 @ 2.40GHz
AMSCommonsI-I-ComputerEvaluatedAsMips 3831
AMS Software version v5.02/1220/12 built Fri Apr 19 23:54:38 2019

Geant4  Version 1033
Run ID: 358 Bartel: 64
Input Destination: /eos/ams/user/s/selu/mdst/He122/mdst_60442246.root
Output Destination: /afs/cern.ch/work/c/ctuysuz/private/he_flux/LSF/result_mc_time/time_64/he_flux_64_358.root
Add hist00 from /eos/ams/user/s/selu/mdst/He122/mdst_60442246.root
Start of Init
Use new binning
Start of Eventloop
Ntr, Nent= 1 435627
IsMC= 1
Parameter[0] = -2.60351
Parameter[1] = -3.00196
Parameter[2] = -3.60517
Parameter[3] = -5.53742
Parameter[4] = 0.137006
Parameter[5] = -2.40049
mdfil_info:  10.0%    2 sec CPU:  81.4%
mdfil_info:  20.0%    4 sec CPU:  86.9%
mdfil_info:  30.0%    6 sec CPU:  89.2%
mdfil_info:  40.0%    8 sec CPU:  90.2%
mdfil_info:  50.0%    9 sec CPU:  90.9%
mdfil_info:  60.0%   11 sec CPU:  91.4%
mdfil_info:  70.0%   13 sec CPU:  91.8%
mdfil_info:  80.0%   15 sec CPU:  92.2%
mdfil_info:  90.0%   17 sec CPU:  92.0%
mdfil_info: 100.0%   18 sec CPU:  92.1%
mdfil_info: 100.0%   18 sec CPU:  92.1%
43776
AMSCommonsI-I-HardwareIdentifiedAs Linux 3.10.0-957.12.2.el7.x86_64 x86_64 2
AMSCommonsI-I-Identified as LittleEndian 64 bit machine. 4294967295
AMSCommonsI-I-amsdatabase /cvmfs/ams.cern.ch/Offline/AMSDataDir/DataBase/
AMSCommonsI-I-MipsFromCPUInfo: 2394.45
AMSCommonsI-I-SystemIdentified as  Intel(R) Xeon(R) CPU E5-2630 v3 @ 2.40GHz
AMSCommonsI-I-ComputerEvaluatedAsMips 3831
AMS Software version v5.02/1220/12 built Fri Apr 19 23:54:38 2019

Geant4  Version 1033
Run ID: 540 Bartel: 37
Input Destination: /eos/ams/user/s/selu/mdst/He314/mdst_120929945.root
Output Destination: /afs/cern.ch/work/c/ctuysuz/private/he_flux/LSF/result_mc_time/time_37/he_flux_37_540.root
Add hist00 from /eos/ams/user/s/selu/mdst/He314/mdst_120929945.root
Start of Init
Use new binning
Start of Eventloop
Ntr, Nent= 1 122554
IsMC= 1
Parameter[0] = -2.7864
Parameter[1] = -3.05696
Parameter[2] = -3.61656
Parameter[3] = -5.57878
Parameter[4] = 0.423344
Parameter[5] = -2.57309
mdfil_info:  10.0%    1 sec CPU:  49.1%
mdfil_info:  20.0%    3 sec CPU:  45.1%
mdfil_info:  30.0%    4 sec CPU:  43.8%
mdfil_info:  40.0%    5 sec CPU:  44.4%
mdfil_info:  50.0%    7 sec CPU:  36.9%
mdfil_info:  60.0%    8 sec CPU:  39.1%
mdfil_info:  70.0%    9 sec CPU:  42.2%
mdfil_info:  80.0%    9 sec CPU:  43.2%
mdfil_info:  90.0%   10 sec CPU:  45.0%
mdfil_info: 100.0%   11 sec CPU:  44.8%
mdfil_info: 100.0%   11 sec CPU:  44.8%
