WARN: the 'eosmount' alias is deprecated, please use /eos directly
License ports: 28518@lxlicen01.cern.ch,28518@lxlicen02.cern.ch,28518@lxlicen03.cern.ch:/cvmfs/projects.cern.ch/intelsw/psxe/linux/licenses
Intel(R) Parallel Studio XE 2018 Update 2 for Linux*
Copyright (C) 2009-2018 Intel Corporation. All rights reserved.
11358
AMSCommonsI-I-HardwareIdentifiedAs Linux 3.10.0-957.10.1.el7.x86_64 x86_64 2
AMSCommonsI-I-Identified as LittleEndian 64 bit machine. 4294967295
AMSCommonsI-I-amsdatabase /cvmfs/ams.cern.ch/Offline/AMSDataDir/DataBase/
AMSCommonsI-I-MipsFromCPUInfo: 2194.92
AMSCommonsI-I-SystemIdentified as  Intel(R) Xeon(R) CPU E5-2630 v4 @ 2.20GHz
AMSCommonsI-I-ComputerEvaluatedAsMips 3511
AMS Software version v5.02/1220/12 built Fri Apr 19 23:54:38 2019

Geant4  Version 1033
Run ID: 140 Bartel: 19
Input Destination: /eos/ams/user/s/selu/mdst/He122/mdst_60441680.root
Output Destination: /afs/cern.ch/work/c/ctuysuz/private/he_flux/LSF/result_mc_time/time_19/he_flux_19_140.root
Add hist00 from /eos/ams/user/s/selu/mdst/He122/mdst_60441680.root
Start of Init
Use new binning
Start of Eventloop
Ntr, Nent= 1 439343
IsMC= 1
Parameter[0] = -2.70235
Parameter[1] = -3.03758
Parameter[2] = -3.60308
Parameter[3] = -5.55191
Parameter[4] = 0.242617
Parameter[5] = -2.38008
mdfil_info:  10.0%   19 sec CPU:  12.3%
mdfil_info:  20.0%   25 sec CPU:  18.1%
mdfil_info:  30.0%   30 sec CPU:  21.9%
mdfil_info:  40.0%   36 sec CPU:  24.7%
mdfil_info:  50.0%   42 sec CPU:  26.4%
mdfil_info:  60.0%   48 sec CPU:  27.3%
mdfil_info:  70.0%   55 sec CPU:  28.3%
mdfil_info:  80.0%   61 sec CPU:  28.8%
mdfil_info:  90.0%   68 sec CPU:  29.2%
mdfil_info: 100.0%   74 sec CPU:  29.6%
mdfil_info: 100.0%   74 sec CPU:  29.6%
26073
AMSCommonsI-I-HardwareIdentifiedAs Linux 3.10.0-957.10.1.el7.x86_64 x86_64 2
AMSCommonsI-I-Identified as LittleEndian 64 bit machine. 4294967295
AMSCommonsI-I-amsdatabase /cvmfs/ams.cern.ch/Offline/AMSDataDir/DataBase/
AMSCommonsI-I-MipsFromCPUInfo: 2194.92
AMSCommonsI-I-SystemIdentified as  Intel(R) Xeon(R) CPU E5-2630 v4 @ 2.20GHz
AMSCommonsI-I-ComputerEvaluatedAsMips 3511
AMS Software version v5.02/1220/12 built Fri Apr 19 23:54:38 2019

Geant4  Version 1033
Run ID: 321 Bartel: 73
Input Destination: /eos/ams/user/s/selu/mdst/He122/mdst_60441861.root
Output Destination: /afs/cern.ch/work/c/ctuysuz/private/he_flux/LSF/result_mc_time/time_73/he_flux_73_321.root
Add hist00 from /eos/ams/user/s/selu/mdst/He122/mdst_60441861.root
Start of Init
Use new binning
Start of Eventloop
Ntr, Nent= 1 395355
IsMC= 1
Parameter[0] = -2.52877
Parameter[1] = -2.96916
Parameter[2] = -3.58403
Parameter[3] = -5.48816
Parameter[4] = 0.0284517
Parameter[5] = -2.25131
mdfil_info:  10.0%    3 sec CPU:  73.1%
mdfil_info:  20.0%    5 sec CPU:  78.9%
mdfil_info:  30.0%    7 sec CPU:  81.5%
mdfil_info:  40.0%    9 sec CPU:  82.9%
mdfil_info:  50.0%   11 sec CPU:  84.2%
mdfil_info:  60.0%   13 sec CPU:  84.8%
mdfil_info:  70.0%   15 sec CPU:  85.3%
mdfil_info:  80.0%   17 sec CPU:  85.7%
mdfil_info:  90.0%   19 sec CPU:  86.3%
mdfil_info: 100.0%   21 sec CPU:  86.7%
mdfil_info: 100.0%   21 sec CPU:  86.6%
40788
AMSCommonsI-I-HardwareIdentifiedAs Linux 3.10.0-957.10.1.el7.x86_64 x86_64 2
AMSCommonsI-I-Identified as LittleEndian 64 bit machine. 4294967295
AMSCommonsI-I-amsdatabase /cvmfs/ams.cern.ch/Offline/AMSDataDir/DataBase/
AMSCommonsI-I-MipsFromCPUInfo: 2194.92
AMSCommonsI-I-SystemIdentified as  Intel(R) Xeon(R) CPU E5-2630 v4 @ 2.20GHz
AMSCommonsI-I-ComputerEvaluatedAsMips 3511
AMS Software version v5.02/1220/12 built Fri Apr 19 23:54:38 2019

Geant4  Version 1033
Run ID: 503 Bartel: 46
