WARN: the 'eosmount' alias is deprecated, please use /eos directly
License ports: 28518@lxlicen01.cern.ch,28518@lxlicen02.cern.ch,28518@lxlicen03.cern.ch:/cvmfs/projects.cern.ch/intelsw/psxe/linux/licenses
Intel(R) Parallel Studio XE 2018 Update 2 for Linux*
Copyright (C) 2009-2018 Intel Corporation. All rights reserved.
7023
AMSCommonsI-I-HardwareIdentifiedAs Linux 3.10.0-957.12.2.el7.x86_64 x86_64 2
AMSCommonsI-I-Identified as LittleEndian 64 bit machine. 4294967295
AMSCommonsI-I-amsdatabase /cvmfs/ams.cern.ch/Offline/AMSDataDir/DataBase/
AMSCommonsI-I-MipsFromCPUInfo: 2394.45
AMSCommonsI-I-SystemIdentified as  Intel(R) Xeon(R) CPU E5-2630 v3 @ 2.40GHz
AMSCommonsI-I-ComputerEvaluatedAsMips 3831
AMS Software version v5.02/1220/12 built Fri Apr 19 23:54:38 2019

Geant4  Version 1033
Run ID: 86 Bartel: 58
Input Destination: /eos/ams/user/s/selu/mdst/He122/mdst_60441626.root
Output Destination: /afs/cern.ch/work/c/ctuysuz/private/he_flux/LSF/result_mc_time/time_58/he_flux_58_86.root
Add hist00 from /eos/ams/user/s/selu/mdst/He122/mdst_60441626.root
Start of Init
Use new binning
Start of Eventloop
Ntr, Nent= 1 442014
IsMC= 1
Parameter[0] = -2.68687
Parameter[1] = -3.02567
Parameter[2] = -3.60778
Parameter[3] = -5.55295
Parameter[4] = 0.272681
Parameter[5] = -2.49381
mdfil_info:  10.0%   15 sec CPU:  13.4%
mdfil_info:  20.0%   20 sec CPU:  19.0%
mdfil_info:  30.0%   25 sec CPU:  22.0%
mdfil_info:  40.0%   30 sec CPU:  24.0%
mdfil_info:  50.0%   36 sec CPU:  25.3%
mdfil_info:  60.0%   41 sec CPU:  26.5%
mdfil_info:  70.0%   46 sec CPU:  27.3%
mdfil_info:  80.0%   51 sec CPU:  27.8%
mdfil_info:  90.0%   57 sec CPU:  28.5%
mdfil_info: 100.0%   62 sec CPU:  28.8%
mdfil_info: 100.0%   62 sec CPU:  28.8%
21738
AMSCommonsI-I-HardwareIdentifiedAs Linux 3.10.0-957.12.2.el7.x86_64 x86_64 2
AMSCommonsI-I-Identified as LittleEndian 64 bit machine. 4294967295
AMSCommonsI-I-amsdatabase /cvmfs/ams.cern.ch/Offline/AMSDataDir/DataBase/
AMSCommonsI-I-MipsFromCPUInfo: 2394.45
AMSCommonsI-I-SystemIdentified as  Intel(R) Xeon(R) CPU E5-2630 v3 @ 2.40GHz
AMSCommonsI-I-ComputerEvaluatedAsMips 3831
AMS Software version v5.02/1220/12 built Fri Apr 19 23:54:38 2019

Geant4  Version 1033
Run ID: 268 Bartel: 31
Input Destination: /eos/ams/user/s/selu/mdst/He122/mdst_60441808.root
Output Destination: /afs/cern.ch/work/c/ctuysuz/private/he_flux/LSF/result_mc_time/time_31/he_flux_31_268.root
Add hist00 from /eos/ams/user/s/selu/mdst/He122/mdst_60441808.root
Start of Init
Use new binning
Start of Eventloop
Ntr, Nent= 1 423249
IsMC= 1
Parameter[0] = -2.78388
Parameter[1] = -3.06558
Parameter[2] = -3.62012
Parameter[3] = -5.56152
Parameter[4] = 0.319855
Parameter[5] = -2.41575
mdfil_info:  10.0%   16 sec CPU:  12.2%
mdfil_info:  20.0%   21 sec CPU:  17.7%
mdfil_info:  30.0%   26 sec CPU:  20.6%
mdfil_info:  40.0%   31 sec CPU:  22.8%
mdfil_info:  50.0%   36 sec CPU:  24.1%
mdfil_info:  60.0%   41 sec CPU:  25.3%
mdfil_info:  70.0%   46 sec CPU:  26.2%
mdfil_info:  80.0%   52 sec CPU:  26.6%
mdfil_info:  90.0%   57 sec CPU:  27.1%
mdfil_info: 100.0%   62 sec CPU:  27.7%
mdfil_info: 100.0%   62 sec CPU:  27.7%
36453
AMSCommonsI-I-HardwareIdentifiedAs Linux 3.10.0-957.12.2.el7.x86_64 x86_64 2
AMSCommonsI-I-Identified as LittleEndian 64 bit machine. 4294967295
AMSCommonsI-I-amsdatabase /cvmfs/ams.cern.ch/Offline/AMSDataDir/DataBase/
AMSCommonsI-I-MipsFromCPUInfo: 2394.45
AMSCommonsI-I-SystemIdentified as  Intel(R) Xeon(R) CPU E5-2630 v3 @ 2.40GHz
AMSCommonsI-I-ComputerEvaluatedAsMips 3831
AMS Software version v5.02/1220/12 built Fri Apr 19 23:54:38 2019

Geant4  Version 1033
Run ID: 450 Bartel: 4
Input Destination: /eos/ams/user/s/selu/mdst/He314/mdst_120929850.root
Output Destination: /afs/cern.ch/work/c/ctuysuz/private/he_flux/LSF/result_mc_time/time_4/he_flux_4_450.root
Add hist00 from /eos/ams/user/s/selu/mdst/He314/mdst_120929850.root
Start of Init
Use new binning
Start of Eventloop
Ntr, Nent= 1 122620
IsMC= 1
Parameter[0] = -2.61269
Parameter[1] = -3.01592
Parameter[2] = -3.59533
Parameter[3] = -5.49712
Parameter[4] = 0.0687066
Parameter[5] = -2.23552
mdfil_info:  10.0%    6 sec CPU:  10.5%
mdfil_info:  20.0%   10 sec CPU:  11.4%
mdfil_info:  30.0%   15 sec CPU:  11.9%
mdfil_info:  40.0%   16 sec CPU:  13.8%
mdfil_info:  50.0%   18 sec CPU:  15.5%
mdfil_info:  60.0%   19 sec CPU:  17.1%
mdfil_info:  70.0%   20 sec CPU:  18.4%
mdfil_info:  80.0%   22 sec CPU:  19.5%
mdfil_info:  90.0%   23 sec CPU:  20.4%
mdfil_info: 100.0%   24 sec CPU:  21.3%
