WARN: the 'eosmount' alias is deprecated, please use /eos directly
License ports: 28518@lxlicen01.cern.ch,28518@lxlicen02.cern.ch,28518@lxlicen03.cern.ch:/cvmfs/projects.cern.ch/intelsw/psxe/linux/licenses
Intel(R) Parallel Studio XE 2018 Update 2 for Linux*
Copyright (C) 2009-2018 Intel Corporation. All rights reserved.
11636
AMSCommonsI-I-HardwareIdentifiedAs Linux 3.10.0-957.12.1.el7.x86_64 x86_64 2
AMSCommonsI-I-Identified as LittleEndian 64 bit machine. 4294967295
AMSCommonsI-I-amsdatabase /cvmfs/ams.cern.ch/Offline/AMSDataDir/DataBase/
AMSCommonsI-I-MipsFromCPUInfo: 2194.92
AMSCommonsI-I-SystemIdentified as  Intel(R) Xeon(R) CPU E5-2630 v4 @ 2.20GHz
AMSCommonsI-I-ComputerEvaluatedAsMips 3511
AMS Software version v5.02/1220/12 built Fri Apr 19 23:54:38 2019

Geant4  Version 1033
Run ID: 143 Bartel: 54
Input Destination: /eos/ams/user/s/selu/mdst/He122/mdst_60441683.root
Output Destination: /afs/cern.ch/work/c/ctuysuz/private/he_flux/LSF/result_mc_time/time_54/he_flux_54_143.root
Add hist00 from /eos/ams/user/s/selu/mdst/He122/mdst_60441683.root
Start of Init
Use new binning
Start of Eventloop
Ntr, Nent= 1 440257
IsMC= 1
Parameter[0] = -2.78801
Parameter[1] = -3.07185
Parameter[2] = -3.62903
Parameter[3] = -5.57585
Parameter[4] = 0.451953
Parameter[5] = -2.58019
mdfil_info:  10.0%    2 sec CPU:  78.7%
mdfil_info:  20.0%    4 sec CPU:  83.7%
mdfil_info:  30.0%    6 sec CPU:  85.4%
mdfil_info:  40.0%    8 sec CPU:  85.6%
mdfil_info:  50.0%   10 sec CPU:  85.8%
mdfil_info:  60.0%   12 sec CPU:  86.4%
mdfil_info:  70.0%   15 sec CPU:  86.4%
mdfil_info:  80.0%   17 sec CPU:  86.4%
mdfil_info:  90.0%   19 sec CPU:  86.5%
mdfil_info: 100.0%   21 sec CPU:  86.7%
mdfil_info: 100.0%   21 sec CPU:  86.7%
26351
AMSCommonsI-I-HardwareIdentifiedAs Linux 3.10.0-957.12.1.el7.x86_64 x86_64 2
AMSCommonsI-I-Identified as LittleEndian 64 bit machine. 4294967295
AMSCommonsI-I-amsdatabase /cvmfs/ams.cern.ch/Offline/AMSDataDir/DataBase/
AMSCommonsI-I-MipsFromCPUInfo: 2194.92
AMSCommonsI-I-SystemIdentified as  Intel(R) Xeon(R) CPU E5-2630 v4 @ 2.20GHz
AMSCommonsI-I-ComputerEvaluatedAsMips 3511
AMS Software version v5.02/1220/12 built Fri Apr 19 23:54:38 2019

Geant4  Version 1033
Run ID: 325 Bartel: 27
Input Destination: /eos/ams/user/s/selu/mdst/He122/mdst_60441865.root
Output Destination: /afs/cern.ch/work/c/ctuysuz/private/he_flux/LSF/result_mc_time/time_27/he_flux_27_325.root
Add hist00 from /eos/ams/user/s/selu/mdst/He122/mdst_60441865.root
Start of Init
Use new binning
Start of Eventloop
Ntr, Nent= 1 440856
IsMC= 1
Parameter[0] = -2.70724
Parameter[1] = -3.04642
Parameter[2] = -3.62117
Parameter[3] = -5.56267
Parameter[4] = 0.257638
Parameter[5] = -2.47221
mdfil_info:  10.0%    3 sec CPU:  73.5%
mdfil_info:  20.0%    5 sec CPU:  80.6%
mdfil_info:  30.0%    8 sec CPU:  82.8%
mdfil_info:  40.0%   10 sec CPU:  84.0%
mdfil_info:  50.0%   12 sec CPU:  84.6%
mdfil_info:  60.0%   15 sec CPU:  84.9%
mdfil_info:  70.0%   17 sec CPU:  85.0%
mdfil_info:  80.0%   19 sec CPU:  85.0%
mdfil_info:  90.0%   22 sec CPU:  84.9%
mdfil_info: 100.0%   24 sec CPU:  84.9%
mdfil_info: 100.0%   24 sec CPU:  84.8%
41066
AMSCommonsI-I-HardwareIdentifiedAs Linux 3.10.0-957.12.1.el7.x86_64 x86_64 2
AMSCommonsI-I-Identified as LittleEndian 64 bit machine. 4294967295
AMSCommonsI-I-amsdatabase /cvmfs/ams.cern.ch/Offline/AMSDataDir/DataBase/
AMSCommonsI-I-MipsFromCPUInfo: 2194.92
AMSCommonsI-I-SystemIdentified as  Intel(R) Xeon(R) CPU E5-2630 v4 @ 2.20GHz
AMSCommonsI-I-ComputerEvaluatedAsMips 3511
AMS Software version v5.02/1220/12 built Fri Apr 19 23:54:38 2019

Geant4  Version 1033
Run ID: 506 Bartel: 81
Input Destination: /eos/ams/user/s/selu/mdst/He314/mdst_120929907.root
Output Destination: /afs/cern.ch/work/c/ctuysuz/private/he_flux/LSF/result_mc_time/time_81/he_flux_81_506.root
Add hist00 from /eos/ams/user/s/selu/mdst/He314/mdst_120929907.root
Start of Init
Use new binning
Start of Eventloop
Ntr, Nent= 1 122708
IsMC= 1
Parameter[0] = -2.48037
Parameter[1] = -2.95644
Parameter[2] = -3.57046
Parameter[3] = -5.46876
Parameter[4] = -0.0472079
Parameter[5] = -1.99045
mdfil_info:  10.0%    1 sec CPU:  73.3%
mdfil_info:  20.0%    2 sec CPU:  74.9%
mdfil_info:  30.0%    3 sec CPU:  74.6%
mdfil_info:  40.0%    3 sec CPU:  77.3%
mdfil_info:  50.0%    4 sec CPU:  79.3%
mdfil_info:  60.0%    4 sec CPU:  80.2%
mdfil_info:  70.0%    5 sec CPU:  81.7%
mdfil_info:  80.0%    5 sec CPU:  82.9%
mdfil_info:  90.0%    6 sec CPU:  83.5%
mdfil_info: 100.0%    6 sec CPU:  84.3%
mdfil_info: 100.0%    6 sec CPU:  84.3%
