WARN: the 'eosmount' alias is deprecated, please use /eos directly
License ports: 28518@lxlicen01.cern.ch,28518@lxlicen02.cern.ch,28518@lxlicen03.cern.ch:/cvmfs/projects.cern.ch/intelsw/psxe/linux/licenses
Intel(R) Parallel Studio XE 2018 Update 2 for Linux*
Copyright (C) 2009-2018 Intel Corporation. All rights reserved.
5268
AMSCommonsI-I-HardwareIdentifiedAs Linux 3.10.0-957.10.1.el7.x86_64 x86_64 2
AMSCommonsI-I-Identified as LittleEndian 64 bit machine. 4294967295
AMSCommonsI-I-amsdatabase /cvmfs/ams.cern.ch/Offline/AMSDataDir/DataBase/
AMSCommonsI-I-MipsFromCPUInfo: 2194.92
AMSCommonsI-I-SystemIdentified as  Intel(R) Xeon(R) CPU E5-2630 v4 @ 2.20GHz
AMSCommonsI-I-ComputerEvaluatedAsMips 3511
AMS Software version v5.02/1220/12 built Fri Apr 19 23:54:38 2019

Geant4  Version 1033
Run ID: 65 Bartel: 4
Input Destination: /eos/ams/user/s/selu/mdst/He122/mdst_60441604.root
Output Destination: /afs/cern.ch/work/c/ctuysuz/private/he_flux/LSF/result_mc_time/time_4/he_flux_4_65.root
Add hist00 from /eos/ams/user/s/selu/mdst/He122/mdst_60441604.root
Start of Init
Use new binning
Start of Eventloop
Ntr, Nent= 1 440934
IsMC= 1
Parameter[0] = -2.61269
Parameter[1] = -3.01592
Parameter[2] = -3.59533
Parameter[3] = -5.49712
Parameter[4] = 0.0687066
Parameter[5] = -2.23552
mdfil_info:  10.0%   28 sec CPU:   8.4%
mdfil_info:  20.0%   38 sec CPU:  11.7%
mdfil_info:  30.0%   47 sec CPU:  13.6%
mdfil_info:  40.0%   58 sec CPU:  14.5%
mdfil_info:  50.0%   71 sec CPU:  14.7%
mdfil_info:  60.0%   80 sec CPU:  15.7%
mdfil_info:  70.0%   89 sec CPU:  16.5%
mdfil_info:  80.0%   99 sec CPU:  16.8%
mdfil_info:  90.0%  113 sec CPU:  16.6%
mdfil_info: 100.0%  125 sec CPU:  16.5%
mdfil_info: 100.0%  125 sec CPU:  16.5%
19983
AMSCommonsI-I-HardwareIdentifiedAs Linux 3.10.0-957.10.1.el7.x86_64 x86_64 2
AMSCommonsI-I-Identified as LittleEndian 64 bit machine. 4294967295
AMSCommonsI-I-amsdatabase /cvmfs/ams.cern.ch/Offline/AMSDataDir/DataBase/
AMSCommonsI-I-MipsFromCPUInfo: 2194.92
AMSCommonsI-I-SystemIdentified as  Intel(R) Xeon(R) CPU E5-2630 v4 @ 2.20GHz
AMSCommonsI-I-ComputerEvaluatedAsMips 3511
AMS Software version v5.02/1220/12 built Fri Apr 19 23:54:38 2019

Geant4  Version 1033
Run ID: 246 Bartel: 58
Input Destination: /eos/ams/user/s/selu/mdst/He122/mdst_60441786.root
Output Destination: /afs/cern.ch/work/c/ctuysuz/private/he_flux/LSF/result_mc_time/time_58/he_flux_58_246.root
Add hist00 from /eos/ams/user/s/selu/mdst/He122/mdst_60441786.root
Start of Init
Use new binning
Start of Eventloop
Ntr, Nent= 1 445280
IsMC= 1
Parameter[0] = -2.68687
Parameter[1] = -3.02567
Parameter[2] = -3.60778
Parameter[3] = -5.55295
Parameter[4] = 0.272681
Parameter[5] = -2.49381
mdfil_info:  10.0%    3 sec CPU:  69.9%
mdfil_info:  20.0%    6 sec CPU:  75.8%
mdfil_info:  30.0%    8 sec CPU:  78.3%
mdfil_info:  40.0%   10 sec CPU:  79.8%
mdfil_info:  50.0%   13 sec CPU:  80.7%
mdfil_info:  60.0%   15 sec CPU:  81.5%
mdfil_info:  70.0%   18 sec CPU:  82.1%
mdfil_info:  80.0%   20 sec CPU:  82.9%
mdfil_info:  90.0%   22 sec CPU:  83.4%
mdfil_info: 100.0%   24 sec CPU:  83.8%
34698
AMSCommonsI-I-HardwareIdentifiedAs Linux 3.10.0-957.10.1.el7.x86_64 x86_64 2
AMSCommonsI-I-Identified as LittleEndian 64 bit machine. 4294967295
AMSCommonsI-I-amsdatabase /cvmfs/ams.cern.ch/Offline/AMSDataDir/DataBase/
AMSCommonsI-I-MipsFromCPUInfo: 2194.92
AMSCommonsI-I-SystemIdentified as  Intel(R) Xeon(R) CPU E5-2630 v4 @ 2.20GHz
AMSCommonsI-I-ComputerEvaluatedAsMips 3511
AMS Software version v5.02/1220/12 built Fri Apr 19 23:54:38 2019

Geant4  Version 1033
Run ID: 428 Bartel: 31
Input Destination: /eos/ams/user/s/selu/mdst/He122/mdst_60442316.root
Output Destination: /afs/cern.ch/work/c/ctuysuz/private/he_flux/LSF/result_mc_time/time_31/he_flux_31_428.root
Add hist00 from /eos/ams/user/s/selu/mdst/He122/mdst_60442316.root
Start of Init
Use new binning
Start of Eventloop
Ntr, Nent= 1 430481
IsMC= 1
Parameter[0] = -2.78388
Parameter[1] = -3.06558
Parameter[2] = -3.62012
Parameter[3] = -5.56152
Parameter[4] = 0.319855
Parameter[5] = -2.41575
mdfil_info:  10.0%    3 sec CPU:  78.8%
mdfil_info:  20.0%    5 sec CPU:  82.2%
mdfil_info:  30.0%    7 sec CPU:  84.2%
mdfil_info:  40.0%    9 sec CPU:  84.6%
mdfil_info:  50.0%   11 sec CPU:  85.1%
mdfil_info:  60.0%   13 sec CPU:  85.3%
mdfil_info:  70.0%   16 sec CPU:  85.8%
mdfil_info:  80.0%   18 sec CPU:  86.1%
mdfil_info:  90.0%   20 sec CPU:  86.2%
mdfil_info: 100.0%   23 sec CPU:  86.4%
mdfil_info: 100.0%   23 sec CPU:  86.4%
