WARN: the 'eosmount' alias is deprecated, please use /eos directly
License ports: 28518@lxlicen01.cern.ch,28518@lxlicen02.cern.ch,28518@lxlicen03.cern.ch:/cvmfs/projects.cern.ch/intelsw/psxe/linux/licenses
Intel(R) Parallel Studio XE 2018 Update 2 for Linux*
Copyright (C) 2009-2018 Intel Corporation. All rights reserved.
10933
AMSCommonsI-I-HardwareIdentifiedAs Linux 3.10.0-957.12.1.el7.x86_64 x86_64 2
AMSCommonsI-I-Identified as LittleEndian 64 bit machine. 4294967295
AMSCommonsI-I-amsdatabase /cvmfs/ams.cern.ch/Offline/AMSDataDir/DataBase/
AMSCommonsI-I-MipsFromCPUInfo: 2394.45
AMSCommonsI-I-SystemIdentified as  Intel Core Processor (Haswell, no TSX, IBRS)
AMSCommonsI-I-ComputerEvaluatedAsMips 3591
AMS Software version v5.02/1220/12 built Fri Apr 19 23:54:38 2019

Geant4  Version 1033
Run ID: 134 Bartel: 80
Input Destination: /eos/ams/user/s/selu/mdst/He122/mdst_60441674.root
Output Destination: /afs/cern.ch/work/c/ctuysuz/private/he_flux/LSF/result_mc_time/time_80/he_flux_80_134.root
Add hist00 from /eos/ams/user/s/selu/mdst/He122/mdst_60441674.root
Start of Init
Use new binning
Start of Eventloop
Ntr, Nent= 1 435866
IsMC= 1
Parameter[0] = -2.47357
Parameter[1] = -2.95263
Parameter[2] = -3.57222
Parameter[3] = -5.51993
Parameter[4] = -0.016679
Parameter[5] = -2.31576
mdfil_info:  10.0%   16 sec CPU:  11.5%
mdfil_info:  20.0%   21 sec CPU:  16.1%
mdfil_info:  30.0%   26 sec CPU:  18.9%
mdfil_info:  40.0%   31 sec CPU:  21.4%
mdfil_info:  50.0%   36 sec CPU:  22.9%
mdfil_info:  60.0%   41 sec CPU:  23.9%
mdfil_info:  70.0%   46 sec CPU:  24.8%
mdfil_info:  80.0%   51 sec CPU:  25.5%
mdfil_info:  90.0%   56 sec CPU:  26.2%
mdfil_info: 100.0%   61 sec CPU:  26.6%
mdfil_info: 100.0%   61 sec CPU:  26.6%
25648
AMSCommonsI-I-HardwareIdentifiedAs Linux 3.10.0-957.12.1.el7.x86_64 x86_64 2
AMSCommonsI-I-Identified as LittleEndian 64 bit machine. 4294967295
AMSCommonsI-I-amsdatabase /cvmfs/ams.cern.ch/Offline/AMSDataDir/DataBase/
AMSCommonsI-I-MipsFromCPUInfo: 2394.45
AMSCommonsI-I-SystemIdentified as  Intel Core Processor (Haswell, no TSX, IBRS)
AMSCommonsI-I-ComputerEvaluatedAsMips 3591
AMS Software version v5.02/1220/12 built Fri Apr 19 23:54:38 2019

Geant4  Version 1033
Run ID: 316 Bartel: 53
Input Destination: /eos/ams/user/s/selu/mdst/He122/mdst_60441856.root
Output Destination: /afs/cern.ch/work/c/ctuysuz/private/he_flux/LSF/result_mc_time/time_53/he_flux_53_316.root
Add hist00 from /eos/ams/user/s/selu/mdst/He122/mdst_60441856.root
Start of Init
Use new binning
Start of Eventloop
Ntr, Nent= 1 441534
IsMC= 1
Parameter[0] = -2.79614
Parameter[1] = -3.0736
Parameter[2] = -3.62637
Parameter[3] = -5.54999
Parameter[4] = 0.554084
Parameter[5] = -2.43435
mdfil_info:  10.0%    2 sec CPU:  78.9%
mdfil_info:  20.0%    4 sec CPU:  83.6%
mdfil_info:  30.0%    6 sec CPU:  85.9%
mdfil_info:  40.0%    8 sec CPU:  87.0%
mdfil_info:  50.0%    9 sec CPU:  87.7%
mdfil_info:  60.0%   11 sec CPU:  88.2%
mdfil_info:  70.0%   13 sec CPU:  88.8%
mdfil_info:  80.0%   15 sec CPU:  89.1%
mdfil_info:  90.0%   17 sec CPU:  89.4%
mdfil_info: 100.0%   19 sec CPU:  89.6%
mdfil_info: 100.0%   19 sec CPU:  89.6%
40363
AMSCommonsI-I-HardwareIdentifiedAs Linux 3.10.0-957.12.1.el7.x86_64 x86_64 2
AMSCommonsI-I-Identified as LittleEndian 64 bit machine. 4294967295
AMSCommonsI-I-amsdatabase /cvmfs/ams.cern.ch/Offline/AMSDataDir/DataBase/
AMSCommonsI-I-MipsFromCPUInfo: 2394.45
AMSCommonsI-I-SystemIdentified as  Intel Core Processor (Haswell, no TSX, IBRS)
AMSCommonsI-I-ComputerEvaluatedAsMips 3591
AMS Software version v5.02/1220/12 built Fri Apr 19 23:54:38 2019

Geant4  Version 1033
Run ID: 498 Bartel: 26
Input Destination: /eos/ams/user/s/selu/mdst/He314/mdst_120929899.root
Output Destination: /afs/cern.ch/work/c/ctuysuz/private/he_flux/LSF/result_mc_time/time_26/he_flux_26_498.root
Add hist00 from /eos/ams/user/s/selu/mdst/He314/mdst_120929899.root
Start of Init
Use new binning
Start of Eventloop
Ntr, Nent= 1 97885
IsMC= 1
Parameter[0] = -2.69537
Parameter[1] = -3.03409
Parameter[2] = -3.6054
Parameter[3] = -5.53507
Parameter[4] = 0.209297
Parameter[5] = -2.37536
mdfil_info:  10.0%    1 sec CPU:  77.2%
mdfil_info:  20.0%    1 sec CPU:  79.2%
mdfil_info:  30.0%    2 sec CPU:  79.9%
mdfil_info:  40.0%    2 sec CPU:  80.4%
mdfil_info:  50.0%    3 sec CPU:  81.8%
mdfil_info:  60.0%    3 sec CPU:  83.1%
mdfil_info:  70.0%    4 sec CPU:  84.2%
mdfil_info:  80.0%    4 sec CPU:  84.8%
mdfil_info:  90.0%    4 sec CPU:  85.2%
mdfil_info: 100.0%    5 sec CPU:  85.4%
mdfil_info: 100.0%    5 sec CPU:  85.4%
