WARN: the 'eosmount' alias is deprecated, please use /eos directly
License ports: 28518@lxlicen01.cern.ch,28518@lxlicen02.cern.ch,28518@lxlicen03.cern.ch:/cvmfs/projects.cern.ch/intelsw/psxe/linux/licenses
Intel(R) Parallel Studio XE 2018 Update 2 for Linux*
Copyright (C) 2009-2018 Intel Corporation. All rights reserved.
13944
AMSCommonsI-I-HardwareIdentifiedAs Linux 3.10.0-957.12.1.el7.x86_64 x86_64 2
AMSCommonsI-I-Identified as LittleEndian 64 bit machine. 4294967295
AMSCommonsI-I-amsdatabase /cvmfs/ams.cern.ch/Offline/AMSDataDir/DataBase/
AMSCommonsI-I-MipsFromCPUInfo: 2593.75
AMSCommonsI-I-SystemIdentified as  Intel(R) Xeon(R) CPU E5-2650 v2 @ 2.60GHz
AMSCommonsI-I-ComputerEvaluatedAsMips 4149
AMS Software version v5.02/1220/12 built Fri Apr 19 23:54:38 2019

Geant4  Version 1033
Run ID: 172 Bartel: 13
Input Destination: /eos/ams/user/s/selu/mdst/He122/mdst_60441712.root
Output Destination: /afs/cern.ch/work/c/ctuysuz/private/he_flux/LSF/result_mc_time/time_13/he_flux_13_172.root
Add hist00 from /eos/ams/user/s/selu/mdst/He122/mdst_60441712.root
Start of Init
Use new binning
Start of Eventloop
Ntr, Nent= 1 438528
IsMC= 1
Parameter[0] = -2.65893
Parameter[1] = -3.01855
Parameter[2] = -3.59704
Parameter[3] = -5.53516
Parameter[4] = 0.293906
Parameter[5] = -2.25131
mdfil_info:  10.0%   16 sec CPU:  11.2%
mdfil_info:  20.0%   20 sec CPU:  16.4%
mdfil_info:  30.0%   26 sec CPU:  19.2%
mdfil_info:  40.0%   32 sec CPU:  20.4%
mdfil_info:  50.0%   38 sec CPU:  22.2%
mdfil_info:  60.0%   43 sec CPU:  23.3%
mdfil_info:  70.0%   48 sec CPU:  24.1%
mdfil_info:  80.0%   53 sec CPU:  24.9%
mdfil_info:  90.0%   58 sec CPU:  25.4%
mdfil_info: 100.0%   63 sec CPU:  26.0%
mdfil_info: 100.0%   63 sec CPU:  26.0%
28659
AMSCommonsI-I-HardwareIdentifiedAs Linux 3.10.0-957.12.1.el7.x86_64 x86_64 2
AMSCommonsI-I-Identified as LittleEndian 64 bit machine. 4294967295
AMSCommonsI-I-amsdatabase /cvmfs/ams.cern.ch/Offline/AMSDataDir/DataBase/
AMSCommonsI-I-MipsFromCPUInfo: 2593.75
AMSCommonsI-I-SystemIdentified as  Intel(R) Xeon(R) CPU E5-2650 v2 @ 2.60GHz
AMSCommonsI-I-ComputerEvaluatedAsMips 4149
AMS Software version v5.02/1220/12 built Fri Apr 19 23:54:38 2019

Geant4  Version 1033
Run ID: 353 Bartel: 67
Input Destination: /eos/ams/user/s/selu/mdst/He122/mdst_60442241.root
Output Destination: /afs/cern.ch/work/c/ctuysuz/private/he_flux/LSF/result_mc_time/time_67/he_flux_67_353.root
Add hist00 from /eos/ams/user/s/selu/mdst/He122/mdst_60442241.root
Start of Init
Use new binning
Start of Eventloop
Ntr, Nent= 1 440409
IsMC= 1
Parameter[0] = -2.58662
Parameter[1] = -2.98984
Parameter[2] = -3.59559
Parameter[3] = -5.5153
Parameter[4] = 0.161079
Parameter[5] = -2.33345
mdfil_info:  10.0%   36 sec CPU:   5.1%
mdfil_info:  20.0%   49 sec CPU:   7.2%
mdfil_info:  30.0%   62 sec CPU:   8.4%
mdfil_info:  40.0%   76 sec CPU:   9.0%
mdfil_info:  50.0%   87 sec CPU:   9.8%
mdfil_info:  60.0%   97 sec CPU:  10.5%
mdfil_info:  70.0%  105 sec CPU:  11.3%
mdfil_info:  80.0%  115 sec CPU:  11.7%
mdfil_info:  90.0%  120 sec CPU:  12.6%
mdfil_info: 100.0%  126 sec CPU:  13.3%
mdfil_info: 100.0%  126 sec CPU:  13.3%
43374
AMSCommonsI-I-HardwareIdentifiedAs Linux 3.10.0-957.12.1.el7.x86_64 x86_64 2
AMSCommonsI-I-Identified as LittleEndian 64 bit machine. 4294967295
AMSCommonsI-I-amsdatabase /cvmfs/ams.cern.ch/Offline/AMSDataDir/DataBase/
AMSCommonsI-I-MipsFromCPUInfo: 2593.75
AMSCommonsI-I-SystemIdentified as  Intel(R) Xeon(R) CPU E5-2650 v2 @ 2.60GHz
AMSCommonsI-I-ComputerEvaluatedAsMips 4149
AMS Software version v5.02/1220/12 built Fri Apr 19 23:54:38 2019

Geant4  Version 1033
Run ID: 535 Bartel: 40
Input Destination: /eos/ams/user/s/selu/mdst/He314/mdst_120929939.root
Output Destination: /afs/cern.ch/work/c/ctuysuz/private/he_flux/LSF/result_mc_time/time_40/he_flux_40_535.root
Add hist00 from /eos/ams/user/s/selu/mdst/He314/mdst_120929939.root
Start of Init
Use new binning
Start of Eventloop
Ntr, Nent= 1 122556
IsMC= 1
Parameter[0] = -2.8011
Parameter[1] = -3.07357
Parameter[2] = -3.62055
Parameter[3] = -5.55933
Parameter[4] = 0.549697
Parameter[5] = -2.37552
mdfil_info:  10.0%    6 sec CPU:   9.8%
mdfil_info:  20.0%   11 sec CPU:  10.1%
mdfil_info:  30.0%   15 sec CPU:  10.6%
mdfil_info:  40.0%   17 sec CPU:  12.6%
mdfil_info:  50.0%   18 sec CPU:  14.2%
mdfil_info:  60.0%   19 sec CPU:  15.6%
mdfil_info:  70.0%   20 sec CPU:  16.9%
mdfil_info:  80.0%   22 sec CPU:  18.3%
mdfil_info:  90.0%   23 sec CPU:  19.4%
mdfil_info: 100.0%   25 sec CPU:  19.9%
mdfil_info: 100.0%   25 sec CPU:  19.9%
