WARN: the 'eosmount' alias is deprecated, please use /eos directly
License ports: 28518@lxlicen01.cern.ch,28518@lxlicen02.cern.ch,28518@lxlicen03.cern.ch:/cvmfs/projects.cern.ch/intelsw/psxe/linux/licenses
Intel(R) Parallel Studio XE 2018 Update 2 for Linux*
Copyright (C) 2009-2018 Intel Corporation. All rights reserved.
1807
AMSCommonsI-I-HardwareIdentifiedAs Linux 3.10.0-957.10.1.el7.x86_64 x86_64 2
AMSCommonsI-I-Identified as LittleEndian 64 bit machine. 4294967295
AMSCommonsI-I-amsdatabase /cvmfs/ams.cern.ch/Offline/AMSDataDir/DataBase/
AMSCommonsI-I-MipsFromCPUInfo: 2194.92
AMSCommonsI-I-SystemIdentified as  Intel(R) Xeon(R) CPU E5-2630 v4 @ 2.20GHz
AMSCommonsI-I-ComputerEvaluatedAsMips 3511
AMS Software version v5.02/1220/12 built Fri Apr 19 23:54:38 2019

Geant4  Version 1033
Run ID: 22 Bartel: 26
Input Destination: /eos/ams/user/s/selu/mdst/He122/mdst_60441561.root
Output Destination: /afs/cern.ch/work/c/ctuysuz/private/he_flux/LSF/result_mc_time/time_26/he_flux_26_22.root
Add hist00 from /eos/ams/user/s/selu/mdst/He122/mdst_60441561.root
Start of Init
Use new binning
Start of Eventloop
Ntr, Nent= 1 441654
IsMC= 1
Parameter[0] = -2.69537
Parameter[1] = -3.03409
Parameter[2] = -3.6054
Parameter[3] = -5.53507
Parameter[4] = 0.209297
Parameter[5] = -2.37536
mdfil_info:  10.0%   14 sec CPU:  16.4%
mdfil_info:  20.0%   24 sec CPU:  19.2%
mdfil_info:  30.0%   37 sec CPU:  18.2%
mdfil_info:  40.0%   48 sec CPU:  18.2%
mdfil_info:  50.0%   57 sec CPU:  19.2%
mdfil_info:  60.0%   64 sec CPU:  20.6%
mdfil_info:  70.0%   72 sec CPU:  21.3%
mdfil_info:  80.0%   83 sec CPU:  21.3%
mdfil_info:  90.0%   93 sec CPU:  21.4%
mdfil_info: 100.0%   99 sec CPU:  22.2%
mdfil_info: 100.0%   99 sec CPU:  22.2%
16522
AMSCommonsI-I-HardwareIdentifiedAs Linux 3.10.0-957.10.1.el7.x86_64 x86_64 2
AMSCommonsI-I-Identified as LittleEndian 64 bit machine. 4294967295
AMSCommonsI-I-amsdatabase /cvmfs/ams.cern.ch/Offline/AMSDataDir/DataBase/
AMSCommonsI-I-MipsFromCPUInfo: 2194.92
AMSCommonsI-I-SystemIdentified as  Intel(R) Xeon(R) CPU E5-2630 v4 @ 2.20GHz
AMSCommonsI-I-ComputerEvaluatedAsMips 3511
AMS Software version v5.02/1220/12 built Fri Apr 19 23:54:38 2019

Geant4  Version 1033
Run ID: 203 Bartel: 80
Input Destination: /eos/ams/user/s/selu/mdst/He122/mdst_60441743.root
Output Destination: /afs/cern.ch/work/c/ctuysuz/private/he_flux/LSF/result_mc_time/time_80/he_flux_80_203.root
Add hist00 from /eos/ams/user/s/selu/mdst/He122/mdst_60441743.root
Start of Init
Use new binning
Start of Eventloop
Ntr, Nent= 1 439409
IsMC= 1
Parameter[0] = -2.47357
Parameter[1] = -2.95263
Parameter[2] = -3.57222
Parameter[3] = -5.51993
Parameter[4] = -0.016679
Parameter[5] = -2.31576
mdfil_info:  10.0%    3 sec CPU:  82.0%
mdfil_info:  20.0%    5 sec CPU:  89.8%
mdfil_info:  30.0%    7 sec CPU:  91.5%
mdfil_info:  40.0%    9 sec CPU:  91.2%
mdfil_info:  50.0%   12 sec CPU:  90.5%
mdfil_info:  60.0%   14 sec CPU:  90.7%
mdfil_info:  70.0%   16 sec CPU:  90.3%
mdfil_info:  80.0%   18 sec CPU:  90.3%
mdfil_info:  90.0%   21 sec CPU:  90.5%
mdfil_info: 100.0%   23 sec CPU:  90.8%
mdfil_info: 100.0%   23 sec CPU:  90.8%
31237
AMSCommonsI-I-HardwareIdentifiedAs Linux 3.10.0-957.10.1.el7.x86_64 x86_64 2
AMSCommonsI-I-Identified as LittleEndian 64 bit machine. 4294967295
AMSCommonsI-I-amsdatabase /cvmfs/ams.cern.ch/Offline/AMSDataDir/DataBase/
AMSCommonsI-I-MipsFromCPUInfo: 2194.92
AMSCommonsI-I-SystemIdentified as  Intel(R) Xeon(R) CPU E5-2630 v4 @ 2.20GHz
AMSCommonsI-I-ComputerEvaluatedAsMips 3511
AMS Software version v5.02/1220/12 built Fri Apr 19 23:54:38 2019

Geant4  Version 1033
Run ID: 385 Bartel: 53
Input Destination: /eos/ams/user/s/selu/mdst/He122/mdst_60442273.root
Output Destination: /afs/cern.ch/work/c/ctuysuz/private/he_flux/LSF/result_mc_time/time_53/he_flux_53_385.root
Add hist00 from /eos/ams/user/s/selu/mdst/He122/mdst_60442273.root
Start of Init
Use new binning
Start of Eventloop
Ntr, Nent= 1 437351
IsMC= 1
Parameter[0] = -2.79614
Parameter[1] = -3.0736
Parameter[2] = -3.62637
Parameter[3] = -5.54999
Parameter[4] = 0.554084
Parameter[5] = -2.43435
mdfil_info:  10.0%    3 sec CPU:  78.9%
mdfil_info:  20.0%    5 sec CPU:  83.5%
mdfil_info:  30.0%    7 sec CPU:  84.9%
mdfil_info:  40.0%   10 sec CPU:  85.4%
mdfil_info:  50.0%   12 sec CPU:  85.6%
mdfil_info:  60.0%   14 sec CPU:  85.6%
mdfil_info:  70.0%   17 sec CPU:  85.7%
mdfil_info:  80.0%   19 sec CPU:  86.1%
mdfil_info:  90.0%   21 sec CPU:  86.4%
mdfil_info: 100.0%   23 sec CPU:  86.8%
mdfil_info: 100.0%   23 sec CPU:  86.8%
