000 (2325790.101.000) 05/26 19:50:26 Job submitted from host: <137.138.44.75:9618?addrs=137.138.44.75-9618&noUDP&sock=3998_dfba_3>
...
001 (2325790.101.000) 05/26 19:53:33 Job executing on host: <188.184.206.115:9618?addrs=188.184.206.115-9618+[2001-1458-301-7d--100-232]-9618&noUDP&sock=19588_5135_3>
...
006 (2325790.101.000) 05/26 19:53:41 Image size of job updated: 177736
	166  -  MemoryUsage of job (MB)
	169112  -  ResidentSetSize of job (KB)
...
006 (2325790.101.000) 05/26 19:54:21 Image size of job updated: 697116
	166  -  MemoryUsage of job (MB)
	169300  -  ResidentSetSize of job (KB)
...
005 (2325790.101.000) 05/26 19:54:21 Job terminated.
	(1) Normal termination (return value 0)
		Usr 0 00:00:36, Sys 0 00:00:01  -  Run Remote Usage
		Usr 0 00:00:00, Sys 0 00:00:00  -  Run Local Usage
		Usr 0 00:00:36, Sys 0 00:00:01  -  Total Remote Usage
		Usr 0 00:00:00, Sys 0 00:00:00  -  Total Local Usage
	8284  -  Run Bytes Sent By Job
	436  -  Run Bytes Received By Job
	8284  -  Total Bytes Sent By Job
	436  -  Total Bytes Received By Job
	Partitionable Resources :    Usage  Request Allocated
	   Cpus                 :                 2         2
	   Disk (KB)            :       28        1   2165555
	   Memory (MB)          :      166     4000      4000
...
