000 (2325790.6393.000) 05/26 19:50:42 Job submitted from host: <137.138.44.75:9618?addrs=137.138.44.75-9618&noUDP&sock=3998_dfba_3>
...
001 (2325790.6393.000) 05/26 20:04:26 Job executing on host: <188.184.207.52:9618?addrs=188.184.207.52-9618+[2001-1458-301-7d--100-328]-9618&noUDP&sock=19657_a53d_3>
...
006 (2325790.6393.000) 05/26 20:04:35 Image size of job updated: 282100
	273  -  MemoryUsage of job (MB)
	279360  -  ResidentSetSize of job (KB)
...
006 (2325790.6393.000) 05/26 20:06:36 Image size of job updated: 719968
	319  -  MemoryUsage of job (MB)
	325848  -  ResidentSetSize of job (KB)
...
005 (2325790.6393.000) 05/26 20:06:44 Job terminated.
	(1) Normal termination (return value 0)
		Usr 0 00:00:55, Sys 0 00:00:02  -  Run Remote Usage
		Usr 0 00:00:00, Sys 0 00:00:00  -  Run Local Usage
		Usr 0 00:00:55, Sys 0 00:00:02  -  Total Remote Usage
		Usr 0 00:00:00, Sys 0 00:00:00  -  Total Local Usage
	9194  -  Run Bytes Sent By Job
	436  -  Run Bytes Received By Job
	9194  -  Total Bytes Sent By Job
	436  -  Total Bytes Received By Job
	Partitionable Resources :    Usage  Request Allocated
	   Cpus                 :                 2         2
	   Disk (KB)            :       30        1   2101444
	   Memory (MB)          :      319     4000      4000
...
