000 (2325790.1236.000) 05/26 19:50:28 Job submitted from host: <137.138.44.75:9618?addrs=137.138.44.75-9618&noUDP&sock=3998_dfba_3>
...
001 (2325790.1236.000) 05/26 19:54:06 Job executing on host: <128.142.133.229:9618?addrs=128.142.133.229-9618+[2001-1458-301-32--100-dc]-9618&noUDP&sock=19558_bd5d_3>
...
006 (2325790.1236.000) 05/26 19:54:14 Image size of job updated: 289356
	280  -  MemoryUsage of job (MB)
	286548  -  ResidentSetSize of job (KB)
...
006 (2325790.1236.000) 05/26 19:55:14 Image size of job updated: 740968
	280  -  MemoryUsage of job (MB)
	286616  -  ResidentSetSize of job (KB)
...
005 (2325790.1236.000) 05/26 19:55:14 Job terminated.
	(1) Normal termination (return value 0)
		Usr 0 00:00:55, Sys 0 00:00:02  -  Run Remote Usage
		Usr 0 00:00:00, Sys 0 00:00:00  -  Run Local Usage
		Usr 0 00:00:55, Sys 0 00:00:02  -  Total Remote Usage
		Usr 0 00:00:00, Sys 0 00:00:00  -  Total Local Usage
	9191  -  Run Bytes Sent By Job
	436  -  Run Bytes Received By Job
	9191  -  Total Bytes Sent By Job
	436  -  Total Bytes Received By Job
	Partitionable Resources :    Usage  Request Allocated
	   Cpus                 :                 2         2
	   Disk (KB)            :       29        1   2105642
	   Memory (MB)          :      280     4000      4000
...
