000 (2325790.6054.000) 05/26 19:50:41 Job submitted from host: <137.138.44.75:9618?addrs=137.138.44.75-9618&noUDP&sock=3998_dfba_3>
...
001 (2325790.6054.000) 05/26 20:03:56 Job executing on host: <188.184.204.233:9618?addrs=188.184.204.233-9618+[2001-1458-301-7d--100-e5]-9618&noUDP&sock=19601_3bf0_3>
...
006 (2325790.6054.000) 05/26 20:04:04 Image size of job updated: 245892
	238  -  MemoryUsage of job (MB)
	243200  -  ResidentSetSize of job (KB)
...
006 (2325790.6054.000) 05/26 20:06:05 Image size of job updated: 731668
	238  -  MemoryUsage of job (MB)
	243440  -  ResidentSetSize of job (KB)
...
005 (2325790.6054.000) 05/26 20:06:06 Job terminated.
	(1) Normal termination (return value 0)
		Usr 0 00:00:57, Sys 0 00:00:03  -  Run Remote Usage
		Usr 0 00:00:00, Sys 0 00:00:00  -  Run Local Usage
		Usr 0 00:00:57, Sys 0 00:00:03  -  Total Remote Usage
		Usr 0 00:00:00, Sys 0 00:00:00  -  Total Local Usage
	9152  -  Run Bytes Sent By Job
	436  -  Run Bytes Received By Job
	9152  -  Total Bytes Sent By Job
	436  -  Total Bytes Received By Job
	Partitionable Resources :    Usage  Request Allocated
	   Cpus                 :                 2         2
	   Disk (KB)            :       30        1   2215830
	   Memory (MB)          :      238     4000      4000
...
