000 (2325790.6260.000) 05/26 19:50:42 Job submitted from host: <137.138.44.75:9618?addrs=137.138.44.75-9618&noUDP&sock=3998_dfba_3>
...
001 (2325790.6260.000) 05/26 20:04:16 Job executing on host: <128.142.149.58:9618?addrs=128.142.149.58-9618+[2001-1458-301-b--100-e]-9618&noUDP&sock=28327_8b59_3>
...
006 (2325790.6260.000) 05/26 20:04:25 Image size of job updated: 94736
	92  -  MemoryUsage of job (MB)
	93384  -  ResidentSetSize of job (KB)
...
006 (2325790.6260.000) 05/26 20:07:39 Image size of job updated: 699032
	92  -  MemoryUsage of job (MB)
	93384  -  ResidentSetSize of job (KB)
...
005 (2325790.6260.000) 05/26 20:07:39 Job terminated.
	(1) Normal termination (return value 0)
		Usr 0 00:00:54, Sys 0 00:00:02  -  Run Remote Usage
		Usr 0 00:00:00, Sys 0 00:00:00  -  Run Local Usage
		Usr 0 00:00:54, Sys 0 00:00:02  -  Total Remote Usage
		Usr 0 00:00:00, Sys 0 00:00:00  -  Total Local Usage
	9192  -  Run Bytes Sent By Job
	436  -  Run Bytes Received By Job
	9192  -  Total Bytes Sent By Job
	436  -  Total Bytes Received By Job
	Partitionable Resources :    Usage  Request Allocated
	   Cpus                 :                 2         2
	   Disk (KB)            :       32        1   3012773
	   Memory (MB)          :       92     4000      4000
...
