000 (2325790.8256.000) 05/26 19:50:46 Job submitted from host: <137.138.44.75:9618?addrs=137.138.44.75-9618&noUDP&sock=3998_dfba_3>
...
001 (2325790.8256.000) 05/26 20:06:53 Job executing on host: <128.142.100.76:9618?addrs=128.142.100.76-9618+[2001-1458-301-89--100-b]-9618&noUDP&sock=15900_a7ed_3>
...
006 (2325790.8256.000) 05/26 20:07:01 Image size of job updated: 89668
	85  -  MemoryUsage of job (MB)
	86860  -  ResidentSetSize of job (KB)
...
006 (2325790.8256.000) 05/26 20:09:07 Image size of job updated: 260372
	85  -  MemoryUsage of job (MB)
	86872  -  ResidentSetSize of job (KB)
...
005 (2325790.8256.000) 05/26 20:09:11 Job terminated.
	(1) Normal termination (return value 0)
		Usr 0 00:00:44, Sys 0 00:00:02  -  Run Remote Usage
		Usr 0 00:00:00, Sys 0 00:00:00  -  Run Local Usage
		Usr 0 00:00:44, Sys 0 00:00:02  -  Total Remote Usage
		Usr 0 00:00:00, Sys 0 00:00:00  -  Total Local Usage
	9207  -  Run Bytes Sent By Job
	436  -  Run Bytes Received By Job
	9207  -  Total Bytes Sent By Job
	436  -  Total Bytes Received By Job
	Partitionable Resources :    Usage  Request Allocated
	   Cpus                 :                 2         2
	   Disk (KB)            :       30        1   2115961
	   Memory (MB)          :       85     4000      4000
...
