000 (2325790.14121.000) 05/26 19:51:02 Job submitted from host: <137.138.44.75:9618?addrs=137.138.44.75-9618&noUDP&sock=3998_dfba_3>
...
001 (2325790.14121.000) 05/26 20:13:38 Job executing on host: <128.142.133.200:9618?addrs=128.142.133.200-9618+[2001-1458-301-32--100-bb]-9618&noUDP&sock=19512_3002_3>
...
006 (2325790.14121.000) 05/26 20:13:46 Image size of job updated: 90856
	89  -  MemoryUsage of job (MB)
	90764  -  ResidentSetSize of job (KB)
...
006 (2325790.14121.000) 05/26 20:15:28 Image size of job updated: 190468
	89  -  MemoryUsage of job (MB)
	90764  -  ResidentSetSize of job (KB)
...
005 (2325790.14121.000) 05/26 20:15:28 Job terminated.
	(1) Normal termination (return value 0)
		Usr 0 00:00:42, Sys 0 00:00:02  -  Run Remote Usage
		Usr 0 00:00:00, Sys 0 00:00:00  -  Run Local Usage
		Usr 0 00:00:42, Sys 0 00:00:02  -  Total Remote Usage
		Usr 0 00:00:00, Sys 0 00:00:00  -  Total Local Usage
	9532  -  Run Bytes Sent By Job
	436  -  Run Bytes Received By Job
	9532  -  Total Bytes Sent By Job
	436  -  Total Bytes Received By Job
	Partitionable Resources :    Usage  Request Allocated
	   Cpus                 :                 2         2
	   Disk (KB)            :       30        1   2070287
	   Memory (MB)          :       89     4000      4000
...
