000 (2325790.11171.000) 05/26 19:50:54 Job submitted from host: <137.138.44.75:9618?addrs=137.138.44.75-9618&noUDP&sock=3998_dfba_3>
...
001 (2325790.11171.000) 05/26 20:10:14 Job executing on host: <128.142.101.238:9618?addrs=128.142.101.238-9618+[2001-1458-301-89--100-1af]-9618&noUDP&sock=18945_45cf_3>
...
006 (2325790.11171.000) 05/26 20:10:23 Image size of job updated: 84940
	81  -  MemoryUsage of job (MB)
	82132  -  ResidentSetSize of job (KB)
...
006 (2325790.11171.000) 05/26 20:11:54 Image size of job updated: 260284
	81  -  MemoryUsage of job (MB)
	82244  -  ResidentSetSize of job (KB)
...
005 (2325790.11171.000) 05/26 20:12:04 Job terminated.
	(1) Normal termination (return value 0)
		Usr 0 00:00:26, Sys 0 00:00:01  -  Run Remote Usage
		Usr 0 00:00:00, Sys 0 00:00:00  -  Run Local Usage
		Usr 0 00:00:26, Sys 0 00:00:01  -  Total Remote Usage
		Usr 0 00:00:00, Sys 0 00:00:00  -  Total Local Usage
	8301  -  Run Bytes Sent By Job
	436  -  Run Bytes Received By Job
	8301  -  Total Bytes Sent By Job
	436  -  Total Bytes Received By Job
	Partitionable Resources :    Usage  Request Allocated
	   Cpus                 :                 2         2
	   Disk (KB)            :       29        1   2118704
	   Memory (MB)          :       81     4000      4000
...
