000 (2325790.8737.000) 05/26 19:50:47 Job submitted from host: <137.138.44.75:9618?addrs=137.138.44.75-9618&noUDP&sock=3998_dfba_3>
...
001 (2325790.8737.000) 05/26 20:07:26 Job executing on host: <128.142.101.210:9618?addrs=128.142.101.210-9618+[2001-1458-301-89--100-137]-9618&noUDP&sock=16078_bfc9_3>
...
006 (2325790.8737.000) 05/26 20:07:35 Image size of job updated: 97280
	93  -  MemoryUsage of job (MB)
	94472  -  ResidentSetSize of job (KB)
...
006 (2325790.8737.000) 05/26 20:09:49 Image size of job updated: 200164
	95  -  MemoryUsage of job (MB)
	96836  -  ResidentSetSize of job (KB)
...
005 (2325790.8737.000) 05/26 20:09:49 Job terminated.
	(1) Normal termination (return value 0)
		Usr 0 00:00:34, Sys 0 00:00:01  -  Run Remote Usage
		Usr 0 00:00:00, Sys 0 00:00:00  -  Run Local Usage
		Usr 0 00:00:34, Sys 0 00:00:01  -  Total Remote Usage
		Usr 0 00:00:00, Sys 0 00:00:00  -  Total Local Usage
	9199  -  Run Bytes Sent By Job
	436  -  Run Bytes Received By Job
	9199  -  Total Bytes Sent By Job
	436  -  Total Bytes Received By Job
	Partitionable Resources :    Usage  Request Allocated
	   Cpus                 :                 2         2
	   Disk (KB)            :       31        1   2086162
	   Memory (MB)          :       95     4000      4000
...
