000 (2325790.7276.000) 05/26 19:50:44 Job submitted from host: <137.138.44.75:9618?addrs=137.138.44.75-9618&noUDP&sock=3998_dfba_3>
...
001 (2325790.7276.000) 05/26 20:05:39 Job executing on host: <128.142.101.63:9618?addrs=128.142.101.63-9618+[--1]-9618&noUDP&sock=4134_289b_3>
...
006 (2325790.7276.000) 05/26 20:05:48 Image size of job updated: 110844
	106  -  MemoryUsage of job (MB)
	108148  -  ResidentSetSize of job (KB)
...
006 (2325790.7276.000) 05/26 20:07:10 Image size of job updated: 208360
	106  -  MemoryUsage of job (MB)
	108148  -  ResidentSetSize of job (KB)
...
005 (2325790.7276.000) 05/26 20:07:10 Job terminated.
	(1) Normal termination (return value 0)
		Usr 0 00:00:38, Sys 0 00:00:01  -  Run Remote Usage
		Usr 0 00:00:00, Sys 0 00:00:00  -  Run Local Usage
		Usr 0 00:00:38, Sys 0 00:00:01  -  Total Remote Usage
		Usr 0 00:00:00, Sys 0 00:00:00  -  Total Local Usage
	9203  -  Run Bytes Sent By Job
	436  -  Run Bytes Received By Job
	9203  -  Total Bytes Sent By Job
	436  -  Total Bytes Received By Job
	Partitionable Resources :    Usage  Request Allocated
	   Cpus                 :                 2         2
	   Disk (KB)            :       29        1   2092701
	   Memory (MB)          :      106     4000      4000
...
