000 (2325790.7262.000) 05/26 19:50:44 Job submitted from host: <137.138.44.75:9618?addrs=137.138.44.75-9618&noUDP&sock=3998_dfba_3>
...
001 (2325790.7262.000) 05/26 20:05:38 Job executing on host: <188.184.206.26:9618?addrs=188.184.206.26-9618+[2001-1458-301-7d--100-21d]-9618&noUDP&sock=19705_91c9_3>
...
006 (2325790.7262.000) 05/26 20:05:46 Image size of job updated: 91244
	87  -  MemoryUsage of job (MB)
	88612  -  ResidentSetSize of job (KB)
...
006 (2325790.7262.000) 05/26 20:07:46 Image size of job updated: 256652
	87  -  MemoryUsage of job (MB)
	88612  -  ResidentSetSize of job (KB)
...
005 (2325790.7262.000) 05/26 20:07:47 Job terminated.
	(1) Normal termination (return value 0)
		Usr 0 00:00:45, Sys 0 00:00:02  -  Run Remote Usage
		Usr 0 00:00:00, Sys 0 00:00:00  -  Run Local Usage
		Usr 0 00:00:45, Sys 0 00:00:02  -  Total Remote Usage
		Usr 0 00:00:00, Sys 0 00:00:00  -  Total Local Usage
	9198  -  Run Bytes Sent By Job
	436  -  Run Bytes Received By Job
	9198  -  Total Bytes Sent By Job
	436  -  Total Bytes Received By Job
	Partitionable Resources :    Usage  Request Allocated
	   Cpus                 :                 2         2
	   Disk (KB)            :       30        1   2145046
	   Memory (MB)          :       87     4000      4000
...
