000 (2325790.4348.000) 05/26 19:50:37 Job submitted from host: <137.138.44.75:9618?addrs=137.138.44.75-9618&noUDP&sock=3998_dfba_3>
...
001 (2325790.4348.000) 05/26 20:01:49 Job executing on host: <188.184.204.14:9618?addrs=188.184.204.14-9618+[2001-1458-301-7d--100-10]-9618&noUDP&sock=21275_757a_3>
...
006 (2325790.4348.000) 05/26 20:01:57 Image size of job updated: 251520
	243  -  MemoryUsage of job (MB)
	248728  -  ResidentSetSize of job (KB)
...
006 (2325790.4348.000) 05/26 20:04:01 Image size of job updated: 750268
	244  -  MemoryUsage of job (MB)
	248940  -  ResidentSetSize of job (KB)
...
005 (2325790.4348.000) 05/26 20:04:01 Job terminated.
	(1) Normal termination (return value 0)
		Usr 0 00:00:50, Sys 0 00:00:02  -  Run Remote Usage
		Usr 0 00:00:00, Sys 0 00:00:00  -  Run Local Usage
		Usr 0 00:00:50, Sys 0 00:00:02  -  Total Remote Usage
		Usr 0 00:00:00, Sys 0 00:00:00  -  Total Local Usage
	9151  -  Run Bytes Sent By Job
	436  -  Run Bytes Received By Job
	9151  -  Total Bytes Sent By Job
	436  -  Total Bytes Received By Job
	Partitionable Resources :    Usage  Request Allocated
	   Cpus                 :                 2         2
	   Disk (KB)            :       30        1   2173079
	   Memory (MB)          :      244     4000      4000
...
