000 (2325790.5830.000) 05/26 19:50:41 Job submitted from host: <137.138.44.75:9618?addrs=137.138.44.75-9618&noUDP&sock=3998_dfba_3>
...
001 (2325790.5830.000) 05/26 20:03:38 Job executing on host: <188.184.206.53:9618?addrs=188.184.206.53-9618+[2001-1458-301-7d--100-236]-9618&noUDP&sock=4678_4c20_3>
...
006 (2325790.5830.000) 05/26 20:03:47 Image size of job updated: 94248
	92  -  MemoryUsage of job (MB)
	94180  -  ResidentSetSize of job (KB)
...
006 (2325790.5830.000) 05/26 20:05:38 Image size of job updated: 1806372
	92  -  MemoryUsage of job (MB)
	94180  -  ResidentSetSize of job (KB)
...
005 (2325790.5830.000) 05/26 20:05:38 Job terminated.
	(1) Normal termination (return value 0)
		Usr 0 00:00:57, Sys 0 00:00:02  -  Run Remote Usage
		Usr 0 00:00:00, Sys 0 00:00:00  -  Run Local Usage
		Usr 0 00:00:57, Sys 0 00:00:02  -  Total Remote Usage
		Usr 0 00:00:00, Sys 0 00:00:00  -  Total Local Usage
	9193  -  Run Bytes Sent By Job
	436  -  Run Bytes Received By Job
	9193  -  Total Bytes Sent By Job
	436  -  Total Bytes Received By Job
	Partitionable Resources :    Usage  Request Allocated
	   Cpus                 :                 2         2
	   Disk (KB)            :       30        1   2220113
	   Memory (MB)          :       92     4000      4000
...
