000 (2325790.13960.000) 05/26 19:51:02 Job submitted from host: <137.138.44.75:9618?addrs=137.138.44.75-9618&noUDP&sock=3998_dfba_3>
...
001 (2325790.13960.000) 05/26 20:13:29 Job executing on host: <128.142.97.143:9618?addrs=128.142.97.143-9618+[2001-1458-301-87--100-188]-9618&noUDP&sock=18108_290a_3>
...
006 (2325790.13960.000) 05/26 20:13:37 Image size of job updated: 90100
	86  -  MemoryUsage of job (MB)
	87464  -  ResidentSetSize of job (KB)
...
006 (2325790.13960.000) 05/26 20:15:13 Image size of job updated: 138452
	87  -  MemoryUsage of job (MB)
	88140  -  ResidentSetSize of job (KB)
...
005 (2325790.13960.000) 05/26 20:15:13 Job terminated.
	(1) Normal termination (return value 0)
		Usr 0 00:00:45, Sys 0 00:00:02  -  Run Remote Usage
		Usr 0 00:00:00, Sys 0 00:00:00  -  Run Local Usage
		Usr 0 00:00:45, Sys 0 00:00:02  -  Total Remote Usage
		Usr 0 00:00:00, Sys 0 00:00:00  -  Total Local Usage
	9196  -  Run Bytes Sent By Job
	436  -  Run Bytes Received By Job
	9196  -  Total Bytes Sent By Job
	436  -  Total Bytes Received By Job
	Partitionable Resources :    Usage  Request Allocated
	   Cpus                 :                 2         2
	   Disk (KB)            :       30        1   4230470
	   Memory (MB)          :       87     4000      4000
...
