000 (2325790.8771.000) 05/26 19:50:48 Job submitted from host: <137.138.44.75:9618?addrs=137.138.44.75-9618&noUDP&sock=3998_dfba_3>
...
001 (2325790.8771.000) 05/26 20:07:29 Job executing on host: <188.184.204.24:9618?addrs=188.184.204.24-9618+[2001-1458-301-7d--100-2]-9618&noUDP&sock=19602_eb88_3>
...
006 (2325790.8771.000) 05/26 20:07:38 Image size of job updated: 97336
	93  -  MemoryUsage of job (MB)
	94684  -  ResidentSetSize of job (KB)
...
006 (2325790.8771.000) 05/26 20:10:52 Image size of job updated: 248136
	93  -  MemoryUsage of job (MB)
	94684  -  ResidentSetSize of job (KB)
...
005 (2325790.8771.000) 05/26 20:11:02 Job terminated.
	(1) Normal termination (return value 0)
		Usr 0 00:00:42, Sys 0 00:00:02  -  Run Remote Usage
		Usr 0 00:00:00, Sys 0 00:00:00  -  Run Local Usage
		Usr 0 00:00:42, Sys 0 00:00:02  -  Total Remote Usage
		Usr 0 00:00:00, Sys 0 00:00:00  -  Total Local Usage
	9199  -  Run Bytes Sent By Job
	436  -  Run Bytes Received By Job
	9199  -  Total Bytes Sent By Job
	436  -  Total Bytes Received By Job
	Partitionable Resources :    Usage  Request Allocated
	   Cpus                 :                 2         2
	   Disk (KB)            :       32        1   2143183
	   Memory (MB)          :       93     4000      4000
...
