000 (2325790.13816.000) 05/26 19:51:02 Job submitted from host: <137.138.44.75:9618?addrs=137.138.44.75-9618&noUDP&sock=3998_dfba_3>
...
001 (2325790.13816.000) 05/26 20:13:24 Job executing on host: <188.184.207.82:9618?addrs=188.184.207.82-9618+[2001-1458-301-7d--100-251]-9618&noUDP&sock=19533_977f_3>
...
006 (2325790.13816.000) 05/26 20:13:33 Image size of job updated: 323028
	315  -  MemoryUsage of job (MB)
	321932  -  ResidentSetSize of job (KB)
...
006 (2325790.13816.000) 05/26 20:14:30 Image size of job updated: 1488580
	333  -  MemoryUsage of job (MB)
	340220  -  ResidentSetSize of job (KB)
...
005 (2325790.13816.000) 05/26 20:14:30 Job terminated.
	(1) Normal termination (return value 0)
		Usr 0 00:00:22, Sys 0 00:00:01  -  Run Remote Usage
		Usr 0 00:00:00, Sys 0 00:00:00  -  Run Local Usage
		Usr 0 00:00:22, Sys 0 00:00:01  -  Total Remote Usage
		Usr 0 00:00:00, Sys 0 00:00:00  -  Total Local Usage
	8290  -  Run Bytes Sent By Job
	436  -  Run Bytes Received By Job
	8290  -  Total Bytes Sent By Job
	436  -  Total Bytes Received By Job
	Partitionable Resources :    Usage  Request Allocated
	   Cpus                 :                 2         2
	   Disk (KB)            :       28        1   2161660
	   Memory (MB)          :      333     4000      4000
...
