000 (2325790.13229.000) 05/26 19:51:00 Job submitted from host: <137.138.44.75:9618?addrs=137.138.44.75-9618&noUDP&sock=3998_dfba_3>
...
001 (2325790.13229.000) 05/26 20:12:29 Job executing on host: <188.184.205.106:9618?addrs=188.184.205.106-9618+[2001-1458-301-7d--100-15c]-9618&noUDP&sock=19511_806a_3>
...
006 (2325790.13229.000) 05/26 20:12:38 Image size of job updated: 97768
	95  -  MemoryUsage of job (MB)
	96952  -  ResidentSetSize of job (KB)
...
006 (2325790.13229.000) 05/26 20:14:06 Image size of job updated: 161324
	95  -  MemoryUsage of job (MB)
	96952  -  ResidentSetSize of job (KB)
...
005 (2325790.13229.000) 05/26 20:14:06 Job terminated.
	(1) Normal termination (return value 0)
		Usr 0 00:00:34, Sys 0 00:00:02  -  Run Remote Usage
		Usr 0 00:00:00, Sys 0 00:00:00  -  Run Local Usage
		Usr 0 00:00:34, Sys 0 00:00:02  -  Total Remote Usage
		Usr 0 00:00:00, Sys 0 00:00:00  -  Total Local Usage
	9201  -  Run Bytes Sent By Job
	436  -  Run Bytes Received By Job
	9201  -  Total Bytes Sent By Job
	436  -  Total Bytes Received By Job
	Partitionable Resources :    Usage  Request Allocated
	   Cpus                 :                 2         2
	   Disk (KB)            :       30        1   2149835
	   Memory (MB)          :       95     4000      4000
...
