000 (2325790.2560.000) 05/26 19:50:32 Job submitted from host: <137.138.44.75:9618?addrs=137.138.44.75-9618&noUDP&sock=3998_dfba_3>
...
001 (2325790.2560.000) 05/26 20:01:03 Job executing on host: <188.184.205.0:9618?addrs=188.184.205.0-9618+[2001-1458-301-7d--100-f6]-9618&noUDP&sock=19596_cdf7_3>
...
006 (2325790.2560.000) 05/26 20:01:11 Image size of job updated: 90596
	89  -  MemoryUsage of job (MB)
	90504  -  ResidentSetSize of job (KB)
...
006 (2325790.2560.000) 05/26 20:03:02 Image size of job updated: 675540
	89  -  MemoryUsage of job (MB)
	90504  -  ResidentSetSize of job (KB)
...
005 (2325790.2560.000) 05/26 20:03:03 Job terminated.
	(1) Normal termination (return value 0)
		Usr 0 00:00:50, Sys 0 00:00:02  -  Run Remote Usage
		Usr 0 00:00:00, Sys 0 00:00:00  -  Run Local Usage
		Usr 0 00:00:50, Sys 0 00:00:02  -  Total Remote Usage
		Usr 0 00:00:00, Sys 0 00:00:00  -  Total Local Usage
	9490  -  Run Bytes Sent By Job
	436  -  Run Bytes Received By Job
	9490  -  Total Bytes Sent By Job
	436  -  Total Bytes Received By Job
	Partitionable Resources :    Usage  Request Allocated
	   Cpus                 :                 2         2
	   Disk (KB)            :       30        1   2146228
	   Memory (MB)          :       89     4000      4000
...
