000 (2325790.2155.000) 05/26 19:50:31 Job submitted from host: <137.138.44.75:9618?addrs=137.138.44.75-9618&noUDP&sock=3998_dfba_3>
...
001 (2325790.2155.000) 05/26 19:58:05 Job executing on host: <128.142.133.235:9618?addrs=128.142.133.235-9618+[2001-1458-301-32--100-b8]-9618&noUDP&sock=4728_97dd_3>
...
006 (2325790.2155.000) 05/26 19:58:13 Image size of job updated: 261372
	253  -  MemoryUsage of job (MB)
	258564  -  ResidentSetSize of job (KB)
...
006 (2325790.2155.000) 05/26 19:59:15 Image size of job updated: 644952
	253  -  MemoryUsage of job (MB)
	258588  -  ResidentSetSize of job (KB)
...
005 (2325790.2155.000) 05/26 19:59:15 Job terminated.
	(1) Normal termination (return value 0)
		Usr 0 00:00:56, Sys 0 00:00:02  -  Run Remote Usage
		Usr 0 00:00:00, Sys 0 00:00:00  -  Run Local Usage
		Usr 0 00:00:56, Sys 0 00:00:02  -  Total Remote Usage
		Usr 0 00:00:00, Sys 0 00:00:00  -  Total Local Usage
	9190  -  Run Bytes Sent By Job
	436  -  Run Bytes Received By Job
	9190  -  Total Bytes Sent By Job
	436  -  Total Bytes Received By Job
	Partitionable Resources :    Usage  Request Allocated
	   Cpus                 :                 2         2
	   Disk (KB)            :       29        1   2122557
	   Memory (MB)          :      253     4000      4000
...
