000 (2325790.6456.000) 05/26 19:50:42 Job submitted from host: <137.138.44.75:9618?addrs=137.138.44.75-9618&noUDP&sock=3998_dfba_3>
...
001 (2325790.6456.000) 05/26 20:04:31 Job executing on host: <188.184.210.164:9618?addrs=188.184.210.164-9618+[--1]-9618&noUDP&sock=5771_0124_3>
...
006 (2325790.6456.000) 05/26 20:04:39 Image size of job updated: 247764
	240  -  MemoryUsage of job (MB)
	244956  -  ResidentSetSize of job (KB)
...
006 (2325790.6456.000) 05/26 20:07:19 Image size of job updated: 1950232
	240  -  MemoryUsage of job (MB)
	244956  -  ResidentSetSize of job (KB)
...
005 (2325790.6456.000) 05/26 20:07:21 Job terminated.
	(1) Normal termination (return value 0)
		Usr 0 00:01:01, Sys 0 00:00:03  -  Run Remote Usage
		Usr 0 00:00:00, Sys 0 00:00:00  -  Run Local Usage
		Usr 0 00:01:01, Sys 0 00:00:03  -  Total Remote Usage
		Usr 0 00:00:00, Sys 0 00:00:00  -  Total Local Usage
	9152  -  Run Bytes Sent By Job
	436  -  Run Bytes Received By Job
	9152  -  Total Bytes Sent By Job
	436  -  Total Bytes Received By Job
	Partitionable Resources :    Usage  Request Allocated
	   Cpus                 :                 2         2
	   Disk (KB)            :       31        1   2940817
	   Memory (MB)          :      240     4000      4000
...
