000 (2325790.8606.000) 05/26 19:50:47 Job submitted from host: <137.138.44.75:9618?addrs=137.138.44.75-9618&noUDP&sock=3998_dfba_3>
...
001 (2325790.8606.000) 05/26 20:07:20 Job executing on host: <128.142.133.247:9618?addrs=128.142.133.247-9618+[2001-1458-301-32--100-f1]-9618&noUDP&sock=4734_b56e_3>
...
006 (2325790.8606.000) 05/26 20:07:29 Image size of job updated: 250820
	245  -  MemoryUsage of job (MB)
	250664  -  ResidentSetSize of job (KB)
...
006 (2325790.8606.000) 05/26 20:08:10 Image size of job updated: 725968
	245  -  MemoryUsage of job (MB)
	250664  -  ResidentSetSize of job (KB)
...
005 (2325790.8606.000) 05/26 20:08:11 Job terminated.
	(1) Normal termination (return value 0)
		Usr 0 00:00:32, Sys 0 00:00:01  -  Run Remote Usage
		Usr 0 00:00:00, Sys 0 00:00:00  -  Run Local Usage
		Usr 0 00:00:32, Sys 0 00:00:01  -  Total Remote Usage
		Usr 0 00:00:00, Sys 0 00:00:00  -  Total Local Usage
	8246  -  Run Bytes Sent By Job
	436  -  Run Bytes Received By Job
	8246  -  Total Bytes Sent By Job
	436  -  Total Bytes Received By Job
	Partitionable Resources :    Usage  Request Allocated
	   Cpus                 :                 2         2
	   Disk (KB)            :       28        1   2196652
	   Memory (MB)          :      245     4000      4000
...
