000 (2325790.9422.000) 05/26 19:50:49 Job submitted from host: <137.138.44.75:9618?addrs=137.138.44.75-9618&noUDP&sock=3998_dfba_3>
...
001 (2325790.9422.000) 05/26 20:08:11 Job executing on host: <188.184.204.154:9618?addrs=188.184.204.154-9618+[2001-1458-301-7d--100-ac]-9618&noUDP&sock=19599_dcbf_3>
...
006 (2325790.9422.000) 05/26 20:08:20 Image size of job updated: 282896
	274  -  MemoryUsage of job (MB)
	280104  -  ResidentSetSize of job (KB)
...
005 (2325790.9422.000) 05/26 20:10:48 Job terminated.
	(1) Normal termination (return value 0)
		Usr 0 00:00:44, Sys 0 00:00:02  -  Run Remote Usage
		Usr 0 00:00:00, Sys 0 00:00:00  -  Run Local Usage
		Usr 0 00:00:44, Sys 0 00:00:02  -  Total Remote Usage
		Usr 0 00:00:00, Sys 0 00:00:00  -  Total Local Usage
	9120  -  Run Bytes Sent By Job
	436  -  Run Bytes Received By Job
	9120  -  Total Bytes Sent By Job
	436  -  Total Bytes Received By Job
	Partitionable Resources :    Usage  Request Allocated
	   Cpus                 :                 2         2
	   Disk (KB)            :       31        1   2121529
	   Memory (MB)          :      274     4000      4000
...
