000 (2325790.7500.000) 05/26 19:50:45 Job submitted from host: <137.138.44.75:9618?addrs=137.138.44.75-9618&noUDP&sock=3998_dfba_3>
...
001 (2325790.7500.000) 05/26 20:05:57 Job executing on host: <128.142.96.130:9618?addrs=128.142.96.130-9618+[2001-1458-301-87--100-f3]-9618&noUDP&sock=17027_af29_3>
...
006 (2325790.7500.000) 05/26 20:06:06 Image size of job updated: 328332
	321  -  MemoryUsage of job (MB)
	328316  -  ResidentSetSize of job (KB)
...
006 (2325790.7500.000) 05/26 20:06:44 Image size of job updated: 328332
	324  -  MemoryUsage of job (MB)
	331544  -  ResidentSetSize of job (KB)
...
005 (2325790.7500.000) 05/26 20:06:49 Job terminated.
	(1) Normal termination (return value 0)
		Usr 0 00:00:39, Sys 0 00:00:01  -  Run Remote Usage
		Usr 0 00:00:00, Sys 0 00:00:00  -  Run Local Usage
		Usr 0 00:00:39, Sys 0 00:00:01  -  Total Remote Usage
		Usr 0 00:00:00, Sys 0 00:00:00  -  Total Local Usage
	9116  -  Run Bytes Sent By Job
	436  -  Run Bytes Received By Job
	9116  -  Total Bytes Sent By Job
	436  -  Total Bytes Received By Job
	Partitionable Resources :    Usage  Request Allocated
	   Cpus                 :                 2         2
	   Disk (KB)            :       28        1   4252575
	   Memory (MB)          :      324     4000      4000
...
