000 (2325790.6727.000) 05/26 19:50:43 Job submitted from host: <137.138.44.75:9618?addrs=137.138.44.75-9618&noUDP&sock=3998_dfba_3>
...
001 (2325790.6727.000) 05/26 20:04:53 Job executing on host: <128.142.96.254:9618?addrs=128.142.96.254-9618+[2001-1458-301-87--100-11f]-9618&noUDP&sock=17005_9814_3>
...
006 (2325790.6727.000) 05/26 20:05:01 Image size of job updated: 217428
	210  -  MemoryUsage of job (MB)
	214620  -  ResidentSetSize of job (KB)
...
006 (2325790.6727.000) 05/26 20:06:25 Image size of job updated: 700220
	210  -  MemoryUsage of job (MB)
	214776  -  ResidentSetSize of job (KB)
...
005 (2325790.6727.000) 05/26 20:06:36 Job terminated.
	(1) Normal termination (return value 0)
		Usr 0 00:01:01, Sys 0 00:00:03  -  Run Remote Usage
		Usr 0 00:00:00, Sys 0 00:00:00  -  Run Local Usage
		Usr 0 00:01:01, Sys 0 00:00:03  -  Total Remote Usage
		Usr 0 00:00:00, Sys 0 00:00:00  -  Total Local Usage
	9200  -  Run Bytes Sent By Job
	436  -  Run Bytes Received By Job
	9200  -  Total Bytes Sent By Job
	436  -  Total Bytes Received By Job
	Partitionable Resources :    Usage  Request Allocated
	   Cpus                 :                 2         2
	   Disk (KB)            :       30        1   4107105
	   Memory (MB)          :      210     4000      4000
...
