000 (2325790.5543.000) 05/26 19:50:40 Job submitted from host: <137.138.44.75:9618?addrs=137.138.44.75-9618&noUDP&sock=3998_dfba_3>
...
001 (2325790.5543.000) 05/26 20:03:21 Job executing on host: <188.184.204.60:9618?addrs=188.184.204.60-9618+[2001-1458-301-7d--100-48]-9618&noUDP&sock=19492_781d_3>
...
006 (2325790.5543.000) 05/26 20:03:30 Image size of job updated: 266984
	259  -  MemoryUsage of job (MB)
	264268  -  ResidentSetSize of job (KB)
...
006 (2325790.5543.000) 05/26 20:05:58 Image size of job updated: 734644
	259  -  MemoryUsage of job (MB)
	264596  -  ResidentSetSize of job (KB)
...
005 (2325790.5543.000) 05/26 20:05:58 Job terminated.
	(1) Normal termination (return value 0)
		Usr 0 00:00:58, Sys 0 00:00:03  -  Run Remote Usage
		Usr 0 00:00:00, Sys 0 00:00:00  -  Run Local Usage
		Usr 0 00:00:58, Sys 0 00:00:03  -  Total Remote Usage
		Usr 0 00:00:00, Sys 0 00:00:00  -  Total Local Usage
	9187  -  Run Bytes Sent By Job
	436  -  Run Bytes Received By Job
	9187  -  Total Bytes Sent By Job
	436  -  Total Bytes Received By Job
	Partitionable Resources :    Usage  Request Allocated
	   Cpus                 :                 2         2
	   Disk (KB)            :       31        1   2137581
	   Memory (MB)          :      259     4000      4000
...
