000 (2325790.10435.000) 05/26 19:50:52 Job submitted from host: <137.138.44.75:9618?addrs=137.138.44.75-9618&noUDP&sock=3998_dfba_3>
...
001 (2325790.10435.000) 05/26 20:09:17 Job executing on host: <128.142.103.161:9618?addrs=128.142.103.161-9618+[2001-1458-301-89--100-3b0]-9618&noUDP&sock=16175_4879_3>
...
006 (2325790.10435.000) 05/26 20:09:26 Image size of job updated: 120756
	116  -  MemoryUsage of job (MB)
	117948  -  ResidentSetSize of job (KB)
...
006 (2325790.10435.000) 05/26 20:10:44 Image size of job updated: 1384096
	116  -  MemoryUsage of job (MB)
	118076  -  ResidentSetSize of job (KB)
...
005 (2325790.10435.000) 05/26 20:10:54 Job terminated.
	(1) Normal termination (return value 0)
		Usr 0 00:00:44, Sys 0 00:00:02  -  Run Remote Usage
		Usr 0 00:00:00, Sys 0 00:00:00  -  Run Local Usage
		Usr 0 00:00:44, Sys 0 00:00:02  -  Total Remote Usage
		Usr 0 00:00:00, Sys 0 00:00:00  -  Total Local Usage
	9158  -  Run Bytes Sent By Job
	436  -  Run Bytes Received By Job
	9158  -  Total Bytes Sent By Job
	436  -  Total Bytes Received By Job
	Partitionable Resources :    Usage  Request Allocated
	   Cpus                 :                 2         2
	   Disk (KB)            :       29        1   2113785
	   Memory (MB)          :      116     4000      4000
...
