000 (2325790.4425.000) 05/26 19:50:37 Job submitted from host: <137.138.44.75:9618?addrs=137.138.44.75-9618&noUDP&sock=3998_dfba_3>
...
001 (2325790.4425.000) 05/26 20:02:00 Job executing on host: <188.184.204.9:9618?addrs=188.184.204.9-9618+[2001-1458-301-7d--100-4a]-9618&noUDP&sock=19613_7713_3>
...
006 (2325790.4425.000) 05/26 20:02:09 Image size of job updated: 122164
	117  -  MemoryUsage of job (MB)
	119448  -  ResidentSetSize of job (KB)
...
006 (2325790.4425.000) 05/26 20:04:40 Image size of job updated: 754892
	121  -  MemoryUsage of job (MB)
	123328  -  ResidentSetSize of job (KB)
...
005 (2325790.4425.000) 05/26 20:04:41 Job terminated.
	(1) Normal termination (return value 0)
		Usr 0 00:00:58, Sys 0 00:00:02  -  Run Remote Usage
		Usr 0 00:00:00, Sys 0 00:00:00  -  Run Local Usage
		Usr 0 00:00:58, Sys 0 00:00:02  -  Total Remote Usage
		Usr 0 00:00:00, Sys 0 00:00:00  -  Total Local Usage
	9154  -  Run Bytes Sent By Job
	436  -  Run Bytes Received By Job
	9154  -  Total Bytes Sent By Job
	436  -  Total Bytes Received By Job
	Partitionable Resources :    Usage  Request Allocated
	   Cpus                 :                 2         2
	   Disk (KB)            :       31        1   2100381
	   Memory (MB)          :      121     4000      4000
...
