000 (2325790.14593.000) 05/26 19:51:03 Job submitted from host: <137.138.44.75:9618?addrs=137.138.44.75-9618&noUDP&sock=3998_dfba_3>
...
001 (2325790.14593.000) 05/26 20:14:10 Job executing on host: <188.184.206.33:9618?addrs=188.184.206.33-9618+[2001-1458-301-7d--100-228]-9618&noUDP&sock=19538_0578_3>
...
006 (2325790.14593.000) 05/26 20:14:18 Image size of job updated: 91316
	87  -  MemoryUsage of job (MB)
	88600  -  ResidentSetSize of job (KB)
...
006 (2325790.14593.000) 05/26 20:16:44 Image size of job updated: 192240
	87  -  MemoryUsage of job (MB)
	88648  -  ResidentSetSize of job (KB)
...
005 (2325790.14593.000) 05/26 20:16:44 Job terminated.
	(1) Normal termination (return value 0)
		Usr 0 00:00:45, Sys 0 00:00:02  -  Run Remote Usage
		Usr 0 00:00:00, Sys 0 00:00:00  -  Run Local Usage
		Usr 0 00:00:45, Sys 0 00:00:02  -  Total Remote Usage
		Usr 0 00:00:00, Sys 0 00:00:00  -  Total Local Usage
	9198  -  Run Bytes Sent By Job
	436  -  Run Bytes Received By Job
	9198  -  Total Bytes Sent By Job
	436  -  Total Bytes Received By Job
	Partitionable Resources :    Usage  Request Allocated
	   Cpus                 :                 2         2
	   Disk (KB)            :       31        1   2123195
	   Memory (MB)          :       87     4000      4000
...
