000 (2325790.10440.000) 05/26 19:50:52 Job submitted from host: <137.138.44.75:9618?addrs=137.138.44.75-9618&noUDP&sock=3998_dfba_3>
...
001 (2325790.10440.000) 05/26 20:09:17 Job executing on host: <188.184.206.118:9618?addrs=188.184.206.118-9618+[2001-1458-301-7d--100-26f]-9618&noUDP&sock=19699_7438_3>
...
006 (2325790.10440.000) 05/26 20:09:26 Image size of job updated: 292420
	283  -  MemoryUsage of job (MB)
	289768  -  ResidentSetSize of job (KB)
...
006 (2325790.10440.000) 05/26 20:09:52 Image size of job updated: 1400376
	283  -  MemoryUsage of job (MB)
	289768  -  ResidentSetSize of job (KB)
...
005 (2325790.10440.000) 05/26 20:09:52 Job terminated.
	(1) Normal termination (return value 0)
		Usr 0 00:00:25, Sys 0 00:00:01  -  Run Remote Usage
		Usr 0 00:00:00, Sys 0 00:00:00  -  Run Local Usage
		Usr 0 00:00:25, Sys 0 00:00:01  -  Total Remote Usage
		Usr 0 00:00:00, Sys 0 00:00:00  -  Total Local Usage
	8251  -  Run Bytes Sent By Job
	436  -  Run Bytes Received By Job
	8251  -  Total Bytes Sent By Job
	436  -  Total Bytes Received By Job
	Partitionable Resources :    Usage  Request Allocated
	   Cpus                 :                 2         2
	   Disk (KB)            :       27        1   2115110
	   Memory (MB)          :      283     4000      4000
...
