000 (2325790.12292.000) 05/26 19:50:58 Job submitted from host: <137.138.44.75:9618?addrs=137.138.44.75-9618&noUDP&sock=3998_dfba_3>
...
001 (2325790.12292.000) 05/26 20:11:21 Job executing on host: <188.184.207.54:9618?addrs=188.184.207.54-9618+[2001-1458-301-7d--100-320]-9618&noUDP&sock=19612_c77a_3>
...
006 (2325790.12292.000) 05/26 20:11:29 Image size of job updated: 303636
	294  -  MemoryUsage of job (MB)
	300912  -  ResidentSetSize of job (KB)
...
006 (2325790.12292.000) 05/26 20:16:29 Image size of job updated: 358712
	351  -  MemoryUsage of job (MB)
	358712  -  ResidentSetSize of job (KB)
...
006 (2325790.12292.000) 05/26 20:21:29 Image size of job updated: 721724
	705  -  MemoryUsage of job (MB)
	721724  -  ResidentSetSize of job (KB)
...
005 (2325790.12292.000) 05/26 20:21:47 Job terminated.
	(1) Normal termination (return value 0)
		Usr 0 00:00:36, Sys 0 00:00:02  -  Run Remote Usage
		Usr 0 00:00:00, Sys 0 00:00:00  -  Run Local Usage
		Usr 0 00:00:36, Sys 0 00:00:02  -  Total Remote Usage
		Usr 0 00:00:00, Sys 0 00:00:00  -  Total Local Usage
	9197  -  Run Bytes Sent By Job
	436  -  Run Bytes Received By Job
	9197  -  Total Bytes Sent By Job
	436  -  Total Bytes Received By Job
	Partitionable Resources :    Usage  Request Allocated
	   Cpus                 :                 2         2
	   Disk (KB)            :       41        1   2112272
	   Memory (MB)          :      705     4000      4000
...
