000 (2325790.9040.000) 05/26 19:50:48 Job submitted from host: <137.138.44.75:9618?addrs=137.138.44.75-9618&noUDP&sock=3998_dfba_3>
...
001 (2325790.9040.000) 05/26 20:07:45 Job executing on host: <128.142.96.28:9618?addrs=128.142.96.28-9618+[2001-1458-301-87--100-1c]-9618&noUDP&sock=17033_ccbb_3>
...
006 (2325790.9040.000) 05/26 20:07:54 Image size of job updated: 93948
	92  -  MemoryUsage of job (MB)
	93948  -  ResidentSetSize of job (KB)
...
006 (2325790.9040.000) 05/26 20:09:40 Image size of job updated: 216248
	92  -  MemoryUsage of job (MB)
	93948  -  ResidentSetSize of job (KB)
...
005 (2325790.9040.000) 05/26 20:09:40 Job terminated.
	(1) Normal termination (return value 0)
		Usr 0 00:00:44, Sys 0 00:00:02  -  Run Remote Usage
		Usr 0 00:00:00, Sys 0 00:00:00  -  Run Local Usage
		Usr 0 00:00:44, Sys 0 00:00:02  -  Total Remote Usage
		Usr 0 00:00:00, Sys 0 00:00:00  -  Total Local Usage
	9203  -  Run Bytes Sent By Job
	436  -  Run Bytes Received By Job
	9203  -  Total Bytes Sent By Job
	436  -  Total Bytes Received By Job
	Partitionable Resources :    Usage  Request Allocated
	   Cpus                 :                 2         2
	   Disk (KB)            :       30        1   4158208
	   Memory (MB)          :       92     4000      4000
...
