000 (2325790.4325.000) 05/26 19:50:37 Job submitted from host: <137.138.44.75:9618?addrs=137.138.44.75-9618&noUDP&sock=3998_dfba_3>
...
001 (2325790.4325.000) 05/26 20:01:47 Job executing on host: <188.184.206.33:9618?addrs=188.184.206.33-9618+[2001-1458-301-7d--100-228]-9618&noUDP&sock=19538_0578_3>
...
006 (2325790.4325.000) 05/26 20:01:55 Image size of job updated: 86184
	85  -  MemoryUsage of job (MB)
	86168  -  ResidentSetSize of job (KB)
...
006 (2325790.4325.000) 05/26 20:04:24 Image size of job updated: 714024
	85  -  MemoryUsage of job (MB)
	86168  -  ResidentSetSize of job (KB)
...
005 (2325790.4325.000) 05/26 20:04:24 Job terminated.
	(1) Normal termination (return value 0)
		Usr 0 00:00:57, Sys 0 00:00:03  -  Run Remote Usage
		Usr 0 00:00:00, Sys 0 00:00:00  -  Run Local Usage
		Usr 0 00:00:57, Sys 0 00:00:03  -  Total Remote Usage
		Usr 0 00:00:00, Sys 0 00:00:00  -  Total Local Usage
	9191  -  Run Bytes Sent By Job
	436  -  Run Bytes Received By Job
	9191  -  Total Bytes Sent By Job
	436  -  Total Bytes Received By Job
	Partitionable Resources :    Usage  Request Allocated
	   Cpus                 :                 2         2
	   Disk (KB)            :       31        1   2123251
	   Memory (MB)          :       85     4000      4000
...
