000 (2325790.7373.000) 05/26 19:50:44 Job submitted from host: <137.138.44.75:9618?addrs=137.138.44.75-9618&noUDP&sock=3998_dfba_3>
...
001 (2325790.7373.000) 05/26 20:05:46 Job executing on host: <188.184.205.227:9618?addrs=188.184.205.227-9618+[2001-1458-301-7d--100-1ee]-9618&noUDP&sock=19469_b16f_3>
...
006 (2325790.7373.000) 05/26 20:05:54 Image size of job updated: 254552
	247  -  MemoryUsage of job (MB)
	252116  -  ResidentSetSize of job (KB)
...
006 (2325790.7373.000) 05/26 20:08:09 Image size of job updated: 256128
	249  -  MemoryUsage of job (MB)
	254508  -  ResidentSetSize of job (KB)
...
005 (2325790.7373.000) 05/26 20:08:09 Job terminated.
	(1) Normal termination (return value 0)
		Usr 0 00:00:42, Sys 0 00:00:02  -  Run Remote Usage
		Usr 0 00:00:00, Sys 0 00:00:00  -  Run Local Usage
		Usr 0 00:00:42, Sys 0 00:00:02  -  Total Remote Usage
		Usr 0 00:00:00, Sys 0 00:00:00  -  Total Local Usage
	9193  -  Run Bytes Sent By Job
	436  -  Run Bytes Received By Job
	9193  -  Total Bytes Sent By Job
	436  -  Total Bytes Received By Job
	Partitionable Resources :    Usage  Request Allocated
	   Cpus                 :                 2         2
	   Disk (KB)            :       31        1   2214956
	   Memory (MB)          :      249     4000      4000
...
