000 (2325790.4898.000) 05/26 19:50:38 Job submitted from host: <137.138.44.75:9618?addrs=137.138.44.75-9618&noUDP&sock=3998_dfba_3>
...
001 (2325790.4898.000) 05/26 20:02:28 Job executing on host: <128.142.100.221:9618?addrs=128.142.100.221-9618+[2001-1458-301-89--100-d6]-9618&noUDP&sock=16023_0613_3>
...
006 (2325790.4898.000) 05/26 20:02:37 Image size of job updated: 97476
	93  -  MemoryUsage of job (MB)
	94824  -  ResidentSetSize of job (KB)
...
006 (2325790.4898.000) 05/26 20:05:01 Image size of job updated: 692388
	93  -  MemoryUsage of job (MB)
	94948  -  ResidentSetSize of job (KB)
...
005 (2325790.4898.000) 05/26 20:05:04 Job terminated.
	(1) Normal termination (return value 0)
		Usr 0 00:00:59, Sys 0 00:00:02  -  Run Remote Usage
		Usr 0 00:00:00, Sys 0 00:00:00  -  Run Local Usage
		Usr 0 00:00:59, Sys 0 00:00:02  -  Total Remote Usage
		Usr 0 00:00:00, Sys 0 00:00:00  -  Total Local Usage
	9201  -  Run Bytes Sent By Job
	436  -  Run Bytes Received By Job
	9201  -  Total Bytes Sent By Job
	436  -  Total Bytes Received By Job
	Partitionable Resources :    Usage  Request Allocated
	   Cpus                 :                 2         2
	   Disk (KB)            :       31        1   2189257
	   Memory (MB)          :       93     4000      4000
...
