000 (2325790.10391.000) 05/26 19:50:52 Job submitted from host: <137.138.44.75:9618?addrs=137.138.44.75-9618&noUDP&sock=3998_dfba_3>
...
001 (2325790.10391.000) 05/26 20:09:15 Job executing on host: <188.184.205.123:9618?addrs=188.184.205.123-9618+[2001-1458-301-7d--100-187]-9618&noUDP&sock=19483_4bc3_3>
...
006 (2325790.10391.000) 05/26 20:09:24 Image size of job updated: 293868
	285  -  MemoryUsage of job (MB)
	291152  -  ResidentSetSize of job (KB)
...
006 (2325790.10391.000) 05/26 20:11:20 Image size of job updated: 293868
	285  -  MemoryUsage of job (MB)
	291284  -  ResidentSetSize of job (KB)
...
005 (2325790.10391.000) 05/26 20:11:26 Job terminated.
	(1) Normal termination (return value 0)
		Usr 0 00:00:43, Sys 0 00:00:02  -  Run Remote Usage
		Usr 0 00:00:00, Sys 0 00:00:00  -  Run Local Usage
		Usr 0 00:00:43, Sys 0 00:00:02  -  Total Remote Usage
		Usr 0 00:00:00, Sys 0 00:00:00  -  Total Local Usage
	9160  -  Run Bytes Sent By Job
	436  -  Run Bytes Received By Job
	9160  -  Total Bytes Sent By Job
	436  -  Total Bytes Received By Job
	Partitionable Resources :    Usage  Request Allocated
	   Cpus                 :                 2         2
	   Disk (KB)            :       30        1   2213420
	   Memory (MB)          :      285     4000      4000
...
