000 (2325790.1342.000) 05/26 19:50:29 Job submitted from host: <137.138.44.75:9618?addrs=137.138.44.75-9618&noUDP&sock=3998_dfba_3>
...
001 (2325790.1342.000) 05/26 19:54:56 Job executing on host: <128.142.96.187:9618?addrs=128.142.96.187-9618+[2001-1458-301-87--100-d6]-9618&noUDP&sock=16848_e7b5_3>
...
006 (2325790.1342.000) 05/26 19:55:05 Image size of job updated: 231780
	224  -  MemoryUsage of job (MB)
	228972  -  ResidentSetSize of job (KB)
...
006 (2325790.1342.000) 05/26 19:55:53 Image size of job updated: 669032
	224  -  MemoryUsage of job (MB)
	229168  -  ResidentSetSize of job (KB)
...
005 (2325790.1342.000) 05/26 19:55:53 Job terminated.
	(1) Normal termination (return value 0)
		Usr 0 00:00:38, Sys 0 00:00:02  -  Run Remote Usage
		Usr 0 00:00:00, Sys 0 00:00:00  -  Run Local Usage
		Usr 0 00:00:38, Sys 0 00:00:02  -  Total Remote Usage
		Usr 0 00:00:00, Sys 0 00:00:00  -  Total Local Usage
	8295  -  Run Bytes Sent By Job
	436  -  Run Bytes Received By Job
	8295  -  Total Bytes Sent By Job
	436  -  Total Bytes Received By Job
	Partitionable Resources :    Usage  Request Allocated
	   Cpus                 :                 2         2
	   Disk (KB)            :       28        1   4161303
	   Memory (MB)          :      224     4000      4000
...
