000 (2325790.8492.000) 05/26 19:50:47 Job submitted from host: <137.138.44.75:9618?addrs=137.138.44.75-9618&noUDP&sock=3998_dfba_3>
...
001 (2325790.8492.000) 05/26 20:07:09 Job executing on host: <188.184.132.111:9618?addrs=188.184.132.111-9618+[2001-1458-301-a0--100-70]-9618&noUDP&sock=16477_6e13_3>
...
006 (2325790.8492.000) 05/26 20:07:18 Image size of job updated: 178456
	172  -  MemoryUsage of job (MB)
	175740  -  ResidentSetSize of job (KB)
...
006 (2325790.8492.000) 05/26 20:08:23 Image size of job updated: 1357404
	174  -  MemoryUsage of job (MB)
	177932  -  ResidentSetSize of job (KB)
...
005 (2325790.8492.000) 05/26 20:08:23 Job terminated.
	(1) Normal termination (return value 0)
		Usr 0 00:00:39, Sys 0 00:00:02  -  Run Remote Usage
		Usr 0 00:00:00, Sys 0 00:00:00  -  Run Local Usage
		Usr 0 00:00:39, Sys 0 00:00:02  -  Total Remote Usage
		Usr 0 00:00:00, Sys 0 00:00:00  -  Total Local Usage
	9196  -  Run Bytes Sent By Job
	436  -  Run Bytes Received By Job
	9196  -  Total Bytes Sent By Job
	436  -  Total Bytes Received By Job
	Partitionable Resources :    Usage  Request Allocated
	   Cpus                 :                 2         2
	   Disk (KB)            :       29        1   2101917
	   Memory (MB)          :      174     4000      4000
...
