000 (2325790.1463.000) 05/26 19:50:29 Job submitted from host: <137.138.44.75:9618?addrs=137.138.44.75-9618&noUDP&sock=3998_dfba_3>
...
001 (2325790.1463.000) 05/26 19:55:38 Job executing on host: <188.184.204.20:9618?addrs=188.184.204.20-9618+[2001-1458-301-7d--100-6]-9618&noUDP&sock=19655_460d_3>
...
006 (2325790.1463.000) 05/26 19:55:46 Image size of job updated: 267776
	259  -  MemoryUsage of job (MB)
	264984  -  ResidentSetSize of job (KB)
...
006 (2325790.1463.000) 05/26 19:57:39 Image size of job updated: 749628
	259  -  MemoryUsage of job (MB)
	264984  -  ResidentSetSize of job (KB)
...
005 (2325790.1463.000) 05/26 19:57:40 Job terminated.
	(1) Normal termination (return value 0)
		Usr 0 00:00:57, Sys 0 00:00:02  -  Run Remote Usage
		Usr 0 00:00:00, Sys 0 00:00:00  -  Run Local Usage
		Usr 0 00:00:57, Sys 0 00:00:02  -  Total Remote Usage
		Usr 0 00:00:00, Sys 0 00:00:00  -  Total Local Usage
	9191  -  Run Bytes Sent By Job
	436  -  Run Bytes Received By Job
	9191  -  Total Bytes Sent By Job
	436  -  Total Bytes Received By Job
	Partitionable Resources :    Usage  Request Allocated
	   Cpus                 :                 2         2
	   Disk (KB)            :       30        1   2109224
	   Memory (MB)          :      259     4000      4000
...
