000 (2325790.740.000) 05/26 19:50:27 Job submitted from host: <137.138.44.75:9618?addrs=137.138.44.75-9618&noUDP&sock=3998_dfba_3>
...
001 (2325790.740.000) 05/26 19:57:12 Job executing on host: <188.184.206.190:9618?addrs=188.184.206.190-9618+[2001-1458-301-7d--100-260]-9618&noUDP&sock=19555_ae95_3>
...
006 (2325790.740.000) 05/26 19:57:20 Image size of job updated: 242680
	235  -  MemoryUsage of job (MB)
	239940  -  ResidentSetSize of job (KB)
...
006 (2325790.740.000) 05/26 19:58:28 Image size of job updated: 620000
	235  -  MemoryUsage of job (MB)
	240072  -  ResidentSetSize of job (KB)
...
005 (2325790.740.000) 05/26 19:58:28 Job terminated.
	(1) Normal termination (return value 0)
		Usr 0 00:00:57, Sys 0 00:00:02  -  Run Remote Usage
		Usr 0 00:00:00, Sys 0 00:00:00  -  Run Local Usage
		Usr 0 00:00:57, Sys 0 00:00:02  -  Total Remote Usage
		Usr 0 00:00:00, Sys 0 00:00:00  -  Total Local Usage
	9189  -  Run Bytes Sent By Job
	436  -  Run Bytes Received By Job
	9189  -  Total Bytes Sent By Job
	436  -  Total Bytes Received By Job
	Partitionable Resources :    Usage  Request Allocated
	   Cpus                 :                 2         2
	   Disk (KB)            :       29        1   2100401
	   Memory (MB)          :      235     4000      4000
...
