000 (2325790.8553.000) 05/26 19:50:47 Job submitted from host: <137.138.44.75:9618?addrs=137.138.44.75-9618&noUDP&sock=3998_dfba_3>
...
001 (2325790.8553.000) 05/26 20:07:17 Job executing on host: <188.184.142.139:9618?addrs=188.184.142.139-9618+[2001-1458-301-46--100-5f]-9618&noUDP&sock=4772_c607_3>
...
006 (2325790.8553.000) 05/26 20:07:25 Image size of job updated: 91588
	90  -  MemoryUsage of job (MB)
	91496  -  ResidentSetSize of job (KB)
...
006 (2325790.8553.000) 05/26 20:08:50 Image size of job updated: 98776
	90  -  MemoryUsage of job (MB)
	91760  -  ResidentSetSize of job (KB)
...
005 (2325790.8553.000) 05/26 20:08:59 Job terminated.
	(1) Normal termination (return value 0)
		Usr 0 00:00:37, Sys 0 00:00:01  -  Run Remote Usage
		Usr 0 00:00:00, Sys 0 00:00:00  -  Run Local Usage
		Usr 0 00:00:37, Sys 0 00:00:01  -  Total Remote Usage
		Usr 0 00:00:00, Sys 0 00:00:00  -  Total Local Usage
	9195  -  Run Bytes Sent By Job
	436  -  Run Bytes Received By Job
	9195  -  Total Bytes Sent By Job
	436  -  Total Bytes Received By Job
	Partitionable Resources :    Usage  Request Allocated
	   Cpus                 :                 2         2
	   Disk (KB)            :       29        1   2205238
	   Memory (MB)          :       90     4000      4000
...
