000 (2325790.2610.000) 05/26 19:50:32 Job submitted from host: <137.138.44.75:9618?addrs=137.138.44.75-9618&noUDP&sock=3998_dfba_3>
...
001 (2325790.2610.000) 05/26 20:01:19 Job executing on host: <188.184.207.99:9618?addrs=188.184.207.99-9618+[2001-1458-301-7d--100-364]-9618&noUDP&sock=19737_84d1_3>
...
006 (2325790.2610.000) 05/26 20:01:28 Image size of job updated: 251052
	246  -  MemoryUsage of job (MB)
	251052  -  ResidentSetSize of job (KB)
...
006 (2325790.2610.000) 05/26 20:02:05 Image size of job updated: 754236
	246  -  MemoryUsage of job (MB)
	251052  -  ResidentSetSize of job (KB)
...
005 (2325790.2610.000) 05/26 20:02:08 Job terminated.
	(1) Normal termination (return value 0)
		Usr 0 00:00:32, Sys 0 00:00:01  -  Run Remote Usage
		Usr 0 00:00:00, Sys 0 00:00:00  -  Run Local Usage
		Usr 0 00:00:32, Sys 0 00:00:01  -  Total Remote Usage
		Usr 0 00:00:00, Sys 0 00:00:00  -  Total Local Usage
	8246  -  Run Bytes Sent By Job
	436  -  Run Bytes Received By Job
	8246  -  Total Bytes Sent By Job
	436  -  Total Bytes Received By Job
	Partitionable Resources :    Usage  Request Allocated
	   Cpus                 :                 2         2
	   Disk (KB)            :       27        1   2170743
	   Memory (MB)          :      246     4000      4000
...
