000 (2325790.6206.000) 05/26 19:50:41 Job submitted from host: <137.138.44.75:9618?addrs=137.138.44.75-9618&noUDP&sock=3998_dfba_3>
...
001 (2325790.6206.000) 05/26 20:04:10 Job executing on host: <188.184.206.209:9618?addrs=188.184.206.209-9618+[2001-1458-301-7d--100-2f7]-9618&noUDP&sock=19489_6954_3>
...
006 (2325790.6206.000) 05/26 20:04:19 Image size of job updated: 242888
	235  -  MemoryUsage of job (MB)
	240256  -  ResidentSetSize of job (KB)
...
006 (2325790.6206.000) 05/26 20:07:38 Image size of job updated: 707976
	235  -  MemoryUsage of job (MB)
	240520  -  ResidentSetSize of job (KB)
...
005 (2325790.6206.000) 05/26 20:07:38 Job terminated.
	(1) Normal termination (return value 0)
		Usr 0 00:00:59, Sys 0 00:00:03  -  Run Remote Usage
		Usr 0 00:00:00, Sys 0 00:00:00  -  Run Local Usage
		Usr 0 00:00:59, Sys 0 00:00:03  -  Total Remote Usage
		Usr 0 00:00:00, Sys 0 00:00:00  -  Total Local Usage
	9195  -  Run Bytes Sent By Job
	436  -  Run Bytes Received By Job
	9195  -  Total Bytes Sent By Job
	436  -  Total Bytes Received By Job
	Partitionable Resources :    Usage  Request Allocated
	   Cpus                 :                 2         2
	   Disk (KB)            :       32        1   2102827
	   Memory (MB)          :      235     4000      4000
...
