000 (2325790.1969.000) 05/26 19:50:30 Job submitted from host: <137.138.44.75:9618?addrs=137.138.44.75-9618&noUDP&sock=3998_dfba_3>
...
001 (2325790.1969.000) 05/26 19:57:38 Job executing on host: <188.184.205.107:9618?addrs=188.184.205.107-9618+[2001-1458-301-7d--100-16b]-9618&noUDP&sock=19523_bb8d_3>
...
006 (2325790.1969.000) 05/26 19:57:47 Image size of job updated: 288972
	280  -  MemoryUsage of job (MB)
	286164  -  ResidentSetSize of job (KB)
...
006 (2325790.1969.000) 05/26 19:58:52 Image size of job updated: 683068
	280  -  MemoryUsage of job (MB)
	286432  -  ResidentSetSize of job (KB)
...
005 (2325790.1969.000) 05/26 19:58:53 Job terminated.
	(1) Normal termination (return value 0)
		Usr 0 00:00:59, Sys 0 00:00:02  -  Run Remote Usage
		Usr 0 00:00:00, Sys 0 00:00:00  -  Run Local Usage
		Usr 0 00:00:59, Sys 0 00:00:02  -  Total Remote Usage
		Usr 0 00:00:00, Sys 0 00:00:00  -  Total Local Usage
	9193  -  Run Bytes Sent By Job
	436  -  Run Bytes Received By Job
	9193  -  Total Bytes Sent By Job
	436  -  Total Bytes Received By Job
	Partitionable Resources :    Usage  Request Allocated
	   Cpus                 :                 2         2
	   Disk (KB)            :       29        1   2044089
	   Memory (MB)          :      280     4000      4000
...
