000 (2325790.452.000) 05/26 19:50:26 Job submitted from host: <137.138.44.75:9618?addrs=137.138.44.75-9618&noUDP&sock=3998_dfba_3>
...
001 (2325790.452.000) 05/26 19:55:34 Job executing on host: <188.184.206.140:9618?addrs=188.184.206.140-9618+[2001-1458-301-7d--100-2a5]-9618&noUDP&sock=19620_443c_3>
...
006 (2325790.452.000) 05/26 19:55:42 Image size of job updated: 244600
	237  -  MemoryUsage of job (MB)
	241884  -  ResidentSetSize of job (KB)
...
006 (2325790.452.000) 05/26 19:56:24 Image size of job updated: 731052
	237  -  MemoryUsage of job (MB)
	241884  -  ResidentSetSize of job (KB)
...
005 (2325790.452.000) 05/26 19:56:24 Job terminated.
	(1) Normal termination (return value 0)
		Usr 0 00:00:37, Sys 0 00:00:02  -  Run Remote Usage
		Usr 0 00:00:00, Sys 0 00:00:00  -  Run Local Usage
		Usr 0 00:00:37, Sys 0 00:00:02  -  Total Remote Usage
		Usr 0 00:00:00, Sys 0 00:00:00  -  Total Local Usage
	8286  -  Run Bytes Sent By Job
	436  -  Run Bytes Received By Job
	8286  -  Total Bytes Sent By Job
	436  -  Total Bytes Received By Job
	Partitionable Resources :    Usage  Request Allocated
	   Cpus                 :                 2         2
	   Disk (KB)            :       27        1   2179840
	   Memory (MB)          :      237     4000      4000
...
