000 (2325790.8927.000) 05/26 19:50:48 Job submitted from host: <137.138.44.75:9618?addrs=137.138.44.75-9618&noUDP&sock=3998_dfba_3>
...
001 (2325790.8927.000) 05/26 20:07:40 Job executing on host: <188.184.205.252:9618?addrs=188.184.205.252-9618+[2001-1458-301-7d--100-201]-9618&noUDP&sock=19526_ca55_3>
...
006 (2325790.8927.000) 05/26 20:07:49 Image size of job updated: 293432
	284  -  MemoryUsage of job (MB)
	290800  -  ResidentSetSize of job (KB)
...
006 (2325790.8927.000) 05/26 20:08:37 Image size of job updated: 293432
	284  -  MemoryUsage of job (MB)
	290804  -  ResidentSetSize of job (KB)
...
005 (2325790.8927.000) 05/26 20:08:40 Job terminated.
	(1) Normal termination (return value 0)
		Usr 0 00:00:43, Sys 0 00:00:02  -  Run Remote Usage
		Usr 0 00:00:00, Sys 0 00:00:00  -  Run Local Usage
		Usr 0 00:00:43, Sys 0 00:00:02  -  Total Remote Usage
		Usr 0 00:00:00, Sys 0 00:00:00  -  Total Local Usage
	9196  -  Run Bytes Sent By Job
	436  -  Run Bytes Received By Job
	9196  -  Total Bytes Sent By Job
	436  -  Total Bytes Received By Job
	Partitionable Resources :    Usage  Request Allocated
	   Cpus                 :                 2         2
	   Disk (KB)            :       29        1   2165683
	   Memory (MB)          :      284     4000      4000
...
