000 (2325790.4191.000) 05/26 19:50:37 Job submitted from host: <137.138.44.75:9618?addrs=137.138.44.75-9618&noUDP&sock=3998_dfba_3>
...
001 (2325790.4191.000) 05/26 20:01:33 Job executing on host: <188.184.205.255:9618?addrs=188.184.205.255-9618+[2001-1458-301-7d--100-200]-9618&noUDP&sock=19526_ca55_3>
...
006 (2325790.4191.000) 05/26 20:01:42 Image size of job updated: 274360
	266  -  MemoryUsage of job (MB)
	271644  -  ResidentSetSize of job (KB)
...
006 (2325790.4191.000) 05/26 20:02:53 Image size of job updated: 673436
	266  -  MemoryUsage of job (MB)
	271644  -  ResidentSetSize of job (KB)
...
005 (2325790.4191.000) 05/26 20:02:53 Job terminated.
	(1) Normal termination (return value 0)
		Usr 0 00:00:59, Sys 0 00:00:03  -  Run Remote Usage
		Usr 0 00:00:00, Sys 0 00:00:00  -  Run Local Usage
		Usr 0 00:00:59, Sys 0 00:00:03  -  Total Remote Usage
		Usr 0 00:00:00, Sys 0 00:00:00  -  Total Local Usage
	9192  -  Run Bytes Sent By Job
	436  -  Run Bytes Received By Job
	9192  -  Total Bytes Sent By Job
	436  -  Total Bytes Received By Job
	Partitionable Resources :    Usage  Request Allocated
	   Cpus                 :                 2         2
	   Disk (KB)            :       29        1   2155216
	   Memory (MB)          :      266     4000      4000
...
