000 (2325790.14585.000) 05/26 19:51:03 Job submitted from host: <137.138.44.75:9618?addrs=137.138.44.75-9618&noUDP&sock=3998_dfba_3>
...
001 (2325790.14585.000) 05/26 20:14:08 Job executing on host: <188.184.206.15:9618?addrs=188.184.206.15-9618+[2001-1458-301-7d--100-204]-9618&noUDP&sock=19504_b340_3>
...
006 (2325790.14585.000) 05/26 20:14:17 Image size of job updated: 274708
	269  -  MemoryUsage of job (MB)
	274616  -  ResidentSetSize of job (KB)
...
006 (2325790.14585.000) 05/26 20:15:31 Image size of job updated: 274708
	286  -  MemoryUsage of job (MB)
	292080  -  ResidentSetSize of job (KB)
...
005 (2325790.14585.000) 05/26 20:15:31 Job terminated.
	(1) Normal termination (return value 0)
		Usr 0 00:00:46, Sys 0 00:00:02  -  Run Remote Usage
		Usr 0 00:00:00, Sys 0 00:00:00  -  Run Local Usage
		Usr 0 00:00:46, Sys 0 00:00:02  -  Total Remote Usage
		Usr 0 00:00:00, Sys 0 00:00:00  -  Total Local Usage
	9196  -  Run Bytes Sent By Job
	436  -  Run Bytes Received By Job
	9196  -  Total Bytes Sent By Job
	436  -  Total Bytes Received By Job
	Partitionable Resources :    Usage  Request Allocated
	   Cpus                 :                 2         2
	   Disk (KB)            :       29        1   2162190
	   Memory (MB)          :      286     4000      4000
...
