000 (2325790.8783.000) 05/26 19:50:48 Job submitted from host: <137.138.44.75:9618?addrs=137.138.44.75-9618&noUDP&sock=3998_dfba_3>
...
001 (2325790.8783.000) 05/26 20:07:30 Job executing on host: <188.184.207.81:9618?addrs=188.184.207.81-9618+[2001-1458-301-7d--100-331]-9618&noUDP&sock=4685_194a_3>
...
006 (2325790.8783.000) 05/26 20:07:39 Image size of job updated: 101952
	97  -  MemoryUsage of job (MB)
	99160  -  ResidentSetSize of job (KB)
...
006 (2325790.8783.000) 05/26 20:10:10 Image size of job updated: 262696
	99  -  MemoryUsage of job (MB)
	101084  -  ResidentSetSize of job (KB)
...
005 (2325790.8783.000) 05/26 20:10:14 Job terminated.
	(1) Normal termination (return value 0)
		Usr 0 00:00:42, Sys 0 00:00:02  -  Run Remote Usage
		Usr 0 00:00:00, Sys 0 00:00:00  -  Run Local Usage
		Usr 0 00:00:42, Sys 0 00:00:02  -  Total Remote Usage
		Usr 0 00:00:00, Sys 0 00:00:00  -  Total Local Usage
	9191  -  Run Bytes Sent By Job
	436  -  Run Bytes Received By Job
	9191  -  Total Bytes Sent By Job
	436  -  Total Bytes Received By Job
	Partitionable Resources :    Usage  Request Allocated
	   Cpus                 :                 2         2
	   Disk (KB)            :       31        1   2102642
	   Memory (MB)          :       99     4000      4000
...
