000 (2325790.2450.000) 05/26 19:50:32 Job submitted from host: <137.138.44.75:9618?addrs=137.138.44.75-9618&noUDP&sock=3998_dfba_3>
...
001 (2325790.2450.000) 05/26 20:01:34 Job executing on host: <137.138.51.132:9618?addrs=137.138.51.132-9618+[2001-1458-d00-25--95]-9618&noUDP&sock=4681_5ae9_3>
...
006 (2325790.2450.000) 05/26 20:01:43 Image size of job updated: 121176
	93  -  MemoryUsage of job (MB)
	94844  -  ResidentSetSize of job (KB)
...
006 (2325790.2450.000) 05/26 20:02:31 Image size of job updated: 840260
	101  -  MemoryUsage of job (MB)
	103068  -  ResidentSetSize of job (KB)
...
005 (2325790.2450.000) 05/26 20:02:31 Job terminated.
	(1) Normal termination (return value 0)
		Usr 0 00:00:38, Sys 0 00:00:02  -  Run Remote Usage
		Usr 0 00:00:00, Sys 0 00:00:00  -  Run Local Usage
		Usr 0 00:00:38, Sys 0 00:00:02  -  Total Remote Usage
		Usr 0 00:00:00, Sys 0 00:00:00  -  Total Local Usage
	8284  -  Run Bytes Sent By Job
	436  -  Run Bytes Received By Job
	8284  -  Total Bytes Sent By Job
	436  -  Total Bytes Received By Job
	Partitionable Resources :    Usage  Request Allocated
	   Cpus                 :                 2         2
	   Disk (KB)            :       28        1   1803429
	   Memory (MB)          :      101     4000      4000
...
