000 (2325790.9242.000) 05/26 19:50:49 Job submitted from host: <137.138.44.75:9618?addrs=137.138.44.75-9618&noUDP&sock=3998_dfba_3>
...
001 (2325790.9242.000) 05/26 20:07:57 Job executing on host: <188.184.206.62:9618?addrs=188.184.206.62-9618+[2001-1458-301-7d--100-214]-9618&noUDP&sock=19465_f30e_3>
...
006 (2325790.9242.000) 05/26 20:08:05 Image size of job updated: 266256
	258  -  MemoryUsage of job (MB)
	263540  -  ResidentSetSize of job (KB)
...
006 (2325790.9242.000) 05/26 20:08:47 Image size of job updated: 266256
	258  -  MemoryUsage of job (MB)
	263548  -  ResidentSetSize of job (KB)
...
005 (2325790.9242.000) 05/26 20:08:54 Job terminated.
	(1) Normal termination (return value 0)
		Usr 0 00:00:38, Sys 0 00:00:02  -  Run Remote Usage
		Usr 0 00:00:00, Sys 0 00:00:00  -  Run Local Usage
		Usr 0 00:00:38, Sys 0 00:00:02  -  Total Remote Usage
		Usr 0 00:00:00, Sys 0 00:00:00  -  Total Local Usage
	9191  -  Run Bytes Sent By Job
	436  -  Run Bytes Received By Job
	9191  -  Total Bytes Sent By Job
	436  -  Total Bytes Received By Job
	Partitionable Resources :    Usage  Request Allocated
	   Cpus                 :                 2         2
	   Disk (KB)            :       29        1   2147160
	   Memory (MB)          :      258     4000      4000
...
