000 (2325790.8107.000) 05/26 19:50:46 Job submitted from host: <137.138.44.75:9618?addrs=137.138.44.75-9618&noUDP&sock=3998_dfba_3>
...
001 (2325790.8107.000) 05/26 20:06:48 Job executing on host: <188.184.204.220:9618?addrs=188.184.204.220-9618+[2001-1458-301-7d--100-ea]-9618&noUDP&sock=19530_88b6_3>
...
006 (2325790.8107.000) 05/26 20:06:57 Image size of job updated: 95868
	91  -  MemoryUsage of job (MB)
	93128  -  ResidentSetSize of job (KB)
...
006 (2325790.8107.000) 05/26 20:08:50 Image size of job updated: 271564
	92  -  MemoryUsage of job (MB)
	93460  -  ResidentSetSize of job (KB)
...
005 (2325790.8107.000) 05/26 20:08:58 Job terminated.
	(1) Normal termination (return value 0)
		Usr 0 00:00:45, Sys 0 00:00:02  -  Run Remote Usage
		Usr 0 00:00:00, Sys 0 00:00:00  -  Run Local Usage
		Usr 0 00:00:45, Sys 0 00:00:02  -  Total Remote Usage
		Usr 0 00:00:00, Sys 0 00:00:00  -  Total Local Usage
	9196  -  Run Bytes Sent By Job
	436  -  Run Bytes Received By Job
	9196  -  Total Bytes Sent By Job
	436  -  Total Bytes Received By Job
	Partitionable Resources :    Usage  Request Allocated
	   Cpus                 :                 2         2
	   Disk (KB)            :       30        1   2198147
	   Memory (MB)          :       92     4000      4000
...
