000 (2325790.5729.000) 05/26 19:50:40 Job submitted from host: <137.138.44.75:9618?addrs=137.138.44.75-9618&noUDP&sock=3998_dfba_3>
...
001 (2325790.5729.000) 05/26 20:03:31 Job executing on host: <188.184.205.101:9618?addrs=188.184.205.101-9618+[2001-1458-301-7d--100-166]-9618&noUDP&sock=19529_d91e_3>
...
006 (2325790.5729.000) 05/26 20:03:40 Image size of job updated: 96164
	92  -  MemoryUsage of job (MB)
	93468  -  ResidentSetSize of job (KB)
...
006 (2325790.5729.000) 05/26 20:06:36 Image size of job updated: 1955768
	92  -  MemoryUsage of job (MB)
	93468  -  ResidentSetSize of job (KB)
...
005 (2325790.5729.000) 05/26 20:06:44 Job terminated.
	(1) Normal termination (return value 0)
		Usr 0 00:00:57, Sys 0 00:00:02  -  Run Remote Usage
		Usr 0 00:00:00, Sys 0 00:00:00  -  Run Local Usage
		Usr 0 00:00:57, Sys 0 00:00:02  -  Total Remote Usage
		Usr 0 00:00:00, Sys 0 00:00:00  -  Total Local Usage
	9191  -  Run Bytes Sent By Job
	436  -  Run Bytes Received By Job
	9191  -  Total Bytes Sent By Job
	436  -  Total Bytes Received By Job
	Partitionable Resources :    Usage  Request Allocated
	   Cpus                 :                 2         2
	   Disk (KB)            :       31        1   2182277
	   Memory (MB)          :       92     4000      4000
...
