000 (2325790.8429.000) 05/26 19:50:47 Job submitted from host: <137.138.44.75:9618?addrs=137.138.44.75-9618&noUDP&sock=3998_dfba_3>
...
001 (2325790.8429.000) 05/26 20:07:02 Job executing on host: <188.184.206.155:9618?addrs=188.184.206.155-9618+[2001-1458-301-7d--100-2a7]-9618&noUDP&sock=19567_e9b7_3>
...
006 (2325790.8429.000) 05/26 20:07:11 Image size of job updated: 295856
	287  -  MemoryUsage of job (MB)
	293048  -  ResidentSetSize of job (KB)
...
006 (2325790.8429.000) 05/26 20:08:15 Image size of job updated: 295856
	288  -  MemoryUsage of job (MB)
	293984  -  ResidentSetSize of job (KB)
...
005 (2325790.8429.000) 05/26 20:08:16 Job terminated.
	(1) Normal termination (return value 0)
		Usr 0 00:00:44, Sys 0 00:00:02  -  Run Remote Usage
		Usr 0 00:00:00, Sys 0 00:00:00  -  Run Local Usage
		Usr 0 00:00:44, Sys 0 00:00:02  -  Total Remote Usage
		Usr 0 00:00:00, Sys 0 00:00:00  -  Total Local Usage
	9195  -  Run Bytes Sent By Job
	436  -  Run Bytes Received By Job
	9195  -  Total Bytes Sent By Job
	436  -  Total Bytes Received By Job
	Partitionable Resources :    Usage  Request Allocated
	   Cpus                 :                 2         2
	   Disk (KB)            :       29        1   2127946
	   Memory (MB)          :      288     4000      4000
...
