000 (2325790.032.000) 05/26 19:50:25 Job submitted from host: <137.138.44.75:9618?addrs=137.138.44.75-9618&noUDP&sock=3998_dfba_3>
...
001 (2325790.032.000) 05/26 19:53:04 Job executing on host: <137.138.46.77:9618?addrs=137.138.46.77-9618+[2001-1458-d00-24--55]-9618&noUDP&sock=4678_4c20_3>
...
006 (2325790.032.000) 05/26 19:53:13 Image size of job updated: 268544
	237  -  MemoryUsage of job (MB)
	241852  -  ResidentSetSize of job (KB)
...
006 (2325790.032.000) 05/26 19:53:53 Image size of job updated: 730320
	237  -  MemoryUsage of job (MB)
	241852  -  ResidentSetSize of job (KB)
...
005 (2325790.032.000) 05/26 19:53:53 Job terminated.
	(1) Normal termination (return value 0)
		Usr 0 00:00:36, Sys 0 00:00:02  -  Run Remote Usage
		Usr 0 00:00:00, Sys 0 00:00:00  -  Run Local Usage
		Usr 0 00:00:36, Sys 0 00:00:02  -  Total Remote Usage
		Usr 0 00:00:00, Sys 0 00:00:00  -  Total Local Usage
	9184  -  Run Bytes Sent By Job
	436  -  Run Bytes Received By Job
	9184  -  Total Bytes Sent By Job
	436  -  Total Bytes Received By Job
	Partitionable Resources :    Usage  Request Allocated
	   Cpus                 :                 2         2
	   Disk (KB)            :       28        1   1794533
	   Memory (MB)          :      237     4000      4000
...
