000 (2325790.6250.000) 05/26 19:50:42 Job submitted from host: <137.138.44.75:9618?addrs=137.138.44.75-9618&noUDP&sock=3998_dfba_3>
...
001 (2325790.6250.000) 05/26 20:04:15 Job executing on host: <188.184.205.95:9618?addrs=188.184.205.95-9618+[2001-1458-301-7d--100-160]-9618&noUDP&sock=19496_367e_3>
...
006 (2325790.6250.000) 05/26 20:04:23 Image size of job updated: 258968
	251  -  MemoryUsage of job (MB)
	256176  -  ResidentSetSize of job (KB)
...
006 (2325790.6250.000) 05/26 20:06:50 Image size of job updated: 733204
	251  -  MemoryUsage of job (MB)
	256204  -  ResidentSetSize of job (KB)
...
005 (2325790.6250.000) 05/26 20:06:52 Job terminated.
	(1) Normal termination (return value 0)
		Usr 0 00:00:57, Sys 0 00:00:02  -  Run Remote Usage
		Usr 0 00:00:00, Sys 0 00:00:00  -  Run Local Usage
		Usr 0 00:00:57, Sys 0 00:00:02  -  Total Remote Usage
		Usr 0 00:00:00, Sys 0 00:00:00  -  Total Local Usage
	9193  -  Run Bytes Sent By Job
	436  -  Run Bytes Received By Job
	9193  -  Total Bytes Sent By Job
	436  -  Total Bytes Received By Job
	Partitionable Resources :    Usage  Request Allocated
	   Cpus                 :                 2         2
	   Disk (KB)            :       31        1   2160311
	   Memory (MB)          :      251     4000      4000
...
