000 (2325790.7986.000) 05/26 19:50:46 Job submitted from host: <137.138.44.75:9618?addrs=137.138.44.75-9618&noUDP&sock=3998_dfba_3>
...
001 (2325790.7986.000) 05/26 20:06:44 Job executing on host: <188.184.204.89:9618?addrs=188.184.204.89-9618+[2001-1458-301-7d--100-36]-9618&noUDP&sock=19524_6b25_3>
...
006 (2325790.7986.000) 05/26 20:06:52 Image size of job updated: 253372
	245  -  MemoryUsage of job (MB)
	250580  -  ResidentSetSize of job (KB)
...
006 (2325790.7986.000) 05/26 20:08:06 Image size of job updated: 1473304
	245  -  MemoryUsage of job (MB)
	250580  -  ResidentSetSize of job (KB)
...
005 (2325790.7986.000) 05/26 20:08:06 Job terminated.
	(1) Normal termination (return value 0)
		Usr 0 00:00:43, Sys 0 00:00:02  -  Run Remote Usage
		Usr 0 00:00:00, Sys 0 00:00:00  -  Run Local Usage
		Usr 0 00:00:43, Sys 0 00:00:02  -  Total Remote Usage
		Usr 0 00:00:00, Sys 0 00:00:00  -  Total Local Usage
	9156  -  Run Bytes Sent By Job
	436  -  Run Bytes Received By Job
	9156  -  Total Bytes Sent By Job
	436  -  Total Bytes Received By Job
	Partitionable Resources :    Usage  Request Allocated
	   Cpus                 :                 2         2
	   Disk (KB)            :       29        1   2124592
	   Memory (MB)          :      245     4000      4000
...
