000 (2325790.10491.000) 05/26 19:50:52 Job submitted from host: <137.138.44.75:9618?addrs=137.138.44.75-9618&noUDP&sock=3998_dfba_3>
...
001 (2325790.10491.000) 05/26 20:09:19 Job executing on host: <188.185.176.41:9618?addrs=188.185.176.41-9618+[2001-1459-301-5b--100-2e]-9618&noUDP&sock=17140_315d_3>
...
006 (2325790.10491.000) 05/26 20:09:27 Image size of job updated: 84656
	82  -  MemoryUsage of job (MB)
	83764  -  ResidentSetSize of job (KB)
...
006 (2325790.10491.000) 05/26 20:13:50 Image size of job updated: 84656
	83  -  MemoryUsage of job (MB)
	84072  -  ResidentSetSize of job (KB)
...
005 (2325790.10491.000) 05/26 20:13:53 Job terminated.
	(1) Normal termination (return value 0)
		Usr 0 00:00:47, Sys 0 00:00:02  -  Run Remote Usage
		Usr 0 00:00:00, Sys 0 00:00:00  -  Run Local Usage
		Usr 0 00:00:47, Sys 0 00:00:02  -  Total Remote Usage
		Usr 0 00:00:00, Sys 0 00:00:00  -  Total Local Usage
	9199  -  Run Bytes Sent By Job
	436  -  Run Bytes Received By Job
	9199  -  Total Bytes Sent By Job
	436  -  Total Bytes Received By Job
	Partitionable Resources :    Usage  Request Allocated
	   Cpus                 :                 2         2
	   Disk (KB)            :       33        1   3954120
	   Memory (MB)          :       83     4000      4000
...
