000 (2325790.4194.000) 05/26 19:50:37 Job submitted from host: <137.138.44.75:9618?addrs=137.138.44.75-9618&noUDP&sock=3998_dfba_3>
...
001 (2325790.4194.000) 05/26 20:01:33 Job executing on host: <188.184.180.236:9618?addrs=188.184.180.236-9618+[--1]-9618&noUDP&sock=4675_3d58_3>
...
006 (2325790.4194.000) 05/26 20:01:42 Image size of job updated: 270708
	262  -  MemoryUsage of job (MB)
	268056  -  ResidentSetSize of job (KB)
...
006 (2325790.4194.000) 05/26 20:03:56 Image size of job updated: 716888
	263  -  MemoryUsage of job (MB)
	268304  -  ResidentSetSize of job (KB)
...
005 (2325790.4194.000) 05/26 20:03:56 Job terminated.
	(1) Normal termination (return value 0)
		Usr 0 00:00:54, Sys 0 00:00:02  -  Run Remote Usage
		Usr 0 00:00:00, Sys 0 00:00:00  -  Run Local Usage
		Usr 0 00:00:54, Sys 0 00:00:02  -  Total Remote Usage
		Usr 0 00:00:00, Sys 0 00:00:00  -  Total Local Usage
	9190  -  Run Bytes Sent By Job
	436  -  Run Bytes Received By Job
	9190  -  Total Bytes Sent By Job
	436  -  Total Bytes Received By Job
	Partitionable Resources :    Usage  Request Allocated
	   Cpus                 :                 2         2
	   Disk (KB)            :       31        1   1853046
	   Memory (MB)          :      263     4000      4000
...
