000 (2325790.5813.000) 05/26 19:50:41 Job submitted from host: <137.138.44.75:9618?addrs=137.138.44.75-9618&noUDP&sock=3998_dfba_3>
...
001 (2325790.5813.000) 05/26 20:03:37 Job executing on host: <188.184.206.157:9618?addrs=188.184.206.157-9618+[2001-1458-301-7d--100-2b3]-9618&noUDP&sock=19589_00cd_3>
...
006 (2325790.5813.000) 05/26 20:03:46 Image size of job updated: 102992
	98  -  MemoryUsage of job (MB)
	100340  -  ResidentSetSize of job (KB)
...
006 (2325790.5813.000) 05/26 20:05:24 Image size of job updated: 626524
	99  -  MemoryUsage of job (MB)
	100488  -  ResidentSetSize of job (KB)
...
005 (2325790.5813.000) 05/26 20:05:24 Job terminated.
	(1) Normal termination (return value 0)
		Usr 0 00:00:48, Sys 0 00:00:02  -  Run Remote Usage
		Usr 0 00:00:00, Sys 0 00:00:00  -  Run Local Usage
		Usr 0 00:00:48, Sys 0 00:00:02  -  Total Remote Usage
		Usr 0 00:00:00, Sys 0 00:00:00  -  Total Local Usage
	9187  -  Run Bytes Sent By Job
	436  -  Run Bytes Received By Job
	9187  -  Total Bytes Sent By Job
	436  -  Total Bytes Received By Job
	Partitionable Resources :    Usage  Request Allocated
	   Cpus                 :                 2         2
	   Disk (KB)            :       30        1   2134262
	   Memory (MB)          :       99     4000      4000
...
