000 (2325790.8739.000) 05/26 19:50:47 Job submitted from host: <137.138.44.75:9618?addrs=137.138.44.75-9618&noUDP&sock=3998_dfba_3>
...
001 (2325790.8739.000) 05/26 20:07:27 Job executing on host: <188.184.204.254:9618?addrs=188.184.204.254-9618+[2001-1458-301-7d--100-fa]-9618&noUDP&sock=19494_d74e_3>
...
006 (2325790.8739.000) 05/26 20:07:35 Image size of job updated: 236300
	229  -  MemoryUsage of job (MB)
	233508  -  ResidentSetSize of job (KB)
...
006 (2325790.8739.000) 05/26 20:08:06 Image size of job updated: 236300
	246  -  MemoryUsage of job (MB)
	251032  -  ResidentSetSize of job (KB)
...
005 (2325790.8739.000) 05/26 20:08:06 Job terminated.
	(1) Normal termination (return value 0)
		Usr 0 00:00:21, Sys 0 00:00:01  -  Run Remote Usage
		Usr 0 00:00:00, Sys 0 00:00:00  -  Run Local Usage
		Usr 0 00:00:21, Sys 0 00:00:01  -  Total Remote Usage
		Usr 0 00:00:00, Sys 0 00:00:00  -  Total Local Usage
	8290  -  Run Bytes Sent By Job
	436  -  Run Bytes Received By Job
	8290  -  Total Bytes Sent By Job
	436  -  Total Bytes Received By Job
	Partitionable Resources :    Usage  Request Allocated
	   Cpus                 :                 2         2
	   Disk (KB)            :       27        1   2169572
	   Memory (MB)          :      246     4000      4000
...
