000 (2325790.7398.000) 05/26 19:50:44 Job submitted from host: <137.138.44.75:9618?addrs=137.138.44.75-9618&noUDP&sock=3998_dfba_3>
...
001 (2325790.7398.000) 05/26 20:05:48 Job executing on host: <188.184.205.143:9618?addrs=188.184.205.143-9618+[2001-1458-301-7d--100-197]-9618&noUDP&sock=19582_33a3_3>
...
006 (2325790.7398.000) 05/26 20:05:56 Image size of job updated: 244092
	236  -  MemoryUsage of job (MB)
	241300  -  ResidentSetSize of job (KB)
...
006 (2325790.7398.000) 05/26 20:07:45 Image size of job updated: 244092
	236  -  MemoryUsage of job (MB)
	241384  -  ResidentSetSize of job (KB)
...
005 (2325790.7398.000) 05/26 20:07:46 Job terminated.
	(1) Normal termination (return value 0)
		Usr 0 00:00:43, Sys 0 00:00:02  -  Run Remote Usage
		Usr 0 00:00:00, Sys 0 00:00:00  -  Run Local Usage
		Usr 0 00:00:43, Sys 0 00:00:02  -  Total Remote Usage
		Usr 0 00:00:00, Sys 0 00:00:00  -  Total Local Usage
	9193  -  Run Bytes Sent By Job
	436  -  Run Bytes Received By Job
	9193  -  Total Bytes Sent By Job
	436  -  Total Bytes Received By Job
	Partitionable Resources :    Usage  Request Allocated
	   Cpus                 :                 2         2
	   Disk (KB)            :       30        1   2201864
	   Memory (MB)          :      236     4000      4000
...
