000 (2325790.926.000) 05/26 19:50:28 Job submitted from host: <137.138.44.75:9618?addrs=137.138.44.75-9618&noUDP&sock=3998_dfba_3>
...
001 (2325790.926.000) 05/26 19:58:15 Job executing on host: <188.184.204.35:9618?addrs=188.184.204.35-9618+[2001-1458-301-7d--100-f]-9618&noUDP&sock=19574_b6e1_3>
...
006 (2325790.926.000) 05/26 19:58:23 Image size of job updated: 254604
	247  -  MemoryUsage of job (MB)
	251972  -  ResidentSetSize of job (KB)
...
006 (2325790.926.000) 05/26 19:59:30 Image size of job updated: 719060
	247  -  MemoryUsage of job (MB)
	252532  -  ResidentSetSize of job (KB)
...
005 (2325790.926.000) 05/26 19:59:31 Job terminated.
	(1) Normal termination (return value 0)
		Usr 0 00:00:56, Sys 0 00:00:02  -  Run Remote Usage
		Usr 0 00:00:00, Sys 0 00:00:00  -  Run Local Usage
		Usr 0 00:00:56, Sys 0 00:00:02  -  Total Remote Usage
		Usr 0 00:00:00, Sys 0 00:00:00  -  Total Local Usage
	9186  -  Run Bytes Sent By Job
	436  -  Run Bytes Received By Job
	9186  -  Total Bytes Sent By Job
	436  -  Total Bytes Received By Job
	Partitionable Resources :    Usage  Request Allocated
	   Cpus                 :                 2         2
	   Disk (KB)            :       29        1   2163649
	   Memory (MB)          :      247     4000      4000
...
