000 (2325790.8668.000) 05/26 19:50:47 Job submitted from host: <137.138.44.75:9618?addrs=137.138.44.75-9618&noUDP&sock=3998_dfba_3>
...
001 (2325790.8668.000) 05/26 20:07:23 Job executing on host: <188.184.210.164:9618?addrs=188.184.210.164-9618+[--1]-9618&noUDP&sock=5771_0124_3>
...
006 (2325790.8668.000) 05/26 20:07:31 Image size of job updated: 229124
	222  -  MemoryUsage of job (MB)
	226316  -  ResidentSetSize of job (KB)
...
006 (2325790.8668.000) 05/26 20:08:42 Image size of job updated: 259644
	222  -  MemoryUsage of job (MB)
	226536  -  ResidentSetSize of job (KB)
...
005 (2325790.8668.000) 05/26 20:08:45 Job terminated.
	(1) Normal termination (return value 0)
		Usr 0 00:00:44, Sys 0 00:00:02  -  Run Remote Usage
		Usr 0 00:00:00, Sys 0 00:00:00  -  Run Local Usage
		Usr 0 00:00:44, Sys 0 00:00:02  -  Total Remote Usage
		Usr 0 00:00:00, Sys 0 00:00:00  -  Total Local Usage
	9195  -  Run Bytes Sent By Job
	436  -  Run Bytes Received By Job
	9195  -  Total Bytes Sent By Job
	436  -  Total Bytes Received By Job
	Partitionable Resources :    Usage  Request Allocated
	   Cpus                 :                 2         2
	   Disk (KB)            :       29        1   2940817
	   Memory (MB)          :      222     4000      4000
...
