000 (2325790.12460.000) 05/26 19:50:58 Job submitted from host: <137.138.44.75:9618?addrs=137.138.44.75-9618&noUDP&sock=3998_dfba_3>
...
001 (2325790.12460.000) 05/26 20:11:31 Job executing on host: <188.184.204.252:9618?addrs=188.184.204.252-9618+[2001-1458-301-7d--100-f4]-9618&noUDP&sock=19555_ae95_3>
...
006 (2325790.12460.000) 05/26 20:11:39 Image size of job updated: 105012
	103  -  MemoryUsage of job (MB)
	104936  -  ResidentSetSize of job (KB)
...
006 (2325790.12460.000) 05/26 20:13:01 Image size of job updated: 1401736
	103  -  MemoryUsage of job (MB)
	105072  -  ResidentSetSize of job (KB)
...
005 (2325790.12460.000) 05/26 20:13:14 Job terminated.
	(1) Normal termination (return value 0)
		Usr 0 00:00:37, Sys 0 00:00:02  -  Run Remote Usage
		Usr 0 00:00:00, Sys 0 00:00:00  -  Run Local Usage
		Usr 0 00:00:37, Sys 0 00:00:02  -  Total Remote Usage
		Usr 0 00:00:00, Sys 0 00:00:00  -  Total Local Usage
	9198  -  Run Bytes Sent By Job
	436  -  Run Bytes Received By Job
	9198  -  Total Bytes Sent By Job
	436  -  Total Bytes Received By Job
	Partitionable Resources :    Usage  Request Allocated
	   Cpus                 :                 2         2
	   Disk (KB)            :       29        1   2215038
	   Memory (MB)          :      103     4000      4000
...
