000 (2325790.2825.000) 05/26 19:50:32 Job submitted from host: <137.138.44.75:9618?addrs=137.138.44.75-9618&noUDP&sock=3998_dfba_3>
...
001 (2325790.2825.000) 05/26 20:02:09 Job executing on host: <188.185.172.36:9618?addrs=188.185.172.36-9618+[2001-1459-301-5a--100-23]-9618&noUDP&sock=17171_74cd_3>
...
006 (2325790.2825.000) 05/26 20:02:18 Image size of job updated: 53888
	53  -  MemoryUsage of job (MB)
	53600  -  ResidentSetSize of job (KB)
...
006 (2325790.2825.000) 05/26 20:07:19 Image size of job updated: 676464
	654  -  MemoryUsage of job (MB)
	669636  -  ResidentSetSize of job (KB)
...
006 (2325790.2825.000) 05/26 20:07:29 Image size of job updated: 676464
	655  -  MemoryUsage of job (MB)
	670124  -  ResidentSetSize of job (KB)
...
005 (2325790.2825.000) 05/26 20:07:29 Job terminated.
	(1) Normal termination (return value 0)
		Usr 0 00:00:54, Sys 0 00:00:03  -  Run Remote Usage
		Usr 0 00:00:00, Sys 0 00:00:00  -  Run Local Usage
		Usr 0 00:00:54, Sys 0 00:00:03  -  Total Remote Usage
		Usr 0 00:00:00, Sys 0 00:00:00  -  Total Local Usage
	9192  -  Run Bytes Sent By Job
	436  -  Run Bytes Received By Job
	9192  -  Total Bytes Sent By Job
	436  -  Total Bytes Received By Job
	Partitionable Resources :    Usage  Request Allocated
	   Cpus                 :                 2         2
	   Disk (KB)            :       34        1   3901169
	   Memory (MB)          :      655     4000      4000
...
