000 (2325790.1831.000) 05/26 19:50:30 Job submitted from host: <137.138.44.75:9618?addrs=137.138.44.75-9618&noUDP&sock=3998_dfba_3>
...
001 (2325790.1831.000) 05/26 19:57:04 Job executing on host: <188.184.205.24:9618?addrs=188.184.205.24-9618+[2001-1458-301-7d--100-12d]-9618&noUDP&sock=19507_c209_3>
...
006 (2325790.1831.000) 05/26 19:57:13 Image size of job updated: 92376
	90  -  MemoryUsage of job (MB)
	92088  -  ResidentSetSize of job (KB)
...
006 (2325790.1831.000) 05/26 19:59:34 Image size of job updated: 715256
	90  -  MemoryUsage of job (MB)
	92088  -  ResidentSetSize of job (KB)
...
005 (2325790.1831.000) 05/26 19:59:35 Job terminated.
	(1) Normal termination (return value 0)
		Usr 0 00:00:57, Sys 0 00:00:02  -  Run Remote Usage
		Usr 0 00:00:00, Sys 0 00:00:00  -  Run Local Usage
		Usr 0 00:00:57, Sys 0 00:00:02  -  Total Remote Usage
		Usr 0 00:00:00, Sys 0 00:00:00  -  Total Local Usage
	9190  -  Run Bytes Sent By Job
	436  -  Run Bytes Received By Job
	9190  -  Total Bytes Sent By Job
	436  -  Total Bytes Received By Job
	Partitionable Resources :    Usage  Request Allocated
	   Cpus                 :                 2         2
	   Disk (KB)            :       31        1   2138610
	   Memory (MB)          :       90     4000      4000
...
