000 (2325790.8049.000) 05/26 19:50:46 Job submitted from host: <137.138.44.75:9618?addrs=137.138.44.75-9618&noUDP&sock=3998_dfba_3>
...
001 (2325790.8049.000) 05/26 20:06:45 Job executing on host: <188.184.204.47:9618?addrs=188.184.204.47-9618+[2001-1458-301-7d--100-17]-9618&noUDP&sock=19619_94a4_3>
...
006 (2325790.8049.000) 05/26 20:06:54 Image size of job updated: 278440
	270  -  MemoryUsage of job (MB)
	275788  -  ResidentSetSize of job (KB)
...
006 (2325790.8049.000) 05/26 20:07:42 Image size of job updated: 278440
	270  -  MemoryUsage of job (MB)
	275948  -  ResidentSetSize of job (KB)
...
005 (2325790.8049.000) 05/26 20:07:42 Job terminated.
	(1) Normal termination (return value 0)
		Usr 0 00:00:43, Sys 0 00:00:02  -  Run Remote Usage
		Usr 0 00:00:00, Sys 0 00:00:00  -  Run Local Usage
		Usr 0 00:00:43, Sys 0 00:00:02  -  Total Remote Usage
		Usr 0 00:00:00, Sys 0 00:00:00  -  Total Local Usage
	9193  -  Run Bytes Sent By Job
	436  -  Run Bytes Received By Job
	9193  -  Total Bytes Sent By Job
	436  -  Total Bytes Received By Job
	Partitionable Resources :    Usage  Request Allocated
	   Cpus                 :                 2         2
	   Disk (KB)            :       29        1   2172576
	   Memory (MB)          :      270     4000      4000
...
