000 (2325790.6293.000) 05/26 19:50:42 Job submitted from host: <137.138.44.75:9618?addrs=137.138.44.75-9618&noUDP&sock=3998_dfba_3>
...
001 (2325790.6293.000) 05/26 20:04:17 Job executing on host: <188.184.205.136:9618?addrs=188.184.205.136-9618+[2001-1458-301-7d--100-1a8]-9618&noUDP&sock=19542_c3d9_3>
...
006 (2325790.6293.000) 05/26 20:04:26 Image size of job updated: 97944
	93  -  MemoryUsage of job (MB)
	95204  -  ResidentSetSize of job (KB)
...
006 (2325790.6293.000) 05/26 20:06:27 Image size of job updated: 746204
	93  -  MemoryUsage of job (MB)
	95204  -  ResidentSetSize of job (KB)
...
005 (2325790.6293.000) 05/26 20:06:37 Job terminated.
	(1) Normal termination (return value 0)
		Usr 0 00:00:47, Sys 0 00:00:02  -  Run Remote Usage
		Usr 0 00:00:00, Sys 0 00:00:00  -  Run Local Usage
		Usr 0 00:00:47, Sys 0 00:00:02  -  Total Remote Usage
		Usr 0 00:00:00, Sys 0 00:00:00  -  Total Local Usage
	9191  -  Run Bytes Sent By Job
	436  -  Run Bytes Received By Job
	9191  -  Total Bytes Sent By Job
	436  -  Total Bytes Received By Job
	Partitionable Resources :    Usage  Request Allocated
	   Cpus                 :                 2         2
	   Disk (KB)            :       30        1   2156701
	   Memory (MB)          :       93     4000      4000
...
