000 (2325790.4676.000) 05/26 19:50:38 Job submitted from host: <137.138.44.75:9618?addrs=137.138.44.75-9618&noUDP&sock=3998_dfba_3>
...
001 (2325790.4676.000) 05/26 20:02:09 Job executing on host: <188.184.206.44:9618?addrs=188.184.206.44-9618+[2001-1458-301-7d--100-21e]-9618&noUDP&sock=19518_4d93_3>
...
006 (2325790.4676.000) 05/26 20:02:18 Image size of job updated: 285120
	276  -  MemoryUsage of job (MB)
	282380  -  ResidentSetSize of job (KB)
...
006 (2325790.4676.000) 05/26 20:03:24 Image size of job updated: 631100
	277  -  MemoryUsage of job (MB)
	282676  -  ResidentSetSize of job (KB)
...
005 (2325790.4676.000) 05/26 20:03:25 Job terminated.
	(1) Normal termination (return value 0)
		Usr 0 00:00:56, Sys 0 00:00:02  -  Run Remote Usage
		Usr 0 00:00:00, Sys 0 00:00:00  -  Run Local Usage
		Usr 0 00:00:56, Sys 0 00:00:02  -  Total Remote Usage
		Usr 0 00:00:00, Sys 0 00:00:00  -  Total Local Usage
	9151  -  Run Bytes Sent By Job
	436  -  Run Bytes Received By Job
	9151  -  Total Bytes Sent By Job
	436  -  Total Bytes Received By Job
	Partitionable Resources :    Usage  Request Allocated
	   Cpus                 :                 2         2
	   Disk (KB)            :       29        1   2152653
	   Memory (MB)          :      277     4000      4000
...
