000 (2325790.2809.000) 05/26 19:50:32 Job submitted from host: <137.138.44.75:9618?addrs=137.138.44.75-9618&noUDP&sock=3998_dfba_3>
...
001 (2325790.2809.000) 05/26 19:59:01 Job executing on host: <188.184.206.187:9618?addrs=188.184.206.187-9618+[2001-1458-301-7d--100-2b4]-9618&noUDP&sock=19540_64a9_3>
...
006 (2325790.2809.000) 05/26 19:59:10 Image size of job updated: 93624
	89  -  MemoryUsage of job (MB)
	90972  -  ResidentSetSize of job (KB)
...
006 (2325790.2809.000) 05/26 20:01:29 Image size of job updated: 744308
	89  -  MemoryUsage of job (MB)
	90972  -  ResidentSetSize of job (KB)
...
005 (2325790.2809.000) 05/26 20:01:36 Job terminated.
	(1) Normal termination (return value 0)
		Usr 0 00:00:56, Sys 0 00:00:02  -  Run Remote Usage
		Usr 0 00:00:00, Sys 0 00:00:00  -  Run Local Usage
		Usr 0 00:00:56, Sys 0 00:00:02  -  Total Remote Usage
		Usr 0 00:00:00, Sys 0 00:00:00  -  Total Local Usage
	9191  -  Run Bytes Sent By Job
	436  -  Run Bytes Received By Job
	9191  -  Total Bytes Sent By Job
	436  -  Total Bytes Received By Job
	Partitionable Resources :    Usage  Request Allocated
	   Cpus                 :                 2         2
	   Disk (KB)            :       31        1   2116434
	   Memory (MB)          :       89     4000      4000
...
