000 (2325790.9804.000) 05/26 19:50:50 Job submitted from host: <137.138.44.75:9618?addrs=137.138.44.75-9618&noUDP&sock=3998_dfba_3>
...
001 (2325790.9804.000) 05/26 20:08:36 Job executing on host: <188.184.204.7:9618?addrs=188.184.204.7-9618+[2001-1458-301-7d--100-24]-9618&noUDP&sock=19609_b8b2_3>
...
006 (2325790.9804.000) 05/26 20:08:44 Image size of job updated: 253348
	245  -  MemoryUsage of job (MB)
	250556  -  ResidentSetSize of job (KB)
...
006 (2325790.9804.000) 05/26 20:09:31 Image size of job updated: 253348
	246  -  MemoryUsage of job (MB)
	251100  -  ResidentSetSize of job (KB)
...
005 (2325790.9804.000) 05/26 20:09:32 Job terminated.
	(1) Normal termination (return value 0)
		Usr 0 00:00:41, Sys 0 00:00:02  -  Run Remote Usage
		Usr 0 00:00:00, Sys 0 00:00:00  -  Run Local Usage
		Usr 0 00:00:41, Sys 0 00:00:02  -  Total Remote Usage
		Usr 0 00:00:00, Sys 0 00:00:00  -  Total Local Usage
	9195  -  Run Bytes Sent By Job
	436  -  Run Bytes Received By Job
	9195  -  Total Bytes Sent By Job
	436  -  Total Bytes Received By Job
	Partitionable Resources :    Usage  Request Allocated
	   Cpus                 :                 2         2
	   Disk (KB)            :       29        1   2179116
	   Memory (MB)          :      246     4000      4000
...
