000 (2325790.9269.000) 05/26 19:50:49 Job submitted from host: <137.138.44.75:9618?addrs=137.138.44.75-9618&noUDP&sock=3998_dfba_3>
...
001 (2325790.9269.000) 05/26 20:07:58 Job executing on host: <188.184.205.93:9618?addrs=188.184.205.93-9618+[2001-1458-301-7d--100-15d]-9618&noUDP&sock=19542_c3d9_3>
...
006 (2325790.9269.000) 05/26 20:08:07 Image size of job updated: 269244
	263  -  MemoryUsage of job (MB)
	269088  -  ResidentSetSize of job (KB)
...
006 (2325790.9269.000) 05/26 20:09:39 Image size of job updated: 860096
	263  -  MemoryUsage of job (MB)
	269088  -  ResidentSetSize of job (KB)
...
005 (2325790.9269.000) 05/26 20:09:40 Job terminated.
	(1) Normal termination (return value 0)
		Usr 0 00:00:42, Sys 0 00:00:02  -  Run Remote Usage
		Usr 0 00:00:00, Sys 0 00:00:00  -  Run Local Usage
		Usr 0 00:00:42, Sys 0 00:00:02  -  Total Remote Usage
		Usr 0 00:00:00, Sys 0 00:00:00  -  Total Local Usage
	9191  -  Run Bytes Sent By Job
	436  -  Run Bytes Received By Job
	9191  -  Total Bytes Sent By Job
	436  -  Total Bytes Received By Job
	Partitionable Resources :    Usage  Request Allocated
	   Cpus                 :                 2         2
	   Disk (KB)            :       30        1   2136155
	   Memory (MB)          :      263     4000      4000
...
