000 (2325790.4278.000) 05/26 19:50:37 Job submitted from host: <137.138.44.75:9618?addrs=137.138.44.75-9618&noUDP&sock=3998_dfba_3>
...
001 (2325790.4278.000) 05/26 20:01:43 Job executing on host: <128.142.96.202:9618?addrs=128.142.96.202-9618+[2001-1458-301-87--100-1cd]-9618&noUDP&sock=16883_e986_3>
...
006 (2325790.4278.000) 05/26 20:01:52 Image size of job updated: 393652
	383  -  MemoryUsage of job (MB)
	391680  -  ResidentSetSize of job (KB)
...
006 (2325790.4278.000) 05/26 20:02:34 Image size of job updated: 675320
	383  -  MemoryUsage of job (MB)
	391680  -  ResidentSetSize of job (KB)
...
005 (2325790.4278.000) 05/26 20:02:34 Job terminated.
	(1) Normal termination (return value 0)
		Usr 0 00:00:44, Sys 0 00:00:01  -  Run Remote Usage
		Usr 0 00:00:00, Sys 0 00:00:00  -  Run Local Usage
		Usr 0 00:00:44, Sys 0 00:00:01  -  Total Remote Usage
		Usr 0 00:00:00, Sys 0 00:00:00  -  Total Local Usage
	9192  -  Run Bytes Sent By Job
	436  -  Run Bytes Received By Job
	9192  -  Total Bytes Sent By Job
	436  -  Total Bytes Received By Job
	Partitionable Resources :    Usage  Request Allocated
	   Cpus                 :                 2         2
	   Disk (KB)            :       29        1   4303416
	   Memory (MB)          :      383     4000      4000
...
