000 (2325790.4219.000) 05/26 19:50:37 Job submitted from host: <137.138.44.75:9618?addrs=137.138.44.75-9618&noUDP&sock=3998_dfba_3>
...
001 (2325790.4219.000) 05/26 20:01:36 Job executing on host: <128.142.103.176:9618?addrs=128.142.103.176-9618+[2001-1458-301-89--100-370]-9618&noUDP&sock=16099_2746_3>
...
006 (2325790.4219.000) 05/26 20:01:44 Image size of job updated: 241416
	236  -  MemoryUsage of job (MB)
	241400  -  ResidentSetSize of job (KB)
...
006 (2325790.4219.000) 05/26 20:03:59 Image size of job updated: 740256
	236  -  MemoryUsage of job (MB)
	241592  -  ResidentSetSize of job (KB)
...
005 (2325790.4219.000) 05/26 20:03:59 Job terminated.
	(1) Normal termination (return value 0)
		Usr 0 00:00:52, Sys 0 00:00:02  -  Run Remote Usage
		Usr 0 00:00:00, Sys 0 00:00:00  -  Run Local Usage
		Usr 0 00:00:52, Sys 0 00:00:02  -  Total Remote Usage
		Usr 0 00:00:00, Sys 0 00:00:00  -  Total Local Usage
	9192  -  Run Bytes Sent By Job
	436  -  Run Bytes Received By Job
	9192  -  Total Bytes Sent By Job
	436  -  Total Bytes Received By Job
	Partitionable Resources :    Usage  Request Allocated
	   Cpus                 :                 2         2
	   Disk (KB)            :       31        1   2205474
	   Memory (MB)          :      236     4000      4000
...
