000 (2325790.6444.000) 05/26 19:50:42 Job submitted from host: <137.138.44.75:9618?addrs=137.138.44.75-9618&noUDP&sock=3998_dfba_3>
...
001 (2325790.6444.000) 05/26 20:04:30 Job executing on host: <188.184.205.236:9618?addrs=188.184.205.236-9618+[2001-1458-301-7d--100-1c6]-9618&noUDP&sock=19611_17e2_3>
...
006 (2325790.6444.000) 05/26 20:04:40 Image size of job updated: 174936
	169  -  MemoryUsage of job (MB)
	172144  -  ResidentSetSize of job (KB)
...
006 (2325790.6444.000) 05/26 20:06:31 Image size of job updated: 732044
	169  -  MemoryUsage of job (MB)
	172344  -  ResidentSetSize of job (KB)
...
005 (2325790.6444.000) 05/26 20:06:38 Job terminated.
	(1) Normal termination (return value 0)
		Usr 0 00:00:33, Sys 0 00:00:01  -  Run Remote Usage
		Usr 0 00:00:00, Sys 0 00:00:00  -  Run Local Usage
		Usr 0 00:00:33, Sys 0 00:00:01  -  Total Remote Usage
		Usr 0 00:00:00, Sys 0 00:00:00  -  Total Local Usage
	8287  -  Run Bytes Sent By Job
	436  -  Run Bytes Received By Job
	8287  -  Total Bytes Sent By Job
	436  -  Total Bytes Received By Job
	Partitionable Resources :    Usage  Request Allocated
	   Cpus                 :                 2         2
	   Disk (KB)            :       29        1   2214173
	   Memory (MB)          :      169     4000      4000
...
