000 (2325790.7240.000) 05/26 19:50:44 Job submitted from host: <137.138.44.75:9618?addrs=137.138.44.75-9618&noUDP&sock=3998_dfba_3>
...
001 (2325790.7240.000) 05/26 20:05:35 Job executing on host: <188.184.205.33:9618?addrs=188.184.205.33-9618+[2001-1458-301-7d--100-113]-9618&noUDP&sock=19504_b340_3>
...
006 (2325790.7240.000) 05/26 20:05:44 Image size of job updated: 90696
	86  -  MemoryUsage of job (MB)
	87904  -  ResidentSetSize of job (KB)
...
006 (2325790.7240.000) 05/26 20:08:38 Image size of job updated: 202724
	86  -  MemoryUsage of job (MB)
	87984  -  ResidentSetSize of job (KB)
...
005 (2325790.7240.000) 05/26 20:08:41 Job terminated.
	(1) Normal termination (return value 0)
		Usr 0 00:00:45, Sys 0 00:00:02  -  Run Remote Usage
		Usr 0 00:00:00, Sys 0 00:00:00  -  Run Local Usage
		Usr 0 00:00:45, Sys 0 00:00:02  -  Total Remote Usage
		Usr 0 00:00:00, Sys 0 00:00:00  -  Total Local Usage
	9193  -  Run Bytes Sent By Job
	436  -  Run Bytes Received By Job
	9193  -  Total Bytes Sent By Job
	436  -  Total Bytes Received By Job
	Partitionable Resources :    Usage  Request Allocated
	   Cpus                 :                 2         2
	   Disk (KB)            :       32        1   2171737
	   Memory (MB)          :       86     4000      4000
...
