000 (2325790.3874.000) 05/26 19:50:36 Job submitted from host: <137.138.44.75:9618?addrs=137.138.44.75-9618&noUDP&sock=3998_dfba_3>
...
001 (2325790.3874.000) 05/26 20:01:04 Job executing on host: <188.184.204.143:9618?addrs=188.184.204.143-9618+[2001-1458-301-7d--100-7d]-9618&noUDP&sock=19626_61ce_3>
...
006 (2325790.3874.000) 05/26 20:01:13 Image size of job updated: 219436
	214  -  MemoryUsage of job (MB)
	218368  -  ResidentSetSize of job (KB)
...
006 (2325790.3874.000) 05/26 20:03:06 Image size of job updated: 738064
	214  -  MemoryUsage of job (MB)
	218368  -  ResidentSetSize of job (KB)
...
005 (2325790.3874.000) 05/26 20:03:06 Job terminated.
	(1) Normal termination (return value 0)
		Usr 0 00:00:53, Sys 0 00:00:02  -  Run Remote Usage
		Usr 0 00:00:00, Sys 0 00:00:00  -  Run Local Usage
		Usr 0 00:00:53, Sys 0 00:00:02  -  Total Remote Usage
		Usr 0 00:00:00, Sys 0 00:00:00  -  Total Local Usage
	9193  -  Run Bytes Sent By Job
	436  -  Run Bytes Received By Job
	9193  -  Total Bytes Sent By Job
	436  -  Total Bytes Received By Job
	Partitionable Resources :    Usage  Request Allocated
	   Cpus                 :                 2         2
	   Disk (KB)            :       30        1   2121602
	   Memory (MB)          :      214     4000      4000
...
