000 (2325790.2949.000) 05/26 19:50:33 Job submitted from host: <137.138.44.75:9618?addrs=137.138.44.75-9618&noUDP&sock=3998_dfba_3>
...
001 (2325790.2949.000) 05/26 19:59:14 Job executing on host: <188.184.207.85:9618?addrs=188.184.207.85-9618+[2001-1458-301-7d--100-351]-9618&noUDP&sock=19525_1abd_3>
...
006 (2325790.2949.000) 05/26 19:59:23 Image size of job updated: 174532
	168  -  MemoryUsage of job (MB)
	171816  -  ResidentSetSize of job (KB)
...
006 (2325790.2949.000) 05/26 20:00:49 Image size of job updated: 661276
	168  -  MemoryUsage of job (MB)
	171816  -  ResidentSetSize of job (KB)
...
005 (2325790.2949.000) 05/26 20:00:58 Job terminated.
	(1) Normal termination (return value 0)
		Usr 0 00:00:57, Sys 0 00:00:03  -  Run Remote Usage
		Usr 0 00:00:00, Sys 0 00:00:00  -  Run Local Usage
		Usr 0 00:00:57, Sys 0 00:00:03  -  Total Remote Usage
		Usr 0 00:00:00, Sys 0 00:00:00  -  Total Local Usage
	9152  -  Run Bytes Sent By Job
	436  -  Run Bytes Received By Job
	9152  -  Total Bytes Sent By Job
	436  -  Total Bytes Received By Job
	Partitionable Resources :    Usage  Request Allocated
	   Cpus                 :                 2         2
	   Disk (KB)            :       30        1   2152918
	   Memory (MB)          :      168     4000      4000
...
