000 (2325790.6401.000) 05/26 19:50:42 Job submitted from host: <137.138.44.75:9618?addrs=137.138.44.75-9618&noUDP&sock=3998_dfba_3>
...
001 (2325790.6401.000) 05/26 20:04:27 Job executing on host: <188.184.205.95:9618?addrs=188.184.205.95-9618+[2001-1458-301-7d--100-160]-9618&noUDP&sock=19496_367e_3>
...
006 (2325790.6401.000) 05/26 20:04:37 Image size of job updated: 261164
	253  -  MemoryUsage of job (MB)
	258468  -  ResidentSetSize of job (KB)
...
006 (2325790.6401.000) 05/26 20:07:39 Image size of job updated: 719956
	253  -  MemoryUsage of job (MB)
	258708  -  ResidentSetSize of job (KB)
...
005 (2325790.6401.000) 05/26 20:07:40 Job terminated.
	(1) Normal termination (return value 0)
		Usr 0 00:00:57, Sys 0 00:00:02  -  Run Remote Usage
		Usr 0 00:00:00, Sys 0 00:00:00  -  Run Local Usage
		Usr 0 00:00:57, Sys 0 00:00:02  -  Total Remote Usage
		Usr 0 00:00:00, Sys 0 00:00:00  -  Total Local Usage
	9191  -  Run Bytes Sent By Job
	436  -  Run Bytes Received By Job
	9191  -  Total Bytes Sent By Job
	436  -  Total Bytes Received By Job
	Partitionable Resources :    Usage  Request Allocated
	   Cpus                 :                 2         2
	   Disk (KB)            :       32        1   2160446
	   Memory (MB)          :      253     4000      4000
...
