000 (2325790.6383.000) 05/26 19:50:42 Job submitted from host: <137.138.44.75:9618?addrs=137.138.44.75-9618&noUDP&sock=3998_dfba_3>
...
001 (2325790.6383.000) 05/26 20:04:26 Job executing on host: <188.184.142.122:9618?addrs=188.184.142.122-9618+[--1]-9618&noUDP&sock=4700_6336_3>
...
006 (2325790.6383.000) 05/26 20:04:34 Image size of job updated: 315196
	306  -  MemoryUsage of job (MB)
	312544  -  ResidentSetSize of job (KB)
...
006 (2325790.6383.000) 05/26 20:07:33 Image size of job updated: 1944812
	317  -  MemoryUsage of job (MB)
	323904  -  ResidentSetSize of job (KB)
...
005 (2325790.6383.000) 05/26 20:07:34 Job terminated.
	(1) Normal termination (return value 0)
		Usr 0 00:00:48, Sys 0 00:00:02  -  Run Remote Usage
		Usr 0 00:00:00, Sys 0 00:00:00  -  Run Local Usage
		Usr 0 00:00:48, Sys 0 00:00:02  -  Total Remote Usage
		Usr 0 00:00:00, Sys 0 00:00:00  -  Total Local Usage
	9192  -  Run Bytes Sent By Job
	436  -  Run Bytes Received By Job
	9192  -  Total Bytes Sent By Job
	436  -  Total Bytes Received By Job
	Partitionable Resources :    Usage  Request Allocated
	   Cpus                 :                 2         2
	   Disk (KB)            :       31        1   2102611
	   Memory (MB)          :      317     4000      4000
...
