000 (2325790.6992.000) 05/26 19:50:43 Job submitted from host: <137.138.44.75:9618?addrs=137.138.44.75-9618&noUDP&sock=3998_dfba_3>
...
001 (2325790.6992.000) 05/26 20:05:16 Job executing on host: <128.142.103.161:9618?addrs=128.142.103.161-9618+[2001-1458-301-89--100-3b0]-9618&noUDP&sock=16175_4879_3>
...
006 (2325790.6992.000) 05/26 20:05:24 Image size of job updated: 94888
	90  -  MemoryUsage of job (MB)
	92080  -  ResidentSetSize of job (KB)
...
006 (2325790.6992.000) 05/26 20:07:37 Image size of job updated: 136868
	90  -  MemoryUsage of job (MB)
	92080  -  ResidentSetSize of job (KB)
...
005 (2325790.6992.000) 05/26 20:07:37 Job terminated.
	(1) Normal termination (return value 0)
		Usr 0 00:00:43, Sys 0 00:00:02  -  Run Remote Usage
		Usr 0 00:00:00, Sys 0 00:00:00  -  Run Local Usage
		Usr 0 00:00:43, Sys 0 00:00:02  -  Total Remote Usage
		Usr 0 00:00:00, Sys 0 00:00:00  -  Total Local Usage
	9197  -  Run Bytes Sent By Job
	436  -  Run Bytes Received By Job
	9197  -  Total Bytes Sent By Job
	436  -  Total Bytes Received By Job
	Partitionable Resources :    Usage  Request Allocated
	   Cpus                 :                 2         2
	   Disk (KB)            :       31        1   2113785
	   Memory (MB)          :       90     4000      4000
...
