000 (2325790.13337.000) 05/26 19:51:01 Job submitted from host: <137.138.44.75:9618?addrs=137.138.44.75-9618&noUDP&sock=3998_dfba_3>
...
001 (2325790.13337.000) 05/26 20:12:45 Job executing on host: <188.185.196.52:9618?addrs=188.185.196.52-9618+[2001-1459-301-48--100-27]-9618&noUDP&sock=17247_95ff_3>
...
006 (2325790.13337.000) 05/26 20:12:54 Image size of job updated: 289740
	283  -  MemoryUsage of job (MB)
	289660  -  ResidentSetSize of job (KB)
...
006 (2325790.13337.000) 05/26 20:13:56 Image size of job updated: 289740
	285  -  MemoryUsage of job (MB)
	291480  -  ResidentSetSize of job (KB)
...
005 (2325790.13337.000) 05/26 20:13:56 Job terminated.
	(1) Normal termination (return value 0)
		Usr 0 00:00:39, Sys 0 00:00:02  -  Run Remote Usage
		Usr 0 00:00:00, Sys 0 00:00:00  -  Run Local Usage
		Usr 0 00:00:39, Sys 0 00:00:02  -  Total Remote Usage
		Usr 0 00:00:00, Sys 0 00:00:00  -  Total Local Usage
	9201  -  Run Bytes Sent By Job
	436  -  Run Bytes Received By Job
	9201  -  Total Bytes Sent By Job
	436  -  Total Bytes Received By Job
	Partitionable Resources :    Usage  Request Allocated
	   Cpus                 :                 2         2
	   Disk (KB)            :       29        1   3951579
	   Memory (MB)          :      285     4000      4000
...
