000 (2325790.12315.000) 05/26 19:50:58 Job submitted from host: <137.138.44.75:9618?addrs=137.138.44.75-9618&noUDP&sock=3998_dfba_3>
...
001 (2325790.12315.000) 05/26 20:11:22 Job executing on host: <188.184.204.233:9618?addrs=188.184.204.233-9618+[2001-1458-301-7d--100-e5]-9618&noUDP&sock=19601_3bf0_3>
...
006 (2325790.12315.000) 05/26 20:11:30 Image size of job updated: 91952
	89  -  MemoryUsage of job (MB)
	90900  -  ResidentSetSize of job (KB)
...
006 (2325790.12315.000) 05/26 20:14:24 Image size of job updated: 223768
	89  -  MemoryUsage of job (MB)
	90900  -  ResidentSetSize of job (KB)
...
005 (2325790.12315.000) 05/26 20:14:24 Job terminated.
	(1) Normal termination (return value 0)
		Usr 0 00:00:44, Sys 0 00:00:02  -  Run Remote Usage
		Usr 0 00:00:00, Sys 0 00:00:00  -  Run Local Usage
		Usr 0 00:00:44, Sys 0 00:00:02  -  Total Remote Usage
		Usr 0 00:00:00, Sys 0 00:00:00  -  Total Local Usage
	9157  -  Run Bytes Sent By Job
	436  -  Run Bytes Received By Job
	9157  -  Total Bytes Sent By Job
	436  -  Total Bytes Received By Job
	Partitionable Resources :    Usage  Request Allocated
	   Cpus                 :                 2         2
	   Disk (KB)            :       31        1   2215732
	   Memory (MB)          :       89     4000      4000
...
