000 (2325790.13788.000) 05/26 19:51:02 Job submitted from host: <137.138.44.75:9618?addrs=137.138.44.75-9618&noUDP&sock=3998_dfba_3>
...
001 (2325790.13788.000) 05/26 20:13:23 Job executing on host: <188.184.180.236:9618?addrs=188.184.180.236-9618+[--1]-9618&noUDP&sock=4675_3d58_3>
...
006 (2325790.13788.000) 05/26 20:13:31 Image size of job updated: 302792
	295  -  MemoryUsage of job (MB)
	301536  -  ResidentSetSize of job (KB)
...
006 (2325790.13788.000) 05/26 20:14:48 Image size of job updated: 737324
	295  -  MemoryUsage of job (MB)
	301616  -  ResidentSetSize of job (KB)
...
005 (2325790.13788.000) 05/26 20:14:48 Job terminated.
	(1) Normal termination (return value 0)
		Usr 0 00:00:35, Sys 0 00:00:01  -  Run Remote Usage
		Usr 0 00:00:00, Sys 0 00:00:00  -  Run Local Usage
		Usr 0 00:00:35, Sys 0 00:00:01  -  Total Remote Usage
		Usr 0 00:00:00, Sys 0 00:00:00  -  Total Local Usage
	8286  -  Run Bytes Sent By Job
	436  -  Run Bytes Received By Job
	8286  -  Total Bytes Sent By Job
	436  -  Total Bytes Received By Job
	Partitionable Resources :    Usage  Request Allocated
	   Cpus                 :                 2         2
	   Disk (KB)            :       28        1   1852764
	   Memory (MB)          :      295     4000      4000
...
