000 (2325790.13267.000) 05/26 19:51:00 Job submitted from host: <137.138.44.75:9618?addrs=137.138.44.75-9618&noUDP&sock=3998_dfba_3>
...
001 (2325790.13267.000) 05/26 20:12:32 Job executing on host: <128.142.104.214:9618?addrs=128.142.104.214-9618+[2001-1458-301-8b--100-ad]-9618&noUDP&sock=15980_8781_3>
...
006 (2325790.13267.000) 05/26 20:12:41 Image size of job updated: 94568
	93  -  MemoryUsage of job (MB)
	94568  -  ResidentSetSize of job (KB)
...
006 (2325790.13267.000) 05/26 20:14:06 Image size of job updated: 94568
	94  -  MemoryUsage of job (MB)
	96132  -  ResidentSetSize of job (KB)
...
005 (2325790.13267.000) 05/26 20:14:06 Job terminated.
	(1) Normal termination (return value 0)
		Usr 0 00:00:37, Sys 0 00:00:01  -  Run Remote Usage
		Usr 0 00:00:00, Sys 0 00:00:00  -  Run Local Usage
		Usr 0 00:00:37, Sys 0 00:00:01  -  Total Remote Usage
		Usr 0 00:00:00, Sys 0 00:00:00  -  Total Local Usage
	9199  -  Run Bytes Sent By Job
	436  -  Run Bytes Received By Job
	9199  -  Total Bytes Sent By Job
	436  -  Total Bytes Received By Job
	Partitionable Resources :    Usage  Request Allocated
	   Cpus                 :                 2         2
	   Disk (KB)            :       30        1   2117651
	   Memory (MB)          :       94     4000      4000
...
