000 (2325790.3005.000) 05/26 19:50:33 Job submitted from host: <137.138.44.75:9618?addrs=137.138.44.75-9618&noUDP&sock=3998_dfba_3>
...
001 (2325790.3005.000) 05/26 19:59:19 Job executing on host: <188.184.206.163:9618?addrs=188.184.206.163-9618+[2001-1458-301-7d--100-2a6]-9618&noUDP&sock=19507_c209_3>
...
006 (2325790.3005.000) 05/26 19:59:28 Image size of job updated: 281520
	273  -  MemoryUsage of job (MB)
	278728  -  ResidentSetSize of job (KB)
...
006 (2325790.3005.000) 05/26 20:01:43 Image size of job updated: 699904
	273  -  MemoryUsage of job (MB)
	278804  -  ResidentSetSize of job (KB)
...
005 (2325790.3005.000) 05/26 20:01:52 Job terminated.
	(1) Normal termination (return value 0)
		Usr 0 00:00:59, Sys 0 00:00:02  -  Run Remote Usage
		Usr 0 00:00:00, Sys 0 00:00:00  -  Run Local Usage
		Usr 0 00:00:59, Sys 0 00:00:02  -  Total Remote Usage
		Usr 0 00:00:00, Sys 0 00:00:00  -  Total Local Usage
	9147  -  Run Bytes Sent By Job
	436  -  Run Bytes Received By Job
	9147  -  Total Bytes Sent By Job
	436  -  Total Bytes Received By Job
	Partitionable Resources :    Usage  Request Allocated
	   Cpus                 :                 2         2
	   Disk (KB)            :       31        1   2208400
	   Memory (MB)          :      273     4000      4000
...
