000 (2325790.11414.000) 05/26 19:50:56 Job submitted from host: <137.138.44.75:9618?addrs=137.138.44.75-9618&noUDP&sock=3998_dfba_3>
...
001 (2325790.11414.000) 05/26 20:10:31 Job executing on host: <188.184.133.91:9618?addrs=188.184.133.91-9618+[2001-1458-301-a0--100-157]-9618&noUDP&sock=16602_2b69_3>
...
006 (2325790.11414.000) 05/26 20:10:40 Image size of job updated: 305236
	296  -  MemoryUsage of job (MB)
	302428  -  ResidentSetSize of job (KB)
...
006 (2325790.11414.000) 05/26 20:11:03 Image size of job updated: 305236
	296  -  MemoryUsage of job (MB)
	302748  -  ResidentSetSize of job (KB)
...
005 (2325790.11414.000) 05/26 20:11:08 Job terminated.
	(1) Normal termination (return value 0)
		Usr 0 00:00:23, Sys 0 00:00:01  -  Run Remote Usage
		Usr 0 00:00:00, Sys 0 00:00:00  -  Run Local Usage
		Usr 0 00:00:23, Sys 0 00:00:01  -  Total Remote Usage
		Usr 0 00:00:00, Sys 0 00:00:00  -  Total Local Usage
	8292  -  Run Bytes Sent By Job
	436  -  Run Bytes Received By Job
	8292  -  Total Bytes Sent By Job
	436  -  Total Bytes Received By Job
	Partitionable Resources :    Usage  Request Allocated
	   Cpus                 :                 2         2
	   Disk (KB)            :       27        1   2152322
	   Memory (MB)          :      296     4000      4000
...
