000 (2325790.14676.000) 05/26 19:51:04 Job submitted from host: <137.138.44.75:9618?addrs=137.138.44.75-9618&noUDP&sock=3998_dfba_3>
...
001 (2325790.14676.000) 05/26 20:14:16 Job executing on host: <188.184.196.152:9618?addrs=188.184.196.152-9618+[2001-1458-301-102--100-7c]-9618&noUDP&sock=20818_feb2_3>
...
006 (2325790.14676.000) 05/26 20:14:24 Image size of job updated: 92652
	88  -  MemoryUsage of job (MB)
	90004  -  ResidentSetSize of job (KB)
...
006 (2325790.14676.000) 05/26 20:17:30 Image size of job updated: 1283632
	88  -  MemoryUsage of job (MB)
	90100  -  ResidentSetSize of job (KB)
...
005 (2325790.14676.000) 05/26 20:17:30 Job terminated.
	(1) Normal termination (return value 0)
		Usr 0 00:00:35, Sys 0 00:00:02  -  Run Remote Usage
		Usr 0 00:00:00, Sys 0 00:00:00  -  Run Local Usage
		Usr 0 00:00:35, Sys 0 00:00:02  -  Total Remote Usage
		Usr 0 00:00:00, Sys 0 00:00:00  -  Total Local Usage
	9195  -  Run Bytes Sent By Job
	436  -  Run Bytes Received By Job
	9195  -  Total Bytes Sent By Job
	436  -  Total Bytes Received By Job
	Partitionable Resources :    Usage  Request Allocated
	   Cpus                 :                 2         2
	   Disk (KB)            :       32        1   2984008
	   Memory (MB)          :       88     4000      4000
...
