000 (2325790.4495.000) 05/26 19:50:37 Job submitted from host: <137.138.44.75:9618?addrs=137.138.44.75-9618&noUDP&sock=3998_dfba_3>
...
001 (2325790.4495.000) 05/26 20:02:04 Job executing on host: <188.184.205.6:9618?addrs=188.184.205.6-9618+[2001-1458-301-7d--100-fc]-9618&noUDP&sock=19498_95af_3>
...
006 (2325790.4495.000) 05/26 20:02:13 Image size of job updated: 97316
	93  -  MemoryUsage of job (MB)
	94524  -  ResidentSetSize of job (KB)
...
006 (2325790.4495.000) 05/26 20:04:07 Image size of job updated: 1916476
	93  -  MemoryUsage of job (MB)
	94524  -  ResidentSetSize of job (KB)
...
005 (2325790.4495.000) 05/26 20:04:08 Job terminated.
	(1) Normal termination (return value 0)
		Usr 0 00:00:43, Sys 0 00:00:02  -  Run Remote Usage
		Usr 0 00:00:00, Sys 0 00:00:00  -  Run Local Usage
		Usr 0 00:00:43, Sys 0 00:00:02  -  Total Remote Usage
		Usr 0 00:00:00, Sys 0 00:00:00  -  Total Local Usage
	9193  -  Run Bytes Sent By Job
	436  -  Run Bytes Received By Job
	9193  -  Total Bytes Sent By Job
	436  -  Total Bytes Received By Job
	Partitionable Resources :    Usage  Request Allocated
	   Cpus                 :                 2         2
	   Disk (KB)            :       30        1   2203203
	   Memory (MB)          :       93     4000      4000
...
