000 (2325790.6069.000) 05/26 19:50:41 Job submitted from host: <137.138.44.75:9618?addrs=137.138.44.75-9618&noUDP&sock=3998_dfba_3>
...
001 (2325790.6069.000) 05/26 20:03:57 Job executing on host: <188.184.206.131:9618?addrs=188.184.206.131-9618+[2001-1458-301-7d--100-261]-9618&noUDP&sock=19592_0f96_3>
...
006 (2325790.6069.000) 05/26 20:04:05 Image size of job updated: 263076
	257  -  MemoryUsage of job (MB)
	262920  -  ResidentSetSize of job (KB)
...
006 (2325790.6069.000) 05/26 20:06:02 Image size of job updated: 708492
	258  -  MemoryUsage of job (MB)
	263508  -  ResidentSetSize of job (KB)
...
005 (2325790.6069.000) 05/26 20:06:04 Job terminated.
	(1) Normal termination (return value 0)
		Usr 0 00:00:55, Sys 0 00:00:02  -  Run Remote Usage
		Usr 0 00:00:00, Sys 0 00:00:00  -  Run Local Usage
		Usr 0 00:00:55, Sys 0 00:00:02  -  Total Remote Usage
		Usr 0 00:00:00, Sys 0 00:00:00  -  Total Local Usage
	9154  -  Run Bytes Sent By Job
	436  -  Run Bytes Received By Job
	9154  -  Total Bytes Sent By Job
	436  -  Total Bytes Received By Job
	Partitionable Resources :    Usage  Request Allocated
	   Cpus                 :                 2         2
	   Disk (KB)            :       30        1   2220391
	   Memory (MB)          :      258     4000      4000
...
