000 (2325790.11675.000) 05/26 19:50:56 Job submitted from host: <137.138.44.75:9618?addrs=137.138.44.75-9618&noUDP&sock=3998_dfba_3>
...
001 (2325790.11675.000) 05/26 20:10:47 Job executing on host: <128.142.105.54:9618?addrs=128.142.105.54-9618+[2001-1458-301-8b--100-127]-9618&noUDP&sock=16072_a237_3>
...
006 (2325790.11675.000) 05/26 20:10:56 Image size of job updated: 355172
	347  -  MemoryUsage of job (MB)
	355004  -  ResidentSetSize of job (KB)
...
006 (2325790.11675.000) 05/26 20:15:57 Image size of job updated: 355172
	347  -  MemoryUsage of job (MB)
	355032  -  ResidentSetSize of job (KB)
...
006 (2325790.11675.000) 05/26 20:16:02 Image size of job updated: 1457360
	347  -  MemoryUsage of job (MB)
	355032  -  ResidentSetSize of job (KB)
...
005 (2325790.11675.000) 05/26 20:16:02 Job terminated.
	(1) Normal termination (return value 0)
		Usr 0 00:00:36, Sys 0 00:00:01  -  Run Remote Usage
		Usr 0 00:00:00, Sys 0 00:00:00  -  Run Local Usage
		Usr 0 00:00:36, Sys 0 00:00:01  -  Total Remote Usage
		Usr 0 00:00:00, Sys 0 00:00:00  -  Total Local Usage
	9157  -  Run Bytes Sent By Job
	436  -  Run Bytes Received By Job
	9157  -  Total Bytes Sent By Job
	436  -  Total Bytes Received By Job
	Partitionable Resources :    Usage  Request Allocated
	   Cpus                 :                 2         2
	   Disk (KB)            :       34        1   2150204
	   Memory (MB)          :      347     4000      4000
...
