000 (2325790.9768.000) 05/26 19:50:50 Job submitted from host: <137.138.44.75:9618?addrs=137.138.44.75-9618&noUDP&sock=3998_dfba_3>
...
001 (2325790.9768.000) 05/26 20:08:33 Job executing on host: <128.142.96.45:9618?addrs=128.142.96.45-9618+[2001-1458-301-87--100-23]-9618&noUDP&sock=16898_3372_3>
...
006 (2325790.9768.000) 05/26 20:08:42 Image size of job updated: 307088
	300  -  MemoryUsage of job (MB)
	307016  -  ResidentSetSize of job (KB)
...
006 (2325790.9768.000) 05/26 20:10:09 Image size of job updated: 1344804
	300  -  MemoryUsage of job (MB)
	307180  -  ResidentSetSize of job (KB)
...
005 (2325790.9768.000) 05/26 20:10:13 Job terminated.
	(1) Normal termination (return value 0)
		Usr 0 00:00:43, Sys 0 00:00:02  -  Run Remote Usage
		Usr 0 00:00:00, Sys 0 00:00:00  -  Run Local Usage
		Usr 0 00:00:43, Sys 0 00:00:02  -  Total Remote Usage
		Usr 0 00:00:00, Sys 0 00:00:00  -  Total Local Usage
	9206  -  Run Bytes Sent By Job
	436  -  Run Bytes Received By Job
	9206  -  Total Bytes Sent By Job
	436  -  Total Bytes Received By Job
	Partitionable Resources :    Usage  Request Allocated
	   Cpus                 :                 2         2
	   Disk (KB)            :       30        1   4329931
	   Memory (MB)          :      300     4000      4000
...
