000 (2325790.2209.000) 05/26 19:50:31 Job submitted from host: <137.138.44.75:9618?addrs=137.138.44.75-9618&noUDP&sock=3998_dfba_3>
...
001 (2325790.2209.000) 05/26 19:58:12 Job executing on host: <188.184.207.73:9618?addrs=188.184.207.73-9618+[2001-1458-301-7d--100-355]-9618&noUDP&sock=19570_f880_3>
...
006 (2325790.2209.000) 05/26 19:58:20 Image size of job updated: 228424
	221  -  MemoryUsage of job (MB)
	225616  -  ResidentSetSize of job (KB)
...
006 (2325790.2209.000) 05/26 20:01:03 Image size of job updated: 730412
	221  -  MemoryUsage of job (MB)
	225752  -  ResidentSetSize of job (KB)
...
005 (2325790.2209.000) 05/26 20:01:07 Job terminated.
	(1) Normal termination (return value 0)
		Usr 0 00:01:04, Sys 0 00:00:02  -  Run Remote Usage
		Usr 0 00:00:00, Sys 0 00:00:00  -  Run Local Usage
		Usr 0 00:01:04, Sys 0 00:00:02  -  Total Remote Usage
		Usr 0 00:00:00, Sys 0 00:00:00  -  Total Local Usage
	9190  -  Run Bytes Sent By Job
	436  -  Run Bytes Received By Job
	9190  -  Total Bytes Sent By Job
	436  -  Total Bytes Received By Job
	Partitionable Resources :    Usage  Request Allocated
	   Cpus                 :                 2         2
	   Disk (KB)            :       31        1   2044981
	   Memory (MB)          :      221     4000      4000
...
