000 (2325790.1143.000) 05/26 19:50:28 Job submitted from host: <137.138.44.75:9618?addrs=137.138.44.75-9618&noUDP&sock=3998_dfba_3>
...
001 (2325790.1143.000) 05/26 19:59:41 Job executing on host: <188.185.168.87:9618?addrs=188.185.168.87-9618+[2001-1459-301-a8--100-58]-9618&noUDP&sock=19716_1d54_3>
...
006 (2325790.1143.000) 05/26 19:59:50 Image size of job updated: 62620
	59  -  MemoryUsage of job (MB)
	59752  -  ResidentSetSize of job (KB)
...
005 (2325790.1143.000) 05/26 20:04:17 Job terminated.
	(1) Normal termination (return value 0)
		Usr 0 00:00:56, Sys 0 00:00:03  -  Run Remote Usage
		Usr 0 00:00:00, Sys 0 00:00:00  -  Run Local Usage
		Usr 0 00:00:56, Sys 0 00:00:03  -  Total Remote Usage
		Usr 0 00:00:00, Sys 0 00:00:00  -  Total Local Usage
	9150  -  Run Bytes Sent By Job
	436  -  Run Bytes Received By Job
	9150  -  Total Bytes Sent By Job
	436  -  Total Bytes Received By Job
	Partitionable Resources :    Usage  Request Allocated
	   Cpus                 :                 2         2
	   Disk (KB)            :       33        1   2095856
	   Memory (MB)          :       59     4000      4000
...
