000 (2325790.11971.000) 05/26 19:50:57 Job submitted from host: <137.138.44.75:9618?addrs=137.138.44.75-9618&noUDP&sock=3998_dfba_3>
...
001 (2325790.11971.000) 05/26 20:11:04 Job executing on host: <188.184.143.29:9618?addrs=188.184.143.29-9618+[2001-1458-301-46--100-112]-9618&noUDP&sock=19728_5877_3>
...
006 (2325790.11971.000) 05/26 20:11:13 Image size of job updated: 98740
	94  -  MemoryUsage of job (MB)
	96000  -  ResidentSetSize of job (KB)
...
006 (2325790.11971.000) 05/26 20:12:58 Image size of job updated: 206096
	94  -  MemoryUsage of job (MB)
	96008  -  ResidentSetSize of job (KB)
...
005 (2325790.11971.000) 05/26 20:13:11 Job terminated.
	(1) Normal termination (return value 0)
		Usr 0 00:00:40, Sys 0 00:00:02  -  Run Remote Usage
		Usr 0 00:00:00, Sys 0 00:00:00  -  Run Local Usage
		Usr 0 00:00:40, Sys 0 00:00:02  -  Total Remote Usage
		Usr 0 00:00:00, Sys 0 00:00:00  -  Total Local Usage
	9195  -  Run Bytes Sent By Job
	436  -  Run Bytes Received By Job
	9195  -  Total Bytes Sent By Job
	436  -  Total Bytes Received By Job
	Partitionable Resources :    Usage  Request Allocated
	   Cpus                 :                 2         2
	   Disk (KB)            :       30        1   2005291
	   Memory (MB)          :       94     4000      4000
...
