000 (2325790.2134.000) 05/26 19:50:31 Job submitted from host: <137.138.44.75:9618?addrs=137.138.44.75-9618&noUDP&sock=3998_dfba_3>
...
001 (2325790.2134.000) 05/26 19:58:02 Job executing on host: <188.184.205.174:9618?addrs=188.184.205.174-9618+[2001-1458-301-7d--100-1bb]-9618&noUDP&sock=19639_4c89_3>
...
006 (2325790.2134.000) 05/26 19:58:11 Image size of job updated: 235100
	227  -  MemoryUsage of job (MB)
	232444  -  ResidentSetSize of job (KB)
...
006 (2325790.2134.000) 05/26 19:59:18 Image size of job updated: 745280
	228  -  MemoryUsage of job (MB)
	232696  -  ResidentSetSize of job (KB)
...
005 (2325790.2134.000) 05/26 19:59:19 Job terminated.
	(1) Normal termination (return value 0)
		Usr 0 00:00:58, Sys 0 00:00:02  -  Run Remote Usage
		Usr 0 00:00:00, Sys 0 00:00:00  -  Run Local Usage
		Usr 0 00:00:58, Sys 0 00:00:02  -  Total Remote Usage
		Usr 0 00:00:00, Sys 0 00:00:00  -  Total Local Usage
	9191  -  Run Bytes Sent By Job
	436  -  Run Bytes Received By Job
	9191  -  Total Bytes Sent By Job
	436  -  Total Bytes Received By Job
	Partitionable Resources :    Usage  Request Allocated
	   Cpus                 :                 2         2
	   Disk (KB)            :       29        1   2132999
	   Memory (MB)          :      228     4000      4000
...
