000 (2325790.13393.000) 05/26 19:51:01 Job submitted from host: <137.138.44.75:9618?addrs=137.138.44.75-9618&noUDP&sock=3998_dfba_3>
...
001 (2325790.13393.000) 05/26 20:12:54 Job executing on host: <188.184.204.248:9618?addrs=188.184.204.248-9618+[2001-1458-301-7d--100-10e]-9618&noUDP&sock=19648_78e3_3>
...
006 (2325790.13393.000) 05/26 20:13:04 Image size of job updated: 98464
	94  -  MemoryUsage of job (MB)
	95672  -  ResidentSetSize of job (KB)
...
006 (2325790.13393.000) 05/26 20:15:07 Image size of job updated: 1381816
	94  -  MemoryUsage of job (MB)
	95672  -  ResidentSetSize of job (KB)
...
005 (2325790.13393.000) 05/26 20:15:07 Job terminated.
	(1) Normal termination (return value 0)
		Usr 0 00:00:43, Sys 0 00:00:02  -  Run Remote Usage
		Usr 0 00:00:00, Sys 0 00:00:00  -  Run Local Usage
		Usr 0 00:00:43, Sys 0 00:00:02  -  Total Remote Usage
		Usr 0 00:00:00, Sys 0 00:00:00  -  Total Local Usage
	9196  -  Run Bytes Sent By Job
	436  -  Run Bytes Received By Job
	9196  -  Total Bytes Sent By Job
	436  -  Total Bytes Received By Job
	Partitionable Resources :    Usage  Request Allocated
	   Cpus                 :                 2         2
	   Disk (KB)            :       31        1   2214441
	   Memory (MB)          :       94     4000      4000
...
