000 (2325790.11905.000) 05/26 19:50:57 Job submitted from host: <137.138.44.75:9618?addrs=137.138.44.75-9618&noUDP&sock=3998_dfba_3>
...
001 (2325790.11905.000) 05/26 20:11:01 Job executing on host: <188.184.204.35:9618?addrs=188.184.204.35-9618+[2001-1458-301-7d--100-f]-9618&noUDP&sock=19574_b6e1_3>
...
006 (2325790.11905.000) 05/26 20:11:10 Image size of job updated: 288284
	279  -  MemoryUsage of job (MB)
	285476  -  ResidentSetSize of job (KB)
...
005 (2325790.11905.000) 05/26 20:12:47 Job terminated.
	(1) Normal termination (return value 0)
		Usr 0 00:00:44, Sys 0 00:00:02  -  Run Remote Usage
		Usr 0 00:00:00, Sys 0 00:00:00  -  Run Local Usage
		Usr 0 00:00:44, Sys 0 00:00:02  -  Total Remote Usage
		Usr 0 00:00:00, Sys 0 00:00:00  -  Total Local Usage
	9198  -  Run Bytes Sent By Job
	436  -  Run Bytes Received By Job
	9198  -  Total Bytes Sent By Job
	436  -  Total Bytes Received By Job
	Partitionable Resources :    Usage  Request Allocated
	   Cpus                 :                 2         2
	   Disk (KB)            :       30        1   2163649
	   Memory (MB)          :      279     4000      4000
...
