000 (2325790.7649.000) 05/26 19:50:45 Job submitted from host: <137.138.44.75:9618?addrs=137.138.44.75-9618&noUDP&sock=3998_dfba_3>
...
001 (2325790.7649.000) 05/26 20:06:07 Job executing on host: <188.184.133.143:9618?addrs=188.184.133.143-9618+[2001-1458-301-a0--100-17b]-9618&noUDP&sock=16629_b078_3>
...
006 (2325790.7649.000) 05/26 20:06:16 Image size of job updated: 98352
	97  -  MemoryUsage of job (MB)
	98352  -  ResidentSetSize of job (KB)
...
006 (2325790.7649.000) 05/26 20:07:36 Image size of job updated: 255080
	97  -  MemoryUsage of job (MB)
	98416  -  ResidentSetSize of job (KB)
...
005 (2325790.7649.000) 05/26 20:07:36 Job terminated.
	(1) Normal termination (return value 0)
		Usr 0 00:00:37, Sys 0 00:00:01  -  Run Remote Usage
		Usr 0 00:00:00, Sys 0 00:00:00  -  Run Local Usage
		Usr 0 00:00:37, Sys 0 00:00:01  -  Total Remote Usage
		Usr 0 00:00:00, Sys 0 00:00:00  -  Total Local Usage
	9189  -  Run Bytes Sent By Job
	436  -  Run Bytes Received By Job
	9189  -  Total Bytes Sent By Job
	436  -  Total Bytes Received By Job
	Partitionable Resources :    Usage  Request Allocated
	   Cpus                 :                 2         2
	   Disk (KB)            :       29        1   2136760
	   Memory (MB)          :       97     4000      4000
...
