000 (2325790.10683.000) 05/26 19:50:52 Job submitted from host: <137.138.44.75:9618?addrs=137.138.44.75-9618&noUDP&sock=3998_dfba_3>
...
001 (2325790.10683.000) 05/26 20:09:29 Job executing on host: <188.184.205.46:9618?addrs=188.184.205.46-9618+[2001-1458-301-7d--100-13f]-9618&noUDP&sock=19609_b8b2_3>
...
006 (2325790.10683.000) 05/26 20:09:38 Image size of job updated: 329212
	319  -  MemoryUsage of job (MB)
	326596  -  ResidentSetSize of job (KB)
...
006 (2325790.10683.000) 05/26 20:09:59 Image size of job updated: 1329172
	319  -  MemoryUsage of job (MB)
	326596  -  ResidentSetSize of job (KB)
...
005 (2325790.10683.000) 05/26 20:10:02 Job terminated.
	(1) Normal termination (return value 0)
		Usr 0 00:00:21, Sys 0 00:00:01  -  Run Remote Usage
		Usr 0 00:00:00, Sys 0 00:00:00  -  Run Local Usage
		Usr 0 00:00:21, Sys 0 00:00:01  -  Total Remote Usage
		Usr 0 00:00:00, Sys 0 00:00:00  -  Total Local Usage
	8291  -  Run Bytes Sent By Job
	436  -  Run Bytes Received By Job
	8291  -  Total Bytes Sent By Job
	436  -  Total Bytes Received By Job
	Partitionable Resources :    Usage  Request Allocated
	   Cpus                 :                 2         2
	   Disk (KB)            :       27        1   2116255
	   Memory (MB)          :      319     4000      4000
...
