000 (2325790.6082.000) 05/26 19:50:41 Job submitted from host: <137.138.44.75:9618?addrs=137.138.44.75-9618&noUDP&sock=3998_dfba_3>
...
001 (2325790.6082.000) 05/26 20:03:59 Job executing on host: <188.184.204.232:9618?addrs=188.184.204.232-9618+[2001-1458-301-7d--100-db]-9618&noUDP&sock=19637_ed59_3>
...
006 (2325790.6082.000) 05/26 20:04:08 Image size of job updated: 92732
	89  -  MemoryUsage of job (MB)
	90796  -  ResidentSetSize of job (KB)
...
006 (2325790.6082.000) 05/26 20:06:31 Image size of job updated: 1907796
	89  -  MemoryUsage of job (MB)
	90796  -  ResidentSetSize of job (KB)
...
005 (2325790.6082.000) 05/26 20:06:38 Job terminated.
	(1) Normal termination (return value 0)
		Usr 0 00:00:57, Sys 0 00:00:03  -  Run Remote Usage
		Usr 0 00:00:00, Sys 0 00:00:00  -  Run Local Usage
		Usr 0 00:00:57, Sys 0 00:00:03  -  Total Remote Usage
		Usr 0 00:00:00, Sys 0 00:00:00  -  Total Local Usage
	9192  -  Run Bytes Sent By Job
	436  -  Run Bytes Received By Job
	9192  -  Total Bytes Sent By Job
	436  -  Total Bytes Received By Job
	Partitionable Resources :    Usage  Request Allocated
	   Cpus                 :                 2         2
	   Disk (KB)            :       31        1   2125756
	   Memory (MB)          :       89     4000      4000
...
