000 (2325790.6886.000) 05/26 19:50:43 Job submitted from host: <137.138.44.75:9618?addrs=137.138.44.75-9618&noUDP&sock=3998_dfba_3>
...
001 (2325790.6886.000) 05/26 20:05:09 Job executing on host: <188.184.205.168:9618?addrs=188.184.205.168-9618+[2001-1458-301-7d--100-1b4]-9618&noUDP&sock=19761_fb17_3>
...
006 (2325790.6886.000) 05/26 20:05:18 Image size of job updated: 305892
	299  -  MemoryUsage of job (MB)
	305752  -  ResidentSetSize of job (KB)
...
006 (2325790.6886.000) 05/26 20:06:10 Image size of job updated: 593636
	299  -  MemoryUsage of job (MB)
	306144  -  ResidentSetSize of job (KB)
...
005 (2325790.6886.000) 05/26 20:06:21 Job terminated.
	(1) Normal termination (return value 0)
		Usr 0 00:00:46, Sys 0 00:00:02  -  Run Remote Usage
		Usr 0 00:00:00, Sys 0 00:00:00  -  Run Local Usage
		Usr 0 00:00:46, Sys 0 00:00:02  -  Total Remote Usage
		Usr 0 00:00:00, Sys 0 00:00:00  -  Total Local Usage
	10025  -  Run Bytes Sent By Job
	436  -  Run Bytes Received By Job
	10025  -  Total Bytes Sent By Job
	436  -  Total Bytes Received By Job
	Partitionable Resources :    Usage  Request Allocated
	   Cpus                 :                 2         2
	   Disk (KB)            :       30        1   2117623
	   Memory (MB)          :      299     4000      4000
...
