000 (2325790.5255.000) 05/26 19:50:39 Job submitted from host: <137.138.44.75:9618?addrs=137.138.44.75-9618&noUDP&sock=3998_dfba_3>
...
001 (2325790.5255.000) 05/26 20:02:59 Job executing on host: <188.184.206.7:9618?addrs=188.184.206.7-9618+[2001-1458-301-7d--100-210]-9618&noUDP&sock=19625_b236_3>
...
006 (2325790.5255.000) 05/26 20:03:08 Image size of job updated: 94900
	91  -  MemoryUsage of job (MB)
	92172  -  ResidentSetSize of job (KB)
...
006 (2325790.5255.000) 05/26 20:05:26 Image size of job updated: 726716
	91  -  MemoryUsage of job (MB)
	92172  -  ResidentSetSize of job (KB)
...
005 (2325790.5255.000) 05/26 20:05:26 Job terminated.
	(1) Normal termination (return value 0)
		Usr 0 00:00:57, Sys 0 00:00:02  -  Run Remote Usage
		Usr 0 00:00:00, Sys 0 00:00:00  -  Run Local Usage
		Usr 0 00:00:57, Sys 0 00:00:02  -  Total Remote Usage
		Usr 0 00:00:00, Sys 0 00:00:00  -  Total Local Usage
	9152  -  Run Bytes Sent By Job
	436  -  Run Bytes Received By Job
	9152  -  Total Bytes Sent By Job
	436  -  Total Bytes Received By Job
	Partitionable Resources :    Usage  Request Allocated
	   Cpus                 :                 2         2
	   Disk (KB)            :       31        1   2172131
	   Memory (MB)          :       91     4000      4000
...
