000 (2325790.836.000) 05/26 19:50:27 Job submitted from host: <137.138.44.75:9618?addrs=137.138.44.75-9618&noUDP&sock=3998_dfba_3>
...
001 (2325790.836.000) 05/26 19:57:46 Job executing on host: <128.142.101.63:9618?addrs=128.142.101.63-9618+[--1]-9618&noUDP&sock=4134_289b_3>
...
006 (2325790.836.000) 05/26 19:57:55 Image size of job updated: 263776
	232  -  MemoryUsage of job (MB)
	237468  -  ResidentSetSize of job (KB)
...
006 (2325790.836.000) 05/26 19:59:43 Image size of job updated: 263776
	233  -  MemoryUsage of job (MB)
	237624  -  ResidentSetSize of job (KB)
...
005 (2325790.836.000) 05/26 19:59:44 Job terminated.
	(1) Normal termination (return value 0)
		Usr 0 00:00:49, Sys 0 00:00:02  -  Run Remote Usage
		Usr 0 00:00:00, Sys 0 00:00:00  -  Run Local Usage
		Usr 0 00:00:49, Sys 0 00:00:02  -  Total Remote Usage
		Usr 0 00:00:00, Sys 0 00:00:00  -  Total Local Usage
	9204  -  Run Bytes Sent By Job
	436  -  Run Bytes Received By Job
	9204  -  Total Bytes Sent By Job
	436  -  Total Bytes Received By Job
	Partitionable Resources :    Usage  Request Allocated
	   Cpus                 :                 2         2
	   Disk (KB)            :       30        1   2092701
	   Memory (MB)          :      233     4000      4000
...
