000 (2325790.12196.000) 05/26 19:50:58 Job submitted from host: <137.138.44.75:9618?addrs=137.138.44.75-9618&noUDP&sock=3998_dfba_3>
...
001 (2325790.12196.000) 05/26 20:11:15 Job executing on host: <128.142.133.200:9618?addrs=128.142.133.200-9618+[2001-1458-301-32--100-bb]-9618&noUDP&sock=19512_3002_3>
...
006 (2325790.12196.000) 05/26 20:11:23 Image size of job updated: 236868
	230  -  MemoryUsage of job (MB)
	234528  -  ResidentSetSize of job (KB)
...
006 (2325790.12196.000) 05/26 20:11:48 Image size of job updated: 236868
	230  -  MemoryUsage of job (MB)
	234536  -  ResidentSetSize of job (KB)
...
005 (2325790.12196.000) 05/26 20:12:02 Job terminated.
	(1) Normal termination (return value 0)
		Usr 0 00:00:24, Sys 0 00:00:01  -  Run Remote Usage
		Usr 0 00:00:00, Sys 0 00:00:00  -  Run Local Usage
		Usr 0 00:00:24, Sys 0 00:00:01  -  Total Remote Usage
		Usr 0 00:00:00, Sys 0 00:00:00  -  Total Local Usage
	8667  -  Run Bytes Sent By Job
	436  -  Run Bytes Received By Job
	8667  -  Total Bytes Sent By Job
	436  -  Total Bytes Received By Job
	Partitionable Resources :    Usage  Request Allocated
	   Cpus                 :                 2         2
	   Disk (KB)            :       28        1   2070287
	   Memory (MB)          :      230     4000      4000
...
