000 (2325790.2441.000) 05/26 19:50:32 Job submitted from host: <137.138.44.75:9618?addrs=137.138.44.75-9618&noUDP&sock=3998_dfba_3>
...
001 (2325790.2441.000) 05/26 20:00:16 Job executing on host: <128.142.97.13:9618?addrs=128.142.97.13-9618+[2001-1458-301-87--100-101]-9618&noUDP&sock=16886_f84f_3>
...
006 (2325790.2441.000) 05/26 20:00:24 Image size of job updated: 54120
	53  -  MemoryUsage of job (MB)
	53796  -  ResidentSetSize of job (KB)
...
006 (2325790.2441.000) 05/26 20:02:41 Image size of job updated: 761852
	53  -  MemoryUsage of job (MB)
	53796  -  ResidentSetSize of job (KB)
...
005 (2325790.2441.000) 05/26 20:02:41 Job terminated.
	(1) Normal termination (return value 0)
		Usr 0 00:00:59, Sys 0 00:00:02  -  Run Remote Usage
		Usr 0 00:00:00, Sys 0 00:00:00  -  Run Local Usage
		Usr 0 00:00:59, Sys 0 00:00:02  -  Total Remote Usage
		Usr 0 00:00:00, Sys 0 00:00:00  -  Total Local Usage
	9192  -  Run Bytes Sent By Job
	436  -  Run Bytes Received By Job
	9192  -  Total Bytes Sent By Job
	436  -  Total Bytes Received By Job
	Partitionable Resources :    Usage  Request Allocated
	   Cpus                 :                 2         2
	   Disk (KB)            :       30        1   4278651
	   Memory (MB)          :       53     4000      4000
...
