000 (2325790.6050.000) 05/26 19:50:41 Job submitted from host: <137.138.44.75:9618?addrs=137.138.44.75-9618&noUDP&sock=3998_dfba_3>
...
001 (2325790.6050.000) 05/26 20:03:55 Job executing on host: <188.184.204.24:9618?addrs=188.184.204.24-9618+[2001-1458-301-7d--100-2]-9618&noUDP&sock=19602_eb88_3>
...
006 (2325790.6050.000) 05/26 20:04:04 Image size of job updated: 264316
	256  -  MemoryUsage of job (MB)
	261588  -  ResidentSetSize of job (KB)
...
006 (2325790.6050.000) 05/26 20:06:17 Image size of job updated: 737272
	256  -  MemoryUsage of job (MB)
	261588  -  ResidentSetSize of job (KB)
...
005 (2325790.6050.000) 05/26 20:06:30 Job terminated.
	(1) Normal termination (return value 0)
		Usr 0 00:00:55, Sys 0 00:00:02  -  Run Remote Usage
		Usr 0 00:00:00, Sys 0 00:00:00  -  Run Local Usage
		Usr 0 00:00:55, Sys 0 00:00:02  -  Total Remote Usage
		Usr 0 00:00:00, Sys 0 00:00:00  -  Total Local Usage
	9151  -  Run Bytes Sent By Job
	436  -  Run Bytes Received By Job
	9151  -  Total Bytes Sent By Job
	436  -  Total Bytes Received By Job
	Partitionable Resources :    Usage  Request Allocated
	   Cpus                 :                 2         2
	   Disk (KB)            :       31        1   2143217
	   Memory (MB)          :      256     4000      4000
...
