000 (2325790.5432.000) 05/26 19:50:40 Job submitted from host: <137.138.44.75:9618?addrs=137.138.44.75-9618&noUDP&sock=3998_dfba_3>
...
001 (2325790.5432.000) 05/26 20:03:13 Job executing on host: <188.184.205.33:9618?addrs=188.184.205.33-9618+[2001-1458-301-7d--100-113]-9618&noUDP&sock=19504_b340_3>
...
006 (2325790.5432.000) 05/26 20:03:21 Image size of job updated: 243864
	236  -  MemoryUsage of job (MB)
	241396  -  ResidentSetSize of job (KB)
...
006 (2325790.5432.000) 05/26 20:04:31 Image size of job updated: 715752
	236  -  MemoryUsage of job (MB)
	241632  -  ResidentSetSize of job (KB)
...
005 (2325790.5432.000) 05/26 20:04:31 Job terminated.
	(1) Normal termination (return value 0)
		Usr 0 00:00:57, Sys 0 00:00:03  -  Run Remote Usage
		Usr 0 00:00:00, Sys 0 00:00:00  -  Run Local Usage
		Usr 0 00:00:57, Sys 0 00:00:03  -  Total Remote Usage
		Usr 0 00:00:00, Sys 0 00:00:00  -  Total Local Usage
	9191  -  Run Bytes Sent By Job
	436  -  Run Bytes Received By Job
	9191  -  Total Bytes Sent By Job
	436  -  Total Bytes Received By Job
	Partitionable Resources :    Usage  Request Allocated
	   Cpus                 :                 2         2
	   Disk (KB)            :       29        1   2171655
	   Memory (MB)          :      236     4000      4000
...
