000 (2325790.13453.000) 05/26 19:51:01 Job submitted from host: <137.138.44.75:9618?addrs=137.138.44.75-9618&noUDP&sock=3998_dfba_3>
...
001 (2325790.13453.000) 05/26 20:12:59 Job executing on host: <188.184.205.101:9618?addrs=188.184.205.101-9618+[2001-1458-301-7d--100-166]-9618&noUDP&sock=19529_d91e_3>
...
006 (2325790.13453.000) 05/26 20:13:07 Image size of job updated: 76656
	73  -  MemoryUsage of job (MB)
	73928  -  ResidentSetSize of job (KB)
...
006 (2325790.13453.000) 05/26 20:18:07 Image size of job updated: 395220
	386  -  MemoryUsage of job (MB)
	395220  -  ResidentSetSize of job (KB)
...
006 (2325790.13453.000) 05/26 20:23:00 Image size of job updated: 1498312
	386  -  MemoryUsage of job (MB)
	395220  -  ResidentSetSize of job (KB)
...
005 (2325790.13453.000) 05/26 20:23:00 Job terminated.
	(1) Normal termination (return value 0)
		Usr 0 00:00:43, Sys 0 00:00:02  -  Run Remote Usage
		Usr 0 00:00:00, Sys 0 00:00:00  -  Run Local Usage
		Usr 0 00:00:43, Sys 0 00:00:02  -  Total Remote Usage
		Usr 0 00:00:00, Sys 0 00:00:00  -  Total Local Usage
	9197  -  Run Bytes Sent By Job
	436  -  Run Bytes Received By Job
	9197  -  Total Bytes Sent By Job
	436  -  Total Bytes Received By Job
	Partitionable Resources :    Usage  Request Allocated
	   Cpus                 :                 2         2
	   Disk (KB)            :       40        1   2182291
	   Memory (MB)          :      386     4000      4000
...
