000 (2325790.5487.000) 05/26 19:50:40 Job submitted from host: <137.138.44.75:9618?addrs=137.138.44.75-9618&noUDP&sock=3998_dfba_3>
...
001 (2325790.5487.000) 05/26 20:03:17 Job executing on host: <188.184.180.177:9618?addrs=188.184.180.177-9618+[--1]-9618&noUDP&sock=4706_80c7_3>
...
006 (2325790.5487.000) 05/26 20:03:25 Image size of job updated: 287380
	279  -  MemoryUsage of job (MB)
	285320  -  ResidentSetSize of job (KB)
...
006 (2325790.5487.000) 05/26 20:05:31 Image size of job updated: 735144
	279  -  MemoryUsage of job (MB)
	285392  -  ResidentSetSize of job (KB)
...
005 (2325790.5487.000) 05/26 20:05:31 Job terminated.
	(1) Normal termination (return value 0)
		Usr 0 00:00:57, Sys 0 00:00:02  -  Run Remote Usage
		Usr 0 00:00:00, Sys 0 00:00:00  -  Run Local Usage
		Usr 0 00:00:57, Sys 0 00:00:02  -  Total Remote Usage
		Usr 0 00:00:00, Sys 0 00:00:00  -  Total Local Usage
	9189  -  Run Bytes Sent By Job
	436  -  Run Bytes Received By Job
	9189  -  Total Bytes Sent By Job
	436  -  Total Bytes Received By Job
	Partitionable Resources :    Usage  Request Allocated
	   Cpus                 :                 2         2
	   Disk (KB)            :       30        1   1729896
	   Memory (MB)          :      279     4000      4000
...
