000 (2325790.8524.000) 05/26 19:50:47 Job submitted from host: <137.138.44.75:9618?addrs=137.138.44.75-9618&noUDP&sock=3998_dfba_3>
...
001 (2325790.8524.000) 05/26 20:07:12 Job executing on host: <188.184.132.13:9618?addrs=188.184.132.13-9618+[2001-1458-301-a0--100-b]-9618&noUDP&sock=16550_807c_3>
...
006 (2325790.8524.000) 05/26 20:07:21 Image size of job updated: 100476
	96  -  MemoryUsage of job (MB)
	97668  -  ResidentSetSize of job (KB)
...
006 (2325790.8524.000) 05/26 20:08:50 Image size of job updated: 754648
	96  -  MemoryUsage of job (MB)
	97668  -  ResidentSetSize of job (KB)
...
005 (2325790.8524.000) 05/26 20:08:55 Job terminated.
	(1) Normal termination (return value 0)
		Usr 0 00:00:37, Sys 0 00:00:02  -  Run Remote Usage
		Usr 0 00:00:00, Sys 0 00:00:00  -  Run Local Usage
		Usr 0 00:00:37, Sys 0 00:00:02  -  Total Remote Usage
		Usr 0 00:00:00, Sys 0 00:00:00  -  Total Local Usage
	8287  -  Run Bytes Sent By Job
	436  -  Run Bytes Received By Job
	8287  -  Total Bytes Sent By Job
	436  -  Total Bytes Received By Job
	Partitionable Resources :    Usage  Request Allocated
	   Cpus                 :                 2         2
	   Disk (KB)            :       29        1   2049269
	   Memory (MB)          :       96     4000      4000
...
