000 (2325790.2302.000) 05/26 19:50:31 Job submitted from host: <137.138.44.75:9618?addrs=137.138.44.75-9618&noUDP&sock=3998_dfba_3>
...
001 (2325790.2302.000) 05/26 19:58:28 Job executing on host: <188.184.206.62:9618?addrs=188.184.206.62-9618+[2001-1458-301-7d--100-214]-9618&noUDP&sock=19465_f30e_3>
...
006 (2325790.2302.000) 05/26 19:58:36 Image size of job updated: 279672
	273  -  MemoryUsage of job (MB)
	279408  -  ResidentSetSize of job (KB)
...
006 (2325790.2302.000) 05/26 19:59:50 Image size of job updated: 739188
	274  -  MemoryUsage of job (MB)
	279648  -  ResidentSetSize of job (KB)
...
005 (2325790.2302.000) 05/26 19:59:50 Job terminated.
	(1) Normal termination (return value 0)
		Usr 0 00:00:51, Sys 0 00:00:02  -  Run Remote Usage
		Usr 0 00:00:00, Sys 0 00:00:00  -  Run Local Usage
		Usr 0 00:00:51, Sys 0 00:00:02  -  Total Remote Usage
		Usr 0 00:00:00, Sys 0 00:00:00  -  Total Local Usage
	9192  -  Run Bytes Sent By Job
	436  -  Run Bytes Received By Job
	9192  -  Total Bytes Sent By Job
	436  -  Total Bytes Received By Job
	Partitionable Resources :    Usage  Request Allocated
	   Cpus                 :                 2         2
	   Disk (KB)            :       30        1   2147160
	   Memory (MB)          :      274     4000      4000
...
