000 (2325790.8315.000) 05/26 19:50:47 Job submitted from host: <137.138.44.75:9618?addrs=137.138.44.75-9618&noUDP&sock=3998_dfba_3>
...
001 (2325790.8315.000) 05/26 20:06:54 Job executing on host: <188.184.207.68:9618?addrs=188.184.207.68-9618+[2001-1458-301-7d--100-359]-9618&noUDP&sock=4680_ab51_3>
...
006 (2325790.8315.000) 05/26 20:07:02 Image size of job updated: 146900
	141  -  MemoryUsage of job (MB)
	144108  -  ResidentSetSize of job (KB)
...
006 (2325790.8315.000) 05/26 20:09:12 Image size of job updated: 218624
	144  -  MemoryUsage of job (MB)
	147064  -  ResidentSetSize of job (KB)
...
005 (2325790.8315.000) 05/26 20:09:16 Job terminated.
	(1) Normal termination (return value 0)
		Usr 0 00:00:40, Sys 0 00:00:02  -  Run Remote Usage
		Usr 0 00:00:00, Sys 0 00:00:00  -  Run Local Usage
		Usr 0 00:00:40, Sys 0 00:00:02  -  Total Remote Usage
		Usr 0 00:00:00, Sys 0 00:00:00  -  Total Local Usage
	9200  -  Run Bytes Sent By Job
	436  -  Run Bytes Received By Job
	9200  -  Total Bytes Sent By Job
	436  -  Total Bytes Received By Job
	Partitionable Resources :    Usage  Request Allocated
	   Cpus                 :                 2         2
	   Disk (KB)            :       31        1   2101912
	   Memory (MB)          :      144     4000      4000
...
