000 (2325790.8055.000) 05/26 19:50:46 Job submitted from host: <137.138.44.75:9618?addrs=137.138.44.75-9618&noUDP&sock=3998_dfba_3>
...
001 (2325790.8055.000) 05/26 20:06:45 Job executing on host: <137.138.51.88:9618?addrs=137.138.51.88-9618+[2001-1458-d00-25--54]-9618&noUDP&sock=4584_d239_3>
...
006 (2325790.8055.000) 05/26 20:06:54 Image size of job updated: 94320
	90  -  MemoryUsage of job (MB)
	91512  -  ResidentSetSize of job (KB)
...
006 (2325790.8055.000) 05/26 20:08:36 Image size of job updated: 113132
	90  -  MemoryUsage of job (MB)
	91512  -  ResidentSetSize of job (KB)
...
005 (2325790.8055.000) 05/26 20:08:39 Job terminated.
	(1) Normal termination (return value 0)
		Usr 0 00:00:42, Sys 0 00:00:02  -  Run Remote Usage
		Usr 0 00:00:00, Sys 0 00:00:00  -  Run Local Usage
		Usr 0 00:00:42, Sys 0 00:00:02  -  Total Remote Usage
		Usr 0 00:00:00, Sys 0 00:00:00  -  Total Local Usage
	9191  -  Run Bytes Sent By Job
	436  -  Run Bytes Received By Job
	9191  -  Total Bytes Sent By Job
	436  -  Total Bytes Received By Job
	Partitionable Resources :    Usage  Request Allocated
	   Cpus                 :                 2         2
	   Disk (KB)            :       30        1   1859617
	   Memory (MB)          :       90     4000      4000
...
