000 (2325790.4017.000) 05/26 19:50:36 Job submitted from host: <137.138.44.75:9618?addrs=137.138.44.75-9618&noUDP&sock=3998_dfba_3>
...
001 (2325790.4017.000) 05/26 20:01:13 Job executing on host: <188.184.206.118:9618?addrs=188.184.206.118-9618+[2001-1458-301-7d--100-26f]-9618&noUDP&sock=19699_7438_3>
...
006 (2325790.4017.000) 05/26 20:01:22 Image size of job updated: 201820
	195  -  MemoryUsage of job (MB)
	199168  -  ResidentSetSize of job (KB)
...
006 (2325790.4017.000) 05/26 20:03:21 Image size of job updated: 1932216
	195  -  MemoryUsage of job (MB)
	199168  -  ResidentSetSize of job (KB)
...
005 (2325790.4017.000) 05/26 20:03:21 Job terminated.
	(1) Normal termination (return value 0)
		Usr 0 00:00:57, Sys 0 00:00:02  -  Run Remote Usage
		Usr 0 00:00:00, Sys 0 00:00:00  -  Run Local Usage
		Usr 0 00:00:57, Sys 0 00:00:02  -  Total Remote Usage
		Usr 0 00:00:00, Sys 0 00:00:00  -  Total Local Usage
	9194  -  Run Bytes Sent By Job
	436  -  Run Bytes Received By Job
	9194  -  Total Bytes Sent By Job
	436  -  Total Bytes Received By Job
	Partitionable Resources :    Usage  Request Allocated
	   Cpus                 :                 2         2
	   Disk (KB)            :       30        1   2115110
	   Memory (MB)          :      195     4000      4000
...
