000 (2325790.670.000) 05/26 19:50:27 Job submitted from host: <137.138.44.75:9618?addrs=137.138.44.75-9618&noUDP&sock=3998_dfba_3>
...
001 (2325790.670.000) 05/26 19:56:48 Job executing on host: <188.184.205.100:9618?addrs=188.184.205.100-9618+[2001-1458-301-7d--100-174]-9618&noUDP&sock=19527_79ee_3>
...
006 (2325790.670.000) 05/26 19:56:57 Image size of job updated: 254816
	238  -  MemoryUsage of job (MB)
	243276  -  ResidentSetSize of job (KB)
...
006 (2325790.670.000) 05/26 19:57:59 Image size of job updated: 713548
	239  -  MemoryUsage of job (MB)
	243920  -  ResidentSetSize of job (KB)
...
005 (2325790.670.000) 05/26 19:57:59 Job terminated.
	(1) Normal termination (return value 0)
		Usr 0 00:00:54, Sys 0 00:00:02  -  Run Remote Usage
		Usr 0 00:00:00, Sys 0 00:00:00  -  Run Local Usage
		Usr 0 00:00:54, Sys 0 00:00:02  -  Total Remote Usage
		Usr 0 00:00:00, Sys 0 00:00:00  -  Total Local Usage
	9187  -  Run Bytes Sent By Job
	436  -  Run Bytes Received By Job
	9187  -  Total Bytes Sent By Job
	436  -  Total Bytes Received By Job
	Partitionable Resources :    Usage  Request Allocated
	   Cpus                 :                 2         2
	   Disk (KB)            :       29        1   2170676
	   Memory (MB)          :      239     4000      4000
...
