000 (2325790.3426.000) 05/26 19:50:34 Job submitted from host: <137.138.44.75:9618?addrs=137.138.44.75-9618&noUDP&sock=3998_dfba_3>
...
001 (2325790.3426.000) 05/26 20:00:06 Job executing on host: <128.142.100.78:9618?addrs=128.142.100.78-9618+[2001-1458-301-89--100-45]-9618&noUDP&sock=15954_b20a_3>
...
006 (2325790.3426.000) 05/26 20:00:15 Image size of job updated: 365464
	355  -  MemoryUsage of job (MB)
	362812  -  ResidentSetSize of job (KB)
...
006 (2325790.3426.000) 05/26 20:02:34 Image size of job updated: 649496
	355  -  MemoryUsage of job (MB)
	363032  -  ResidentSetSize of job (KB)
...
005 (2325790.3426.000) 05/26 20:02:34 Job terminated.
	(1) Normal termination (return value 0)
		Usr 0 00:00:47, Sys 0 00:00:02  -  Run Remote Usage
		Usr 0 00:00:00, Sys 0 00:00:00  -  Run Local Usage
		Usr 0 00:00:47, Sys 0 00:00:02  -  Total Remote Usage
		Usr 0 00:00:00, Sys 0 00:00:00  -  Total Local Usage
	9203  -  Run Bytes Sent By Job
	436  -  Run Bytes Received By Job
	9203  -  Total Bytes Sent By Job
	436  -  Total Bytes Received By Job
	Partitionable Resources :    Usage  Request Allocated
	   Cpus                 :                 2         2
	   Disk (KB)            :       31        1   2111277
	   Memory (MB)          :      355     4000      4000
...
