000 (2325790.3502.000) 05/26 19:50:35 Job submitted from host: <137.138.44.75:9618?addrs=137.138.44.75-9618&noUDP&sock=3998_dfba_3>
...
001 (2325790.3502.000) 05/26 20:00:31 Job executing on host: <188.184.206.47:9618?addrs=188.184.206.47-9618+[2001-1458-301-7d--100-22c]-9618&noUDP&sock=19629_7097_3>
...
006 (2325790.3502.000) 05/26 20:00:39 Image size of job updated: 285212
	276  -  MemoryUsage of job (MB)
	282420  -  ResidentSetSize of job (KB)
...
006 (2325790.3502.000) 05/26 20:01:16 Image size of job updated: 676480
	277  -  MemoryUsage of job (MB)
	282896  -  ResidentSetSize of job (KB)
...
005 (2325790.3502.000) 05/26 20:01:23 Job terminated.
	(1) Normal termination (return value 0)
		Usr 0 00:00:35, Sys 0 00:00:01  -  Run Remote Usage
		Usr 0 00:00:00, Sys 0 00:00:00  -  Run Local Usage
		Usr 0 00:00:35, Sys 0 00:00:01  -  Total Remote Usage
		Usr 0 00:00:00, Sys 0 00:00:00  -  Total Local Usage
	8285  -  Run Bytes Sent By Job
	436  -  Run Bytes Received By Job
	8285  -  Total Bytes Sent By Job
	436  -  Total Bytes Received By Job
	Partitionable Resources :    Usage  Request Allocated
	   Cpus                 :                 2         2
	   Disk (KB)            :       28        1   2219827
	   Memory (MB)          :      277     4000      4000
...
