000 (2325790.12314.000) 05/26 19:50:58 Job submitted from host: <137.138.44.75:9618?addrs=137.138.44.75-9618&noUDP&sock=3998_dfba_3>
...
001 (2325790.12314.000) 05/26 20:11:22 Job executing on host: <188.184.207.98:9618?addrs=188.184.207.98-9618+[2001-1458-301-7d--100-36f]-9618&noUDP&sock=19734_7608_3>
...
006 (2325790.12314.000) 05/26 20:11:30 Image size of job updated: 93888
	90  -  MemoryUsage of job (MB)
	91212  -  ResidentSetSize of job (KB)
...
006 (2325790.12314.000) 05/26 20:14:27 Image size of job updated: 114820
	90  -  MemoryUsage of job (MB)
	91284  -  ResidentSetSize of job (KB)
...
005 (2325790.12314.000) 05/26 20:14:27 Job terminated.
	(1) Normal termination (return value 0)
		Usr 0 00:00:44, Sys 0 00:00:02  -  Run Remote Usage
		Usr 0 00:00:00, Sys 0 00:00:00  -  Run Local Usage
		Usr 0 00:00:44, Sys 0 00:00:02  -  Total Remote Usage
		Usr 0 00:00:00, Sys 0 00:00:00  -  Total Local Usage
	9156  -  Run Bytes Sent By Job
	436  -  Run Bytes Received By Job
	9156  -  Total Bytes Sent By Job
	436  -  Total Bytes Received By Job
	Partitionable Resources :    Usage  Request Allocated
	   Cpus                 :                 2         2
	   Disk (KB)            :       32        1   2200923
	   Memory (MB)          :       90     4000      4000
...
