000 (2325790.1683.000) 05/26 19:50:30 Job submitted from host: <137.138.44.75:9618?addrs=137.138.44.75-9618&noUDP&sock=3998_dfba_3>
...
001 (2325790.1683.000) 05/26 19:56:43 Job executing on host: <188.184.207.6:9618?addrs=188.184.207.6-9618+[2001-1458-301-7d--100-2fd]-9618&noUDP&sock=19525_1abd_3>
...
006 (2325790.1683.000) 05/26 19:56:51 Image size of job updated: 92884
	89  -  MemoryUsage of job (MB)
	90168  -  ResidentSetSize of job (KB)
...
006 (2325790.1683.000) 05/26 19:58:52 Image size of job updated: 673008
	89  -  MemoryUsage of job (MB)
	90268  -  ResidentSetSize of job (KB)
...
005 (2325790.1683.000) 05/26 19:58:53 Job terminated.
	(1) Normal termination (return value 0)
		Usr 0 00:00:55, Sys 0 00:00:02  -  Run Remote Usage
		Usr 0 00:00:00, Sys 0 00:00:00  -  Run Local Usage
		Usr 0 00:00:55, Sys 0 00:00:02  -  Total Remote Usage
		Usr 0 00:00:00, Sys 0 00:00:00  -  Total Local Usage
	9153  -  Run Bytes Sent By Job
	436  -  Run Bytes Received By Job
	9153  -  Total Bytes Sent By Job
	436  -  Total Bytes Received By Job
	Partitionable Resources :    Usage  Request Allocated
	   Cpus                 :                 2         2
	   Disk (KB)            :       30        1   2106032
	   Memory (MB)          :       89     4000      4000
...
