000 (2325790.12849.000) 05/26 19:50:59 Job submitted from host: <137.138.44.75:9618?addrs=137.138.44.75-9618&noUDP&sock=3998_dfba_3>
...
001 (2325790.12849.000) 05/26 20:12:03 Job executing on host: <128.142.103.177:9618?addrs=128.142.103.177-9618+[2001-1458-301-89--100-390]-9618&noUDP&sock=16053_99eb_3>
...
006 (2325790.12849.000) 05/26 20:12:11 Image size of job updated: 91912
	89  -  MemoryUsage of job (MB)
	90516  -  ResidentSetSize of job (KB)
...
006 (2325790.12849.000) 05/26 20:14:38 Image size of job updated: 189264
	89  -  MemoryUsage of job (MB)
	90516  -  ResidentSetSize of job (KB)
...
005 (2325790.12849.000) 05/26 20:14:40 Job terminated.
	(1) Normal termination (return value 0)
		Usr 0 00:00:42, Sys 0 00:00:02  -  Run Remote Usage
		Usr 0 00:00:00, Sys 0 00:00:00  -  Run Local Usage
		Usr 0 00:00:42, Sys 0 00:00:02  -  Total Remote Usage
		Usr 0 00:00:00, Sys 0 00:00:00  -  Total Local Usage
	9199  -  Run Bytes Sent By Job
	436  -  Run Bytes Received By Job
	9199  -  Total Bytes Sent By Job
	436  -  Total Bytes Received By Job
	Partitionable Resources :    Usage  Request Allocated
	   Cpus                 :                 2         2
	   Disk (KB)            :       31        1   2153431
	   Memory (MB)          :       89     4000      4000
...
