000 (2325790.6849.000) 05/26 19:50:43 Job submitted from host: <137.138.44.75:9618?addrs=137.138.44.75-9618&noUDP&sock=3998_dfba_3>
...
001 (2325790.6849.000) 05/26 20:05:06 Job executing on host: <128.142.105.26:9618?addrs=128.142.105.26-9618+[2001-1458-301-8b--100-11f]-9618&noUDP&sock=15997_309d_3>
...
006 (2325790.6849.000) 05/26 20:05:14 Image size of job updated: 219292
	215  -  MemoryUsage of job (MB)
	219292  -  ResidentSetSize of job (KB)
...
006 (2325790.6849.000) 05/26 20:05:54 Image size of job updated: 663096
	215  -  MemoryUsage of job (MB)
	219712  -  ResidentSetSize of job (KB)
...
005 (2325790.6849.000) 05/26 20:05:55 Job terminated.
	(1) Normal termination (return value 0)
		Usr 0 00:00:31, Sys 0 00:00:01  -  Run Remote Usage
		Usr 0 00:00:00, Sys 0 00:00:00  -  Run Local Usage
		Usr 0 00:00:31, Sys 0 00:00:01  -  Total Remote Usage
		Usr 0 00:00:00, Sys 0 00:00:00  -  Total Local Usage
	8287  -  Run Bytes Sent By Job
	436  -  Run Bytes Received By Job
	8287  -  Total Bytes Sent By Job
	436  -  Total Bytes Received By Job
	Partitionable Resources :    Usage  Request Allocated
	   Cpus                 :                 2         2
	   Disk (KB)            :       28        1   2120900
	   Memory (MB)          :      215     4000      4000
...
