000 (2325790.3451.000) 05/26 19:50:35 Job submitted from host: <137.138.44.75:9618?addrs=137.138.44.75-9618&noUDP&sock=3998_dfba_3>
...
001 (2325790.3451.000) 05/26 20:00:11 Job executing on host: <188.184.142.255:9618?addrs=188.184.142.255-9618+[2001-1458-301-46--100-ed]-9618&noUDP&sock=19561_cc26_3>
...
006 (2325790.3451.000) 05/26 20:00:20 Image size of job updated: 306808
	297  -  MemoryUsage of job (MB)
	304000  -  ResidentSetSize of job (KB)
...
006 (2325790.3451.000) 05/26 20:01:16 Image size of job updated: 640784
	297  -  MemoryUsage of job (MB)
	304008  -  ResidentSetSize of job (KB)
...
005 (2325790.3451.000) 05/26 20:01:23 Job terminated.
	(1) Normal termination (return value 0)
		Usr 0 00:00:51, Sys 0 00:00:02  -  Run Remote Usage
		Usr 0 00:00:00, Sys 0 00:00:00  -  Run Local Usage
		Usr 0 00:00:51, Sys 0 00:00:02  -  Total Remote Usage
		Usr 0 00:00:00, Sys 0 00:00:00  -  Total Local Usage
	9187  -  Run Bytes Sent By Job
	436  -  Run Bytes Received By Job
	9187  -  Total Bytes Sent By Job
	436  -  Total Bytes Received By Job
	Partitionable Resources :    Usage  Request Allocated
	   Cpus                 :                 2         2
	   Disk (KB)            :       29        1   2208376
	   Memory (MB)          :      297     4000      4000
...
