000 (2325790.13298.000) 05/26 19:51:01 Job submitted from host: <137.138.44.75:9618?addrs=137.138.44.75-9618&noUDP&sock=3998_dfba_3>
...
001 (2325790.13298.000) 05/26 20:12:39 Job executing on host: <188.184.207.12:9618?addrs=188.184.207.12-9618+[2001-1458-301-7d--100-315]-9618&noUDP&sock=19577_c5aa_3>
...
006 (2325790.13298.000) 05/26 20:12:48 Image size of job updated: 294848
	286  -  MemoryUsage of job (MB)
	292056  -  ResidentSetSize of job (KB)
...
006 (2325790.13298.000) 05/26 20:13:38 Image size of job updated: 1454900
	286  -  MemoryUsage of job (MB)
	292848  -  ResidentSetSize of job (KB)
...
005 (2325790.13298.000) 05/26 20:13:47 Job terminated.
	(1) Normal termination (return value 0)
		Usr 0 00:00:46, Sys 0 00:00:02  -  Run Remote Usage
		Usr 0 00:00:00, Sys 0 00:00:00  -  Run Local Usage
		Usr 0 00:00:46, Sys 0 00:00:02  -  Total Remote Usage
		Usr 0 00:00:00, Sys 0 00:00:00  -  Total Local Usage
	9197  -  Run Bytes Sent By Job
	436  -  Run Bytes Received By Job
	9197  -  Total Bytes Sent By Job
	436  -  Total Bytes Received By Job
	Partitionable Resources :    Usage  Request Allocated
	   Cpus                 :                 2         2
	   Disk (KB)            :       29        1   2149406
	   Memory (MB)          :      286     4000      4000
...
