000 (2325790.506.000) 05/26 19:50:27 Job submitted from host: <137.138.44.75:9618?addrs=137.138.44.75-9618&noUDP&sock=3998_dfba_3>
...
001 (2325790.506.000) 05/26 19:55:54 Job executing on host: <188.184.206.171:9618?addrs=188.184.206.171-9618+[2001-1458-301-7d--100-2c9]-9618&noUDP&sock=19673_9ec1_3>
...
006 (2325790.506.000) 05/26 19:56:03 Image size of job updated: 93456
	81  -  MemoryUsage of job (MB)
	82872  -  ResidentSetSize of job (KB)
...
006 (2325790.506.000) 05/26 19:57:36 Image size of job updated: 650080
	81  -  MemoryUsage of job (MB)
	82872  -  ResidentSetSize of job (KB)
...
005 (2325790.506.000) 05/26 19:57:36 Job terminated.
	(1) Normal termination (return value 0)
		Usr 0 00:00:40, Sys 0 00:00:02  -  Run Remote Usage
		Usr 0 00:00:00, Sys 0 00:00:00  -  Run Local Usage
		Usr 0 00:00:40, Sys 0 00:00:02  -  Total Remote Usage
		Usr 0 00:00:00, Sys 0 00:00:00  -  Total Local Usage
	8284  -  Run Bytes Sent By Job
	436  -  Run Bytes Received By Job
	8284  -  Total Bytes Sent By Job
	436  -  Total Bytes Received By Job
	Partitionable Resources :    Usage  Request Allocated
	   Cpus                 :                 2         2
	   Disk (KB)            :       29        1   2180700
	   Memory (MB)          :       81     4000      4000
...
