000 (2325790.9590.000) 05/26 19:50:50 Job submitted from host: <137.138.44.75:9618?addrs=137.138.44.75-9618&noUDP&sock=3998_dfba_3>
...
001 (2325790.9590.000) 05/26 20:08:22 Job executing on host: <188.184.205.46:9618?addrs=188.184.205.46-9618+[2001-1458-301-7d--100-13f]-9618&noUDP&sock=19609_b8b2_3>
...
006 (2325790.9590.000) 05/26 20:08:31 Image size of job updated: 90992
	88  -  MemoryUsage of job (MB)
	89276  -  ResidentSetSize of job (KB)
...
006 (2325790.9590.000) 05/26 20:10:05 Image size of job updated: 1482240
	88  -  MemoryUsage of job (MB)
	89284  -  ResidentSetSize of job (KB)
...
005 (2325790.9590.000) 05/26 20:10:11 Job terminated.
	(1) Normal termination (return value 0)
		Usr 0 00:00:37, Sys 0 00:00:02  -  Run Remote Usage
		Usr 0 00:00:00, Sys 0 00:00:00  -  Run Local Usage
		Usr 0 00:00:37, Sys 0 00:00:02  -  Total Remote Usage
		Usr 0 00:00:00, Sys 0 00:00:00  -  Total Local Usage
	9195  -  Run Bytes Sent By Job
	436  -  Run Bytes Received By Job
	9195  -  Total Bytes Sent By Job
	436  -  Total Bytes Received By Job
	Partitionable Resources :    Usage  Request Allocated
	   Cpus                 :                 2         2
	   Disk (KB)            :       30        1   2112892
	   Memory (MB)          :       88     4000      4000
...
