000 (2325790.6522.000) 05/26 19:50:42 Job submitted from host: <137.138.44.75:9618?addrs=137.138.44.75-9618&noUDP&sock=3998_dfba_3>
...
001 (2325790.6522.000) 05/26 20:04:36 Job executing on host: <188.184.181.92:9618?addrs=188.184.181.92-9618+[--1]-9618&noUDP&sock=4686_c8e2_3>
...
006 (2325790.6522.000) 05/26 20:04:45 Image size of job updated: 266824
	261  -  MemoryUsage of job (MB)
	266656  -  ResidentSetSize of job (KB)
...
006 (2325790.6522.000) 05/26 20:06:38 Image size of job updated: 715784
	261  -  MemoryUsage of job (MB)
	266836  -  ResidentSetSize of job (KB)
...
005 (2325790.6522.000) 05/26 20:06:45 Job terminated.
	(1) Normal termination (return value 0)
		Usr 0 00:00:54, Sys 0 00:00:02  -  Run Remote Usage
		Usr 0 00:00:00, Sys 0 00:00:00  -  Run Local Usage
		Usr 0 00:00:54, Sys 0 00:00:02  -  Total Remote Usage
		Usr 0 00:00:00, Sys 0 00:00:00  -  Total Local Usage
	9151  -  Run Bytes Sent By Job
	436  -  Run Bytes Received By Job
	9151  -  Total Bytes Sent By Job
	436  -  Total Bytes Received By Job
	Partitionable Resources :    Usage  Request Allocated
	   Cpus                 :                 2         2
	   Disk (KB)            :       30        1   1814571
	   Memory (MB)          :      261     4000      4000
...
