000 (2325790.14712.000) 05/26 19:51:04 Job submitted from host: <137.138.44.75:9618?addrs=137.138.44.75-9618&noUDP&sock=3998_dfba_3>
...
001 (2325790.14712.000) 05/26 20:14:18 Job executing on host: <188.184.205.233:9618?addrs=188.184.205.233-9618+[2001-1458-301-7d--100-21a]-9618&noUDP&sock=19646_19b3_3>
...
006 (2325790.14712.000) 05/26 20:14:27 Image size of job updated: 97780
	94  -  MemoryUsage of job (MB)
	95240  -  ResidentSetSize of job (KB)
...
006 (2325790.14712.000) 05/26 20:16:00 Image size of job updated: 210420
	94  -  MemoryUsage of job (MB)
	95240  -  ResidentSetSize of job (KB)
...
005 (2325790.14712.000) 05/26 20:16:00 Job terminated.
	(1) Normal termination (return value 0)
		Usr 0 00:00:43, Sys 0 00:00:02  -  Run Remote Usage
		Usr 0 00:00:00, Sys 0 00:00:00  -  Run Local Usage
		Usr 0 00:00:43, Sys 0 00:00:02  -  Total Remote Usage
		Usr 0 00:00:00, Sys 0 00:00:00  -  Total Local Usage
	9198  -  Run Bytes Sent By Job
	436  -  Run Bytes Received By Job
	9198  -  Total Bytes Sent By Job
	436  -  Total Bytes Received By Job
	Partitionable Resources :    Usage  Request Allocated
	   Cpus                 :                 2         2
	   Disk (KB)            :       30        1   2156028
	   Memory (MB)          :       94     4000      4000
...
