000 (2325790.4231.000) 05/26 19:50:37 Job submitted from host: <137.138.44.75:9618?addrs=137.138.44.75-9618&noUDP&sock=3998_dfba_3>
...
001 (2325790.4231.000) 05/26 20:01:39 Job executing on host: <188.184.205.57:9618?addrs=188.184.205.57-9618+[2001-1458-301-7d--100-164]-9618&noUDP&sock=19574_b6e1_3>
...
006 (2325790.4231.000) 05/26 20:01:48 Image size of job updated: 280260
	271  -  MemoryUsage of job (MB)
	277468  -  ResidentSetSize of job (KB)
...
006 (2325790.4231.000) 05/26 20:02:29 Image size of job updated: 688620
	272  -  MemoryUsage of job (MB)
	277624  -  ResidentSetSize of job (KB)
...
005 (2325790.4231.000) 05/26 20:02:29 Job terminated.
	(1) Normal termination (return value 0)
		Usr 0 00:00:36, Sys 0 00:00:02  -  Run Remote Usage
		Usr 0 00:00:00, Sys 0 00:00:00  -  Run Local Usage
		Usr 0 00:00:36, Sys 0 00:00:02  -  Total Remote Usage
		Usr 0 00:00:00, Sys 0 00:00:00  -  Total Local Usage
	8285  -  Run Bytes Sent By Job
	436  -  Run Bytes Received By Job
	8285  -  Total Bytes Sent By Job
	436  -  Total Bytes Received By Job
	Partitionable Resources :    Usage  Request Allocated
	   Cpus                 :                 2         2
	   Disk (KB)            :       28        1   2141839
	   Memory (MB)          :      272     4000      4000
...
