000 (2325790.12098.000) 05/26 19:50:57 Job submitted from host: <137.138.44.75:9618?addrs=137.138.44.75-9618&noUDP&sock=3998_dfba_3>
...
001 (2325790.12098.000) 05/26 20:11:11 Job executing on host: <128.142.133.33:9618?addrs=128.142.133.33-9618+[2001-1458-301-32--100-c]-9618&noUDP&sock=19544_230a_3>
...
006 (2325790.12098.000) 05/26 20:11:19 Image size of job updated: 92108
	89  -  MemoryUsage of job (MB)
	90184  -  ResidentSetSize of job (KB)
...
006 (2325790.12098.000) 05/26 20:14:11 Image size of job updated: 259964
	89  -  MemoryUsage of job (MB)
	90184  -  ResidentSetSize of job (KB)
...
005 (2325790.12098.000) 05/26 20:14:11 Job terminated.
	(1) Normal termination (return value 0)
		Usr 0 00:00:40, Sys 0 00:00:02  -  Run Remote Usage
		Usr 0 00:00:00, Sys 0 00:00:00  -  Run Local Usage
		Usr 0 00:00:40, Sys 0 00:00:02  -  Total Remote Usage
		Usr 0 00:00:00, Sys 0 00:00:00  -  Total Local Usage
	9153  -  Run Bytes Sent By Job
	436  -  Run Bytes Received By Job
	9153  -  Total Bytes Sent By Job
	436  -  Total Bytes Received By Job
	Partitionable Resources :    Usage  Request Allocated
	   Cpus                 :                 2         2
	   Disk (KB)            :       31        1   2213290
	   Memory (MB)          :       89     4000      4000
...
