000 (2325790.7312.000) 05/26 19:50:44 Job submitted from host: <137.138.44.75:9618?addrs=137.138.44.75-9618&noUDP&sock=3998_dfba_3>
...
001 (2325790.7312.000) 05/26 20:05:41 Job executing on host: <128.142.240.38:9618?addrs=128.142.240.38-9618+[2001-1458-301-f9--100-22]-9618&noUDP&sock=16493_6796_3>
...
006 (2325790.7312.000) 05/26 20:05:49 Image size of job updated: 91604
	88  -  MemoryUsage of job (MB)
	89940  -  ResidentSetSize of job (KB)
...
006 (2325790.7312.000) 05/26 20:07:23 Image size of job updated: 1408396
	88  -  MemoryUsage of job (MB)
	89940  -  ResidentSetSize of job (KB)
...
005 (2325790.7312.000) 05/26 20:07:24 Job terminated.
	(1) Normal termination (return value 0)
		Usr 0 00:00:38, Sys 0 00:00:01  -  Run Remote Usage
		Usr 0 00:00:00, Sys 0 00:00:00  -  Run Local Usage
		Usr 0 00:00:38, Sys 0 00:00:01  -  Total Remote Usage
		Usr 0 00:00:00, Sys 0 00:00:00  -  Total Local Usage
	9191  -  Run Bytes Sent By Job
	436  -  Run Bytes Received By Job
	9191  -  Total Bytes Sent By Job
	436  -  Total Bytes Received By Job
	Partitionable Resources :    Usage  Request Allocated
	   Cpus                 :                 2         2
	   Disk (KB)            :       30        1   2181883
	   Memory (MB)          :       88     4000      4000
...
