000 (2325790.4758.000) 05/26 19:50:38 Job submitted from host: <137.138.44.75:9618?addrs=137.138.44.75-9618&noUDP&sock=3998_dfba_3>
...
001 (2325790.4758.000) 05/26 20:02:15 Job executing on host: <128.142.96.28:9618?addrs=128.142.96.28-9618+[2001-1458-301-87--100-1c]-9618&noUDP&sock=17033_ccbb_3>
...
006 (2325790.4758.000) 05/26 20:02:24 Image size of job updated: 267852
	262  -  MemoryUsage of job (MB)
	267696  -  ResidentSetSize of job (KB)
...
006 (2325790.4758.000) 05/26 20:03:22 Image size of job updated: 691104
	262  -  MemoryUsage of job (MB)
	267696  -  ResidentSetSize of job (KB)
...
005 (2325790.4758.000) 05/26 20:03:22 Job terminated.
	(1) Normal termination (return value 0)
		Usr 0 00:00:55, Sys 0 00:00:02  -  Run Remote Usage
		Usr 0 00:00:00, Sys 0 00:00:00  -  Run Local Usage
		Usr 0 00:00:55, Sys 0 00:00:02  -  Total Remote Usage
		Usr 0 00:00:00, Sys 0 00:00:00  -  Total Local Usage
	9201  -  Run Bytes Sent By Job
	436  -  Run Bytes Received By Job
	9201  -  Total Bytes Sent By Job
	436  -  Total Bytes Received By Job
	Partitionable Resources :    Usage  Request Allocated
	   Cpus                 :                 2         2
	   Disk (KB)            :       29        1   4158208
	   Memory (MB)          :      262     4000      4000
...
