000 (2325790.9434.000) 05/26 19:50:49 Job submitted from host: <137.138.44.75:9618?addrs=137.138.44.75-9618&noUDP&sock=3998_dfba_3>
...
001 (2325790.9434.000) 05/26 20:08:12 Job executing on host: <188.184.207.51:9618?addrs=188.184.207.51-9618+[2001-1458-301-7d--100-336]-9618&noUDP&sock=19456_c6b4_3>
...
006 (2325790.9434.000) 05/26 20:08:21 Image size of job updated: 314896
	305  -  MemoryUsage of job (MB)
	312240  -  ResidentSetSize of job (KB)
...
006 (2325790.9434.000) 05/26 20:09:31 Image size of job updated: 1488712
	305  -  MemoryUsage of job (MB)
	312240  -  ResidentSetSize of job (KB)
...
005 (2325790.9434.000) 05/26 20:09:31 Job terminated.
	(1) Normal termination (return value 0)
		Usr 0 00:00:45, Sys 0 00:00:02  -  Run Remote Usage
		Usr 0 00:00:00, Sys 0 00:00:00  -  Run Local Usage
		Usr 0 00:00:45, Sys 0 00:00:02  -  Total Remote Usage
		Usr 0 00:00:00, Sys 0 00:00:00  -  Total Local Usage
	9156  -  Run Bytes Sent By Job
	436  -  Run Bytes Received By Job
	9156  -  Total Bytes Sent By Job
	436  -  Total Bytes Received By Job
	Partitionable Resources :    Usage  Request Allocated
	   Cpus                 :                 2         2
	   Disk (KB)            :       29        1   2167746
	   Memory (MB)          :      305     4000      4000
...
