000 (2325790.3403.000) 05/26 19:50:34 Job submitted from host: <137.138.44.75:9618?addrs=137.138.44.75-9618&noUDP&sock=3998_dfba_3>
...
001 (2325790.3403.000) 05/26 20:00:03 Job executing on host: <188.184.206.255:9618?addrs=188.184.206.255-9618+[2001-1458-301-7d--100-317]-9618&noUDP&sock=19459_d57d_3>
...
006 (2325790.3403.000) 05/26 20:00:11 Image size of job updated: 159960
	154  -  MemoryUsage of job (MB)
	157152  -  ResidentSetSize of job (KB)
...
006 (2325790.3403.000) 05/26 20:01:19 Image size of job updated: 609564
	154  -  MemoryUsage of job (MB)
	157232  -  ResidentSetSize of job (KB)
...
005 (2325790.3403.000) 05/26 20:01:27 Job terminated.
	(1) Normal termination (return value 0)
		Usr 0 00:00:52, Sys 0 00:00:02  -  Run Remote Usage
		Usr 0 00:00:00, Sys 0 00:00:00  -  Run Local Usage
		Usr 0 00:00:52, Sys 0 00:00:02  -  Total Remote Usage
		Usr 0 00:00:00, Sys 0 00:00:00  -  Total Local Usage
	9191  -  Run Bytes Sent By Job
	436  -  Run Bytes Received By Job
	9191  -  Total Bytes Sent By Job
	436  -  Total Bytes Received By Job
	Partitionable Resources :    Usage  Request Allocated
	   Cpus                 :                 2         2
	   Disk (KB)            :       29        1   2059309
	   Memory (MB)          :      154     4000      4000
...
