000 (2325790.255.000) 05/26 19:50:26 Job submitted from host: <137.138.44.75:9618?addrs=137.138.44.75-9618&noUDP&sock=3998_dfba_3>
...
001 (2325790.255.000) 05/26 19:54:27 Job executing on host: <188.184.206.98:9618?addrs=188.184.206.98-9618+[2001-1458-301-7d--100-268]-9618&noUDP&sock=19571_a818_3>
...
006 (2325790.255.000) 05/26 19:54:36 Image size of job updated: 248408
	235  -  MemoryUsage of job (MB)
	239824  -  ResidentSetSize of job (KB)
...
006 (2325790.255.000) 05/26 19:55:37 Image size of job updated: 639304
	235  -  MemoryUsage of job (MB)
	239824  -  ResidentSetSize of job (KB)
...
005 (2325790.255.000) 05/26 19:55:37 Job terminated.
	(1) Normal termination (return value 0)
		Usr 0 00:00:55, Sys 0 00:00:02  -  Run Remote Usage
		Usr 0 00:00:00, Sys 0 00:00:00  -  Run Local Usage
		Usr 0 00:00:55, Sys 0 00:00:02  -  Total Remote Usage
		Usr 0 00:00:00, Sys 0 00:00:00  -  Total Local Usage
	9189  -  Run Bytes Sent By Job
	436  -  Run Bytes Received By Job
	9189  -  Total Bytes Sent By Job
	436  -  Total Bytes Received By Job
	Partitionable Resources :    Usage  Request Allocated
	   Cpus                 :                 2         2
	   Disk (KB)            :       29        1   2185909
	   Memory (MB)          :      235     4000      4000
...
