000 (2325790.2253.000) 05/26 19:50:31 Job submitted from host: <137.138.44.75:9618?addrs=137.138.44.75-9618&noUDP&sock=3998_dfba_3>
...
001 (2325790.2253.000) 05/26 19:58:18 Job executing on host: <128.142.133.229:9618?addrs=128.142.133.229-9618+[2001-1458-301-32--100-dc]-9618&noUDP&sock=19558_bd5d_3>
...
006 (2325790.2253.000) 05/26 19:58:27 Image size of job updated: 278768
	270  -  MemoryUsage of job (MB)
	275960  -  ResidentSetSize of job (KB)
...
006 (2325790.2253.000) 05/26 19:59:33 Image size of job updated: 657952
	270  -  MemoryUsage of job (MB)
	276180  -  ResidentSetSize of job (KB)
...
005 (2325790.2253.000) 05/26 19:59:34 Job terminated.
	(1) Normal termination (return value 0)
		Usr 0 00:01:00, Sys 0 00:00:03  -  Run Remote Usage
		Usr 0 00:00:00, Sys 0 00:00:00  -  Run Local Usage
		Usr 0 00:01:00, Sys 0 00:00:03  -  Total Remote Usage
		Usr 0 00:00:00, Sys 0 00:00:00  -  Total Local Usage
	9149  -  Run Bytes Sent By Job
	436  -  Run Bytes Received By Job
	9149  -  Total Bytes Sent By Job
	436  -  Total Bytes Received By Job
	Partitionable Resources :    Usage  Request Allocated
	   Cpus                 :                 2         2
	   Disk (KB)            :       29        1   2105642
	   Memory (MB)          :      270     4000      4000
...
