000 (2325790.6635.000) 05/26 19:50:43 Job submitted from host: <137.138.44.75:9618?addrs=137.138.44.75-9618&noUDP&sock=3998_dfba_3>
...
001 (2325790.6635.000) 05/26 20:04:45 Job executing on host: <128.142.101.63:9618?addrs=128.142.101.63-9618+[--1]-9618&noUDP&sock=4134_289b_3>
...
006 (2325790.6635.000) 05/26 20:04:54 Image size of job updated: 332924
	326  -  MemoryUsage of job (MB)
	332908  -  ResidentSetSize of job (KB)
...
006 (2325790.6635.000) 05/26 20:06:11 Image size of job updated: 734984
	326  -  MemoryUsage of job (MB)
	333148  -  ResidentSetSize of job (KB)
...
005 (2325790.6635.000) 05/26 20:06:21 Job terminated.
	(1) Normal termination (return value 0)
		Usr 0 00:00:34, Sys 0 00:00:01  -  Run Remote Usage
		Usr 0 00:00:00, Sys 0 00:00:00  -  Run Local Usage
		Usr 0 00:00:34, Sys 0 00:00:01  -  Total Remote Usage
		Usr 0 00:00:00, Sys 0 00:00:00  -  Total Local Usage
	8256  -  Run Bytes Sent By Job
	436  -  Run Bytes Received By Job
	8256  -  Total Bytes Sent By Job
	436  -  Total Bytes Received By Job
	Partitionable Resources :    Usage  Request Allocated
	   Cpus                 :                 2         2
	   Disk (KB)            :       28        1   2092700
	   Memory (MB)          :      326     4000      4000
...
