000 (2325790.1165.000) 05/26 19:50:28 Job submitted from host: <137.138.44.75:9618?addrs=137.138.44.75-9618&noUDP&sock=3998_dfba_3>
...
001 (2325790.1165.000) 05/26 19:59:34 Job executing on host: <188.184.204.91:9618?addrs=188.184.204.91-9618+[2001-1458-301-7d--100-73]-9618&noUDP&sock=19568_9950_3>
...
006 (2325790.1165.000) 05/26 19:59:43 Image size of job updated: 340948
	331  -  MemoryUsage of job (MB)
	338232  -  ResidentSetSize of job (KB)
...
006 (2325790.1165.000) 05/26 20:01:31 Image size of job updated: 747380
	331  -  MemoryUsage of job (MB)
	338344  -  ResidentSetSize of job (KB)
...
005 (2325790.1165.000) 05/26 20:01:39 Job terminated.
	(1) Normal termination (return value 0)
		Usr 0 00:00:50, Sys 0 00:00:02  -  Run Remote Usage
		Usr 0 00:00:00, Sys 0 00:00:00  -  Run Local Usage
		Usr 0 00:00:50, Sys 0 00:00:02  -  Total Remote Usage
		Usr 0 00:00:00, Sys 0 00:00:00  -  Total Local Usage
	9151  -  Run Bytes Sent By Job
	436  -  Run Bytes Received By Job
	9151  -  Total Bytes Sent By Job
	436  -  Total Bytes Received By Job
	Partitionable Resources :    Usage  Request Allocated
	   Cpus                 :                 2         2
	   Disk (KB)            :       30        1   2108347
	   Memory (MB)          :      331     4000      4000
...
