000 (2325790.3145.000) 05/26 19:50:33 Job submitted from host: <137.138.44.75:9618?addrs=137.138.44.75-9618&noUDP&sock=3998_dfba_3>
...
001 (2325790.3145.000) 05/26 19:59:32 Job executing on host: <188.184.205.182:9618?addrs=188.184.205.182-9618+[2001-1458-301-7d--100-1a4]-9618&noUDP&sock=19647_c94b_3>
...
006 (2325790.3145.000) 05/26 19:59:40 Image size of job updated: 251176
	243  -  MemoryUsage of job (MB)
	248552  -  ResidentSetSize of job (KB)
...
006 (2325790.3145.000) 05/26 20:01:46 Image size of job updated: 657264
	243  -  MemoryUsage of job (MB)
	248552  -  ResidentSetSize of job (KB)
...
005 (2325790.3145.000) 05/26 20:01:55 Job terminated.
	(1) Normal termination (return value 0)
		Usr 0 00:00:59, Sys 0 00:00:02  -  Run Remote Usage
		Usr 0 00:00:00, Sys 0 00:00:00  -  Run Local Usage
		Usr 0 00:00:59, Sys 0 00:00:02  -  Total Remote Usage
		Usr 0 00:00:00, Sys 0 00:00:00  -  Total Local Usage
	9193  -  Run Bytes Sent By Job
	436  -  Run Bytes Received By Job
	9193  -  Total Bytes Sent By Job
	436  -  Total Bytes Received By Job
	Partitionable Resources :    Usage  Request Allocated
	   Cpus                 :                 2         2
	   Disk (KB)            :       30        1   2215445
	   Memory (MB)          :      243     4000      4000
...
