000 (2325790.1575.000) 05/26 19:50:29 Job submitted from host: <137.138.44.75:9618?addrs=137.138.44.75-9618&noUDP&sock=3998_dfba_3>
...
001 (2325790.1575.000) 05/26 19:56:15 Job executing on host: <188.184.207.60:9618?addrs=188.184.207.60-9618+[2001-1458-301-7d--100-340]-9618&noUDP&sock=19514_8f32_3>
...
006 (2325790.1575.000) 05/26 19:56:24 Image size of job updated: 94488
	90  -  MemoryUsage of job (MB)
	91696  -  ResidentSetSize of job (KB)
...
006 (2325790.1575.000) 05/26 19:58:52 Image size of job updated: 655748
	90  -  MemoryUsage of job (MB)
	91696  -  ResidentSetSize of job (KB)
...
005 (2325790.1575.000) 05/26 19:58:53 Job terminated.
	(1) Normal termination (return value 0)
		Usr 0 00:00:55, Sys 0 00:00:02  -  Run Remote Usage
		Usr 0 00:00:00, Sys 0 00:00:00  -  Run Local Usage
		Usr 0 00:00:55, Sys 0 00:00:02  -  Total Remote Usage
		Usr 0 00:00:00, Sys 0 00:00:00  -  Total Local Usage
	9193  -  Run Bytes Sent By Job
	436  -  Run Bytes Received By Job
	9193  -  Total Bytes Sent By Job
	436  -  Total Bytes Received By Job
	Partitionable Resources :    Usage  Request Allocated
	   Cpus                 :                 2         2
	   Disk (KB)            :       31        1   2126149
	   Memory (MB)          :       90     4000      4000
...
