000 (2325790.14211.000) 05/26 19:51:03 Job submitted from host: <137.138.44.75:9618?addrs=137.138.44.75-9618&noUDP&sock=3998_dfba_3>
...
001 (2325790.14211.000) 05/26 20:13:47 Job executing on host: <188.184.206.151:9618?addrs=188.184.206.151-9618+[2001-1458-301-7d--100-281]-9618&noUDP&sock=19583_e33b_3>
...
006 (2325790.14211.000) 05/26 20:13:56 Image size of job updated: 294448
	285  -  MemoryUsage of job (MB)
	291656  -  ResidentSetSize of job (KB)
...
006 (2325790.14211.000) 05/26 20:14:43 Image size of job updated: 294448
	285  -  MemoryUsage of job (MB)
	291696  -  ResidentSetSize of job (KB)
...
005 (2325790.14211.000) 05/26 20:14:43 Job terminated.
	(1) Normal termination (return value 0)
		Usr 0 00:00:43, Sys 0 00:00:02  -  Run Remote Usage
		Usr 0 00:00:00, Sys 0 00:00:00  -  Run Local Usage
		Usr 0 00:00:43, Sys 0 00:00:02  -  Total Remote Usage
		Usr 0 00:00:00, Sys 0 00:00:00  -  Total Local Usage
	9197  -  Run Bytes Sent By Job
	436  -  Run Bytes Received By Job
	9197  -  Total Bytes Sent By Job
	436  -  Total Bytes Received By Job
	Partitionable Resources :    Usage  Request Allocated
	   Cpus                 :                 2         2
	   Disk (KB)            :       29        1   2202064
	   Memory (MB)          :      285     4000      4000
...
