000 (2325790.13958.000) 05/26 19:51:02 Job submitted from host: <137.138.44.75:9618?addrs=137.138.44.75-9618&noUDP&sock=3998_dfba_3>
...
001 (2325790.13958.000) 05/26 20:13:29 Job executing on host: <188.184.206.209:9618?addrs=188.184.206.209-9618+[2001-1458-301-7d--100-2f7]-9618&noUDP&sock=19489_6954_3>
...
006 (2325790.13958.000) 05/26 20:13:37 Image size of job updated: 87744
	86  -  MemoryUsage of job (MB)
	87676  -  ResidentSetSize of job (KB)
...
006 (2325790.13958.000) 05/26 20:16:20 Image size of job updated: 233888
	86  -  MemoryUsage of job (MB)
	87836  -  ResidentSetSize of job (KB)
...
005 (2325790.13958.000) 05/26 20:16:20 Job terminated.
	(1) Normal termination (return value 0)
		Usr 0 00:00:45, Sys 0 00:00:02  -  Run Remote Usage
		Usr 0 00:00:00, Sys 0 00:00:00  -  Run Local Usage
		Usr 0 00:00:45, Sys 0 00:00:02  -  Total Remote Usage
		Usr 0 00:00:00, Sys 0 00:00:00  -  Total Local Usage
	9201  -  Run Bytes Sent By Job
	436  -  Run Bytes Received By Job
	9201  -  Total Bytes Sent By Job
	436  -  Total Bytes Received By Job
	Partitionable Resources :    Usage  Request Allocated
	   Cpus                 :                 2         2
	   Disk (KB)            :       31        1   2102856
	   Memory (MB)          :       86     4000      4000
...
