000 (2325790.13426.000) 05/26 19:51:01 Job submitted from host: <137.138.44.75:9618?addrs=137.138.44.75-9618&noUDP&sock=3998_dfba_3>
...
001 (2325790.13426.000) 05/26 20:12:58 Job executing on host: <128.142.97.135:9618?addrs=128.142.97.135-9618+[2001-1458-301-87--100-175]-9618&noUDP&sock=17012_653e_3>
...
006 (2325790.13426.000) 05/26 20:13:07 Image size of job updated: 142208
	137  -  MemoryUsage of job (MB)
	139416  -  ResidentSetSize of job (KB)
...
006 (2325790.13426.000) 05/26 20:14:22 Image size of job updated: 245876
	137  -  MemoryUsage of job (MB)
	139500  -  ResidentSetSize of job (KB)
...
005 (2325790.13426.000) 05/26 20:14:22 Job terminated.
	(1) Normal termination (return value 0)
		Usr 0 00:00:38, Sys 0 00:00:02  -  Run Remote Usage
		Usr 0 00:00:00, Sys 0 00:00:00  -  Run Local Usage
		Usr 0 00:00:38, Sys 0 00:00:02  -  Total Remote Usage
		Usr 0 00:00:00, Sys 0 00:00:00  -  Total Local Usage
	9197  -  Run Bytes Sent By Job
	436  -  Run Bytes Received By Job
	9197  -  Total Bytes Sent By Job
	436  -  Total Bytes Received By Job
	Partitionable Resources :    Usage  Request Allocated
	   Cpus                 :                 2         2
	   Disk (KB)            :       29        1   4167117
	   Memory (MB)          :      137     4000      4000
...
