000 (2325790.5015.000) 05/26 19:50:39 Job submitted from host: <137.138.44.75:9618?addrs=137.138.44.75-9618&noUDP&sock=3998_dfba_3>
...
001 (2325790.5015.000) 05/26 20:02:40 Job executing on host: <188.184.186.238:9618?addrs=188.184.186.238-9618+[2001-1458-301-f8--100-d9]-9618&noUDP&sock=16626_a1af_3>
...
006 (2325790.5015.000) 05/26 20:02:49 Image size of job updated: 89744
	88  -  MemoryUsage of job (MB)
	89744  -  ResidentSetSize of job (KB)
...
006 (2325790.5015.000) 05/26 20:05:14 Image size of job updated: 748472
	88  -  MemoryUsage of job (MB)
	89744  -  ResidentSetSize of job (KB)
...
005 (2325790.5015.000) 05/26 20:05:15 Job terminated.
	(1) Normal termination (return value 0)
		Usr 0 00:00:35, Sys 0 00:00:01  -  Run Remote Usage
		Usr 0 00:00:00, Sys 0 00:00:00  -  Run Local Usage
		Usr 0 00:00:35, Sys 0 00:00:01  -  Total Remote Usage
		Usr 0 00:00:00, Sys 0 00:00:00  -  Total Local Usage
	8287  -  Run Bytes Sent By Job
	436  -  Run Bytes Received By Job
	8287  -  Total Bytes Sent By Job
	436  -  Total Bytes Received By Job
	Partitionable Resources :    Usage  Request Allocated
	   Cpus                 :                 2         2
	   Disk (KB)            :       30        1   2210911
	   Memory (MB)          :       88     4000      4000
...
