000 (2325790.1657.000) 05/26 19:50:30 Job submitted from host: <137.138.44.75:9618?addrs=137.138.44.75-9618&noUDP&sock=3998_dfba_3>
...
001 (2325790.1657.000) 05/26 19:56:40 Job executing on host: <188.184.207.38:9618?addrs=188.184.207.38-9618+[2001-1458-301-7d--100-308]-9618&noUDP&sock=19526_ca55_3>
...
006 (2325790.1657.000) 05/26 19:56:48 Image size of job updated: 336796
	327  -  MemoryUsage of job (MB)
	334004  -  ResidentSetSize of job (KB)
...
006 (2325790.1657.000) 05/26 19:57:35 Image size of job updated: 1887472
	327  -  MemoryUsage of job (MB)
	334080  -  ResidentSetSize of job (KB)
...
005 (2325790.1657.000) 05/26 19:57:35 Job terminated.
	(1) Normal termination (return value 0)
		Usr 0 00:00:45, Sys 0 00:00:02  -  Run Remote Usage
		Usr 0 00:00:00, Sys 0 00:00:00  -  Run Local Usage
		Usr 0 00:00:45, Sys 0 00:00:02  -  Total Remote Usage
		Usr 0 00:00:00, Sys 0 00:00:00  -  Total Local Usage
	9154  -  Run Bytes Sent By Job
	436  -  Run Bytes Received By Job
	9154  -  Total Bytes Sent By Job
	436  -  Total Bytes Received By Job
	Partitionable Resources :    Usage  Request Allocated
	   Cpus                 :                 2         2
	   Disk (KB)            :       29        1   2174773
	   Memory (MB)          :      327     4000      4000
...
