000 (2325790.3606.000) 05/26 19:50:35 Job submitted from host: <137.138.44.75:9618?addrs=137.138.44.75-9618&noUDP&sock=3998_dfba_3>
...
001 (2325790.3606.000) 05/26 20:00:44 Job executing on host: <188.184.206.76:9618?addrs=188.184.206.76-9618+[2001-1458-301-7d--100-234]-9618&noUDP&sock=19549_9103_3>
...
006 (2325790.3606.000) 05/26 20:00:52 Image size of job updated: 89992
	88  -  MemoryUsage of job (MB)
	89924  -  ResidentSetSize of job (KB)
...
006 (2325790.3606.000) 05/26 20:04:12 Image size of job updated: 718940
	88  -  MemoryUsage of job (MB)
	89924  -  ResidentSetSize of job (KB)
...
005 (2325790.3606.000) 05/26 20:04:13 Job terminated.
	(1) Normal termination (return value 0)
		Usr 0 00:00:58, Sys 0 00:00:02  -  Run Remote Usage
		Usr 0 00:00:00, Sys 0 00:00:00  -  Run Local Usage
		Usr 0 00:00:58, Sys 0 00:00:02  -  Total Remote Usage
		Usr 0 00:00:00, Sys 0 00:00:00  -  Total Local Usage
	9194  -  Run Bytes Sent By Job
	436  -  Run Bytes Received By Job
	9194  -  Total Bytes Sent By Job
	436  -  Total Bytes Received By Job
	Partitionable Resources :    Usage  Request Allocated
	   Cpus                 :                 2         2
	   Disk (KB)            :       32        1   2180104
	   Memory (MB)          :       88     4000      4000
...
