000 (2325790.5286.000) 05/26 19:50:39 Job submitted from host: <137.138.44.75:9618?addrs=137.138.44.75-9618&noUDP&sock=3998_dfba_3>
...
001 (2325790.5286.000) 05/26 20:03:01 Job executing on host: <188.184.204.100:9618?addrs=188.184.204.100-9618+[2001-1458-301-7d--100-5d]-9618&noUDP&sock=19604_4ab9_3>
...
006 (2325790.5286.000) 05/26 20:03:10 Image size of job updated: 101736
	97  -  MemoryUsage of job (MB)
	99108  -  ResidentSetSize of job (KB)
...
006 (2325790.5286.000) 05/26 20:04:50 Image size of job updated: 609712
	97  -  MemoryUsage of job (MB)
	99108  -  ResidentSetSize of job (KB)
...
005 (2325790.5286.000) 05/26 20:04:51 Job terminated.
	(1) Normal termination (return value 0)
		Usr 0 00:00:50, Sys 0 00:00:02  -  Run Remote Usage
		Usr 0 00:00:00, Sys 0 00:00:00  -  Run Local Usage
		Usr 0 00:00:50, Sys 0 00:00:02  -  Total Remote Usage
		Usr 0 00:00:00, Sys 0 00:00:00  -  Total Local Usage
	9154  -  Run Bytes Sent By Job
	436  -  Run Bytes Received By Job
	9154  -  Total Bytes Sent By Job
	436  -  Total Bytes Received By Job
	Partitionable Resources :    Usage  Request Allocated
	   Cpus                 :                 2         2
	   Disk (KB)            :       30        1   2112224
	   Memory (MB)          :       97     4000      4000
...
