000 (2325790.12224.000) 05/26 19:50:58 Job submitted from host: <137.138.44.75:9618?addrs=137.138.44.75-9618&noUDP&sock=3998_dfba_3>
...
001 (2325790.12224.000) 05/26 20:11:16 Job executing on host: <128.142.96.36:9618?addrs=128.142.96.36-9618+[2001-1458-301-87--100-39]-9618&noUDP&sock=16999_7a82_3>
...
006 (2325790.12224.000) 05/26 20:11:25 Image size of job updated: 379460
	368  -  MemoryUsage of job (MB)
	376652  -  ResidentSetSize of job (KB)
...
006 (2325790.12224.000) 05/26 20:11:48 Image size of job updated: 379460
	369  -  MemoryUsage of job (MB)
	376868  -  ResidentSetSize of job (KB)
...
005 (2325790.12224.000) 05/26 20:12:01 Job terminated.
	(1) Normal termination (return value 0)
		Usr 0 00:00:19, Sys 0 00:00:01  -  Run Remote Usage
		Usr 0 00:00:00, Sys 0 00:00:00  -  Run Local Usage
		Usr 0 00:00:19, Sys 0 00:00:01  -  Total Remote Usage
		Usr 0 00:00:00, Sys 0 00:00:00  -  Total Local Usage
	8300  -  Run Bytes Sent By Job
	436  -  Run Bytes Received By Job
	8300  -  Total Bytes Sent By Job
	436  -  Total Bytes Received By Job
	Partitionable Resources :    Usage  Request Allocated
	   Cpus                 :                 2         2
	   Disk (KB)            :       27        1   4168900
	   Memory (MB)          :      369     4000      4000
...
