000 (2325790.6833.000) 05/26 19:50:43 Job submitted from host: <137.138.44.75:9618?addrs=137.138.44.75-9618&noUDP&sock=3998_dfba_3>
...
001 (2325790.6833.000) 05/26 20:05:04 Job executing on host: <188.184.206.244:9618?addrs=188.184.206.244-9618+[2001-1458-301-7d--100-303]-9618&noUDP&sock=19523_bb8d_3>
...
006 (2325790.6833.000) 05/26 20:05:13 Image size of job updated: 87756
	85  -  MemoryUsage of job (MB)
	86404  -  ResidentSetSize of job (KB)
...
006 (2325790.6833.000) 05/26 20:06:55 Image size of job updated: 638996
	85  -  MemoryUsage of job (MB)
	86404  -  ResidentSetSize of job (KB)
...
005 (2325790.6833.000) 05/26 20:06:55 Job terminated.
	(1) Normal termination (return value 0)
		Usr 0 00:00:59, Sys 0 00:00:02  -  Run Remote Usage
		Usr 0 00:00:00, Sys 0 00:00:00  -  Run Local Usage
		Usr 0 00:00:59, Sys 0 00:00:02  -  Total Remote Usage
		Usr 0 00:00:00, Sys 0 00:00:00  -  Total Local Usage
	9191  -  Run Bytes Sent By Job
	436  -  Run Bytes Received By Job
	9191  -  Total Bytes Sent By Job
	436  -  Total Bytes Received By Job
	Partitionable Resources :    Usage  Request Allocated
	   Cpus                 :                 2         2
	   Disk (KB)            :       30        1   2174248
	   Memory (MB)          :       85     4000      4000
...
