000 (2325790.2814.000) 05/26 19:50:32 Job submitted from host: <137.138.44.75:9618?addrs=137.138.44.75-9618&noUDP&sock=3998_dfba_3>
...
001 (2325790.2814.000) 05/26 19:59:02 Job executing on host: <188.184.206.54:9618?addrs=188.184.206.54-9618+[2001-1458-301-7d--100-233]-9618&noUDP&sock=19561_cc26_3>
...
006 (2325790.2814.000) 05/26 19:59:11 Image size of job updated: 94952
	90  -  MemoryUsage of job (MB)
	92160  -  ResidentSetSize of job (KB)
...
006 (2325790.2814.000) 05/26 20:02:13 Image size of job updated: 630552
	90  -  MemoryUsage of job (MB)
	92160  -  ResidentSetSize of job (KB)
...
005 (2325790.2814.000) 05/26 20:02:14 Job terminated.
	(1) Normal termination (return value 0)
		Usr 0 00:00:58, Sys 0 00:00:02  -  Run Remote Usage
		Usr 0 00:00:00, Sys 0 00:00:00  -  Run Local Usage
		Usr 0 00:00:58, Sys 0 00:00:02  -  Total Remote Usage
		Usr 0 00:00:00, Sys 0 00:00:00  -  Total Local Usage
	9192  -  Run Bytes Sent By Job
	436  -  Run Bytes Received By Job
	9192  -  Total Bytes Sent By Job
	436  -  Total Bytes Received By Job
	Partitionable Resources :    Usage  Request Allocated
	   Cpus                 :                 2         2
	   Disk (KB)            :       32        1   2100837
	   Memory (MB)          :       90     4000      4000
...
