000 (2325790.8273.000) 05/26 19:50:46 Job submitted from host: <137.138.44.75:9618?addrs=137.138.44.75-9618&noUDP&sock=3998_dfba_3>
...
001 (2325790.8273.000) 05/26 20:06:53 Job executing on host: <188.184.197.35:9618?addrs=188.184.197.35-9618+[2001-1458-301-103--100-1f]-9618&noUDP&sock=5730_e1c2_3>
...
006 (2325790.8273.000) 05/26 20:07:02 Image size of job updated: 159500
	154  -  MemoryUsage of job (MB)
	156848  -  ResidentSetSize of job (KB)
...
006 (2325790.8273.000) 05/26 20:08:22 Image size of job updated: 235836
	157  -  MemoryUsage of job (MB)
	160280  -  ResidentSetSize of job (KB)
...
005 (2325790.8273.000) 05/26 20:08:23 Job terminated.
	(1) Normal termination (return value 0)
		Usr 0 00:00:38, Sys 0 00:00:02  -  Run Remote Usage
		Usr 0 00:00:00, Sys 0 00:00:00  -  Run Local Usage
		Usr 0 00:00:38, Sys 0 00:00:02  -  Total Remote Usage
		Usr 0 00:00:00, Sys 0 00:00:00  -  Total Local Usage
	9193  -  Run Bytes Sent By Job
	436  -  Run Bytes Received By Job
	9193  -  Total Bytes Sent By Job
	436  -  Total Bytes Received By Job
	Partitionable Resources :    Usage  Request Allocated
	   Cpus                 :                 2         2
	   Disk (KB)            :       29        1   2855246
	   Memory (MB)          :      157     4000      4000
...
