000 (2325790.6312.000) 05/26 19:50:42 Job submitted from host: <137.138.44.75:9618?addrs=137.138.44.75-9618&noUDP&sock=3998_dfba_3>
...
001 (2325790.6312.000) 05/26 20:04:21 Job executing on host: <188.184.206.219:9618?addrs=188.184.206.219-9618+[2001-1458-301-7d--100-2fb]-9618&noUDP&sock=22240_5e5e_3>
...
006 (2325790.6312.000) 05/26 20:04:29 Image size of job updated: 241804
	236  -  MemoryUsage of job (MB)
	241428  -  ResidentSetSize of job (KB)
...
006 (2325790.6312.000) 05/26 20:06:05 Image size of job updated: 661656
	236  -  MemoryUsage of job (MB)
	241588  -  ResidentSetSize of job (KB)
...
005 (2325790.6312.000) 05/26 20:06:07 Job terminated.
	(1) Normal termination (return value 0)
		Usr 0 00:01:00, Sys 0 00:00:02  -  Run Remote Usage
		Usr 0 00:00:00, Sys 0 00:00:00  -  Run Local Usage
		Usr 0 00:01:00, Sys 0 00:00:02  -  Total Remote Usage
		Usr 0 00:00:00, Sys 0 00:00:00  -  Total Local Usage
	9194  -  Run Bytes Sent By Job
	436  -  Run Bytes Received By Job
	9194  -  Total Bytes Sent By Job
	436  -  Total Bytes Received By Job
	Partitionable Resources :    Usage  Request Allocated
	   Cpus                 :                 2         2
	   Disk (KB)            :       30        1   2136824
	   Memory (MB)          :      236     4000      4000
...
