000 (2325790.13614.000) 05/26 19:51:01 Job submitted from host: <137.138.44.75:9618?addrs=137.138.44.75-9618&noUDP&sock=3998_dfba_3>
...
001 (2325790.13614.000) 05/26 20:13:14 Job executing on host: <188.184.204.57:9618?addrs=188.184.204.57-9618+[2001-1458-301-7d--100-3c]-9618&noUDP&sock=19517_9dfb_3>
...
006 (2325790.13614.000) 05/26 20:13:22 Image size of job updated: 212432
	206  -  MemoryUsage of job (MB)
	210756  -  ResidentSetSize of job (KB)
...
005 (2325790.13614.000) 05/26 20:15:47 Job terminated.
	(1) Normal termination (return value 0)
		Usr 0 00:00:42, Sys 0 00:00:02  -  Run Remote Usage
		Usr 0 00:00:00, Sys 0 00:00:00  -  Run Local Usage
		Usr 0 00:00:42, Sys 0 00:00:02  -  Total Remote Usage
		Usr 0 00:00:00, Sys 0 00:00:00  -  Total Local Usage
	9196  -  Run Bytes Sent By Job
	436  -  Run Bytes Received By Job
	9196  -  Total Bytes Sent By Job
	436  -  Total Bytes Received By Job
	Partitionable Resources :    Usage  Request Allocated
	   Cpus                 :                 2         2
	   Disk (KB)            :       31        1   2219152
	   Memory (MB)          :      206     4000      4000
...
