000 (2325790.10421.000) 05/26 19:50:52 Job submitted from host: <137.138.44.75:9618?addrs=137.138.44.75-9618&noUDP&sock=3998_dfba_3>
...
001 (2325790.10421.000) 05/26 20:09:17 Job executing on host: <128.142.106.31:9618?addrs=128.142.106.31-9618+[2001-1458-301-8b--100-225]-9618&noUDP&sock=15969_fbf6_3>
...
006 (2325790.10421.000) 05/26 20:09:25 Image size of job updated: 261132
	253  -  MemoryUsage of job (MB)
	258324  -  ResidentSetSize of job (KB)
...
006 (2325790.10421.000) 05/26 20:11:07 Image size of job updated: 261132
	253  -  MemoryUsage of job (MB)
	258492  -  ResidentSetSize of job (KB)
...
005 (2325790.10421.000) 05/26 20:11:11 Job terminated.
	(1) Normal termination (return value 0)
		Usr 0 00:00:45, Sys 0 00:00:02  -  Run Remote Usage
		Usr 0 00:00:00, Sys 0 00:00:00  -  Run Local Usage
		Usr 0 00:00:45, Sys 0 00:00:02  -  Total Remote Usage
		Usr 0 00:00:00, Sys 0 00:00:00  -  Total Local Usage
	9161  -  Run Bytes Sent By Job
	436  -  Run Bytes Received By Job
	9161  -  Total Bytes Sent By Job
	436  -  Total Bytes Received By Job
	Partitionable Resources :    Usage  Request Allocated
	   Cpus                 :                 2         2
	   Disk (KB)            :       30        1   2055236
	   Memory (MB)          :      253     4000      4000
...
