000 (2325790.14320.000) 05/26 19:51:03 Job submitted from host: <137.138.44.75:9618?addrs=137.138.44.75-9618&noUDP&sock=3998_dfba_3>
...
001 (2325790.14320.000) 05/26 20:13:53 Job executing on host: <188.184.142.223:9618?addrs=188.184.142.223-9618+[2001-1458-301-46--100-cc]-9618&noUDP&sock=4746_f091_3>
...
006 (2325790.14320.000) 05/26 20:14:02 Image size of job updated: 253500
	245  -  MemoryUsage of job (MB)
	250876  -  ResidentSetSize of job (KB)
...
006 (2325790.14320.000) 05/26 20:15:39 Image size of job updated: 253500
	249  -  MemoryUsage of job (MB)
	254876  -  ResidentSetSize of job (KB)
...
005 (2325790.14320.000) 05/26 20:15:39 Job terminated.
	(1) Normal termination (return value 0)
		Usr 0 00:00:35, Sys 0 00:00:02  -  Run Remote Usage
		Usr 0 00:00:00, Sys 0 00:00:00  -  Run Local Usage
		Usr 0 00:00:35, Sys 0 00:00:02  -  Total Remote Usage
		Usr 0 00:00:00, Sys 0 00:00:00  -  Total Local Usage
	9196  -  Run Bytes Sent By Job
	436  -  Run Bytes Received By Job
	9196  -  Total Bytes Sent By Job
	436  -  Total Bytes Received By Job
	Partitionable Resources :    Usage  Request Allocated
	   Cpus                 :                 2         2
	   Disk (KB)            :       30        1   2037387
	   Memory (MB)          :      249     4000      4000
...
