000 (2325790.9494.000) 05/26 19:50:49 Job submitted from host: <137.138.44.75:9618?addrs=137.138.44.75-9618&noUDP&sock=3998_dfba_3>
...
001 (2325790.9494.000) 05/26 20:08:16 Job executing on host: <128.142.103.42:9618?addrs=128.142.103.42-9618+[2001-1458-301-89--100-31f]-9618&noUDP&sock=16007_0c8f_3>
...
006 (2325790.9494.000) 05/26 20:08:24 Image size of job updated: 104632
	100  -  MemoryUsage of job (MB)
	102072  -  ResidentSetSize of job (KB)
...
006 (2325790.9494.000) 05/26 20:09:51 Image size of job updated: 146932
	100  -  MemoryUsage of job (MB)
	102072  -  ResidentSetSize of job (KB)
...
005 (2325790.9494.000) 05/26 20:09:51 Job terminated.
	(1) Normal termination (return value 0)
		Usr 0 00:00:36, Sys 0 00:00:01  -  Run Remote Usage
		Usr 0 00:00:00, Sys 0 00:00:00  -  Run Local Usage
		Usr 0 00:00:36, Sys 0 00:00:01  -  Total Remote Usage
		Usr 0 00:00:00, Sys 0 00:00:00  -  Total Local Usage
	9195  -  Run Bytes Sent By Job
	436  -  Run Bytes Received By Job
	9195  -  Total Bytes Sent By Job
	436  -  Total Bytes Received By Job
	Partitionable Resources :    Usage  Request Allocated
	   Cpus                 :                 2         2
	   Disk (KB)            :       29        1   2158978
	   Memory (MB)          :      100     4000      4000
...
