000 (2325790.10036.000) 05/26 19:50:51 Job submitted from host: <137.138.44.75:9618?addrs=137.138.44.75-9618&noUDP&sock=3998_dfba_3>
...
001 (2325790.10036.000) 05/26 20:09:01 Job executing on host: <188.184.205.242:9618?addrs=188.184.205.242-9618+[2001-1458-301-7d--100-1e0]-9618&noUDP&sock=19527_79ee_3>
...
006 (2325790.10036.000) 05/26 20:09:10 Image size of job updated: 94884
	91  -  MemoryUsage of job (MB)
	92252  -  ResidentSetSize of job (KB)
...
006 (2325790.10036.000) 05/26 20:10:45 Image size of job updated: 180036
	91  -  MemoryUsage of job (MB)
	92252  -  ResidentSetSize of job (KB)
...
005 (2325790.10036.000) 05/26 20:10:55 Job terminated.
	(1) Normal termination (return value 0)
		Usr 0 00:00:24, Sys 0 00:00:01  -  Run Remote Usage
		Usr 0 00:00:00, Sys 0 00:00:00  -  Run Local Usage
		Usr 0 00:00:24, Sys 0 00:00:01  -  Total Remote Usage
		Usr 0 00:00:00, Sys 0 00:00:00  -  Total Local Usage
	8250  -  Run Bytes Sent By Job
	436  -  Run Bytes Received By Job
	8250  -  Total Bytes Sent By Job
	436  -  Total Bytes Received By Job
	Partitionable Resources :    Usage  Request Allocated
	   Cpus                 :                 2         2
	   Disk (KB)            :       29        1   2111285
	   Memory (MB)          :       91     4000      4000
...
