000 (2325790.10268.000) 05/26 19:50:51 Job submitted from host: <137.138.44.75:9618?addrs=137.138.44.75-9618&noUDP&sock=3998_dfba_3>
...
001 (2325790.10268.000) 05/26 20:09:10 Job executing on host: <128.142.133.247:9618?addrs=128.142.133.247-9618+[2001-1458-301-32--100-f1]-9618&noUDP&sock=4734_b56e_3>
...
006 (2325790.10268.000) 05/26 20:09:19 Image size of job updated: 186484
	183  -  MemoryUsage of job (MB)
	186392  -  ResidentSetSize of job (KB)
...
006 (2325790.10268.000) 05/26 20:10:11 Image size of job updated: 1403492
	183  -  MemoryUsage of job (MB)
	186392  -  ResidentSetSize of job (KB)
...
005 (2325790.10268.000) 05/26 20:10:15 Job terminated.
	(1) Normal termination (return value 0)
		Usr 0 00:00:37, Sys 0 00:00:01  -  Run Remote Usage
		Usr 0 00:00:00, Sys 0 00:00:00  -  Run Local Usage
		Usr 0 00:00:37, Sys 0 00:00:01  -  Total Remote Usage
		Usr 0 00:00:00, Sys 0 00:00:00  -  Total Local Usage
	9189  -  Run Bytes Sent By Job
	436  -  Run Bytes Received By Job
	9189  -  Total Bytes Sent By Job
	436  -  Total Bytes Received By Job
	Partitionable Resources :    Usage  Request Allocated
	   Cpus                 :                 2         2
	   Disk (KB)            :       29        1   2196652
	   Memory (MB)          :      183     4000      4000
...
