000 (2325790.9999.000) 05/26 19:50:51 Job submitted from host: <137.138.44.75:9618?addrs=137.138.44.75-9618&noUDP&sock=3998_dfba_3>
...
001 (2325790.9999.000) 05/26 20:08:53 Job executing on host: <188.184.204.74:9618?addrs=188.184.204.74-9618+[2001-1458-301-7d--100-56]-9618&noUDP&sock=19559_6cf5_3>
...
006 (2325790.9999.000) 05/26 20:09:01 Image size of job updated: 93092
	89  -  MemoryUsage of job (MB)
	90376  -  ResidentSetSize of job (KB)
...
006 (2325790.9999.000) 05/26 20:11:15 Image size of job updated: 228472
	89  -  MemoryUsage of job (MB)
	90460  -  ResidentSetSize of job (KB)
...
005 (2325790.9999.000) 05/26 20:11:18 Job terminated.
	(1) Normal termination (return value 0)
		Usr 0 00:00:42, Sys 0 00:00:02  -  Run Remote Usage
		Usr 0 00:00:00, Sys 0 00:00:00  -  Run Local Usage
		Usr 0 00:00:42, Sys 0 00:00:02  -  Total Remote Usage
		Usr 0 00:00:00, Sys 0 00:00:00  -  Total Local Usage
	9157  -  Run Bytes Sent By Job
	436  -  Run Bytes Received By Job
	9157  -  Total Bytes Sent By Job
	436  -  Total Bytes Received By Job
	Partitionable Resources :    Usage  Request Allocated
	   Cpus                 :                 2         2
	   Disk (KB)            :       31        1   2116362
	   Memory (MB)          :       89     4000      4000
...
