000 (2325790.2484.000) 05/26 19:50:32 Job submitted from host: <137.138.44.75:9618?addrs=137.138.44.75-9618&noUDP&sock=3998_dfba_3>
...
001 (2325790.2484.000) 05/26 20:00:42 Job executing on host: <128.142.133.176:9618?addrs=128.142.133.176-9618+[2001-1458-301-32--100-97]-9618&noUDP&sock=4677_9c88_3>
...
006 (2325790.2484.000) 05/26 20:00:51 Image size of job updated: 209880
	179  -  MemoryUsage of job (MB)
	183200  -  ResidentSetSize of job (KB)
...
006 (2325790.2484.000) 05/26 20:01:46 Image size of job updated: 209880
	179  -  MemoryUsage of job (MB)
	183204  -  ResidentSetSize of job (KB)
...
005 (2325790.2484.000) 05/26 20:01:55 Job terminated.
	(1) Normal termination (return value 0)
		Usr 0 00:00:48, Sys 0 00:00:02  -  Run Remote Usage
		Usr 0 00:00:00, Sys 0 00:00:00  -  Run Local Usage
		Usr 0 00:00:48, Sys 0 00:00:02  -  Total Remote Usage
		Usr 0 00:00:00, Sys 0 00:00:00  -  Total Local Usage
	9188  -  Run Bytes Sent By Job
	436  -  Run Bytes Received By Job
	9188  -  Total Bytes Sent By Job
	436  -  Total Bytes Received By Job
	Partitionable Resources :    Usage  Request Allocated
	   Cpus                 :                 2         2
	   Disk (KB)            :       29        1   2138879
	   Memory (MB)          :      179     4000      4000
...
