000 (2325790.11210.000) 05/26 19:50:55 Job submitted from host: <137.138.44.75:9618?addrs=137.138.44.75-9618&noUDP&sock=3998_dfba_3>
...
001 (2325790.11210.000) 05/26 20:10:15 Job executing on host: <188.184.133.133:9618?addrs=188.184.133.133-9618+[2001-1458-301-a0--100-b1]-9618&noUDP&sock=16582_7384_3>
...
006 (2325790.11210.000) 05/26 20:10:24 Image size of job updated: 228352
	221  -  MemoryUsage of job (MB)
	225544  -  ResidentSetSize of job (KB)
...
006 (2325790.11210.000) 05/26 20:11:41 Image size of job updated: 228352
	221  -  MemoryUsage of job (MB)
	225552  -  ResidentSetSize of job (KB)
...
005 (2325790.11210.000) 05/26 20:11:49 Job terminated.
	(1) Normal termination (return value 0)
		Usr 0 00:00:46, Sys 0 00:00:02  -  Run Remote Usage
		Usr 0 00:00:00, Sys 0 00:00:00  -  Run Local Usage
		Usr 0 00:00:46, Sys 0 00:00:02  -  Total Remote Usage
		Usr 0 00:00:00, Sys 0 00:00:00  -  Total Local Usage
	9196  -  Run Bytes Sent By Job
	436  -  Run Bytes Received By Job
	9196  -  Total Bytes Sent By Job
	436  -  Total Bytes Received By Job
	Partitionable Resources :    Usage  Request Allocated
	   Cpus                 :                 2         2
	   Disk (KB)            :       29        1   2045002
	   Memory (MB)          :      221     4000      4000
...
