000 (2325790.2388.000) 05/26 19:50:31 Job submitted from host: <137.138.44.75:9618?addrs=137.138.44.75-9618&noUDP&sock=3998_dfba_3>
...
001 (2325790.2388.000) 05/26 19:58:45 Job executing on host: <188.184.205.106:9618?addrs=188.184.205.106-9618+[2001-1458-301-7d--100-15c]-9618&noUDP&sock=19511_806a_3>
...
006 (2325790.2388.000) 05/26 19:58:54 Image size of job updated: 94364
	93  -  MemoryUsage of job (MB)
	94348  -  ResidentSetSize of job (KB)
...
006 (2325790.2388.000) 05/26 20:00:26 Image size of job updated: 718412
	93  -  MemoryUsage of job (MB)
	94348  -  ResidentSetSize of job (KB)
...
005 (2325790.2388.000) 05/26 20:00:34 Job terminated.
	(1) Normal termination (return value 0)
		Usr 0 00:00:43, Sys 0 00:00:02  -  Run Remote Usage
		Usr 0 00:00:00, Sys 0 00:00:00  -  Run Local Usage
		Usr 0 00:00:43, Sys 0 00:00:02  -  Total Remote Usage
		Usr 0 00:00:00, Sys 0 00:00:00  -  Total Local Usage
	9192  -  Run Bytes Sent By Job
	436  -  Run Bytes Received By Job
	9192  -  Total Bytes Sent By Job
	436  -  Total Bytes Received By Job
	Partitionable Resources :    Usage  Request Allocated
	   Cpus                 :                 2         2
	   Disk (KB)            :       30        1   2146488
	   Memory (MB)          :       93     4000      4000
...
