000 (2325790.12886.000) 05/26 19:50:59 Job submitted from host: <137.138.44.75:9618?addrs=137.138.44.75-9618&noUDP&sock=3998_dfba_3>
...
001 (2325790.12886.000) 05/26 20:12:04 Job executing on host: <128.142.149.90:9618?addrs=128.142.149.90-9618+[2001-1458-301-b--100-59]-9618&noUDP&sock=18177_7d13_3>
...
006 (2325790.12886.000) 05/26 20:12:13 Image size of job updated: 370756
	360  -  MemoryUsage of job (MB)
	367948  -  ResidentSetSize of job (KB)
...
006 (2325790.12886.000) 05/26 20:12:48 Image size of job updated: 370756
	366  -  MemoryUsage of job (MB)
	373804  -  ResidentSetSize of job (KB)
...
005 (2325790.12886.000) 05/26 20:12:58 Job terminated.
	(1) Normal termination (return value 0)
		Usr 0 00:00:33, Sys 0 00:00:01  -  Run Remote Usage
		Usr 0 00:00:00, Sys 0 00:00:00  -  Run Local Usage
		Usr 0 00:00:33, Sys 0 00:00:01  -  Total Remote Usage
		Usr 0 00:00:00, Sys 0 00:00:00  -  Total Local Usage
	9194  -  Run Bytes Sent By Job
	436  -  Run Bytes Received By Job
	9194  -  Total Bytes Sent By Job
	436  -  Total Bytes Received By Job
	Partitionable Resources :    Usage  Request Allocated
	   Cpus                 :                 2         2
	   Disk (KB)            :       29        1   3184953
	   Memory (MB)          :      366     4000      4000
...
