000 (2325790.12326.000) 05/26 19:50:58 Job submitted from host: <137.138.44.75:9618?addrs=137.138.44.75-9618&noUDP&sock=3998_dfba_3>
...
001 (2325790.12326.000) 05/26 20:11:22 Job executing on host: <188.184.206.86:9618?addrs=188.184.206.86-9618+[2001-1458-301-7d--100-243]-9618&noUDP&sock=19478_ddca_3>
...
006 (2325790.12326.000) 05/26 20:11:31 Image size of job updated: 99572
	98  -  MemoryUsage of job (MB)
	99480  -  ResidentSetSize of job (KB)
...
006 (2325790.12326.000) 05/26 20:16:32 Image size of job updated: 262556
	257  -  MemoryUsage of job (MB)
	262556  -  ResidentSetSize of job (KB)
...
006 (2325790.12326.000) 05/26 20:21:12 Image size of job updated: 262556
	257  -  MemoryUsage of job (MB)
	262692  -  ResidentSetSize of job (KB)
...
005 (2325790.12326.000) 05/26 20:21:13 Job terminated.
	(1) Normal termination (return value 0)
		Usr 0 00:00:34, Sys 0 00:00:02  -  Run Remote Usage
		Usr 0 00:00:00, Sys 0 00:00:00  -  Run Local Usage
		Usr 0 00:00:34, Sys 0 00:00:02  -  Total Remote Usage
		Usr 0 00:00:00, Sys 0 00:00:00  -  Total Local Usage
	9157  -  Run Bytes Sent By Job
	436  -  Run Bytes Received By Job
	9157  -  Total Bytes Sent By Job
	436  -  Total Bytes Received By Job
	Partitionable Resources :    Usage  Request Allocated
	   Cpus                 :                 2         2
	   Disk (KB)            :       40        1   2125880
	   Memory (MB)          :      257     4000      4000
...
