000 (2325790.14531.000) 05/26 19:51:03 Job submitted from host: <137.138.44.75:9618?addrs=137.138.44.75-9618&noUDP&sock=3998_dfba_3>
...
001 (2325790.14531.000) 05/26 20:14:04 Job executing on host: <188.184.204.121:9618?addrs=188.184.204.121-9618+[2001-1458-301-7d--100-59]-9618&noUDP&sock=20333_5343_3>
...
006 (2325790.14531.000) 05/26 20:14:13 Image size of job updated: 90524
	86  -  MemoryUsage of job (MB)
	87716  -  ResidentSetSize of job (KB)
...
006 (2325790.14531.000) 05/26 20:16:39 Image size of job updated: 229100
	86  -  MemoryUsage of job (MB)
	87716  -  ResidentSetSize of job (KB)
...
005 (2325790.14531.000) 05/26 20:16:40 Job terminated.
	(1) Normal termination (return value 0)
		Usr 0 00:00:44, Sys 0 00:00:02  -  Run Remote Usage
		Usr 0 00:00:00, Sys 0 00:00:00  -  Run Local Usage
		Usr 0 00:00:44, Sys 0 00:00:02  -  Total Remote Usage
		Usr 0 00:00:00, Sys 0 00:00:00  -  Total Local Usage
	9196  -  Run Bytes Sent By Job
	436  -  Run Bytes Received By Job
	9196  -  Total Bytes Sent By Job
	436  -  Total Bytes Received By Job
	Partitionable Resources :    Usage  Request Allocated
	   Cpus                 :                 2         2
	   Disk (KB)            :       31        1   2107545
	   Memory (MB)          :       86     4000      4000
...
