000 (2325790.1241.000) 05/26 19:50:28 Job submitted from host: <137.138.44.75:9618?addrs=137.138.44.75-9618&noUDP&sock=3998_dfba_3>
...
001 (2325790.1241.000) 05/26 19:54:11 Job executing on host: <128.142.133.167:9618?addrs=128.142.133.167-9618+[2001-1458-301-32--100-6f]-9618&noUDP&sock=4741_8298_3>
...
006 (2325790.1241.000) 05/26 19:54:21 Image size of job updated: 298384
	289  -  MemoryUsage of job (MB)
	295576  -  ResidentSetSize of job (KB)
...
006 (2325790.1241.000) 05/26 19:55:21 Image size of job updated: 616824
	289  -  MemoryUsage of job (MB)
	295576  -  ResidentSetSize of job (KB)
...
005 (2325790.1241.000) 05/26 19:55:21 Job terminated.
	(1) Normal termination (return value 0)
		Usr 0 00:00:54, Sys 0 00:00:02  -  Run Remote Usage
		Usr 0 00:00:00, Sys 0 00:00:00  -  Run Local Usage
		Usr 0 00:00:54, Sys 0 00:00:02  -  Total Remote Usage
		Usr 0 00:00:00, Sys 0 00:00:00  -  Total Local Usage
	9193  -  Run Bytes Sent By Job
	436  -  Run Bytes Received By Job
	9193  -  Total Bytes Sent By Job
	436  -  Total Bytes Received By Job
	Partitionable Resources :    Usage  Request Allocated
	   Cpus                 :                 2         2
	   Disk (KB)            :       29        1   2102108
	   Memory (MB)          :      289     4000      4000
...
