000 (2325790.384.000) 05/26 19:50:26 Job submitted from host: <137.138.44.75:9618?addrs=137.138.44.75-9618&noUDP&sock=3998_dfba_3>
...
001 (2325790.384.000) 05/26 19:55:13 Job executing on host: <188.184.205.149:9618?addrs=188.184.205.149-9618+[2001-1458-301-7d--100-18e]-9618&noUDP&sock=19587_a19c_3>
...
006 (2325790.384.000) 05/26 19:55:22 Image size of job updated: 103832
	93  -  MemoryUsage of job (MB)
	95188  -  ResidentSetSize of job (KB)
...
006 (2325790.384.000) 05/26 19:57:14 Image size of job updated: 103832
	93  -  MemoryUsage of job (MB)
	95220  -  ResidentSetSize of job (KB)
...
005 (2325790.384.000) 05/26 19:57:15 Job terminated.
	(1) Normal termination (return value 0)
		Usr 0 00:00:58, Sys 0 00:00:02  -  Run Remote Usage
		Usr 0 00:00:00, Sys 0 00:00:00  -  Run Local Usage
		Usr 0 00:00:58, Sys 0 00:00:02  -  Total Remote Usage
		Usr 0 00:00:00, Sys 0 00:00:00  -  Total Local Usage
	9189  -  Run Bytes Sent By Job
	436  -  Run Bytes Received By Job
	9189  -  Total Bytes Sent By Job
	436  -  Total Bytes Received By Job
	Partitionable Resources :    Usage  Request Allocated
	   Cpus                 :                 2         2
	   Disk (KB)            :       30        1   2207485
	   Memory (MB)          :       93     4000      4000
...
