000 (2325790.10808.000) 05/26 19:50:53 Job submitted from host: <137.138.44.75:9618?addrs=137.138.44.75-9618&noUDP&sock=3998_dfba_3>
...
001 (2325790.10808.000) 05/26 20:09:39 Job executing on host: <188.184.207.79:9618?addrs=188.184.207.79-9618+[2001-1458-301-7d--100-365]-9618&noUDP&sock=19525_1abd_3>
...
006 (2325790.10808.000) 05/26 20:09:47 Image size of job updated: 242616
	237  -  MemoryUsage of job (MB)
	242504  -  ResidentSetSize of job (KB)
...
006 (2325790.10808.000) 05/26 20:10:36 Image size of job updated: 242616
	238  -  MemoryUsage of job (MB)
	242816  -  ResidentSetSize of job (KB)
...
005 (2325790.10808.000) 05/26 20:10:47 Job terminated.
	(1) Normal termination (return value 0)
		Usr 0 00:00:42, Sys 0 00:00:02  -  Run Remote Usage
		Usr 0 00:00:00, Sys 0 00:00:00  -  Run Local Usage
		Usr 0 00:00:42, Sys 0 00:00:02  -  Total Remote Usage
		Usr 0 00:00:00, Sys 0 00:00:00  -  Total Local Usage
	9192  -  Run Bytes Sent By Job
	436  -  Run Bytes Received By Job
	9192  -  Total Bytes Sent By Job
	436  -  Total Bytes Received By Job
	Partitionable Resources :    Usage  Request Allocated
	   Cpus                 :                 2         2
	   Disk (KB)            :       29        1   2155159
	   Memory (MB)          :      238     4000      4000
...
