000 (2325790.6577.000) 05/26 19:50:42 Job submitted from host: <137.138.44.75:9618?addrs=137.138.44.75-9618&noUDP&sock=3998_dfba_3>
...
001 (2325790.6577.000) 05/26 20:04:40 Job executing on host: <188.184.186.21:9618?addrs=188.184.186.21-9618+[2001-1458-301-f8--100-b]-9618&noUDP&sock=16479_cd43_3>
...
006 (2325790.6577.000) 05/26 20:04:49 Image size of job updated: 288900
	283  -  MemoryUsage of job (MB)
	288852  -  ResidentSetSize of job (KB)
...
006 (2325790.6577.000) 05/26 20:05:42 Image size of job updated: 1841380
	283  -  MemoryUsage of job (MB)
	288912  -  ResidentSetSize of job (KB)
...
005 (2325790.6577.000) 05/26 20:05:43 Job terminated.
	(1) Normal termination (return value 0)
		Usr 0 00:00:49, Sys 0 00:00:02  -  Run Remote Usage
		Usr 0 00:00:00, Sys 0 00:00:00  -  Run Local Usage
		Usr 0 00:00:49, Sys 0 00:00:02  -  Total Remote Usage
		Usr 0 00:00:00, Sys 0 00:00:00  -  Total Local Usage
	9195  -  Run Bytes Sent By Job
	436  -  Run Bytes Received By Job
	9195  -  Total Bytes Sent By Job
	436  -  Total Bytes Received By Job
	Partitionable Resources :    Usage  Request Allocated
	   Cpus                 :                 2         2
	   Disk (KB)            :       29        1   2099845
	   Memory (MB)          :      283     4000      4000
...
