000 (2325790.6668.000) 05/26 19:50:43 Job submitted from host: <137.138.44.75:9618?addrs=137.138.44.75-9618&noUDP&sock=3998_dfba_3>
...
001 (2325790.6668.000) 05/26 20:04:47 Job executing on host: <128.142.240.194:9618?addrs=128.142.240.194-9618+[--1]-9618&noUDP&sock=5703_5cb3_3>
...
006 (2325790.6668.000) 05/26 20:04:55 Image size of job updated: 318864
	309  -  MemoryUsage of job (MB)
	316144  -  ResidentSetSize of job (KB)
...
006 (2325790.6668.000) 05/26 20:07:17 Image size of job updated: 752768
	309  -  MemoryUsage of job (MB)
	316336  -  ResidentSetSize of job (KB)
...
005 (2325790.6668.000) 05/26 20:07:19 Job terminated.
	(1) Normal termination (return value 0)
		Usr 0 00:00:44, Sys 0 00:00:02  -  Run Remote Usage
		Usr 0 00:00:00, Sys 0 00:00:00  -  Run Local Usage
		Usr 0 00:00:44, Sys 0 00:00:02  -  Total Remote Usage
		Usr 0 00:00:00, Sys 0 00:00:00  -  Total Local Usage
	9156  -  Run Bytes Sent By Job
	436  -  Run Bytes Received By Job
	9156  -  Total Bytes Sent By Job
	436  -  Total Bytes Received By Job
	Partitionable Resources :    Usage  Request Allocated
	   Cpus                 :                 2         2
	   Disk (KB)            :       31        1   3253208
	   Memory (MB)          :      309     4000      4000
...
