000 (2325790.139.000) 05/26 19:50:26 Job submitted from host: <137.138.44.75:9618?addrs=137.138.44.75-9618&noUDP&sock=3998_dfba_3>
...
001 (2325790.139.000) 05/26 19:53:44 Job executing on host: <188.184.207.41:9618?addrs=188.184.207.41-9618+[2001-1458-301-7d--100-31b]-9618&noUDP&sock=21430_c6a8_3>
...
006 (2325790.139.000) 05/26 19:53:53 Image size of job updated: 261768
	247  -  MemoryUsage of job (MB)
	252684  -  ResidentSetSize of job (KB)
...
006 (2325790.139.000) 05/26 19:54:55 Image size of job updated: 1903840
	247  -  MemoryUsage of job (MB)
	252848  -  ResidentSetSize of job (KB)
...
005 (2325790.139.000) 05/26 19:54:55 Job terminated.
	(1) Normal termination (return value 0)
		Usr 0 00:00:56, Sys 0 00:00:02  -  Run Remote Usage
		Usr 0 00:00:00, Sys 0 00:00:00  -  Run Local Usage
		Usr 0 00:00:56, Sys 0 00:00:02  -  Total Remote Usage
		Usr 0 00:00:00, Sys 0 00:00:00  -  Total Local Usage
	9188  -  Run Bytes Sent By Job
	436  -  Run Bytes Received By Job
	9188  -  Total Bytes Sent By Job
	436  -  Total Bytes Received By Job
	Partitionable Resources :    Usage  Request Allocated
	   Cpus                 :                 2         2
	   Disk (KB)            :       29        1   2139286
	   Memory (MB)          :      247     4000      4000
...
