000 (2325790.10225.000) 05/26 19:50:51 Job submitted from host: <137.138.44.75:9618?addrs=137.138.44.75-9618&noUDP&sock=3998_dfba_3>
...
001 (2325790.10225.000) 05/26 20:09:09 Job executing on host: <188.184.205.122:9618?addrs=188.184.205.122-9618+[2001-1458-301-7d--100-153]-9618&noUDP&sock=19672_ef29_3>
...
006 (2325790.10225.000) 05/26 20:09:18 Image size of job updated: 99140
	96  -  MemoryUsage of job (MB)
	97760  -  ResidentSetSize of job (KB)
...
005 (2325790.10225.000) 05/26 20:11:06 Job terminated.
	(1) Normal termination (return value 0)
		Usr 0 00:00:40, Sys 0 00:00:02  -  Run Remote Usage
		Usr 0 00:00:00, Sys 0 00:00:00  -  Run Local Usage
		Usr 0 00:00:40, Sys 0 00:00:02  -  Total Remote Usage
		Usr 0 00:00:00, Sys 0 00:00:00  -  Total Local Usage
	8288  -  Run Bytes Sent By Job
	436  -  Run Bytes Received By Job
	8288  -  Total Bytes Sent By Job
	436  -  Total Bytes Received By Job
	Partitionable Resources :    Usage  Request Allocated
	   Cpus                 :                 2         2
	   Disk (KB)            :       29        1   2141904
	   Memory (MB)          :       96     4000      4000
...
