000 (2325790.6805.000) 05/26 19:50:43 Job submitted from host: <137.138.44.75:9618?addrs=137.138.44.75-9618&noUDP&sock=3998_dfba_3>
...
001 (2325790.6805.000) 05/26 20:05:01 Job executing on host: <188.184.207.41:9618?addrs=188.184.207.41-9618+[2001-1458-301-7d--100-31b]-9618&noUDP&sock=21430_c6a8_3>
...
006 (2325790.6805.000) 05/26 20:05:10 Image size of job updated: 282120
	274  -  MemoryUsage of job (MB)
	280460  -  ResidentSetSize of job (KB)
...
006 (2325790.6805.000) 05/26 20:07:11 Image size of job updated: 533392
	274  -  MemoryUsage of job (MB)
	280460  -  ResidentSetSize of job (KB)
...
005 (2325790.6805.000) 05/26 20:07:11 Job terminated.
	(1) Normal termination (return value 0)
		Usr 0 00:01:00, Sys 0 00:00:02  -  Run Remote Usage
		Usr 0 00:00:00, Sys 0 00:00:00  -  Run Local Usage
		Usr 0 00:01:00, Sys 0 00:00:02  -  Total Remote Usage
		Usr 0 00:00:00, Sys 0 00:00:00  -  Total Local Usage
	9191  -  Run Bytes Sent By Job
	436  -  Run Bytes Received By Job
	9191  -  Total Bytes Sent By Job
	436  -  Total Bytes Received By Job
	Partitionable Resources :    Usage  Request Allocated
	   Cpus                 :                 2         2
	   Disk (KB)            :       30        1   2139286
	   Memory (MB)          :      274     4000      4000
...
