000 (2325790.5983.000) 05/26 19:50:41 Job submitted from host: <137.138.44.75:9618?addrs=137.138.44.75-9618&noUDP&sock=3998_dfba_3>
...
001 (2325790.5983.000) 05/26 20:03:49 Job executing on host: <128.142.100.76:9618?addrs=128.142.100.76-9618+[2001-1458-301-89--100-b]-9618&noUDP&sock=15900_a7ed_3>
...
006 (2325790.5983.000) 05/26 20:03:58 Image size of job updated: 156752
	151  -  MemoryUsage of job (MB)
	153944  -  ResidentSetSize of job (KB)
...
006 (2325790.5983.000) 05/26 20:05:38 Image size of job updated: 643884
	151  -  MemoryUsage of job (MB)
	153952  -  ResidentSetSize of job (KB)
...
005 (2325790.5983.000) 05/26 20:05:38 Job terminated.
	(1) Normal termination (return value 0)
		Usr 0 00:00:57, Sys 0 00:00:03  -  Run Remote Usage
		Usr 0 00:00:00, Sys 0 00:00:00  -  Run Local Usage
		Usr 0 00:00:57, Sys 0 00:00:03  -  Total Remote Usage
		Usr 0 00:00:00, Sys 0 00:00:00  -  Total Local Usage
	9164  -  Run Bytes Sent By Job
	436  -  Run Bytes Received By Job
	9164  -  Total Bytes Sent By Job
	436  -  Total Bytes Received By Job
	Partitionable Resources :    Usage  Request Allocated
	   Cpus                 :                 2         2
	   Disk (KB)            :       30        1   2115961
	   Memory (MB)          :      151     4000      4000
...
