000 (2325790.2553.000) 05/26 19:50:32 Job submitted from host: <137.138.44.75:9618?addrs=137.138.44.75-9618&noUDP&sock=3998_dfba_3>
...
001 (2325790.2553.000) 05/26 20:01:00 Job executing on host: <128.142.96.85:9618?addrs=128.142.96.85-9618+[2001-1458-301-87--100-50]-9618&noUDP&sock=16817_a446_3>
...
006 (2325790.2553.000) 05/26 20:01:09 Image size of job updated: 95792
	94  -  MemoryUsage of job (MB)
	95724  -  ResidentSetSize of job (KB)
...
006 (2325790.2553.000) 05/26 20:02:47 Image size of job updated: 1796948
	94  -  MemoryUsage of job (MB)
	95724  -  ResidentSetSize of job (KB)
...
005 (2325790.2553.000) 05/26 20:02:48 Job terminated.
	(1) Normal termination (return value 0)
		Usr 0 00:00:51, Sys 0 00:00:02  -  Run Remote Usage
		Usr 0 00:00:00, Sys 0 00:00:00  -  Run Local Usage
		Usr 0 00:00:51, Sys 0 00:00:02  -  Total Remote Usage
		Usr 0 00:00:00, Sys 0 00:00:00  -  Total Local Usage
	9123  -  Run Bytes Sent By Job
	436  -  Run Bytes Received By Job
	9123  -  Total Bytes Sent By Job
	436  -  Total Bytes Received By Job
	Partitionable Resources :    Usage  Request Allocated
	   Cpus                 :                 2         2
	   Disk (KB)            :       29        1   4291277
	   Memory (MB)          :       94     4000      4000
...
