000 (2325790.814.000) 05/26 19:50:27 Job submitted from host: <137.138.44.75:9618?addrs=137.138.44.75-9618&noUDP&sock=3998_dfba_3>
...
001 (2325790.814.000) 05/26 19:57:39 Job executing on host: <188.184.205.2:9618?addrs=188.184.205.2-9618+[2001-1458-301-7d--100-103]-9618&noUDP&sock=19624_029d_3>
...
006 (2325790.814.000) 05/26 19:57:48 Image size of job updated: 215036
	202  -  MemoryUsage of job (MB)
	206432  -  ResidentSetSize of job (KB)
...
006 (2325790.814.000) 05/26 19:58:55 Image size of job updated: 757508
	202  -  MemoryUsage of job (MB)
	206612  -  ResidentSetSize of job (KB)
...
005 (2325790.814.000) 05/26 19:58:55 Job terminated.
	(1) Normal termination (return value 0)
		Usr 0 00:00:56, Sys 0 00:00:02  -  Run Remote Usage
		Usr 0 00:00:00, Sys 0 00:00:00  -  Run Local Usage
		Usr 0 00:00:56, Sys 0 00:00:02  -  Total Remote Usage
		Usr 0 00:00:00, Sys 0 00:00:00  -  Total Local Usage
	9190  -  Run Bytes Sent By Job
	436  -  Run Bytes Received By Job
	9190  -  Total Bytes Sent By Job
	436  -  Total Bytes Received By Job
	Partitionable Resources :    Usage  Request Allocated
	   Cpus                 :                 2         2
	   Disk (KB)            :       29        1   2170166
	   Memory (MB)          :      202     4000      4000
...
