000 (2325790.12195.000) 05/26 19:50:58 Job submitted from host: <137.138.44.75:9618?addrs=137.138.44.75-9618&noUDP&sock=3998_dfba_3>
...
001 (2325790.12195.000) 05/26 20:11:15 Job executing on host: <188.184.204.80:9618?addrs=188.184.204.80-9618+[--1]-9618&noUDP&sock=4703_71ff_3>
...
006 (2325790.12195.000) 05/26 20:11:23 Image size of job updated: 256720
	249  -  MemoryUsage of job (MB)
	254092  -  ResidentSetSize of job (KB)
...
006 (2325790.12195.000) 05/26 20:11:46 Image size of job updated: 1456988
	249  -  MemoryUsage of job (MB)
	254092  -  ResidentSetSize of job (KB)
...
005 (2325790.12195.000) 05/26 20:12:00 Job terminated.
	(1) Normal termination (return value 0)
		Usr 0 00:00:21, Sys 0 00:00:01  -  Run Remote Usage
		Usr 0 00:00:00, Sys 0 00:00:00  -  Run Local Usage
		Usr 0 00:00:21, Sys 0 00:00:01  -  Total Remote Usage
		Usr 0 00:00:00, Sys 0 00:00:00  -  Total Local Usage
	8291  -  Run Bytes Sent By Job
	436  -  Run Bytes Received By Job
	8291  -  Total Bytes Sent By Job
	436  -  Total Bytes Received By Job
	Partitionable Resources :    Usage  Request Allocated
	   Cpus                 :                 2         2
	   Disk (KB)            :       27        1   2137512
	   Memory (MB)          :      249     4000      4000
...
