000 (2325790.11557.000) 05/26 19:50:56 Job submitted from host: <137.138.44.75:9618?addrs=137.138.44.75-9618&noUDP&sock=3998_dfba_3>
...
001 (2325790.11557.000) 05/26 20:10:38 Job executing on host: <188.184.206.41:9618?addrs=188.184.206.41-9618+[2001-1458-301-7d--100-223]-9618&noUDP&sock=19452_0853_3>
...
006 (2325790.11557.000) 05/26 20:10:47 Image size of job updated: 95372
	91  -  MemoryUsage of job (MB)
	92580  -  ResidentSetSize of job (KB)
...
006 (2325790.11557.000) 05/26 20:12:32 Image size of job updated: 162876
	91  -  MemoryUsage of job (MB)
	92932  -  ResidentSetSize of job (KB)
...
005 (2325790.11557.000) 05/26 20:12:48 Job terminated.
	(1) Normal termination (return value 0)
		Usr 0 00:00:43, Sys 0 00:00:02  -  Run Remote Usage
		Usr 0 00:00:00, Sys 0 00:00:00  -  Run Local Usage
		Usr 0 00:00:43, Sys 0 00:00:02  -  Total Remote Usage
		Usr 0 00:00:00, Sys 0 00:00:00  -  Total Local Usage
	9196  -  Run Bytes Sent By Job
	436  -  Run Bytes Received By Job
	9196  -  Total Bytes Sent By Job
	436  -  Total Bytes Received By Job
	Partitionable Resources :    Usage  Request Allocated
	   Cpus                 :                 2         2
	   Disk (KB)            :       30        1   2162041
	   Memory (MB)          :       91     4000      4000
...
