000 (2325790.11001.000) 05/26 19:50:53 Job submitted from host: <137.138.44.75:9618?addrs=137.138.44.75-9618&noUDP&sock=3998_dfba_3>
...
001 (2325790.11001.000) 05/26 20:09:54 Job executing on host: <188.184.206.46:9618?addrs=188.184.206.46-9618+[2001-1458-301-7d--100-226]-9618&noUDP&sock=19650_d814_3>
...
006 (2325790.11001.000) 05/26 20:10:02 Image size of job updated: 90984
	87  -  MemoryUsage of job (MB)
	88288  -  ResidentSetSize of job (KB)
...
006 (2325790.11001.000) 05/26 20:12:00 Image size of job updated: 230884
	87  -  MemoryUsage of job (MB)
	88356  -  ResidentSetSize of job (KB)
...
005 (2325790.11001.000) 05/26 20:12:08 Job terminated.
	(1) Normal termination (return value 0)
		Usr 0 00:00:45, Sys 0 00:00:02  -  Run Remote Usage
		Usr 0 00:00:00, Sys 0 00:00:00  -  Run Local Usage
		Usr 0 00:00:45, Sys 0 00:00:02  -  Total Remote Usage
		Usr 0 00:00:00, Sys 0 00:00:00  -  Total Local Usage
	9157  -  Run Bytes Sent By Job
	436  -  Run Bytes Received By Job
	9157  -  Total Bytes Sent By Job
	436  -  Total Bytes Received By Job
	Partitionable Resources :    Usage  Request Allocated
	   Cpus                 :                 2         2
	   Disk (KB)            :       30        1   2167957
	   Memory (MB)          :       87     4000      4000
...
