000 (2325790.14169.000) 05/26 19:51:02 Job submitted from host: <137.138.44.75:9618?addrs=137.138.44.75-9618&noUDP&sock=3998_dfba_3>
...
001 (2325790.14169.000) 05/26 20:13:43 Job executing on host: <188.184.207.70:9618?addrs=188.184.207.70-9618+[2001-1458-301-7d--100-321]-9618&noUDP&sock=19656_f5a5_3>
...
006 (2325790.14169.000) 05/26 20:13:52 Image size of job updated: 299572
	290  -  MemoryUsage of job (MB)
	296920  -  ResidentSetSize of job (KB)
...
006 (2325790.14169.000) 05/26 20:14:37 Image size of job updated: 1367360
	292  -  MemoryUsage of job (MB)
	298044  -  ResidentSetSize of job (KB)
...
005 (2325790.14169.000) 05/26 20:14:38 Job terminated.
	(1) Normal termination (return value 0)
		Usr 0 00:00:42, Sys 0 00:00:02  -  Run Remote Usage
		Usr 0 00:00:00, Sys 0 00:00:00  -  Run Local Usage
		Usr 0 00:00:42, Sys 0 00:00:02  -  Total Remote Usage
		Usr 0 00:00:00, Sys 0 00:00:00  -  Total Local Usage
	9158  -  Run Bytes Sent By Job
	436  -  Run Bytes Received By Job
	9158  -  Total Bytes Sent By Job
	436  -  Total Bytes Received By Job
	Partitionable Resources :    Usage  Request Allocated
	   Cpus                 :                 2         2
	   Disk (KB)            :       29        1   2197008
	   Memory (MB)          :      292     4000      4000
...
