000 (2325790.9361.000) 05/26 19:50:49 Job submitted from host: <137.138.44.75:9618?addrs=137.138.44.75-9618&noUDP&sock=3998_dfba_3>
...
001 (2325790.9361.000) 05/26 20:08:05 Job executing on host: <188.184.139.32:9618?addrs=188.184.139.32-9618+[--1]-9618&noUDP&sock=5720_05d0_3>
...
006 (2325790.9361.000) 05/26 20:08:13 Image size of job updated: 287776
	279  -  MemoryUsage of job (MB)
	285124  -  ResidentSetSize of job (KB)
...
006 (2325790.9361.000) 05/26 20:08:34 Image size of job updated: 287776
	279  -  MemoryUsage of job (MB)
	285340  -  ResidentSetSize of job (KB)
...
005 (2325790.9361.000) 05/26 20:08:36 Job terminated.
	(1) Normal termination (return value 0)
		Usr 0 00:00:20, Sys 0 00:00:01  -  Run Remote Usage
		Usr 0 00:00:00, Sys 0 00:00:00  -  Run Local Usage
		Usr 0 00:00:20, Sys 0 00:00:01  -  Total Remote Usage
		Usr 0 00:00:00, Sys 0 00:00:00  -  Total Local Usage
	8209  -  Run Bytes Sent By Job
	436  -  Run Bytes Received By Job
	8209  -  Total Bytes Sent By Job
	436  -  Total Bytes Received By Job
	Partitionable Resources :    Usage  Request Allocated
	   Cpus                 :                 2         2
	   Disk (KB)            :       27        1   3025550
	   Memory (MB)          :      279     4000      4000
...
