000 (2325790.8826.000) 05/26 19:50:48 Job submitted from host: <137.138.44.75:9618?addrs=137.138.44.75-9618&noUDP&sock=3998_dfba_3>
...
001 (2325790.8826.000) 05/26 20:07:32 Job executing on host: <188.184.138.198:9618?addrs=188.184.138.198-9618+[2001-1458-301-45--100-bc]-9618&noUDP&sock=5698_eeba_3>
...
006 (2325790.8826.000) 05/26 20:07:41 Image size of job updated: 314864
	308  -  MemoryUsage of job (MB)
	314848  -  ResidentSetSize of job (KB)
...
006 (2325790.8826.000) 05/26 20:08:17 Image size of job updated: 1360944
	308  -  MemoryUsage of job (MB)
	314896  -  ResidentSetSize of job (KB)
...
005 (2325790.8826.000) 05/26 20:08:19 Job terminated.
	(1) Normal termination (return value 0)
		Usr 0 00:00:37, Sys 0 00:00:02  -  Run Remote Usage
		Usr 0 00:00:00, Sys 0 00:00:00  -  Run Local Usage
		Usr 0 00:00:37, Sys 0 00:00:02  -  Total Remote Usage
		Usr 0 00:00:00, Sys 0 00:00:00  -  Total Local Usage
	9155  -  Run Bytes Sent By Job
	436  -  Run Bytes Received By Job
	9155  -  Total Bytes Sent By Job
	436  -  Total Bytes Received By Job
	Partitionable Resources :    Usage  Request Allocated
	   Cpus                 :                 2         2
	   Disk (KB)            :       29        1   2944404
	   Memory (MB)          :      308     4000      4000
...
