000 (2325790.7253.000) 05/26 19:50:44 Job submitted from host: <137.138.44.75:9618?addrs=137.138.44.75-9618&noUDP&sock=3998_dfba_3>
...
001 (2325790.7253.000) 05/26 20:05:37 Job executing on host: <188.184.206.58:9618?addrs=188.184.206.58-9618+[2001-1458-301-7d--100-31a]-9618&noUDP&sock=19496_367e_3>
...
006 (2325790.7253.000) 05/26 20:05:46 Image size of job updated: 288376
	279  -  MemoryUsage of job (MB)
	285584  -  ResidentSetSize of job (KB)
...
006 (2325790.7253.000) 05/26 20:07:29 Image size of job updated: 288376
	280  -  MemoryUsage of job (MB)
	285724  -  ResidentSetSize of job (KB)
...
005 (2325790.7253.000) 05/26 20:07:29 Job terminated.
	(1) Normal termination (return value 0)
		Usr 0 00:00:45, Sys 0 00:00:02  -  Run Remote Usage
		Usr 0 00:00:00, Sys 0 00:00:00  -  Run Local Usage
		Usr 0 00:00:45, Sys 0 00:00:02  -  Total Remote Usage
		Usr 0 00:00:00, Sys 0 00:00:00  -  Total Local Usage
	9194  -  Run Bytes Sent By Job
	436  -  Run Bytes Received By Job
	9194  -  Total Bytes Sent By Job
	436  -  Total Bytes Received By Job
	Partitionable Resources :    Usage  Request Allocated
	   Cpus                 :                 2         2
	   Disk (KB)            :       30        1   2152300
	   Memory (MB)          :      280     4000      4000
...
