000 (2325790.6698.000) 05/26 19:50:43 Job submitted from host: <137.138.44.75:9618?addrs=137.138.44.75-9618&noUDP&sock=3998_dfba_3>
...
001 (2325790.6698.000) 05/26 20:04:51 Job executing on host: <188.184.205.146:9618?addrs=188.184.205.146-9618+[2001-1458-301-7d--100-19d]-9618&noUDP&sock=19624_029d_3>
...
006 (2325790.6698.000) 05/26 20:04:59 Image size of job updated: 380220
	369  -  MemoryUsage of job (MB)
	377504  -  ResidentSetSize of job (KB)
...
006 (2325790.6698.000) 05/26 20:05:51 Image size of job updated: 730124
	369  -  MemoryUsage of job (MB)
	377804  -  ResidentSetSize of job (KB)
...
005 (2325790.6698.000) 05/26 20:05:52 Job terminated.
	(1) Normal termination (return value 0)
		Usr 0 00:00:49, Sys 0 00:00:02  -  Run Remote Usage
		Usr 0 00:00:00, Sys 0 00:00:00  -  Run Local Usage
		Usr 0 00:00:49, Sys 0 00:00:02  -  Total Remote Usage
		Usr 0 00:00:00, Sys 0 00:00:00  -  Total Local Usage
	9191  -  Run Bytes Sent By Job
	436  -  Run Bytes Received By Job
	9191  -  Total Bytes Sent By Job
	436  -  Total Bytes Received By Job
	Partitionable Resources :    Usage  Request Allocated
	   Cpus                 :                 2         2
	   Disk (KB)            :       29        1   2162569
	   Memory (MB)          :      369     4000      4000
...
