000 (2325790.5570.000) 05/26 19:50:40 Job submitted from host: <137.138.44.75:9618?addrs=137.138.44.75-9618&noUDP&sock=3998_dfba_3>
...
001 (2325790.5570.000) 05/26 20:03:22 Job executing on host: <128.142.133.201:9618?addrs=128.142.133.201-9618+[2001-1458-301-32--100-c6]-9618&noUDP&sock=19519_fd2c_3>
...
006 (2325790.5570.000) 05/26 20:03:31 Image size of job updated: 355272
	346  -  MemoryUsage of job (MB)
	353556  -  ResidentSetSize of job (KB)
...
006 (2325790.5570.000) 05/26 20:04:26 Image size of job updated: 671536
	346  -  MemoryUsage of job (MB)
	353800  -  ResidentSetSize of job (KB)
...
005 (2325790.5570.000) 05/26 20:04:26 Job terminated.
	(1) Normal termination (return value 0)
		Usr 0 00:00:52, Sys 0 00:00:02  -  Run Remote Usage
		Usr 0 00:00:00, Sys 0 00:00:00  -  Run Local Usage
		Usr 0 00:00:52, Sys 0 00:00:02  -  Total Remote Usage
		Usr 0 00:00:00, Sys 0 00:00:00  -  Total Local Usage
	9184  -  Run Bytes Sent By Job
	436  -  Run Bytes Received By Job
	9184  -  Total Bytes Sent By Job
	436  -  Total Bytes Received By Job
	Partitionable Resources :    Usage  Request Allocated
	   Cpus                 :                 2         2
	   Disk (KB)            :       29        1   2118775
	   Memory (MB)          :      346     4000      4000
...
