000 (2325790.1929.000) 05/26 19:50:30 Job submitted from host: <137.138.44.75:9618?addrs=137.138.44.75-9618&noUDP&sock=3998_dfba_3>
...
001 (2325790.1929.000) 05/26 19:57:27 Job executing on host: <188.184.206.144:9618?addrs=188.184.206.144-9618+[2001-1458-301-7d--100-28d]-9618&noUDP&sock=19646_19b3_3>
...
006 (2325790.1929.000) 05/26 19:57:35 Image size of job updated: 324172
	314  -  MemoryUsage of job (MB)
	321364  -  ResidentSetSize of job (KB)
...
006 (2325790.1929.000) 05/26 19:59:18 Image size of job updated: 606840
	314  -  MemoryUsage of job (MB)
	321372  -  ResidentSetSize of job (KB)
...
005 (2325790.1929.000) 05/26 19:59:19 Job terminated.
	(1) Normal termination (return value 0)
		Usr 0 00:00:47, Sys 0 00:00:02  -  Run Remote Usage
		Usr 0 00:00:00, Sys 0 00:00:00  -  Run Local Usage
		Usr 0 00:00:47, Sys 0 00:00:02  -  Total Remote Usage
		Usr 0 00:00:00, Sys 0 00:00:00  -  Total Local Usage
	9192  -  Run Bytes Sent By Job
	436  -  Run Bytes Received By Job
	9192  -  Total Bytes Sent By Job
	436  -  Total Bytes Received By Job
	Partitionable Resources :    Usage  Request Allocated
	   Cpus                 :                 2         2
	   Disk (KB)            :       30        1   2104658
	   Memory (MB)          :      314     4000      4000
...
