000 (2325790.4293.000) 05/26 19:50:37 Job submitted from host: <137.138.44.75:9618?addrs=137.138.44.75-9618&noUDP&sock=3998_dfba_3>
...
001 (2325790.4293.000) 05/26 20:01:44 Job executing on host: <188.184.205.85:9618?addrs=188.184.205.85-9618+[2001-1458-301-7d--100-14e]-9618&noUDP&sock=19672_ef29_3>
...
006 (2325790.4293.000) 05/26 20:01:52 Image size of job updated: 189164
	185  -  MemoryUsage of job (MB)
	189072  -  ResidentSetSize of job (KB)
...
006 (2325790.4293.000) 05/26 20:04:15 Image size of job updated: 753932
	185  -  MemoryUsage of job (MB)
	189188  -  ResidentSetSize of job (KB)
...
005 (2325790.4293.000) 05/26 20:04:16 Job terminated.
	(1) Normal termination (return value 0)
		Usr 0 00:00:56, Sys 0 00:00:02  -  Run Remote Usage
		Usr 0 00:00:00, Sys 0 00:00:00  -  Run Local Usage
		Usr 0 00:00:56, Sys 0 00:00:02  -  Total Remote Usage
		Usr 0 00:00:00, Sys 0 00:00:00  -  Total Local Usage
	9191  -  Run Bytes Sent By Job
	436  -  Run Bytes Received By Job
	9191  -  Total Bytes Sent By Job
	436  -  Total Bytes Received By Job
	Partitionable Resources :    Usage  Request Allocated
	   Cpus                 :                 2         2
	   Disk (KB)            :       31        1   2154938
	   Memory (MB)          :      185     4000      4000
...
