000 (2325790.4458.000) 05/26 19:50:37 Job submitted from host: <137.138.44.75:9618?addrs=137.138.44.75-9618&noUDP&sock=3998_dfba_3>
...
001 (2325790.4458.000) 05/26 20:02:03 Job executing on host: <188.184.206.229:9618?addrs=188.184.206.229-9618+[2001-1458-301-7d--100-2e3]-9618&noUDP&sock=19485_aaf3_3>
...
006 (2325790.4458.000) 05/26 20:02:12 Image size of job updated: 88472
	87  -  MemoryUsage of job (MB)
	88404  -  ResidentSetSize of job (KB)
...
006 (2325790.4458.000) 05/26 20:04:30 Image size of job updated: 641832
	87  -  MemoryUsage of job (MB)
	88404  -  ResidentSetSize of job (KB)
...
005 (2325790.4458.000) 05/26 20:04:30 Job terminated.
	(1) Normal termination (return value 0)
		Usr 0 00:00:54, Sys 0 00:00:02  -  Run Remote Usage
		Usr 0 00:00:00, Sys 0 00:00:00  -  Run Local Usage
		Usr 0 00:00:54, Sys 0 00:00:02  -  Total Remote Usage
		Usr 0 00:00:00, Sys 0 00:00:00  -  Total Local Usage
	9192  -  Run Bytes Sent By Job
	436  -  Run Bytes Received By Job
	9192  -  Total Bytes Sent By Job
	436  -  Total Bytes Received By Job
	Partitionable Resources :    Usage  Request Allocated
	   Cpus                 :                 2         2
	   Disk (KB)            :       31        1   2215402
	   Memory (MB)          :       87     4000      4000
...
