000 (2325790.10125.000) 05/26 19:50:51 Job submitted from host: <137.138.44.75:9618?addrs=137.138.44.75-9618&noUDP&sock=3998_dfba_3>
...
001 (2325790.10125.000) 05/26 20:09:04 Job executing on host: <128.142.96.202:9618?addrs=128.142.96.202-9618+[2001-1458-301-87--100-1cd]-9618&noUDP&sock=16883_e986_3>
...
006 (2325790.10125.000) 05/26 20:09:12 Image size of job updated: 339792
	331  -  MemoryUsage of job (MB)
	338524  -  ResidentSetSize of job (KB)
...
006 (2325790.10125.000) 05/26 20:09:45 Image size of job updated: 339792
	331  -  MemoryUsage of job (MB)
	338612  -  ResidentSetSize of job (KB)
...
005 (2325790.10125.000) 05/26 20:09:45 Job terminated.
	(1) Normal termination (return value 0)
		Usr 0 00:00:33, Sys 0 00:00:01  -  Run Remote Usage
		Usr 0 00:00:00, Sys 0 00:00:00  -  Run Local Usage
		Usr 0 00:00:33, Sys 0 00:00:01  -  Total Remote Usage
		Usr 0 00:00:00, Sys 0 00:00:00  -  Total Local Usage
	9156  -  Run Bytes Sent By Job
	436  -  Run Bytes Received By Job
	9156  -  Total Bytes Sent By Job
	436  -  Total Bytes Received By Job
	Partitionable Resources :    Usage  Request Allocated
	   Cpus                 :                 2         2
	   Disk (KB)            :       28        1   4303416
	   Memory (MB)          :      331     4000      4000
...
