000 (2325790.8379.000) 05/26 19:50:47 Job submitted from host: <137.138.44.75:9618?addrs=137.138.44.75-9618&noUDP&sock=3998_dfba_3>
...
001 (2325790.8379.000) 05/26 20:06:57 Job executing on host: <128.142.96.45:9618?addrs=128.142.96.45-9618+[2001-1458-301-87--100-23]-9618&noUDP&sock=16898_3372_3>
...
006 (2325790.8379.000) 05/26 20:07:06 Image size of job updated: 97384
	94  -  MemoryUsage of job (MB)
	95904  -  ResidentSetSize of job (KB)
...
006 (2325790.8379.000) 05/26 20:08:32 Image size of job updated: 1460884
	94  -  MemoryUsage of job (MB)
	95904  -  ResidentSetSize of job (KB)
...
005 (2325790.8379.000) 05/26 20:08:32 Job terminated.
	(1) Normal termination (return value 0)
		Usr 0 00:00:43, Sys 0 00:00:02  -  Run Remote Usage
		Usr 0 00:00:00, Sys 0 00:00:00  -  Run Local Usage
		Usr 0 00:00:43, Sys 0 00:00:02  -  Total Remote Usage
		Usr 0 00:00:00, Sys 0 00:00:00  -  Total Local Usage
	9206  -  Run Bytes Sent By Job
	436  -  Run Bytes Received By Job
	9206  -  Total Bytes Sent By Job
	436  -  Total Bytes Received By Job
	Partitionable Resources :    Usage  Request Allocated
	   Cpus                 :                 2         2
	   Disk (KB)            :       30        1   4329990
	   Memory (MB)          :       94     4000      4000
...
