000 (2325790.799.000) 05/26 19:50:27 Job submitted from host: <137.138.44.75:9618?addrs=137.138.44.75-9618&noUDP&sock=3998_dfba_3>
...
001 (2325790.799.000) 05/26 19:57:37 Job executing on host: <188.184.207.16:9618?addrs=188.184.207.16-9618+[2001-1458-301-7d--100-313]-9618&noUDP&sock=20302_0fd3_3>
...
006 (2325790.799.000) 05/26 19:57:46 Image size of job updated: 180296
	168  -  MemoryUsage of job (MB)
	171652  -  ResidentSetSize of job (KB)
...
005 (2325790.799.000) 05/26 20:00:44 Job terminated.
	(1) Normal termination (return value 0)
		Usr 0 00:00:57, Sys 0 00:00:02  -  Run Remote Usage
		Usr 0 00:00:00, Sys 0 00:00:00  -  Run Local Usage
		Usr 0 00:00:57, Sys 0 00:00:02  -  Total Remote Usage
		Usr 0 00:00:00, Sys 0 00:00:00  -  Total Local Usage
	9192  -  Run Bytes Sent By Job
	436  -  Run Bytes Received By Job
	9192  -  Total Bytes Sent By Job
	436  -  Total Bytes Received By Job
	Partitionable Resources :    Usage  Request Allocated
	   Cpus                 :                 2         2
	   Disk (KB)            :       31        1   2221442
	   Memory (MB)          :      168     4000      4000
...
