000 (2325790.504.000) 05/26 19:50:27 Job submitted from host: <137.138.44.75:9618?addrs=137.138.44.75-9618&noUDP&sock=3998_dfba_3>
...
001 (2325790.504.000) 05/26 19:55:52 Job executing on host: <188.184.206.60:9618?addrs=188.184.206.60-9618+[2001-1458-301-7d--100-22a]-9618&noUDP&sock=19549_9103_3>
...
006 (2325790.504.000) 05/26 19:56:01 Image size of job updated: 247444
	234  -  MemoryUsage of job (MB)
	238880  -  ResidentSetSize of job (KB)
...
006 (2325790.504.000) 05/26 19:56:41 Image size of job updated: 741648
	234  -  MemoryUsage of job (MB)
	239044  -  ResidentSetSize of job (KB)
...
005 (2325790.504.000) 05/26 19:56:42 Job terminated.
	(1) Normal termination (return value 0)
		Usr 0 00:00:37, Sys 0 00:00:01  -  Run Remote Usage
		Usr 0 00:00:00, Sys 0 00:00:00  -  Run Local Usage
		Usr 0 00:00:37, Sys 0 00:00:01  -  Total Remote Usage
		Usr 0 00:00:00, Sys 0 00:00:00  -  Total Local Usage
	8283  -  Run Bytes Sent By Job
	436  -  Run Bytes Received By Job
	8283  -  Total Bytes Sent By Job
	436  -  Total Bytes Received By Job
	Partitionable Resources :    Usage  Request Allocated
	   Cpus                 :                 2         2
	   Disk (KB)            :       28        1   2122365
	   Memory (MB)          :      234     4000      4000
...
