000 (2325790.10796.000) 05/26 19:50:53 Job submitted from host: <137.138.44.75:9618?addrs=137.138.44.75-9618&noUDP&sock=3998_dfba_3>
...
001 (2325790.10796.000) 05/26 20:09:38 Job executing on host: <128.142.100.142:9618?addrs=128.142.100.142-9618+[2001-1458-301-89--100-90]-9618&noUDP&sock=15907_7517_3>
...
006 (2325790.10796.000) 05/26 20:09:47 Image size of job updated: 297116
	288  -  MemoryUsage of job (MB)
	294308  -  ResidentSetSize of job (KB)
...
006 (2325790.10796.000) 05/26 20:10:33 Image size of job updated: 297116
	288  -  MemoryUsage of job (MB)
	294328  -  ResidentSetSize of job (KB)
...
005 (2325790.10796.000) 05/26 20:10:43 Job terminated.
	(1) Normal termination (return value 0)
		Usr 0 00:00:40, Sys 0 00:00:02  -  Run Remote Usage
		Usr 0 00:00:00, Sys 0 00:00:00  -  Run Local Usage
		Usr 0 00:00:40, Sys 0 00:00:02  -  Total Remote Usage
		Usr 0 00:00:00, Sys 0 00:00:00  -  Total Local Usage
	9209  -  Run Bytes Sent By Job
	436  -  Run Bytes Received By Job
	9209  -  Total Bytes Sent By Job
	436  -  Total Bytes Received By Job
	Partitionable Resources :    Usage  Request Allocated
	   Cpus                 :                 2         2
	   Disk (KB)            :       29        1   2083173
	   Memory (MB)          :      288     4000      4000
...
