000 (2325790.8188.000) 05/26 19:50:46 Job submitted from host: <137.138.44.75:9618?addrs=137.138.44.75-9618&noUDP&sock=3998_dfba_3>
...
001 (2325790.8188.000) 05/26 20:06:51 Job executing on host: <188.184.132.111:9618?addrs=188.184.132.111-9618+[2001-1458-301-a0--100-70]-9618&noUDP&sock=16477_6e13_3>
...
006 (2325790.8188.000) 05/26 20:06:59 Image size of job updated: 95676
	91  -  MemoryUsage of job (MB)
	92936  -  ResidentSetSize of job (KB)
...
006 (2325790.8188.000) 05/26 20:09:19 Image size of job updated: 262152
	91  -  MemoryUsage of job (MB)
	92936  -  ResidentSetSize of job (KB)
...
005 (2325790.8188.000) 05/26 20:09:20 Job terminated.
	(1) Normal termination (return value 0)
		Usr 0 00:00:40, Sys 0 00:00:02  -  Run Remote Usage
		Usr 0 00:00:00, Sys 0 00:00:00  -  Run Local Usage
		Usr 0 00:00:40, Sys 0 00:00:02  -  Total Remote Usage
		Usr 0 00:00:00, Sys 0 00:00:00  -  Total Local Usage
	9196  -  Run Bytes Sent By Job
	436  -  Run Bytes Received By Job
	9196  -  Total Bytes Sent By Job
	436  -  Total Bytes Received By Job
	Partitionable Resources :    Usage  Request Allocated
	   Cpus                 :                 2         2
	   Disk (KB)            :       31        1   2101917
	   Memory (MB)          :       91     4000      4000
...
