000 (2325790.6815.000) 05/26 19:50:43 Job submitted from host: <137.138.44.75:9618?addrs=137.138.44.75-9618&noUDP&sock=3998_dfba_3>
...
001 (2325790.6815.000) 05/26 20:05:03 Job executing on host: <188.184.205.39:9618?addrs=188.184.205.39-9618+[2001-1458-301-7d--100-126]-9618&noUDP&sock=19553_4f64_3>
...
006 (2325790.6815.000) 05/26 20:05:11 Image size of job updated: 247692
	242  -  MemoryUsage of job (MB)
	247600  -  ResidentSetSize of job (KB)
...
006 (2325790.6815.000) 05/26 20:07:21 Image size of job updated: 1872132
	242  -  MemoryUsage of job (MB)
	247636  -  ResidentSetSize of job (KB)
...
005 (2325790.6815.000) 05/26 20:07:22 Job terminated.
	(1) Normal termination (return value 0)
		Usr 0 00:00:57, Sys 0 00:00:03  -  Run Remote Usage
		Usr 0 00:00:00, Sys 0 00:00:00  -  Run Local Usage
		Usr 0 00:00:57, Sys 0 00:00:03  -  Total Remote Usage
		Usr 0 00:00:00, Sys 0 00:00:00  -  Total Local Usage
	9192  -  Run Bytes Sent By Job
	436  -  Run Bytes Received By Job
	9192  -  Total Bytes Sent By Job
	436  -  Total Bytes Received By Job
	Partitionable Resources :    Usage  Request Allocated
	   Cpus                 :                 2         2
	   Disk (KB)            :       30        1   2164496
	   Memory (MB)          :      242     4000      4000
...
