000 (2325790.843.000) 05/26 19:50:27 Job submitted from host: <137.138.44.75:9618?addrs=137.138.44.75-9618&noUDP&sock=3998_dfba_3>
...
001 (2325790.843.000) 05/26 19:57:48 Job executing on host: <188.184.132.181:9618?addrs=188.184.132.181-9618+[2001-1458-301-a0--100-d0]-9618&noUDP&sock=16568_d931_3>
...
006 (2325790.843.000) 05/26 19:57:57 Image size of job updated: 267420
	236  -  MemoryUsage of job (MB)
	241472  -  ResidentSetSize of job (KB)
...
006 (2325790.843.000) 05/26 19:59:57 Image size of job updated: 267420
	237  -  MemoryUsage of job (MB)
	241692  -  ResidentSetSize of job (KB)
...
005 (2325790.843.000) 05/26 19:59:58 Job terminated.
	(1) Normal termination (return value 0)
		Usr 0 00:00:54, Sys 0 00:00:02  -  Run Remote Usage
		Usr 0 00:00:00, Sys 0 00:00:00  -  Run Local Usage
		Usr 0 00:00:54, Sys 0 00:00:02  -  Total Remote Usage
		Usr 0 00:00:00, Sys 0 00:00:00  -  Total Local Usage
	9191  -  Run Bytes Sent By Job
	436  -  Run Bytes Received By Job
	9191  -  Total Bytes Sent By Job
	436  -  Total Bytes Received By Job
	Partitionable Resources :    Usage  Request Allocated
	   Cpus                 :                 2         2
	   Disk (KB)            :       30        1   2067050
	   Memory (MB)          :      237     4000      4000
...
