000 (2325790.5213.000) 05/26 19:50:39 Job submitted from host: <137.138.44.75:9618?addrs=137.138.44.75-9618&noUDP&sock=3998_dfba_3>
...
001 (2325790.5213.000) 05/26 20:02:55 Job executing on host: <128.142.133.235:9618?addrs=128.142.133.235-9618+[2001-1458-301-32--100-b8]-9618&noUDP&sock=4728_97dd_3>
...
006 (2325790.5213.000) 05/26 20:03:04 Image size of job updated: 94796
	90  -  MemoryUsage of job (MB)
	91988  -  ResidentSetSize of job (KB)
...
006 (2325790.5213.000) 05/26 20:06:09 Image size of job updated: 732828
	90  -  MemoryUsage of job (MB)
	92056  -  ResidentSetSize of job (KB)
...
005 (2325790.5213.000) 05/26 20:06:18 Job terminated.
	(1) Normal termination (return value 0)
		Usr 0 00:01:03, Sys 0 00:00:03  -  Run Remote Usage
		Usr 0 00:00:00, Sys 0 00:00:00  -  Run Local Usage
		Usr 0 00:01:03, Sys 0 00:00:03  -  Total Remote Usage
		Usr 0 00:00:00, Sys 0 00:00:00  -  Total Local Usage
	9151  -  Run Bytes Sent By Job
	436  -  Run Bytes Received By Job
	9151  -  Total Bytes Sent By Job
	436  -  Total Bytes Received By Job
	Partitionable Resources :    Usage  Request Allocated
	   Cpus                 :                 2         2
	   Disk (KB)            :       32        1   2122557
	   Memory (MB)          :       90     4000      4000
...
