000 (2325790.671.000) 05/26 19:50:27 Job submitted from host: <137.138.44.75:9618?addrs=137.138.44.75-9618&noUDP&sock=3998_dfba_3>
...
001 (2325790.671.000) 05/26 19:56:48 Job executing on host: <188.184.205.214:9618?addrs=188.184.205.214-9618+[2001-1458-301-7d--100-1f5]-9618&noUDP&sock=19576_1612_3>
...
006 (2325790.671.000) 05/26 19:56:57 Image size of job updated: 241996
	220  -  MemoryUsage of job (MB)
	224504  -  ResidentSetSize of job (KB)
...
006 (2325790.671.000) 05/26 19:57:59 Image size of job updated: 672308
	221  -  MemoryUsage of job (MB)
	225524  -  ResidentSetSize of job (KB)
...
005 (2325790.671.000) 05/26 19:57:59 Job terminated.
	(1) Normal termination (return value 0)
		Usr 0 00:00:54, Sys 0 00:00:02  -  Run Remote Usage
		Usr 0 00:00:00, Sys 0 00:00:00  -  Run Local Usage
		Usr 0 00:00:54, Sys 0 00:00:02  -  Total Remote Usage
		Usr 0 00:00:00, Sys 0 00:00:00  -  Total Local Usage
	9192  -  Run Bytes Sent By Job
	436  -  Run Bytes Received By Job
	9192  -  Total Bytes Sent By Job
	436  -  Total Bytes Received By Job
	Partitionable Resources :    Usage  Request Allocated
	   Cpus                 :                 2         2
	   Disk (KB)            :       29        1   2116307
	   Memory (MB)          :      221     4000      4000
...
