000 (2325790.1764.000) 05/26 19:50:30 Job submitted from host: <137.138.44.75:9618?addrs=137.138.44.75-9618&noUDP&sock=3998_dfba_3>
...
001 (2325790.1764.000) 05/26 19:56:57 Job executing on host: <188.184.204.13:9618?addrs=188.184.204.13-9618+[2001-1458-301-7d--100-5]-9618&noUDP&sock=19486_5a8c_3>
...
006 (2325790.1764.000) 05/26 19:57:06 Image size of job updated: 96020
	92  -  MemoryUsage of job (MB)
	93228  -  ResidentSetSize of job (KB)
...
006 (2325790.1764.000) 05/26 19:59:14 Image size of job updated: 637344
	92  -  MemoryUsage of job (MB)
	93228  -  ResidentSetSize of job (KB)
...
005 (2325790.1764.000) 05/26 19:59:14 Job terminated.
	(1) Normal termination (return value 0)
		Usr 0 00:00:58, Sys 0 00:00:03  -  Run Remote Usage
		Usr 0 00:00:00, Sys 0 00:00:00  -  Run Local Usage
		Usr 0 00:00:58, Sys 0 00:00:03  -  Total Remote Usage
		Usr 0 00:00:00, Sys 0 00:00:00  -  Total Local Usage
	9193  -  Run Bytes Sent By Job
	436  -  Run Bytes Received By Job
	9193  -  Total Bytes Sent By Job
	436  -  Total Bytes Received By Job
	Partitionable Resources :    Usage  Request Allocated
	   Cpus                 :                 2         2
	   Disk (KB)            :       31        1   2206848
	   Memory (MB)          :       92     4000      4000
...
