000 (2325790.958.000) 05/26 19:50:28 Job submitted from host: <137.138.44.75:9618?addrs=137.138.44.75-9618&noUDP&sock=3998_dfba_3>
...
001 (2325790.958.000) 05/26 19:58:25 Job executing on host: <188.184.207.104:9618?addrs=188.184.207.104-9618+[2001-1458-301-7d--100-378]-9618&noUDP&sock=19648_78e3_3>
...
006 (2325790.958.000) 05/26 19:58:33 Image size of job updated: 273292
	265  -  MemoryUsage of job (MB)
	270484  -  ResidentSetSize of job (KB)
...
006 (2325790.958.000) 05/26 19:59:43 Image size of job updated: 634540
	265  -  MemoryUsage of job (MB)
	270512  -  ResidentSetSize of job (KB)
...
005 (2325790.958.000) 05/26 19:59:43 Job terminated.
	(1) Normal termination (return value 0)
		Usr 0 00:00:57, Sys 0 00:00:02  -  Run Remote Usage
		Usr 0 00:00:00, Sys 0 00:00:00  -  Run Local Usage
		Usr 0 00:00:57, Sys 0 00:00:02  -  Total Remote Usage
		Usr 0 00:00:00, Sys 0 00:00:00  -  Total Local Usage
	9192  -  Run Bytes Sent By Job
	436  -  Run Bytes Received By Job
	9192  -  Total Bytes Sent By Job
	436  -  Total Bytes Received By Job
	Partitionable Resources :    Usage  Request Allocated
	   Cpus                 :                 2         2
	   Disk (KB)            :       29        1   2176566
	   Memory (MB)          :      265     4000      4000
...
