000 (2325790.6745.000) 05/26 19:50:43 Job submitted from host: <137.138.44.75:9618?addrs=137.138.44.75-9618&noUDP&sock=3998_dfba_3>
...
001 (2325790.6745.000) 05/26 20:04:56 Job executing on host: <188.184.207.45:9618?addrs=188.184.207.45-9618+[2001-1458-301-7d--100-325]-9618&noUDP&sock=4679_fbb9_3>
...
006 (2325790.6745.000) 05/26 20:05:05 Image size of job updated: 98280
	95  -  MemoryUsage of job (MB)
	97060  -  ResidentSetSize of job (KB)
...
006 (2325790.6745.000) 05/26 20:07:57 Image size of job updated: 1907280
	95  -  MemoryUsage of job (MB)
	97060  -  ResidentSetSize of job (KB)
...
005 (2325790.6745.000) 05/26 20:07:57 Job terminated.
	(1) Normal termination (return value 0)
		Usr 0 00:00:50, Sys 0 00:00:02  -  Run Remote Usage
		Usr 0 00:00:00, Sys 0 00:00:00  -  Run Local Usage
		Usr 0 00:00:50, Sys 0 00:00:02  -  Total Remote Usage
		Usr 0 00:00:00, Sys 0 00:00:00  -  Total Local Usage
	9190  -  Run Bytes Sent By Job
	436  -  Run Bytes Received By Job
	9190  -  Total Bytes Sent By Job
	436  -  Total Bytes Received By Job
	Partitionable Resources :    Usage  Request Allocated
	   Cpus                 :                 2         2
	   Disk (KB)            :       31        1   2209455
	   Memory (MB)          :       95     4000      4000
...
