000 (2325790.849.000) 05/26 19:50:27 Job submitted from host: <137.138.44.75:9618?addrs=137.138.44.75-9618&noUDP&sock=3998_dfba_3>
...
001 (2325790.849.000) 05/26 19:57:52 Job executing on host: <128.142.100.78:9618?addrs=128.142.100.78-9618+[2001-1458-301-89--100-45]-9618&noUDP&sock=15954_b20a_3>
...
006 (2325790.849.000) 05/26 19:58:00 Image size of job updated: 245096
	214  -  MemoryUsage of job (MB)
	218404  -  ResidentSetSize of job (KB)
...
005 (2325790.849.000) 05/26 19:59:39 Job terminated.
	(1) Normal termination (return value 0)
		Usr 0 00:00:45, Sys 0 00:00:02  -  Run Remote Usage
		Usr 0 00:00:00, Sys 0 00:00:00  -  Run Local Usage
		Usr 0 00:00:45, Sys 0 00:00:02  -  Total Remote Usage
		Usr 0 00:00:00, Sys 0 00:00:00  -  Total Local Usage
	9200  -  Run Bytes Sent By Job
	436  -  Run Bytes Received By Job
	9200  -  Total Bytes Sent By Job
	436  -  Total Bytes Received By Job
	Partitionable Resources :    Usage  Request Allocated
	   Cpus                 :                 2         2
	   Disk (KB)            :       30        1   2112425
	   Memory (MB)          :      214     4000      4000
...
