000 (2325790.5595.000) 05/26 19:50:40 Job submitted from host: <137.138.44.75:9618?addrs=137.138.44.75-9618&noUDP&sock=3998_dfba_3>
...
001 (2325790.5595.000) 05/26 20:03:24 Job executing on host: <188.184.205.182:9618?addrs=188.184.205.182-9618+[2001-1458-301-7d--100-1a4]-9618&noUDP&sock=19647_c94b_3>
...
006 (2325790.5595.000) 05/26 20:03:33 Image size of job updated: 272896
	264  -  MemoryUsage of job (MB)
	270240  -  ResidentSetSize of job (KB)
...
006 (2325790.5595.000) 05/26 20:06:09 Image size of job updated: 747080
	269  -  MemoryUsage of job (MB)
	275268  -  ResidentSetSize of job (KB)
...
005 (2325790.5595.000) 05/26 20:06:17 Job terminated.
	(1) Normal termination (return value 0)
		Usr 0 00:00:59, Sys 0 00:00:02  -  Run Remote Usage
		Usr 0 00:00:00, Sys 0 00:00:00  -  Run Local Usage
		Usr 0 00:00:59, Sys 0 00:00:02  -  Total Remote Usage
		Usr 0 00:00:00, Sys 0 00:00:00  -  Total Local Usage
	9192  -  Run Bytes Sent By Job
	436  -  Run Bytes Received By Job
	9192  -  Total Bytes Sent By Job
	436  -  Total Bytes Received By Job
	Partitionable Resources :    Usage  Request Allocated
	   Cpus                 :                 2         2
	   Disk (KB)            :       31        1   2215746
	   Memory (MB)          :      269     4000      4000
...
