000 (2325790.7317.000) 05/26 19:50:44 Job submitted from host: <137.138.44.75:9618?addrs=137.138.44.75-9618&noUDP&sock=3998_dfba_3>
...
001 (2325790.7317.000) 05/26 20:05:41 Job executing on host: <188.184.207.119:9618?addrs=188.184.207.119-9618+[2001-1458-301-7d--100-37c]-9618&noUDP&sock=19628_c0fe_3>
...
006 (2325790.7317.000) 05/26 20:05:49 Image size of job updated: 91916
	88  -  MemoryUsage of job (MB)
	89124  -  ResidentSetSize of job (KB)
...
006 (2325790.7317.000) 05/26 20:09:32 Image size of job updated: 1388012
	88  -  MemoryUsage of job (MB)
	89124  -  ResidentSetSize of job (KB)
...
005 (2325790.7317.000) 05/26 20:09:32 Job terminated.
	(1) Normal termination (return value 0)
		Usr 0 00:00:44, Sys 0 00:00:02  -  Run Remote Usage
		Usr 0 00:00:00, Sys 0 00:00:00  -  Run Local Usage
		Usr 0 00:00:44, Sys 0 00:00:02  -  Total Remote Usage
		Usr 0 00:00:00, Sys 0 00:00:00  -  Total Local Usage
	9192  -  Run Bytes Sent By Job
	436  -  Run Bytes Received By Job
	9192  -  Total Bytes Sent By Job
	436  -  Total Bytes Received By Job
	Partitionable Resources :    Usage  Request Allocated
	   Cpus                 :                 2         2
	   Disk (KB)            :       33        1   2142711
	   Memory (MB)          :       88     4000      4000
...
