000 (2325790.2259.000) 05/26 19:50:31 Job submitted from host: <137.138.44.75:9618?addrs=137.138.44.75-9618&noUDP&sock=3998_dfba_3>
...
001 (2325790.2259.000) 05/26 19:58:19 Job executing on host: <188.184.205.184:9618?addrs=188.184.205.184-9618+[2001-1458-301-7d--100-177]-9618&noUDP&sock=19516_ee63_3>
...
006 (2325790.2259.000) 05/26 19:58:28 Image size of job updated: 264832
	256  -  MemoryUsage of job (MB)
	262024  -  ResidentSetSize of job (KB)
...
006 (2325790.2259.000) 05/26 19:59:13 Image size of job updated: 748632
	256  -  MemoryUsage of job (MB)
	262024  -  ResidentSetSize of job (KB)
...
005 (2325790.2259.000) 05/26 19:59:13 Job terminated.
	(1) Normal termination (return value 0)
		Usr 0 00:00:38, Sys 0 00:00:02  -  Run Remote Usage
		Usr 0 00:00:00, Sys 0 00:00:00  -  Run Local Usage
		Usr 0 00:00:38, Sys 0 00:00:02  -  Total Remote Usage
		Usr 0 00:00:00, Sys 0 00:00:00  -  Total Local Usage
	8286  -  Run Bytes Sent By Job
	436  -  Run Bytes Received By Job
	8286  -  Total Bytes Sent By Job
	436  -  Total Bytes Received By Job
	Partitionable Resources :    Usage  Request Allocated
	   Cpus                 :                 2         2
	   Disk (KB)            :       28        1   2115296
	   Memory (MB)          :      256     4000      4000
...
