000 (2325790.10074.000) 05/26 19:50:51 Job submitted from host: <137.138.44.75:9618?addrs=137.138.44.75-9618&noUDP&sock=3998_dfba_3>
...
001 (2325790.10074.000) 05/26 20:09:03 Job executing on host: <188.184.204.165:9618?addrs=188.184.204.165-9618+[2001-1458-301-7d--100-9c]-9618&noUDP&sock=19566_3a1f_3>
...
006 (2325790.10074.000) 05/26 20:09:12 Image size of job updated: 309680
	300  -  MemoryUsage of job (MB)
	306872  -  ResidentSetSize of job (KB)
...
006 (2325790.10074.000) 05/26 20:10:03 Image size of job updated: 309680
	300  -  MemoryUsage of job (MB)
	307052  -  ResidentSetSize of job (KB)
...
005 (2325790.10074.000) 05/26 20:10:10 Job terminated.
	(1) Normal termination (return value 0)
		Usr 0 00:00:42, Sys 0 00:00:02  -  Run Remote Usage
		Usr 0 00:00:00, Sys 0 00:00:00  -  Run Local Usage
		Usr 0 00:00:42, Sys 0 00:00:02  -  Total Remote Usage
		Usr 0 00:00:00, Sys 0 00:00:00  -  Total Local Usage
	9117  -  Run Bytes Sent By Job
	436  -  Run Bytes Received By Job
	9117  -  Total Bytes Sent By Job
	436  -  Total Bytes Received By Job
	Partitionable Resources :    Usage  Request Allocated
	   Cpus                 :                 2         2
	   Disk (KB)            :       29        1   2167357
	   Memory (MB)          :      300     4000      4000
...
