000 (2325790.3806.000) 05/26 19:50:36 Job submitted from host: <137.138.44.75:9618?addrs=137.138.44.75-9618&noUDP&sock=3998_dfba_3>
...
001 (2325790.3806.000) 05/26 20:01:00 Job executing on host: <188.184.205.9:9618?addrs=188.184.205.9-9618+[--1]-9618&noUDP&sock=4683_ba1a_3>
...
006 (2325790.3806.000) 05/26 20:01:09 Image size of job updated: 98008
	94  -  MemoryUsage of job (MB)
	95316  -  ResidentSetSize of job (KB)
...
006 (2325790.3806.000) 05/26 20:03:07 Image size of job updated: 713956
	94  -  MemoryUsage of job (MB)
	95396  -  ResidentSetSize of job (KB)
...
005 (2325790.3806.000) 05/26 20:03:08 Job terminated.
	(1) Normal termination (return value 0)
		Usr 0 00:00:59, Sys 0 00:00:03  -  Run Remote Usage
		Usr 0 00:00:00, Sys 0 00:00:00  -  Run Local Usage
		Usr 0 00:00:59, Sys 0 00:00:03  -  Total Remote Usage
		Usr 0 00:00:00, Sys 0 00:00:00  -  Total Local Usage
	9196  -  Run Bytes Sent By Job
	436  -  Run Bytes Received By Job
	9196  -  Total Bytes Sent By Job
	436  -  Total Bytes Received By Job
	Partitionable Resources :    Usage  Request Allocated
	   Cpus                 :                 2         2
	   Disk (KB)            :       30        1   2151085
	   Memory (MB)          :       94     4000      4000
...
