000 (2325790.12744.000) 05/26 19:50:59 Job submitted from host: <137.138.44.75:9618?addrs=137.138.44.75-9618&noUDP&sock=3998_dfba_3>
...
001 (2325790.12744.000) 05/26 20:11:53 Job executing on host: <188.184.132.13:9618?addrs=188.184.132.13-9618+[2001-1458-301-a0--100-b]-9618&noUDP&sock=16550_807c_3>
...
006 (2325790.12744.000) 05/26 20:12:02 Image size of job updated: 93724
	89  -  MemoryUsage of job (MB)
	90916  -  ResidentSetSize of job (KB)
...
006 (2325790.12744.000) 05/26 20:14:11 Image size of job updated: 252860
	90  -  MemoryUsage of job (MB)
	91240  -  ResidentSetSize of job (KB)
...
005 (2325790.12744.000) 05/26 20:14:11 Job terminated.
	(1) Normal termination (return value 0)
		Usr 0 00:00:43, Sys 0 00:00:02  -  Run Remote Usage
		Usr 0 00:00:00, Sys 0 00:00:00  -  Run Local Usage
		Usr 0 00:00:43, Sys 0 00:00:02  -  Total Remote Usage
		Usr 0 00:00:00, Sys 0 00:00:00  -  Total Local Usage
	9196  -  Run Bytes Sent By Job
	436  -  Run Bytes Received By Job
	9196  -  Total Bytes Sent By Job
	436  -  Total Bytes Received By Job
	Partitionable Resources :    Usage  Request Allocated
	   Cpus                 :                 2         2
	   Disk (KB)            :       30        1   2049269
	   Memory (MB)          :       90     4000      4000
...
