000 (2325790.7232.000) 05/26 19:50:44 Job submitted from host: <137.138.44.75:9618?addrs=137.138.44.75-9618&noUDP&sock=3998_dfba_3>
...
001 (2325790.7232.000) 05/26 20:05:35 Job executing on host: <128.142.101.142:9618?addrs=128.142.101.142-9618+[2001-1458-301-89--100-192]-9618&noUDP&sock=15927_2cfc_3>
...
006 (2325790.7232.000) 05/26 20:05:44 Image size of job updated: 209548
	203  -  MemoryUsage of job (MB)
	206916  -  ResidentSetSize of job (KB)
...
006 (2325790.7232.000) 05/26 20:07:26 Image size of job updated: 270088
	203  -  MemoryUsage of job (MB)
	206920  -  ResidentSetSize of job (KB)
...
005 (2325790.7232.000) 05/26 20:07:26 Job terminated.
	(1) Normal termination (return value 0)
		Usr 0 00:00:49, Sys 0 00:00:02  -  Run Remote Usage
		Usr 0 00:00:00, Sys 0 00:00:00  -  Run Local Usage
		Usr 0 00:00:49, Sys 0 00:00:02  -  Total Remote Usage
		Usr 0 00:00:00, Sys 0 00:00:00  -  Total Local Usage
	9206  -  Run Bytes Sent By Job
	436  -  Run Bytes Received By Job
	9206  -  Total Bytes Sent By Job
	436  -  Total Bytes Received By Job
	Partitionable Resources :    Usage  Request Allocated
	   Cpus                 :                 2         2
	   Disk (KB)            :       30        1   2189411
	   Memory (MB)          :      203     4000      4000
...
