000 (2325790.12242.000) 05/26 19:50:58 Job submitted from host: <137.138.44.75:9618?addrs=137.138.44.75-9618&noUDP&sock=3998_dfba_3>
...
001 (2325790.12242.000) 05/26 20:11:17 Job executing on host: <188.184.186.245:9618?addrs=188.184.186.245-9618+[2001-1458-301-f8--100-ed]-9618&noUDP&sock=16572_9792_3>
...
006 (2325790.12242.000) 05/26 20:11:26 Image size of job updated: 236212
	229  -  MemoryUsage of job (MB)
	233496  -  ResidentSetSize of job (KB)
...
005 (2325790.12242.000) 05/26 20:12:24 Job terminated.
	(1) Normal termination (return value 0)
		Usr 0 00:00:38, Sys 0 00:00:01  -  Run Remote Usage
		Usr 0 00:00:00, Sys 0 00:00:00  -  Run Local Usage
		Usr 0 00:00:38, Sys 0 00:00:01  -  Total Remote Usage
		Usr 0 00:00:00, Sys 0 00:00:00  -  Total Local Usage
	9196  -  Run Bytes Sent By Job
	436  -  Run Bytes Received By Job
	9196  -  Total Bytes Sent By Job
	436  -  Total Bytes Received By Job
	Partitionable Resources :    Usage  Request Allocated
	   Cpus                 :                 2         2
	   Disk (KB)            :       29        1   2178948
	   Memory (MB)          :      229     4000      4000
...
