000 (2325790.6911.000) 05/26 19:50:43 Job submitted from host: <137.138.44.75:9618?addrs=137.138.44.75-9618&noUDP&sock=3998_dfba_3>
...
001 (2325790.6911.000) 05/26 20:05:10 Job executing on host: <188.184.204.125:9618?addrs=188.184.204.125-9618+[2001-1458-301-7d--100-89]-9618&noUDP&sock=19669_e060_3>
...
006 (2325790.6911.000) 05/26 20:05:19 Image size of job updated: 270376
	262  -  MemoryUsage of job (MB)
	267568  -  ResidentSetSize of job (KB)
...
006 (2325790.6911.000) 05/26 20:06:23 Image size of job updated: 1748612
	262  -  MemoryUsage of job (MB)
	267984  -  ResidentSetSize of job (KB)
...
005 (2325790.6911.000) 05/26 20:06:35 Job terminated.
	(1) Normal termination (return value 0)
		Usr 0 00:00:53, Sys 0 00:00:02  -  Run Remote Usage
		Usr 0 00:00:00, Sys 0 00:00:00  -  Run Local Usage
		Usr 0 00:00:53, Sys 0 00:00:02  -  Total Remote Usage
		Usr 0 00:00:00, Sys 0 00:00:00  -  Total Local Usage
	9196  -  Run Bytes Sent By Job
	436  -  Run Bytes Received By Job
	9196  -  Total Bytes Sent By Job
	436  -  Total Bytes Received By Job
	Partitionable Resources :    Usage  Request Allocated
	   Cpus                 :                 2         2
	   Disk (KB)            :       29        1   2174861
	   Memory (MB)          :      262     4000      4000
...
