000 (2325790.6615.000) 05/26 19:50:42 Job submitted from host: <137.138.44.75:9618?addrs=137.138.44.75-9618&noUDP&sock=3998_dfba_3>
...
001 (2325790.6615.000) 05/26 20:04:45 Job executing on host: <128.142.133.200:9618?addrs=128.142.133.200-9618+[2001-1458-301-32--100-bb]-9618&noUDP&sock=19512_3002_3>
...
006 (2325790.6615.000) 05/26 20:04:53 Image size of job updated: 253520
	248  -  MemoryUsage of job (MB)
	253388  -  ResidentSetSize of job (KB)
...
006 (2325790.6615.000) 05/26 20:07:04 Image size of job updated: 744684
	248  -  MemoryUsage of job (MB)
	253840  -  ResidentSetSize of job (KB)
...
005 (2325790.6615.000) 05/26 20:07:04 Job terminated.
	(1) Normal termination (return value 0)
		Usr 0 00:00:57, Sys 0 00:00:05  -  Run Remote Usage
		Usr 0 00:00:00, Sys 0 00:00:00  -  Run Local Usage
		Usr 0 00:00:57, Sys 0 00:00:05  -  Total Remote Usage
		Usr 0 00:00:00, Sys 0 00:00:00  -  Total Local Usage
	9528  -  Run Bytes Sent By Job
	436  -  Run Bytes Received By Job
	9528  -  Total Bytes Sent By Job
	436  -  Total Bytes Received By Job
	Partitionable Resources :    Usage  Request Allocated
	   Cpus                 :                 2         2
	   Disk (KB)            :       31        1   2070287
	   Memory (MB)          :      248     4000      4000
...
