000 (2325790.6011.000) 05/26 19:50:41 Job submitted from host: <137.138.44.75:9618?addrs=137.138.44.75-9618&noUDP&sock=3998_dfba_3>
...
001 (2325790.6011.000) 05/26 20:03:51 Job executing on host: <188.184.205.3:9618?addrs=188.184.205.3-9618+[2001-1458-301-7d--100-114]-9618&noUDP&sock=19623_5305_3>
...
006 (2325790.6011.000) 05/26 20:04:00 Image size of job updated: 305904
	299  -  MemoryUsage of job (MB)
	305812  -  ResidentSetSize of job (KB)
...
006 (2325790.6011.000) 05/26 20:06:11 Image size of job updated: 744108
	299  -  MemoryUsage of job (MB)
	305820  -  ResidentSetSize of job (KB)
...
005 (2325790.6011.000) 05/26 20:06:23 Job terminated.
	(1) Normal termination (return value 0)
		Usr 0 00:00:52, Sys 0 00:00:02  -  Run Remote Usage
		Usr 0 00:00:00, Sys 0 00:00:00  -  Run Local Usage
		Usr 0 00:00:52, Sys 0 00:00:02  -  Total Remote Usage
		Usr 0 00:00:00, Sys 0 00:00:00  -  Total Local Usage
	9152  -  Run Bytes Sent By Job
	436  -  Run Bytes Received By Job
	9152  -  Total Bytes Sent By Job
	436  -  Total Bytes Received By Job
	Partitionable Resources :    Usage  Request Allocated
	   Cpus                 :                 2         2
	   Disk (KB)            :       30        1   2175390
	   Memory (MB)          :      299     4000      4000
...
