000 (2325790.10403.000) 05/26 19:50:52 Job submitted from host: <137.138.44.75:9618?addrs=137.138.44.75-9618&noUDP&sock=3998_dfba_3>
...
001 (2325790.10403.000) 05/26 20:09:16 Job executing on host: <188.184.205.30:9618?addrs=188.184.205.30-9618+[2001-1458-301-7d--100-ff]-9618&noUDP&sock=19537_55e0_3>
...
006 (2325790.10403.000) 05/26 20:09:24 Image size of job updated: 297208
	288  -  MemoryUsage of job (MB)
	294416  -  ResidentSetSize of job (KB)
...
006 (2325790.10403.000) 05/26 20:10:10 Image size of job updated: 297208
	288  -  MemoryUsage of job (MB)
	294680  -  ResidentSetSize of job (KB)
...
005 (2325790.10403.000) 05/26 20:10:14 Job terminated.
	(1) Normal termination (return value 0)
		Usr 0 00:00:43, Sys 0 00:00:02  -  Run Remote Usage
		Usr 0 00:00:00, Sys 0 00:00:00  -  Run Local Usage
		Usr 0 00:00:43, Sys 0 00:00:02  -  Total Remote Usage
		Usr 0 00:00:00, Sys 0 00:00:00  -  Total Local Usage
	9152  -  Run Bytes Sent By Job
	436  -  Run Bytes Received By Job
	9152  -  Total Bytes Sent By Job
	436  -  Total Bytes Received By Job
	Partitionable Resources :    Usage  Request Allocated
	   Cpus                 :                 2         2
	   Disk (KB)            :       29        1   2137162
	   Memory (MB)          :      288     4000      4000
...
