000 (2325790.10290.000) 05/26 19:50:51 Job submitted from host: <137.138.44.75:9618?addrs=137.138.44.75-9618&noUDP&sock=3998_dfba_3>
...
001 (2325790.10290.000) 05/26 20:09:10 Job executing on host: <188.184.206.37:9618?addrs=188.184.206.37-9618+[2001-1458-301-7d--100-216]-9618&noUDP&sock=19534_4717_3>
...
006 (2325790.10290.000) 05/26 20:09:19 Image size of job updated: 283460
	275  -  MemoryUsage of job (MB)
	280652  -  ResidentSetSize of job (KB)
...
006 (2325790.10290.000) 05/26 20:10:08 Image size of job updated: 283460
	275  -  MemoryUsage of job (MB)
	280680  -  ResidentSetSize of job (KB)
...
005 (2325790.10290.000) 05/26 20:10:13 Job terminated.
	(1) Normal termination (return value 0)
		Usr 0 00:00:43, Sys 0 00:00:02  -  Run Remote Usage
		Usr 0 00:00:00, Sys 0 00:00:00  -  Run Local Usage
		Usr 0 00:00:43, Sys 0 00:00:02  -  Total Remote Usage
		Usr 0 00:00:00, Sys 0 00:00:00  -  Total Local Usage
	9197  -  Run Bytes Sent By Job
	436  -  Run Bytes Received By Job
	9197  -  Total Bytes Sent By Job
	436  -  Total Bytes Received By Job
	Partitionable Resources :    Usage  Request Allocated
	   Cpus                 :                 2         2
	   Disk (KB)            :       29        1   2219447
	   Memory (MB)          :      275     4000      4000
...
