000 (2325790.12239.000) 05/26 19:50:58 Job submitted from host: <137.138.44.75:9618?addrs=137.138.44.75-9618&noUDP&sock=3998_dfba_3>
...
001 (2325790.12239.000) 05/26 20:11:17 Job executing on host: <128.142.101.63:9618?addrs=128.142.101.63-9618+[--1]-9618&noUDP&sock=4134_289b_3>
...
006 (2325790.12239.000) 05/26 20:11:25 Image size of job updated: 221160
	214  -  MemoryUsage of job (MB)
	218516  -  ResidentSetSize of job (KB)
...
005 (2325790.12239.000) 05/26 20:12:15 Job terminated.
	(1) Normal termination (return value 0)
		Usr 0 00:00:35, Sys 0 00:00:01  -  Run Remote Usage
		Usr 0 00:00:00, Sys 0 00:00:00  -  Run Local Usage
		Usr 0 00:00:35, Sys 0 00:00:01  -  Total Remote Usage
		Usr 0 00:00:00, Sys 0 00:00:00  -  Total Local Usage
	9200  -  Run Bytes Sent By Job
	436  -  Run Bytes Received By Job
	9200  -  Total Bytes Sent By Job
	436  -  Total Bytes Received By Job
	Partitionable Resources :    Usage  Request Allocated
	   Cpus                 :                 2         2
	   Disk (KB)            :       28        1   2092700
	   Memory (MB)          :      214     4000      4000
...
