000 (2325790.12947.000) 05/26 19:51:00 Job submitted from host: <137.138.44.75:9618?addrs=137.138.44.75-9618&noUDP&sock=3998_dfba_3>
...
001 (2325790.12947.000) 05/26 20:12:08 Job executing on host: <188.184.205.216:9618?addrs=188.184.205.216-9618+[2001-1458-301-7d--100-1e7]-9618&noUDP&sock=19560_1c8e_3>
...
006 (2325790.12947.000) 05/26 20:12:18 Image size of job updated: 94236
	92  -  MemoryUsage of job (MB)
	94168  -  ResidentSetSize of job (KB)
...
006 (2325790.12947.000) 05/26 20:14:02 Image size of job updated: 1446824
	93  -  MemoryUsage of job (MB)
	94316  -  ResidentSetSize of job (KB)
...
005 (2325790.12947.000) 05/26 20:14:03 Job terminated.
	(1) Normal termination (return value 0)
		Usr 0 00:00:40, Sys 0 00:00:02  -  Run Remote Usage
		Usr 0 00:00:00, Sys 0 00:00:00  -  Run Local Usage
		Usr 0 00:00:40, Sys 0 00:00:02  -  Total Remote Usage
		Usr 0 00:00:00, Sys 0 00:00:00  -  Total Local Usage
	9197  -  Run Bytes Sent By Job
	436  -  Run Bytes Received By Job
	9197  -  Total Bytes Sent By Job
	436  -  Total Bytes Received By Job
	Partitionable Resources :    Usage  Request Allocated
	   Cpus                 :                 2         2
	   Disk (KB)            :       30        1   2189871
	   Memory (MB)          :       93     4000      4000
...
