000 (2325790.12354.000) 05/26 19:50:58 Job submitted from host: <137.138.44.75:9618?addrs=137.138.44.75-9618&noUDP&sock=3998_dfba_3>
...
001 (2325790.12354.000) 05/26 20:11:25 Job executing on host: <188.184.207.16:9618?addrs=188.184.207.16-9618+[2001-1458-301-7d--100-313]-9618&noUDP&sock=20302_0fd3_3>
...
006 (2325790.12354.000) 05/26 20:11:33 Image size of job updated: 93240
	89  -  MemoryUsage of job (MB)
	90500  -  ResidentSetSize of job (KB)
...
006 (2325790.12354.000) 05/26 20:13:14 Image size of job updated: 157728
	89  -  MemoryUsage of job (MB)
	90500  -  ResidentSetSize of job (KB)
...
005 (2325790.12354.000) 05/26 20:13:24 Job terminated.
	(1) Normal termination (return value 0)
		Usr 0 00:00:42, Sys 0 00:00:02  -  Run Remote Usage
		Usr 0 00:00:00, Sys 0 00:00:00  -  Run Local Usage
		Usr 0 00:00:42, Sys 0 00:00:02  -  Total Remote Usage
		Usr 0 00:00:00, Sys 0 00:00:00  -  Total Local Usage
	9159  -  Run Bytes Sent By Job
	436  -  Run Bytes Received By Job
	9159  -  Total Bytes Sent By Job
	436  -  Total Bytes Received By Job
	Partitionable Resources :    Usage  Request Allocated
	   Cpus                 :                 2         2
	   Disk (KB)            :       30        1   2221442
	   Memory (MB)          :       89     4000      4000
...
