000 (2325790.7581.000) 05/26 19:50:45 Job submitted from host: <137.138.44.75:9618?addrs=137.138.44.75-9618&noUDP&sock=3998_dfba_3>
...
001 (2325790.7581.000) 05/26 20:06:02 Job executing on host: <188.184.133.160:9618?addrs=188.184.133.160-9618+[2001-1458-301-a0--100-1ac]-9618&noUDP&sock=16653_26be_3>
...
006 (2325790.7581.000) 05/26 20:06:11 Image size of job updated: 98540
	94  -  MemoryUsage of job (MB)
	95732  -  ResidentSetSize of job (KB)
...
006 (2325790.7581.000) 05/26 20:07:44 Image size of job updated: 184768
	94  -  MemoryUsage of job (MB)
	95732  -  ResidentSetSize of job (KB)
...
005 (2325790.7581.000) 05/26 20:07:44 Job terminated.
	(1) Normal termination (return value 0)
		Usr 0 00:00:43, Sys 0 00:00:02  -  Run Remote Usage
		Usr 0 00:00:00, Sys 0 00:00:00  -  Run Local Usage
		Usr 0 00:00:43, Sys 0 00:00:02  -  Total Remote Usage
		Usr 0 00:00:00, Sys 0 00:00:00  -  Total Local Usage
	9196  -  Run Bytes Sent By Job
	436  -  Run Bytes Received By Job
	9196  -  Total Bytes Sent By Job
	436  -  Total Bytes Received By Job
	Partitionable Resources :    Usage  Request Allocated
	   Cpus                 :                 2         2
	   Disk (KB)            :       30        1   2064462
	   Memory (MB)          :       94     4000      4000
...
