000 (2325790.5288.000) 05/26 19:50:39 Job submitted from host: <137.138.44.75:9618?addrs=137.138.44.75-9618&noUDP&sock=3998_dfba_3>
...
001 (2325790.5288.000) 05/26 20:03:02 Job executing on host: <188.184.133.143:9618?addrs=188.184.133.143-9618+[2001-1458-301-a0--100-17b]-9618&noUDP&sock=16629_b078_3>
...
006 (2325790.5288.000) 05/26 20:03:11 Image size of job updated: 102552
	98  -  MemoryUsage of job (MB)
	99924  -  ResidentSetSize of job (KB)
...
006 (2325790.5288.000) 05/26 20:04:50 Image size of job updated: 1767844
	98  -  MemoryUsage of job (MB)
	99924  -  ResidentSetSize of job (KB)
...
005 (2325790.5288.000) 05/26 20:04:51 Job terminated.
	(1) Normal termination (return value 0)
		Usr 0 00:00:49, Sys 0 00:00:02  -  Run Remote Usage
		Usr 0 00:00:00, Sys 0 00:00:00  -  Run Local Usage
		Usr 0 00:00:49, Sys 0 00:00:02  -  Total Remote Usage
		Usr 0 00:00:00, Sys 0 00:00:00  -  Total Local Usage
	9155  -  Run Bytes Sent By Job
	436  -  Run Bytes Received By Job
	9155  -  Total Bytes Sent By Job
	436  -  Total Bytes Received By Job
	Partitionable Resources :    Usage  Request Allocated
	   Cpus                 :                 2         2
	   Disk (KB)            :       30        1   2136760
	   Memory (MB)          :       98     4000      4000
...
