000 (2325790.7372.000) 05/26 19:50:44 Job submitted from host: <137.138.44.75:9618?addrs=137.138.44.75-9618&noUDP&sock=3998_dfba_3>
...
001 (2325790.7372.000) 05/26 20:05:46 Job executing on host: <128.142.133.123:9618?addrs=128.142.133.123-9618+[2001-1458-301-32--100-84]-9618&noUDP&sock=19600_8c58_3>
...
006 (2325790.7372.000) 05/26 20:05:54 Image size of job updated: 277544
	271  -  MemoryUsage of job (MB)
	277384  -  ResidentSetSize of job (KB)
...
006 (2325790.7372.000) 05/26 20:08:10 Image size of job updated: 277544
	271  -  MemoryUsage of job (MB)
	277456  -  ResidentSetSize of job (KB)
...
005 (2325790.7372.000) 05/26 20:08:10 Job terminated.
	(1) Normal termination (return value 0)
		Usr 0 00:00:38, Sys 0 00:00:02  -  Run Remote Usage
		Usr 0 00:00:00, Sys 0 00:00:00  -  Run Local Usage
		Usr 0 00:00:38, Sys 0 00:00:02  -  Total Remote Usage
		Usr 0 00:00:00, Sys 0 00:00:00  -  Total Local Usage
	9190  -  Run Bytes Sent By Job
	436  -  Run Bytes Received By Job
	9190  -  Total Bytes Sent By Job
	436  -  Total Bytes Received By Job
	Partitionable Resources :    Usage  Request Allocated
	   Cpus                 :                 2         2
	   Disk (KB)            :       31        1   2125665
	   Memory (MB)          :      271     4000      4000
...
