000 (2325790.10103.000) 05/26 19:50:51 Job submitted from host: <137.138.44.75:9618?addrs=137.138.44.75-9618&noUDP&sock=3998_dfba_3>
...
001 (2325790.10103.000) 05/26 20:09:03 Job executing on host: <188.184.204.46:9618?addrs=188.184.204.46-9618+[2001-1458-301-7d--100-47]-9618&noUDP&sock=19617_3574_3>
...
006 (2325790.10103.000) 05/26 20:09:12 Image size of job updated: 288536
	280  -  MemoryUsage of job (MB)
	285796  -  ResidentSetSize of job (KB)
...
006 (2325790.10103.000) 05/26 20:10:00 Image size of job updated: 288536
	280  -  MemoryUsage of job (MB)
	286008  -  ResidentSetSize of job (KB)
...
005 (2325790.10103.000) 05/26 20:10:05 Job terminated.
	(1) Normal termination (return value 0)
		Usr 0 00:00:42, Sys 0 00:00:02  -  Run Remote Usage
		Usr 0 00:00:00, Sys 0 00:00:00  -  Run Local Usage
		Usr 0 00:00:42, Sys 0 00:00:02  -  Total Remote Usage
		Usr 0 00:00:00, Sys 0 00:00:00  -  Total Local Usage
	9156  -  Run Bytes Sent By Job
	436  -  Run Bytes Received By Job
	9156  -  Total Bytes Sent By Job
	436  -  Total Bytes Received By Job
	Partitionable Resources :    Usage  Request Allocated
	   Cpus                 :                 2         2
	   Disk (KB)            :       29        1   2132824
	   Memory (MB)          :      280     4000      4000
...
