000 (2325790.5078.000) 05/26 19:50:39 Job submitted from host: <137.138.44.75:9618?addrs=137.138.44.75-9618&noUDP&sock=3998_dfba_3>
...
001 (2325790.5078.000) 05/26 20:02:45 Job executing on host: <128.142.103.177:9618?addrs=128.142.103.177-9618+[2001-1458-301-89--100-390]-9618&noUDP&sock=16053_99eb_3>
...
006 (2325790.5078.000) 05/26 20:02:54 Image size of job updated: 327000
	317  -  MemoryUsage of job (MB)
	324208  -  ResidentSetSize of job (KB)
...
006 (2325790.5078.000) 05/26 20:05:06 Image size of job updated: 556568
	317  -  MemoryUsage of job (MB)
	324352  -  ResidentSetSize of job (KB)
...
005 (2325790.5078.000) 05/26 20:05:08 Job terminated.
	(1) Normal termination (return value 0)
		Usr 0 00:00:48, Sys 0 00:00:02  -  Run Remote Usage
		Usr 0 00:00:00, Sys 0 00:00:00  -  Run Local Usage
		Usr 0 00:00:48, Sys 0 00:00:02  -  Total Remote Usage
		Usr 0 00:00:00, Sys 0 00:00:00  -  Total Local Usage
	9191  -  Run Bytes Sent By Job
	436  -  Run Bytes Received By Job
	9191  -  Total Bytes Sent By Job
	436  -  Total Bytes Received By Job
	Partitionable Resources :    Usage  Request Allocated
	   Cpus                 :                 2         2
	   Disk (KB)            :       30        1   2153461
	   Memory (MB)          :      317     4000      4000
...
