000 (2325790.2154.000) 05/26 19:50:31 Job submitted from host: <137.138.44.75:9618?addrs=137.138.44.75-9618&noUDP&sock=3998_dfba_3>
...
001 (2325790.2154.000) 05/26 19:58:05 Job executing on host: <188.184.206.7:9618?addrs=188.184.206.7-9618+[2001-1458-301-7d--100-210]-9618&noUDP&sock=19625_b236_3>
...
006 (2325790.2154.000) 05/26 19:58:13 Image size of job updated: 263352
	255  -  MemoryUsage of job (MB)
	260544  -  ResidentSetSize of job (KB)
...
006 (2325790.2154.000) 05/26 19:59:16 Image size of job updated: 729892
	255  -  MemoryUsage of job (MB)
	260680  -  ResidentSetSize of job (KB)
...
005 (2325790.2154.000) 05/26 19:59:18 Job terminated.
	(1) Normal termination (return value 0)
		Usr 0 00:00:54, Sys 0 00:00:02  -  Run Remote Usage
		Usr 0 00:00:00, Sys 0 00:00:00  -  Run Local Usage
		Usr 0 00:00:54, Sys 0 00:00:02  -  Total Remote Usage
		Usr 0 00:00:00, Sys 0 00:00:00  -  Total Local Usage
	9194  -  Run Bytes Sent By Job
	436  -  Run Bytes Received By Job
	9194  -  Total Bytes Sent By Job
	436  -  Total Bytes Received By Job
	Partitionable Resources :    Usage  Request Allocated
	   Cpus                 :                 2         2
	   Disk (KB)            :       29        1   2172131
	   Memory (MB)          :      255     4000      4000
...
