000 (2325790.594.000) 05/26 19:50:27 Job submitted from host: <137.138.44.75:9618?addrs=137.138.44.75-9618&noUDP&sock=3998_dfba_3>
...
001 (2325790.594.000) 05/26 19:56:20 Job executing on host: <188.184.204.96:9618?addrs=188.184.204.96-9618+[2001-1458-301-7d--100-51]-9618&noUDP&sock=19538_0578_3>
...
006 (2325790.594.000) 05/26 19:56:28 Image size of job updated: 89916
	88  -  MemoryUsage of job (MB)
	89824  -  ResidentSetSize of job (KB)
...
006 (2325790.594.000) 05/26 19:58:37 Image size of job updated: 666364
	88  -  MemoryUsage of job (MB)
	89828  -  ResidentSetSize of job (KB)
...
005 (2325790.594.000) 05/26 19:58:37 Job terminated.
	(1) Normal termination (return value 0)
		Usr 0 00:00:55, Sys 0 00:00:03  -  Run Remote Usage
		Usr 0 00:00:00, Sys 0 00:00:00  -  Run Local Usage
		Usr 0 00:00:55, Sys 0 00:00:03  -  Total Remote Usage
		Usr 0 00:00:00, Sys 0 00:00:00  -  Total Local Usage
	9188  -  Run Bytes Sent By Job
	436  -  Run Bytes Received By Job
	9188  -  Total Bytes Sent By Job
	436  -  Total Bytes Received By Job
	Partitionable Resources :    Usage  Request Allocated
	   Cpus                 :                 2         2
	   Disk (KB)            :       30        1   2101774
	   Memory (MB)          :       88     4000      4000
...
