000 (2325790.7666.000) 05/26 19:50:45 Job submitted from host: <137.138.44.75:9618?addrs=137.138.44.75-9618&noUDP&sock=3998_dfba_3>
...
001 (2325790.7666.000) 05/26 20:06:12 Job executing on host: <188.184.204.50:9618?addrs=188.184.204.50-9618+[2001-1458-301-7d--100-28]-9618&noUDP&sock=19581_840b_3>
...
006 (2325790.7666.000) 05/26 20:06:21 Image size of job updated: 97008
	93  -  MemoryUsage of job (MB)
	94356  -  ResidentSetSize of job (KB)
...
006 (2325790.7666.000) 05/26 20:09:49 Image size of job updated: 163316
	93  -  MemoryUsage of job (MB)
	94356  -  ResidentSetSize of job (KB)
...
005 (2325790.7666.000) 05/26 20:09:50 Job terminated.
	(1) Normal termination (return value 0)
		Usr 0 00:00:44, Sys 0 00:00:02  -  Run Remote Usage
		Usr 0 00:00:00, Sys 0 00:00:00  -  Run Local Usage
		Usr 0 00:00:44, Sys 0 00:00:02  -  Total Remote Usage
		Usr 0 00:00:00, Sys 0 00:00:00  -  Total Local Usage
	9195  -  Run Bytes Sent By Job
	436  -  Run Bytes Received By Job
	9195  -  Total Bytes Sent By Job
	436  -  Total Bytes Received By Job
	Partitionable Resources :    Usage  Request Allocated
	   Cpus                 :                 2         2
	   Disk (KB)            :       32        1   2201863
	   Memory (MB)          :       93     4000      4000
...
