000 (2325790.4534.000) 05/26 19:50:38 Job submitted from host: <137.138.44.75:9618?addrs=137.138.44.75-9618&noUDP&sock=3998_dfba_3>
...
001 (2325790.4534.000) 05/26 20:02:05 Job executing on host: <188.184.133.49:9618?addrs=188.184.133.49-9618+[2001-1458-301-a0--100-135]-9618&noUDP&sock=16561_0c07_3>
...
006 (2325790.4534.000) 05/26 20:02:14 Image size of job updated: 97404
	94  -  MemoryUsage of job (MB)
	96228  -  ResidentSetSize of job (KB)
...
006 (2325790.4534.000) 05/26 20:03:49 Image size of job updated: 723296
	94  -  MemoryUsage of job (MB)
	96228  -  ResidentSetSize of job (KB)
...
005 (2325790.4534.000) 05/26 20:03:49 Job terminated.
	(1) Normal termination (return value 0)
		Usr 0 00:00:46, Sys 0 00:00:02  -  Run Remote Usage
		Usr 0 00:00:00, Sys 0 00:00:00  -  Run Local Usage
		Usr 0 00:00:46, Sys 0 00:00:02  -  Total Remote Usage
		Usr 0 00:00:00, Sys 0 00:00:00  -  Total Local Usage
	9153  -  Run Bytes Sent By Job
	436  -  Run Bytes Received By Job
	9153  -  Total Bytes Sent By Job
	436  -  Total Bytes Received By Job
	Partitionable Resources :    Usage  Request Allocated
	   Cpus                 :                 2         2
	   Disk (KB)            :       30        1   2117060
	   Memory (MB)          :       94     4000      4000
...
