000 (2325790.310.000) 05/26 19:50:26 Job submitted from host: <137.138.44.75:9618?addrs=137.138.44.75-9618&noUDP&sock=3998_dfba_3>
...
001 (2325790.310.000) 05/26 19:54:46 Job executing on host: <188.184.206.76:9618?addrs=188.184.206.76-9618+[2001-1458-301-7d--100-234]-9618&noUDP&sock=19549_9103_3>
...
006 (2325790.310.000) 05/26 19:54:55 Image size of job updated: 275960
	267  -  MemoryUsage of job (MB)
	273304  -  ResidentSetSize of job (KB)
...
006 (2325790.310.000) 05/26 19:58:04 Image size of job updated: 732888
	267  -  MemoryUsage of job (MB)
	273336  -  ResidentSetSize of job (KB)
...
005 (2325790.310.000) 05/26 19:58:04 Job terminated.
	(1) Normal termination (return value 0)
		Usr 0 00:00:57, Sys 0 00:00:02  -  Run Remote Usage
		Usr 0 00:00:00, Sys 0 00:00:00  -  Run Local Usage
		Usr 0 00:00:57, Sys 0 00:00:02  -  Total Remote Usage
		Usr 0 00:00:00, Sys 0 00:00:00  -  Total Local Usage
	9190  -  Run Bytes Sent By Job
	436  -  Run Bytes Received By Job
	9190  -  Total Bytes Sent By Job
	436  -  Total Bytes Received By Job
	Partitionable Resources :    Usage  Request Allocated
	   Cpus                 :                 2         2
	   Disk (KB)            :       32        1   2179950
	   Memory (MB)          :      267     4000      4000
...
