000 (2325790.7722.000) 05/26 19:50:45 Job submitted from host: <137.138.44.75:9618?addrs=137.138.44.75-9618&noUDP&sock=3998_dfba_3>
...
001 (2325790.7722.000) 05/26 20:06:27 Job executing on host: <188.184.207.71:9618?addrs=188.184.207.71-9618+[2001-1458-301-7d--100-344]-9618&noUDP&sock=19592_0f96_3>
...
006 (2325790.7722.000) 05/26 20:06:36 Image size of job updated: 93756
	89  -  MemoryUsage of job (MB)
	90964  -  ResidentSetSize of job (KB)
...
006 (2325790.7722.000) 05/26 20:08:15 Image size of job updated: 116288
	92  -  MemoryUsage of job (MB)
	94072  -  ResidentSetSize of job (KB)
...
005 (2325790.7722.000) 05/26 20:08:16 Job terminated.
	(1) Normal termination (return value 0)
		Usr 0 00:00:38, Sys 0 00:00:02  -  Run Remote Usage
		Usr 0 00:00:00, Sys 0 00:00:00  -  Run Local Usage
		Usr 0 00:00:38, Sys 0 00:00:02  -  Total Remote Usage
		Usr 0 00:00:00, Sys 0 00:00:00  -  Total Local Usage
	9193  -  Run Bytes Sent By Job
	436  -  Run Bytes Received By Job
	9193  -  Total Bytes Sent By Job
	436  -  Total Bytes Received By Job
	Partitionable Resources :    Usage  Request Allocated
	   Cpus                 :                 2         2
	   Disk (KB)            :       30        1   2121204
	   Memory (MB)          :       92     4000      4000
...
