000 (2325790.2568.000) 05/26 19:50:32 Job submitted from host: <137.138.44.75:9618?addrs=137.138.44.75-9618&noUDP&sock=3998_dfba_3>
...
001 (2325790.2568.000) 05/26 20:01:04 Job executing on host: <188.184.132.213:9618?addrs=188.184.132.213-9618+[2001-1458-301-a0--100-d5]-9618&noUDP&sock=16573_472a_3>
...
006 (2325790.2568.000) 05/26 20:01:13 Image size of job updated: 372076
	361  -  MemoryUsage of job (MB)
	369360  -  ResidentSetSize of job (KB)
...
006 (2325790.2568.000) 05/26 20:01:59 Image size of job updated: 1738612
	361  -  MemoryUsage of job (MB)
	369488  -  ResidentSetSize of job (KB)
...
005 (2325790.2568.000) 05/26 20:02:05 Job terminated.
	(1) Normal termination (return value 0)
		Usr 0 00:00:45, Sys 0 00:00:02  -  Run Remote Usage
		Usr 0 00:00:00, Sys 0 00:00:00  -  Run Local Usage
		Usr 0 00:00:45, Sys 0 00:00:02  -  Total Remote Usage
		Usr 0 00:00:00, Sys 0 00:00:00  -  Total Local Usage
	9112  -  Run Bytes Sent By Job
	436  -  Run Bytes Received By Job
	9112  -  Total Bytes Sent By Job
	436  -  Total Bytes Received By Job
	Partitionable Resources :    Usage  Request Allocated
	   Cpus                 :                 2         2
	   Disk (KB)            :       28        1   2120362
	   Memory (MB)          :      361     4000      4000
...
