000 (2325790.13940.000) 05/26 19:51:02 Job submitted from host: <137.138.44.75:9618?addrs=137.138.44.75-9618&noUDP&sock=3998_dfba_3>
...
001 (2325790.13940.000) 05/26 20:13:28 Job executing on host: <188.184.206.45:9618?addrs=188.184.206.45-9618+[2001-1458-301-7d--100-23c]-9618&noUDP&sock=19505_62d8_3>
...
006 (2325790.13940.000) 05/26 20:13:37 Image size of job updated: 297164
	288  -  MemoryUsage of job (MB)
	294372  -  ResidentSetSize of job (KB)
...
006 (2325790.13940.000) 05/26 20:15:34 Image size of job updated: 297164
	288  -  MemoryUsage of job (MB)
	294380  -  ResidentSetSize of job (KB)
...
005 (2325790.13940.000) 05/26 20:15:35 Job terminated.
	(1) Normal termination (return value 0)
		Usr 0 00:00:45, Sys 0 00:00:02  -  Run Remote Usage
		Usr 0 00:00:00, Sys 0 00:00:00  -  Run Local Usage
		Usr 0 00:00:45, Sys 0 00:00:02  -  Total Remote Usage
		Usr 0 00:00:00, Sys 0 00:00:00  -  Total Local Usage
	9192  -  Run Bytes Sent By Job
	436  -  Run Bytes Received By Job
	9192  -  Total Bytes Sent By Job
	436  -  Total Bytes Received By Job
	Partitionable Resources :    Usage  Request Allocated
	   Cpus                 :                 2         2
	   Disk (KB)            :       30        1   2125818
	   Memory (MB)          :      288     4000      4000
...
