000 (2325790.3180.000) 05/26 19:50:33 Job submitted from host: <137.138.44.75:9618?addrs=137.138.44.75-9618&noUDP&sock=3998_dfba_3>
...
001 (2325790.3180.000) 05/26 19:59:35 Job executing on host: <188.184.206.179:9618?addrs=188.184.206.179-9618+[2001-1458-301-7d--100-2ab]-9618&noUDP&sock=19553_4f64_3>
...
006 (2325790.3180.000) 05/26 19:59:44 Image size of job updated: 91104
	89  -  MemoryUsage of job (MB)
	91104  -  ResidentSetSize of job (KB)
...
006 (2325790.3180.000) 05/26 20:01:53 Image size of job updated: 660148
	89  -  MemoryUsage of job (MB)
	91104  -  ResidentSetSize of job (KB)
...
005 (2325790.3180.000) 05/26 20:02:03 Job terminated.
	(1) Normal termination (return value 0)
		Usr 0 00:00:57, Sys 0 00:00:02  -  Run Remote Usage
		Usr 0 00:00:00, Sys 0 00:00:00  -  Run Local Usage
		Usr 0 00:00:57, Sys 0 00:00:02  -  Total Remote Usage
		Usr 0 00:00:00, Sys 0 00:00:00  -  Total Local Usage
	9194  -  Run Bytes Sent By Job
	436  -  Run Bytes Received By Job
	9194  -  Total Bytes Sent By Job
	436  -  Total Bytes Received By Job
	Partitionable Resources :    Usage  Request Allocated
	   Cpus                 :                 2         2
	   Disk (KB)            :       31        1   2132360
	   Memory (MB)          :       89     4000      4000
...
