000 (2325790.6327.000) 05/26 19:50:42 Job submitted from host: <137.138.44.75:9618?addrs=137.138.44.75-9618&noUDP&sock=3998_dfba_3>
...
001 (2325790.6327.000) 05/26 20:04:21 Job executing on host: <188.184.206.50:9618?addrs=188.184.206.50-9618+[2001-1458-301-7d--100-22e]-9618&noUDP&sock=20213_03e6_3>
...
006 (2325790.6327.000) 05/26 20:04:30 Image size of job updated: 327036
	317  -  MemoryUsage of job (MB)
	324372  -  ResidentSetSize of job (KB)
...
006 (2325790.6327.000) 05/26 20:05:25 Image size of job updated: 701048
	317  -  MemoryUsage of job (MB)
	324532  -  ResidentSetSize of job (KB)
...
005 (2325790.6327.000) 05/26 20:05:25 Job terminated.
	(1) Normal termination (return value 0)
		Usr 0 00:00:50, Sys 0 00:00:02  -  Run Remote Usage
		Usr 0 00:00:00, Sys 0 00:00:00  -  Run Local Usage
		Usr 0 00:00:50, Sys 0 00:00:02  -  Total Remote Usage
		Usr 0 00:00:00, Sys 0 00:00:00  -  Total Local Usage
	9193  -  Run Bytes Sent By Job
	436  -  Run Bytes Received By Job
	9193  -  Total Bytes Sent By Job
	436  -  Total Bytes Received By Job
	Partitionable Resources :    Usage  Request Allocated
	   Cpus                 :                 2         2
	   Disk (KB)            :       29        1   2184464
	   Memory (MB)          :      317     4000      4000
...
