000 (2325790.11374.000) 05/26 19:50:56 Job submitted from host: <137.138.44.75:9618?addrs=137.138.44.75-9618&noUDP&sock=3998_dfba_3>
...
001 (2325790.11374.000) 05/26 20:10:28 Job executing on host: <188.184.143.56:9618?addrs=188.184.143.56-9618+[2001-1458-301-46--100-130]-9618&noUDP&sock=19597_7d8f_3>
...
006 (2325790.11374.000) 05/26 20:10:37 Image size of job updated: 96148
	94  -  MemoryUsage of job (MB)
	96064  -  ResidentSetSize of job (KB)
...
005 (2325790.11374.000) 05/26 20:13:15 Job terminated.
	(1) Normal termination (return value 0)
		Usr 0 00:00:40, Sys 0 00:00:01  -  Run Remote Usage
		Usr 0 00:00:00, Sys 0 00:00:00  -  Run Local Usage
		Usr 0 00:00:40, Sys 0 00:00:01  -  Total Remote Usage
		Usr 0 00:00:00, Sys 0 00:00:00  -  Total Local Usage
	9194  -  Run Bytes Sent By Job
	436  -  Run Bytes Received By Job
	9194  -  Total Bytes Sent By Job
	436  -  Total Bytes Received By Job
	Partitionable Resources :    Usage  Request Allocated
	   Cpus                 :                 2         2
	   Disk (KB)            :       31        1   2077113
	   Memory (MB)          :       94     4000      4000
...
