000 (2325790.14605.000) 05/26 19:51:03 Job submitted from host: <137.138.44.75:9618?addrs=137.138.44.75-9618&noUDP&sock=3998_dfba_3>
...
001 (2325790.14605.000) 05/26 20:14:11 Job executing on host: <137.138.43.107:9618?addrs=137.138.43.107-9618+[--1]-9618&noUDP&sock=4681_5ae9_3>
...
006 (2325790.14605.000) 05/26 20:14:20 Image size of job updated: 95836
	91  -  MemoryUsage of job (MB)
	93028  -  ResidentSetSize of job (KB)
...
006 (2325790.14605.000) 05/26 20:16:49 Image size of job updated: 226916
	91  -  MemoryUsage of job (MB)
	93028  -  ResidentSetSize of job (KB)
...
005 (2325790.14605.000) 05/26 20:16:49 Job terminated.
	(1) Normal termination (return value 0)
		Usr 0 00:00:39, Sys 0 00:00:02  -  Run Remote Usage
		Usr 0 00:00:00, Sys 0 00:00:00  -  Run Local Usage
		Usr 0 00:00:39, Sys 0 00:00:02  -  Total Remote Usage
		Usr 0 00:00:00, Sys 0 00:00:00  -  Total Local Usage
	9198  -  Run Bytes Sent By Job
	436  -  Run Bytes Received By Job
	9198  -  Total Bytes Sent By Job
	436  -  Total Bytes Received By Job
	Partitionable Resources :    Usage  Request Allocated
	   Cpus                 :                 2         2
	   Disk (KB)            :       31        1   2089181
	   Memory (MB)          :       91     4000      4000
...
