000 (2325790.4302.000) 05/26 19:50:37 Job submitted from host: <137.138.44.75:9618?addrs=137.138.44.75-9618&noUDP&sock=3998_dfba_3>
...
001 (2325790.4302.000) 05/26 20:01:46 Job executing on host: <188.184.204.42:9618?addrs=188.184.204.42-9618+[2001-1458-301-7d--100-21]-9618&noUDP&sock=4688_2813_3>
...
006 (2325790.4302.000) 05/26 20:01:54 Image size of job updated: 92704
	88  -  MemoryUsage of job (MB)
	89912  -  ResidentSetSize of job (KB)
...
006 (2325790.4302.000) 05/26 20:05:05 Image size of job updated: 749360
	89  -  MemoryUsage of job (MB)
	90260  -  ResidentSetSize of job (KB)
...
005 (2325790.4302.000) 05/26 20:05:07 Job terminated.
	(1) Normal termination (return value 0)
		Usr 0 00:00:57, Sys 0 00:00:02  -  Run Remote Usage
		Usr 0 00:00:00, Sys 0 00:00:00  -  Run Local Usage
		Usr 0 00:00:57, Sys 0 00:00:02  -  Total Remote Usage
		Usr 0 00:00:00, Sys 0 00:00:00  -  Total Local Usage
	9193  -  Run Bytes Sent By Job
	436  -  Run Bytes Received By Job
	9193  -  Total Bytes Sent By Job
	436  -  Total Bytes Received By Job
	Partitionable Resources :    Usage  Request Allocated
	   Cpus                 :                 2         2
	   Disk (KB)            :       32        1   2207210
	   Memory (MB)          :       89     4000      4000
...
