000 (2325790.702.000) 05/26 19:50:27 Job submitted from host: <137.138.44.75:9618?addrs=137.138.44.75-9618&noUDP&sock=3998_dfba_3>
...
001 (2325790.702.000) 05/26 19:57:00 Job executing on host: <188.184.206.26:9618?addrs=188.184.206.26-9618+[2001-1458-301-7d--100-21d]-9618&noUDP&sock=19705_91c9_3>
...
006 (2325790.702.000) 05/26 19:57:08 Image size of job updated: 211120
	198  -  MemoryUsage of job (MB)
	202552  -  ResidentSetSize of job (KB)
...
006 (2325790.702.000) 05/26 19:58:11 Image size of job updated: 621204
	198  -  MemoryUsage of job (MB)
	202552  -  ResidentSetSize of job (KB)
...
005 (2325790.702.000) 05/26 19:58:11 Job terminated.
	(1) Normal termination (return value 0)
		Usr 0 00:00:54, Sys 0 00:00:02  -  Run Remote Usage
		Usr 0 00:00:00, Sys 0 00:00:00  -  Run Local Usage
		Usr 0 00:00:54, Sys 0 00:00:02  -  Total Remote Usage
		Usr 0 00:00:00, Sys 0 00:00:00  -  Total Local Usage
	9188  -  Run Bytes Sent By Job
	436  -  Run Bytes Received By Job
	9188  -  Total Bytes Sent By Job
	436  -  Total Bytes Received By Job
	Partitionable Resources :    Usage  Request Allocated
	   Cpus                 :                 2         2
	   Disk (KB)            :       29        1   2143494
	   Memory (MB)          :      198     4000      4000
...
