000 (2325790.098.000) 05/26 19:50:26 Job submitted from host: <137.138.44.75:9618?addrs=137.138.44.75-9618&noUDP&sock=3998_dfba_3>
...
001 (2325790.098.000) 05/26 19:53:32 Job executing on host: <188.184.205.162:9618?addrs=188.184.205.162-9618+[2001-1458-301-7d--100-19e]-9618&noUDP&sock=19584_92d4_3>
...
006 (2325790.098.000) 05/26 19:53:40 Image size of job updated: 195516
	166  -  MemoryUsage of job (MB)
	169760  -  ResidentSetSize of job (KB)
...
006 (2325790.098.000) 05/26 19:55:36 Image size of job updated: 195516
	166  -  MemoryUsage of job (MB)
	169864  -  ResidentSetSize of job (KB)
...
005 (2325790.098.000) 05/26 19:55:36 Job terminated.
	(1) Normal termination (return value 0)
		Usr 0 00:00:58, Sys 0 00:00:02  -  Run Remote Usage
		Usr 0 00:00:00, Sys 0 00:00:00  -  Run Local Usage
		Usr 0 00:00:58, Sys 0 00:00:02  -  Total Remote Usage
		Usr 0 00:00:00, Sys 0 00:00:00  -  Total Local Usage
	9188  -  Run Bytes Sent By Job
	436  -  Run Bytes Received By Job
	9188  -  Total Bytes Sent By Job
	436  -  Total Bytes Received By Job
	Partitionable Resources :    Usage  Request Allocated
	   Cpus                 :                 2         2
	   Disk (KB)            :       30        1   2098256
	   Memory (MB)          :      166     4000      4000
...
