000 (2325790.8779.000) 05/26 19:50:48 Job submitted from host: <137.138.44.75:9618?addrs=137.138.44.75-9618&noUDP&sock=3998_dfba_3>
...
001 (2325790.8779.000) 05/26 20:07:30 Job executing on host: <188.184.132.213:9618?addrs=188.184.132.213-9618+[2001-1458-301-a0--100-d5]-9618&noUDP&sock=16573_472a_3>
...
006 (2325790.8779.000) 05/26 20:07:38 Image size of job updated: 92604
	91  -  MemoryUsage of job (MB)
	92604  -  ResidentSetSize of job (KB)
...
006 (2325790.8779.000) 05/26 20:09:36 Image size of job updated: 232120
	91  -  MemoryUsage of job (MB)
	92948  -  ResidentSetSize of job (KB)
...
005 (2325790.8779.000) 05/26 20:09:37 Job terminated.
	(1) Normal termination (return value 0)
		Usr 0 00:00:37, Sys 0 00:00:02  -  Run Remote Usage
		Usr 0 00:00:00, Sys 0 00:00:00  -  Run Local Usage
		Usr 0 00:00:37, Sys 0 00:00:02  -  Total Remote Usage
		Usr 0 00:00:00, Sys 0 00:00:00  -  Total Local Usage
	9195  -  Run Bytes Sent By Job
	436  -  Run Bytes Received By Job
	9195  -  Total Bytes Sent By Job
	436  -  Total Bytes Received By Job
	Partitionable Resources :    Usage  Request Allocated
	   Cpus                 :                 2         2
	   Disk (KB)            :       30        1   2120362
	   Memory (MB)          :       91     4000      4000
...
