000 (2325790.2483.000) 05/26 19:50:32 Job submitted from host: <137.138.44.75:9618?addrs=137.138.44.75-9618&noUDP&sock=3998_dfba_3>
...
001 (2325790.2483.000) 05/26 20:00:42 Job executing on host: <188.184.204.80:9618?addrs=188.184.204.80-9618+[--1]-9618&noUDP&sock=4703_71ff_3>
...
006 (2325790.2483.000) 05/26 20:00:51 Image size of job updated: 247580
	217  -  MemoryUsage of job (MB)
	221632  -  ResidentSetSize of job (KB)
...
006 (2325790.2483.000) 05/26 20:01:49 Image size of job updated: 247580
	217  -  MemoryUsage of job (MB)
	221640  -  ResidentSetSize of job (KB)
...
005 (2325790.2483.000) 05/26 20:02:01 Job terminated.
	(1) Normal termination (return value 0)
		Usr 0 00:00:48, Sys 0 00:00:02  -  Run Remote Usage
		Usr 0 00:00:00, Sys 0 00:00:00  -  Run Local Usage
		Usr 0 00:00:48, Sys 0 00:00:02  -  Total Remote Usage
		Usr 0 00:00:00, Sys 0 00:00:00  -  Total Local Usage
	9196  -  Run Bytes Sent By Job
	436  -  Run Bytes Received By Job
	9196  -  Total Bytes Sent By Job
	436  -  Total Bytes Received By Job
	Partitionable Resources :    Usage  Request Allocated
	   Cpus                 :                 2         2
	   Disk (KB)            :       29        1   2138187
	   Memory (MB)          :      217     4000      4000
...
