000 (2325790.4568.000) 05/26 19:50:38 Job submitted from host: <137.138.44.75:9618?addrs=137.138.44.75-9618&noUDP&sock=3998_dfba_3>
...
001 (2325790.4568.000) 05/26 20:02:06 Job executing on host: <188.184.207.62:9618?addrs=188.184.207.62-9618+[2001-1458-301-7d--100-338]-9618&noUDP&sock=19699_7438_3>
...
006 (2325790.4568.000) 05/26 20:02:15 Image size of job updated: 269944
	263  -  MemoryUsage of job (MB)
	268976  -  ResidentSetSize of job (KB)
...
006 (2325790.4568.000) 05/26 20:04:17 Image size of job updated: 734656
	263  -  MemoryUsage of job (MB)
	268976  -  ResidentSetSize of job (KB)
...
005 (2325790.4568.000) 05/26 20:04:17 Job terminated.
	(1) Normal termination (return value 0)
		Usr 0 00:01:01, Sys 0 00:00:03  -  Run Remote Usage
		Usr 0 00:00:00, Sys 0 00:00:00  -  Run Local Usage
		Usr 0 00:01:01, Sys 0 00:00:03  -  Total Remote Usage
		Usr 0 00:00:00, Sys 0 00:00:00  -  Total Local Usage
	9151  -  Run Bytes Sent By Job
	436  -  Run Bytes Received By Job
	9151  -  Total Bytes Sent By Job
	436  -  Total Bytes Received By Job
	Partitionable Resources :    Usage  Request Allocated
	   Cpus                 :                 2         2
	   Disk (KB)            :       30        1   2199159
	   Memory (MB)          :      263     4000      4000
...
