000 (2325790.13073.000) 05/26 19:51:00 Job submitted from host: <137.138.44.75:9618?addrs=137.138.44.75-9618&noUDP&sock=3998_dfba_3>
...
001 (2325790.13073.000) 05/26 20:12:17 Job executing on host: <188.184.207.45:9618?addrs=188.184.207.45-9618+[2001-1458-301-7d--100-325]-9618&noUDP&sock=4679_fbb9_3>
...
006 (2325790.13073.000) 05/26 20:12:25 Image size of job updated: 345248
	335  -  MemoryUsage of job (MB)
	342616  -  ResidentSetSize of job (KB)
...
005 (2325790.13073.000) 05/26 20:13:53 Job terminated.
	(1) Normal termination (return value 0)
		Usr 0 00:00:35, Sys 0 00:00:01  -  Run Remote Usage
		Usr 0 00:00:00, Sys 0 00:00:00  -  Run Local Usage
		Usr 0 00:00:35, Sys 0 00:00:01  -  Total Remote Usage
		Usr 0 00:00:00, Sys 0 00:00:00  -  Total Local Usage
	9195  -  Run Bytes Sent By Job
	436  -  Run Bytes Received By Job
	9195  -  Total Bytes Sent By Job
	436  -  Total Bytes Received By Job
	Partitionable Resources :    Usage  Request Allocated
	   Cpus                 :                 2         2
	   Disk (KB)            :       30        1   2209455
	   Memory (MB)          :      335     4000      4000
...
