000 (2325790.13616.000) 05/26 19:51:01 Job submitted from host: <137.138.44.75:9618?addrs=137.138.44.75-9618&noUDP&sock=3998_dfba_3>
...
001 (2325790.13616.000) 05/26 20:13:14 Job executing on host: <188.184.206.104:9618?addrs=188.184.206.104-9618+[2001-1458-301-7d--100-277]-9618&noUDP&sock=19552_9fcc_3>
...
006 (2325790.13616.000) 05/26 20:13:22 Image size of job updated: 91244
	87  -  MemoryUsage of job (MB)
	88592  -  ResidentSetSize of job (KB)
...
006 (2325790.13616.000) 05/26 20:15:24 Image size of job updated: 112960
	87  -  MemoryUsage of job (MB)
	88592  -  ResidentSetSize of job (KB)
...
005 (2325790.13616.000) 05/26 20:15:24 Job terminated.
	(1) Normal termination (return value 0)
		Usr 0 00:00:42, Sys 0 00:00:02  -  Run Remote Usage
		Usr 0 00:00:00, Sys 0 00:00:00  -  Run Local Usage
		Usr 0 00:00:42, Sys 0 00:00:02  -  Total Remote Usage
		Usr 0 00:00:00, Sys 0 00:00:00  -  Total Local Usage
	9191  -  Run Bytes Sent By Job
	436  -  Run Bytes Received By Job
	9191  -  Total Bytes Sent By Job
	436  -  Total Bytes Received By Job
	Partitionable Resources :    Usage  Request Allocated
	   Cpus                 :                 2         2
	   Disk (KB)            :       30        1   2103080
	   Memory (MB)          :       87     4000      4000
...
