000 (2325790.8609.000) 05/26 19:50:47 Job submitted from host: <137.138.44.75:9618?addrs=137.138.44.75-9618&noUDP&sock=3998_dfba_3>
...
001 (2325790.8609.000) 05/26 20:07:20 Job executing on host: <128.142.105.54:9618?addrs=128.142.105.54-9618+[2001-1458-301-8b--100-127]-9618&noUDP&sock=16072_a237_3>
...
006 (2325790.8609.000) 05/26 20:07:29 Image size of job updated: 358628
	351  -  MemoryUsage of job (MB)
	358552  -  ResidentSetSize of job (KB)
...
006 (2325790.8609.000) 05/26 20:08:22 Image size of job updated: 1352200
	351  -  MemoryUsage of job (MB)
	358688  -  ResidentSetSize of job (KB)
...
005 (2325790.8609.000) 05/26 20:08:23 Job terminated.
	(1) Normal termination (return value 0)
		Usr 0 00:00:35, Sys 0 00:00:01  -  Run Remote Usage
		Usr 0 00:00:00, Sys 0 00:00:00  -  Run Local Usage
		Usr 0 00:00:35, Sys 0 00:00:01  -  Total Remote Usage
		Usr 0 00:00:00, Sys 0 00:00:00  -  Total Local Usage
	9158  -  Run Bytes Sent By Job
	436  -  Run Bytes Received By Job
	9158  -  Total Bytes Sent By Job
	436  -  Total Bytes Received By Job
	Partitionable Resources :    Usage  Request Allocated
	   Cpus                 :                 2         2
	   Disk (KB)            :       29        1   2150204
	   Memory (MB)          :      351     4000      4000
...
