000 (2325790.14627.000) 05/26 19:51:03 Job submitted from host: <137.138.44.75:9618?addrs=137.138.44.75-9618&noUDP&sock=3998_dfba_3>
...
001 (2325790.14627.000) 05/26 20:14:12 Job executing on host: <188.184.139.32:9618?addrs=188.184.139.32-9618+[--1]-9618&noUDP&sock=5720_05d0_3>
...
006 (2325790.14627.000) 05/26 20:14:20 Image size of job updated: 93328
	89  -  MemoryUsage of job (MB)
	90652  -  ResidentSetSize of job (KB)
...
006 (2325790.14627.000) 05/26 20:16:06 Image size of job updated: 227320
	89  -  MemoryUsage of job (MB)
	90652  -  ResidentSetSize of job (KB)
...
005 (2325790.14627.000) 05/26 20:16:06 Job terminated.
	(1) Normal termination (return value 0)
		Usr 0 00:00:21, Sys 0 00:00:01  -  Run Remote Usage
		Usr 0 00:00:00, Sys 0 00:00:00  -  Run Local Usage
		Usr 0 00:00:21, Sys 0 00:00:01  -  Total Remote Usage
		Usr 0 00:00:00, Sys 0 00:00:00  -  Total Local Usage
	8292  -  Run Bytes Sent By Job
	436  -  Run Bytes Received By Job
	8292  -  Total Bytes Sent By Job
	436  -  Total Bytes Received By Job
	Partitionable Resources :    Usage  Request Allocated
	   Cpus                 :                 2         2
	   Disk (KB)            :       29        1   3025550
	   Memory (MB)          :       89     4000      4000
...
