000 (2325790.12180.000) 05/26 19:50:58 Job submitted from host: <137.138.44.75:9618?addrs=137.138.44.75-9618&noUDP&sock=3998_dfba_3>
...
001 (2325790.12180.000) 05/26 20:11:14 Job executing on host: <128.142.101.182:9618?addrs=128.142.101.182-9618+[2001-1458-301-89--100-1a3]-9618&noUDP&sock=15950_f3a9_3>
...
006 (2325790.12180.000) 05/26 20:11:23 Image size of job updated: 102872
	98  -  MemoryUsage of job (MB)
	100156  -  ResidentSetSize of job (KB)
...
006 (2325790.12180.000) 05/26 20:12:58 Image size of job updated: 123092
	98  -  MemoryUsage of job (MB)
	100156  -  ResidentSetSize of job (KB)
...
005 (2325790.12180.000) 05/26 20:13:11 Job terminated.
	(1) Normal termination (return value 0)
		Usr 0 00:00:41, Sys 0 00:00:02  -  Run Remote Usage
		Usr 0 00:00:00, Sys 0 00:00:00  -  Run Local Usage
		Usr 0 00:00:41, Sys 0 00:00:02  -  Total Remote Usage
		Usr 0 00:00:00, Sys 0 00:00:00  -  Total Local Usage
	9206  -  Run Bytes Sent By Job
	436  -  Run Bytes Received By Job
	9206  -  Total Bytes Sent By Job
	436  -  Total Bytes Received By Job
	Partitionable Resources :    Usage  Request Allocated
	   Cpus                 :                 2         2
	   Disk (KB)            :       30        1   2148516
	   Memory (MB)          :       98     4000      4000
...
