000 (2325790.11981.000) 05/26 19:50:57 Job submitted from host: <137.138.44.75:9618?addrs=137.138.44.75-9618&noUDP&sock=3998_dfba_3>
...
001 (2325790.11981.000) 05/26 20:11:05 Job executing on host: <188.184.205.76:9618?addrs=188.184.205.76-9618+[2001-1458-301-7d--100-148]-9618&noUDP&sock=19691_f776_3>
...
006 (2325790.11981.000) 05/26 20:11:14 Image size of job updated: 97116
	93  -  MemoryUsage of job (MB)
	94324  -  ResidentSetSize of job (KB)
...
006 (2325790.11981.000) 05/26 20:12:38 Image size of job updated: 213432
	93  -  MemoryUsage of job (MB)
	94324  -  ResidentSetSize of job (KB)
...
005 (2325790.11981.000) 05/26 20:12:49 Job terminated.
	(1) Normal termination (return value 0)
		Usr 0 00:00:25, Sys 0 00:00:01  -  Run Remote Usage
		Usr 0 00:00:00, Sys 0 00:00:00  -  Run Local Usage
		Usr 0 00:00:25, Sys 0 00:00:01  -  Total Remote Usage
		Usr 0 00:00:00, Sys 0 00:00:00  -  Total Local Usage
	8291  -  Run Bytes Sent By Job
	436  -  Run Bytes Received By Job
	8291  -  Total Bytes Sent By Job
	436  -  Total Bytes Received By Job
	Partitionable Resources :    Usage  Request Allocated
	   Cpus                 :                 2         2
	   Disk (KB)            :       29        1   2213184
	   Memory (MB)          :       93     4000      4000
...
