000 (2325790.8714.000) 05/26 19:50:47 Job submitted from host: <137.138.44.75:9618?addrs=137.138.44.75-9618&noUDP&sock=3998_dfba_3>
...
001 (2325790.8714.000) 05/26 20:07:24 Job executing on host: <128.142.105.130:9618?addrs=128.142.105.130-9618+[2001-1458-301-8b--100-173]-9618&noUDP&sock=16002_9e96_3>
...
006 (2325790.8714.000) 05/26 20:07:33 Image size of job updated: 96952
	95  -  MemoryUsage of job (MB)
	96936  -  ResidentSetSize of job (KB)
...
006 (2325790.8714.000) 05/26 20:09:01 Image size of job updated: 1425012
	96  -  MemoryUsage of job (MB)
	97664  -  ResidentSetSize of job (KB)
...
005 (2325790.8714.000) 05/26 20:09:08 Job terminated.
	(1) Normal termination (return value 0)
		Usr 0 00:00:21, Sys 0 00:00:01  -  Run Remote Usage
		Usr 0 00:00:00, Sys 0 00:00:00  -  Run Local Usage
		Usr 0 00:00:21, Sys 0 00:00:01  -  Total Remote Usage
		Usr 0 00:00:00, Sys 0 00:00:00  -  Total Local Usage
	8291  -  Run Bytes Sent By Job
	436  -  Run Bytes Received By Job
	8291  -  Total Bytes Sent By Job
	436  -  Total Bytes Received By Job
	Partitionable Resources :    Usage  Request Allocated
	   Cpus                 :                 2         2
	   Disk (KB)            :       29        1   2215518
	   Memory (MB)          :       96     4000      4000
...
