000 (2325790.2742.000) 05/26 19:50:32 Job submitted from host: <137.138.44.75:9618?addrs=137.138.44.75-9618&noUDP&sock=3998_dfba_3>
...
001 (2325790.2742.000) 05/26 20:02:06 Job executing on host: <188.185.176.41:9618?addrs=188.185.176.41-9618+[2001-1459-301-5b--100-2e]-9618&noUDP&sock=17140_315d_3>
...
006 (2325790.2742.000) 05/26 20:02:15 Image size of job updated: 92524
	88  -  MemoryUsage of job (MB)
	89928  -  ResidentSetSize of job (KB)
...
006 (2325790.2742.000) 05/26 20:07:16 Image size of job updated: 755872
	738  -  MemoryUsage of job (MB)
	755660  -  ResidentSetSize of job (KB)
...
006 (2325790.2742.000) 05/26 20:09:12 Image size of job updated: 755872
	739  -  MemoryUsage of job (MB)
	756456  -  ResidentSetSize of job (KB)
...
005 (2325790.2742.000) 05/26 20:09:16 Job terminated.
	(1) Normal termination (return value 0)
		Usr 0 00:00:52, Sys 0 00:00:02  -  Run Remote Usage
		Usr 0 00:00:00, Sys 0 00:00:00  -  Run Local Usage
		Usr 0 00:00:52, Sys 0 00:00:02  -  Total Remote Usage
		Usr 0 00:00:00, Sys 0 00:00:00  -  Total Local Usage
	9194  -  Run Bytes Sent By Job
	436  -  Run Bytes Received By Job
	9194  -  Total Bytes Sent By Job
	436  -  Total Bytes Received By Job
	Partitionable Resources :    Usage  Request Allocated
	   Cpus                 :                 2         2
	   Disk (KB)            :       36        1   3954120
	   Memory (MB)          :      739     4000      4000
...
