000 (2325790.11360.000) 05/26 19:50:56 Job submitted from host: <137.138.44.75:9618?addrs=137.138.44.75-9618&noUDP&sock=3998_dfba_3>
...
001 (2325790.11360.000) 05/26 20:10:24 Job executing on host: <188.184.207.103:9618?addrs=188.184.207.103-9618+[2001-1458-301-7d--100-361]-9618&noUDP&sock=20071_9d73_3>
...
006 (2325790.11360.000) 05/26 20:10:33 Image size of job updated: 90536
	89  -  MemoryUsage of job (MB)
	90520  -  ResidentSetSize of job (KB)
...
006 (2325790.11360.000) 05/26 20:12:18 Image size of job updated: 655304
	89  -  MemoryUsage of job (MB)
	90520  -  ResidentSetSize of job (KB)
...
005 (2325790.11360.000) 05/26 20:12:26 Job terminated.
	(1) Normal termination (return value 0)
		Usr 0 00:00:37, Sys 0 00:00:01  -  Run Remote Usage
		Usr 0 00:00:00, Sys 0 00:00:00  -  Run Local Usage
		Usr 0 00:00:37, Sys 0 00:00:01  -  Total Remote Usage
		Usr 0 00:00:00, Sys 0 00:00:00  -  Total Local Usage
	8290  -  Run Bytes Sent By Job
	436  -  Run Bytes Received By Job
	8290  -  Total Bytes Sent By Job
	436  -  Total Bytes Received By Job
	Partitionable Resources :    Usage  Request Allocated
	   Cpus                 :                 2         2
	   Disk (KB)            :       29        1   2139625
	   Memory (MB)          :       89     4000      4000
...
