000 (2325790.13519.000) 05/26 19:51:01 Job submitted from host: <137.138.44.75:9618?addrs=137.138.44.75-9618&noUDP&sock=3998_dfba_3>
...
001 (2325790.13519.000) 05/26 20:13:05 Job executing on host: <188.184.205.236:9618?addrs=188.184.205.236-9618+[2001-1458-301-7d--100-1c6]-9618&noUDP&sock=19611_17e2_3>
...
006 (2325790.13519.000) 05/26 20:13:14 Image size of job updated: 73912
	73  -  MemoryUsage of job (MB)
	73912  -  ResidentSetSize of job (KB)
...
006 (2325790.13519.000) 05/26 20:18:14 Image size of job updated: 326136
	319  -  MemoryUsage of job (MB)
	326136  -  ResidentSetSize of job (KB)
...
005 (2325790.13519.000) 05/26 20:23:42 Job terminated.
	(1) Normal termination (return value 0)
		Usr 0 00:00:21, Sys 0 00:00:01  -  Run Remote Usage
		Usr 0 00:00:00, Sys 0 00:00:00  -  Run Local Usage
		Usr 0 00:00:21, Sys 0 00:00:01  -  Total Remote Usage
		Usr 0 00:00:00, Sys 0 00:00:00  -  Total Local Usage
	8290  -  Run Bytes Sent By Job
	436  -  Run Bytes Received By Job
	8290  -  Total Bytes Sent By Job
	436  -  Total Bytes Received By Job
	Partitionable Resources :    Usage  Request Allocated
	   Cpus                 :                 2         2
	   Disk (KB)            :       40        1   2214100
	   Memory (MB)          :      319     4000      4000
...
