000 (2325790.2146.000) 05/26 19:50:31 Job submitted from host: <137.138.44.75:9618?addrs=137.138.44.75-9618&noUDP&sock=3998_dfba_3>
...
001 (2325790.2146.000) 05/26 19:58:04 Job executing on host: <188.184.206.105:9618?addrs=188.184.206.105-9618+[2001-1458-301-7d--100-280]-9618&noUDP&sock=19599_dcbf_3>
...
006 (2325790.2146.000) 05/26 19:58:12 Image size of job updated: 316852
	310  -  MemoryUsage of job (MB)
	316696  -  ResidentSetSize of job (KB)
...
006 (2325790.2146.000) 05/26 19:59:01 Image size of job updated: 710432
	310  -  MemoryUsage of job (MB)
	316844  -  ResidentSetSize of job (KB)
...
005 (2325790.2146.000) 05/26 19:59:03 Job terminated.
	(1) Normal termination (return value 0)
		Usr 0 00:00:46, Sys 0 00:00:02  -  Run Remote Usage
		Usr 0 00:00:00, Sys 0 00:00:00  -  Run Local Usage
		Usr 0 00:00:46, Sys 0 00:00:02  -  Total Remote Usage
		Usr 0 00:00:00, Sys 0 00:00:00  -  Total Local Usage
	9193  -  Run Bytes Sent By Job
	436  -  Run Bytes Received By Job
	9193  -  Total Bytes Sent By Job
	436  -  Total Bytes Received By Job
	Partitionable Resources :    Usage  Request Allocated
	   Cpus                 :                 2         2
	   Disk (KB)            :       29        1   2099228
	   Memory (MB)          :      310     4000      4000
...
