000 (2325790.3985.000) 05/26 19:50:36 Job submitted from host: <137.138.44.75:9618?addrs=137.138.44.75-9618&noUDP&sock=3998_dfba_3>
...
001 (2325790.3985.000) 05/26 20:01:11 Job executing on host: <128.142.133.34:9618?addrs=128.142.133.34-9618+[2001-1458-301-32--100-7]-9618&noUDP&sock=4796_3c4d_3>
...
006 (2325790.3985.000) 05/26 20:01:19 Image size of job updated: 94876
	91  -  MemoryUsage of job (MB)
	92244  -  ResidentSetSize of job (KB)
...
006 (2325790.3985.000) 05/26 20:03:00 Image size of job updated: 661772
	91  -  MemoryUsage of job (MB)
	92244  -  ResidentSetSize of job (KB)
...
005 (2325790.3985.000) 05/26 20:03:00 Job terminated.
	(1) Normal termination (return value 0)
		Usr 0 00:00:51, Sys 0 00:00:02  -  Run Remote Usage
		Usr 0 00:00:00, Sys 0 00:00:00  -  Run Local Usage
		Usr 0 00:00:51, Sys 0 00:00:02  -  Total Remote Usage
		Usr 0 00:00:00, Sys 0 00:00:00  -  Total Local Usage
	9195  -  Run Bytes Sent By Job
	436  -  Run Bytes Received By Job
	9195  -  Total Bytes Sent By Job
	436  -  Total Bytes Received By Job
	Partitionable Resources :    Usage  Request Allocated
	   Cpus                 :                 2         2
	   Disk (KB)            :       30        1   2073496
	   Memory (MB)          :       91     4000      4000
...
