000 (2325790.9920.000) 05/26 19:50:50 Job submitted from host: <137.138.44.75:9618?addrs=137.138.44.75-9618&noUDP&sock=3998_dfba_3>
...
001 (2325790.9920.000) 05/26 20:08:45 Job executing on host: <188.184.205.0:9618?addrs=188.184.205.0-9618+[2001-1458-301-7d--100-f6]-9618&noUDP&sock=19596_cdf7_3>
...
006 (2325790.9920.000) 05/26 20:08:53 Image size of job updated: 94588
	90  -  MemoryUsage of job (MB)
	91872  -  ResidentSetSize of job (KB)
...
006 (2325790.9920.000) 05/26 20:10:31 Image size of job updated: 1427928
	90  -  MemoryUsage of job (MB)
	92012  -  ResidentSetSize of job (KB)
...
005 (2325790.9920.000) 05/26 20:10:42 Job terminated.
	(1) Normal termination (return value 0)
		Usr 0 00:00:38, Sys 0 00:00:02  -  Run Remote Usage
		Usr 0 00:00:00, Sys 0 00:00:00  -  Run Local Usage
		Usr 0 00:00:38, Sys 0 00:00:02  -  Total Remote Usage
		Usr 0 00:00:00, Sys 0 00:00:00  -  Total Local Usage
	9536  -  Run Bytes Sent By Job
	436  -  Run Bytes Received By Job
	9536  -  Total Bytes Sent By Job
	436  -  Total Bytes Received By Job
	Partitionable Resources :    Usage  Request Allocated
	   Cpus                 :                 2         2
	   Disk (KB)            :       30        1   2149254
	   Memory (MB)          :       90     4000      4000
...
