000 (2325790.6924.000) 05/26 19:50:43 Job submitted from host: <137.138.44.75:9618?addrs=137.138.44.75-9618&noUDP&sock=3998_dfba_3>
...
001 (2325790.6924.000) 05/26 20:05:11 Job executing on host: <188.184.204.135:9618?addrs=188.184.204.135-9618+[2001-1458-301-7d--100-79]-9618&noUDP&sock=19596_cdf7_3>
...
006 (2325790.6924.000) 05/26 20:05:19 Image size of job updated: 321552
	312  -  MemoryUsage of job (MB)
	318744  -  ResidentSetSize of job (KB)
...
006 (2325790.6924.000) 05/26 20:06:07 Image size of job updated: 517428
	313  -  MemoryUsage of job (MB)
	319588  -  ResidentSetSize of job (KB)
...
005 (2325790.6924.000) 05/26 20:06:13 Job terminated.
	(1) Normal termination (return value 0)
		Usr 0 00:00:44, Sys 0 00:00:02  -  Run Remote Usage
		Usr 0 00:00:00, Sys 0 00:00:00  -  Run Local Usage
		Usr 0 00:00:44, Sys 0 00:00:02  -  Total Remote Usage
		Usr 0 00:00:00, Sys 0 00:00:00  -  Total Local Usage
	9192  -  Run Bytes Sent By Job
	436  -  Run Bytes Received By Job
	9192  -  Total Bytes Sent By Job
	436  -  Total Bytes Received By Job
	Partitionable Resources :    Usage  Request Allocated
	   Cpus                 :                 2         2
	   Disk (KB)            :       29        1   2080980
	   Memory (MB)          :      313     4000      4000
...
