000 (2325790.13820.000) 05/26 19:51:02 Job submitted from host: <137.138.44.75:9618?addrs=137.138.44.75-9618&noUDP&sock=3998_dfba_3>
...
001 (2325790.13820.000) 05/26 20:13:25 Job executing on host: <188.184.196.191:9618?addrs=188.184.196.191-9618+[2001-1458-301-102--100-be]-9618&noUDP&sock=20997_c626_3>
...
006 (2325790.13820.000) 05/26 20:13:33 Image size of job updated: 312892
	303  -  MemoryUsage of job (MB)
	310084  -  ResidentSetSize of job (KB)
...
006 (2325790.13820.000) 05/26 20:14:39 Image size of job updated: 312892
	304  -  MemoryUsage of job (MB)
	310280  -  ResidentSetSize of job (KB)
...
005 (2325790.13820.000) 05/26 20:14:40 Job terminated.
	(1) Normal termination (return value 0)
		Usr 0 00:00:38, Sys 0 00:00:02  -  Run Remote Usage
		Usr 0 00:00:00, Sys 0 00:00:00  -  Run Local Usage
		Usr 0 00:00:38, Sys 0 00:00:02  -  Total Remote Usage
		Usr 0 00:00:00, Sys 0 00:00:00  -  Total Local Usage
	9197  -  Run Bytes Sent By Job
	436  -  Run Bytes Received By Job
	9197  -  Total Bytes Sent By Job
	436  -  Total Bytes Received By Job
	Partitionable Resources :    Usage  Request Allocated
	   Cpus                 :                 2         2
	   Disk (KB)            :       29        1   2794689
	   Memory (MB)          :      304     4000      4000
...
