000 (2325790.13400.000) 05/26 19:51:01 Job submitted from host: <137.138.44.75:9618?addrs=137.138.44.75-9618&noUDP&sock=3998_dfba_3>
...
001 (2325790.13400.000) 05/26 20:12:58 Job executing on host: <188.184.205.29:9618?addrs=188.184.205.29-9618+[2001-1458-301-7d--100-116]-9618&noUDP&sock=19517_9dfb_3>
...
006 (2325790.13400.000) 05/26 20:13:07 Image size of job updated: 152560
	147  -  MemoryUsage of job (MB)
	149768  -  ResidentSetSize of job (KB)
...
006 (2325790.13400.000) 05/26 20:15:14 Image size of job updated: 237608
	148  -  MemoryUsage of job (MB)
	150652  -  ResidentSetSize of job (KB)
...
005 (2325790.13400.000) 05/26 20:15:14 Job terminated.
	(1) Normal termination (return value 0)
		Usr 0 00:00:44, Sys 0 00:00:02  -  Run Remote Usage
		Usr 0 00:00:00, Sys 0 00:00:00  -  Run Local Usage
		Usr 0 00:00:44, Sys 0 00:00:02  -  Total Remote Usage
		Usr 0 00:00:00, Sys 0 00:00:00  -  Total Local Usage
	9192  -  Run Bytes Sent By Job
	436  -  Run Bytes Received By Job
	9192  -  Total Bytes Sent By Job
	436  -  Total Bytes Received By Job
	Partitionable Resources :    Usage  Request Allocated
	   Cpus                 :                 2         2
	   Disk (KB)            :       31        1   2148037
	   Memory (MB)          :      148     4000      4000
...
