000 (2325790.7830.000) 05/26 19:50:45 Job submitted from host: <137.138.44.75:9618?addrs=137.138.44.75-9618&noUDP&sock=3998_dfba_3>
...
001 (2325790.7830.000) 05/26 20:06:37 Job executing on host: <128.142.97.143:9618?addrs=128.142.97.143-9618+[2001-1458-301-87--100-188]-9618&noUDP&sock=18108_290a_3>
...
006 (2325790.7830.000) 05/26 20:06:46 Image size of job updated: 129120
	127  -  MemoryUsage of job (MB)
	129104  -  ResidentSetSize of job (KB)
...
006 (2325790.7830.000) 05/26 20:07:40 Image size of job updated: 171736
	135  -  MemoryUsage of job (MB)
	137648  -  ResidentSetSize of job (KB)
...
005 (2325790.7830.000) 05/26 20:07:40 Job terminated.
	(1) Normal termination (return value 0)
		Usr 0 00:00:44, Sys 0 00:00:02  -  Run Remote Usage
		Usr 0 00:00:00, Sys 0 00:00:00  -  Run Local Usage
		Usr 0 00:00:44, Sys 0 00:00:02  -  Total Remote Usage
		Usr 0 00:00:00, Sys 0 00:00:00  -  Total Local Usage
	9193  -  Run Bytes Sent By Job
	436  -  Run Bytes Received By Job
	9193  -  Total Bytes Sent By Job
	436  -  Total Bytes Received By Job
	Partitionable Resources :    Usage  Request Allocated
	   Cpus                 :                 2         2
	   Disk (KB)            :       29        1   4230470
	   Memory (MB)          :      135     4000      4000
...
