000 (2325790.9049.000) 05/26 19:50:48 Job submitted from host: <137.138.44.75:9618?addrs=137.138.44.75-9618&noUDP&sock=3998_dfba_3>
...
001 (2325790.9049.000) 05/26 20:07:46 Job executing on host: <188.184.183.174:9618?addrs=188.184.183.174-9618+[2001-1458-301-2b--100-18c]-9618&noUDP&sock=5608_3334_3>
...
006 (2325790.9049.000) 05/26 20:07:55 Image size of job updated: 92604
	88  -  MemoryUsage of job (MB)
	89952  -  ResidentSetSize of job (KB)
...
006 (2325790.9049.000) 05/26 20:11:12 Image size of job updated: 1474308
	88  -  MemoryUsage of job (MB)
	89972  -  ResidentSetSize of job (KB)
...
005 (2325790.9049.000) 05/26 20:11:17 Job terminated.
	(1) Normal termination (return value 0)
		Usr 0 00:00:42, Sys 0 00:00:02  -  Run Remote Usage
		Usr 0 00:00:00, Sys 0 00:00:00  -  Run Local Usage
		Usr 0 00:00:42, Sys 0 00:00:02  -  Total Remote Usage
		Usr 0 00:00:00, Sys 0 00:00:00  -  Total Local Usage
	9152  -  Run Bytes Sent By Job
	436  -  Run Bytes Received By Job
	9152  -  Total Bytes Sent By Job
	436  -  Total Bytes Received By Job
	Partitionable Resources :    Usage  Request Allocated
	   Cpus                 :                 2         2
	   Disk (KB)            :       32        1   3044139
	   Memory (MB)          :       88     4000      4000
...
