000 (2325790.13850.000) 05/26 19:51:02 Job submitted from host: <137.138.44.75:9618?addrs=137.138.44.75-9618&noUDP&sock=3998_dfba_3>
...
001 (2325790.13850.000) 05/26 20:13:25 Job executing on host: <188.184.204.17:9618?addrs=188.184.204.17-9618+[2001-1458-301-7d--100-18]-9618&noUDP&sock=19762_aaaf_3>
...
006 (2325790.13850.000) 05/26 20:13:34 Image size of job updated: 304608
	295  -  MemoryUsage of job (MB)
	301816  -  ResidentSetSize of job (KB)
...
005 (2325790.13850.000) 05/26 20:14:21 Job terminated.
	(1) Normal termination (return value 0)
		Usr 0 00:00:42, Sys 0 00:00:02  -  Run Remote Usage
		Usr 0 00:00:00, Sys 0 00:00:00  -  Run Local Usage
		Usr 0 00:00:42, Sys 0 00:00:02  -  Total Remote Usage
		Usr 0 00:00:00, Sys 0 00:00:00  -  Total Local Usage
	9201  -  Run Bytes Sent By Job
	436  -  Run Bytes Received By Job
	9201  -  Total Bytes Sent By Job
	436  -  Total Bytes Received By Job
	Partitionable Resources :    Usage  Request Allocated
	   Cpus                 :                 2         2
	   Disk (KB)            :       29        1   2218707
	   Memory (MB)          :      295     4000      4000
...
