000 (2325790.6125.000) 05/26 19:50:41 Job submitted from host: <137.138.44.75:9618?addrs=137.138.44.75-9618&noUDP&sock=3998_dfba_3>
...
001 (2325790.6125.000) 05/26 20:04:03 Job executing on host: <188.184.205.0:9618?addrs=188.184.205.0-9618+[2001-1458-301-7d--100-f6]-9618&noUDP&sock=19596_cdf7_3>
...
006 (2325790.6125.000) 05/26 20:04:11 Image size of job updated: 92272
	91  -  MemoryUsage of job (MB)
	92256  -  ResidentSetSize of job (KB)
...
006 (2325790.6125.000) 05/26 20:07:03 Image size of job updated: 737232
	91  -  MemoryUsage of job (MB)
	92256  -  ResidentSetSize of job (KB)
...
005 (2325790.6125.000) 05/26 20:07:03 Job terminated.
	(1) Normal termination (return value 0)
		Usr 0 00:00:52, Sys 0 00:00:03  -  Run Remote Usage
		Usr 0 00:00:00, Sys 0 00:00:00  -  Run Local Usage
		Usr 0 00:00:52, Sys 0 00:00:03  -  Total Remote Usage
		Usr 0 00:00:00, Sys 0 00:00:00  -  Total Local Usage
	9575  -  Run Bytes Sent By Job
	436  -  Run Bytes Received By Job
	9575  -  Total Bytes Sent By Job
	436  -  Total Bytes Received By Job
	Partitionable Resources :    Usage  Request Allocated
	   Cpus                 :                 2         2
	   Disk (KB)            :       32        1   2146184
	   Memory (MB)          :       91     4000      4000
...
