000 (2325790.4680.000) 05/26 19:50:38 Job submitted from host: <137.138.44.75:9618?addrs=137.138.44.75-9618&noUDP&sock=3998_dfba_3>
...
001 (2325790.4680.000) 05/26 20:02:09 Job executing on host: <188.184.204.62:9618?addrs=188.184.204.62-9618+[2001-1458-301-7d--100-35]-9618&noUDP&sock=19714_be23_3>
...
006 (2325790.4680.000) 05/26 20:02:18 Image size of job updated: 99608
	95  -  MemoryUsage of job (MB)
	96800  -  ResidentSetSize of job (KB)
...
006 (2325790.4680.000) 05/26 20:04:47 Image size of job updated: 735816
	95  -  MemoryUsage of job (MB)
	96800  -  ResidentSetSize of job (KB)
...
005 (2325790.4680.000) 05/26 20:04:47 Job terminated.
	(1) Normal termination (return value 0)
		Usr 0 00:00:57, Sys 0 00:00:03  -  Run Remote Usage
		Usr 0 00:00:00, Sys 0 00:00:00  -  Run Local Usage
		Usr 0 00:00:57, Sys 0 00:00:03  -  Total Remote Usage
		Usr 0 00:00:00, Sys 0 00:00:00  -  Total Local Usage
	9153  -  Run Bytes Sent By Job
	436  -  Run Bytes Received By Job
	9153  -  Total Bytes Sent By Job
	436  -  Total Bytes Received By Job
	Partitionable Resources :    Usage  Request Allocated
	   Cpus                 :                 2         2
	   Disk (KB)            :       31        1   2112181
	   Memory (MB)          :       95     4000      4000
...
