000 (2325790.8761.000) 05/26 19:50:48 Job submitted from host: <137.138.44.75:9618?addrs=137.138.44.75-9618&noUDP&sock=3998_dfba_3>
...
001 (2325790.8761.000) 05/26 20:07:28 Job executing on host: <188.184.180.72:9618?addrs=188.184.180.72-9618+[--1]-9618&noUDP&sock=4670_cf5e_3>
...
006 (2325790.8761.000) 05/26 20:07:36 Image size of job updated: 288808
	282  -  MemoryUsage of job (MB)
	288424  -  ResidentSetSize of job (KB)
...
005 (2325790.8761.000) 05/26 20:09:42 Job terminated.
	(1) Normal termination (return value 0)
		Usr 0 00:00:40, Sys 0 00:00:02  -  Run Remote Usage
		Usr 0 00:00:00, Sys 0 00:00:00  -  Run Local Usage
		Usr 0 00:00:40, Sys 0 00:00:02  -  Total Remote Usage
		Usr 0 00:00:00, Sys 0 00:00:00  -  Total Local Usage
	9194  -  Run Bytes Sent By Job
	436  -  Run Bytes Received By Job
	9194  -  Total Bytes Sent By Job
	436  -  Total Bytes Received By Job
	Partitionable Resources :    Usage  Request Allocated
	   Cpus                 :                 2         2
	   Disk (KB)            :       30        1   1785454
	   Memory (MB)          :      282     4000      4000
...
