000 (2325790.5801.000) 05/26 19:50:41 Job submitted from host: <137.138.44.75:9618?addrs=137.138.44.75-9618&noUDP&sock=3998_dfba_3>
...
001 (2325790.5801.000) 05/26 20:03:38 Job executing on host: <188.184.167.188:9618?addrs=188.184.167.188-9618+[2001-1458-301-82--100-b5]-9618&noUDP&sock=4680_ab51_3>
...
006 (2325790.5801.000) 05/26 20:03:47 Image size of job updated: 95392
	91  -  MemoryUsage of job (MB)
	92740  -  ResidentSetSize of job (KB)
...
006 (2325790.5801.000) 05/26 20:06:50 Image size of job updated: 726800
	91  -  MemoryUsage of job (MB)
	92740  -  ResidentSetSize of job (KB)
...
005 (2325790.5801.000) 05/26 20:06:52 Job terminated.
	(1) Normal termination (return value 0)
		Usr 0 00:00:55, Sys 0 00:00:07  -  Run Remote Usage
		Usr 0 00:00:00, Sys 0 00:00:00  -  Run Local Usage
		Usr 0 00:00:55, Sys 0 00:00:07  -  Total Remote Usage
		Usr 0 00:00:00, Sys 0 00:00:00  -  Total Local Usage
	9189  -  Run Bytes Sent By Job
	436  -  Run Bytes Received By Job
	9189  -  Total Bytes Sent By Job
	436  -  Total Bytes Received By Job
	Partitionable Resources :    Usage  Request Allocated
	   Cpus                 :                 2         2
	   Disk (KB)            :       32        1   1770575
	   Memory (MB)          :       91     4000      4000
...
