000 (2325790.9037.000) 05/26 19:50:48 Job submitted from host: <137.138.44.75:9618?addrs=137.138.44.75-9618&noUDP&sock=3998_dfba_3>
...
001 (2325790.9037.000) 05/26 20:07:45 Job executing on host: <128.142.240.55:9618?addrs=128.142.240.55-9618+[2001-1458-301-f9--100-30]-9618&noUDP&sock=16515_7eac_3>
...
006 (2325790.9037.000) 05/26 20:07:54 Image size of job updated: 309672
	303  -  MemoryUsage of job (MB)
	309672  -  ResidentSetSize of job (KB)
...
006 (2325790.9037.000) 05/26 20:08:39 Image size of job updated: 309672
	303  -  MemoryUsage of job (MB)
	309932  -  ResidentSetSize of job (KB)
...
005 (2325790.9037.000) 05/26 20:08:43 Job terminated.
	(1) Normal termination (return value 0)
		Usr 0 00:00:23, Sys 0 00:00:01  -  Run Remote Usage
		Usr 0 00:00:00, Sys 0 00:00:00  -  Run Local Usage
		Usr 0 00:00:23, Sys 0 00:00:01  -  Total Remote Usage
		Usr 0 00:00:00, Sys 0 00:00:00  -  Total Local Usage
	8289  -  Run Bytes Sent By Job
	436  -  Run Bytes Received By Job
	8289  -  Total Bytes Sent By Job
	436  -  Total Bytes Received By Job
	Partitionable Resources :    Usage  Request Allocated
	   Cpus                 :                 2         2
	   Disk (KB)            :       28        1   2192225
	   Memory (MB)          :      303     4000      4000
...
