000 (2325790.11954.000) 05/26 19:50:57 Job submitted from host: <137.138.44.75:9618?addrs=137.138.44.75-9618&noUDP&sock=3998_dfba_3>
...
001 (2325790.11954.000) 05/26 20:11:04 Job executing on host: <188.184.204.56:9618?addrs=188.184.204.56-9618+[2001-1458-301-7d--100-3d]-9618&noUDP&sock=4686_c8e2_3>
...
006 (2325790.11954.000) 05/26 20:11:12 Image size of job updated: 256152
	248  -  MemoryUsage of job (MB)
	253360  -  ResidentSetSize of job (KB)
...
006 (2325790.11954.000) 05/26 20:11:37 Image size of job updated: 256152
	249  -  MemoryUsage of job (MB)
	254280  -  ResidentSetSize of job (KB)
...
005 (2325790.11954.000) 05/26 20:11:43 Job terminated.
	(1) Normal termination (return value 0)
		Usr 0 00:00:24, Sys 0 00:00:01  -  Run Remote Usage
		Usr 0 00:00:00, Sys 0 00:00:00  -  Run Local Usage
		Usr 0 00:00:24, Sys 0 00:00:01  -  Total Remote Usage
		Usr 0 00:00:00, Sys 0 00:00:00  -  Total Local Usage
	8292  -  Run Bytes Sent By Job
	436  -  Run Bytes Received By Job
	8292  -  Total Bytes Sent By Job
	436  -  Total Bytes Received By Job
	Partitionable Resources :    Usage  Request Allocated
	   Cpus                 :                 2         2
	   Disk (KB)            :       27        1   2207236
	   Memory (MB)          :      249     4000      4000
...
