000 (2325790.1801.000) 05/26 19:50:30 Job submitted from host: <137.138.44.75:9618?addrs=137.138.44.75-9618&noUDP&sock=3998_dfba_3>
...
001 (2325790.1801.000) 05/26 19:57:00 Job executing on host: <188.184.205.99:9618?addrs=188.184.205.99-9618+[2001-1458-301-7d--100-151]-9618&noUDP&sock=19559_6cf5_3>
...
006 (2325790.1801.000) 05/26 19:57:09 Image size of job updated: 96804
	92  -  MemoryUsage of job (MB)
	94012  -  ResidentSetSize of job (KB)
...
006 (2325790.1801.000) 05/26 19:58:59 Image size of job updated: 706628
	92  -  MemoryUsage of job (MB)
	94012  -  ResidentSetSize of job (KB)
...
005 (2325790.1801.000) 05/26 19:58:59 Job terminated.
	(1) Normal termination (return value 0)
		Usr 0 00:00:38, Sys 0 00:00:02  -  Run Remote Usage
		Usr 0 00:00:00, Sys 0 00:00:00  -  Run Local Usage
		Usr 0 00:00:38, Sys 0 00:00:02  -  Total Remote Usage
		Usr 0 00:00:00, Sys 0 00:00:00  -  Total Local Usage
	8285  -  Run Bytes Sent By Job
	436  -  Run Bytes Received By Job
	8285  -  Total Bytes Sent By Job
	436  -  Total Bytes Received By Job
	Partitionable Resources :    Usage  Request Allocated
	   Cpus                 :                 2         2
	   Disk (KB)            :       29        1   2179251
	   Memory (MB)          :       92     4000      4000
...
