000 (2325790.5651.000) 05/26 19:50:40 Job submitted from host: <137.138.44.75:9618?addrs=137.138.44.75-9618&noUDP&sock=3998_dfba_3>
...
001 (2325790.5651.000) 05/26 20:03:27 Job executing on host: <188.184.206.44:9618?addrs=188.184.206.44-9618+[2001-1458-301-7d--100-21e]-9618&noUDP&sock=19518_4d93_3>
...
006 (2325790.5651.000) 05/26 20:03:36 Image size of job updated: 228628
	224  -  MemoryUsage of job (MB)
	228472  -  ResidentSetSize of job (KB)
...
006 (2325790.5651.000) 05/26 20:04:44 Image size of job updated: 673240
	224  -  MemoryUsage of job (MB)
	228832  -  ResidentSetSize of job (KB)
...
005 (2325790.5651.000) 05/26 20:04:45 Job terminated.
	(1) Normal termination (return value 0)
		Usr 0 00:00:58, Sys 0 00:00:02  -  Run Remote Usage
		Usr 0 00:00:00, Sys 0 00:00:00  -  Run Local Usage
		Usr 0 00:00:58, Sys 0 00:00:02  -  Total Remote Usage
		Usr 0 00:00:00, Sys 0 00:00:00  -  Total Local Usage
	9187  -  Run Bytes Sent By Job
	436  -  Run Bytes Received By Job
	9187  -  Total Bytes Sent By Job
	436  -  Total Bytes Received By Job
	Partitionable Resources :    Usage  Request Allocated
	   Cpus                 :                 2         2
	   Disk (KB)            :       29        1   2152653
	   Memory (MB)          :      224     4000      4000
...
