000 (2325790.3972.000) 05/26 19:50:36 Job submitted from host: <137.138.44.75:9618?addrs=137.138.44.75-9618&noUDP&sock=3998_dfba_3>
...
001 (2325790.3972.000) 05/26 20:01:08 Job executing on host: <188.184.205.155:9618?addrs=188.184.205.155-9618+[2001-1458-301-7d--100-173]-9618&noUDP&sock=19581_840b_3>
...
006 (2325790.3972.000) 05/26 20:01:16 Image size of job updated: 93100
	89  -  MemoryUsage of job (MB)
	90292  -  ResidentSetSize of job (KB)
...
006 (2325790.3972.000) 05/26 20:03:46 Image size of job updated: 757860
	89  -  MemoryUsage of job (MB)
	90292  -  ResidentSetSize of job (KB)
...
005 (2325790.3972.000) 05/26 20:03:46 Job terminated.
	(1) Normal termination (return value 0)
		Usr 0 00:00:50, Sys 0 00:00:02  -  Run Remote Usage
		Usr 0 00:00:00, Sys 0 00:00:00  -  Run Local Usage
		Usr 0 00:00:50, Sys 0 00:00:02  -  Total Remote Usage
		Usr 0 00:00:00, Sys 0 00:00:00  -  Total Local Usage
	9192  -  Run Bytes Sent By Job
	436  -  Run Bytes Received By Job
	9192  -  Total Bytes Sent By Job
	436  -  Total Bytes Received By Job
	Partitionable Resources :    Usage  Request Allocated
	   Cpus                 :                 2         2
	   Disk (KB)            :       31        1   2182624
	   Memory (MB)          :       89     4000      4000
...
