000 (2325790.067.000) 05/26 19:50:25 Job submitted from host: <137.138.44.75:9618?addrs=137.138.44.75-9618&noUDP&sock=3998_dfba_3>
...
001 (2325790.067.000) 05/26 19:53:20 Job executing on host: <188.184.205.161:9618?addrs=188.184.205.161-9618+[2001-1458-301-7d--100-18b]-9618&noUDP&sock=19573_0749_3>
...
006 (2325790.067.000) 05/26 19:53:29 Image size of job updated: 204356
	194  -  MemoryUsage of job (MB)
	198544  -  ResidentSetSize of job (KB)
...
006 (2325790.067.000) 05/26 19:54:21 Image size of job updated: 204356
	195  -  MemoryUsage of job (MB)
	198900  -  ResidentSetSize of job (KB)
...
005 (2325790.067.000) 05/26 19:54:21 Job terminated.
	(1) Normal termination (return value 0)
		Usr 0 00:00:46, Sys 0 00:00:02  -  Run Remote Usage
		Usr 0 00:00:00, Sys 0 00:00:00  -  Run Local Usage
		Usr 0 00:00:46, Sys 0 00:00:02  -  Total Remote Usage
		Usr 0 00:00:00, Sys 0 00:00:00  -  Total Local Usage
	9189  -  Run Bytes Sent By Job
	436  -  Run Bytes Received By Job
	9189  -  Total Bytes Sent By Job
	436  -  Total Bytes Received By Job
	Partitionable Resources :    Usage  Request Allocated
	   Cpus                 :                 2         2
	   Disk (KB)            :       29        1   2213448
	   Memory (MB)          :      195     4000      4000
...
