000 (2325790.14603.000) 05/26 19:51:03 Job submitted from host: <137.138.44.75:9618?addrs=137.138.44.75-9618&noUDP&sock=3998_dfba_3>
...
001 (2325790.14603.000) 05/26 20:14:10 Job executing on host: <128.142.100.78:9618?addrs=128.142.100.78-9618+[2001-1458-301-89--100-45]-9618&noUDP&sock=15954_b20a_3>
...
006 (2325790.14603.000) 05/26 20:14:19 Image size of job updated: 96260
	92  -  MemoryUsage of job (MB)
	93468  -  ResidentSetSize of job (KB)
...
006 (2325790.14603.000) 05/26 20:16:26 Image size of job updated: 1280564
	92  -  MemoryUsage of job (MB)
	93468  -  ResidentSetSize of job (KB)
...
005 (2325790.14603.000) 05/26 20:16:26 Job terminated.
	(1) Normal termination (return value 0)
		Usr 0 00:00:36, Sys 0 00:00:01  -  Run Remote Usage
		Usr 0 00:00:00, Sys 0 00:00:00  -  Run Local Usage
		Usr 0 00:00:36, Sys 0 00:00:01  -  Total Remote Usage
		Usr 0 00:00:00, Sys 0 00:00:00  -  Total Local Usage
	9209  -  Run Bytes Sent By Job
	436  -  Run Bytes Received By Job
	9209  -  Total Bytes Sent By Job
	436  -  Total Bytes Received By Job
	Partitionable Resources :    Usage  Request Allocated
	   Cpus                 :                 2         2
	   Disk (KB)            :       30        1   2112425
	   Memory (MB)          :       92     4000      4000
...
