000 (2325790.4813.000) 05/26 19:50:38 Job submitted from host: <137.138.44.75:9618?addrs=137.138.44.75-9618&noUDP&sock=3998_dfba_3>
...
001 (2325790.4813.000) 05/26 20:02:21 Job executing on host: <188.184.205.158:9618?addrs=188.184.205.158-9618+[2001-1458-301-7d--100-1a3]-9618&noUDP&sock=19610_684a_3>
...
006 (2325790.4813.000) 05/26 20:02:29 Image size of job updated: 224304
	219  -  MemoryUsage of job (MB)
	224212  -  ResidentSetSize of job (KB)
...
006 (2325790.4813.000) 05/26 20:03:37 Image size of job updated: 747612
	220  -  MemoryUsage of job (MB)
	224456  -  ResidentSetSize of job (KB)
...
005 (2325790.4813.000) 05/26 20:03:37 Job terminated.
	(1) Normal termination (return value 0)
		Usr 0 00:00:55, Sys 0 00:00:03  -  Run Remote Usage
		Usr 0 00:00:00, Sys 0 00:00:00  -  Run Local Usage
		Usr 0 00:00:55, Sys 0 00:00:03  -  Total Remote Usage
		Usr 0 00:00:00, Sys 0 00:00:00  -  Total Local Usage
	9192  -  Run Bytes Sent By Job
	436  -  Run Bytes Received By Job
	9192  -  Total Bytes Sent By Job
	436  -  Total Bytes Received By Job
	Partitionable Resources :    Usage  Request Allocated
	   Cpus                 :                 2         2
	   Disk (KB)            :       29        1   2141830
	   Memory (MB)          :      220     4000      4000
...
