000 (2325790.6904.000) 05/26 19:50:43 Job submitted from host: <137.138.44.75:9618?addrs=137.138.44.75-9618&noUDP&sock=3998_dfba_3>
...
001 (2325790.6904.000) 05/26 20:05:10 Job executing on host: <188.184.205.69:9618?addrs=188.184.205.69-9618+[2001-1458-301-7d--100-13c]-9618&noUDP&sock=19590_b065_3>
...
006 (2325790.6904.000) 05/26 20:05:18 Image size of job updated: 293296
	287  -  MemoryUsage of job (MB)
	293148  -  ResidentSetSize of job (KB)
...
006 (2325790.6904.000) 05/26 20:06:52 Image size of job updated: 1909160
	287  -  MemoryUsage of job (MB)
	293148  -  ResidentSetSize of job (KB)
...
005 (2325790.6904.000) 05/26 20:06:53 Job terminated.
	(1) Normal termination (return value 0)
		Usr 0 00:00:34, Sys 0 00:00:01  -  Run Remote Usage
		Usr 0 00:00:00, Sys 0 00:00:00  -  Run Local Usage
		Usr 0 00:00:34, Sys 0 00:00:01  -  Total Remote Usage
		Usr 0 00:00:00, Sys 0 00:00:00  -  Total Local Usage
	8285  -  Run Bytes Sent By Job
	436  -  Run Bytes Received By Job
	8285  -  Total Bytes Sent By Job
	436  -  Total Bytes Received By Job
	Partitionable Resources :    Usage  Request Allocated
	   Cpus                 :                 2         2
	   Disk (KB)            :       29        1   2116758
	   Memory (MB)          :      287     4000      4000
...
