000 (2325790.13034.000) 05/26 19:51:00 Job submitted from host: <137.138.44.75:9618?addrs=137.138.44.75-9618&noUDP&sock=3998_dfba_3>
...
001 (2325790.13034.000) 05/26 20:12:13 Job executing on host: <188.184.204.149:9618?addrs=188.184.204.149-9618+[2001-1458-301-7d--100-84]-9618&noUDP&sock=19712_5ef3_3>
...
006 (2325790.13034.000) 05/26 20:12:22 Image size of job updated: 89404
	88  -  MemoryUsage of job (MB)
	89388  -  ResidentSetSize of job (KB)
...
006 (2325790.13034.000) 05/26 20:13:53 Image size of job updated: 1351916
	88  -  MemoryUsage of job (MB)
	89408  -  ResidentSetSize of job (KB)
...
005 (2325790.13034.000) 05/26 20:13:55 Job terminated.
	(1) Normal termination (return value 0)
		Usr 0 00:00:20, Sys 0 00:00:01  -  Run Remote Usage
		Usr 0 00:00:00, Sys 0 00:00:00  -  Run Local Usage
		Usr 0 00:00:20, Sys 0 00:00:01  -  Total Remote Usage
		Usr 0 00:00:00, Sys 0 00:00:00  -  Total Local Usage
	8251  -  Run Bytes Sent By Job
	436  -  Run Bytes Received By Job
	8251  -  Total Bytes Sent By Job
	436  -  Total Bytes Received By Job
	Partitionable Resources :    Usage  Request Allocated
	   Cpus                 :                 2         2
	   Disk (KB)            :       29        1   2180388
	   Memory (MB)          :       88     4000      4000
...
