000 (2325790.9568.000) 05/26 19:50:50 Job submitted from host: <137.138.44.75:9618?addrs=137.138.44.75-9618&noUDP&sock=3998_dfba_3>
...
001 (2325790.9568.000) 05/26 20:08:21 Job executing on host: <188.184.138.198:9618?addrs=188.184.138.198-9618+[2001-1458-301-45--100-bc]-9618&noUDP&sock=5698_eeba_3>
...
006 (2325790.9568.000) 05/26 20:08:30 Image size of job updated: 80012
	77  -  MemoryUsage of job (MB)
	77924  -  ResidentSetSize of job (KB)
...
006 (2325790.9568.000) 05/26 20:13:30 Image size of job updated: 218208
	214  -  MemoryUsage of job (MB)
	218196  -  ResidentSetSize of job (KB)
...
006 (2325790.9568.000) 05/26 20:18:30 Image size of job updated: 446840
	437  -  MemoryUsage of job (MB)
	446564  -  ResidentSetSize of job (KB)
...
006 (2325790.9568.000) 05/26 20:23:31 Image size of job updated: 684276
	668  -  MemoryUsage of job (MB)
	684000  -  ResidentSetSize of job (KB)
...
005 (2325790.9568.000) 05/26 20:25:00 Job terminated.
	(1) Normal termination (return value 0)
		Usr 0 00:00:37, Sys 0 00:00:02  -  Run Remote Usage
		Usr 0 00:00:00, Sys 0 00:00:00  -  Run Local Usage
		Usr 0 00:00:37, Sys 0 00:00:02  -  Total Remote Usage
		Usr 0 00:00:00, Sys 0 00:00:00  -  Total Local Usage
	9195  -  Run Bytes Sent By Job
	436  -  Run Bytes Received By Job
	9195  -  Total Bytes Sent By Job
	436  -  Total Bytes Received By Job
	Partitionable Resources :    Usage  Request Allocated
	   Cpus                 :                 2         2
	   Disk (KB)            :       49        1   2944402
	   Memory (MB)          :      668     4000      4000
...
