000 (2325790.12273.000) 05/26 19:50:58 Job submitted from host: <137.138.44.75:9618?addrs=137.138.44.75-9618&noUDP&sock=3998_dfba_3>
...
001 (2325790.12273.000) 05/26 20:11:20 Job executing on host: <188.184.207.38:9618?addrs=188.184.207.38-9618+[2001-1458-301-7d--100-308]-9618&noUDP&sock=19526_ca55_3>
...
006 (2325790.12273.000) 05/26 20:11:28 Image size of job updated: 102528
	98  -  MemoryUsage of job (MB)
	99836  -  ResidentSetSize of job (KB)
...
006 (2325790.12273.000) 05/26 20:16:28 Image size of job updated: 200992
	197  -  MemoryUsage of job (MB)
	200976  -  ResidentSetSize of job (KB)
...
006 (2325790.12273.000) 05/26 20:21:30 Image size of job updated: 574904
	562  -  MemoryUsage of job (MB)
	574888  -  ResidentSetSize of job (KB)
...
005 (2325790.12273.000) 05/26 20:23:48 Job terminated.
	(1) Normal termination (return value 0)
		Usr 0 00:00:38, Sys 0 00:00:02  -  Run Remote Usage
		Usr 0 00:00:00, Sys 0 00:00:00  -  Run Local Usage
		Usr 0 00:00:38, Sys 0 00:00:02  -  Total Remote Usage
		Usr 0 00:00:00, Sys 0 00:00:00  -  Total Local Usage
	9198  -  Run Bytes Sent By Job
	436  -  Run Bytes Received By Job
	9198  -  Total Bytes Sent By Job
	436  -  Total Bytes Received By Job
	Partitionable Resources :    Usage  Request Allocated
	   Cpus                 :                 2         2
	   Disk (KB)            :       44        1   2174773
	   Memory (MB)          :      562     4000      4000
...
