000 (2325790.8655.000) 05/26 19:50:47 Job submitted from host: <137.138.44.75:9618?addrs=137.138.44.75-9618&noUDP&sock=3998_dfba_3>
...
001 (2325790.8655.000) 05/26 20:07:22 Job executing on host: <188.184.204.111:9618?addrs=188.184.204.111-9618+[2001-1458-301-7d--100-5f]-9618&noUDP&sock=19612_c77a_3>
...
006 (2325790.8655.000) 05/26 20:07:31 Image size of job updated: 258632
	253  -  MemoryUsage of job (MB)
	258500  -  ResidentSetSize of job (KB)
...
006 (2325790.8655.000) 05/26 20:09:46 Image size of job updated: 258632
	253  -  MemoryUsage of job (MB)
	258640  -  ResidentSetSize of job (KB)
...
005 (2325790.8655.000) 05/26 20:09:47 Job terminated.
	(1) Normal termination (return value 0)
		Usr 0 00:00:47, Sys 0 00:00:02  -  Run Remote Usage
		Usr 0 00:00:00, Sys 0 00:00:00  -  Run Local Usage
		Usr 0 00:00:47, Sys 0 00:00:02  -  Total Remote Usage
		Usr 0 00:00:00, Sys 0 00:00:00  -  Total Local Usage
	9158  -  Run Bytes Sent By Job
	436  -  Run Bytes Received By Job
	9158  -  Total Bytes Sent By Job
	436  -  Total Bytes Received By Job
	Partitionable Resources :    Usage  Request Allocated
	   Cpus                 :                 2         2
	   Disk (KB)            :       31        1   2151701
	   Memory (MB)          :      253     4000      4000
...
