000 (2325790.11466.000) 05/26 19:50:56 Job submitted from host: <137.138.44.75:9618?addrs=137.138.44.75-9618&noUDP&sock=3998_dfba_3>
...
001 (2325790.11466.000) 05/26 20:10:33 Job executing on host: <188.184.206.190:9618?addrs=188.184.206.190-9618+[2001-1458-301-7d--100-260]-9618&noUDP&sock=19555_ae95_3>
...
006 (2325790.11466.000) 05/26 20:10:43 Image size of job updated: 313208
	304  -  MemoryUsage of job (MB)
	310468  -  ResidentSetSize of job (KB)
...
006 (2325790.11466.000) 05/26 20:11:02 Image size of job updated: 313208
	306  -  MemoryUsage of job (MB)
	313128  -  ResidentSetSize of job (KB)
...
005 (2325790.11466.000) 05/26 20:11:07 Job terminated.
	(1) Normal termination (return value 0)
		Usr 0 00:00:21, Sys 0 00:00:01  -  Run Remote Usage
		Usr 0 00:00:00, Sys 0 00:00:00  -  Run Local Usage
		Usr 0 00:00:21, Sys 0 00:00:01  -  Total Remote Usage
		Usr 0 00:00:00, Sys 0 00:00:00  -  Total Local Usage
	8291  -  Run Bytes Sent By Job
	436  -  Run Bytes Received By Job
	8291  -  Total Bytes Sent By Job
	436  -  Total Bytes Received By Job
	Partitionable Resources :    Usage  Request Allocated
	   Cpus                 :                 2         2
	   Disk (KB)            :       27        1   2100653
	   Memory (MB)          :      306     4000      4000
...
