000 (2325790.13256.000) 05/26 19:51:00 Job submitted from host: <137.138.44.75:9618?addrs=137.138.44.75-9618&noUDP&sock=3998_dfba_3>
...
001 (2325790.13256.000) 05/26 20:12:31 Job executing on host: <128.142.96.52:9618?addrs=128.142.96.52-9618+[2001-1458-301-87--100-ca]-9618&noUDP&sock=16961_69e9_3>
...
006 (2325790.13256.000) 05/26 20:12:39 Image size of job updated: 95160
	91  -  MemoryUsage of job (MB)
	92352  -  ResidentSetSize of job (KB)
...
006 (2325790.13256.000) 05/26 20:14:01 Image size of job updated: 169712
	91  -  MemoryUsage of job (MB)
	92352  -  ResidentSetSize of job (KB)
...
005 (2325790.13256.000) 05/26 20:14:01 Job terminated.
	(1) Normal termination (return value 0)
		Usr 0 00:00:38, Sys 0 00:00:01  -  Run Remote Usage
		Usr 0 00:00:00, Sys 0 00:00:00  -  Run Local Usage
		Usr 0 00:00:38, Sys 0 00:00:01  -  Total Remote Usage
		Usr 0 00:00:00, Sys 0 00:00:00  -  Total Local Usage
	9201  -  Run Bytes Sent By Job
	436  -  Run Bytes Received By Job
	9201  -  Total Bytes Sent By Job
	436  -  Total Bytes Received By Job
	Partitionable Resources :    Usage  Request Allocated
	   Cpus                 :                 2         2
	   Disk (KB)            :       29        1   4196408
	   Memory (MB)          :       91     4000      4000
...
