000 (2325790.4347.000) 05/26 19:50:37 Job submitted from host: <137.138.44.75:9618?addrs=137.138.44.75-9618&noUDP&sock=3998_dfba_3>
...
001 (2325790.4347.000) 05/26 20:01:49 Job executing on host: <188.184.204.184:9618?addrs=188.184.204.184-9618+[2001-1458-301-7d--100-a6]-9618&noUDP&sock=19494_d74e_3>
...
006 (2325790.4347.000) 05/26 20:01:57 Image size of job updated: 94368
	90  -  MemoryUsage of job (MB)
	91692  -  ResidentSetSize of job (KB)
...
006 (2325790.4347.000) 05/26 20:05:05 Image size of job updated: 753252
	90  -  MemoryUsage of job (MB)
	91692  -  ResidentSetSize of job (KB)
...
005 (2325790.4347.000) 05/26 20:05:07 Job terminated.
	(1) Normal termination (return value 0)
		Usr 0 00:00:53, Sys 0 00:00:02  -  Run Remote Usage
		Usr 0 00:00:00, Sys 0 00:00:00  -  Run Local Usage
		Usr 0 00:00:53, Sys 0 00:00:02  -  Total Remote Usage
		Usr 0 00:00:00, Sys 0 00:00:00  -  Total Local Usage
	9151  -  Run Bytes Sent By Job
	436  -  Run Bytes Received By Job
	9151  -  Total Bytes Sent By Job
	436  -  Total Bytes Received By Job
	Partitionable Resources :    Usage  Request Allocated
	   Cpus                 :                 2         2
	   Disk (KB)            :       32        1   2148183
	   Memory (MB)          :       90     4000      4000
...
