000 (2325790.1025.000) 05/26 19:50:28 Job submitted from host: <137.138.44.75:9618?addrs=137.138.44.75-9618&noUDP&sock=3998_dfba_3>
...
001 (2325790.1025.000) 05/26 19:58:48 Job executing on host: <188.184.205.74:9618?addrs=188.184.205.74-9618+[2001-1458-301-7d--100-144]-9618&noUDP&sock=19591_5ffd_3>
...
006 (2325790.1025.000) 05/26 19:58:57 Image size of job updated: 95968
	92  -  MemoryUsage of job (MB)
	93292  -  ResidentSetSize of job (KB)
...
006 (2325790.1025.000) 05/26 20:01:02 Image size of job updated: 735648
	92  -  MemoryUsage of job (MB)
	93320  -  ResidentSetSize of job (KB)
...
005 (2325790.1025.000) 05/26 20:01:07 Job terminated.
	(1) Normal termination (return value 0)
		Usr 0 00:00:57, Sys 0 00:00:02  -  Run Remote Usage
		Usr 0 00:00:00, Sys 0 00:00:00  -  Run Local Usage
		Usr 0 00:00:57, Sys 0 00:00:02  -  Total Remote Usage
		Usr 0 00:00:00, Sys 0 00:00:00  -  Total Local Usage
	9196  -  Run Bytes Sent By Job
	436  -  Run Bytes Received By Job
	9196  -  Total Bytes Sent By Job
	436  -  Total Bytes Received By Job
	Partitionable Resources :    Usage  Request Allocated
	   Cpus                 :                 2         2
	   Disk (KB)            :       30        1   2098424
	   Memory (MB)          :       92     4000      4000
...
