000 (2325790.769.000) 05/26 19:50:27 Job submitted from host: <137.138.44.75:9618?addrs=137.138.44.75-9618&noUDP&sock=3998_dfba_3>
...
001 (2325790.769.000) 05/26 19:57:23 Job executing on host: <188.184.206.228:9618?addrs=188.184.206.228-9618+[2001-1458-301-7d--100-2ed]-9618&noUDP&sock=19584_92d4_3>
...
006 (2325790.769.000) 05/26 19:57:32 Image size of job updated: 156820
	154  -  MemoryUsage of job (MB)
	156820  -  ResidentSetSize of job (KB)
...
006 (2325790.769.000) 05/26 19:59:48 Image size of job updated: 656404
	154  -  MemoryUsage of job (MB)
	157000  -  ResidentSetSize of job (KB)
...
005 (2325790.769.000) 05/26 19:59:48 Job terminated.
	(1) Normal termination (return value 0)
		Usr 0 00:00:59, Sys 0 00:00:02  -  Run Remote Usage
		Usr 0 00:00:00, Sys 0 00:00:00  -  Run Local Usage
		Usr 0 00:00:59, Sys 0 00:00:02  -  Total Remote Usage
		Usr 0 00:00:00, Sys 0 00:00:00  -  Total Local Usage
	9190  -  Run Bytes Sent By Job
	436  -  Run Bytes Received By Job
	9190  -  Total Bytes Sent By Job
	436  -  Total Bytes Received By Job
	Partitionable Resources :    Usage  Request Allocated
	   Cpus                 :                 2         2
	   Disk (KB)            :       31        1   2193641
	   Memory (MB)          :      154     4000      4000
...
