000 (2325790.258.000) 05/26 19:50:26 Job submitted from host: <137.138.44.75:9618?addrs=137.138.44.75-9618&noUDP&sock=3998_dfba_3>
...
001 (2325790.258.000) 05/26 19:54:28 Job executing on host: <188.184.204.28:9618?addrs=188.184.204.28-9618+[2001-1458-301-7d--100-2a]-9618&noUDP&sock=19550_409b_3>
...
006 (2325790.258.000) 05/26 19:54:37 Image size of job updated: 169792
	157  -  MemoryUsage of job (MB)
	160684  -  ResidentSetSize of job (KB)
...
006 (2325790.258.000) 05/26 19:56:57 Image size of job updated: 169792
	158  -  MemoryUsage of job (MB)
	161040  -  ResidentSetSize of job (KB)
...
005 (2325790.258.000) 05/26 19:56:58 Job terminated.
	(1) Normal termination (return value 0)
		Usr 0 00:00:58, Sys 0 00:00:02  -  Run Remote Usage
		Usr 0 00:00:00, Sys 0 00:00:00  -  Run Local Usage
		Usr 0 00:00:58, Sys 0 00:00:02  -  Total Remote Usage
		Usr 0 00:00:00, Sys 0 00:00:00  -  Total Local Usage
	9191  -  Run Bytes Sent By Job
	436  -  Run Bytes Received By Job
	9191  -  Total Bytes Sent By Job
	436  -  Total Bytes Received By Job
	Partitionable Resources :    Usage  Request Allocated
	   Cpus                 :                 2         2
	   Disk (KB)            :       31        1   2179551
	   Memory (MB)          :      158     4000      4000
...
