000 (2325790.6251.000) 05/26 19:50:42 Job submitted from host: <137.138.44.75:9618?addrs=137.138.44.75-9618&noUDP&sock=3998_dfba_3>
...
001 (2325790.6251.000) 05/26 20:04:15 Job executing on host: <188.184.207.60:9618?addrs=188.184.207.60-9618+[2001-1458-301-7d--100-340]-9618&noUDP&sock=19514_8f32_3>
...
006 (2325790.6251.000) 05/26 20:04:23 Image size of job updated: 272784
	264  -  MemoryUsage of job (MB)
	270088  -  ResidentSetSize of job (KB)
...
006 (2325790.6251.000) 05/26 20:07:07 Image size of job updated: 713868
	264  -  MemoryUsage of job (MB)
	270316  -  ResidentSetSize of job (KB)
...
005 (2325790.6251.000) 05/26 20:07:07 Job terminated.
	(1) Normal termination (return value 0)
		Usr 0 00:00:58, Sys 0 00:00:02  -  Run Remote Usage
		Usr 0 00:00:00, Sys 0 00:00:00  -  Run Local Usage
		Usr 0 00:00:58, Sys 0 00:00:02  -  Total Remote Usage
		Usr 0 00:00:00, Sys 0 00:00:00  -  Total Local Usage
	9192  -  Run Bytes Sent By Job
	436  -  Run Bytes Received By Job
	9192  -  Total Bytes Sent By Job
	436  -  Total Bytes Received By Job
	Partitionable Resources :    Usage  Request Allocated
	   Cpus                 :                 2         2
	   Disk (KB)            :       31        1   2126084
	   Memory (MB)          :      264     4000      4000
...
