000 (2325790.1266.000) 05/26 19:50:28 Job submitted from host: <137.138.44.75:9618?addrs=137.138.44.75-9618&noUDP&sock=3998_dfba_3>
...
001 (2325790.1266.000) 05/26 20:00:00 Job executing on host: <188.184.167.95:9618?addrs=188.184.167.95-9618+[--1]-9618&noUDP&sock=4671_7ef7_3>
...
006 (2325790.1266.000) 05/26 20:00:08 Image size of job updated: 90352
	65  -  MemoryUsage of job (MB)
	66308  -  ResidentSetSize of job (KB)
...
006 (2325790.1266.000) 05/26 20:01:25 Image size of job updated: 660132
	65  -  MemoryUsage of job (MB)
	66316  -  ResidentSetSize of job (KB)
...
005 (2325790.1266.000) 05/26 20:01:35 Job terminated.
	(1) Normal termination (return value 0)
		Usr 0 00:00:56, Sys 0 00:00:02  -  Run Remote Usage
		Usr 0 00:00:00, Sys 0 00:00:00  -  Run Local Usage
		Usr 0 00:00:56, Sys 0 00:00:02  -  Total Remote Usage
		Usr 0 00:00:00, Sys 0 00:00:00  -  Total Local Usage
	9188  -  Run Bytes Sent By Job
	436  -  Run Bytes Received By Job
	9188  -  Total Bytes Sent By Job
	436  -  Total Bytes Received By Job
	Partitionable Resources :    Usage  Request Allocated
	   Cpus                 :                 2         2
	   Disk (KB)            :       29        1   1776604
	   Memory (MB)          :       65     4000      4000
...
