000 (2325790.4262.000) 05/26 19:50:37 Job submitted from host: <137.138.44.75:9618?addrs=137.138.44.75-9618&noUDP&sock=3998_dfba_3>
...
001 (2325790.4262.000) 05/26 20:01:43 Job executing on host: <188.184.167.95:9618?addrs=188.184.167.95-9618+[--1]-9618&noUDP&sock=4671_7ef7_3>
...
006 (2325790.4262.000) 05/26 20:01:52 Image size of job updated: 96420
	92  -  MemoryUsage of job (MB)
	93612  -  ResidentSetSize of job (KB)
...
006 (2325790.4262.000) 05/26 20:03:59 Image size of job updated: 1896900
	92  -  MemoryUsage of job (MB)
	93612  -  ResidentSetSize of job (KB)
...
005 (2325790.4262.000) 05/26 20:04:00 Job terminated.
	(1) Normal termination (return value 0)
		Usr 0 00:00:57, Sys 0 00:00:03  -  Run Remote Usage
		Usr 0 00:00:00, Sys 0 00:00:00  -  Run Local Usage
		Usr 0 00:00:57, Sys 0 00:00:03  -  Total Remote Usage
		Usr 0 00:00:00, Sys 0 00:00:00  -  Total Local Usage
	9189  -  Run Bytes Sent By Job
	436  -  Run Bytes Received By Job
	9189  -  Total Bytes Sent By Job
	436  -  Total Bytes Received By Job
	Partitionable Resources :    Usage  Request Allocated
	   Cpus                 :                 2         2
	   Disk (KB)            :       30        1   1776604
	   Memory (MB)          :       92     4000      4000
...
