000 (2325790.722.000) 05/26 19:50:27 Job submitted from host: <137.138.44.75:9618?addrs=137.138.44.75-9618&noUDP&sock=3998_dfba_3>
...
001 (2325790.722.000) 05/26 19:57:05 Job executing on host: <188.184.206.103:9618?addrs=188.184.206.103-9618+[2001-1458-301-7d--100-256]-9618&noUDP&sock=19618_e50c_3>
...
006 (2325790.722.000) 05/26 19:57:13 Image size of job updated: 259220
	251  -  MemoryUsage of job (MB)
	256480  -  ResidentSetSize of job (KB)
...
006 (2325790.722.000) 05/26 19:57:55 Image size of job updated: 650076
	251  -  MemoryUsage of job (MB)
	256636  -  ResidentSetSize of job (KB)
...
005 (2325790.722.000) 05/26 19:57:55 Job terminated.
	(1) Normal termination (return value 0)
		Usr 0 00:00:38, Sys 0 00:00:02  -  Run Remote Usage
		Usr 0 00:00:00, Sys 0 00:00:00  -  Run Local Usage
		Usr 0 00:00:38, Sys 0 00:00:02  -  Total Remote Usage
		Usr 0 00:00:00, Sys 0 00:00:00  -  Total Local Usage
	8284  -  Run Bytes Sent By Job
	436  -  Run Bytes Received By Job
	8284  -  Total Bytes Sent By Job
	436  -  Total Bytes Received By Job
	Partitionable Resources :    Usage  Request Allocated
	   Cpus                 :                 2         2
	   Disk (KB)            :       28        1   2200009
	   Memory (MB)          :      251     4000      4000
...
