000 (2325790.9237.000) 05/26 19:50:49 Job submitted from host: <137.138.44.75:9618?addrs=137.138.44.75-9618&noUDP&sock=3998_dfba_3>
...
001 (2325790.9237.000) 05/26 20:07:56 Job executing on host: <128.142.240.245:9618?addrs=128.142.240.245-9618+[2001-1458-301-9--100-77]-9618&noUDP&sock=18179_dc43_3>
...
006 (2325790.9237.000) 05/26 20:08:05 Image size of job updated: 304448
	295  -  MemoryUsage of job (MB)
	301816  -  ResidentSetSize of job (KB)
...
006 (2325790.9237.000) 05/26 20:08:39 Image size of job updated: 304448
	295  -  MemoryUsage of job (MB)
	301824  -  ResidentSetSize of job (KB)
...
005 (2325790.9237.000) 05/26 20:08:41 Job terminated.
	(1) Normal termination (return value 0)
		Usr 0 00:00:31, Sys 0 00:00:01  -  Run Remote Usage
		Usr 0 00:00:00, Sys 0 00:00:00  -  Run Local Usage
		Usr 0 00:00:31, Sys 0 00:00:01  -  Total Remote Usage
		Usr 0 00:00:00, Sys 0 00:00:00  -  Total Local Usage
	9193  -  Run Bytes Sent By Job
	436  -  Run Bytes Received By Job
	9193  -  Total Bytes Sent By Job
	436  -  Total Bytes Received By Job
	Partitionable Resources :    Usage  Request Allocated
	   Cpus                 :                 2         2
	   Disk (KB)            :       29        1   3074427
	   Memory (MB)          :      295     4000      4000
...
