000 (2325790.5031.000) 05/26 19:50:39 Job submitted from host: <137.138.44.75:9618?addrs=137.138.44.75-9618&noUDP&sock=3998_dfba_3>
...
001 (2325790.5031.000) 05/26 20:02:40 Job executing on host: <188.184.206.171:9618?addrs=188.184.206.171-9618+[2001-1458-301-7d--100-2c9]-9618&noUDP&sock=19673_9ec1_3>
...
006 (2325790.5031.000) 05/26 20:02:49 Image size of job updated: 209508
	202  -  MemoryUsage of job (MB)
	206716  -  ResidentSetSize of job (KB)
...
006 (2325790.5031.000) 05/26 20:05:12 Image size of job updated: 710916
	203  -  MemoryUsage of job (MB)
	206936  -  ResidentSetSize of job (KB)
...
005 (2325790.5031.000) 05/26 20:05:12 Job terminated.
	(1) Normal termination (return value 0)
		Usr 0 00:00:59, Sys 0 00:00:02  -  Run Remote Usage
		Usr 0 00:00:00, Sys 0 00:00:00  -  Run Local Usage
		Usr 0 00:00:59, Sys 0 00:00:02  -  Total Remote Usage
		Usr 0 00:00:00, Sys 0 00:00:00  -  Total Local Usage
	9193  -  Run Bytes Sent By Job
	436  -  Run Bytes Received By Job
	9193  -  Total Bytes Sent By Job
	436  -  Total Bytes Received By Job
	Partitionable Resources :    Usage  Request Allocated
	   Cpus                 :                 2         2
	   Disk (KB)            :       31        1   2180700
	   Memory (MB)          :      203     4000      4000
...
