000 (2325790.13052.000) 05/26 19:51:00 Job submitted from host: <137.138.44.75:9618?addrs=137.138.44.75-9618&noUDP&sock=3998_dfba_3>
...
001 (2325790.13052.000) 05/26 20:12:14 Job executing on host: <188.184.207.26:9618?addrs=188.184.207.26-9618+[2001-1458-301-7d--100-32e]-9618&noUDP&sock=19564_daef_3>
...
006 (2325790.13052.000) 05/26 20:12:23 Image size of job updated: 286328
	277  -  MemoryUsage of job (MB)
	283536  -  ResidentSetSize of job (KB)
...
006 (2325790.13052.000) 05/26 20:13:08 Image size of job updated: 286328
	279  -  MemoryUsage of job (MB)
	285040  -  ResidentSetSize of job (KB)
...
005 (2325790.13052.000) 05/26 20:13:19 Job terminated.
	(1) Normal termination (return value 0)
		Usr 0 00:00:40, Sys 0 00:00:02  -  Run Remote Usage
		Usr 0 00:00:00, Sys 0 00:00:00  -  Run Local Usage
		Usr 0 00:00:40, Sys 0 00:00:02  -  Total Remote Usage
		Usr 0 00:00:00, Sys 0 00:00:00  -  Total Local Usage
	9196  -  Run Bytes Sent By Job
	436  -  Run Bytes Received By Job
	9196  -  Total Bytes Sent By Job
	436  -  Total Bytes Received By Job
	Partitionable Resources :    Usage  Request Allocated
	   Cpus                 :                 2         2
	   Disk (KB)            :       29        1   2099577
	   Memory (MB)          :      279     4000      4000
...
