000 (2325790.14542.000) 05/26 19:51:03 Job submitted from host: <137.138.44.75:9618?addrs=137.138.44.75-9618&noUDP&sock=3998_dfba_3>
...
001 (2325790.14542.000) 05/26 20:14:05 Job executing on host: <128.142.133.247:9618?addrs=128.142.133.247-9618+[2001-1458-301-32--100-f1]-9618&noUDP&sock=4734_b56e_3>
...
006 (2325790.14542.000) 05/26 20:14:13 Image size of job updated: 92604
	91  -  MemoryUsage of job (MB)
	92596  -  ResidentSetSize of job (KB)
...
006 (2325790.14542.000) 05/26 20:16:03 Image size of job updated: 126368
	91  -  MemoryUsage of job (MB)
	92740  -  ResidentSetSize of job (KB)
...
005 (2325790.14542.000) 05/26 20:16:03 Job terminated.
	(1) Normal termination (return value 0)
		Usr 0 00:00:36, Sys 0 00:00:01  -  Run Remote Usage
		Usr 0 00:00:00, Sys 0 00:00:00  -  Run Local Usage
		Usr 0 00:00:36, Sys 0 00:00:01  -  Total Remote Usage
		Usr 0 00:00:00, Sys 0 00:00:00  -  Total Local Usage
	9197  -  Run Bytes Sent By Job
	436  -  Run Bytes Received By Job
	9197  -  Total Bytes Sent By Job
	436  -  Total Bytes Received By Job
	Partitionable Resources :    Usage  Request Allocated
	   Cpus                 :                 2         2
	   Disk (KB)            :       30        1   2195433
	   Memory (MB)          :       91     4000      4000
...
