000 (2325790.054.000) 05/26 19:50:25 Job submitted from host: <137.138.44.75:9618?addrs=137.138.44.75-9618&noUDP&sock=3998_dfba_3>
...
001 (2325790.054.000) 05/26 19:53:07 Job executing on host: <188.184.204.83:9618?addrs=188.184.204.83-9618+[2001-1458-301-7d--100-3a]-9618&noUDP&sock=19477_2e31_3>
...
006 (2325790.054.000) 05/26 19:53:16 Image size of job updated: 225576
	218  -  MemoryUsage of job (MB)
	222768  -  ResidentSetSize of job (KB)
...
006 (2325790.054.000) 05/26 19:55:02 Image size of job updated: 694128
	218  -  MemoryUsage of job (MB)
	223092  -  ResidentSetSize of job (KB)
...
005 (2325790.054.000) 05/26 19:55:02 Job terminated.
	(1) Normal termination (return value 0)
		Usr 0 00:00:44, Sys 0 00:00:02  -  Run Remote Usage
		Usr 0 00:00:00, Sys 0 00:00:00  -  Run Local Usage
		Usr 0 00:00:44, Sys 0 00:00:02  -  Total Remote Usage
		Usr 0 00:00:00, Sys 0 00:00:00  -  Total Local Usage
	9187  -  Run Bytes Sent By Job
	436  -  Run Bytes Received By Job
	9187  -  Total Bytes Sent By Job
	436  -  Total Bytes Received By Job
	Partitionable Resources :    Usage  Request Allocated
	   Cpus                 :                 2         2
	   Disk (KB)            :       30        1   2221634
	   Memory (MB)          :      218     4000      4000
...
