000 (2325790.1624.000) 05/26 19:50:29 Job submitted from host: <137.138.44.75:9618?addrs=137.138.44.75-9618&noUDP&sock=3998_dfba_3>
...
001 (2325790.1624.000) 05/26 19:56:31 Job executing on host: <188.184.206.124:9618?addrs=188.184.206.124-9618+[--1]-9618&noUDP&sock=4705_d12f_3>
...
006 (2325790.1624.000) 05/26 19:56:40 Image size of job updated: 282108
	273  -  MemoryUsage of job (MB)
	279392  -  ResidentSetSize of job (KB)
...
006 (2325790.1624.000) 05/26 19:57:42 Image size of job updated: 654100
	273  -  MemoryUsage of job (MB)
	279392  -  ResidentSetSize of job (KB)
...
005 (2325790.1624.000) 05/26 19:57:43 Job terminated.
	(1) Normal termination (return value 0)
		Usr 0 00:00:56, Sys 0 00:00:02  -  Run Remote Usage
		Usr 0 00:00:00, Sys 0 00:00:00  -  Run Local Usage
		Usr 0 00:00:56, Sys 0 00:00:02  -  Total Remote Usage
		Usr 0 00:00:00, Sys 0 00:00:00  -  Total Local Usage
	9151  -  Run Bytes Sent By Job
	436  -  Run Bytes Received By Job
	9151  -  Total Bytes Sent By Job
	436  -  Total Bytes Received By Job
	Partitionable Resources :    Usage  Request Allocated
	   Cpus                 :                 2         2
	   Disk (KB)            :       29        1   2182921
	   Memory (MB)          :      273     4000      4000
...
