000 (2325790.13120.000) 05/26 19:51:00 Job submitted from host: <137.138.44.75:9618?addrs=137.138.44.75-9618&noUDP&sock=3998_dfba_3>
...
001 (2325790.13120.000) 05/26 20:12:19 Job executing on host: <188.184.206.208:9618?addrs=188.184.206.208-9618+[2001-1458-301-7d--100-2e6]-9618&noUDP&sock=19659_046e_3>
...
006 (2325790.13120.000) 05/26 20:12:28 Image size of job updated: 245708
	238  -  MemoryUsage of job (MB)
	243032  -  ResidentSetSize of job (KB)
...
006 (2325790.13120.000) 05/26 20:13:14 Image size of job updated: 245708
	238  -  MemoryUsage of job (MB)
	243212  -  ResidentSetSize of job (KB)
...
005 (2325790.13120.000) 05/26 20:13:24 Job terminated.
	(1) Normal termination (return value 0)
		Usr 0 00:00:41, Sys 0 00:00:02  -  Run Remote Usage
		Usr 0 00:00:00, Sys 0 00:00:00  -  Run Local Usage
		Usr 0 00:00:41, Sys 0 00:00:02  -  Total Remote Usage
		Usr 0 00:00:00, Sys 0 00:00:00  -  Total Local Usage
	9198  -  Run Bytes Sent By Job
	436  -  Run Bytes Received By Job
	9198  -  Total Bytes Sent By Job
	436  -  Total Bytes Received By Job
	Partitionable Resources :    Usage  Request Allocated
	   Cpus                 :                 2         2
	   Disk (KB)            :       29        1   2132251
	   Memory (MB)          :      238     4000      4000
...
