000 (2325790.12996.000) 05/26 19:51:00 Job submitted from host: <137.138.44.75:9618?addrs=137.138.44.75-9618&noUDP&sock=3998_dfba_3>
...
001 (2325790.12996.000) 05/26 20:12:13 Job executing on host: <188.184.205.96:9618?addrs=188.184.205.96-9618+[2001-1458-301-7d--100-13e]-9618&noUDP&sock=21616_5b45_3>
...
006 (2325790.12996.000) 05/26 20:12:22 Image size of job updated: 97508
	93  -  MemoryUsage of job (MB)
	94780  -  ResidentSetSize of job (KB)
...
005 (2325790.12996.000) 05/26 20:14:12 Job terminated.
	(1) Normal termination (return value 0)
		Usr 0 00:00:45, Sys 0 00:00:02  -  Run Remote Usage
		Usr 0 00:00:00, Sys 0 00:00:00  -  Run Local Usage
		Usr 0 00:00:45, Sys 0 00:00:02  -  Total Remote Usage
		Usr 0 00:00:00, Sys 0 00:00:00  -  Total Local Usage
	9158  -  Run Bytes Sent By Job
	436  -  Run Bytes Received By Job
	9158  -  Total Bytes Sent By Job
	436  -  Total Bytes Received By Job
	Partitionable Resources :    Usage  Request Allocated
	   Cpus                 :                 2         2
	   Disk (KB)            :       30        1   2201704
	   Memory (MB)          :       93     4000      4000
...
