000 (2325790.1854.000) 05/26 19:50:30 Job submitted from host: <137.138.44.75:9618?addrs=137.138.44.75-9618&noUDP&sock=3998_dfba_3>
...
001 (2325790.1854.000) 05/26 19:57:09 Job executing on host: <188.184.205.31:9618?addrs=188.184.205.31-9618+[2001-1458-301-7d--100-122]-9618&noUDP&sock=19563_2b56_3>
...
006 (2325790.1854.000) 05/26 19:57:17 Image size of job updated: 92416
	88  -  MemoryUsage of job (MB)
	89608  -  ResidentSetSize of job (KB)
...
006 (2325790.1854.000) 05/26 20:00:47 Image size of job updated: 1965344
	88  -  MemoryUsage of job (MB)
	89608  -  ResidentSetSize of job (KB)
...
005 (2325790.1854.000) 05/26 20:00:56 Job terminated.
	(1) Normal termination (return value 0)
		Usr 0 00:00:39, Sys 0 00:00:02  -  Run Remote Usage
		Usr 0 00:00:00, Sys 0 00:00:00  -  Run Local Usage
		Usr 0 00:00:39, Sys 0 00:00:02  -  Total Remote Usage
		Usr 0 00:00:00, Sys 0 00:00:00  -  Total Local Usage
	8286  -  Run Bytes Sent By Job
	436  -  Run Bytes Received By Job
	8286  -  Total Bytes Sent By Job
	436  -  Total Bytes Received By Job
	Partitionable Resources :    Usage  Request Allocated
	   Cpus                 :                 2         2
	   Disk (KB)            :       31        1   2152079
	   Memory (MB)          :       88     4000      4000
...
