000 (2325790.1239.000) 05/26 19:50:28 Job submitted from host: <137.138.44.75:9618?addrs=137.138.44.75-9618&noUDP&sock=3998_dfba_3>
...
001 (2325790.1239.000) 05/26 19:54:08 Job executing on host: <137.138.46.80:9618?addrs=137.138.46.80-9618+[2001-1458-d00-24--3c]-9618&noUDP&sock=4583_22a1_3>
...
006 (2325790.1239.000) 05/26 19:54:17 Image size of job updated: 287576
	279  -  MemoryUsage of job (MB)
	284768  -  ResidentSetSize of job (KB)
...
006 (2325790.1239.000) 05/26 19:55:19 Image size of job updated: 664360
	279  -  MemoryUsage of job (MB)
	284916  -  ResidentSetSize of job (KB)
...
005 (2325790.1239.000) 05/26 19:55:19 Job terminated.
	(1) Normal termination (return value 0)
		Usr 0 00:00:53, Sys 0 00:00:02  -  Run Remote Usage
		Usr 0 00:00:00, Sys 0 00:00:00  -  Run Local Usage
		Usr 0 00:00:53, Sys 0 00:00:02  -  Total Remote Usage
		Usr 0 00:00:00, Sys 0 00:00:00  -  Total Local Usage
	9191  -  Run Bytes Sent By Job
	436  -  Run Bytes Received By Job
	9191  -  Total Bytes Sent By Job
	436  -  Total Bytes Received By Job
	Partitionable Resources :    Usage  Request Allocated
	   Cpus                 :                 2         2
	   Disk (KB)            :       29        1   1818284
	   Memory (MB)          :      279     4000      4000
...
