000 (2325790.11385.000) 05/26 19:50:56 Job submitted from host: <137.138.44.75:9618?addrs=137.138.44.75-9618&noUDP&sock=3998_dfba_3>
...
001 (2325790.11385.000) 05/26 20:10:29 Job executing on host: <188.184.204.64:9618?addrs=188.184.204.64-9618+[2001-1458-301-7d--100-29]-9618&noUDP&sock=23804_247d_3>
...
006 (2325790.11385.000) 05/26 20:10:39 Image size of job updated: 314520
	305  -  MemoryUsage of job (MB)
	311728  -  ResidentSetSize of job (KB)
...
006 (2325790.11385.000) 05/26 20:10:58 Image size of job updated: 314520
	305  -  MemoryUsage of job (MB)
	311736  -  ResidentSetSize of job (KB)
...
005 (2325790.11385.000) 05/26 20:11:05 Job terminated.
	(1) Normal termination (return value 0)
		Usr 0 00:00:20, Sys 0 00:00:01  -  Run Remote Usage
		Usr 0 00:00:00, Sys 0 00:00:00  -  Run Local Usage
		Usr 0 00:00:20, Sys 0 00:00:01  -  Total Remote Usage
		Usr 0 00:00:00, Sys 0 00:00:00  -  Total Local Usage
	8291  -  Run Bytes Sent By Job
	436  -  Run Bytes Received By Job
	8291  -  Total Bytes Sent By Job
	436  -  Total Bytes Received By Job
	Partitionable Resources :    Usage  Request Allocated
	   Cpus                 :                 2         2
	   Disk (KB)            :       27        1   2218006
	   Memory (MB)          :      305     4000      4000
...
