000 (2325790.6639.000) 05/26 19:50:43 Job submitted from host: <137.138.44.75:9618?addrs=137.138.44.75-9618&noUDP&sock=3998_dfba_3>
...
001 (2325790.6639.000) 05/26 20:04:46 Job executing on host: <188.184.206.148:9618?addrs=188.184.206.148-9618+[2001-1458-301-7d--100-311]-9618&noUDP&sock=19540_64a9_3>
...
006 (2325790.6639.000) 05/26 20:04:55 Image size of job updated: 286604
	278  -  MemoryUsage of job (MB)
	283812  -  ResidentSetSize of job (KB)
...
006 (2325790.6639.000) 05/26 20:07:21 Image size of job updated: 735196
	278  -  MemoryUsage of job (MB)
	284024  -  ResidentSetSize of job (KB)
...
005 (2325790.6639.000) 05/26 20:07:22 Job terminated.
	(1) Normal termination (return value 0)
		Usr 0 00:00:59, Sys 0 00:00:03  -  Run Remote Usage
		Usr 0 00:00:00, Sys 0 00:00:00  -  Run Local Usage
		Usr 0 00:00:59, Sys 0 00:00:03  -  Total Remote Usage
		Usr 0 00:00:00, Sys 0 00:00:00  -  Total Local Usage
	9154  -  Run Bytes Sent By Job
	436  -  Run Bytes Received By Job
	9154  -  Total Bytes Sent By Job
	436  -  Total Bytes Received By Job
	Partitionable Resources :    Usage  Request Allocated
	   Cpus                 :                 2         2
	   Disk (KB)            :       31        1   2130590
	   Memory (MB)          :      278     4000      4000
...
