000 (2325790.3311.000) 05/26 19:50:34 Job submitted from host: <137.138.44.75:9618?addrs=137.138.44.75-9618&noUDP&sock=3998_dfba_3>
...
001 (2325790.3311.000) 05/26 19:59:50 Job executing on host: <188.184.205.75:9618?addrs=188.184.205.75-9618+[2001-1458-301-7d--100-222]-9618&noUDP&sock=19590_b065_3>
...
006 (2325790.3311.000) 05/26 19:59:58 Image size of job updated: 268072
	260  -  MemoryUsage of job (MB)
	265332  -  ResidentSetSize of job (KB)
...
006 (2325790.3311.000) 05/26 20:01:04 Image size of job updated: 744168
	260  -  MemoryUsage of job (MB)
	265332  -  ResidentSetSize of job (KB)
...
005 (2325790.3311.000) 05/26 20:01:09 Job terminated.
	(1) Normal termination (return value 0)
		Usr 0 00:00:56, Sys 0 00:00:02  -  Run Remote Usage
		Usr 0 00:00:00, Sys 0 00:00:00  -  Run Local Usage
		Usr 0 00:00:56, Sys 0 00:00:02  -  Total Remote Usage
		Usr 0 00:00:00, Sys 0 00:00:00  -  Total Local Usage
	9192  -  Run Bytes Sent By Job
	436  -  Run Bytes Received By Job
	9192  -  Total Bytes Sent By Job
	436  -  Total Bytes Received By Job
	Partitionable Resources :    Usage  Request Allocated
	   Cpus                 :                 2         2
	   Disk (KB)            :       29        1   2103206
	   Memory (MB)          :      260     4000      4000
...
