000 (2325790.1395.000) 05/26 19:50:29 Job submitted from host: <137.138.44.75:9618?addrs=137.138.44.75-9618&noUDP&sock=3998_dfba_3>
...
001 (2325790.1395.000) 05/26 19:55:09 Job executing on host: <188.184.206.114:9618?addrs=188.184.206.114-9618+[2001-1458-301-7d--100-270]-9618&noUDP&sock=19544_230a_3>
...
006 (2325790.1395.000) 05/26 19:55:18 Image size of job updated: 301896
	294  -  MemoryUsage of job (MB)
	300632  -  ResidentSetSize of job (KB)
...
006 (2325790.1395.000) 05/26 19:55:57 Image size of job updated: 646756
	294  -  MemoryUsage of job (MB)
	300632  -  ResidentSetSize of job (KB)
...
005 (2325790.1395.000) 05/26 19:55:57 Job terminated.
	(1) Normal termination (return value 0)
		Usr 0 00:00:40, Sys 0 00:00:01  -  Run Remote Usage
		Usr 0 00:00:00, Sys 0 00:00:00  -  Run Local Usage
		Usr 0 00:00:40, Sys 0 00:00:01  -  Total Remote Usage
		Usr 0 00:00:00, Sys 0 00:00:00  -  Total Local Usage
	8286  -  Run Bytes Sent By Job
	436  -  Run Bytes Received By Job
	8286  -  Total Bytes Sent By Job
	436  -  Total Bytes Received By Job
	Partitionable Resources :    Usage  Request Allocated
	   Cpus                 :                 2         2
	   Disk (KB)            :       28        1   2205023
	   Memory (MB)          :      294     4000      4000
...
