000 (2325790.10047.000) 05/26 19:50:51 Job submitted from host: <137.138.44.75:9618?addrs=137.138.44.75-9618&noUDP&sock=3998_dfba_3>
...
001 (2325790.10047.000) 05/26 20:09:02 Job executing on host: <188.184.207.39:9618?addrs=188.184.207.39-9618+[2001-1458-301-7d--100-342]-9618&noUDP&sock=19645_6a1b_3>
...
006 (2325790.10047.000) 05/26 20:09:11 Image size of job updated: 317452
	310  -  MemoryUsage of job (MB)
	317436  -  ResidentSetSize of job (KB)
...
006 (2325790.10047.000) 05/26 20:09:52 Image size of job updated: 317452
	311  -  MemoryUsage of job (MB)
	317688  -  ResidentSetSize of job (KB)
...
005 (2325790.10047.000) 05/26 20:09:53 Job terminated.
	(1) Normal termination (return value 0)
		Usr 0 00:00:38, Sys 0 00:00:02  -  Run Remote Usage
		Usr 0 00:00:00, Sys 0 00:00:00  -  Run Local Usage
		Usr 0 00:00:38, Sys 0 00:00:02  -  Total Remote Usage
		Usr 0 00:00:00, Sys 0 00:00:00  -  Total Local Usage
	9117  -  Run Bytes Sent By Job
	436  -  Run Bytes Received By Job
	9117  -  Total Bytes Sent By Job
	436  -  Total Bytes Received By Job
	Partitionable Resources :    Usage  Request Allocated
	   Cpus                 :                 2         2
	   Disk (KB)            :       29        1   2168940
	   Memory (MB)          :      311     4000      4000
...
