000 (2325790.9827.000) 05/26 19:50:50 Job submitted from host: <137.138.44.75:9618?addrs=137.138.44.75-9618&noUDP&sock=3998_dfba_3>
...
001 (2325790.9827.000) 05/26 20:08:39 Job executing on host: <188.184.206.137:9618?addrs=188.184.206.137-9618+[--1]-9618&noUDP&sock=4696_a4d5_3>
...
006 (2325790.9827.000) 05/26 20:08:48 Image size of job updated: 90212
	89  -  MemoryUsage of job (MB)
	90144  -  ResidentSetSize of job (KB)
...
006 (2325790.9827.000) 05/26 20:10:21 Image size of job updated: 94740
	89  -  MemoryUsage of job (MB)
	90192  -  ResidentSetSize of job (KB)
...
005 (2325790.9827.000) 05/26 20:10:30 Job terminated.
	(1) Normal termination (return value 0)
		Usr 0 00:00:38, Sys 0 00:00:02  -  Run Remote Usage
		Usr 0 00:00:00, Sys 0 00:00:00  -  Run Local Usage
		Usr 0 00:00:38, Sys 0 00:00:02  -  Total Remote Usage
		Usr 0 00:00:00, Sys 0 00:00:00  -  Total Local Usage
	9199  -  Run Bytes Sent By Job
	436  -  Run Bytes Received By Job
	9199  -  Total Bytes Sent By Job
	436  -  Total Bytes Received By Job
	Partitionable Resources :    Usage  Request Allocated
	   Cpus                 :                 2         2
	   Disk (KB)            :       30        1   2120566
	   Memory (MB)          :       89     4000      4000
...
