000 (2325790.5195.000) 05/26 19:50:39 Job submitted from host: <137.138.44.75:9618?addrs=137.138.44.75-9618&noUDP&sock=3998_dfba_3>
...
001 (2325790.5195.000) 05/26 20:02:55 Job executing on host: <188.184.204.117:9618?addrs=188.184.204.117-9618+[2001-1458-301-7d--100-69]-9618&noUDP&sock=4680_ab51_3>
...
006 (2325790.5195.000) 05/26 20:03:03 Image size of job updated: 87464
	86  -  MemoryUsage of job (MB)
	87396  -  ResidentSetSize of job (KB)
...
006 (2325790.5195.000) 05/26 20:06:28 Image size of job updated: 733476
	86  -  MemoryUsage of job (MB)
	87396  -  ResidentSetSize of job (KB)
...
005 (2325790.5195.000) 05/26 20:06:37 Job terminated.
	(1) Normal termination (return value 0)
		Usr 0 00:00:57, Sys 0 00:00:03  -  Run Remote Usage
		Usr 0 00:00:00, Sys 0 00:00:00  -  Run Local Usage
		Usr 0 00:00:57, Sys 0 00:00:03  -  Total Remote Usage
		Usr 0 00:00:00, Sys 0 00:00:00  -  Total Local Usage
	9192  -  Run Bytes Sent By Job
	436  -  Run Bytes Received By Job
	9192  -  Total Bytes Sent By Job
	436  -  Total Bytes Received By Job
	Partitionable Resources :    Usage  Request Allocated
	   Cpus                 :                 2         2
	   Disk (KB)            :       32        1   2114458
	   Memory (MB)          :       86     4000      4000
...
