000 (2325790.2334.000) 05/26 19:50:31 Job submitted from host: <137.138.44.75:9618?addrs=137.138.44.75-9618&noUDP&sock=3998_dfba_3>
...
001 (2325790.2334.000) 05/26 19:58:34 Job executing on host: <188.184.204.108:9618?addrs=188.184.204.108-9618+[2001-1458-301-7d--100-4f]-9618&noUDP&sock=19700_23d0_3>
...
006 (2325790.2334.000) 05/26 19:58:43 Image size of job updated: 268644
	260  -  MemoryUsage of job (MB)
	265836  -  ResidentSetSize of job (KB)
...
006 (2325790.2334.000) 05/26 20:01:11 Image size of job updated: 730712
	261  -  MemoryUsage of job (MB)
	266252  -  ResidentSetSize of job (KB)
...
005 (2325790.2334.000) 05/26 20:01:17 Job terminated.
	(1) Normal termination (return value 0)
		Usr 0 00:00:58, Sys 0 00:00:03  -  Run Remote Usage
		Usr 0 00:00:00, Sys 0 00:00:00  -  Run Local Usage
		Usr 0 00:00:58, Sys 0 00:00:03  -  Total Remote Usage
		Usr 0 00:00:00, Sys 0 00:00:00  -  Total Local Usage
	9192  -  Run Bytes Sent By Job
	436  -  Run Bytes Received By Job
	9192  -  Total Bytes Sent By Job
	436  -  Total Bytes Received By Job
	Partitionable Resources :    Usage  Request Allocated
	   Cpus                 :                 2         2
	   Disk (KB)            :       31        1   2211650
	   Memory (MB)          :      261     4000      4000
...
