000 (2325790.14512.000) 05/26 19:51:03 Job submitted from host: <137.138.44.75:9618?addrs=137.138.44.75-9618&noUDP&sock=3998_dfba_3>
...
001 (2325790.14512.000) 05/26 20:14:02 Job executing on host: <128.142.100.147:9618?addrs=128.142.100.147-9618+[2001-1458-301-89--100-7d]-9618&noUDP&sock=15985_f57a_3>
...
006 (2325790.14512.000) 05/26 20:14:11 Image size of job updated: 102900
	98  -  MemoryUsage of job (MB)
	100160  -  ResidentSetSize of job (KB)
...
006 (2325790.14512.000) 05/26 20:19:12 Image size of job updated: 167452
	161  -  MemoryUsage of job (MB)
	164660  -  ResidentSetSize of job (KB)
...
006 (2325790.14512.000) 05/26 20:24:12 Image size of job updated: 452916
	440  -  MemoryUsage of job (MB)
	450124  -  ResidentSetSize of job (KB)
...
006 (2325790.14512.000) 05/26 20:25:43 Image size of job updated: 1445928
	440  -  MemoryUsage of job (MB)
	450124  -  ResidentSetSize of job (KB)
...
005 (2325790.14512.000) 05/26 20:25:43 Job terminated.
	(1) Normal termination (return value 0)
		Usr 0 00:00:36, Sys 0 00:00:01  -  Run Remote Usage
		Usr 0 00:00:00, Sys 0 00:00:00  -  Run Local Usage
		Usr 0 00:00:36, Sys 0 00:00:01  -  Total Remote Usage
		Usr 0 00:00:00, Sys 0 00:00:00  -  Total Local Usage
	9207  -  Run Bytes Sent By Job
	436  -  Run Bytes Received By Job
	9207  -  Total Bytes Sent By Job
	436  -  Total Bytes Received By Job
	Partitionable Resources :    Usage  Request Allocated
	   Cpus                 :                 2         2
	   Disk (KB)            :       42        1   2135865
	   Memory (MB)          :      440     4000      4000
...
