000 (2325790.12955.000) 05/26 19:51:00 Job submitted from host: <137.138.44.75:9618?addrs=137.138.44.75-9618&noUDP&sock=3998_dfba_3>
...
001 (2325790.12955.000) 05/26 20:12:08 Job executing on host: <188.184.186.238:9618?addrs=188.184.186.238-9618+[2001-1458-301-f8--100-d9]-9618&noUDP&sock=16626_a1af_3>
...
006 (2325790.12955.000) 05/26 20:12:18 Image size of job updated: 95176
	91  -  MemoryUsage of job (MB)
	92436  -  ResidentSetSize of job (KB)
...
006 (2325790.12955.000) 05/26 20:14:06 Image size of job updated: 227260
	91  -  MemoryUsage of job (MB)
	92580  -  ResidentSetSize of job (KB)
...
005 (2325790.12955.000) 05/26 20:14:06 Job terminated.
	(1) Normal termination (return value 0)
		Usr 0 00:00:37, Sys 0 00:00:01  -  Run Remote Usage
		Usr 0 00:00:00, Sys 0 00:00:00  -  Run Local Usage
		Usr 0 00:00:37, Sys 0 00:00:01  -  Total Remote Usage
		Usr 0 00:00:00, Sys 0 00:00:00  -  Total Local Usage
	9195  -  Run Bytes Sent By Job
	436  -  Run Bytes Received By Job
	9195  -  Total Bytes Sent By Job
	436  -  Total Bytes Received By Job
	Partitionable Resources :    Usage  Request Allocated
	   Cpus                 :                 2         2
	   Disk (KB)            :       30        1   2210911
	   Memory (MB)          :       91     4000      4000
...
