000 (2325790.9406.000) 05/26 19:50:49 Job submitted from host: <137.138.44.75:9618?addrs=137.138.44.75-9618&noUDP&sock=3998_dfba_3>
...
001 (2325790.9406.000) 05/26 20:08:10 Job executing on host: <188.184.205.6:9618?addrs=188.184.205.6-9618+[2001-1458-301-7d--100-fc]-9618&noUDP&sock=19498_95af_3>
...
006 (2325790.9406.000) 05/26 20:08:18 Image size of job updated: 313936
	305  -  MemoryUsage of job (MB)
	311708  -  ResidentSetSize of job (KB)
...
006 (2325790.9406.000) 05/26 20:08:56 Image size of job updated: 313936
	305  -  MemoryUsage of job (MB)
	311940  -  ResidentSetSize of job (KB)
...
005 (2325790.9406.000) 05/26 20:09:04 Job terminated.
	(1) Normal termination (return value 0)
		Usr 0 00:00:35, Sys 0 00:00:01  -  Run Remote Usage
		Usr 0 00:00:00, Sys 0 00:00:00  -  Run Local Usage
		Usr 0 00:00:35, Sys 0 00:00:01  -  Total Remote Usage
		Usr 0 00:00:00, Sys 0 00:00:00  -  Total Local Usage
	9118  -  Run Bytes Sent By Job
	436  -  Run Bytes Received By Job
	9118  -  Total Bytes Sent By Job
	436  -  Total Bytes Received By Job
	Partitionable Resources :    Usage  Request Allocated
	   Cpus                 :                 2         2
	   Disk (KB)            :       29        1   2203374
	   Memory (MB)          :      305     4000      4000
...
