000 (2325790.890.000) 05/26 19:50:27 Job submitted from host: <137.138.44.75:9618?addrs=137.138.44.75-9618&noUDP&sock=3998_dfba_3>
...
001 (2325790.890.000) 05/26 19:58:03 Job executing on host: <188.184.207.54:9618?addrs=188.184.207.54-9618+[2001-1458-301-7d--100-320]-9618&noUDP&sock=19612_c77a_3>
...
006 (2325790.890.000) 05/26 19:58:11 Image size of job updated: 325316
	316  -  MemoryUsage of job (MB)
	322576  -  ResidentSetSize of job (KB)
...
006 (2325790.890.000) 05/26 20:00:25 Image size of job updated: 587536
	316  -  MemoryUsage of job (MB)
	322900  -  ResidentSetSize of job (KB)
...
005 (2325790.890.000) 05/26 20:00:33 Job terminated.
	(1) Normal termination (return value 0)
		Usr 0 00:00:49, Sys 0 00:00:02  -  Run Remote Usage
		Usr 0 00:00:00, Sys 0 00:00:00  -  Run Local Usage
		Usr 0 00:00:49, Sys 0 00:00:02  -  Total Remote Usage
		Usr 0 00:00:00, Sys 0 00:00:00  -  Total Local Usage
	9195  -  Run Bytes Sent By Job
	436  -  Run Bytes Received By Job
	9195  -  Total Bytes Sent By Job
	436  -  Total Bytes Received By Job
	Partitionable Resources :    Usage  Request Allocated
	   Cpus                 :                 2         2
	   Disk (KB)            :       31        1   2112272
	   Memory (MB)          :      316     4000      4000
...
