000 (2325790.6006.000) 05/26 19:50:41 Job submitted from host: <137.138.44.75:9618?addrs=137.138.44.75-9618&noUDP&sock=3998_dfba_3>
...
001 (2325790.6006.000) 05/26 20:03:50 Job executing on host: <188.184.206.55:9618?addrs=188.184.206.55-9618+[2001-1458-301-7d--100-237]-9618&noUDP&sock=4697_546d_3>
...
006 (2325790.6006.000) 05/26 20:03:59 Image size of job updated: 296708
	288  -  MemoryUsage of job (MB)
	293916  -  ResidentSetSize of job (KB)
...
006 (2325790.6006.000) 05/26 20:06:06 Image size of job updated: 1907844
	288  -  MemoryUsage of job (MB)
	293924  -  ResidentSetSize of job (KB)
...
005 (2325790.6006.000) 05/26 20:06:10 Job terminated.
	(1) Normal termination (return value 0)
		Usr 0 00:00:58, Sys 0 00:00:02  -  Run Remote Usage
		Usr 0 00:00:00, Sys 0 00:00:00  -  Run Local Usage
		Usr 0 00:00:58, Sys 0 00:00:02  -  Total Remote Usage
		Usr 0 00:00:00, Sys 0 00:00:00  -  Total Local Usage
	9152  -  Run Bytes Sent By Job
	436  -  Run Bytes Received By Job
	9152  -  Total Bytes Sent By Job
	436  -  Total Bytes Received By Job
	Partitionable Resources :    Usage  Request Allocated
	   Cpus                 :                 2         2
	   Disk (KB)            :       30        1   2112765
	   Memory (MB)          :      288     4000      4000
...
