000 (2325790.1357.000) 05/26 19:50:29 Job submitted from host: <137.138.44.75:9618?addrs=137.138.44.75-9618&noUDP&sock=3998_dfba_3>
...
001 (2325790.1357.000) 05/26 19:54:58 Job executing on host: <188.184.204.8:9618?addrs=188.184.204.8-9618+[2001-1458-301-7d--100-2e]-9618&noUDP&sock=19557_0dc5_3>
...
006 (2325790.1357.000) 05/26 19:55:07 Image size of job updated: 96432
	95  -  MemoryUsage of job (MB)
	96432  -  ResidentSetSize of job (KB)
...
006 (2325790.1357.000) 05/26 19:58:17 Image size of job updated: 705576
	95  -  MemoryUsage of job (MB)
	96432  -  ResidentSetSize of job (KB)
...
005 (2325790.1357.000) 05/26 19:58:18 Job terminated.
	(1) Normal termination (return value 0)
		Usr 0 00:01:00, Sys 0 00:00:02  -  Run Remote Usage
		Usr 0 00:00:00, Sys 0 00:00:00  -  Run Local Usage
		Usr 0 00:01:00, Sys 0 00:00:02  -  Total Remote Usage
		Usr 0 00:00:00, Sys 0 00:00:00  -  Total Local Usage
	9192  -  Run Bytes Sent By Job
	436  -  Run Bytes Received By Job
	9192  -  Total Bytes Sent By Job
	436  -  Total Bytes Received By Job
	Partitionable Resources :    Usage  Request Allocated
	   Cpus                 :                 2         2
	   Disk (KB)            :       32        1   2168599
	   Memory (MB)          :       95     4000      4000
...
