000 (2325790.9357.000) 05/26 19:50:49 Job submitted from host: <137.138.44.75:9618?addrs=137.138.44.75-9618&noUDP&sock=3998_dfba_3>
...
001 (2325790.9357.000) 05/26 20:08:05 Job executing on host: <188.184.204.209:9618?addrs=188.184.204.209-9618+[2001-1458-301-7d--100-d4]-9618&noUDP&sock=19491_c885_3>
...
006 (2325790.9357.000) 05/26 20:08:13 Image size of job updated: 92960
	89  -  MemoryUsage of job (MB)
	90268  -  ResidentSetSize of job (KB)
...
006 (2325790.9357.000) 05/26 20:10:08 Image size of job updated: 161184
	89  -  MemoryUsage of job (MB)
	90344  -  ResidentSetSize of job (KB)
...
005 (2325790.9357.000) 05/26 20:10:13 Job terminated.
	(1) Normal termination (return value 0)
		Usr 0 00:00:42, Sys 0 00:00:02  -  Run Remote Usage
		Usr 0 00:00:00, Sys 0 00:00:00  -  Run Local Usage
		Usr 0 00:00:42, Sys 0 00:00:02  -  Total Remote Usage
		Usr 0 00:00:00, Sys 0 00:00:00  -  Total Local Usage
	9078  -  Run Bytes Sent By Job
	436  -  Run Bytes Received By Job
	9078  -  Total Bytes Sent By Job
	436  -  Total Bytes Received By Job
	Partitionable Resources :    Usage  Request Allocated
	   Cpus                 :                 2         2
	   Disk (KB)            :       30        1   2173426
	   Memory (MB)          :       89     4000      4000
...
