000 (2325790.1752.000) 05/26 19:50:30 Job submitted from host: <137.138.44.75:9618?addrs=137.138.44.75-9618&noUDP&sock=3998_dfba_3>
...
001 (2325790.1752.000) 05/26 19:56:54 Job executing on host: <188.184.206.46:9618?addrs=188.184.206.46-9618+[2001-1458-301-7d--100-226]-9618&noUDP&sock=19650_d814_3>
...
006 (2325790.1752.000) 05/26 19:57:03 Image size of job updated: 235840
	231  -  MemoryUsage of job (MB)
	235684  -  ResidentSetSize of job (KB)
...
006 (2325790.1752.000) 05/26 19:59:28 Image size of job updated: 1890144
	231  -  MemoryUsage of job (MB)
	236440  -  ResidentSetSize of job (KB)
...
005 (2325790.1752.000) 05/26 19:59:28 Job terminated.
	(1) Normal termination (return value 0)
		Usr 0 00:00:58, Sys 0 00:00:02  -  Run Remote Usage
		Usr 0 00:00:00, Sys 0 00:00:00  -  Run Local Usage
		Usr 0 00:00:58, Sys 0 00:00:02  -  Total Remote Usage
		Usr 0 00:00:00, Sys 0 00:00:00  -  Total Local Usage
	9194  -  Run Bytes Sent By Job
	436  -  Run Bytes Received By Job
	9194  -  Total Bytes Sent By Job
	436  -  Total Bytes Received By Job
	Partitionable Resources :    Usage  Request Allocated
	   Cpus                 :                 2         2
	   Disk (KB)            :       31        1   2167957
	   Memory (MB)          :      231     4000      4000
...
