000 (2325790.7058.000) 05/26 19:50:44 Job submitted from host: <137.138.44.75:9618?addrs=137.138.44.75-9618&noUDP&sock=3998_dfba_3>
...
001 (2325790.7058.000) 05/26 20:05:22 Job executing on host: <188.184.205.61:9618?addrs=188.184.205.61-9618+[2001-1458-301-7d--100-15f]-9618&noUDP&sock=19515_3ecb_3>
...
006 (2325790.7058.000) 05/26 20:05:30 Image size of job updated: 93872
	89  -  MemoryUsage of job (MB)
	91112  -  ResidentSetSize of job (KB)
...
006 (2325790.7058.000) 05/26 20:08:38 Image size of job updated: 1466296
	89  -  MemoryUsage of job (MB)
	91112  -  ResidentSetSize of job (KB)
...
005 (2325790.7058.000) 05/26 20:08:40 Job terminated.
	(1) Normal termination (return value 0)
		Usr 0 00:00:44, Sys 0 00:00:02  -  Run Remote Usage
		Usr 0 00:00:00, Sys 0 00:00:00  -  Run Local Usage
		Usr 0 00:00:44, Sys 0 00:00:02  -  Total Remote Usage
		Usr 0 00:00:00, Sys 0 00:00:00  -  Total Local Usage
	9154  -  Run Bytes Sent By Job
	436  -  Run Bytes Received By Job
	9154  -  Total Bytes Sent By Job
	436  -  Total Bytes Received By Job
	Partitionable Resources :    Usage  Request Allocated
	   Cpus                 :                 2         2
	   Disk (KB)            :       32        1   2103437
	   Memory (MB)          :       89     4000      4000
...
