000 (2325790.10818.000) 05/26 19:50:53 Job submitted from host: <137.138.44.75:9618?addrs=137.138.44.75-9618&noUDP&sock=3998_dfba_3>
...
001 (2325790.10818.000) 05/26 20:09:39 Job executing on host: <188.184.205.115:9618?addrs=188.184.205.115-9618+[2001-1458-301-7d--100-190]-9618&noUDP&sock=19624_029d_3>
...
006 (2325790.10818.000) 05/26 20:09:48 Image size of job updated: 261616
	256  -  MemoryUsage of job (MB)
	261460  -  ResidentSetSize of job (KB)
...
006 (2325790.10818.000) 05/26 20:10:13 Image size of job updated: 261616
	256  -  MemoryUsage of job (MB)
	261676  -  ResidentSetSize of job (KB)
...
005 (2325790.10818.000) 05/26 20:10:20 Job terminated.
	(1) Normal termination (return value 0)
		Usr 0 00:00:24, Sys 0 00:00:01  -  Run Remote Usage
		Usr 0 00:00:00, Sys 0 00:00:00  -  Run Local Usage
		Usr 0 00:00:24, Sys 0 00:00:01  -  Total Remote Usage
		Usr 0 00:00:00, Sys 0 00:00:00  -  Total Local Usage
	8291  -  Run Bytes Sent By Job
	436  -  Run Bytes Received By Job
	8291  -  Total Bytes Sent By Job
	436  -  Total Bytes Received By Job
	Partitionable Resources :    Usage  Request Allocated
	   Cpus                 :                 2         2
	   Disk (KB)            :       28        1   2138821
	   Memory (MB)          :      256     4000      4000
...
