000 (2325790.1505.000) 05/26 19:50:29 Job submitted from host: <137.138.44.75:9618?addrs=137.138.44.75-9618&noUDP&sock=3998_dfba_3>
...
001 (2325790.1505.000) 05/26 19:55:49 Job executing on host: <188.184.204.131:9618?addrs=188.184.204.131-9618+[2001-1458-301-7d--100-7b]-9618&noUDP&sock=4693_960c_3>
...
006 (2325790.1505.000) 05/26 19:55:57 Image size of job updated: 268204
	260  -  MemoryUsage of job (MB)
	265476  -  ResidentSetSize of job (KB)
...
006 (2325790.1505.000) 05/26 19:57:36 Image size of job updated: 748852
	260  -  MemoryUsage of job (MB)
	265476  -  ResidentSetSize of job (KB)
...
005 (2325790.1505.000) 05/26 19:57:36 Job terminated.
	(1) Normal termination (return value 0)
		Usr 0 00:00:38, Sys 0 00:00:02  -  Run Remote Usage
		Usr 0 00:00:00, Sys 0 00:00:00  -  Run Local Usage
		Usr 0 00:00:38, Sys 0 00:00:02  -  Total Remote Usage
		Usr 0 00:00:00, Sys 0 00:00:00  -  Total Local Usage
	8288  -  Run Bytes Sent By Job
	436  -  Run Bytes Received By Job
	8288  -  Total Bytes Sent By Job
	436  -  Total Bytes Received By Job
	Partitionable Resources :    Usage  Request Allocated
	   Cpus                 :                 2         2
	   Disk (KB)            :       29        1   2158920
	   Memory (MB)          :      260     4000      4000
...
