000 (2325790.6181.000) 05/26 19:50:41 Job submitted from host: <137.138.44.75:9618?addrs=137.138.44.75-9618&noUDP&sock=3998_dfba_3>
...
001 (2325790.6181.000) 05/26 20:04:09 Job executing on host: <128.142.97.2:9618?addrs=128.142.97.2-9618+[2001-1458-301-87--100-f9]-9618&noUDP&sock=17223_1fb9_3>
...
006 (2325790.6181.000) 05/26 20:04:17 Image size of job updated: 213712
	206  -  MemoryUsage of job (MB)
	210904  -  ResidentSetSize of job (KB)
...
006 (2325790.6181.000) 05/26 20:05:31 Image size of job updated: 749860
	207  -  MemoryUsage of job (MB)
	211064  -  ResidentSetSize of job (KB)
...
005 (2325790.6181.000) 05/26 20:05:31 Job terminated.
	(1) Normal termination (return value 0)
		Usr 0 00:00:57, Sys 0 00:00:02  -  Run Remote Usage
		Usr 0 00:00:00, Sys 0 00:00:00  -  Run Local Usage
		Usr 0 00:00:57, Sys 0 00:00:02  -  Total Remote Usage
		Usr 0 00:00:00, Sys 0 00:00:00  -  Total Local Usage
	9202  -  Run Bytes Sent By Job
	436  -  Run Bytes Received By Job
	9202  -  Total Bytes Sent By Job
	436  -  Total Bytes Received By Job
	Partitionable Resources :    Usage  Request Allocated
	   Cpus                 :                 2         2
	   Disk (KB)            :       29        1   4175042
	   Memory (MB)          :      207     4000      4000
...
