000 (2325790.10189.000) 05/26 19:50:51 Job submitted from host: <137.138.44.75:9618?addrs=137.138.44.75-9618&noUDP&sock=3998_dfba_3>
...
001 (2325790.10189.000) 05/26 20:09:08 Job executing on host: <188.184.186.234:9618?addrs=188.184.186.234-9618+[--1]-9618&noUDP&sock=4686_c8e2_3>
...
006 (2325790.10189.000) 05/26 20:09:16 Image size of job updated: 297428
	291  -  MemoryUsage of job (MB)
	297344  -  ResidentSetSize of job (KB)
...
005 (2325790.10189.000) 05/26 20:09:52 Job terminated.
	(1) Normal termination (return value 0)
		Usr 0 00:00:36, Sys 0 00:00:01  -  Run Remote Usage
		Usr 0 00:00:00, Sys 0 00:00:00  -  Run Local Usage
		Usr 0 00:00:36, Sys 0 00:00:01  -  Total Remote Usage
		Usr 0 00:00:00, Sys 0 00:00:00  -  Total Local Usage
	9130  -  Run Bytes Sent By Job
	436  -  Run Bytes Received By Job
	9130  -  Total Bytes Sent By Job
	436  -  Total Bytes Received By Job
	Partitionable Resources :    Usage  Request Allocated
	   Cpus                 :                 2         2
	   Disk (KB)            :       28        1   2183356
	   Memory (MB)          :      291     4000      4000
...
