000 (2325790.060.000) 05/26 19:50:25 Job submitted from host: <137.138.44.75:9618?addrs=137.138.44.75-9618&noUDP&sock=3998_dfba_3>
...
001 (2325790.060.000) 05/26 19:53:09 Job executing on host: <188.184.205.43:9618?addrs=188.184.205.43-9618+[2001-1458-301-7d--100-11b]-9618&noUDP&sock=4683_ba1a_3>
...
006 (2325790.060.000) 05/26 19:53:18 Image size of job updated: 264764
	234  -  MemoryUsage of job (MB)
	239104  -  ResidentSetSize of job (KB)
...
006 (2325790.060.000) 05/26 19:54:08 Image size of job updated: 1908224
	234  -  MemoryUsage of job (MB)
	239208  -  ResidentSetSize of job (KB)
...
005 (2325790.060.000) 05/26 19:54:09 Job terminated.
	(1) Normal termination (return value 0)
		Usr 0 00:00:44, Sys 0 00:00:02  -  Run Remote Usage
		Usr 0 00:00:00, Sys 0 00:00:00  -  Run Local Usage
		Usr 0 00:00:44, Sys 0 00:00:02  -  Total Remote Usage
		Usr 0 00:00:00, Sys 0 00:00:00  -  Total Local Usage
	9188  -  Run Bytes Sent By Job
	436  -  Run Bytes Received By Job
	9188  -  Total Bytes Sent By Job
	436  -  Total Bytes Received By Job
	Partitionable Resources :    Usage  Request Allocated
	   Cpus                 :                 2         2
	   Disk (KB)            :       29        1   2181686
	   Memory (MB)          :      234     4000      4000
...
