000 (2325790.4966.000) 05/26 19:50:39 Job submitted from host: <137.138.44.75:9618?addrs=137.138.44.75-9618&noUDP&sock=3998_dfba_3>
...
001 (2325790.4966.000) 05/26 20:02:35 Job executing on host: <128.142.100.78:9618?addrs=128.142.100.78-9618+[2001-1458-301-89--100-45]-9618&noUDP&sock=15954_b20a_3>
...
006 (2325790.4966.000) 05/26 20:02:44 Image size of job updated: 95660
	91  -  MemoryUsage of job (MB)
	92944  -  ResidentSetSize of job (KB)
...
006 (2325790.4966.000) 05/26 20:05:21 Image size of job updated: 1868684
	91  -  MemoryUsage of job (MB)
	93000  -  ResidentSetSize of job (KB)
...
005 (2325790.4966.000) 05/26 20:05:21 Job terminated.
	(1) Normal termination (return value 0)
		Usr 0 00:00:49, Sys 0 00:00:02  -  Run Remote Usage
		Usr 0 00:00:00, Sys 0 00:00:00  -  Run Local Usage
		Usr 0 00:00:49, Sys 0 00:00:02  -  Total Remote Usage
		Usr 0 00:00:00, Sys 0 00:00:00  -  Total Local Usage
	9162  -  Run Bytes Sent By Job
	436  -  Run Bytes Received By Job
	9162  -  Total Bytes Sent By Job
	436  -  Total Bytes Received By Job
	Partitionable Resources :    Usage  Request Allocated
	   Cpus                 :                 2         2
	   Disk (KB)            :       31        1   2111277
	   Memory (MB)          :       91     4000      4000
...
