000 (2325790.12601.000) 05/26 19:50:59 Job submitted from host: <137.138.44.75:9618?addrs=137.138.44.75-9618&noUDP&sock=3998_dfba_3>
...
001 (2325790.12601.000) 05/26 20:11:36 Job executing on host: <188.184.181.24:9618?addrs=188.184.181.24-9618+[--1]-9618&noUDP&sock=4671_7ef7_3>
...
006 (2325790.12601.000) 05/26 20:11:45 Image size of job updated: 215652
	208  -  MemoryUsage of job (MB)
	212844  -  ResidentSetSize of job (KB)
...
006 (2325790.12601.000) 05/26 20:12:17 Image size of job updated: 215652
	208  -  MemoryUsage of job (MB)
	212968  -  ResidentSetSize of job (KB)
...
005 (2325790.12601.000) 05/26 20:12:25 Job terminated.
	(1) Normal termination (return value 0)
		Usr 0 00:00:25, Sys 0 00:00:01  -  Run Remote Usage
		Usr 0 00:00:00, Sys 0 00:00:00  -  Run Local Usage
		Usr 0 00:00:25, Sys 0 00:00:01  -  Total Remote Usage
		Usr 0 00:00:00, Sys 0 00:00:00  -  Total Local Usage
	8284  -  Run Bytes Sent By Job
	436  -  Run Bytes Received By Job
	8284  -  Total Bytes Sent By Job
	436  -  Total Bytes Received By Job
	Partitionable Resources :    Usage  Request Allocated
	   Cpus                 :                 2         2
	   Disk (KB)            :       28        1   1639275
	   Memory (MB)          :      208     4000      4000
...
