000 (2325790.9676.000) 05/26 19:50:50 Job submitted from host: <137.138.44.75:9618?addrs=137.138.44.75-9618&noUDP&sock=3998_dfba_3>
...
001 (2325790.9676.000) 05/26 20:08:27 Job executing on host: <188.184.142.96:9618?addrs=188.184.142.96-9618+[2001-1458-301-46--100-5d]-9618&noUDP&sock=19510_d0d1_3>
...
006 (2325790.9676.000) 05/26 20:08:36 Image size of job updated: 91224
	87  -  MemoryUsage of job (MB)
	88416  -  ResidentSetSize of job (KB)
...
006 (2325790.9676.000) 05/26 20:10:32 Image size of job updated: 247536
	87  -  MemoryUsage of job (MB)
	88416  -  ResidentSetSize of job (KB)
...
005 (2325790.9676.000) 05/26 20:10:42 Job terminated.
	(1) Normal termination (return value 0)
		Usr 0 00:00:45, Sys 0 00:00:02  -  Run Remote Usage
		Usr 0 00:00:00, Sys 0 00:00:00  -  Run Local Usage
		Usr 0 00:00:45, Sys 0 00:00:02  -  Total Remote Usage
		Usr 0 00:00:00, Sys 0 00:00:00  -  Total Local Usage
	9155  -  Run Bytes Sent By Job
	436  -  Run Bytes Received By Job
	9155  -  Total Bytes Sent By Job
	436  -  Total Bytes Received By Job
	Partitionable Resources :    Usage  Request Allocated
	   Cpus                 :                 2         2
	   Disk (KB)            :       30        1   2130570
	   Memory (MB)          :       87     4000      4000
...
