000 (2325790.5517.000) 05/26 19:50:40 Job submitted from host: <137.138.44.75:9618?addrs=137.138.44.75-9618&noUDP&sock=3998_dfba_3>
...
001 (2325790.5517.000) 05/26 20:03:18 Job executing on host: <188.184.186.246:9618?addrs=188.184.186.246-9618+[2001-1458-301-f8--100-ec]-9618&noUDP&sock=16689_d826_3>
...
006 (2325790.5517.000) 05/26 20:03:27 Image size of job updated: 345024
	335  -  MemoryUsage of job (MB)
	342232  -  ResidentSetSize of job (KB)
...
006 (2325790.5517.000) 05/26 20:04:21 Image size of job updated: 591796
	349  -  MemoryUsage of job (MB)
	357292  -  ResidentSetSize of job (KB)
...
005 (2325790.5517.000) 05/26 20:04:21 Job terminated.
	(1) Normal termination (return value 0)
		Usr 0 00:00:51, Sys 0 00:00:02  -  Run Remote Usage
		Usr 0 00:00:00, Sys 0 00:00:00  -  Run Local Usage
		Usr 0 00:00:51, Sys 0 00:00:02  -  Total Remote Usage
		Usr 0 00:00:00, Sys 0 00:00:00  -  Total Local Usage
	9193  -  Run Bytes Sent By Job
	436  -  Run Bytes Received By Job
	9193  -  Total Bytes Sent By Job
	436  -  Total Bytes Received By Job
	Partitionable Resources :    Usage  Request Allocated
	   Cpus                 :                 2         2
	   Disk (KB)            :       29        1   2064452
	   Memory (MB)          :      349     4000      4000
...
