000 (2325790.2854.000) 05/26 19:50:33 Job submitted from host: <137.138.44.75:9618?addrs=137.138.44.75-9618&noUDP&sock=3998_dfba_3>
...
001 (2325790.2854.000) 05/26 20:02:20 Job executing on host: <128.142.96.45:9618?addrs=128.142.96.45-9618+[2001-1458-301-87--100-23]-9618&noUDP&sock=16898_3372_3>
...
006 (2325790.2854.000) 05/26 20:02:28 Image size of job updated: 311636
	305  -  MemoryUsage of job (MB)
	311572  -  ResidentSetSize of job (KB)
...
006 (2325790.2854.000) 05/26 20:03:01 Image size of job updated: 711148
	305  -  MemoryUsage of job (MB)
	311932  -  ResidentSetSize of job (KB)
...
005 (2325790.2854.000) 05/26 20:03:01 Job terminated.
	(1) Normal termination (return value 0)
		Usr 0 00:00:36, Sys 0 00:00:01  -  Run Remote Usage
		Usr 0 00:00:00, Sys 0 00:00:00  -  Run Local Usage
		Usr 0 00:00:36, Sys 0 00:00:01  -  Total Remote Usage
		Usr 0 00:00:00, Sys 0 00:00:00  -  Total Local Usage
	8294  -  Run Bytes Sent By Job
	436  -  Run Bytes Received By Job
	8294  -  Total Bytes Sent By Job
	436  -  Total Bytes Received By Job
	Partitionable Resources :    Usage  Request Allocated
	   Cpus                 :                 2         2
	   Disk (KB)            :       27        1   4329930
	   Memory (MB)          :      305     4000      4000
...
