000 (2325790.2109.000) 05/26 19:50:31 Job submitted from host: <137.138.44.75:9618?addrs=137.138.44.75-9618&noUDP&sock=3998_dfba_3>
...
001 (2325790.2109.000) 05/26 19:58:00 Job executing on host: <188.184.206.234:9618?addrs=188.184.206.234-9618+[2001-1458-301-7d--100-2da]-9618&noUDP&sock=4675_3d58_3>
...
006 (2325790.2109.000) 05/26 19:58:09 Image size of job updated: 250024
	242  -  MemoryUsage of job (MB)
	247284  -  ResidentSetSize of job (KB)
...
006 (2325790.2109.000) 05/26 19:59:16 Image size of job updated: 745444
	242  -  MemoryUsage of job (MB)
	247500  -  ResidentSetSize of job (KB)
...
005 (2325790.2109.000) 05/26 19:59:17 Job terminated.
	(1) Normal termination (return value 0)
		Usr 0 00:00:58, Sys 0 00:00:02  -  Run Remote Usage
		Usr 0 00:00:00, Sys 0 00:00:00  -  Run Local Usage
		Usr 0 00:00:58, Sys 0 00:00:02  -  Total Remote Usage
		Usr 0 00:00:00, Sys 0 00:00:00  -  Total Local Usage
	9192  -  Run Bytes Sent By Job
	436  -  Run Bytes Received By Job
	9192  -  Total Bytes Sent By Job
	436  -  Total Bytes Received By Job
	Partitionable Resources :    Usage  Request Allocated
	   Cpus                 :                 2         2
	   Disk (KB)            :       29        1   2196511
	   Memory (MB)          :      242     4000      4000
...
