000 (2325790.4777.000) 05/26 19:50:38 Job submitted from host: <137.138.44.75:9618?addrs=137.138.44.75-9618&noUDP&sock=3998_dfba_3>
...
001 (2325790.4777.000) 05/26 20:02:18 Job executing on host: <188.184.205.138:9618?addrs=188.184.205.138-9618+[2001-1458-301-7d--100-199]-9618&noUDP&sock=19482_9c2b_3>
...
006 (2325790.4777.000) 05/26 20:02:26 Image size of job updated: 231360
	226  -  MemoryUsage of job (MB)
	231048  -  ResidentSetSize of job (KB)
...
006 (2325790.4777.000) 05/26 20:04:26 Image size of job updated: 720280
	226  -  MemoryUsage of job (MB)
	231244  -  ResidentSetSize of job (KB)
...
005 (2325790.4777.000) 05/26 20:04:27 Job terminated.
	(1) Normal termination (return value 0)
		Usr 0 00:01:00, Sys 0 00:00:02  -  Run Remote Usage
		Usr 0 00:00:00, Sys 0 00:00:00  -  Run Local Usage
		Usr 0 00:01:00, Sys 0 00:00:02  -  Total Remote Usage
		Usr 0 00:00:00, Sys 0 00:00:00  -  Total Local Usage
	9193  -  Run Bytes Sent By Job
	436  -  Run Bytes Received By Job
	9193  -  Total Bytes Sent By Job
	436  -  Total Bytes Received By Job
	Partitionable Resources :    Usage  Request Allocated
	   Cpus                 :                 2         2
	   Disk (KB)            :       30        1   2187015
	   Memory (MB)          :      226     4000      4000
...
