000 (2325790.13812.000) 05/26 19:51:02 Job submitted from host: <137.138.44.75:9618?addrs=137.138.44.75-9618&noUDP&sock=3998_dfba_3>
...
001 (2325790.13812.000) 05/26 20:13:24 Job executing on host: <188.184.204.250:9618?addrs=188.184.204.250-9618+[2001-1458-301-7d--100-fb]-9618&noUDP&sock=4712_9e59_3>
...
006 (2325790.13812.000) 05/26 20:13:33 Image size of job updated: 296220
	287  -  MemoryUsage of job (MB)
	293428  -  ResidentSetSize of job (KB)
...
006 (2325790.13812.000) 05/26 20:14:48 Image size of job updated: 296220
	304  -  MemoryUsage of job (MB)
	310284  -  ResidentSetSize of job (KB)
...
005 (2325790.13812.000) 05/26 20:14:48 Job terminated.
	(1) Normal termination (return value 0)
		Usr 0 00:00:43, Sys 0 00:00:02  -  Run Remote Usage
		Usr 0 00:00:00, Sys 0 00:00:00  -  Run Local Usage
		Usr 0 00:00:43, Sys 0 00:00:02  -  Total Remote Usage
		Usr 0 00:00:00, Sys 0 00:00:00  -  Total Local Usage
	9199  -  Run Bytes Sent By Job
	436  -  Run Bytes Received By Job
	9199  -  Total Bytes Sent By Job
	436  -  Total Bytes Received By Job
	Partitionable Resources :    Usage  Request Allocated
	   Cpus                 :                 2         2
	   Disk (KB)            :       29        1   2208833
	   Memory (MB)          :      304     4000      4000
...
