000 (2325790.13222.000) 05/26 19:51:00 Job submitted from host: <137.138.44.75:9618?addrs=137.138.44.75-9618&noUDP&sock=3998_dfba_3>
...
001 (2325790.13222.000) 05/26 20:12:29 Job executing on host: <128.142.105.8:9618?addrs=128.142.105.8-9618+[2001-1458-301-8b--100-bb]-9618&noUDP&sock=16046_ccc1_3>
...
006 (2325790.13222.000) 05/26 20:12:37 Image size of job updated: 96068
	92  -  MemoryUsage of job (MB)
	93260  -  ResidentSetSize of job (KB)
...
006 (2325790.13222.000) 05/26 20:14:07 Image size of job updated: 681308
	92  -  MemoryUsage of job (MB)
	93260  -  ResidentSetSize of job (KB)
...
005 (2325790.13222.000) 05/26 20:14:07 Job terminated.
	(1) Normal termination (return value 0)
		Usr 0 00:00:39, Sys 0 00:00:01  -  Run Remote Usage
		Usr 0 00:00:00, Sys 0 00:00:00  -  Run Local Usage
		Usr 0 00:00:39, Sys 0 00:00:01  -  Total Remote Usage
		Usr 0 00:00:00, Sys 0 00:00:00  -  Total Local Usage
	8288  -  Run Bytes Sent By Job
	436  -  Run Bytes Received By Job
	8288  -  Total Bytes Sent By Job
	436  -  Total Bytes Received By Job
	Partitionable Resources :    Usage  Request Allocated
	   Cpus                 :                 2         2
	   Disk (KB)            :       29        1   2108150
	   Memory (MB)          :       92     4000      4000
...
