000 (2325790.2043.000) 05/26 19:50:31 Job submitted from host: <137.138.44.75:9618?addrs=137.138.44.75-9618&noUDP&sock=3998_dfba_3>
...
001 (2325790.2043.000) 05/26 19:57:54 Job executing on host: <188.184.205.57:9618?addrs=188.184.205.57-9618+[2001-1458-301-7d--100-164]-9618&noUDP&sock=19574_b6e1_3>
...
006 (2325790.2043.000) 05/26 19:58:02 Image size of job updated: 247756
	240  -  MemoryUsage of job (MB)
	245128  -  ResidentSetSize of job (KB)
...
006 (2325790.2043.000) 05/26 19:58:45 Image size of job updated: 623208
	240  -  MemoryUsage of job (MB)
	245256  -  ResidentSetSize of job (KB)
...
005 (2325790.2043.000) 05/26 19:58:45 Job terminated.
	(1) Normal termination (return value 0)
		Usr 0 00:00:37, Sys 0 00:00:01  -  Run Remote Usage
		Usr 0 00:00:00, Sys 0 00:00:00  -  Run Local Usage
		Usr 0 00:00:37, Sys 0 00:00:01  -  Total Remote Usage
		Usr 0 00:00:00, Sys 0 00:00:00  -  Total Local Usage
	8286  -  Run Bytes Sent By Job
	436  -  Run Bytes Received By Job
	8286  -  Total Bytes Sent By Job
	436  -  Total Bytes Received By Job
	Partitionable Resources :    Usage  Request Allocated
	   Cpus                 :                 2         2
	   Disk (KB)            :       28        1   2143506
	   Memory (MB)          :      240     4000      4000
...
