000 (2325790.5234.000) 05/26 19:50:39 Job submitted from host: <137.138.44.75:9618?addrs=137.138.44.75-9618&noUDP&sock=3998_dfba_3>
...
001 (2325790.5234.000) 05/26 20:02:58 Job executing on host: <188.184.205.2:9618?addrs=188.184.205.2-9618+[2001-1458-301-7d--100-103]-9618&noUDP&sock=19624_029d_3>
...
006 (2325790.5234.000) 05/26 20:03:07 Image size of job updated: 96932
	92  -  MemoryUsage of job (MB)
	94140  -  ResidentSetSize of job (KB)
...
006 (2325790.5234.000) 05/26 20:06:15 Image size of job updated: 860096
	92  -  MemoryUsage of job (MB)
	94140  -  ResidentSetSize of job (KB)
...
005 (2325790.5234.000) 05/26 20:06:27 Job terminated.
	(1) Normal termination (return value 0)
		Usr 0 00:00:59, Sys 0 00:00:02  -  Run Remote Usage
		Usr 0 00:00:00, Sys 0 00:00:00  -  Run Local Usage
		Usr 0 00:00:59, Sys 0 00:00:02  -  Total Remote Usage
		Usr 0 00:00:00, Sys 0 00:00:00  -  Total Local Usage
	9155  -  Run Bytes Sent By Job
	436  -  Run Bytes Received By Job
	9155  -  Total Bytes Sent By Job
	436  -  Total Bytes Received By Job
	Partitionable Resources :    Usage  Request Allocated
	   Cpus                 :                 2         2
	   Disk (KB)            :       32        1   2170072
	   Memory (MB)          :       92     4000      4000
...
