000 (2325790.14317.000) 05/26 19:51:03 Job submitted from host: <137.138.44.75:9618?addrs=137.138.44.75-9618&noUDP&sock=3998_dfba_3>
...
001 (2325790.14317.000) 05/26 20:13:53 Job executing on host: <188.184.207.102:9618?addrs=188.184.207.102-9618+[2001-1458-301-7d--100-381]-9618&noUDP&sock=20078_6a9d_3>
...
006 (2325790.14317.000) 05/26 20:14:01 Image size of job updated: 224668
	220  -  MemoryUsage of job (MB)
	224496  -  ResidentSetSize of job (KB)
...
006 (2325790.14317.000) 05/26 20:16:04 Image size of job updated: 261536
	220  -  MemoryUsage of job (MB)
	224912  -  ResidentSetSize of job (KB)
...
005 (2325790.14317.000) 05/26 20:16:04 Job terminated.
	(1) Normal termination (return value 0)
		Usr 0 00:00:46, Sys 0 00:00:02  -  Run Remote Usage
		Usr 0 00:00:00, Sys 0 00:00:00  -  Run Local Usage
		Usr 0 00:00:46, Sys 0 00:00:02  -  Total Remote Usage
		Usr 0 00:00:00, Sys 0 00:00:00  -  Total Local Usage
	9197  -  Run Bytes Sent By Job
	436  -  Run Bytes Received By Job
	9197  -  Total Bytes Sent By Job
	436  -  Total Bytes Received By Job
	Partitionable Resources :    Usage  Request Allocated
	   Cpus                 :                 2         2
	   Disk (KB)            :       31        1   2179835
	   Memory (MB)          :      220     4000      4000
...
