000 (2325790.14464.000) 05/26 19:51:03 Job submitted from host: <137.138.44.75:9618?addrs=137.138.44.75-9618&noUDP&sock=3998_dfba_3>
...
001 (2325790.14464.000) 05/26 20:13:57 Job executing on host: <188.184.206.26:9618?addrs=188.184.206.26-9618+[2001-1458-301-7d--100-21d]-9618&noUDP&sock=19705_91c9_3>
...
006 (2325790.14464.000) 05/26 20:14:06 Image size of job updated: 91964
	88  -  MemoryUsage of job (MB)
	89224  -  ResidentSetSize of job (KB)
...
006 (2325790.14464.000) 05/26 20:15:28 Image size of job updated: 205012
	88  -  MemoryUsage of job (MB)
	89224  -  ResidentSetSize of job (KB)
...
005 (2325790.14464.000) 05/26 20:15:30 Job terminated.
	(1) Normal termination (return value 0)
		Usr 0 00:00:26, Sys 0 00:00:01  -  Run Remote Usage
		Usr 0 00:00:00, Sys 0 00:00:00  -  Run Local Usage
		Usr 0 00:00:26, Sys 0 00:00:01  -  Total Remote Usage
		Usr 0 00:00:00, Sys 0 00:00:00  -  Total Local Usage
	8249  -  Run Bytes Sent By Job
	436  -  Run Bytes Received By Job
	8249  -  Total Bytes Sent By Job
	436  -  Total Bytes Received By Job
	Partitionable Resources :    Usage  Request Allocated
	   Cpus                 :                 2         2
	   Disk (KB)            :       29        1   2145046
	   Memory (MB)          :       88     4000      4000
...
