000 (2325790.5383.000) 05/26 19:50:40 Job submitted from host: <137.138.44.75:9618?addrs=137.138.44.75-9618&noUDP&sock=3998_dfba_3>
...
001 (2325790.5383.000) 05/26 20:03:10 Job executing on host: <188.184.186.238:9618?addrs=188.184.186.238-9618+[2001-1458-301-f8--100-d9]-9618&noUDP&sock=16626_a1af_3>
...
006 (2325790.5383.000) 05/26 20:03:18 Image size of job updated: 93856
	92  -  MemoryUsage of job (MB)
	93788  -  ResidentSetSize of job (KB)
...
006 (2325790.5383.000) 05/26 20:06:37 Image size of job updated: 720396
	92  -  MemoryUsage of job (MB)
	93788  -  ResidentSetSize of job (KB)
...
005 (2325790.5383.000) 05/26 20:06:45 Job terminated.
	(1) Normal termination (return value 0)
		Usr 0 00:00:50, Sys 0 00:00:02  -  Run Remote Usage
		Usr 0 00:00:00, Sys 0 00:00:00  -  Run Local Usage
		Usr 0 00:00:50, Sys 0 00:00:02  -  Total Remote Usage
		Usr 0 00:00:00, Sys 0 00:00:00  -  Total Local Usage
	9194  -  Run Bytes Sent By Job
	436  -  Run Bytes Received By Job
	9194  -  Total Bytes Sent By Job
	436  -  Total Bytes Received By Job
	Partitionable Resources :    Usage  Request Allocated
	   Cpus                 :                 2         2
	   Disk (KB)            :       32        1   2210914
	   Memory (MB)          :       92     4000      4000
...
