000 (2325790.9719.000) 05/26 19:50:50 Job submitted from host: <137.138.44.75:9618?addrs=137.138.44.75-9618&noUDP&sock=3998_dfba_3>
...
001 (2325790.9719.000) 05/26 20:08:30 Job executing on host: <188.184.206.60:9618?addrs=188.184.206.60-9618+[2001-1458-301-7d--100-22a]-9618&noUDP&sock=19549_9103_3>
...
006 (2325790.9719.000) 05/26 20:08:39 Image size of job updated: 98888
	94  -  MemoryUsage of job (MB)
	96096  -  ResidentSetSize of job (KB)
...
006 (2325790.9719.000) 05/26 20:10:33 Image size of job updated: 111788
	94  -  MemoryUsage of job (MB)
	96096  -  ResidentSetSize of job (KB)
...
005 (2325790.9719.000) 05/26 20:10:42 Job terminated.
	(1) Normal termination (return value 0)
		Usr 0 00:00:44, Sys 0 00:00:02  -  Run Remote Usage
		Usr 0 00:00:00, Sys 0 00:00:00  -  Run Local Usage
		Usr 0 00:00:44, Sys 0 00:00:02  -  Total Remote Usage
		Usr 0 00:00:00, Sys 0 00:00:00  -  Total Local Usage
	9159  -  Run Bytes Sent By Job
	436  -  Run Bytes Received By Job
	9159  -  Total Bytes Sent By Job
	436  -  Total Bytes Received By Job
	Partitionable Resources :    Usage  Request Allocated
	   Cpus                 :                 2         2
	   Disk (KB)            :       30        1   2122364
	   Memory (MB)          :       94     4000      4000
...
