000 (2325790.9838.000) 05/26 19:50:50 Job submitted from host: <137.138.44.75:9618?addrs=137.138.44.75-9618&noUDP&sock=3998_dfba_3>
...
001 (2325790.9838.000) 05/26 20:08:40 Job executing on host: <137.138.43.107:9618?addrs=137.138.43.107-9618+[--1]-9618&noUDP&sock=4681_5ae9_3>
...
006 (2325790.9838.000) 05/26 20:08:49 Image size of job updated: 324280
	314  -  MemoryUsage of job (MB)
	321472  -  ResidentSetSize of job (KB)
...
006 (2325790.9838.000) 05/26 20:09:28 Image size of job updated: 324280
	314  -  MemoryUsage of job (MB)
	321480  -  ResidentSetSize of job (KB)
...
005 (2325790.9838.000) 05/26 20:09:28 Job terminated.
	(1) Normal termination (return value 0)
		Usr 0 00:00:37, Sys 0 00:00:02  -  Run Remote Usage
		Usr 0 00:00:00, Sys 0 00:00:00  -  Run Local Usage
		Usr 0 00:00:37, Sys 0 00:00:02  -  Total Remote Usage
		Usr 0 00:00:00, Sys 0 00:00:00  -  Total Local Usage
	9197  -  Run Bytes Sent By Job
	436  -  Run Bytes Received By Job
	9197  -  Total Bytes Sent By Job
	436  -  Total Bytes Received By Job
	Partitionable Resources :    Usage  Request Allocated
	   Cpus                 :                 2         2
	   Disk (KB)            :       28        1   2089181
	   Memory (MB)          :      314     4000      4000
...
