000 (2325790.8090.000) 05/26 19:50:46 Job submitted from host: <137.138.44.75:9618?addrs=137.138.44.75-9618&noUDP&sock=3998_dfba_3>
...
001 (2325790.8090.000) 05/26 20:06:48 Job executing on host: <128.142.100.84:9618?addrs=128.142.100.84-9618+[2001-1458-301-89--100-8b]-9618&noUDP&sock=15909_d447_3>
...
006 (2325790.8090.000) 05/26 20:06:56 Image size of job updated: 98492
	94  -  MemoryUsage of job (MB)
	95684  -  ResidentSetSize of job (KB)
...
006 (2325790.8090.000) 05/26 20:08:14 Image size of job updated: 1227452
	94  -  MemoryUsage of job (MB)
	95820  -  ResidentSetSize of job (KB)
...
005 (2325790.8090.000) 05/26 20:08:15 Job terminated.
	(1) Normal termination (return value 0)
		Usr 0 00:00:35, Sys 0 00:00:01  -  Run Remote Usage
		Usr 0 00:00:00, Sys 0 00:00:00  -  Run Local Usage
		Usr 0 00:00:35, Sys 0 00:00:01  -  Total Remote Usage
		Usr 0 00:00:00, Sys 0 00:00:00  -  Total Local Usage
	9203  -  Run Bytes Sent By Job
	436  -  Run Bytes Received By Job
	9203  -  Total Bytes Sent By Job
	436  -  Total Bytes Received By Job
	Partitionable Resources :    Usage  Request Allocated
	   Cpus                 :                 2         2
	   Disk (KB)            :       29        1   2062478
	   Memory (MB)          :       94     4000      4000
...
