000 (2325790.11590.000) 05/26 19:50:56 Job submitted from host: <137.138.44.75:9618?addrs=137.138.44.75-9618&noUDP&sock=3998_dfba_3>
...
001 (2325790.11590.000) 05/26 20:10:40 Job executing on host: <188.184.183.174:9618?addrs=188.184.183.174-9618+[2001-1458-301-2b--100-18c]-9618&noUDP&sock=5608_3334_3>
...
006 (2325790.11590.000) 05/26 20:10:49 Image size of job updated: 293148
	284  -  MemoryUsage of job (MB)
	290500  -  ResidentSetSize of job (KB)
...
006 (2325790.11590.000) 05/26 20:11:33 Image size of job updated: 293148
	284  -  MemoryUsage of job (MB)
	290504  -  ResidentSetSize of job (KB)
...
005 (2325790.11590.000) 05/26 20:11:36 Job terminated.
	(1) Normal termination (return value 0)
		Usr 0 00:00:38, Sys 0 00:00:02  -  Run Remote Usage
		Usr 0 00:00:00, Sys 0 00:00:00  -  Run Local Usage
		Usr 0 00:00:38, Sys 0 00:00:02  -  Total Remote Usage
		Usr 0 00:00:00, Sys 0 00:00:00  -  Total Local Usage
	9194  -  Run Bytes Sent By Job
	436  -  Run Bytes Received By Job
	9194  -  Total Bytes Sent By Job
	436  -  Total Bytes Received By Job
	Partitionable Resources :    Usage  Request Allocated
	   Cpus                 :                 2         2
	   Disk (KB)            :       29        1   3044139
	   Memory (MB)          :      284     4000      4000
...
