000 (2325790.6411.000) 05/26 19:50:42 Job submitted from host: <137.138.44.75:9618?addrs=137.138.44.75-9618&noUDP&sock=3998_dfba_3>
...
001 (2325790.6411.000) 05/26 20:04:28 Job executing on host: <188.184.204.13:9618?addrs=188.184.204.13-9618+[2001-1458-301-7d--100-5]-9618&noUDP&sock=19486_5a8c_3>
...
006 (2325790.6411.000) 05/26 20:04:37 Image size of job updated: 253520
	245  -  MemoryUsage of job (MB)
	250864  -  ResidentSetSize of job (KB)
...
006 (2325790.6411.000) 05/26 20:08:00 Image size of job updated: 713508
	246  -  MemoryUsage of job (MB)
	251104  -  ResidentSetSize of job (KB)
...
005 (2325790.6411.000) 05/26 20:08:00 Job terminated.
	(1) Normal termination (return value 0)
		Usr 0 00:00:57, Sys 0 00:00:02  -  Run Remote Usage
		Usr 0 00:00:00, Sys 0 00:00:00  -  Run Local Usage
		Usr 0 00:00:57, Sys 0 00:00:02  -  Total Remote Usage
		Usr 0 00:00:00, Sys 0 00:00:00  -  Total Local Usage
	9192  -  Run Bytes Sent By Job
	436  -  Run Bytes Received By Job
	9192  -  Total Bytes Sent By Job
	436  -  Total Bytes Received By Job
	Partitionable Resources :    Usage  Request Allocated
	   Cpus                 :                 2         2
	   Disk (KB)            :       32        1   2207032
	   Memory (MB)          :      246     4000      4000
...
