000 (2325790.1646.000) 05/26 19:50:30 Job submitted from host: <137.138.44.75:9618?addrs=137.138.44.75-9618&noUDP&sock=3998_dfba_3>
...
001 (2325790.1646.000) 05/26 19:56:36 Job executing on host: <188.184.206.184:9618?addrs=188.184.206.184-9618+[2001-1458-301-7d--100-2be]-9618&noUDP&sock=19768_c841_3>
...
006 (2325790.1646.000) 05/26 19:56:45 Image size of job updated: 93656
	89  -  MemoryUsage of job (MB)
	90848  -  ResidentSetSize of job (KB)
...
006 (2325790.1646.000) 05/26 19:58:59 Image size of job updated: 680936
	89  -  MemoryUsage of job (MB)
	90848  -  ResidentSetSize of job (KB)
...
005 (2325790.1646.000) 05/26 19:58:59 Job terminated.
	(1) Normal termination (return value 0)
		Usr 0 00:00:59, Sys 0 00:00:03  -  Run Remote Usage
		Usr 0 00:00:00, Sys 0 00:00:00  -  Run Local Usage
		Usr 0 00:00:59, Sys 0 00:00:03  -  Total Remote Usage
		Usr 0 00:00:00, Sys 0 00:00:00  -  Total Local Usage
	9156  -  Run Bytes Sent By Job
	436  -  Run Bytes Received By Job
	9156  -  Total Bytes Sent By Job
	436  -  Total Bytes Received By Job
	Partitionable Resources :    Usage  Request Allocated
	   Cpus                 :                 2         2
	   Disk (KB)            :       31        1   2206912
	   Memory (MB)          :       89     4000      4000
...
