000 (2325790.974.000) 05/26 19:50:28 Job submitted from host: <137.138.44.75:9618?addrs=137.138.44.75-9618&noUDP&sock=3998_dfba_3>
...
001 (2325790.974.000) 05/26 19:58:31 Job executing on host: <188.184.207.68:9618?addrs=188.184.207.68-9618+[2001-1458-301-7d--100-359]-9618&noUDP&sock=4680_ab51_3>
...
006 (2325790.974.000) 05/26 19:58:39 Image size of job updated: 92500
	88  -  MemoryUsage of job (MB)
	89784  -  ResidentSetSize of job (KB)
...
006 (2325790.974.000) 05/26 20:01:01 Image size of job updated: 723044
	88  -  MemoryUsage of job (MB)
	89784  -  ResidentSetSize of job (KB)
...
005 (2325790.974.000) 05/26 20:01:06 Job terminated.
	(1) Normal termination (return value 0)
		Usr 0 00:00:59, Sys 0 00:00:03  -  Run Remote Usage
		Usr 0 00:00:00, Sys 0 00:00:00  -  Run Local Usage
		Usr 0 00:00:59, Sys 0 00:00:03  -  Total Remote Usage
		Usr 0 00:00:00, Sys 0 00:00:00  -  Total Local Usage
	9190  -  Run Bytes Sent By Job
	436  -  Run Bytes Received By Job
	9190  -  Total Bytes Sent By Job
	436  -  Total Bytes Received By Job
	Partitionable Resources :    Usage  Request Allocated
	   Cpus                 :                 2         2
	   Disk (KB)            :       31        1   2101603
	   Memory (MB)          :       88     4000      4000
...
