000 (2325790.1502.000) 05/26 19:50:29 Job submitted from host: <137.138.44.75:9618?addrs=137.138.44.75-9618&noUDP&sock=3998_dfba_3>
...
001 (2325790.1502.000) 05/26 19:55:48 Job executing on host: <188.184.205.142:9618?addrs=188.184.205.142-9618+[2001-1458-301-7d--100-193]-9618&noUDP&sock=20218_71df_3>
...
006 (2325790.1502.000) 05/26 19:55:56 Image size of job updated: 279932
	271  -  MemoryUsage of job (MB)
	277140  -  ResidentSetSize of job (KB)
...
006 (2325790.1502.000) 05/26 19:58:02 Image size of job updated: 668940
	271  -  MemoryUsage of job (MB)
	277352  -  ResidentSetSize of job (KB)
...
005 (2325790.1502.000) 05/26 19:58:02 Job terminated.
	(1) Normal termination (return value 0)
		Usr 0 00:00:56, Sys 0 00:00:02  -  Run Remote Usage
		Usr 0 00:00:00, Sys 0 00:00:00  -  Run Local Usage
		Usr 0 00:00:56, Sys 0 00:00:02  -  Total Remote Usage
		Usr 0 00:00:00, Sys 0 00:00:00  -  Total Local Usage
	9192  -  Run Bytes Sent By Job
	436  -  Run Bytes Received By Job
	9192  -  Total Bytes Sent By Job
	436  -  Total Bytes Received By Job
	Partitionable Resources :    Usage  Request Allocated
	   Cpus                 :                 2         2
	   Disk (KB)            :       31        1   2174540
	   Memory (MB)          :      271     4000      4000
...
