000 (2325790.13352.000) 05/26 19:51:01 Job submitted from host: <137.138.44.75:9618?addrs=137.138.44.75-9618&noUDP&sock=3998_dfba_3>
...
001 (2325790.13352.000) 05/26 20:12:47 Job executing on host: <188.184.142.104:9618?addrs=188.184.142.104-9618+[2001-1458-301-46--100-65]-9618&noUDP&sock=4739_2367_3>
...
006 (2325790.13352.000) 05/26 20:12:55 Image size of job updated: 110740
	108  -  MemoryUsage of job (MB)
	110028  -  ResidentSetSize of job (KB)
...
006 (2325790.13352.000) 05/26 20:15:21 Image size of job updated: 114368
	108  -  MemoryUsage of job (MB)
	110028  -  ResidentSetSize of job (KB)
...
005 (2325790.13352.000) 05/26 20:15:22 Job terminated.
	(1) Normal termination (return value 0)
		Usr 0 00:00:38, Sys 0 00:00:02  -  Run Remote Usage
		Usr 0 00:00:00, Sys 0 00:00:00  -  Run Local Usage
		Usr 0 00:00:38, Sys 0 00:00:02  -  Total Remote Usage
		Usr 0 00:00:00, Sys 0 00:00:00  -  Total Local Usage
	9194  -  Run Bytes Sent By Job
	436  -  Run Bytes Received By Job
	9194  -  Total Bytes Sent By Job
	436  -  Total Bytes Received By Job
	Partitionable Resources :    Usage  Request Allocated
	   Cpus                 :                 2         2
	   Disk (KB)            :       31        1   2170500
	   Memory (MB)          :      108     4000      4000
...
