000 (2325790.10598.000) 05/26 19:50:52 Job submitted from host: <137.138.44.75:9618?addrs=137.138.44.75-9618&noUDP&sock=3998_dfba_3>
...
001 (2325790.10598.000) 05/26 20:09:22 Job executing on host: <188.184.132.111:9618?addrs=188.184.132.111-9618+[2001-1458-301-a0--100-70]-9618&noUDP&sock=16477_6e13_3>
...
006 (2325790.10598.000) 05/26 20:09:30 Image size of job updated: 286076
	277  -  MemoryUsage of job (MB)
	283360  -  ResidentSetSize of job (KB)
...
006 (2325790.10598.000) 05/26 20:10:11 Image size of job updated: 286076
	277  -  MemoryUsage of job (MB)
	283424  -  ResidentSetSize of job (KB)
...
005 (2325790.10598.000) 05/26 20:10:16 Job terminated.
	(1) Normal termination (return value 0)
		Usr 0 00:00:39, Sys 0 00:00:02  -  Run Remote Usage
		Usr 0 00:00:00, Sys 0 00:00:00  -  Run Local Usage
		Usr 0 00:00:39, Sys 0 00:00:02  -  Total Remote Usage
		Usr 0 00:00:00, Sys 0 00:00:00  -  Total Local Usage
	9197  -  Run Bytes Sent By Job
	436  -  Run Bytes Received By Job
	9197  -  Total Bytes Sent By Job
	436  -  Total Bytes Received By Job
	Partitionable Resources :    Usage  Request Allocated
	   Cpus                 :                 2         2
	   Disk (KB)            :       28        1   2101917
	   Memory (MB)          :      277     4000      4000
...
