000 (2325790.13490.000) 05/26 19:51:01 Job submitted from host: <137.138.44.75:9618?addrs=137.138.44.75-9618&noUDP&sock=3998_dfba_3>
...
001 (2325790.13490.000) 05/26 20:13:01 Job executing on host: <188.184.204.83:9618?addrs=188.184.204.83-9618+[2001-1458-301-7d--100-3a]-9618&noUDP&sock=19477_2e31_3>
...
006 (2325790.13490.000) 05/26 20:13:10 Image size of job updated: 76384
	73  -  MemoryUsage of job (MB)
	73928  -  ResidentSetSize of job (KB)
...
006 (2325790.13490.000) 05/26 20:18:10 Image size of job updated: 368660
	361  -  MemoryUsage of job (MB)
	368660  -  ResidentSetSize of job (KB)
...
005 (2325790.13490.000) 05/26 20:22:58 Job terminated.
	(1) Normal termination (return value 0)
		Usr 0 00:00:42, Sys 0 00:00:02  -  Run Remote Usage
		Usr 0 00:00:00, Sys 0 00:00:00  -  Run Local Usage
		Usr 0 00:00:42, Sys 0 00:00:02  -  Total Remote Usage
		Usr 0 00:00:00, Sys 0 00:00:00  -  Total Local Usage
	9197  -  Run Bytes Sent By Job
	436  -  Run Bytes Received By Job
	9197  -  Total Bytes Sent By Job
	436  -  Total Bytes Received By Job
	Partitionable Resources :    Usage  Request Allocated
	   Cpus                 :                 2         2
	   Disk (KB)            :       40        1   2221593
	   Memory (MB)          :      361     4000      4000
...
