000 (2325790.10414.000) 05/26 19:50:52 Job submitted from host: <137.138.44.75:9618?addrs=137.138.44.75-9618&noUDP&sock=3998_dfba_3>
...
001 (2325790.10414.000) 05/26 20:09:16 Job executing on host: <188.185.193.16:9618?addrs=188.185.193.16-9618+[2001-1459-301-45--100-e]-9618&noUDP&sock=17156_2ae1_3>
...
006 (2325790.10414.000) 05/26 20:09:25 Image size of job updated: 97060
	93  -  MemoryUsage of job (MB)
	94248  -  ResidentSetSize of job (KB)
...
006 (2325790.10414.000) 05/26 20:10:47 Image size of job updated: 238728
	93  -  MemoryUsage of job (MB)
	94564  -  ResidentSetSize of job (KB)
...
005 (2325790.10414.000) 05/26 20:10:57 Job terminated.
	(1) Normal termination (return value 0)
		Usr 0 00:00:23, Sys 0 00:00:01  -  Run Remote Usage
		Usr 0 00:00:00, Sys 0 00:00:00  -  Run Local Usage
		Usr 0 00:00:23, Sys 0 00:00:01  -  Total Remote Usage
		Usr 0 00:00:00, Sys 0 00:00:00  -  Total Local Usage
	8290  -  Run Bytes Sent By Job
	436  -  Run Bytes Received By Job
	8290  -  Total Bytes Sent By Job
	436  -  Total Bytes Received By Job
	Partitionable Resources :    Usage  Request Allocated
	   Cpus                 :                 2         2
	   Disk (KB)            :       29        1   4032274
	   Memory (MB)          :       93     4000      4000
...
