000 (2325790.12428.000) 05/26 19:50:58 Job submitted from host: <137.138.44.75:9618?addrs=137.138.44.75-9618&noUDP&sock=3998_dfba_3>
...
001 (2325790.12428.000) 05/26 20:11:29 Job executing on host: <128.142.133.167:9618?addrs=128.142.133.167-9618+[2001-1458-301-32--100-6f]-9618&noUDP&sock=4741_8298_3>
...
006 (2325790.12428.000) 05/26 20:11:38 Image size of job updated: 96980
	92  -  MemoryUsage of job (MB)
	94172  -  ResidentSetSize of job (KB)
...
006 (2325790.12428.000) 05/26 20:13:03 Image size of job updated: 248700
	93  -  MemoryUsage of job (MB)
	94588  -  ResidentSetSize of job (KB)
...
005 (2325790.12428.000) 05/26 20:13:15 Job terminated.
	(1) Normal termination (return value 0)
		Usr 0 00:00:41, Sys 0 00:00:02  -  Run Remote Usage
		Usr 0 00:00:00, Sys 0 00:00:00  -  Run Local Usage
		Usr 0 00:00:41, Sys 0 00:00:02  -  Total Remote Usage
		Usr 0 00:00:00, Sys 0 00:00:00  -  Total Local Usage
	9189  -  Run Bytes Sent By Job
	436  -  Run Bytes Received By Job
	9189  -  Total Bytes Sent By Job
	436  -  Total Bytes Received By Job
	Partitionable Resources :    Usage  Request Allocated
	   Cpus                 :                 2         2
	   Disk (KB)            :       30        1   2102108
	   Memory (MB)          :       93     4000      4000
...
