000 (2325790.2664.000) 05/26 19:50:32 Job submitted from host: <137.138.44.75:9618?addrs=137.138.44.75-9618&noUDP&sock=3998_dfba_3>
...
001 (2325790.2664.000) 05/26 20:01:41 Job executing on host: <188.184.205.168:9618?addrs=188.184.205.168-9618+[2001-1458-301-7d--100-1b4]-9618&noUDP&sock=19761_fb17_3>
...
006 (2325790.2664.000) 05/26 20:01:50 Image size of job updated: 274044
	266  -  MemoryUsage of job (MB)
	271392  -  ResidentSetSize of job (KB)
...
006 (2325790.2664.000) 05/26 20:02:26 Image size of job updated: 677880
	266  -  MemoryUsage of job (MB)
	271400  -  ResidentSetSize of job (KB)
...
005 (2325790.2664.000) 05/26 20:02:26 Job terminated.
	(1) Normal termination (return value 0)
		Usr 0 00:00:33, Sys 0 00:00:01  -  Run Remote Usage
		Usr 0 00:00:00, Sys 0 00:00:00  -  Run Local Usage
		Usr 0 00:00:33, Sys 0 00:00:01  -  Total Remote Usage
		Usr 0 00:00:00, Sys 0 00:00:00  -  Total Local Usage
	9120  -  Run Bytes Sent By Job
	436  -  Run Bytes Received By Job
	9120  -  Total Bytes Sent By Job
	436  -  Total Bytes Received By Job
	Partitionable Resources :    Usage  Request Allocated
	   Cpus                 :                 2         2
	   Disk (KB)            :       28        1   2117623
	   Memory (MB)          :      266     4000      4000
...
