000 (2325790.6439.000) 05/26 19:50:42 Job submitted from host: <137.138.44.75:9618?addrs=137.138.44.75-9618&noUDP&sock=3998_dfba_3>
...
001 (2325790.6439.000) 05/26 20:04:30 Job executing on host: <188.184.204.184:9618?addrs=188.184.204.184-9618+[2001-1458-301-7d--100-a6]-9618&noUDP&sock=19494_d74e_3>
...
006 (2325790.6439.000) 05/26 20:04:39 Image size of job updated: 315600
	306  -  MemoryUsage of job (MB)
	312808  -  ResidentSetSize of job (KB)
...
006 (2325790.6439.000) 05/26 20:06:33 Image size of job updated: 692196
	306  -  MemoryUsage of job (MB)
	312808  -  ResidentSetSize of job (KB)
...
005 (2325790.6439.000) 05/26 20:06:43 Job terminated.
	(1) Normal termination (return value 0)
		Usr 0 00:00:49, Sys 0 00:00:02  -  Run Remote Usage
		Usr 0 00:00:00, Sys 0 00:00:00  -  Run Local Usage
		Usr 0 00:00:49, Sys 0 00:00:02  -  Total Remote Usage
		Usr 0 00:00:00, Sys 0 00:00:00  -  Total Local Usage
	9193  -  Run Bytes Sent By Job
	436  -  Run Bytes Received By Job
	9193  -  Total Bytes Sent By Job
	436  -  Total Bytes Received By Job
	Partitionable Resources :    Usage  Request Allocated
	   Cpus                 :                 2         2
	   Disk (KB)            :       30        1   2148044
	   Memory (MB)          :      306     4000      4000
...
