000 (2325790.6454.000) 05/26 19:50:42 Job submitted from host: <137.138.44.75:9618?addrs=137.138.44.75-9618&noUDP&sock=3998_dfba_3>
...
001 (2325790.6454.000) 05/26 20:04:31 Job executing on host: <188.184.204.120:9618?addrs=188.184.204.120-9618+[2001-1458-301-7d--100-67]-9618&noUDP&sock=19548_e16b_3>
...
006 (2325790.6454.000) 05/26 20:04:39 Image size of job updated: 288732
	280  -  MemoryUsage of job (MB)
	286108  -  ResidentSetSize of job (KB)
...
006 (2325790.6454.000) 05/26 20:07:43 Image size of job updated: 745616
	280  -  MemoryUsage of job (MB)
	286316  -  ResidentSetSize of job (KB)
...
005 (2325790.6454.000) 05/26 20:07:43 Job terminated.
	(1) Normal termination (return value 0)
		Usr 0 00:00:50, Sys 0 00:00:02  -  Run Remote Usage
		Usr 0 00:00:00, Sys 0 00:00:00  -  Run Local Usage
		Usr 0 00:00:50, Sys 0 00:00:02  -  Total Remote Usage
		Usr 0 00:00:00, Sys 0 00:00:00  -  Total Local Usage
	9151  -  Run Bytes Sent By Job
	436  -  Run Bytes Received By Job
	9151  -  Total Bytes Sent By Job
	436  -  Total Bytes Received By Job
	Partitionable Resources :    Usage  Request Allocated
	   Cpus                 :                 2         2
	   Disk (KB)            :       32        1   2199184
	   Memory (MB)          :      280     4000      4000
...
