000 (2325790.2481.000) 05/26 19:50:32 Job submitted from host: <137.138.44.75:9618?addrs=137.138.44.75-9618&noUDP&sock=3998_dfba_3>
...
001 (2325790.2481.000) 05/26 20:00:40 Job executing on host: <128.142.97.154:9618?addrs=128.142.97.154-9618+[2001-1458-301-87--100-1a1]-9618&noUDP&sock=16971_45dc_3>
...
006 (2325790.2481.000) 05/26 20:00:49 Image size of job updated: 227580
	197  -  MemoryUsage of job (MB)
	200900  -  ResidentSetSize of job (KB)
...
006 (2325790.2481.000) 05/26 20:01:48 Image size of job updated: 227580
	197  -  MemoryUsage of job (MB)
	201024  -  ResidentSetSize of job (KB)
...
005 (2325790.2481.000) 05/26 20:02:00 Job terminated.
	(1) Normal termination (return value 0)
		Usr 0 00:00:52, Sys 0 00:00:02  -  Run Remote Usage
		Usr 0 00:00:00, Sys 0 00:00:00  -  Run Local Usage
		Usr 0 00:00:52, Sys 0 00:00:02  -  Total Remote Usage
		Usr 0 00:00:00, Sys 0 00:00:00  -  Total Local Usage
	9194  -  Run Bytes Sent By Job
	436  -  Run Bytes Received By Job
	9194  -  Total Bytes Sent By Job
	436  -  Total Bytes Received By Job
	Partitionable Resources :    Usage  Request Allocated
	   Cpus                 :                 2         2
	   Disk (KB)            :       29        1   4372812
	   Memory (MB)          :      197     4000      4000
...
