000 (2325790.6743.000) 05/26 19:50:43 Job submitted from host: <137.138.44.75:9618?addrs=137.138.44.75-9618&noUDP&sock=3998_dfba_3>
...
001 (2325790.6743.000) 05/26 20:04:56 Job executing on host: <128.142.96.52:9618?addrs=128.142.96.52-9618+[2001-1458-301-87--100-ca]-9618&noUDP&sock=16961_69e9_3>
...
006 (2325790.6743.000) 05/26 20:05:05 Image size of job updated: 315532
	309  -  MemoryUsage of job (MB)
	315532  -  ResidentSetSize of job (KB)
...
006 (2325790.6743.000) 05/26 20:05:41 Image size of job updated: 606872
	309  -  MemoryUsage of job (MB)
	315556  -  ResidentSetSize of job (KB)
...
005 (2325790.6743.000) 05/26 20:05:42 Job terminated.
	(1) Normal termination (return value 0)
		Usr 0 00:00:36, Sys 0 00:00:01  -  Run Remote Usage
		Usr 0 00:00:00, Sys 0 00:00:00  -  Run Local Usage
		Usr 0 00:00:36, Sys 0 00:00:01  -  Total Remote Usage
		Usr 0 00:00:00, Sys 0 00:00:00  -  Total Local Usage
	8287  -  Run Bytes Sent By Job
	436  -  Run Bytes Received By Job
	8287  -  Total Bytes Sent By Job
	436  -  Total Bytes Received By Job
	Partitionable Resources :    Usage  Request Allocated
	   Cpus                 :                 2         2
	   Disk (KB)            :       28        1   4196408
	   Memory (MB)          :      309     4000      4000
...
