000 (2325790.8667.000) 05/26 19:50:47 Job submitted from host: <137.138.44.75:9618?addrs=137.138.44.75-9618&noUDP&sock=3998_dfba_3>
...
001 (2325790.8667.000) 05/26 20:07:23 Job executing on host: <188.184.206.137:9618?addrs=188.184.206.137-9618+[--1]-9618&noUDP&sock=4696_a4d5_3>
...
006 (2325790.8667.000) 05/26 20:07:31 Image size of job updated: 265228
	257  -  MemoryUsage of job (MB)
	262596  -  ResidentSetSize of job (KB)
...
006 (2325790.8667.000) 05/26 20:08:34 Image size of job updated: 265228
	258  -  MemoryUsage of job (MB)
	264116  -  ResidentSetSize of job (KB)
...
005 (2325790.8667.000) 05/26 20:08:36 Job terminated.
	(1) Normal termination (return value 0)
		Usr 0 00:00:35, Sys 0 00:00:02  -  Run Remote Usage
		Usr 0 00:00:00, Sys 0 00:00:00  -  Run Local Usage
		Usr 0 00:00:35, Sys 0 00:00:02  -  Total Remote Usage
		Usr 0 00:00:00, Sys 0 00:00:00  -  Total Local Usage
	9195  -  Run Bytes Sent By Job
	436  -  Run Bytes Received By Job
	9195  -  Total Bytes Sent By Job
	436  -  Total Bytes Received By Job
	Partitionable Resources :    Usage  Request Allocated
	   Cpus                 :                 2         2
	   Disk (KB)            :       29        1   2120566
	   Memory (MB)          :      258     4000      4000
...
