000 (2325790.2477.000) 05/26 19:50:32 Job submitted from host: <137.138.44.75:9618?addrs=137.138.44.75-9618&noUDP&sock=3998_dfba_3>
...
001 (2325790.2477.000) 05/26 20:00:40 Job executing on host: <188.185.128.64:9618?addrs=188.185.128.64-9618+[2001-1459-301-43--100-43]-9618&noUDP&sock=17245_36cf_3>
...
006 (2325790.2477.000) 05/26 20:00:49 Image size of job updated: 54200
	53  -  MemoryUsage of job (MB)
	53780  -  ResidentSetSize of job (KB)
...
006 (2325790.2477.000) 05/26 20:05:49 Image size of job updated: 596028
	563  -  MemoryUsage of job (MB)
	575800  -  ResidentSetSize of job (KB)
...
006 (2325790.2477.000) 05/26 20:06:17 Image size of job updated: 596028
	564  -  MemoryUsage of job (MB)
	576724  -  ResidentSetSize of job (KB)
...
005 (2325790.2477.000) 05/26 20:06:30 Job terminated.
	(1) Normal termination (return value 0)
		Usr 0 00:00:37, Sys 0 00:00:02  -  Run Remote Usage
		Usr 0 00:00:00, Sys 0 00:00:00  -  Run Local Usage
		Usr 0 00:00:37, Sys 0 00:00:02  -  Total Remote Usage
		Usr 0 00:00:00, Sys 0 00:00:00  -  Total Local Usage
	8288  -  Run Bytes Sent By Job
	436  -  Run Bytes Received By Job
	8288  -  Total Bytes Sent By Job
	436  -  Total Bytes Received By Job
	Partitionable Resources :    Usage  Request Allocated
	   Cpus                 :                 2         2
	   Disk (KB)            :       34        1   3938925
	   Memory (MB)          :      564     4000      4000
...
