000 (2325790.2556.000) 05/26 19:50:32 Job submitted from host: <137.138.44.75:9618?addrs=137.138.44.75-9618&noUDP&sock=3998_dfba_3>
...
001 (2325790.2556.000) 05/26 20:01:00 Job executing on host: <188.184.142.242:9618?addrs=188.184.142.242-9618+[2001-1458-301-46--100-ea]-9618&noUDP&sock=19611_17e2_3>
...
006 (2325790.2556.000) 05/26 20:01:09 Image size of job updated: 298880
	292  -  MemoryUsage of job (MB)
	298704  -  ResidentSetSize of job (KB)
...
006 (2325790.2556.000) 05/26 20:01:44 Image size of job updated: 599668
	293  -  MemoryUsage of job (MB)
	299620  -  ResidentSetSize of job (KB)
...
005 (2325790.2556.000) 05/26 20:01:53 Job terminated.
	(1) Normal termination (return value 0)
		Usr 0 00:00:33, Sys 0 00:00:01  -  Run Remote Usage
		Usr 0 00:00:00, Sys 0 00:00:00  -  Run Local Usage
		Usr 0 00:00:33, Sys 0 00:00:01  -  Total Remote Usage
		Usr 0 00:00:00, Sys 0 00:00:00  -  Total Local Usage
	8244  -  Run Bytes Sent By Job
	436  -  Run Bytes Received By Job
	8244  -  Total Bytes Sent By Job
	436  -  Total Bytes Received By Job
	Partitionable Resources :    Usage  Request Allocated
	   Cpus                 :                 2         2
	   Disk (KB)            :       27        1   2124427
	   Memory (MB)          :      293     4000      4000
...
