000 (2325790.14563.000) 05/26 19:51:03 Job submitted from host: <137.138.44.75:9618?addrs=137.138.44.75-9618&noUDP&sock=3998_dfba_3>
...
001 (2325790.14563.000) 05/26 20:14:06 Job executing on host: <188.184.206.192:9618?addrs=188.184.206.192-9618+[2001-1458-301-7d--100-2b7]-9618&noUDP&sock=19545_d2a2_3>
...
006 (2325790.14563.000) 05/26 20:14:14 Image size of job updated: 93832
	89  -  MemoryUsage of job (MB)
	91092  -  ResidentSetSize of job (KB)
...
006 (2325790.14563.000) 05/26 20:16:45 Image size of job updated: 1382264
	89  -  MemoryUsage of job (MB)
	91092  -  ResidentSetSize of job (KB)
...
005 (2325790.14563.000) 05/26 20:16:45 Job terminated.
	(1) Normal termination (return value 0)
		Usr 0 00:00:38, Sys 0 00:00:01  -  Run Remote Usage
		Usr 0 00:00:00, Sys 0 00:00:00  -  Run Local Usage
		Usr 0 00:00:38, Sys 0 00:00:01  -  Total Remote Usage
		Usr 0 00:00:00, Sys 0 00:00:00  -  Total Local Usage
	9199  -  Run Bytes Sent By Job
	436  -  Run Bytes Received By Job
	9199  -  Total Bytes Sent By Job
	436  -  Total Bytes Received By Job
	Partitionable Resources :    Usage  Request Allocated
	   Cpus                 :                 2         2
	   Disk (KB)            :       31        1   2123488
	   Memory (MB)          :       89     4000      4000
...
