000 (2325790.1478.000) 05/26 19:50:29 Job submitted from host: <137.138.44.75:9618?addrs=137.138.44.75-9618&noUDP&sock=3998_dfba_3>
...
001 (2325790.1478.000) 05/26 19:55:40 Job executing on host: <188.184.205.32:9618?addrs=188.184.205.32-9618+[2001-1458-301-7d--100-109]-9618&noUDP&sock=19487_0a24_3>
...
006 (2325790.1478.000) 05/26 19:55:48 Image size of job updated: 258060
	250  -  MemoryUsage of job (MB)
	255344  -  ResidentSetSize of job (KB)
...
006 (2325790.1478.000) 05/26 19:56:29 Image size of job updated: 667916
	250  -  MemoryUsage of job (MB)
	255504  -  ResidentSetSize of job (KB)
...
005 (2325790.1478.000) 05/26 19:56:30 Job terminated.
	(1) Normal termination (return value 0)
		Usr 0 00:00:37, Sys 0 00:00:02  -  Run Remote Usage
		Usr 0 00:00:00, Sys 0 00:00:00  -  Run Local Usage
		Usr 0 00:00:37, Sys 0 00:00:02  -  Total Remote Usage
		Usr 0 00:00:00, Sys 0 00:00:00  -  Total Local Usage
	8287  -  Run Bytes Sent By Job
	436  -  Run Bytes Received By Job
	8287  -  Total Bytes Sent By Job
	436  -  Total Bytes Received By Job
	Partitionable Resources :    Usage  Request Allocated
	   Cpus                 :                 2         2
	   Disk (KB)            :       28        1   2215770
	   Memory (MB)          :      250     4000      4000
...
