000 (2325790.5050.000) 05/26 19:50:39 Job submitted from host: <137.138.44.75:9618?addrs=137.138.44.75-9618&noUDP&sock=3998_dfba_3>
...
001 (2325790.5050.000) 05/26 20:02:44 Job executing on host: <128.142.133.102:9618?addrs=128.142.133.102-9618+[2001-1458-301-32--100-5d]-9618&noUDP&sock=19492_781d_3>
...
006 (2325790.5050.000) 05/26 20:02:52 Image size of job updated: 268620
	260  -  MemoryUsage of job (MB)
	265880  -  ResidentSetSize of job (KB)
...
006 (2325790.5050.000) 05/26 20:06:27 Image size of job updated: 714644
	260  -  MemoryUsage of job (MB)
	265884  -  ResidentSetSize of job (KB)
...
005 (2325790.5050.000) 05/26 20:06:37 Job terminated.
	(1) Normal termination (return value 0)
		Usr 0 00:00:54, Sys 0 00:00:03  -  Run Remote Usage
		Usr 0 00:00:00, Sys 0 00:00:00  -  Run Local Usage
		Usr 0 00:00:54, Sys 0 00:00:03  -  Total Remote Usage
		Usr 0 00:00:00, Sys 0 00:00:00  -  Total Local Usage
	9188  -  Run Bytes Sent By Job
	436  -  Run Bytes Received By Job
	9188  -  Total Bytes Sent By Job
	436  -  Total Bytes Received By Job
	Partitionable Resources :    Usage  Request Allocated
	   Cpus                 :                 2         2
	   Disk (KB)            :       32        1   2153749
	   Memory (MB)          :      260     4000      4000
...
