000 (2325790.10933.000) 05/26 19:50:53 Job submitted from host: <137.138.44.75:9618?addrs=137.138.44.75-9618&noUDP&sock=3998_dfba_3>
...
001 (2325790.10933.000) 05/26 20:09:48 Job executing on host: <128.142.97.17:9618?addrs=128.142.97.17-9618+[2001-1458-301-87--100-11b]-9618&noUDP&sock=16913_7d5d_3>
...
006 (2325790.10933.000) 05/26 20:09:57 Image size of job updated: 96256
	94  -  MemoryUsage of job (MB)
	96256  -  ResidentSetSize of job (KB)
...
006 (2325790.10933.000) 05/26 20:11:16 Image size of job updated: 1368984
	94  -  MemoryUsage of job (MB)
	96256  -  ResidentSetSize of job (KB)
...
005 (2325790.10933.000) 05/26 20:11:20 Job terminated.
	(1) Normal termination (return value 0)
		Usr 0 00:00:36, Sys 0 00:00:02  -  Run Remote Usage
		Usr 0 00:00:00, Sys 0 00:00:00  -  Run Local Usage
		Usr 0 00:00:36, Sys 0 00:00:02  -  Total Remote Usage
		Usr 0 00:00:00, Sys 0 00:00:00  -  Total Local Usage
	9206  -  Run Bytes Sent By Job
	436  -  Run Bytes Received By Job
	9206  -  Total Bytes Sent By Job
	436  -  Total Bytes Received By Job
	Partitionable Resources :    Usage  Request Allocated
	   Cpus                 :                 2         2
	   Disk (KB)            :       29        1   4228056
	   Memory (MB)          :       94     4000      4000
...
