000 (2325790.6568.000) 05/26 19:50:42 Job submitted from host: <137.138.44.75:9618?addrs=137.138.44.75-9618&noUDP&sock=3998_dfba_3>
...
001 (2325790.6568.000) 05/26 20:04:40 Job executing on host: <188.184.206.65:9618?addrs=188.184.206.65-9618+[2001-1458-301-7d--100-241]-9618&noUDP&sock=19566_3a1f_3>
...
006 (2325790.6568.000) 05/26 20:04:49 Image size of job updated: 298128
	290  -  MemoryUsage of job (MB)
	296000  -  ResidentSetSize of job (KB)
...
006 (2325790.6568.000) 05/26 20:05:50 Image size of job updated: 727564
	290  -  MemoryUsage of job (MB)
	296192  -  ResidentSetSize of job (KB)
...
005 (2325790.6568.000) 05/26 20:05:51 Job terminated.
	(1) Normal termination (return value 0)
		Usr 0 00:00:56, Sys 0 00:00:02  -  Run Remote Usage
		Usr 0 00:00:00, Sys 0 00:00:00  -  Run Local Usage
		Usr 0 00:00:56, Sys 0 00:00:02  -  Total Remote Usage
		Usr 0 00:00:00, Sys 0 00:00:00  -  Total Local Usage
	9192  -  Run Bytes Sent By Job
	436  -  Run Bytes Received By Job
	9192  -  Total Bytes Sent By Job
	436  -  Total Bytes Received By Job
	Partitionable Resources :    Usage  Request Allocated
	   Cpus                 :                 2         2
	   Disk (KB)            :       29        1   2115267
	   Memory (MB)          :      290     4000      4000
...
