000 (2325790.8980.000) 05/26 19:50:48 Job submitted from host: <137.138.44.75:9618?addrs=137.138.44.75-9618&noUDP&sock=3998_dfba_3>
...
001 (2325790.8980.000) 05/26 20:07:43 Job executing on host: <188.184.204.87:9618?addrs=188.184.204.87-9618+[2001-1458-301-7d--100-71]-9618&noUDP&sock=19527_79ee_3>
...
006 (2325790.8980.000) 05/26 20:07:52 Image size of job updated: 329396
	320  -  MemoryUsage of job (MB)
	326744  -  ResidentSetSize of job (KB)
...
006 (2325790.8980.000) 05/26 20:10:23 Image size of job updated: 329396
	320  -  MemoryUsage of job (MB)
	326752  -  ResidentSetSize of job (KB)
...
005 (2325790.8980.000) 05/26 20:10:33 Job terminated.
	(1) Normal termination (return value 0)
		Usr 0 00:00:46, Sys 0 00:00:02  -  Run Remote Usage
		Usr 0 00:00:00, Sys 0 00:00:00  -  Run Local Usage
		Usr 0 00:00:46, Sys 0 00:00:02  -  Total Remote Usage
		Usr 0 00:00:00, Sys 0 00:00:00  -  Total Local Usage
	9199  -  Run Bytes Sent By Job
	436  -  Run Bytes Received By Job
	9199  -  Total Bytes Sent By Job
	436  -  Total Bytes Received By Job
	Partitionable Resources :    Usage  Request Allocated
	   Cpus                 :                 2         2
	   Disk (KB)            :       31        1   2115357
	   Memory (MB)          :      320     4000      4000
...
