000 (2325790.13679.000) 05/26 19:51:01 Job submitted from host: <137.138.44.75:9618?addrs=137.138.44.75-9618&noUDP&sock=3998_dfba_3>
...
001 (2325790.13679.000) 05/26 20:13:16 Job executing on host: <128.142.96.28:9618?addrs=128.142.96.28-9618+[2001-1458-301-87--100-1c]-9618&noUDP&sock=17033_ccbb_3>
...
006 (2325790.13679.000) 05/26 20:13:26 Image size of job updated: 95532
	94  -  MemoryUsage of job (MB)
	95516  -  ResidentSetSize of job (KB)
...
006 (2325790.13679.000) 05/26 20:15:24 Image size of job updated: 234288
	94  -  MemoryUsage of job (MB)
	95516  -  ResidentSetSize of job (KB)
...
005 (2325790.13679.000) 05/26 20:15:24 Job terminated.
	(1) Normal termination (return value 0)
		Usr 0 00:00:43, Sys 0 00:00:02  -  Run Remote Usage
		Usr 0 00:00:00, Sys 0 00:00:00  -  Run Local Usage
		Usr 0 00:00:43, Sys 0 00:00:02  -  Total Remote Usage
		Usr 0 00:00:00, Sys 0 00:00:00  -  Total Local Usage
	9206  -  Run Bytes Sent By Job
	436  -  Run Bytes Received By Job
	9206  -  Total Bytes Sent By Job
	436  -  Total Bytes Received By Job
	Partitionable Resources :    Usage  Request Allocated
	   Cpus                 :                 2         2
	   Disk (KB)            :       30        1   4159342
	   Memory (MB)          :       94     4000      4000
...
