000 (2325790.10465.000) 05/26 19:50:52 Job submitted from host: <137.138.44.75:9618?addrs=137.138.44.75-9618&noUDP&sock=3998_dfba_3>
...
001 (2325790.10465.000) 05/26 20:09:18 Job executing on host: <188.184.207.101:9618?addrs=188.184.207.101-9618+[2001-1458-301-7d--100-339]-9618&noUDP&sock=19624_029d_3>
...
006 (2325790.10465.000) 05/26 20:09:27 Image size of job updated: 251308
	246  -  MemoryUsage of job (MB)
	251308  -  ResidentSetSize of job (KB)
...
006 (2325790.10465.000) 05/26 20:11:05 Image size of job updated: 1387184
	246  -  MemoryUsage of job (MB)
	251308  -  ResidentSetSize of job (KB)
...
005 (2325790.10465.000) 05/26 20:11:09 Job terminated.
	(1) Normal termination (return value 0)
		Usr 0 00:00:37, Sys 0 00:00:02  -  Run Remote Usage
		Usr 0 00:00:00, Sys 0 00:00:00  -  Run Local Usage
		Usr 0 00:00:37, Sys 0 00:00:02  -  Total Remote Usage
		Usr 0 00:00:00, Sys 0 00:00:00  -  Total Local Usage
	9200  -  Run Bytes Sent By Job
	436  -  Run Bytes Received By Job
	9200  -  Total Bytes Sent By Job
	436  -  Total Bytes Received By Job
	Partitionable Resources :    Usage  Request Allocated
	   Cpus                 :                 2         2
	   Disk (KB)            :       30        1   2115091
	   Memory (MB)          :      246     4000      4000
...
