000 (2325790.2559.000) 05/26 19:50:32 Job submitted from host: <137.138.44.75:9618?addrs=137.138.44.75-9618&noUDP&sock=3998_dfba_3>
...
001 (2325790.2559.000) 05/26 20:01:02 Job executing on host: <128.142.133.247:9618?addrs=128.142.133.247-9618+[2001-1458-301-32--100-f1]-9618&noUDP&sock=4734_b56e_3>
...
006 (2325790.2559.000) 05/26 20:01:11 Image size of job updated: 94488
	93  -  MemoryUsage of job (MB)
	94420  -  ResidentSetSize of job (KB)
...
006 (2325790.2559.000) 05/26 20:02:51 Image size of job updated: 568188
	93  -  MemoryUsage of job (MB)
	94420  -  ResidentSetSize of job (KB)
...
005 (2325790.2559.000) 05/26 20:02:52 Job terminated.
	(1) Normal termination (return value 0)
		Usr 0 00:00:48, Sys 0 00:00:02  -  Run Remote Usage
		Usr 0 00:00:00, Sys 0 00:00:00  -  Run Local Usage
		Usr 0 00:00:48, Sys 0 00:00:02  -  Total Remote Usage
		Usr 0 00:00:00, Sys 0 00:00:00  -  Total Local Usage
	9111  -  Run Bytes Sent By Job
	436  -  Run Bytes Received By Job
	9111  -  Total Bytes Sent By Job
	436  -  Total Bytes Received By Job
	Partitionable Resources :    Usage  Request Allocated
	   Cpus                 :                 2         2
	   Disk (KB)            :       29        1   2196652
	   Memory (MB)          :       93     4000      4000
...
