000 (2325790.13955.000) 05/26 19:51:02 Job submitted from host: <137.138.44.75:9618?addrs=137.138.44.75-9618&noUDP&sock=3998_dfba_3>
...
001 (2325790.13955.000) 05/26 20:13:29 Job executing on host: <188.184.206.192:9618?addrs=188.184.206.192-9618+[2001-1458-301-7d--100-2b7]-9618&noUDP&sock=19545_d2a2_3>
...
006 (2325790.13955.000) 05/26 20:13:37 Image size of job updated: 90308
	86  -  MemoryUsage of job (MB)
	87656  -  ResidentSetSize of job (KB)
...
006 (2325790.13955.000) 05/26 20:15:43 Image size of job updated: 1380164
	87  -  MemoryUsage of job (MB)
	88332  -  ResidentSetSize of job (KB)
...
005 (2325790.13955.000) 05/26 20:15:43 Job terminated.
	(1) Normal termination (return value 0)
		Usr 0 00:00:37, Sys 0 00:00:01  -  Run Remote Usage
		Usr 0 00:00:00, Sys 0 00:00:00  -  Run Local Usage
		Usr 0 00:00:37, Sys 0 00:00:01  -  Total Remote Usage
		Usr 0 00:00:00, Sys 0 00:00:00  -  Total Local Usage
	9200  -  Run Bytes Sent By Job
	436  -  Run Bytes Received By Job
	9200  -  Total Bytes Sent By Job
	436  -  Total Bytes Received By Job
	Partitionable Resources :    Usage  Request Allocated
	   Cpus                 :                 2         2
	   Disk (KB)            :       31        1   2120232
	   Memory (MB)          :       87     4000      4000
...
