000 (2325790.3897.000) 05/26 19:50:36 Job submitted from host: <137.138.44.75:9618?addrs=137.138.44.75-9618&noUDP&sock=3998_dfba_3>
...
001 (2325790.3897.000) 05/26 20:01:05 Job executing on host: <188.184.204.60:9618?addrs=188.184.204.60-9618+[2001-1458-301-7d--100-48]-9618&noUDP&sock=19492_781d_3>
...
006 (2325790.3897.000) 05/26 20:01:13 Image size of job updated: 248488
	241  -  MemoryUsage of job (MB)
	245792  -  ResidentSetSize of job (KB)
...
006 (2325790.3897.000) 05/26 20:03:18 Image size of job updated: 694860
	241  -  MemoryUsage of job (MB)
	245800  -  ResidentSetSize of job (KB)
...
005 (2325790.3897.000) 05/26 20:03:19 Job terminated.
	(1) Normal termination (return value 0)
		Usr 0 00:00:57, Sys 0 00:00:03  -  Run Remote Usage
		Usr 0 00:00:00, Sys 0 00:00:00  -  Run Local Usage
		Usr 0 00:00:57, Sys 0 00:00:03  -  Total Remote Usage
		Usr 0 00:00:00, Sys 0 00:00:00  -  Total Local Usage
	9193  -  Run Bytes Sent By Job
	436  -  Run Bytes Received By Job
	9193  -  Total Bytes Sent By Job
	436  -  Total Bytes Received By Job
	Partitionable Resources :    Usage  Request Allocated
	   Cpus                 :                 2         2
	   Disk (KB)            :       30        1   2137581
	   Memory (MB)          :      241     4000      4000
...
