000 (2325790.2942.000) 05/26 19:50:33 Job submitted from host: <137.138.44.75:9618?addrs=137.138.44.75-9618&noUDP&sock=3998_dfba_3>
...
001 (2325790.2942.000) 05/26 19:59:14 Job executing on host: <188.184.186.163:9618?addrs=188.184.186.163-9618+[2001-1458-301-f8--100-95]-9618&noUDP&sock=16597_bd70_3>
...
006 (2325790.2942.000) 05/26 19:59:23 Image size of job updated: 174404
	168  -  MemoryUsage of job (MB)
	171596  -  ResidentSetSize of job (KB)
...
006 (2325790.2942.000) 05/26 20:01:40 Image size of job updated: 635448
	168  -  MemoryUsage of job (MB)
	171596  -  ResidentSetSize of job (KB)
...
005 (2325790.2942.000) 05/26 20:01:48 Job terminated.
	(1) Normal termination (return value 0)
		Usr 0 00:00:59, Sys 0 00:00:03  -  Run Remote Usage
		Usr 0 00:00:00, Sys 0 00:00:00  -  Run Local Usage
		Usr 0 00:00:59, Sys 0 00:00:03  -  Total Remote Usage
		Usr 0 00:00:00, Sys 0 00:00:00  -  Total Local Usage
	9156  -  Run Bytes Sent By Job
	436  -  Run Bytes Received By Job
	9156  -  Total Bytes Sent By Job
	436  -  Total Bytes Received By Job
	Partitionable Resources :    Usage  Request Allocated
	   Cpus                 :                 2         2
	   Disk (KB)            :       31        1   2115567
	   Memory (MB)          :      168     4000      4000
...
