000 (2325790.10452.000) 05/26 19:50:52 Job submitted from host: <137.138.44.75:9618?addrs=137.138.44.75-9618&noUDP&sock=3998_dfba_3>
...
001 (2325790.10452.000) 05/26 20:09:18 Job executing on host: <188.184.204.40:9618?addrs=188.184.204.40-9618+[2001-1458-301-7d--100-20]-9618&noUDP&sock=19488_b9bc_3>
...
006 (2325790.10452.000) 05/26 20:09:26 Image size of job updated: 218924
	214  -  MemoryUsage of job (MB)
	218788  -  ResidentSetSize of job (KB)
...
006 (2325790.10452.000) 05/26 20:10:13 Image size of job updated: 218924
	230  -  MemoryUsage of job (MB)
	234944  -  ResidentSetSize of job (KB)
...
005 (2325790.10452.000) 05/26 20:10:20 Job terminated.
	(1) Normal termination (return value 0)
		Usr 0 00:00:38, Sys 0 00:00:02  -  Run Remote Usage
		Usr 0 00:00:00, Sys 0 00:00:00  -  Run Local Usage
		Usr 0 00:00:38, Sys 0 00:00:02  -  Total Remote Usage
		Usr 0 00:00:00, Sys 0 00:00:00  -  Total Local Usage
	9197  -  Run Bytes Sent By Job
	436  -  Run Bytes Received By Job
	9197  -  Total Bytes Sent By Job
	436  -  Total Bytes Received By Job
	Partitionable Resources :    Usage  Request Allocated
	   Cpus                 :                 2         2
	   Disk (KB)            :       29        1   2204121
	   Memory (MB)          :      230     4000      4000
...
