000 (2325790.6434.000) 05/26 19:50:42 Job submitted from host: <137.138.44.75:9618?addrs=137.138.44.75-9618&noUDP&sock=3998_dfba_3>
...
001 (2325790.6434.000) 05/26 20:04:29 Job executing on host: <188.184.205.138:9618?addrs=188.184.205.138-9618+[2001-1458-301-7d--100-199]-9618&noUDP&sock=19482_9c2b_3>
...
006 (2325790.6434.000) 05/26 20:04:37 Image size of job updated: 220200
	214  -  MemoryUsage of job (MB)
	218836  -  ResidentSetSize of job (KB)
...
006 (2325790.6434.000) 05/26 20:06:41 Image size of job updated: 726424
	214  -  MemoryUsage of job (MB)
	218836  -  ResidentSetSize of job (KB)
...
005 (2325790.6434.000) 05/26 20:06:47 Job terminated.
	(1) Normal termination (return value 0)
		Usr 0 00:01:00, Sys 0 00:00:03  -  Run Remote Usage
		Usr 0 00:00:00, Sys 0 00:00:00  -  Run Local Usage
		Usr 0 00:01:00, Sys 0 00:00:03  -  Total Remote Usage
		Usr 0 00:00:00, Sys 0 00:00:00  -  Total Local Usage
	9187  -  Run Bytes Sent By Job
	436  -  Run Bytes Received By Job
	9187  -  Total Bytes Sent By Job
	436  -  Total Bytes Received By Job
	Partitionable Resources :    Usage  Request Allocated
	   Cpus                 :                 2         2
	   Disk (KB)            :       31        1   2187103
	   Memory (MB)          :      214     4000      4000
...
