000 (2325790.496.000) 05/26 19:50:26 Job submitted from host: <137.138.44.75:9618?addrs=137.138.44.75-9618&noUDP&sock=3998_dfba_3>
...
001 (2325790.496.000) 05/26 19:55:51 Job executing on host: <188.184.207.110:9618?addrs=188.184.207.110-9618+[2001-1458-301-7d--100-36a]-9618&noUDP&sock=19540_64a9_3>
...
006 (2325790.496.000) 05/26 19:56:00 Image size of job updated: 92196
	82  -  MemoryUsage of job (MB)
	83612  -  ResidentSetSize of job (KB)
...
005 (2325790.496.000) 05/26 19:58:09 Job terminated.
	(1) Normal termination (return value 0)
		Usr 0 00:00:58, Sys 0 00:00:02  -  Run Remote Usage
		Usr 0 00:00:00, Sys 0 00:00:00  -  Run Local Usage
		Usr 0 00:00:58, Sys 0 00:00:02  -  Total Remote Usage
		Usr 0 00:00:00, Sys 0 00:00:00  -  Total Local Usage
	9191  -  Run Bytes Sent By Job
	436  -  Run Bytes Received By Job
	9191  -  Total Bytes Sent By Job
	436  -  Total Bytes Received By Job
	Partitionable Resources :    Usage  Request Allocated
	   Cpus                 :                 2         2
	   Disk (KB)            :       30        1   2219750
	   Memory (MB)          :       82     4000      4000
...
