000 (2325790.11802.000) 05/26 19:50:57 Job submitted from host: <137.138.44.75:9618?addrs=137.138.44.75-9618&noUDP&sock=3998_dfba_3>
...
001 (2325790.11802.000) 05/26 20:10:53 Job executing on host: <128.142.102.12:9618?addrs=128.142.102.12-9618+[2001-1458-301-89--100-228]-9618&noUDP&sock=15921_0f6a_3>
...
006 (2325790.11802.000) 05/26 20:11:01 Image size of job updated: 259376
	251  -  MemoryUsage of job (MB)
	256568  -  ResidentSetSize of job (KB)
...
006 (2325790.11802.000) 05/26 20:12:59 Image size of job updated: 259376
	251  -  MemoryUsage of job (MB)
	256616  -  ResidentSetSize of job (KB)
...
005 (2325790.11802.000) 05/26 20:13:13 Job terminated.
	(1) Normal termination (return value 0)
		Usr 0 00:00:45, Sys 0 00:00:02  -  Run Remote Usage
		Usr 0 00:00:00, Sys 0 00:00:00  -  Run Local Usage
		Usr 0 00:00:45, Sys 0 00:00:02  -  Total Remote Usage
		Usr 0 00:00:00, Sys 0 00:00:00  -  Total Local Usage
	9206  -  Run Bytes Sent By Job
	436  -  Run Bytes Received By Job
	9206  -  Total Bytes Sent By Job
	436  -  Total Bytes Received By Job
	Partitionable Resources :    Usage  Request Allocated
	   Cpus                 :                 2         2
	   Disk (KB)            :       30        1   2180366
	   Memory (MB)          :      251     4000      4000
...
