000 (2325790.6790.000) 05/26 19:50:43 Job submitted from host: <137.138.44.75:9618?addrs=137.138.44.75-9618&noUDP&sock=3998_dfba_3>
...
001 (2325790.6790.000) 05/26 20:05:00 Job executing on host: <188.184.207.51:9618?addrs=188.184.207.51-9618+[2001-1458-301-7d--100-336]-9618&noUDP&sock=19456_c6b4_3>
...
006 (2325790.6790.000) 05/26 20:05:10 Image size of job updated: 286656
	278  -  MemoryUsage of job (MB)
	284324  -  ResidentSetSize of job (KB)
...
006 (2325790.6790.000) 05/26 20:07:10 Image size of job updated: 624792
	278  -  MemoryUsage of job (MB)
	284456  -  ResidentSetSize of job (KB)
...
005 (2325790.6790.000) 05/26 20:07:10 Job terminated.
	(1) Normal termination (return value 0)
		Usr 0 00:00:59, Sys 0 00:00:02  -  Run Remote Usage
		Usr 0 00:00:00, Sys 0 00:00:00  -  Run Local Usage
		Usr 0 00:00:59, Sys 0 00:00:02  -  Total Remote Usage
		Usr 0 00:00:00, Sys 0 00:00:00  -  Total Local Usage
	9193  -  Run Bytes Sent By Job
	436  -  Run Bytes Received By Job
	9193  -  Total Bytes Sent By Job
	436  -  Total Bytes Received By Job
	Partitionable Resources :    Usage  Request Allocated
	   Cpus                 :                 2         2
	   Disk (KB)            :       30        1   2167784
	   Memory (MB)          :      278     4000      4000
...
