000 (2325790.4047.000) 05/26 19:50:36 Job submitted from host: <137.138.44.75:9618?addrs=137.138.44.75-9618&noUDP&sock=3998_dfba_3>
...
001 (2325790.4047.000) 05/26 20:01:15 Job executing on host: <188.184.167.190:9618?addrs=188.184.167.190-9618+[--1]-9618&noUDP&sock=4666_10fd_3>
...
006 (2325790.4047.000) 05/26 20:01:24 Image size of job updated: 94336
	90  -  MemoryUsage of job (MB)
	91528  -  ResidentSetSize of job (KB)
...
006 (2325790.4047.000) 05/26 20:04:30 Image size of job updated: 745696
	90  -  MemoryUsage of job (MB)
	91528  -  ResidentSetSize of job (KB)
...
005 (2325790.4047.000) 05/26 20:04:30 Job terminated.
	(1) Normal termination (return value 0)
		Usr 0 00:01:00, Sys 0 00:00:03  -  Run Remote Usage
		Usr 0 00:00:00, Sys 0 00:00:00  -  Run Local Usage
		Usr 0 00:01:00, Sys 0 00:00:03  -  Total Remote Usage
		Usr 0 00:00:00, Sys 0 00:00:00  -  Total Local Usage
	9191  -  Run Bytes Sent By Job
	436  -  Run Bytes Received By Job
	9191  -  Total Bytes Sent By Job
	436  -  Total Bytes Received By Job
	Partitionable Resources :    Usage  Request Allocated
	   Cpus                 :                 2         2
	   Disk (KB)            :       32        1   1705625
	   Memory (MB)          :       90     4000      4000
...
