000 (2325790.6282.000) 05/26 19:50:42 Job submitted from host: <137.138.44.75:9618?addrs=137.138.44.75-9618&noUDP&sock=3998_dfba_3>
...
001 (2325790.6282.000) 05/26 20:04:17 Job executing on host: <188.184.204.248:9618?addrs=188.184.204.248-9618+[2001-1458-301-7d--100-10e]-9618&noUDP&sock=19648_78e3_3>
...
006 (2325790.6282.000) 05/26 20:04:25 Image size of job updated: 242336
	234  -  MemoryUsage of job (MB)
	239544  -  ResidentSetSize of job (KB)
...
006 (2325790.6282.000) 05/26 20:05:08 Image size of job updated: 736372
	234  -  MemoryUsage of job (MB)
	239588  -  ResidentSetSize of job (KB)
...
005 (2325790.6282.000) 05/26 20:05:09 Job terminated.
	(1) Normal termination (return value 0)
		Usr 0 00:00:37, Sys 0 00:00:01  -  Run Remote Usage
		Usr 0 00:00:00, Sys 0 00:00:00  -  Run Local Usage
		Usr 0 00:00:37, Sys 0 00:00:01  -  Total Remote Usage
		Usr 0 00:00:00, Sys 0 00:00:00  -  Total Local Usage
	8287  -  Run Bytes Sent By Job
	436  -  Run Bytes Received By Job
	8287  -  Total Bytes Sent By Job
	436  -  Total Bytes Received By Job
	Partitionable Resources :    Usage  Request Allocated
	   Cpus                 :                 2         2
	   Disk (KB)            :       28        1   2212348
	   Memory (MB)          :      234     4000      4000
...
