000 (2325790.7114.000) 05/26 19:50:44 Job submitted from host: <137.138.44.75:9618?addrs=137.138.44.75-9618&noUDP&sock=3998_dfba_3>
...
001 (2325790.7114.000) 05/26 20:05:25 Job executing on host: <188.184.205.227:9618?addrs=188.184.205.227-9618+[2001-1458-301-7d--100-1ee]-9618&noUDP&sock=19469_b16f_3>
...
006 (2325790.7114.000) 05/26 20:05:34 Image size of job updated: 95348
	91  -  MemoryUsage of job (MB)
	92556  -  ResidentSetSize of job (KB)
...
006 (2325790.7114.000) 05/26 20:08:49 Image size of job updated: 266748
	94  -  MemoryUsage of job (MB)
	95612  -  ResidentSetSize of job (KB)
...
005 (2325790.7114.000) 05/26 20:08:55 Job terminated.
	(1) Normal termination (return value 0)
		Usr 0 00:00:43, Sys 0 00:00:02  -  Run Remote Usage
		Usr 0 00:00:00, Sys 0 00:00:00  -  Run Local Usage
		Usr 0 00:00:43, Sys 0 00:00:02  -  Total Remote Usage
		Usr 0 00:00:00, Sys 0 00:00:00  -  Total Local Usage
	9155  -  Run Bytes Sent By Job
	436  -  Run Bytes Received By Job
	9155  -  Total Bytes Sent By Job
	436  -  Total Bytes Received By Job
	Partitionable Resources :    Usage  Request Allocated
	   Cpus                 :                 2         2
	   Disk (KB)            :       32        1   2214630
	   Memory (MB)          :       94     4000      4000
...
