000 (2325790.6203.000) 05/26 19:50:41 Job submitted from host: <137.138.44.75:9618?addrs=137.138.44.75-9618&noUDP&sock=3998_dfba_3>
...
001 (2325790.6203.000) 05/26 20:04:10 Job executing on host: <188.184.207.57:9618?addrs=188.184.207.57-9618+[2001-1458-301-7d--100-335]-9618&noUDP&sock=19567_e9b7_3>
...
006 (2325790.6203.000) 05/26 20:04:19 Image size of job updated: 92000
	88  -  MemoryUsage of job (MB)
	89208  -  ResidentSetSize of job (KB)
...
006 (2325790.6203.000) 05/26 20:06:13 Image size of job updated: 719484
	88  -  MemoryUsage of job (MB)
	89208  -  ResidentSetSize of job (KB)
...
005 (2325790.6203.000) 05/26 20:06:25 Job terminated.
	(1) Normal termination (return value 0)
		Usr 0 00:00:40, Sys 0 00:00:02  -  Run Remote Usage
		Usr 0 00:00:00, Sys 0 00:00:00  -  Run Local Usage
		Usr 0 00:00:40, Sys 0 00:00:02  -  Total Remote Usage
		Usr 0 00:00:00, Sys 0 00:00:00  -  Total Local Usage
	8288  -  Run Bytes Sent By Job
	436  -  Run Bytes Received By Job
	8288  -  Total Bytes Sent By Job
	436  -  Total Bytes Received By Job
	Partitionable Resources :    Usage  Request Allocated
	   Cpus                 :                 2         2
	   Disk (KB)            :       29        1   2193997
	   Memory (MB)          :       88     4000      4000
...
