000 (2325790.659.000) 05/26 19:50:27 Job submitted from host: <137.138.44.75:9618?addrs=137.138.44.75-9618&noUDP&sock=3998_dfba_3>
...
001 (2325790.659.000) 05/26 19:56:42 Job executing on host: <188.184.206.104:9618?addrs=188.184.206.104-9618+[2001-1458-301-7d--100-277]-9618&noUDP&sock=19552_9fcc_3>
...
006 (2325790.659.000) 05/26 19:56:51 Image size of job updated: 233812
	203  -  MemoryUsage of job (MB)
	207784  -  ResidentSetSize of job (KB)
...
006 (2325790.659.000) 05/26 19:57:54 Image size of job updated: 707708
	203  -  MemoryUsage of job (MB)
	207784  -  ResidentSetSize of job (KB)
...
005 (2325790.659.000) 05/26 19:57:55 Job terminated.
	(1) Normal termination (return value 0)
		Usr 0 00:00:52, Sys 0 00:00:02  -  Run Remote Usage
		Usr 0 00:00:00, Sys 0 00:00:00  -  Run Local Usage
		Usr 0 00:00:52, Sys 0 00:00:02  -  Total Remote Usage
		Usr 0 00:00:00, Sys 0 00:00:00  -  Total Local Usage
	9189  -  Run Bytes Sent By Job
	436  -  Run Bytes Received By Job
	9189  -  Total Bytes Sent By Job
	436  -  Total Bytes Received By Job
	Partitionable Resources :    Usage  Request Allocated
	   Cpus                 :                 2         2
	   Disk (KB)            :       29        1   2103223
	   Memory (MB)          :      203     4000      4000
...
