000 (2325790.8402.000) 05/26 19:50:47 Job submitted from host: <137.138.44.75:9618?addrs=137.138.44.75-9618&noUDP&sock=3998_dfba_3>
...
001 (2325790.8402.000) 05/26 20:07:01 Job executing on host: <188.184.204.110:9618?addrs=188.184.204.110-9618+[2001-1458-301-7d--100-6c]-9618&noUDP&sock=19590_b065_3>
...
006 (2325790.8402.000) 05/26 20:07:09 Image size of job updated: 254952
	247  -  MemoryUsage of job (MB)
	252296  -  ResidentSetSize of job (KB)
...
006 (2325790.8402.000) 05/26 20:08:16 Image size of job updated: 1475124
	247  -  MemoryUsage of job (MB)
	252448  -  ResidentSetSize of job (KB)
...
005 (2325790.8402.000) 05/26 20:08:18 Job terminated.
	(1) Normal termination (return value 0)
		Usr 0 00:00:42, Sys 0 00:00:02  -  Run Remote Usage
		Usr 0 00:00:00, Sys 0 00:00:00  -  Run Local Usage
		Usr 0 00:00:42, Sys 0 00:00:02  -  Total Remote Usage
		Usr 0 00:00:00, Sys 0 00:00:00  -  Total Local Usage
	9195  -  Run Bytes Sent By Job
	436  -  Run Bytes Received By Job
	9195  -  Total Bytes Sent By Job
	436  -  Total Bytes Received By Job
	Partitionable Resources :    Usage  Request Allocated
	   Cpus                 :                 2         2
	   Disk (KB)            :       29        1   2111911
	   Memory (MB)          :      247     4000      4000
...
