000 (2325790.9275.000) 05/26 19:50:49 Job submitted from host: <137.138.44.75:9618?addrs=137.138.44.75-9618&noUDP&sock=3998_dfba_3>
...
001 (2325790.9275.000) 05/26 20:07:59 Job executing on host: <188.184.205.4:9618?addrs=188.184.205.4-9618+[2001-1458-301-7d--100-10c]-9618&noUDP&sock=19577_c5aa_3>
...
006 (2325790.9275.000) 05/26 20:08:08 Image size of job updated: 271848
	263  -  MemoryUsage of job (MB)
	269108  -  ResidentSetSize of job (KB)
...
006 (2325790.9275.000) 05/26 20:08:53 Image size of job updated: 271848
	264  -  MemoryUsage of job (MB)
	270092  -  ResidentSetSize of job (KB)
...
005 (2325790.9275.000) 05/26 20:09:02 Job terminated.
	(1) Normal termination (return value 0)
		Usr 0 00:00:38, Sys 0 00:00:02  -  Run Remote Usage
		Usr 0 00:00:00, Sys 0 00:00:00  -  Run Local Usage
		Usr 0 00:00:38, Sys 0 00:00:02  -  Total Remote Usage
		Usr 0 00:00:00, Sys 0 00:00:00  -  Total Local Usage
	9196  -  Run Bytes Sent By Job
	436  -  Run Bytes Received By Job
	9196  -  Total Bytes Sent By Job
	436  -  Total Bytes Received By Job
	Partitionable Resources :    Usage  Request Allocated
	   Cpus                 :                 2         2
	   Disk (KB)            :       29        1   2194378
	   Memory (MB)          :      264     4000      4000
...
