000 (2325790.5973.000) 05/26 19:50:41 Job submitted from host: <137.138.44.75:9618?addrs=137.138.44.75-9618&noUDP&sock=3998_dfba_3>
...
001 (2325790.5973.000) 05/26 20:03:48 Job executing on host: <188.184.133.91:9618?addrs=188.184.133.91-9618+[2001-1458-301-a0--100-157]-9618&noUDP&sock=16602_2b69_3>
...
006 (2325790.5973.000) 05/26 20:03:57 Image size of job updated: 308988
	300  -  MemoryUsage of job (MB)
	306180  -  ResidentSetSize of job (KB)
...
006 (2325790.5973.000) 05/26 20:05:45 Image size of job updated: 1787796
	300  -  MemoryUsage of job (MB)
	306364  -  ResidentSetSize of job (KB)
...
005 (2325790.5973.000) 05/26 20:05:45 Job terminated.
	(1) Normal termination (return value 0)
		Usr 0 00:00:55, Sys 0 00:00:02  -  Run Remote Usage
		Usr 0 00:00:00, Sys 0 00:00:00  -  Run Local Usage
		Usr 0 00:00:55, Sys 0 00:00:02  -  Total Remote Usage
		Usr 0 00:00:00, Sys 0 00:00:00  -  Total Local Usage
	9152  -  Run Bytes Sent By Job
	436  -  Run Bytes Received By Job
	9152  -  Total Bytes Sent By Job
	436  -  Total Bytes Received By Job
	Partitionable Resources :    Usage  Request Allocated
	   Cpus                 :                 2         2
	   Disk (KB)            :       30        1   2152322
	   Memory (MB)          :      300     4000      4000
...
