000 (2325790.2838.000) 05/26 19:50:33 Job submitted from host: <137.138.44.75:9618?addrs=137.138.44.75-9618&noUDP&sock=3998_dfba_3>
...
001 (2325790.2838.000) 05/26 20:02:12 Job executing on host: <188.184.138.198:9618?addrs=188.184.138.198-9618+[2001-1458-301-45--100-bc]-9618&noUDP&sock=5698_eeba_3>
...
006 (2325790.2838.000) 05/26 20:02:21 Image size of job updated: 359140
	351  -  MemoryUsage of job (MB)
	359124  -  ResidentSetSize of job (KB)
...
006 (2325790.2838.000) 05/26 20:03:24 Image size of job updated: 684992
	351  -  MemoryUsage of job (MB)
	359124  -  ResidentSetSize of job (KB)
...
005 (2325790.2838.000) 05/26 20:03:25 Job terminated.
	(1) Normal termination (return value 0)
		Usr 0 00:00:47, Sys 0 00:00:02  -  Run Remote Usage
		Usr 0 00:00:00, Sys 0 00:00:00  -  Run Local Usage
		Usr 0 00:00:47, Sys 0 00:00:02  -  Total Remote Usage
		Usr 0 00:00:00, Sys 0 00:00:00  -  Total Local Usage
	9189  -  Run Bytes Sent By Job
	436  -  Run Bytes Received By Job
	9189  -  Total Bytes Sent By Job
	436  -  Total Bytes Received By Job
	Partitionable Resources :    Usage  Request Allocated
	   Cpus                 :                 2         2
	   Disk (KB)            :       29        1   2944404
	   Memory (MB)          :      351     4000      4000
...
