000 (2325790.6636.000) 05/26 19:50:43 Job submitted from host: <137.138.44.75:9618?addrs=137.138.44.75-9618&noUDP&sock=3998_dfba_3>
...
001 (2325790.6636.000) 05/26 20:04:45 Job executing on host: <188.184.204.107:9618?addrs=188.184.204.107-9618+[2001-1458-301-7d--100-7a]-9618&noUDP&sock=19633_2ef8_3>
...
006 (2325790.6636.000) 05/26 20:04:54 Image size of job updated: 241272
	236  -  MemoryUsage of job (MB)
	241140  -  ResidentSetSize of job (KB)
...
006 (2325790.6636.000) 05/26 20:07:15 Image size of job updated: 724836
	236  -  MemoryUsage of job (MB)
	241156  -  ResidentSetSize of job (KB)
...
005 (2325790.6636.000) 05/26 20:07:18 Job terminated.
	(1) Normal termination (return value 0)
		Usr 0 00:00:57, Sys 0 00:00:02  -  Run Remote Usage
		Usr 0 00:00:00, Sys 0 00:00:00  -  Run Local Usage
		Usr 0 00:00:57, Sys 0 00:00:02  -  Total Remote Usage
		Usr 0 00:00:00, Sys 0 00:00:00  -  Total Local Usage
	9154  -  Run Bytes Sent By Job
	436  -  Run Bytes Received By Job
	9154  -  Total Bytes Sent By Job
	436  -  Total Bytes Received By Job
	Partitionable Resources :    Usage  Request Allocated
	   Cpus                 :                 2         2
	   Disk (KB)            :       31        1   2204990
	   Memory (MB)          :      236     4000      4000
...
