000 (2325790.14457.000) 05/26 19:51:03 Job submitted from host: <137.138.44.75:9618?addrs=137.138.44.75-9618&noUDP&sock=3998_dfba_3>
...
001 (2325790.14457.000) 05/26 20:13:57 Job executing on host: <188.184.204.184:9618?addrs=188.184.204.184-9618+[2001-1458-301-7d--100-a6]-9618&noUDP&sock=19494_d74e_3>
...
006 (2325790.14457.000) 05/26 20:14:05 Image size of job updated: 92876
	89  -  MemoryUsage of job (MB)
	90136  -  ResidentSetSize of job (KB)
...
006 (2325790.14457.000) 05/26 20:19:05 Image size of job updated: 227036
	220  -  MemoryUsage of job (MB)
	224296  -  ResidentSetSize of job (KB)
...
006 (2325790.14457.000) 05/26 20:24:06 Image size of job updated: 544040
	529  -  MemoryUsage of job (MB)
	541300  -  ResidentSetSize of job (KB)
...
005 (2325790.14457.000) 05/26 20:25:24 Job terminated.
	(1) Normal termination (return value 0)
		Usr 0 00:00:39, Sys 0 00:00:02  -  Run Remote Usage
		Usr 0 00:00:00, Sys 0 00:00:00  -  Run Local Usage
		Usr 0 00:00:39, Sys 0 00:00:02  -  Total Remote Usage
		Usr 0 00:00:00, Sys 0 00:00:00  -  Total Local Usage
	9156  -  Run Bytes Sent By Job
	436  -  Run Bytes Received By Job
	9156  -  Total Bytes Sent By Job
	436  -  Total Bytes Received By Job
	Partitionable Resources :    Usage  Request Allocated
	   Cpus                 :                 2         2
	   Disk (KB)            :       42        1   2148183
	   Memory (MB)          :      529     4000      4000
...
