000 (2325790.7347.000) 05/26 19:50:44 Job submitted from host: <137.138.44.75:9618?addrs=137.138.44.75-9618&noUDP&sock=3998_dfba_3>
...
001 (2325790.7347.000) 05/26 20:05:44 Job executing on host: <188.184.206.157:9618?addrs=188.184.206.157-9618+[2001-1458-301-7d--100-2b3]-9618&noUDP&sock=19589_00cd_3>
...
006 (2325790.7347.000) 05/26 20:05:53 Image size of job updated: 333416
	326  -  MemoryUsage of job (MB)
	333324  -  ResidentSetSize of job (KB)
...
006 (2325790.7347.000) 05/26 20:06:38 Image size of job updated: 333416
	326  -  MemoryUsage of job (MB)
	333328  -  ResidentSetSize of job (KB)
...
005 (2325790.7347.000) 05/26 20:06:45 Job terminated.
	(1) Normal termination (return value 0)
		Usr 0 00:00:37, Sys 0 00:00:01  -  Run Remote Usage
		Usr 0 00:00:00, Sys 0 00:00:00  -  Run Local Usage
		Usr 0 00:00:37, Sys 0 00:00:01  -  Total Remote Usage
		Usr 0 00:00:00, Sys 0 00:00:00  -  Total Local Usage
	9194  -  Run Bytes Sent By Job
	436  -  Run Bytes Received By Job
	9194  -  Total Bytes Sent By Job
	436  -  Total Bytes Received By Job
	Partitionable Resources :    Usage  Request Allocated
	   Cpus                 :                 2         2
	   Disk (KB)            :       29        1   2138037
	   Memory (MB)          :      326     4000      4000
...
