000 (2325790.1351.000) 05/26 19:50:29 Job submitted from host: <137.138.44.75:9618?addrs=137.138.44.75-9618&noUDP&sock=3998_dfba_3>
...
001 (2325790.1351.000) 05/26 19:54:58 Job executing on host: <128.142.104.204:9618?addrs=128.142.104.204-9618+[2001-1458-301-8b--100-cb]-9618&noUDP&sock=16125_fcbc_3>
...
006 (2325790.1351.000) 05/26 19:55:07 Image size of job updated: 94312
	90  -  MemoryUsage of job (MB)
	91504  -  ResidentSetSize of job (KB)
...
006 (2325790.1351.000) 05/26 19:57:43 Image size of job updated: 746136
	90  -  MemoryUsage of job (MB)
	91504  -  ResidentSetSize of job (KB)
...
005 (2325790.1351.000) 05/26 19:57:45 Job terminated.
	(1) Normal termination (return value 0)
		Usr 0 00:00:42, Sys 0 00:00:01  -  Run Remote Usage
		Usr 0 00:00:00, Sys 0 00:00:00  -  Run Local Usage
		Usr 0 00:00:42, Sys 0 00:00:01  -  Total Remote Usage
		Usr 0 00:00:00, Sys 0 00:00:00  -  Total Local Usage
	9191  -  Run Bytes Sent By Job
	436  -  Run Bytes Received By Job
	9191  -  Total Bytes Sent By Job
	436  -  Total Bytes Received By Job
	Partitionable Resources :    Usage  Request Allocated
	   Cpus                 :                 2         2
	   Disk (KB)            :       31        1   2095154
	   Memory (MB)          :       90     4000      4000
...
