000 (2325790.444.000) 05/26 19:50:26 Job submitted from host: <137.138.44.75:9618?addrs=137.138.44.75-9618&noUDP&sock=3998_dfba_3>
...
001 (2325790.444.000) 05/26 19:55:30 Job executing on host: <188.184.204.166:9618?addrs=188.184.204.166-9618+[2001-1458-301-7d--100-a9]-9618&noUDP&sock=19522_0bf4_3>
...
006 (2325790.444.000) 05/26 19:55:39 Image size of job updated: 276936
	268  -  MemoryUsage of job (MB)
	274284  -  ResidentSetSize of job (KB)
...
006 (2325790.444.000) 05/26 19:56:53 Image size of job updated: 664540
	269  -  MemoryUsage of job (MB)
	274452  -  ResidentSetSize of job (KB)
...
005 (2325790.444.000) 05/26 19:56:54 Job terminated.
	(1) Normal termination (return value 0)
		Usr 0 00:00:59, Sys 0 00:00:02  -  Run Remote Usage
		Usr 0 00:00:00, Sys 0 00:00:00  -  Run Local Usage
		Usr 0 00:00:59, Sys 0 00:00:02  -  Total Remote Usage
		Usr 0 00:00:00, Sys 0 00:00:00  -  Total Local Usage
	9189  -  Run Bytes Sent By Job
	436  -  Run Bytes Received By Job
	9189  -  Total Bytes Sent By Job
	436  -  Total Bytes Received By Job
	Partitionable Resources :    Usage  Request Allocated
	   Cpus                 :                 2         2
	   Disk (KB)            :       29        1   2174601
	   Memory (MB)          :      269     4000      4000
...
