000 (2325790.1224.000) 05/26 19:50:28 Job submitted from host: <137.138.44.75:9618?addrs=137.138.44.75-9618&noUDP&sock=3998_dfba_3>
...
001 (2325790.1224.000) 05/26 19:53:53 Job executing on host: <188.184.206.25:9618?addrs=188.184.206.25-9618+[2001-1458-301-7d--100-23b]-9618&noUDP&sock=4690_8743_3>
...
006 (2325790.1224.000) 05/26 19:54:01 Image size of job updated: 307492
	298  -  MemoryUsage of job (MB)
	304700  -  ResidentSetSize of job (KB)
...
006 (2325790.1224.000) 05/26 19:54:53 Image size of job updated: 730864
	298  -  MemoryUsage of job (MB)
	304960  -  ResidentSetSize of job (KB)
...
005 (2325790.1224.000) 05/26 19:54:53 Job terminated.
	(1) Normal termination (return value 0)
		Usr 0 00:00:54, Sys 0 00:00:02  -  Run Remote Usage
		Usr 0 00:00:00, Sys 0 00:00:00  -  Run Local Usage
		Usr 0 00:00:54, Sys 0 00:00:02  -  Total Remote Usage
		Usr 0 00:00:00, Sys 0 00:00:00  -  Total Local Usage
	9193  -  Run Bytes Sent By Job
	436  -  Run Bytes Received By Job
	9193  -  Total Bytes Sent By Job
	436  -  Total Bytes Received By Job
	Partitionable Resources :    Usage  Request Allocated
	   Cpus                 :                 2         2
	   Disk (KB)            :       29        1   2206139
	   Memory (MB)          :      298     4000      4000
...
