000 (2325790.12523.000) 05/26 19:50:58 Job submitted from host: <137.138.44.75:9618?addrs=137.138.44.75-9618&noUDP&sock=3998_dfba_3>
...
001 (2325790.12523.000) 05/26 20:11:33 Job executing on host: <188.184.205.168:9618?addrs=188.184.205.168-9618+[2001-1458-301-7d--100-1b4]-9618&noUDP&sock=19761_fb17_3>
...
006 (2325790.12523.000) 05/26 20:11:42 Image size of job updated: 335104
	325  -  MemoryUsage of job (MB)
	332408  -  ResidentSetSize of job (KB)
...
006 (2325790.12523.000) 05/26 20:12:50 Image size of job updated: 335104
	325  -  MemoryUsage of job (MB)
	332608  -  ResidentSetSize of job (KB)
...
005 (2325790.12523.000) 05/26 20:13:00 Job terminated.
	(1) Normal termination (return value 0)
		Usr 0 00:00:38, Sys 0 00:00:02  -  Run Remote Usage
		Usr 0 00:00:00, Sys 0 00:00:00  -  Run Local Usage
		Usr 0 00:00:38, Sys 0 00:00:02  -  Total Remote Usage
		Usr 0 00:00:00, Sys 0 00:00:00  -  Total Local Usage
	10029  -  Run Bytes Sent By Job
	436  -  Run Bytes Received By Job
	10029  -  Total Bytes Sent By Job
	436  -  Total Bytes Received By Job
	Partitionable Resources :    Usage  Request Allocated
	   Cpus                 :                 2         2
	   Disk (KB)            :       30        1   2117636
	   Memory (MB)          :      325     4000      4000
...
