000 (2325790.4038.000) 05/26 19:50:36 Job submitted from host: <137.138.44.75:9618?addrs=137.138.44.75-9618&noUDP&sock=3998_dfba_3>
...
001 (2325790.4038.000) 05/26 20:01:14 Job executing on host: <188.184.138.13:9618?addrs=188.184.138.13-9618+[2001-1458-301-45--100-6]-9618&noUDP&sock=5594_98e1_3>
...
006 (2325790.4038.000) 05/26 20:01:23 Image size of job updated: 205668
	199  -  MemoryUsage of job (MB)
	202860  -  ResidentSetSize of job (KB)
...
006 (2325790.4038.000) 05/26 20:03:44 Image size of job updated: 745492
	199  -  MemoryUsage of job (MB)
	202884  -  ResidentSetSize of job (KB)
...
005 (2325790.4038.000) 05/26 20:03:44 Job terminated.
	(1) Normal termination (return value 0)
		Usr 0 00:00:53, Sys 0 00:00:03  -  Run Remote Usage
		Usr 0 00:00:00, Sys 0 00:00:00  -  Run Local Usage
		Usr 0 00:00:53, Sys 0 00:00:03  -  Total Remote Usage
		Usr 0 00:00:00, Sys 0 00:00:00  -  Total Local Usage
	9191  -  Run Bytes Sent By Job
	436  -  Run Bytes Received By Job
	9191  -  Total Bytes Sent By Job
	436  -  Total Bytes Received By Job
	Partitionable Resources :    Usage  Request Allocated
	   Cpus                 :                 2         2
	   Disk (KB)            :       31        1   2905144
	   Memory (MB)          :      199     4000      4000
...
