000 (2325790.732.000) 05/26 19:50:27 Job submitted from host: <137.138.44.75:9618?addrs=137.138.44.75-9618&noUDP&sock=3998_dfba_3>
...
001 (2325790.732.000) 05/26 19:57:09 Job executing on host: <188.184.206.105:9618?addrs=188.184.206.105-9618+[2001-1458-301-7d--100-280]-9618&noUDP&sock=19599_dcbf_3>
...
006 (2325790.732.000) 05/26 19:57:17 Image size of job updated: 88788
	84  -  MemoryUsage of job (MB)
	85996  -  ResidentSetSize of job (KB)
...
006 (2325790.732.000) 05/26 19:59:22 Image size of job updated: 730540
	84  -  MemoryUsage of job (MB)
	85996  -  ResidentSetSize of job (KB)
...
005 (2325790.732.000) 05/26 19:59:22 Job terminated.
	(1) Normal termination (return value 0)
		Usr 0 00:00:47, Sys 0 00:00:02  -  Run Remote Usage
		Usr 0 00:00:00, Sys 0 00:00:00  -  Run Local Usage
		Usr 0 00:00:47, Sys 0 00:00:02  -  Total Remote Usage
		Usr 0 00:00:00, Sys 0 00:00:00  -  Total Local Usage
	9189  -  Run Bytes Sent By Job
	436  -  Run Bytes Received By Job
	9189  -  Total Bytes Sent By Job
	436  -  Total Bytes Received By Job
	Partitionable Resources :    Usage  Request Allocated
	   Cpus                 :                 2         2
	   Disk (KB)            :       30        1   2099223
	   Memory (MB)          :       84     4000      4000
...
