000 (2325790.10793.000) 05/26 19:50:53 Job submitted from host: <137.138.44.75:9618?addrs=137.138.44.75-9618&noUDP&sock=3998_dfba_3>
...
001 (2325790.10793.000) 05/26 20:09:39 Job executing on host: <128.142.100.147:9618?addrs=128.142.100.147-9618+[2001-1458-301-89--100-7d]-9618&noUDP&sock=15985_f57a_3>
...
006 (2325790.10793.000) 05/26 20:09:47 Image size of job updated: 327892
	321  -  MemoryUsage of job (MB)
	327748  -  ResidentSetSize of job (KB)
...
006 (2325790.10793.000) 05/26 20:10:18 Image size of job updated: 718220
	321  -  MemoryUsage of job (MB)
	327748  -  ResidentSetSize of job (KB)
...
005 (2325790.10793.000) 05/26 20:10:27 Job terminated.
	(1) Normal termination (return value 0)
		Usr 0 00:00:30, Sys 0 00:00:01  -  Run Remote Usage
		Usr 0 00:00:00, Sys 0 00:00:00  -  Run Local Usage
		Usr 0 00:00:30, Sys 0 00:00:01  -  Total Remote Usage
		Usr 0 00:00:00, Sys 0 00:00:00  -  Total Local Usage
	8299  -  Run Bytes Sent By Job
	436  -  Run Bytes Received By Job
	8299  -  Total Bytes Sent By Job
	436  -  Total Bytes Received By Job
	Partitionable Resources :    Usage  Request Allocated
	   Cpus                 :                 2         2
	   Disk (KB)            :       27        1   2135865
	   Memory (MB)          :      321     4000      4000
...
