000 (2325790.2906.000) 05/26 19:50:33 Job submitted from host: <137.138.44.75:9618?addrs=137.138.44.75-9618&noUDP&sock=3998_dfba_3>
...
001 (2325790.2906.000) 05/26 19:59:10 Job executing on host: <188.184.205.75:9618?addrs=188.184.205.75-9618+[2001-1458-301-7d--100-222]-9618&noUDP&sock=19590_b065_3>
...
006 (2325790.2906.000) 05/26 19:59:19 Image size of job updated: 274104
	266  -  MemoryUsage of job (MB)
	271388  -  ResidentSetSize of job (KB)
...
006 (2325790.2906.000) 05/26 20:01:35 Image size of job updated: 694504
	266  -  MemoryUsage of job (MB)
	271388  -  ResidentSetSize of job (KB)
...
005 (2325790.2906.000) 05/26 20:01:43 Job terminated.
	(1) Normal termination (return value 0)
		Usr 0 00:00:56, Sys 0 00:00:02  -  Run Remote Usage
		Usr 0 00:00:00, Sys 0 00:00:00  -  Run Local Usage
		Usr 0 00:00:56, Sys 0 00:00:02  -  Total Remote Usage
		Usr 0 00:00:00, Sys 0 00:00:00  -  Total Local Usage
	9152  -  Run Bytes Sent By Job
	436  -  Run Bytes Received By Job
	9152  -  Total Bytes Sent By Job
	436  -  Total Bytes Received By Job
	Partitionable Resources :    Usage  Request Allocated
	   Cpus                 :                 2         2
	   Disk (KB)            :       31        1   2103177
	   Memory (MB)          :      266     4000      4000
...
