000 (2325790.10119.000) 05/26 19:50:51 Job submitted from host: <137.138.44.75:9618?addrs=137.138.44.75-9618&noUDP&sock=3998_dfba_3>
...
001 (2325790.10119.000) 05/26 20:09:04 Job executing on host: <188.184.204.55:9618?addrs=188.184.204.55-9618+[2001-1458-301-7d--100-22]-9618&noUDP&sock=19503_03a8_3>
...
006 (2325790.10119.000) 05/26 20:09:12 Image size of job updated: 92328
	88  -  MemoryUsage of job (MB)
	89588  -  ResidentSetSize of job (KB)
...
006 (2325790.10119.000) 05/26 20:11:17 Image size of job updated: 224092
	88  -  MemoryUsage of job (MB)
	89588  -  ResidentSetSize of job (KB)
...
005 (2325790.10119.000) 05/26 20:11:22 Job terminated.
	(1) Normal termination (return value 0)
		Usr 0 00:00:44, Sys 0 00:00:02  -  Run Remote Usage
		Usr 0 00:00:00, Sys 0 00:00:00  -  Run Local Usage
		Usr 0 00:00:44, Sys 0 00:00:02  -  Total Remote Usage
		Usr 0 00:00:00, Sys 0 00:00:00  -  Total Local Usage
	9159  -  Run Bytes Sent By Job
	436  -  Run Bytes Received By Job
	9159  -  Total Bytes Sent By Job
	436  -  Total Bytes Received By Job
	Partitionable Resources :    Usage  Request Allocated
	   Cpus                 :                 2         2
	   Disk (KB)            :       30        1   2191135
	   Memory (MB)          :       88     4000      4000
...
