000 (2325790.8443.000) 05/26 19:50:47 Job submitted from host: <137.138.44.75:9618?addrs=137.138.44.75-9618&noUDP&sock=3998_dfba_3>
...
001 (2325790.8443.000) 05/26 20:07:02 Job executing on host: <188.184.206.128:9618?addrs=188.184.206.128-9618+[2001-1458-301-7d--100-287]-9618&noUDP&sock=19538_0578_3>
...
006 (2325790.8443.000) 05/26 20:07:11 Image size of job updated: 139804
	135  -  MemoryUsage of job (MB)
	137676  -  ResidentSetSize of job (KB)
...
006 (2325790.8443.000) 05/26 20:08:18 Image size of job updated: 139804
	135  -  MemoryUsage of job (MB)
	137856  -  ResidentSetSize of job (KB)
...
005 (2325790.8443.000) 05/26 20:08:20 Job terminated.
	(1) Normal termination (return value 0)
		Usr 0 00:00:39, Sys 0 00:00:02  -  Run Remote Usage
		Usr 0 00:00:00, Sys 0 00:00:00  -  Run Local Usage
		Usr 0 00:00:39, Sys 0 00:00:02  -  Total Remote Usage
		Usr 0 00:00:00, Sys 0 00:00:00  -  Total Local Usage
	8287  -  Run Bytes Sent By Job
	436  -  Run Bytes Received By Job
	8287  -  Total Bytes Sent By Job
	436  -  Total Bytes Received By Job
	Partitionable Resources :    Usage  Request Allocated
	   Cpus                 :                 2         2
	   Disk (KB)            :       29        1   2108833
	   Memory (MB)          :      135     4000      4000
...
