000 (2325790.5998.000) 05/26 19:50:41 Job submitted from host: <137.138.44.75:9618?addrs=137.138.44.75-9618&noUDP&sock=3998_dfba_3>
...
001 (2325790.5998.000) 05/26 20:03:50 Job executing on host: <188.184.207.77:9618?addrs=188.184.207.77-9618+[2001-1458-301-7d--100-34f]-9618&noUDP&sock=19620_443c_3>
...
006 (2325790.5998.000) 05/26 20:03:59 Image size of job updated: 337112
	327  -  MemoryUsage of job (MB)
	334456  -  ResidentSetSize of job (KB)
...
006 (2325790.5998.000) 05/26 20:05:56 Image size of job updated: 592712
	327  -  MemoryUsage of job (MB)
	334648  -  ResidentSetSize of job (KB)
...
005 (2325790.5998.000) 05/26 20:05:57 Job terminated.
	(1) Normal termination (return value 0)
		Usr 0 00:00:50, Sys 0 00:00:02  -  Run Remote Usage
		Usr 0 00:00:00, Sys 0 00:00:00  -  Run Local Usage
		Usr 0 00:00:50, Sys 0 00:00:02  -  Total Remote Usage
		Usr 0 00:00:00, Sys 0 00:00:00  -  Total Local Usage
	9151  -  Run Bytes Sent By Job
	436  -  Run Bytes Received By Job
	9151  -  Total Bytes Sent By Job
	436  -  Total Bytes Received By Job
	Partitionable Resources :    Usage  Request Allocated
	   Cpus                 :                 2         2
	   Disk (KB)            :       30        1   2167593
	   Memory (MB)          :      327     4000      4000
...
