000 (2325790.13012.000) 05/26 19:51:00 Job submitted from host: <137.138.44.75:9618?addrs=137.138.44.75-9618&noUDP&sock=3998_dfba_3>
...
001 (2325790.13012.000) 05/26 20:12:13 Job executing on host: <188.184.206.118:9618?addrs=188.184.206.118-9618+[2001-1458-301-7d--100-26f]-9618&noUDP&sock=19699_7438_3>
...
006 (2325790.13012.000) 05/26 20:12:22 Image size of job updated: 286528
	280  -  MemoryUsage of job (MB)
	286436  -  ResidentSetSize of job (KB)
...
005 (2325790.13012.000) 05/26 20:13:23 Job terminated.
	(1) Normal termination (return value 0)
		Usr 0 00:00:44, Sys 0 00:00:02  -  Run Remote Usage
		Usr 0 00:00:00, Sys 0 00:00:00  -  Run Local Usage
		Usr 0 00:00:44, Sys 0 00:00:02  -  Total Remote Usage
		Usr 0 00:00:00, Sys 0 00:00:00  -  Total Local Usage
	9158  -  Run Bytes Sent By Job
	436  -  Run Bytes Received By Job
	9158  -  Total Bytes Sent By Job
	436  -  Total Bytes Received By Job
	Partitionable Resources :    Usage  Request Allocated
	   Cpus                 :                 2         2
	   Disk (KB)            :       29        1   2115110
	   Memory (MB)          :      280     4000      4000
...
