000 (2325790.13979.000) 05/26 19:51:02 Job submitted from host: <137.138.44.75:9618?addrs=137.138.44.75-9618&noUDP&sock=3998_dfba_3>
...
001 (2325790.13979.000) 05/26 20:13:29 Job executing on host: <128.142.133.201:9618?addrs=128.142.133.201-9618+[2001-1458-301-32--100-c6]-9618&noUDP&sock=19519_fd2c_3>
...
006 (2325790.13979.000) 05/26 20:13:38 Image size of job updated: 273756
	268  -  MemoryUsage of job (MB)
	273744  -  ResidentSetSize of job (KB)
...
006 (2325790.13979.000) 05/26 20:14:02 Image size of job updated: 1366016
	268  -  MemoryUsage of job (MB)
	273744  -  ResidentSetSize of job (KB)
...
005 (2325790.13979.000) 05/26 20:14:03 Job terminated.
	(1) Normal termination (return value 0)
		Usr 0 00:00:24, Sys 0 00:00:01  -  Run Remote Usage
		Usr 0 00:00:00, Sys 0 00:00:00  -  Run Local Usage
		Usr 0 00:00:24, Sys 0 00:00:01  -  Total Remote Usage
		Usr 0 00:00:00, Sys 0 00:00:00  -  Total Local Usage
	8289  -  Run Bytes Sent By Job
	436  -  Run Bytes Received By Job
	8289  -  Total Bytes Sent By Job
	436  -  Total Bytes Received By Job
	Partitionable Resources :    Usage  Request Allocated
	   Cpus                 :                 2         2
	   Disk (KB)            :       27        1   2120729
	   Memory (MB)          :      268     4000      4000
...
