000 (2325790.11835.000) 05/26 19:50:57 Job submitted from host: <137.138.44.75:9618?addrs=137.138.44.75-9618&noUDP&sock=3998_dfba_3>
...
001 (2325790.11835.000) 05/26 20:10:57 Job executing on host: <188.184.206.130:9618?addrs=188.184.206.130-9618+[2001-1458-301-7d--100-278]-9618&noUDP&sock=19553_4f64_3>
...
006 (2325790.11835.000) 05/26 20:11:05 Image size of job updated: 263780
	255  -  MemoryUsage of job (MB)
	260988  -  ResidentSetSize of job (KB)
...
006 (2325790.11835.000) 05/26 20:13:16 Image size of job updated: 266548
	256  -  MemoryUsage of job (MB)
	261360  -  ResidentSetSize of job (KB)
...
005 (2325790.11835.000) 05/26 20:13:27 Job terminated.
	(1) Normal termination (return value 0)
		Usr 0 00:00:44, Sys 0 00:00:02  -  Run Remote Usage
		Usr 0 00:00:00, Sys 0 00:00:00  -  Run Local Usage
		Usr 0 00:00:44, Sys 0 00:00:02  -  Total Remote Usage
		Usr 0 00:00:00, Sys 0 00:00:00  -  Total Local Usage
	9198  -  Run Bytes Sent By Job
	436  -  Run Bytes Received By Job
	9198  -  Total Bytes Sent By Job
	436  -  Total Bytes Received By Job
	Partitionable Resources :    Usage  Request Allocated
	   Cpus                 :                 2         2
	   Disk (KB)            :       31        1   2146917
	   Memory (MB)          :      256     4000      4000
...
