000 (2325790.3290.000) 05/26 19:50:34 Job submitted from host: <137.138.44.75:9618?addrs=137.138.44.75-9618&noUDP&sock=3998_dfba_3>
...
001 (2325790.3290.000) 05/26 19:59:47 Job executing on host: <188.184.204.198:9618?addrs=188.184.204.198-9618+[2001-1458-301-7d--100-c7]-9618&noUDP&sock=19604_4ab9_3>
...
006 (2325790.3290.000) 05/26 19:59:55 Image size of job updated: 253696
	246  -  MemoryUsage of job (MB)
	250956  -  ResidentSetSize of job (KB)
...
006 (2325790.3290.000) 05/26 20:02:15 Image size of job updated: 682948
	246  -  MemoryUsage of job (MB)
	251228  -  ResidentSetSize of job (KB)
...
005 (2325790.3290.000) 05/26 20:02:16 Job terminated.
	(1) Normal termination (return value 0)
		Usr 0 00:01:00, Sys 0 00:00:03  -  Run Remote Usage
		Usr 0 00:00:00, Sys 0 00:00:00  -  Run Local Usage
		Usr 0 00:01:00, Sys 0 00:00:03  -  Total Remote Usage
		Usr 0 00:00:00, Sys 0 00:00:00  -  Total Local Usage
	9195  -  Run Bytes Sent By Job
	436  -  Run Bytes Received By Job
	9195  -  Total Bytes Sent By Job
	436  -  Total Bytes Received By Job
	Partitionable Resources :    Usage  Request Allocated
	   Cpus                 :                 2         2
	   Disk (KB)            :       31        1   2118281
	   Memory (MB)          :      246     4000      4000
...
