000 (2325790.1259.000) 05/26 19:50:28 Job submitted from host: <137.138.44.75:9618?addrs=137.138.44.75-9618&noUDP&sock=3998_dfba_3>
...
001 (2325790.1259.000) 05/26 19:59:59 Job executing on host: <128.142.240.104:9618?addrs=128.142.240.104-9618+[2001-1458-301-f9--100-7a]-9618&noUDP&sock=16580_1454_3>
...
006 (2325790.1259.000) 05/26 20:00:07 Image size of job updated: 86816
	62  -  MemoryUsage of job (MB)
	62988  -  ResidentSetSize of job (KB)
...
006 (2325790.1259.000) 05/26 20:01:19 Image size of job updated: 694780
	64  -  MemoryUsage of job (MB)
	64848  -  ResidentSetSize of job (KB)
...
005 (2325790.1259.000) 05/26 20:01:27 Job terminated.
	(1) Normal termination (return value 0)
		Usr 0 00:00:58, Sys 0 00:00:03  -  Run Remote Usage
		Usr 0 00:00:00, Sys 0 00:00:00  -  Run Local Usage
		Usr 0 00:00:58, Sys 0 00:00:03  -  Total Remote Usage
		Usr 0 00:00:00, Sys 0 00:00:00  -  Total Local Usage
	9192  -  Run Bytes Sent By Job
	436  -  Run Bytes Received By Job
	9192  -  Total Bytes Sent By Job
	436  -  Total Bytes Received By Job
	Partitionable Resources :    Usage  Request Allocated
	   Cpus                 :                 2         2
	   Disk (KB)            :       29        1   1967112
	   Memory (MB)          :       64     4000      4000
...
