000 (2325790.3946.000) 05/26 19:50:36 Job submitted from host: <137.138.44.75:9618?addrs=137.138.44.75-9618&noUDP&sock=3998_dfba_3>
...
001 (2325790.3946.000) 05/26 20:01:06 Job executing on host: <128.142.101.182:9618?addrs=128.142.101.182-9618+[2001-1458-301-89--100-1a3]-9618&noUDP&sock=15950_f3a9_3>
...
006 (2325790.3946.000) 05/26 20:01:15 Image size of job updated: 368920
	358  -  MemoryUsage of job (MB)
	366296  -  ResidentSetSize of job (KB)
...
006 (2325790.3946.000) 05/26 20:02:09 Image size of job updated: 645096
	359  -  MemoryUsage of job (MB)
	366728  -  ResidentSetSize of job (KB)
...
005 (2325790.3946.000) 05/26 20:02:10 Job terminated.
	(1) Normal termination (return value 0)
		Usr 0 00:00:50, Sys 0 00:00:02  -  Run Remote Usage
		Usr 0 00:00:00, Sys 0 00:00:00  -  Run Local Usage
		Usr 0 00:00:50, Sys 0 00:00:02  -  Total Remote Usage
		Usr 0 00:00:00, Sys 0 00:00:00  -  Total Local Usage
	9200  -  Run Bytes Sent By Job
	436  -  Run Bytes Received By Job
	9200  -  Total Bytes Sent By Job
	436  -  Total Bytes Received By Job
	Partitionable Resources :    Usage  Request Allocated
	   Cpus                 :                 2         2
	   Disk (KB)            :       29        1   2149202
	   Memory (MB)          :      359     4000      4000
...
