000 (2325790.12667.000) 05/26 19:50:59 Job submitted from host: <137.138.44.75:9618?addrs=137.138.44.75-9618&noUDP&sock=3998_dfba_3>
...
001 (2325790.12667.000) 05/26 20:11:39 Job executing on host: <128.142.133.235:9618?addrs=128.142.133.235-9618+[2001-1458-301-32--100-b8]-9618&noUDP&sock=4728_97dd_3>
...
006 (2325790.12667.000) 05/26 20:11:48 Image size of job updated: 242188
	234  -  MemoryUsage of job (MB)
	239380  -  ResidentSetSize of job (KB)
...
006 (2325790.12667.000) 05/26 20:13:52 Image size of job updated: 1439076
	234  -  MemoryUsage of job (MB)
	239380  -  ResidentSetSize of job (KB)
...
005 (2325790.12667.000) 05/26 20:13:54 Job terminated.
	(1) Normal termination (return value 0)
		Usr 0 00:00:50, Sys 0 00:00:02  -  Run Remote Usage
		Usr 0 00:00:00, Sys 0 00:00:00  -  Run Local Usage
		Usr 0 00:00:50, Sys 0 00:00:02  -  Total Remote Usage
		Usr 0 00:00:00, Sys 0 00:00:00  -  Total Local Usage
	9196  -  Run Bytes Sent By Job
	436  -  Run Bytes Received By Job
	9196  -  Total Bytes Sent By Job
	436  -  Total Bytes Received By Job
	Partitionable Resources :    Usage  Request Allocated
	   Cpus                 :                 2         2
	   Disk (KB)            :       30        1   2122557
	   Memory (MB)          :      234     4000      4000
...
