000 (2325790.6382.000) 05/26 19:50:42 Job submitted from host: <137.138.44.75:9618?addrs=137.138.44.75-9618&noUDP&sock=3998_dfba_3>
...
001 (2325790.6382.000) 05/26 20:04:26 Job executing on host: <188.184.205.142:9618?addrs=188.184.205.142-9618+[2001-1458-301-7d--100-193]-9618&noUDP&sock=20218_71df_3>
...
006 (2325790.6382.000) 05/26 20:04:34 Image size of job updated: 255420
	247  -  MemoryUsage of job (MB)
	252628  -  ResidentSetSize of job (KB)
...
006 (2325790.6382.000) 05/26 20:07:47 Image size of job updated: 1910128
	255  -  MemoryUsage of job (MB)
	260760  -  ResidentSetSize of job (KB)
...
005 (2325790.6382.000) 05/26 20:07:47 Job terminated.
	(1) Normal termination (return value 0)
		Usr 0 00:00:57, Sys 0 00:00:02  -  Run Remote Usage
		Usr 0 00:00:00, Sys 0 00:00:00  -  Run Local Usage
		Usr 0 00:00:57, Sys 0 00:00:02  -  Total Remote Usage
		Usr 0 00:00:00, Sys 0 00:00:00  -  Total Local Usage
	9194  -  Run Bytes Sent By Job
	436  -  Run Bytes Received By Job
	9194  -  Total Bytes Sent By Job
	436  -  Total Bytes Received By Job
	Partitionable Resources :    Usage  Request Allocated
	   Cpus                 :                 2         2
	   Disk (KB)            :       32        1   2174540
	   Memory (MB)          :      255     4000      4000
...
