000 (2325790.10822.000) 05/26 19:50:53 Job submitted from host: <137.138.44.75:9618?addrs=137.138.44.75-9618&noUDP&sock=3998_dfba_3>
...
001 (2325790.10822.000) 05/26 20:09:39 Job executing on host: <188.184.205.239:9618?addrs=188.184.205.239-9618+[2001-1458-301-7d--100-20d]-9618&noUDP&sock=19900_52c1_3>
...
006 (2325790.10822.000) 05/26 20:09:48 Image size of job updated: 292176
	284  -  MemoryUsage of job (MB)
	290760  -  ResidentSetSize of job (KB)
...
006 (2325790.10822.000) 05/26 20:11:42 Image size of job updated: 925632
	284  -  MemoryUsage of job (MB)
	290768  -  ResidentSetSize of job (KB)
...
005 (2325790.10822.000) 05/26 20:11:50 Job terminated.
	(1) Normal termination (return value 0)
		Usr 0 00:00:45, Sys 0 00:00:02  -  Run Remote Usage
		Usr 0 00:00:00, Sys 0 00:00:00  -  Run Local Usage
		Usr 0 00:00:45, Sys 0 00:00:02  -  Total Remote Usage
		Usr 0 00:00:00, Sys 0 00:00:00  -  Total Local Usage
	9195  -  Run Bytes Sent By Job
	436  -  Run Bytes Received By Job
	9195  -  Total Bytes Sent By Job
	436  -  Total Bytes Received By Job
	Partitionable Resources :    Usage  Request Allocated
	   Cpus                 :                 2         2
	   Disk (KB)            :       30        1   2106920
	   Memory (MB)          :      284     4000      4000
...
