000 (2325790.12266.000) 05/26 19:50:58 Job submitted from host: <137.138.44.75:9618?addrs=137.138.44.75-9618&noUDP&sock=3998_dfba_3>
...
001 (2325790.12266.000) 05/26 20:11:19 Job executing on host: <188.184.206.44:9618?addrs=188.184.206.44-9618+[2001-1458-301-7d--100-21e]-9618&noUDP&sock=19518_4d93_3>
...
006 (2325790.12266.000) 05/26 20:11:27 Image size of job updated: 93292
	92  -  MemoryUsage of job (MB)
	93224  -  ResidentSetSize of job (KB)
...
006 (2325790.12266.000) 05/26 20:16:27 Image size of job updated: 224372
	219  -  MemoryUsage of job (MB)
	224212  -  ResidentSetSize of job (KB)
...
006 (2325790.12266.000) 05/26 20:21:27 Image size of job updated: 621888
	608  -  MemoryUsage of job (MB)
	621728  -  ResidentSetSize of job (KB)
...
005 (2325790.12266.000) 05/26 20:22:53 Job terminated.
	(1) Normal termination (return value 0)
		Usr 0 00:00:45, Sys 0 00:00:02  -  Run Remote Usage
		Usr 0 00:00:00, Sys 0 00:00:00  -  Run Local Usage
		Usr 0 00:00:45, Sys 0 00:00:02  -  Total Remote Usage
		Usr 0 00:00:00, Sys 0 00:00:00  -  Total Local Usage
	9191  -  Run Bytes Sent By Job
	436  -  Run Bytes Received By Job
	9191  -  Total Bytes Sent By Job
	436  -  Total Bytes Received By Job
	Partitionable Resources :    Usage  Request Allocated
	   Cpus                 :                 2         2
	   Disk (KB)            :       42        1   2152448
	   Memory (MB)          :      608     4000      4000
...
