000 (2325790.13841.000) 05/26 19:51:02 Job submitted from host: <137.138.44.75:9618?addrs=137.138.44.75-9618&noUDP&sock=3998_dfba_3>
...
001 (2325790.13841.000) 05/26 20:13:25 Job executing on host: <128.142.96.45:9618?addrs=128.142.96.45-9618+[2001-1458-301-87--100-23]-9618&noUDP&sock=16898_3372_3>
...
006 (2325790.13841.000) 05/26 20:13:34 Image size of job updated: 284312
	276  -  MemoryUsage of job (MB)
	281660  -  ResidentSetSize of job (KB)
...
006 (2325790.13841.000) 05/26 20:14:23 Image size of job updated: 284312
	276  -  MemoryUsage of job (MB)
	281928  -  ResidentSetSize of job (KB)
...
005 (2325790.13841.000) 05/26 20:14:23 Job terminated.
	(1) Normal termination (return value 0)
		Usr 0 00:00:41, Sys 0 00:00:02  -  Run Remote Usage
		Usr 0 00:00:00, Sys 0 00:00:00  -  Run Local Usage
		Usr 0 00:00:41, Sys 0 00:00:02  -  Total Remote Usage
		Usr 0 00:00:00, Sys 0 00:00:00  -  Total Local Usage
	9206  -  Run Bytes Sent By Job
	436  -  Run Bytes Received By Job
	9206  -  Total Bytes Sent By Job
	436  -  Total Bytes Received By Job
	Partitionable Resources :    Usage  Request Allocated
	   Cpus                 :                 2         2
	   Disk (KB)            :       29        1   4329990
	   Memory (MB)          :      276     4000      4000
...
