000 (2325790.2531.000) 05/26 19:50:32 Job submitted from host: <137.138.44.75:9618?addrs=137.138.44.75-9618&noUDP&sock=3998_dfba_3>
...
001 (2325790.2531.000) 05/26 20:00:55 Job executing on host: <128.142.104.63:9618?addrs=128.142.104.63-9618+[2001-1458-301-8b--100-36]-9618&noUDP&sock=16028_740d_3>
...
006 (2325790.2531.000) 05/26 20:01:04 Image size of job updated: 330644
	321  -  MemoryUsage of job (MB)
	327992  -  ResidentSetSize of job (KB)
...
006 (2325790.2531.000) 05/26 20:01:35 Image size of job updated: 731232
	321  -  MemoryUsage of job (MB)
	328084  -  ResidentSetSize of job (KB)
...
005 (2325790.2531.000) 05/26 20:01:44 Job terminated.
	(1) Normal termination (return value 0)
		Usr 0 00:00:33, Sys 0 00:00:01  -  Run Remote Usage
		Usr 0 00:00:00, Sys 0 00:00:00  -  Run Local Usage
		Usr 0 00:00:33, Sys 0 00:00:01  -  Total Remote Usage
		Usr 0 00:00:00, Sys 0 00:00:00  -  Total Local Usage
	8247  -  Run Bytes Sent By Job
	436  -  Run Bytes Received By Job
	8247  -  Total Bytes Sent By Job
	436  -  Total Bytes Received By Job
	Partitionable Resources :    Usage  Request Allocated
	   Cpus                 :                 2         2
	   Disk (KB)            :       27        1   2159151
	   Memory (MB)          :      321     4000      4000
...
