000 (2325790.2605.000) 05/26 19:50:32 Job submitted from host: <137.138.44.75:9618?addrs=137.138.44.75-9618&noUDP&sock=3998_dfba_3>
...
001 (2325790.2605.000) 05/26 20:01:17 Job executing on host: <128.142.104.63:9618?addrs=128.142.104.63-9618+[2001-1458-301-8b--100-36]-9618&noUDP&sock=16028_740d_3>
...
006 (2325790.2605.000) 05/26 20:01:26 Image size of job updated: 221644
	217  -  MemoryUsage of job (MB)
	221644  -  ResidentSetSize of job (KB)
...
006 (2325790.2605.000) 05/26 20:03:15 Image size of job updated: 647360
	217  -  MemoryUsage of job (MB)
	221808  -  ResidentSetSize of job (KB)
...
005 (2325790.2605.000) 05/26 20:03:15 Job terminated.
	(1) Normal termination (return value 0)
		Usr 0 00:00:49, Sys 0 00:00:02  -  Run Remote Usage
		Usr 0 00:00:00, Sys 0 00:00:00  -  Run Local Usage
		Usr 0 00:00:49, Sys 0 00:00:02  -  Total Remote Usage
		Usr 0 00:00:00, Sys 0 00:00:00  -  Total Local Usage
	9153  -  Run Bytes Sent By Job
	436  -  Run Bytes Received By Job
	9153  -  Total Bytes Sent By Job
	436  -  Total Bytes Received By Job
	Partitionable Resources :    Usage  Request Allocated
	   Cpus                 :                 2         2
	   Disk (KB)            :       30        1   2159150
	   Memory (MB)          :      217     4000      4000
...
