000 (2325790.1240.000) 05/26 19:50:28 Job submitted from host: <137.138.44.75:9618?addrs=137.138.44.75-9618&noUDP&sock=3998_dfba_3>
...
001 (2325790.1240.000) 05/26 19:54:11 Job executing on host: <188.184.133.96:9618?addrs=188.184.133.96-9618+[2001-1458-301-a0--100-167]-9618&noUDP&sock=16586_31e5_3>
...
006 (2325790.1240.000) 05/26 19:54:20 Image size of job updated: 277704
	269  -  MemoryUsage of job (MB)
	274896  -  ResidentSetSize of job (KB)
...
006 (2325790.1240.000) 05/26 19:55:28 Image size of job updated: 729636
	269  -  MemoryUsage of job (MB)
	275072  -  ResidentSetSize of job (KB)
...
005 (2325790.1240.000) 05/26 19:55:29 Job terminated.
	(1) Normal termination (return value 0)
		Usr 0 00:01:01, Sys 0 00:00:03  -  Run Remote Usage
		Usr 0 00:00:00, Sys 0 00:00:00  -  Run Local Usage
		Usr 0 00:01:01, Sys 0 00:00:03  -  Total Remote Usage
		Usr 0 00:00:00, Sys 0 00:00:00  -  Total Local Usage
	9193  -  Run Bytes Sent By Job
	436  -  Run Bytes Received By Job
	9193  -  Total Bytes Sent By Job
	436  -  Total Bytes Received By Job
	Partitionable Resources :    Usage  Request Allocated
	   Cpus                 :                 2         2
	   Disk (KB)            :       29        1   2160098
	   Memory (MB)          :      269     4000      4000
...
