000 (2325790.388.000) 05/26 19:50:26 Job submitted from host: <137.138.44.75:9618?addrs=137.138.44.75-9618&noUDP&sock=3998_dfba_3>
...
001 (2325790.388.000) 05/26 19:55:15 Job executing on host: <188.184.204.234:9618?addrs=188.184.204.234-9618+[2001-1458-301-7d--100-e3]-9618&noUDP&sock=19507_c209_3>
...
006 (2325790.388.000) 05/26 19:55:24 Image size of job updated: 233188
	220  -  MemoryUsage of job (MB)
	224624  -  ResidentSetSize of job (KB)
...
006 (2325790.388.000) 05/26 19:56:24 Image size of job updated: 649368
	220  -  MemoryUsage of job (MB)
	224624  -  ResidentSetSize of job (KB)
...
005 (2325790.388.000) 05/26 19:56:24 Job terminated.
	(1) Normal termination (return value 0)
		Usr 0 00:00:53, Sys 0 00:00:02  -  Run Remote Usage
		Usr 0 00:00:00, Sys 0 00:00:00  -  Run Local Usage
		Usr 0 00:00:53, Sys 0 00:00:02  -  Total Remote Usage
		Usr 0 00:00:00, Sys 0 00:00:00  -  Total Local Usage
	9191  -  Run Bytes Sent By Job
	436  -  Run Bytes Received By Job
	9191  -  Total Bytes Sent By Job
	436  -  Total Bytes Received By Job
	Partitionable Resources :    Usage  Request Allocated
	   Cpus                 :                 2         2
	   Disk (KB)            :       29        1   2162763
	   Memory (MB)          :      220     4000      4000
...
