000 (2325790.9619.000) 05/26 19:50:50 Job submitted from host: <137.138.44.75:9618?addrs=137.138.44.75-9618&noUDP&sock=3998_dfba_3>
...
001 (2325790.9619.000) 05/26 20:08:23 Job executing on host: <188.184.204.251:9618?addrs=188.184.204.251-9618+[2001-1458-301-7d--100-f7]-9618&noUDP&sock=19578_7542_3>
...
006 (2325790.9619.000) 05/26 20:08:32 Image size of job updated: 95012
	93  -  MemoryUsage of job (MB)
	95012  -  ResidentSetSize of job (KB)
...
005 (2325790.9619.000) 05/26 20:09:52 Job terminated.
	(1) Normal termination (return value 0)
		Usr 0 00:00:36, Sys 0 00:00:02  -  Run Remote Usage
		Usr 0 00:00:00, Sys 0 00:00:00  -  Run Local Usage
		Usr 0 00:00:36, Sys 0 00:00:02  -  Total Remote Usage
		Usr 0 00:00:00, Sys 0 00:00:00  -  Total Local Usage
	9196  -  Run Bytes Sent By Job
	436  -  Run Bytes Received By Job
	9196  -  Total Bytes Sent By Job
	436  -  Total Bytes Received By Job
	Partitionable Resources :    Usage  Request Allocated
	   Cpus                 :                 2         2
	   Disk (KB)            :       30        1   2222190
	   Memory (MB)          :       93     4000      4000
...
