000 (2325790.117.000) 05/26 19:50:26 Job submitted from host: <137.138.44.75:9618?addrs=137.138.44.75-9618&noUDP&sock=3998_dfba_3>
...
001 (2325790.117.000) 05/26 19:53:40 Job executing on host: <188.184.206.89:9618?addrs=188.184.206.89-9618+[2001-1458-301-7d--100-25a]-9618&noUDP&sock=19534_4717_3>
...
006 (2325790.117.000) 05/26 19:53:49 Image size of job updated: 240876
	226  -  MemoryUsage of job (MB)
	230460  -  ResidentSetSize of job (KB)
...
006 (2325790.117.000) 05/26 19:55:58 Image size of job updated: 240876
	226  -  MemoryUsage of job (MB)
	230728  -  ResidentSetSize of job (KB)
...
005 (2325790.117.000) 05/26 19:55:58 Job terminated.
	(1) Normal termination (return value 0)
		Usr 0 00:00:54, Sys 0 00:00:02  -  Run Remote Usage
		Usr 0 00:00:00, Sys 0 00:00:00  -  Run Local Usage
		Usr 0 00:00:54, Sys 0 00:00:02  -  Total Remote Usage
		Usr 0 00:00:00, Sys 0 00:00:00  -  Total Local Usage
	9190  -  Run Bytes Sent By Job
	436  -  Run Bytes Received By Job
	9190  -  Total Bytes Sent By Job
	436  -  Total Bytes Received By Job
	Partitionable Resources :    Usage  Request Allocated
	   Cpus                 :                 2         2
	   Disk (KB)            :       30        1   2176937
	   Memory (MB)          :      226     4000      4000
...
