000 (2325790.10902.000) 05/26 19:50:53 Job submitted from host: <137.138.44.75:9618?addrs=137.138.44.75-9618&noUDP&sock=3998_dfba_3>
...
001 (2325790.10902.000) 05/26 20:09:46 Job executing on host: <188.184.207.12:9618?addrs=188.184.207.12-9618+[2001-1458-301-7d--100-315]-9618&noUDP&sock=19577_c5aa_3>
...
006 (2325790.10902.000) 05/26 20:09:54 Image size of job updated: 91892
	88  -  MemoryUsage of job (MB)
	89100  -  ResidentSetSize of job (KB)
...
006 (2325790.10902.000) 05/26 20:12:20 Image size of job updated: 209376
	88  -  MemoryUsage of job (MB)
	89204  -  ResidentSetSize of job (KB)
...
005 (2325790.10902.000) 05/26 20:12:28 Job terminated.
	(1) Normal termination (return value 0)
		Usr 0 00:00:44, Sys 0 00:00:02  -  Run Remote Usage
		Usr 0 00:00:00, Sys 0 00:00:00  -  Run Local Usage
		Usr 0 00:00:44, Sys 0 00:00:02  -  Total Remote Usage
		Usr 0 00:00:00, Sys 0 00:00:00  -  Total Local Usage
	9198  -  Run Bytes Sent By Job
	436  -  Run Bytes Received By Job
	9198  -  Total Bytes Sent By Job
	436  -  Total Bytes Received By Job
	Partitionable Resources :    Usage  Request Allocated
	   Cpus                 :                 2         2
	   Disk (KB)            :       31        1   2149406
	   Memory (MB)          :       88     4000      4000
...
