000 (2325790.7859.000) 05/26 19:50:46 Job submitted from host: <137.138.44.75:9618?addrs=137.138.44.75-9618&noUDP&sock=3998_dfba_3>
...
001 (2325790.7859.000) 05/26 20:06:38 Job executing on host: <188.184.204.111:9618?addrs=188.184.204.111-9618+[2001-1458-301-7d--100-5f]-9618&noUDP&sock=19612_c77a_3>
...
006 (2325790.7859.000) 05/26 20:06:46 Image size of job updated: 247188
	242  -  MemoryUsage of job (MB)
	247096  -  ResidentSetSize of job (KB)
...
006 (2325790.7859.000) 05/26 20:07:35 Image size of job updated: 247188
	278  -  MemoryUsage of job (MB)
	283748  -  ResidentSetSize of job (KB)
...
005 (2325790.7859.000) 05/26 20:07:36 Job terminated.
	(1) Normal termination (return value 0)
		Usr 0 00:00:44, Sys 0 00:00:02  -  Run Remote Usage
		Usr 0 00:00:00, Sys 0 00:00:00  -  Run Local Usage
		Usr 0 00:00:44, Sys 0 00:00:02  -  Total Remote Usage
		Usr 0 00:00:00, Sys 0 00:00:00  -  Total Local Usage
	9193  -  Run Bytes Sent By Job
	436  -  Run Bytes Received By Job
	9193  -  Total Bytes Sent By Job
	436  -  Total Bytes Received By Job
	Partitionable Resources :    Usage  Request Allocated
	   Cpus                 :                 2         2
	   Disk (KB)            :       29        1   2151530
	   Memory (MB)          :      278     4000      4000
...
