000 (2325790.3959.000) 05/26 19:50:36 Job submitted from host: <137.138.44.75:9618?addrs=137.138.44.75-9618&noUDP&sock=3998_dfba_3>
...
001 (2325790.3959.000) 05/26 20:01:07 Job executing on host: <188.184.205.22:9618?addrs=188.184.205.22-9618+[2001-1458-301-7d--100-fd]-9618&noUDP&sock=19618_e50c_3>
...
006 (2325790.3959.000) 05/26 20:01:16 Image size of job updated: 291576
	285  -  MemoryUsage of job (MB)
	291484  -  ResidentSetSize of job (KB)
...
006 (2325790.3959.000) 05/26 20:02:22 Image size of job updated: 651264
	285  -  MemoryUsage of job (MB)
	291628  -  ResidentSetSize of job (KB)
...
005 (2325790.3959.000) 05/26 20:02:22 Job terminated.
	(1) Normal termination (return value 0)
		Usr 0 00:00:56, Sys 0 00:00:02  -  Run Remote Usage
		Usr 0 00:00:00, Sys 0 00:00:00  -  Run Local Usage
		Usr 0 00:00:56, Sys 0 00:00:02  -  Total Remote Usage
		Usr 0 00:00:00, Sys 0 00:00:00  -  Total Local Usage
	9192  -  Run Bytes Sent By Job
	436  -  Run Bytes Received By Job
	9192  -  Total Bytes Sent By Job
	436  -  Total Bytes Received By Job
	Partitionable Resources :    Usage  Request Allocated
	   Cpus                 :                 2         2
	   Disk (KB)            :       29        1   2215041
	   Memory (MB)          :      285     4000      4000
...
