000 (2325790.3334.000) 05/26 19:50:34 Job submitted from host: <137.138.44.75:9618?addrs=137.138.44.75-9618&noUDP&sock=3998_dfba_3>
...
001 (2325790.3334.000) 05/26 19:59:51 Job executing on host: <188.184.204.233:9618?addrs=188.184.204.233-9618+[2001-1458-301-7d--100-e5]-9618&noUDP&sock=19601_3bf0_3>
...
006 (2325790.3334.000) 05/26 20:00:00 Image size of job updated: 303552
	294  -  MemoryUsage of job (MB)
	300744  -  ResidentSetSize of job (KB)
...
006 (2325790.3334.000) 05/26 20:02:17 Image size of job updated: 735660
	294  -  MemoryUsage of job (MB)
	300772  -  ResidentSetSize of job (KB)
...
005 (2325790.3334.000) 05/26 20:02:18 Job terminated.
	(1) Normal termination (return value 0)
		Usr 0 00:00:57, Sys 0 00:00:02  -  Run Remote Usage
		Usr 0 00:00:00, Sys 0 00:00:00  -  Run Local Usage
		Usr 0 00:00:57, Sys 0 00:00:02  -  Total Remote Usage
		Usr 0 00:00:00, Sys 0 00:00:00  -  Total Local Usage
	9193  -  Run Bytes Sent By Job
	436  -  Run Bytes Received By Job
	9193  -  Total Bytes Sent By Job
	436  -  Total Bytes Received By Job
	Partitionable Resources :    Usage  Request Allocated
	   Cpus                 :                 2         2
	   Disk (KB)            :       31        1   2215830
	   Memory (MB)          :      294     4000      4000
...
