000 (2325790.10778.000) 05/26 19:50:53 Job submitted from host: <137.138.44.75:9618?addrs=137.138.44.75-9618&noUDP&sock=3998_dfba_3>
...
001 (2325790.10778.000) 05/26 20:09:37 Job executing on host: <188.184.205.107:9618?addrs=188.184.205.107-9618+[2001-1458-301-7d--100-16b]-9618&noUDP&sock=19523_bb8d_3>
...
006 (2325790.10778.000) 05/26 20:09:46 Image size of job updated: 241900
	234  -  MemoryUsage of job (MB)
	239092  -  ResidentSetSize of job (KB)
...
006 (2325790.10778.000) 05/26 20:11:08 Image size of job updated: 1411088
	234  -  MemoryUsage of job (MB)
	239152  -  ResidentSetSize of job (KB)
...
005 (2325790.10778.000) 05/26 20:11:11 Job terminated.
	(1) Normal termination (return value 0)
		Usr 0 00:00:44, Sys 0 00:00:02  -  Run Remote Usage
		Usr 0 00:00:00, Sys 0 00:00:00  -  Run Local Usage
		Usr 0 00:00:44, Sys 0 00:00:02  -  Total Remote Usage
		Usr 0 00:00:00, Sys 0 00:00:00  -  Total Local Usage
	9196  -  Run Bytes Sent By Job
	436  -  Run Bytes Received By Job
	9196  -  Total Bytes Sent By Job
	436  -  Total Bytes Received By Job
	Partitionable Resources :    Usage  Request Allocated
	   Cpus                 :                 2         2
	   Disk (KB)            :       29        1   2044089
	   Memory (MB)          :      234     4000      4000
...
