000 (2325790.4721.000) 05/26 19:50:38 Job submitted from host: <137.138.44.75:9618?addrs=137.138.44.75-9618&noUDP&sock=3998_dfba_3>
...
001 (2325790.4721.000) 05/26 20:02:11 Job executing on host: <188.184.206.197:9618?addrs=188.184.206.197-9618+[2001-1458-301-7d--100-2c3]-9618&noUDP&sock=19481_ec92_3>
...
006 (2325790.4721.000) 05/26 20:02:20 Image size of job updated: 279392
	271  -  MemoryUsage of job (MB)
	276712  -  ResidentSetSize of job (KB)
...
006 (2325790.4721.000) 05/26 20:03:27 Image size of job updated: 1977724
	271  -  MemoryUsage of job (MB)
	276720  -  ResidentSetSize of job (KB)
...
005 (2325790.4721.000) 05/26 20:03:28 Job terminated.
	(1) Normal termination (return value 0)
		Usr 0 00:00:56, Sys 0 00:00:02  -  Run Remote Usage
		Usr 0 00:00:00, Sys 0 00:00:00  -  Run Local Usage
		Usr 0 00:00:56, Sys 0 00:00:02  -  Total Remote Usage
		Usr 0 00:00:00, Sys 0 00:00:00  -  Total Local Usage
	9155  -  Run Bytes Sent By Job
	436  -  Run Bytes Received By Job
	9155  -  Total Bytes Sent By Job
	436  -  Total Bytes Received By Job
	Partitionable Resources :    Usage  Request Allocated
	   Cpus                 :                 2         2
	   Disk (KB)            :       29        1   2190102
	   Memory (MB)          :      271     4000      4000
...
