000 (2325790.11763.000) 05/26 19:50:57 Job submitted from host: <137.138.44.75:9618?addrs=137.138.44.75-9618&noUDP&sock=3998_dfba_3>
...
001 (2325790.11763.000) 05/26 20:10:51 Job executing on host: <188.184.205.0:9618?addrs=188.184.205.0-9618+[2001-1458-301-7d--100-f6]-9618&noUDP&sock=19596_cdf7_3>
...
006 (2325790.11763.000) 05/26 20:10:59 Image size of job updated: 297700
	291  -  MemoryUsage of job (MB)
	297544  -  ResidentSetSize of job (KB)
...
006 (2325790.11763.000) 05/26 20:11:36 Image size of job updated: 742708
	291  -  MemoryUsage of job (MB)
	297544  -  ResidentSetSize of job (KB)
...
005 (2325790.11763.000) 05/26 20:11:43 Job terminated.
	(1) Normal termination (return value 0)
		Usr 0 00:00:34, Sys 0 00:00:01  -  Run Remote Usage
		Usr 0 00:00:00, Sys 0 00:00:00  -  Run Local Usage
		Usr 0 00:00:34, Sys 0 00:00:01  -  Total Remote Usage
		Usr 0 00:00:00, Sys 0 00:00:00  -  Total Local Usage
	8669  -  Run Bytes Sent By Job
	436  -  Run Bytes Received By Job
	8669  -  Total Bytes Sent By Job
	436  -  Total Bytes Received By Job
	Partitionable Resources :    Usage  Request Allocated
	   Cpus                 :                 2         2
	   Disk (KB)            :       28        1   2146228
	   Memory (MB)          :      291     4000      4000
...
