000 (2325790.12548.000) 05/26 19:50:59 Job submitted from host: <137.138.44.75:9618?addrs=137.138.44.75-9618&noUDP&sock=3998_dfba_3>
...
001 (2325790.12548.000) 05/26 20:11:34 Job executing on host: <188.184.204.149:9618?addrs=188.184.204.149-9618+[2001-1458-301-7d--100-84]-9618&noUDP&sock=19712_5ef3_3>
...
006 (2325790.12548.000) 05/26 20:11:44 Image size of job updated: 331756
	322  -  MemoryUsage of job (MB)
	328964  -  ResidentSetSize of job (KB)
...
005 (2325790.12548.000) 05/26 20:12:12 Job terminated.
	(1) Normal termination (return value 0)
		Usr 0 00:00:21, Sys 0 00:00:01  -  Run Remote Usage
		Usr 0 00:00:00, Sys 0 00:00:00  -  Run Local Usage
		Usr 0 00:00:21, Sys 0 00:00:01  -  Total Remote Usage
		Usr 0 00:00:00, Sys 0 00:00:00  -  Total Local Usage
	8292  -  Run Bytes Sent By Job
	436  -  Run Bytes Received By Job
	8292  -  Total Bytes Sent By Job
	436  -  Total Bytes Received By Job
	Partitionable Resources :    Usage  Request Allocated
	   Cpus                 :                 2         2
	   Disk (KB)            :       27        1   2180607
	   Memory (MB)          :      322     4000      4000
...
