000 (2325790.2917.000) 05/26 19:50:33 Job submitted from host: <137.138.44.75:9618?addrs=137.138.44.75-9618&noUDP&sock=3998_dfba_3>
...
001 (2325790.2917.000) 05/26 19:59:11 Job executing on host: <188.184.207.68:9618?addrs=188.184.207.68-9618+[2001-1458-301-7d--100-359]-9618&noUDP&sock=4680_ab51_3>
...
006 (2325790.2917.000) 05/26 19:59:20 Image size of job updated: 195280
	188  -  MemoryUsage of job (MB)
	192488  -  ResidentSetSize of job (KB)
...
006 (2325790.2917.000) 05/26 20:01:39 Image size of job updated: 635760
	188  -  MemoryUsage of job (MB)
	192488  -  ResidentSetSize of job (KB)
...
005 (2325790.2917.000) 05/26 20:01:47 Job terminated.
	(1) Normal termination (return value 0)
		Usr 0 00:00:58, Sys 0 00:00:02  -  Run Remote Usage
		Usr 0 00:00:00, Sys 0 00:00:00  -  Run Local Usage
		Usr 0 00:00:58, Sys 0 00:00:02  -  Total Remote Usage
		Usr 0 00:00:00, Sys 0 00:00:00  -  Total Local Usage
	9151  -  Run Bytes Sent By Job
	436  -  Run Bytes Received By Job
	9151  -  Total Bytes Sent By Job
	436  -  Total Bytes Received By Job
	Partitionable Resources :    Usage  Request Allocated
	   Cpus                 :                 2         2
	   Disk (KB)            :       31        1   2101912
	   Memory (MB)          :      188     4000      4000
...
