000 (2325790.2707.000) 05/26 19:50:32 Job submitted from host: <137.138.44.75:9618?addrs=137.138.44.75-9618&noUDP&sock=3998_dfba_3>
...
001 (2325790.2707.000) 05/26 20:02:00 Job executing on host: <128.142.133.123:9618?addrs=128.142.133.123-9618+[2001-1458-301-32--100-84]-9618&noUDP&sock=19600_8c58_3>
...
006 (2325790.2707.000) 05/26 20:02:09 Image size of job updated: 95916
	92  -  MemoryUsage of job (MB)
	93188  -  ResidentSetSize of job (KB)
...
006 (2325790.2707.000) 05/26 20:04:32 Image size of job updated: 582996
	92  -  MemoryUsage of job (MB)
	93188  -  ResidentSetSize of job (KB)
...
005 (2325790.2707.000) 05/26 20:04:32 Job terminated.
	(1) Normal termination (return value 0)
		Usr 0 00:00:50, Sys 0 00:00:02  -  Run Remote Usage
		Usr 0 00:00:00, Sys 0 00:00:00  -  Run Local Usage
		Usr 0 00:00:50, Sys 0 00:00:02  -  Total Remote Usage
		Usr 0 00:00:00, Sys 0 00:00:00  -  Total Local Usage
	9189  -  Run Bytes Sent By Job
	436  -  Run Bytes Received By Job
	9189  -  Total Bytes Sent By Job
	436  -  Total Bytes Received By Job
	Partitionable Resources :    Usage  Request Allocated
	   Cpus                 :                 2         2
	   Disk (KB)            :       31        1   2124639
	   Memory (MB)          :       92     4000      4000
...
