000 (2325790.4660.000) 05/26 19:50:38 Job submitted from host: <137.138.44.75:9618?addrs=137.138.44.75-9618&noUDP&sock=3998_dfba_3>
...
001 (2325790.4660.000) 05/26 20:02:09 Job executing on host: <188.184.204.186:9618?addrs=188.184.204.186-9618+[2001-1458-301-7d--100-bb]-9618&noUDP&sock=19490_18ed_3>
...
006 (2325790.4660.000) 05/26 20:02:18 Image size of job updated: 267896
	259  -  MemoryUsage of job (MB)
	265180  -  ResidentSetSize of job (KB)
...
006 (2325790.4660.000) 05/26 20:03:29 Image size of job updated: 742360
	259  -  MemoryUsage of job (MB)
	265180  -  ResidentSetSize of job (KB)
...
005 (2325790.4660.000) 05/26 20:03:31 Job terminated.
	(1) Normal termination (return value 0)
		Usr 0 00:01:00, Sys 0 00:00:03  -  Run Remote Usage
		Usr 0 00:00:00, Sys 0 00:00:00  -  Run Local Usage
		Usr 0 00:01:00, Sys 0 00:00:03  -  Total Remote Usage
		Usr 0 00:00:00, Sys 0 00:00:00  -  Total Local Usage
	9155  -  Run Bytes Sent By Job
	436  -  Run Bytes Received By Job
	9155  -  Total Bytes Sent By Job
	436  -  Total Bytes Received By Job
	Partitionable Resources :    Usage  Request Allocated
	   Cpus                 :                 2         2
	   Disk (KB)            :       29        1   2110210
	   Memory (MB)          :      259     4000      4000
...
