000 (2325790.8580.000) 05/26 19:50:47 Job submitted from host: <137.138.44.75:9618?addrs=137.138.44.75-9618&noUDP&sock=3998_dfba_3>
...
001 (2325790.8580.000) 05/26 20:07:18 Job executing on host: <188.184.206.105:9618?addrs=188.184.206.105-9618+[2001-1458-301-7d--100-280]-9618&noUDP&sock=19599_dcbf_3>
...
006 (2325790.8580.000) 05/26 20:07:27 Image size of job updated: 108668
	107  -  MemoryUsage of job (MB)
	108600  -  ResidentSetSize of job (KB)
...
006 (2325790.8580.000) 05/26 20:09:14 Image size of job updated: 199760
	107  -  MemoryUsage of job (MB)
	108600  -  ResidentSetSize of job (KB)
...
005 (2325790.8580.000) 05/26 20:09:17 Job terminated.
	(1) Normal termination (return value 0)
		Usr 0 00:00:35, Sys 0 00:00:01  -  Run Remote Usage
		Usr 0 00:00:00, Sys 0 00:00:00  -  Run Local Usage
		Usr 0 00:00:35, Sys 0 00:00:01  -  Total Remote Usage
		Usr 0 00:00:00, Sys 0 00:00:00  -  Total Local Usage
	9197  -  Run Bytes Sent By Job
	436  -  Run Bytes Received By Job
	9197  -  Total Bytes Sent By Job
	436  -  Total Bytes Received By Job
	Partitionable Resources :    Usage  Request Allocated
	   Cpus                 :                 2         2
	   Disk (KB)            :       30        1   2099228
	   Memory (MB)          :      107     4000      4000
...
