000 (2325790.2979.000) 05/26 19:50:33 Job submitted from host: <137.138.44.75:9618?addrs=137.138.44.75-9618&noUDP&sock=3998_dfba_3>
...
001 (2325790.2979.000) 05/26 19:59:17 Job executing on host: <188.184.204.116:9618?addrs=188.184.204.116-9618+[2001-1458-301-7d--100-a1]-9618&noUDP&sock=19683_7ab4_3>
...
006 (2325790.2979.000) 05/26 19:59:26 Image size of job updated: 235456
	228  -  MemoryUsage of job (MB)
	232664  -  ResidentSetSize of job (KB)
...
006 (2325790.2979.000) 05/26 20:01:52 Image size of job updated: 748964
	229  -  MemoryUsage of job (MB)
	233548  -  ResidentSetSize of job (KB)
...
005 (2325790.2979.000) 05/26 20:02:03 Job terminated.
	(1) Normal termination (return value 0)
		Usr 0 00:00:58, Sys 0 00:00:03  -  Run Remote Usage
		Usr 0 00:00:00, Sys 0 00:00:00  -  Run Local Usage
		Usr 0 00:00:58, Sys 0 00:00:03  -  Total Remote Usage
		Usr 0 00:00:00, Sys 0 00:00:00  -  Total Local Usage
	9193  -  Run Bytes Sent By Job
	436  -  Run Bytes Received By Job
	9193  -  Total Bytes Sent By Job
	436  -  Total Bytes Received By Job
	Partitionable Resources :    Usage  Request Allocated
	   Cpus                 :                 2         2
	   Disk (KB)            :       31        1   2164338
	   Memory (MB)          :      229     4000      4000
...
