000 (2325790.12767.000) 05/26 19:50:59 Job submitted from host: <137.138.44.75:9618?addrs=137.138.44.75-9618&noUDP&sock=3998_dfba_3>
...
001 (2325790.12767.000) 05/26 20:13:24 Job executing on host: <188.184.205.112:9618?addrs=188.184.205.112-9618+[2001-1458-301-7d--100-18f]-9618&noUDP&sock=19599_dcbf_3>
...
006 (2325790.12767.000) 05/26 20:13:32 Image size of job updated: 334144
	327  -  MemoryUsage of job (MB)
	334072  -  ResidentSetSize of job (KB)
...
006 (2325790.12767.000) 05/26 20:14:09 Image size of job updated: 1429548
	327  -  MemoryUsage of job (MB)
	334276  -  ResidentSetSize of job (KB)
...
005 (2325790.12767.000) 05/26 20:14:10 Job terminated.
	(1) Normal termination (return value 0)
		Usr 0 00:00:39, Sys 0 00:00:02  -  Run Remote Usage
		Usr 0 00:00:00, Sys 0 00:00:00  -  Run Local Usage
		Usr 0 00:00:39, Sys 0 00:00:02  -  Total Remote Usage
		Usr 0 00:00:00, Sys 0 00:00:00  -  Total Local Usage
	9200  -  Run Bytes Sent By Job
	436  -  Run Bytes Received By Job
	9200  -  Total Bytes Sent By Job
	436  -  Total Bytes Received By Job
	Partitionable Resources :    Usage  Request Allocated
	   Cpus                 :                 2         2
	   Disk (KB)            :       28        1   2131632
	   Memory (MB)          :      327     4000      4000
...
