000 (2325790.14450.000) 05/26 19:51:03 Job submitted from host: <137.138.44.75:9618?addrs=137.138.44.75-9618&noUDP&sock=3998_dfba_3>
...
001 (2325790.14450.000) 05/26 20:13:57 Job executing on host: <128.142.97.229:9618?addrs=128.142.97.229-9618+[2001-1458-301-87--100-1b4]-9618&noUDP&sock=16986_8fc7_3>
...
006 (2325790.14450.000) 05/26 20:14:05 Image size of job updated: 94208
	90  -  MemoryUsage of job (MB)
	91492  -  ResidentSetSize of job (KB)
...
006 (2325790.14450.000) 05/26 20:19:05 Image size of job updated: 283248
	277  -  MemoryUsage of job (MB)
	283232  -  ResidentSetSize of job (KB)
...
005 (2325790.14450.000) 05/26 20:23:17 Job terminated.
	(1) Normal termination (return value 0)
		Usr 0 00:00:40, Sys 0 00:00:02  -  Run Remote Usage
		Usr 0 00:00:00, Sys 0 00:00:00  -  Run Local Usage
		Usr 0 00:00:40, Sys 0 00:00:02  -  Total Remote Usage
		Usr 0 00:00:00, Sys 0 00:00:00  -  Total Local Usage
	9155  -  Run Bytes Sent By Job
	436  -  Run Bytes Received By Job
	9155  -  Total Bytes Sent By Job
	436  -  Total Bytes Received By Job
	Partitionable Resources :    Usage  Request Allocated
	   Cpus                 :                 2         2
	   Disk (KB)            :       39        1   4308908
	   Memory (MB)          :      277     4000      4000
...
