000 (2325790.9302.000) 05/26 19:50:49 Job submitted from host: <137.138.44.75:9618?addrs=137.138.44.75-9618&noUDP&sock=3998_dfba_3>
...
001 (2325790.9302.000) 05/26 20:08:01 Job executing on host: <188.184.205.246:9618?addrs=188.184.205.246-9618+[2001-1458-301-7d--100-1cd]-9618&noUDP&sock=19480_3cfa_3>
...
006 (2325790.9302.000) 05/26 20:08:10 Image size of job updated: 259164
	253  -  MemoryUsage of job (MB)
	258572  -  ResidentSetSize of job (KB)
...
006 (2325790.9302.000) 05/26 20:08:56 Image size of job updated: 259164
	253  -  MemoryUsage of job (MB)
	258684  -  ResidentSetSize of job (KB)
...
005 (2325790.9302.000) 05/26 20:09:04 Job terminated.
	(1) Normal termination (return value 0)
		Usr 0 00:00:40, Sys 0 00:00:02  -  Run Remote Usage
		Usr 0 00:00:00, Sys 0 00:00:00  -  Run Local Usage
		Usr 0 00:00:40, Sys 0 00:00:02  -  Total Remote Usage
		Usr 0 00:00:00, Sys 0 00:00:00  -  Total Local Usage
	9156  -  Run Bytes Sent By Job
	436  -  Run Bytes Received By Job
	9156  -  Total Bytes Sent By Job
	436  -  Total Bytes Received By Job
	Partitionable Resources :    Usage  Request Allocated
	   Cpus                 :                 2         2
	   Disk (KB)            :       29        1   2146230
	   Memory (MB)          :      253     4000      4000
...
