000 (2325790.315.000) 05/26 19:50:26 Job submitted from host: <137.138.44.75:9618?addrs=137.138.44.75-9618&noUDP&sock=3998_dfba_3>
...
001 (2325790.315.000) 05/26 19:54:47 Job executing on host: <188.184.204.111:9618?addrs=188.184.204.111-9618+[2001-1458-301-7d--100-5f]-9618&noUDP&sock=19612_c77a_3>
...
006 (2325790.315.000) 05/26 19:54:56 Image size of job updated: 290540
	282  -  MemoryUsage of job (MB)
	287748  -  ResidentSetSize of job (KB)
...
006 (2325790.315.000) 05/26 19:55:37 Image size of job updated: 1922300
	282  -  MemoryUsage of job (MB)
	287864  -  ResidentSetSize of job (KB)
...
005 (2325790.315.000) 05/26 19:55:37 Job terminated.
	(1) Normal termination (return value 0)
		Usr 0 00:00:39, Sys 0 00:00:02  -  Run Remote Usage
		Usr 0 00:00:00, Sys 0 00:00:00  -  Run Local Usage
		Usr 0 00:00:39, Sys 0 00:00:02  -  Total Remote Usage
		Usr 0 00:00:00, Sys 0 00:00:00  -  Total Local Usage
	8283  -  Run Bytes Sent By Job
	436  -  Run Bytes Received By Job
	8283  -  Total Bytes Sent By Job
	436  -  Total Bytes Received By Job
	Partitionable Resources :    Usage  Request Allocated
	   Cpus                 :                 2         2
	   Disk (KB)            :       27        1   2151530
	   Memory (MB)          :      282     4000      4000
...
