000 (2325790.1486.000) 05/26 19:50:29 Job submitted from host: <137.138.44.75:9618?addrs=137.138.44.75-9618&noUDP&sock=3998_dfba_3>
...
001 (2325790.1486.000) 05/26 19:55:42 Job executing on host: <188.184.207.29:9618?addrs=188.184.207.29-9618+[2001-1458-301-7d--100-34d]-9618&noUDP&sock=19800_bb49_3>
...
006 (2325790.1486.000) 05/26 19:55:51 Image size of job updated: 266988
	258  -  MemoryUsage of job (MB)
	264180  -  ResidentSetSize of job (KB)
...
006 (2325790.1486.000) 05/26 19:57:50 Image size of job updated: 746664
	259  -  MemoryUsage of job (MB)
	264548  -  ResidentSetSize of job (KB)
...
005 (2325790.1486.000) 05/26 19:57:50 Job terminated.
	(1) Normal termination (return value 0)
		Usr 0 00:00:58, Sys 0 00:00:02  -  Run Remote Usage
		Usr 0 00:00:00, Sys 0 00:00:00  -  Run Local Usage
		Usr 0 00:00:58, Sys 0 00:00:02  -  Total Remote Usage
		Usr 0 00:00:00, Sys 0 00:00:00  -  Total Local Usage
	9191  -  Run Bytes Sent By Job
	436  -  Run Bytes Received By Job
	9191  -  Total Bytes Sent By Job
	436  -  Total Bytes Received By Job
	Partitionable Resources :    Usage  Request Allocated
	   Cpus                 :                 2         2
	   Disk (KB)            :       30        1   2207103
	   Memory (MB)          :      259     4000      4000
...
