000 (2325790.6891.000) 05/26 19:50:43 Job submitted from host: <137.138.44.75:9618?addrs=137.138.44.75-9618&noUDP&sock=3998_dfba_3>
...
001 (2325790.6891.000) 05/26 20:05:09 Job executing on host: <188.184.204.61:9618?addrs=188.184.204.61-9618+[2001-1458-301-7d--100-32]-9618&noUDP&sock=4708_dff8_3>
...
006 (2325790.6891.000) 05/26 20:05:18 Image size of job updated: 274888
	266  -  MemoryUsage of job (MB)
	272096  -  ResidentSetSize of job (KB)
...
006 (2325790.6891.000) 05/26 20:06:18 Image size of job updated: 1769724
	266  -  MemoryUsage of job (MB)
	272168  -  ResidentSetSize of job (KB)
...
005 (2325790.6891.000) 05/26 20:06:31 Job terminated.
	(1) Normal termination (return value 0)
		Usr 0 00:00:53, Sys 0 00:00:02  -  Run Remote Usage
		Usr 0 00:00:00, Sys 0 00:00:00  -  Run Local Usage
		Usr 0 00:00:53, Sys 0 00:00:02  -  Total Remote Usage
		Usr 0 00:00:00, Sys 0 00:00:00  -  Total Local Usage
	9192  -  Run Bytes Sent By Job
	436  -  Run Bytes Received By Job
	9192  -  Total Bytes Sent By Job
	436  -  Total Bytes Received By Job
	Partitionable Resources :    Usage  Request Allocated
	   Cpus                 :                 2         2
	   Disk (KB)            :       29        1   2176820
	   Memory (MB)          :      266     4000      4000
...
