000 (2325790.7863.000) 05/26 19:50:46 Job submitted from host: <137.138.44.75:9618?addrs=137.138.44.75-9618&noUDP&sock=3998_dfba_3>
...
001 (2325790.7863.000) 05/26 20:06:38 Job executing on host: <188.184.204.43:9618?addrs=188.184.204.43-9618+[2001-1458-301-7d--100-2c]-9618&noUDP&sock=19595_1e5e_3>
...
006 (2325790.7863.000) 05/26 20:06:47 Image size of job updated: 289244
	280  -  MemoryUsage of job (MB)
	286452  -  ResidentSetSize of job (KB)
...
006 (2325790.7863.000) 05/26 20:07:58 Image size of job updated: 1471376
	283  -  MemoryUsage of job (MB)
	288984  -  ResidentSetSize of job (KB)
...
005 (2325790.7863.000) 05/26 20:07:58 Job terminated.
	(1) Normal termination (return value 0)
		Usr 0 00:00:42, Sys 0 00:00:02  -  Run Remote Usage
		Usr 0 00:00:00, Sys 0 00:00:00  -  Run Local Usage
		Usr 0 00:00:42, Sys 0 00:00:02  -  Total Remote Usage
		Usr 0 00:00:00, Sys 0 00:00:00  -  Total Local Usage
	9194  -  Run Bytes Sent By Job
	436  -  Run Bytes Received By Job
	9194  -  Total Bytes Sent By Job
	436  -  Total Bytes Received By Job
	Partitionable Resources :    Usage  Request Allocated
	   Cpus                 :                 2         2
	   Disk (KB)            :       29        1   2190695
	   Memory (MB)          :      283     4000      4000
...
