000 (2325790.4295.000) 05/26 19:50:37 Job submitted from host: <137.138.44.75:9618?addrs=137.138.44.75-9618&noUDP&sock=3998_dfba_3>
...
001 (2325790.4295.000) 05/26 20:01:44 Job executing on host: <188.184.206.197:9618?addrs=188.184.206.197-9618+[2001-1458-301-7d--100-2c3]-9618&noUDP&sock=19481_ec92_3>
...
006 (2325790.4295.000) 05/26 20:01:52 Image size of job updated: 192868
	189  -  MemoryUsage of job (MB)
	192700  -  ResidentSetSize of job (KB)
...
006 (2325790.4295.000) 05/26 20:04:15 Image size of job updated: 1896508
	189  -  MemoryUsage of job (MB)
	192972  -  ResidentSetSize of job (KB)
...
005 (2325790.4295.000) 05/26 20:04:16 Job terminated.
	(1) Normal termination (return value 0)
		Usr 0 00:00:56, Sys 0 00:00:02  -  Run Remote Usage
		Usr 0 00:00:00, Sys 0 00:00:00  -  Run Local Usage
		Usr 0 00:00:56, Sys 0 00:00:02  -  Total Remote Usage
		Usr 0 00:00:00, Sys 0 00:00:00  -  Total Local Usage
	9191  -  Run Bytes Sent By Job
	436  -  Run Bytes Received By Job
	9191  -  Total Bytes Sent By Job
	436  -  Total Bytes Received By Job
	Partitionable Resources :    Usage  Request Allocated
	   Cpus                 :                 2         2
	   Disk (KB)            :       31        1   2190138
	   Memory (MB)          :      189     4000      4000
...
