000 (2325790.14339.000) 05/26 19:51:03 Job submitted from host: <137.138.44.75:9618?addrs=137.138.44.75-9618&noUDP&sock=3998_dfba_3>
...
001 (2325790.14339.000) 05/26 20:13:54 Job executing on host: <128.142.101.142:9618?addrs=128.142.101.142-9618+[2001-1458-301-89--100-192]-9618&noUDP&sock=15927_2cfc_3>
...
006 (2325790.14339.000) 05/26 20:14:02 Image size of job updated: 252680
	245  -  MemoryUsage of job (MB)
	250400  -  ResidentSetSize of job (KB)
...
006 (2325790.14339.000) 05/26 20:14:59 Image size of job updated: 252680
	245  -  MemoryUsage of job (MB)
	250412  -  ResidentSetSize of job (KB)
...
005 (2325790.14339.000) 05/26 20:14:59 Job terminated.
	(1) Normal termination (return value 0)
		Usr 0 00:00:47, Sys 0 00:00:02  -  Run Remote Usage
		Usr 0 00:00:00, Sys 0 00:00:00  -  Run Local Usage
		Usr 0 00:00:47, Sys 0 00:00:02  -  Total Remote Usage
		Usr 0 00:00:00, Sys 0 00:00:00  -  Total Local Usage
	9165  -  Run Bytes Sent By Job
	436  -  Run Bytes Received By Job
	9165  -  Total Bytes Sent By Job
	436  -  Total Bytes Received By Job
	Partitionable Resources :    Usage  Request Allocated
	   Cpus                 :                 2         2
	   Disk (KB)            :       29        1   2189411
	   Memory (MB)          :      245     4000      4000
...
