000 (2325790.4741.000) 05/26 19:50:38 Job submitted from host: <137.138.44.75:9618?addrs=137.138.44.75-9618&noUDP&sock=3998_dfba_3>
...
001 (2325790.4741.000) 05/26 20:02:14 Job executing on host: <188.184.207.18:9618?addrs=188.184.207.18-9618+[2001-1458-301-7d--100-32f]-9618&noUDP&sock=4688_2813_3>
...
006 (2325790.4741.000) 05/26 20:02:23 Image size of job updated: 259464
	251  -  MemoryUsage of job (MB)
	256812  -  ResidentSetSize of job (KB)
...
006 (2325790.4741.000) 05/26 20:03:32 Image size of job updated: 624896
	252  -  MemoryUsage of job (MB)
	257172  -  ResidentSetSize of job (KB)
...
005 (2325790.4741.000) 05/26 20:03:32 Job terminated.
	(1) Normal termination (return value 0)
		Usr 0 00:00:56, Sys 0 00:00:03  -  Run Remote Usage
		Usr 0 00:00:00, Sys 0 00:00:00  -  Run Local Usage
		Usr 0 00:00:56, Sys 0 00:00:03  -  Total Remote Usage
		Usr 0 00:00:00, Sys 0 00:00:00  -  Total Local Usage
	9195  -  Run Bytes Sent By Job
	436  -  Run Bytes Received By Job
	9195  -  Total Bytes Sent By Job
	436  -  Total Bytes Received By Job
	Partitionable Resources :    Usage  Request Allocated
	   Cpus                 :                 2         2
	   Disk (KB)            :       29        1   2136899
	   Memory (MB)          :      252     4000      4000
...
