000 (2325790.4492.000) 05/26 19:50:37 Job submitted from host: <137.138.44.75:9618?addrs=137.138.44.75-9618&noUDP&sock=3998_dfba_3>
...
001 (2325790.4492.000) 05/26 20:02:04 Job executing on host: <188.184.204.80:9618?addrs=188.184.204.80-9618+[--1]-9618&noUDP&sock=4703_71ff_3>
...
006 (2325790.4492.000) 05/26 20:02:13 Image size of job updated: 92448
	91  -  MemoryUsage of job (MB)
	92448  -  ResidentSetSize of job (KB)
...
006 (2325790.4492.000) 05/26 20:05:09 Image size of job updated: 736300
	91  -  MemoryUsage of job (MB)
	92448  -  ResidentSetSize of job (KB)
...
005 (2325790.4492.000) 05/26 20:05:09 Job terminated.
	(1) Normal termination (return value 0)
		Usr 0 00:00:51, Sys 0 00:00:02  -  Run Remote Usage
		Usr 0 00:00:00, Sys 0 00:00:00  -  Run Local Usage
		Usr 0 00:00:51, Sys 0 00:00:02  -  Total Remote Usage
		Usr 0 00:00:00, Sys 0 00:00:00  -  Total Local Usage
	9194  -  Run Bytes Sent By Job
	436  -  Run Bytes Received By Job
	9194  -  Total Bytes Sent By Job
	436  -  Total Bytes Received By Job
	Partitionable Resources :    Usage  Request Allocated
	   Cpus                 :                 2         2
	   Disk (KB)            :       31        1   2137512
	   Memory (MB)          :       91     4000      4000
...
