000 (2325790.1917.000) 05/26 19:50:30 Job submitted from host: <137.138.44.75:9618?addrs=137.138.44.75-9618&noUDP&sock=3998_dfba_3>
...
001 (2325790.1917.000) 05/26 19:57:24 Job executing on host: <188.184.206.234:9618?addrs=188.184.206.234-9618+[2001-1458-301-7d--100-2da]-9618&noUDP&sock=4675_3d58_3>
...
006 (2325790.1917.000) 05/26 19:57:33 Image size of job updated: 291788
	285  -  MemoryUsage of job (MB)
	291656  -  ResidentSetSize of job (KB)
...
006 (2325790.1917.000) 05/26 19:59:40 Image size of job updated: 650040
	285  -  MemoryUsage of job (MB)
	291684  -  ResidentSetSize of job (KB)
...
005 (2325790.1917.000) 05/26 19:59:40 Job terminated.
	(1) Normal termination (return value 0)
		Usr 0 00:01:00, Sys 0 00:00:03  -  Run Remote Usage
		Usr 0 00:00:00, Sys 0 00:00:00  -  Run Local Usage
		Usr 0 00:01:00, Sys 0 00:00:03  -  Total Remote Usage
		Usr 0 00:00:00, Sys 0 00:00:00  -  Total Local Usage
	9191  -  Run Bytes Sent By Job
	436  -  Run Bytes Received By Job
	9191  -  Total Bytes Sent By Job
	436  -  Total Bytes Received By Job
	Partitionable Resources :    Usage  Request Allocated
	   Cpus                 :                 2         2
	   Disk (KB)            :       31        1   2196592
	   Memory (MB)          :      285     4000      4000
...
