000 (2325790.13505.000) 05/26 19:51:01 Job submitted from host: <137.138.44.75:9618?addrs=137.138.44.75-9618&noUDP&sock=3998_dfba_3>
...
001 (2325790.13505.000) 05/26 20:13:04 Job executing on host: <188.184.205.141:9618?addrs=188.184.205.141-9618+[2001-1458-301-7d--100-19c]-9618&noUDP&sock=19579_24da_3>
...
006 (2325790.13505.000) 05/26 20:13:12 Image size of job updated: 74420
	72  -  MemoryUsage of job (MB)
	73128  -  ResidentSetSize of job (KB)
...
006 (2325790.13505.000) 05/26 20:18:12 Image size of job updated: 336368
	328  -  MemoryUsage of job (MB)
	335076  -  ResidentSetSize of job (KB)
...
005 (2325790.13505.000) 05/26 20:23:57 Job terminated.
	(1) Normal termination (return value 0)
		Usr 0 00:00:45, Sys 0 00:00:02  -  Run Remote Usage
		Usr 0 00:00:00, Sys 0 00:00:00  -  Run Local Usage
		Usr 0 00:00:45, Sys 0 00:00:02  -  Total Remote Usage
		Usr 0 00:00:00, Sys 0 00:00:00  -  Total Local Usage
	9196  -  Run Bytes Sent By Job
	436  -  Run Bytes Received By Job
	9196  -  Total Bytes Sent By Job
	436  -  Total Bytes Received By Job
	Partitionable Resources :    Usage  Request Allocated
	   Cpus                 :                 2         2
	   Disk (KB)            :       42        1   2188266
	   Memory (MB)          :      328     4000      4000
...
