000 (2325790.266.000) 05/26 19:50:26 Job submitted from host: <137.138.44.75:9618?addrs=137.138.44.75-9618&noUDP&sock=3998_dfba_3>
...
001 (2325790.266.000) 05/26 19:54:30 Job executing on host: <188.184.205.198:9618?addrs=188.184.205.198-9618+[2001-1458-301-7d--100-1e4]-9618&noUDP&sock=19644_ba82_3>
...
006 (2325790.266.000) 05/26 19:54:39 Image size of job updated: 266124
	252  -  MemoryUsage of job (MB)
	257560  -  ResidentSetSize of job (KB)
...
006 (2325790.266.000) 05/26 19:55:42 Image size of job updated: 656688
	252  -  MemoryUsage of job (MB)
	257680  -  ResidentSetSize of job (KB)
...
005 (2325790.266.000) 05/26 19:55:42 Job terminated.
	(1) Normal termination (return value 0)
		Usr 0 00:00:55, Sys 0 00:00:02  -  Run Remote Usage
		Usr 0 00:00:00, Sys 0 00:00:00  -  Run Local Usage
		Usr 0 00:00:55, Sys 0 00:00:02  -  Total Remote Usage
		Usr 0 00:00:00, Sys 0 00:00:00  -  Total Local Usage
	9192  -  Run Bytes Sent By Job
	436  -  Run Bytes Received By Job
	9192  -  Total Bytes Sent By Job
	436  -  Total Bytes Received By Job
	Partitionable Resources :    Usage  Request Allocated
	   Cpus                 :                 2         2
	   Disk (KB)            :       29        1   2179083
	   Memory (MB)          :      252     4000      4000
...
