000 (2325790.6861.000) 05/26 19:50:43 Job submitted from host: <137.138.44.75:9618?addrs=137.138.44.75-9618&noUDP&sock=3998_dfba_3>
...
001 (2325790.6861.000) 05/26 20:05:07 Job executing on host: <188.184.205.114:9618?addrs=188.184.205.114-9618+[2001-1458-301-7d--100-162]-9618&noUDP&sock=19499_4547_3>
...
006 (2325790.6861.000) 05/26 20:05:15 Image size of job updated: 235140
	227  -  MemoryUsage of job (MB)
	232424  -  ResidentSetSize of job (KB)
...
006 (2325790.6861.000) 05/26 20:07:28 Image size of job updated: 523540
	228  -  MemoryUsage of job (MB)
	232624  -  ResidentSetSize of job (KB)
...
005 (2325790.6861.000) 05/26 20:07:28 Job terminated.
	(1) Normal termination (return value 0)
		Usr 0 00:00:53, Sys 0 00:00:02  -  Run Remote Usage
		Usr 0 00:00:00, Sys 0 00:00:00  -  Run Local Usage
		Usr 0 00:00:53, Sys 0 00:00:02  -  Total Remote Usage
		Usr 0 00:00:00, Sys 0 00:00:00  -  Total Local Usage
	9192  -  Run Bytes Sent By Job
	436  -  Run Bytes Received By Job
	9192  -  Total Bytes Sent By Job
	436  -  Total Bytes Received By Job
	Partitionable Resources :    Usage  Request Allocated
	   Cpus                 :                 2         2
	   Disk (KB)            :       31        1   2207192
	   Memory (MB)          :      228     4000      4000
...
