000 (2325790.3762.000) 05/26 19:50:36 Job submitted from host: <137.138.44.75:9618?addrs=137.138.44.75-9618&noUDP&sock=3998_dfba_3>
...
001 (2325790.3762.000) 05/26 20:00:58 Job executing on host: <188.184.206.65:9618?addrs=188.184.206.65-9618+[2001-1458-301-7d--100-241]-9618&noUDP&sock=19566_3a1f_3>
...
006 (2325790.3762.000) 05/26 20:01:07 Image size of job updated: 97260
	93  -  MemoryUsage of job (MB)
	94752  -  ResidentSetSize of job (KB)
...
006 (2325790.3762.000) 05/26 20:03:08 Image size of job updated: 627520
	93  -  MemoryUsage of job (MB)
	94752  -  ResidentSetSize of job (KB)
...
005 (2325790.3762.000) 05/26 20:03:08 Job terminated.
	(1) Normal termination (return value 0)
		Usr 0 00:00:59, Sys 0 00:00:02  -  Run Remote Usage
		Usr 0 00:00:00, Sys 0 00:00:00  -  Run Local Usage
		Usr 0 00:00:59, Sys 0 00:00:02  -  Total Remote Usage
		Usr 0 00:00:00, Sys 0 00:00:00  -  Total Local Usage
	9193  -  Run Bytes Sent By Job
	436  -  Run Bytes Received By Job
	9193  -  Total Bytes Sent By Job
	436  -  Total Bytes Received By Job
	Partitionable Resources :    Usage  Request Allocated
	   Cpus                 :                 2         2
	   Disk (KB)            :       30        1   2115594
	   Memory (MB)          :       93     4000      4000
...
