000 (2325790.10542.000) 05/26 19:50:52 Job submitted from host: <137.138.44.75:9618?addrs=137.138.44.75-9618&noUDP&sock=3998_dfba_3>
...
001 (2325790.10542.000) 05/26 20:09:20 Job executing on host: <188.184.205.92:9618?addrs=188.184.205.92-9618+[2001-1458-301-7d--100-14b]-9618&noUDP&sock=19487_0a24_3>
...
006 (2325790.10542.000) 05/26 20:09:28 Image size of job updated: 248940
	243  -  MemoryUsage of job (MB)
	248788  -  ResidentSetSize of job (KB)
...
005 (2325790.10542.000) 05/26 20:10:54 Job terminated.
	(1) Normal termination (return value 0)
		Usr 0 00:00:45, Sys 0 00:00:02  -  Run Remote Usage
		Usr 0 00:00:00, Sys 0 00:00:00  -  Run Local Usage
		Usr 0 00:00:45, Sys 0 00:00:02  -  Total Remote Usage
		Usr 0 00:00:00, Sys 0 00:00:00  -  Total Local Usage
	9197  -  Run Bytes Sent By Job
	436  -  Run Bytes Received By Job
	9197  -  Total Bytes Sent By Job
	436  -  Total Bytes Received By Job
	Partitionable Resources :    Usage  Request Allocated
	   Cpus                 :                 2         2
	   Disk (KB)            :       29        1   2135877
	   Memory (MB)          :      243     4000      4000
...
