000 (2325790.6229.000) 05/26 19:50:42 Job submitted from host: <137.138.44.75:9618?addrs=137.138.44.75-9618&noUDP&sock=3998_dfba_3>
...
001 (2325790.6229.000) 05/26 20:04:12 Job executing on host: <188.184.204.126:9618?addrs=188.184.204.126-9618+[2001-1458-301-7d--100-83]-9618&noUDP&sock=19598_2d27_3>
...
006 (2325790.6229.000) 05/26 20:04:20 Image size of job updated: 279328
	271  -  MemoryUsage of job (MB)
	276536  -  ResidentSetSize of job (KB)
...
006 (2325790.6229.000) 05/26 20:05:51 Image size of job updated: 717560
	271  -  MemoryUsage of job (MB)
	276740  -  ResidentSetSize of job (KB)
...
005 (2325790.6229.000) 05/26 20:05:51 Job terminated.
	(1) Normal termination (return value 0)
		Usr 0 00:00:36, Sys 0 00:00:01  -  Run Remote Usage
		Usr 0 00:00:00, Sys 0 00:00:00  -  Run Local Usage
		Usr 0 00:00:36, Sys 0 00:00:01  -  Total Remote Usage
		Usr 0 00:00:00, Sys 0 00:00:00  -  Total Local Usage
	8285  -  Run Bytes Sent By Job
	436  -  Run Bytes Received By Job
	8285  -  Total Bytes Sent By Job
	436  -  Total Bytes Received By Job
	Partitionable Resources :    Usage  Request Allocated
	   Cpus                 :                 2         2
	   Disk (KB)            :       29        1   2142365
	   Memory (MB)          :      271     4000      4000
...
