000 (2325790.12408.000) 05/26 19:50:58 Job submitted from host: <137.138.44.75:9618?addrs=137.138.44.75-9618&noUDP&sock=3998_dfba_3>
...
001 (2325790.12408.000) 05/26 20:11:28 Job executing on host: <188.184.183.11:9618?addrs=188.184.183.11-9618+[2001-1458-301-2b--100-10a]-9618&noUDP&sock=5576_402c_3>
...
006 (2325790.12408.000) 05/26 20:11:37 Image size of job updated: 96892
	95  -  MemoryUsage of job (MB)
	96876  -  ResidentSetSize of job (KB)
...
006 (2325790.12408.000) 05/26 20:12:56 Image size of job updated: 1406456
	97  -  MemoryUsage of job (MB)
	98748  -  ResidentSetSize of job (KB)
...
005 (2325790.12408.000) 05/26 20:13:10 Job terminated.
	(1) Normal termination (return value 0)
		Usr 0 00:00:35, Sys 0 00:00:02  -  Run Remote Usage
		Usr 0 00:00:00, Sys 0 00:00:00  -  Run Local Usage
		Usr 0 00:00:35, Sys 0 00:00:02  -  Total Remote Usage
		Usr 0 00:00:00, Sys 0 00:00:00  -  Total Local Usage
	9196  -  Run Bytes Sent By Job
	436  -  Run Bytes Received By Job
	9196  -  Total Bytes Sent By Job
	436  -  Total Bytes Received By Job
	Partitionable Resources :    Usage  Request Allocated
	   Cpus                 :                 2         2
	   Disk (KB)            :       29        1   2870750
	   Memory (MB)          :       97     4000      4000
...
