000 (2325790.10930.000) 05/26 19:50:53 Job submitted from host: <137.138.44.75:9618?addrs=137.138.44.75-9618&noUDP&sock=3998_dfba_3>
...
001 (2325790.10930.000) 05/26 20:09:48 Job executing on host: <128.142.133.228:9618?addrs=128.142.133.228-9618+[2001-1458-301-32--100-ce]-9618&noUDP&sock=19501_a477_3>
...
006 (2325790.10930.000) 05/26 20:09:56 Image size of job updated: 90832
	89  -  MemoryUsage of job (MB)
	90832  -  ResidentSetSize of job (KB)
...
006 (2325790.10930.000) 05/26 20:11:37 Image size of job updated: 1312164
	89  -  MemoryUsage of job (MB)
	90832  -  ResidentSetSize of job (KB)
...
005 (2325790.10930.000) 05/26 20:11:44 Job terminated.
	(1) Normal termination (return value 0)
		Usr 0 00:00:37, Sys 0 00:00:01  -  Run Remote Usage
		Usr 0 00:00:00, Sys 0 00:00:00  -  Run Local Usage
		Usr 0 00:00:37, Sys 0 00:00:01  -  Total Remote Usage
		Usr 0 00:00:00, Sys 0 00:00:00  -  Total Local Usage
	9191  -  Run Bytes Sent By Job
	436  -  Run Bytes Received By Job
	9191  -  Total Bytes Sent By Job
	436  -  Total Bytes Received By Job
	Partitionable Resources :    Usage  Request Allocated
	   Cpus                 :                 2         2
	   Disk (KB)            :       30        1   2154620
	   Memory (MB)          :       89     4000      4000
...
