000 (2325790.4453.000) 05/26 19:50:37 Job submitted from host: <137.138.44.75:9618?addrs=137.138.44.75-9618&noUDP&sock=3998_dfba_3>
...
001 (2325790.4453.000) 05/26 20:02:03 Job executing on host: <128.142.103.161:9618?addrs=128.142.103.161-9618+[2001-1458-301-89--100-3b0]-9618&noUDP&sock=16175_4879_3>
...
006 (2325790.4453.000) 05/26 20:02:12 Image size of job updated: 121396
	116  -  MemoryUsage of job (MB)
	118588  -  ResidentSetSize of job (KB)
...
006 (2325790.4453.000) 05/26 20:03:52 Image size of job updated: 685848
	116  -  MemoryUsage of job (MB)
	118588  -  ResidentSetSize of job (KB)
...
005 (2325790.4453.000) 05/26 20:03:52 Job terminated.
	(1) Normal termination (return value 0)
		Usr 0 00:00:59, Sys 0 00:00:02  -  Run Remote Usage
		Usr 0 00:00:00, Sys 0 00:00:00  -  Run Local Usage
		Usr 0 00:00:59, Sys 0 00:00:02  -  Total Remote Usage
		Usr 0 00:00:00, Sys 0 00:00:00  -  Total Local Usage
	9193  -  Run Bytes Sent By Job
	436  -  Run Bytes Received By Job
	9193  -  Total Bytes Sent By Job
	436  -  Total Bytes Received By Job
	Partitionable Resources :    Usage  Request Allocated
	   Cpus                 :                 2         2
	   Disk (KB)            :       30        1   2113785
	   Memory (MB)          :      116     4000      4000
...
