000 (2325790.11985.000) 05/26 19:50:57 Job submitted from host: <137.138.44.75:9618?addrs=137.138.44.75-9618&noUDP&sock=3998_dfba_3>
...
001 (2325790.11985.000) 05/26 20:11:05 Job executing on host: <188.184.204.221:9618?addrs=188.184.204.221-9618+[2001-1458-301-7d--100-ce]-9618&noUDP&sock=4677_9c88_3>
...
006 (2325790.11985.000) 05/26 20:11:14 Image size of job updated: 96244
	92  -  MemoryUsage of job (MB)
	93724  -  ResidentSetSize of job (KB)
...
006 (2325790.11985.000) 05/26 20:14:03 Image size of job updated: 1302360
	92  -  MemoryUsage of job (MB)
	94060  -  ResidentSetSize of job (KB)
...
005 (2325790.11985.000) 05/26 20:14:04 Job terminated.
	(1) Normal termination (return value 0)
		Usr 0 00:00:43, Sys 0 00:00:02  -  Run Remote Usage
		Usr 0 00:00:00, Sys 0 00:00:00  -  Run Local Usage
		Usr 0 00:00:43, Sys 0 00:00:02  -  Total Remote Usage
		Usr 0 00:00:00, Sys 0 00:00:00  -  Total Local Usage
	9198  -  Run Bytes Sent By Job
	436  -  Run Bytes Received By Job
	9198  -  Total Bytes Sent By Job
	436  -  Total Bytes Received By Job
	Partitionable Resources :    Usage  Request Allocated
	   Cpus                 :                 2         2
	   Disk (KB)            :       31        1   2183476
	   Memory (MB)          :       92     4000      4000
...
