000 (2325790.2287.000) 05/26 19:50:31 Job submitted from host: <137.138.44.75:9618?addrs=137.138.44.75-9618&noUDP&sock=3998_dfba_3>
...
001 (2325790.2287.000) 05/26 19:58:25 Job executing on host: <188.184.205.39:9618?addrs=188.184.205.39-9618+[2001-1458-301-7d--100-126]-9618&noUDP&sock=19553_4f64_3>
...
006 (2325790.2287.000) 05/26 19:58:33 Image size of job updated: 257168
	249  -  MemoryUsage of job (MB)
	254428  -  ResidentSetSize of job (KB)
...
006 (2325790.2287.000) 05/26 20:00:38 Image size of job updated: 743112
	249  -  MemoryUsage of job (MB)
	254592  -  ResidentSetSize of job (KB)
...
005 (2325790.2287.000) 05/26 20:00:46 Job terminated.
	(1) Normal termination (return value 0)
		Usr 0 00:00:38, Sys 0 00:00:02  -  Run Remote Usage
		Usr 0 00:00:00, Sys 0 00:00:00  -  Run Local Usage
		Usr 0 00:00:38, Sys 0 00:00:02  -  Total Remote Usage
		Usr 0 00:00:00, Sys 0 00:00:00  -  Total Local Usage
	8245  -  Run Bytes Sent By Job
	436  -  Run Bytes Received By Job
	8245  -  Total Bytes Sent By Job
	436  -  Total Bytes Received By Job
	Partitionable Resources :    Usage  Request Allocated
	   Cpus                 :                 2         2
	   Disk (KB)            :       30        1   2163045
	   Memory (MB)          :      249     4000      4000
...
