000 (2325790.1003.000) 05/26 19:50:28 Job submitted from host: <137.138.44.75:9618?addrs=137.138.44.75-9618&noUDP&sock=3998_dfba_3>
...
001 (2325790.1003.000) 05/26 19:58:40 Job executing on host: <188.184.204.144:9618?addrs=188.184.204.144-9618+[2001-1458-301-7d--100-82]-9618&noUDP&sock=19636_3dc0_3>
...
006 (2325790.1003.000) 05/26 19:58:49 Image size of job updated: 94276
	90  -  MemoryUsage of job (MB)
	91560  -  ResidentSetSize of job (KB)
...
006 (2325790.1003.000) 05/26 20:01:05 Image size of job updated: 733084
	90  -  MemoryUsage of job (MB)
	91684  -  ResidentSetSize of job (KB)
...
005 (2325790.1003.000) 05/26 20:01:11 Job terminated.
	(1) Normal termination (return value 0)
		Usr 0 00:00:57, Sys 0 00:00:02  -  Run Remote Usage
		Usr 0 00:00:00, Sys 0 00:00:00  -  Run Local Usage
		Usr 0 00:00:57, Sys 0 00:00:02  -  Total Remote Usage
		Usr 0 00:00:00, Sys 0 00:00:00  -  Total Local Usage
	9191  -  Run Bytes Sent By Job
	436  -  Run Bytes Received By Job
	9191  -  Total Bytes Sent By Job
	436  -  Total Bytes Received By Job
	Partitionable Resources :    Usage  Request Allocated
	   Cpus                 :                 2         2
	   Disk (KB)            :       31        1   2111841
	   Memory (MB)          :       90     4000      4000
...
