000 (2325790.13268.000) 05/26 19:51:00 Job submitted from host: <137.138.44.75:9618?addrs=137.138.44.75-9618&noUDP&sock=3998_dfba_3>
...
001 (2325790.13268.000) 05/26 20:12:32 Job executing on host: <188.184.205.236:9618?addrs=188.184.205.236-9618+[2001-1458-301-7d--100-1c6]-9618&noUDP&sock=19611_17e2_3>
...
006 (2325790.13268.000) 05/26 20:12:41 Image size of job updated: 315380
	306  -  MemoryUsage of job (MB)
	312588  -  ResidentSetSize of job (KB)
...
006 (2325790.13268.000) 05/26 20:13:18 Image size of job updated: 315380
	322  -  MemoryUsage of job (MB)
	329624  -  ResidentSetSize of job (KB)
...
005 (2325790.13268.000) 05/26 20:13:28 Job terminated.
	(1) Normal termination (return value 0)
		Usr 0 00:00:36, Sys 0 00:00:01  -  Run Remote Usage
		Usr 0 00:00:00, Sys 0 00:00:00  -  Run Local Usage
		Usr 0 00:00:36, Sys 0 00:00:01  -  Total Remote Usage
		Usr 0 00:00:00, Sys 0 00:00:00  -  Total Local Usage
	9197  -  Run Bytes Sent By Job
	436  -  Run Bytes Received By Job
	9197  -  Total Bytes Sent By Job
	436  -  Total Bytes Received By Job
	Partitionable Resources :    Usage  Request Allocated
	   Cpus                 :                 2         2
	   Disk (KB)            :       29        1   2214173
	   Memory (MB)          :      322     4000      4000
...
