000 (2325790.13941.000) 05/26 19:51:02 Job submitted from host: <137.138.44.75:9618?addrs=137.138.44.75-9618&noUDP&sock=3998_dfba_3>
...
001 (2325790.13941.000) 05/26 20:13:28 Job executing on host: <188.184.204.14:9618?addrs=188.184.204.14-9618+[2001-1458-301-7d--100-10]-9618&noUDP&sock=21275_757a_3>
...
006 (2325790.13941.000) 05/26 20:13:37 Image size of job updated: 323860
	314  -  MemoryUsage of job (MB)
	321144  -  ResidentSetSize of job (KB)
...
006 (2325790.13941.000) 05/26 20:15:12 Image size of job updated: 323860
	314  -  MemoryUsage of job (MB)
	321344  -  ResidentSetSize of job (KB)
...
005 (2325790.13941.000) 05/26 20:15:13 Job terminated.
	(1) Normal termination (return value 0)
		Usr 0 00:00:39, Sys 0 00:00:02  -  Run Remote Usage
		Usr 0 00:00:00, Sys 0 00:00:00  -  Run Local Usage
		Usr 0 00:00:39, Sys 0 00:00:02  -  Total Remote Usage
		Usr 0 00:00:00, Sys 0 00:00:00  -  Total Local Usage
	9198  -  Run Bytes Sent By Job
	436  -  Run Bytes Received By Job
	9198  -  Total Bytes Sent By Job
	436  -  Total Bytes Received By Job
	Partitionable Resources :    Usage  Request Allocated
	   Cpus                 :                 2         2
	   Disk (KB)            :       30        1   2173079
	   Memory (MB)          :      314     4000      4000
...
