000 (2325790.6344.000) 05/26 19:50:42 Job submitted from host: <137.138.44.75:9618?addrs=137.138.44.75-9618&noUDP&sock=3998_dfba_3>
...
001 (2325790.6344.000) 05/26 20:04:22 Job executing on host: <188.185.215.47:9618?addrs=188.185.215.47-9618+[2001-1459-301-a7--100-d]-9618&noUDP&sock=19993_1d10_1546>
...
006 (2325790.6344.000) 05/26 20:04:30 Image size of job updated: 90724
	87  -  MemoryUsage of job (MB)
	88860  -  ResidentSetSize of job (KB)
...
006 (2325790.6344.000) 05/26 20:08:16 Image size of job updated: 748752
	87  -  MemoryUsage of job (MB)
	89036  -  ResidentSetSize of job (KB)
...
005 (2325790.6344.000) 05/26 20:08:18 Job terminated.
	(1) Normal termination (return value 0)
		Usr 0 00:00:54, Sys 0 00:00:02  -  Run Remote Usage
		Usr 0 00:00:00, Sys 0 00:00:00  -  Run Local Usage
		Usr 0 00:00:54, Sys 0 00:00:02  -  Total Remote Usage
		Usr 0 00:00:00, Sys 0 00:00:00  -  Total Local Usage
	9193  -  Run Bytes Sent By Job
	436  -  Run Bytes Received By Job
	9193  -  Total Bytes Sent By Job
	436  -  Total Bytes Received By Job
	Partitionable Resources :    Usage  Request Allocated
	   Cpus                 :                 2         2
	   Disk (KB)            :       32        1   2185731
	   Memory (MB)          :       87     4000      4000
...
