000 (2325790.4147.000) 05/26 19:50:37 Job submitted from host: <137.138.44.75:9618?addrs=137.138.44.75-9618&noUDP&sock=3998_dfba_3>
...
001 (2325790.4147.000) 05/26 20:01:23 Job executing on host: <188.184.181.92:9618?addrs=188.184.181.92-9618+[--1]-9618&noUDP&sock=4686_c8e2_3>
...
006 (2325790.4147.000) 05/26 20:01:31 Image size of job updated: 263136
	257  -  MemoryUsage of job (MB)
	262216  -  ResidentSetSize of job (KB)
...
006 (2325790.4147.000) 05/26 20:02:34 Image size of job updated: 736600
	257  -  MemoryUsage of job (MB)
	262660  -  ResidentSetSize of job (KB)
...
005 (2325790.4147.000) 05/26 20:02:34 Job terminated.
	(1) Normal termination (return value 0)
		Usr 0 00:00:55, Sys 0 00:00:02  -  Run Remote Usage
		Usr 0 00:00:00, Sys 0 00:00:00  -  Run Local Usage
		Usr 0 00:00:55, Sys 0 00:00:02  -  Total Remote Usage
		Usr 0 00:00:00, Sys 0 00:00:00  -  Total Local Usage
	9192  -  Run Bytes Sent By Job
	436  -  Run Bytes Received By Job
	9192  -  Total Bytes Sent By Job
	436  -  Total Bytes Received By Job
	Partitionable Resources :    Usage  Request Allocated
	   Cpus                 :                 2         2
	   Disk (KB)            :       29        1   1836573
	   Memory (MB)          :      257     4000      4000
...
