000 (2325790.12279.000) 05/26 19:50:58 Job submitted from host: <137.138.44.75:9618?addrs=137.138.44.75-9618&noUDP&sock=3998_dfba_3>
...
001 (2325790.12279.000) 05/26 20:11:20 Job executing on host: <188.184.205.102:9618?addrs=188.184.205.102-9618+[2001-1458-301-7d--100-17b]-9618&noUDP&sock=19484_fb5b_3>
...
006 (2325790.12279.000) 05/26 20:11:28 Image size of job updated: 234176
	229  -  MemoryUsage of job (MB)
	233744  -  ResidentSetSize of job (KB)
...
006 (2325790.12279.000) 05/26 20:13:15 Image size of job updated: 1456604
	229  -  MemoryUsage of job (MB)
	233952  -  ResidentSetSize of job (KB)
...
005 (2325790.12279.000) 05/26 20:13:26 Job terminated.
	(1) Normal termination (return value 0)
		Usr 0 00:00:42, Sys 0 00:00:02  -  Run Remote Usage
		Usr 0 00:00:00, Sys 0 00:00:00  -  Run Local Usage
		Usr 0 00:00:42, Sys 0 00:00:02  -  Total Remote Usage
		Usr 0 00:00:00, Sys 0 00:00:00  -  Total Local Usage
	9198  -  Run Bytes Sent By Job
	436  -  Run Bytes Received By Job
	9198  -  Total Bytes Sent By Job
	436  -  Total Bytes Received By Job
	Partitionable Resources :    Usage  Request Allocated
	   Cpus                 :                 2         2
	   Disk (KB)            :       30        1   2189530
	   Memory (MB)          :      229     4000      4000
...
