000 (2325790.9244.000) 05/26 19:50:49 Job submitted from host: <137.138.44.75:9618?addrs=137.138.44.75-9618&noUDP&sock=3998_dfba_3>
...
001 (2325790.9244.000) 05/26 20:07:57 Job executing on host: <188.184.205.122:9618?addrs=188.184.205.122-9618+[2001-1458-301-7d--100-153]-9618&noUDP&sock=19672_ef29_3>
...
006 (2325790.9244.000) 05/26 20:08:06 Image size of job updated: 278928
	270  -  MemoryUsage of job (MB)
	276296  -  ResidentSetSize of job (KB)
...
006 (2325790.9244.000) 05/26 20:08:54 Image size of job updated: 278928
	270  -  MemoryUsage of job (MB)
	276460  -  ResidentSetSize of job (KB)
...
005 (2325790.9244.000) 05/26 20:09:03 Job terminated.
	(1) Normal termination (return value 0)
		Usr 0 00:00:42, Sys 0 00:00:02  -  Run Remote Usage
		Usr 0 00:00:00, Sys 0 00:00:00  -  Run Local Usage
		Usr 0 00:00:42, Sys 0 00:00:02  -  Total Remote Usage
		Usr 0 00:00:00, Sys 0 00:00:00  -  Total Local Usage
	9198  -  Run Bytes Sent By Job
	436  -  Run Bytes Received By Job
	9198  -  Total Bytes Sent By Job
	436  -  Total Bytes Received By Job
	Partitionable Resources :    Usage  Request Allocated
	   Cpus                 :                 2         2
	   Disk (KB)            :       29        1   2142231
	   Memory (MB)          :      270     4000      4000
...
