000 (2325790.721.000) 05/26 19:50:27 Job submitted from host: <137.138.44.75:9618?addrs=137.138.44.75-9618&noUDP&sock=3998_dfba_3>
...
001 (2325790.721.000) 05/26 19:57:05 Job executing on host: <188.184.205.49:9618?addrs=188.184.205.49-9618+[2001-1458-301-7d--100-138]-9618&noUDP&sock=19549_9103_3>
...
006 (2325790.721.000) 05/26 19:57:13 Image size of job updated: 240800
	235  -  MemoryUsage of job (MB)
	240548  -  ResidentSetSize of job (KB)
...
006 (2325790.721.000) 05/26 19:57:55 Image size of job updated: 718672
	236  -  MemoryUsage of job (MB)
	240676  -  ResidentSetSize of job (KB)
...
005 (2325790.721.000) 05/26 19:57:56 Job terminated.
	(1) Normal termination (return value 0)
		Usr 0 00:00:39, Sys 0 00:00:01  -  Run Remote Usage
		Usr 0 00:00:00, Sys 0 00:00:00  -  Run Local Usage
		Usr 0 00:00:39, Sys 0 00:00:01  -  Total Remote Usage
		Usr 0 00:00:00, Sys 0 00:00:00  -  Total Local Usage
	8282  -  Run Bytes Sent By Job
	436  -  Run Bytes Received By Job
	8282  -  Total Bytes Sent By Job
	436  -  Total Bytes Received By Job
	Partitionable Resources :    Usage  Request Allocated
	   Cpus                 :                 2         2
	   Disk (KB)            :       27        1   2214298
	   Memory (MB)          :      236     4000      4000
...
