000 (2325790.7720.000) 05/26 19:50:45 Job submitted from host: <137.138.44.75:9618?addrs=137.138.44.75-9618&noUDP&sock=3998_dfba_3>
...
001 (2325790.7720.000) 05/26 20:06:27 Job executing on host: <188.184.204.243:9618?addrs=188.184.204.243-9618+[2001-1458-301-7d--100-de]-9618&noUDP&sock=19660_b406_3>
...
006 (2325790.7720.000) 05/26 20:06:36 Image size of job updated: 96096
	92  -  MemoryUsage of job (MB)
	94128  -  ResidentSetSize of job (KB)
...
006 (2325790.7720.000) 05/26 20:09:33 Image size of job updated: 1465068
	97  -  MemoryUsage of job (MB)
	98620  -  ResidentSetSize of job (KB)
...
005 (2325790.7720.000) 05/26 20:09:34 Job terminated.
	(1) Normal termination (return value 0)
		Usr 0 00:00:43, Sys 0 00:00:02  -  Run Remote Usage
		Usr 0 00:00:00, Sys 0 00:00:00  -  Run Local Usage
		Usr 0 00:00:43, Sys 0 00:00:02  -  Total Remote Usage
		Usr 0 00:00:00, Sys 0 00:00:00  -  Total Local Usage
	9195  -  Run Bytes Sent By Job
	436  -  Run Bytes Received By Job
	9195  -  Total Bytes Sent By Job
	436  -  Total Bytes Received By Job
	Partitionable Resources :    Usage  Request Allocated
	   Cpus                 :                 2         2
	   Disk (KB)            :       32        1   2150964
	   Memory (MB)          :       97     4000      4000
...
