000 (2325790.5073.000) 05/26 19:50:39 Job submitted from host: <137.138.44.75:9618?addrs=137.138.44.75-9618&noUDP&sock=3998_dfba_3>
...
001 (2325790.5073.000) 05/26 20:02:44 Job executing on host: <188.184.205.221:9618?addrs=188.184.205.221-9618+[2001-1458-301-7d--100-1d5]-9618&noUDP&sock=19533_977f_3>
...
006 (2325790.5073.000) 05/26 20:02:53 Image size of job updated: 93044
	91  -  MemoryUsage of job (MB)
	92976  -  ResidentSetSize of job (KB)
...
006 (2325790.5073.000) 05/26 20:06:47 Image size of job updated: 735200
	91  -  MemoryUsage of job (MB)
	93040  -  ResidentSetSize of job (KB)
...
005 (2325790.5073.000) 05/26 20:06:51 Job terminated.
	(1) Normal termination (return value 0)
		Usr 0 00:00:57, Sys 0 00:00:02  -  Run Remote Usage
		Usr 0 00:00:00, Sys 0 00:00:00  -  Run Local Usage
		Usr 0 00:00:57, Sys 0 00:00:02  -  Total Remote Usage
		Usr 0 00:00:00, Sys 0 00:00:00  -  Total Local Usage
	9194  -  Run Bytes Sent By Job
	436  -  Run Bytes Received By Job
	9194  -  Total Bytes Sent By Job
	436  -  Total Bytes Received By Job
	Partitionable Resources :    Usage  Request Allocated
	   Cpus                 :                 2         2
	   Disk (KB)            :       33        1   2197880
	   Memory (MB)          :       91     4000      4000
...
