000 (2325790.14170.000) 05/26 19:51:02 Job submitted from host: <137.138.44.75:9618?addrs=137.138.44.75-9618&noUDP&sock=3998_dfba_3>
...
001 (2325790.14170.000) 05/26 20:13:43 Job executing on host: <188.184.205.93:9618?addrs=188.184.205.93-9618+[2001-1458-301-7d--100-15d]-9618&noUDP&sock=19542_c3d9_3>
...
006 (2325790.14170.000) 05/26 20:13:52 Image size of job updated: 198212
	191  -  MemoryUsage of job (MB)
	195420  -  ResidentSetSize of job (KB)
...
006 (2325790.14170.000) 05/26 20:15:59 Image size of job updated: 1417972
	193  -  MemoryUsage of job (MB)
	197336  -  ResidentSetSize of job (KB)
...
005 (2325790.14170.000) 05/26 20:15:59 Job terminated.
	(1) Normal termination (return value 0)
		Usr 0 00:00:44, Sys 0 00:00:02  -  Run Remote Usage
		Usr 0 00:00:00, Sys 0 00:00:00  -  Run Local Usage
		Usr 0 00:00:44, Sys 0 00:00:02  -  Total Remote Usage
		Usr 0 00:00:00, Sys 0 00:00:00  -  Total Local Usage
	9154  -  Run Bytes Sent By Job
	436  -  Run Bytes Received By Job
	9154  -  Total Bytes Sent By Job
	436  -  Total Bytes Received By Job
	Partitionable Resources :    Usage  Request Allocated
	   Cpus                 :                 2         2
	   Disk (KB)            :       30        1   2136187
	   Memory (MB)          :      193     4000      4000
...
