000 (2325790.4343.000) 05/26 19:50:37 Job submitted from host: <137.138.44.75:9618?addrs=137.138.44.75-9618&noUDP&sock=3998_dfba_3>
...
001 (2325790.4343.000) 05/26 20:01:48 Job executing on host: <188.184.204.251:9618?addrs=188.184.204.251-9618+[2001-1458-301-7d--100-f7]-9618&noUDP&sock=19578_7542_3>
...
006 (2325790.4343.000) 05/26 20:01:57 Image size of job updated: 237772
	232  -  MemoryUsage of job (MB)
	237500  -  ResidentSetSize of job (KB)
...
006 (2325790.4343.000) 05/26 20:02:43 Image size of job updated: 1973532
	232  -  MemoryUsage of job (MB)
	237504  -  ResidentSetSize of job (KB)
...
005 (2325790.4343.000) 05/26 20:02:43 Job terminated.
	(1) Normal termination (return value 0)
		Usr 0 00:00:46, Sys 0 00:00:02  -  Run Remote Usage
		Usr 0 00:00:00, Sys 0 00:00:00  -  Run Local Usage
		Usr 0 00:00:46, Sys 0 00:00:02  -  Total Remote Usage
		Usr 0 00:00:00, Sys 0 00:00:00  -  Total Local Usage
	9195  -  Run Bytes Sent By Job
	436  -  Run Bytes Received By Job
	9195  -  Total Bytes Sent By Job
	436  -  Total Bytes Received By Job
	Partitionable Resources :    Usage  Request Allocated
	   Cpus                 :                 2         2
	   Disk (KB)            :       29        1   2222190
	   Memory (MB)          :      232     4000      4000
...
