000 (2325790.8147.000) 05/26 19:50:46 Job submitted from host: <137.138.44.75:9618?addrs=137.138.44.75-9618&noUDP&sock=3998_dfba_3>
...
001 (2325790.8147.000) 05/26 20:06:49 Job executing on host: <188.184.205.124:9618?addrs=188.184.205.124-9618+[2001-1458-301-7d--100-194]-9618&noUDP&sock=19585_426c_3>
...
006 (2325790.8147.000) 05/26 20:06:58 Image size of job updated: 272204
	264  -  MemoryUsage of job (MB)
	270140  -  ResidentSetSize of job (KB)
...
006 (2325790.8147.000) 05/26 20:07:23 Image size of job updated: 272204
	267  -  MemoryUsage of job (MB)
	272596  -  ResidentSetSize of job (KB)
...
005 (2325790.8147.000) 05/26 20:07:24 Job terminated.
	(1) Normal termination (return value 0)
		Usr 0 00:00:25, Sys 0 00:00:01  -  Run Remote Usage
		Usr 0 00:00:00, Sys 0 00:00:00  -  Run Local Usage
		Usr 0 00:00:25, Sys 0 00:00:01  -  Total Remote Usage
		Usr 0 00:00:00, Sys 0 00:00:00  -  Total Local Usage
	8291  -  Run Bytes Sent By Job
	436  -  Run Bytes Received By Job
	8291  -  Total Bytes Sent By Job
	436  -  Total Bytes Received By Job
	Partitionable Resources :    Usage  Request Allocated
	   Cpus                 :                 2         2
	   Disk (KB)            :       28        1   2156767
	   Memory (MB)          :      267     4000      4000
...
