000 (2325790.11594.000) 05/26 19:50:56 Job submitted from host: <137.138.44.75:9618?addrs=137.138.44.75-9618&noUDP&sock=3998_dfba_3>
...
001 (2325790.11594.000) 05/26 20:10:40 Job executing on host: <188.184.142.104:9618?addrs=188.184.142.104-9618+[2001-1458-301-46--100-65]-9618&noUDP&sock=4739_2367_3>
...
006 (2325790.11594.000) 05/26 20:10:49 Image size of job updated: 338160
	328  -  MemoryUsage of job (MB)
	335508  -  ResidentSetSize of job (KB)
...
006 (2325790.11594.000) 05/26 20:11:25 Image size of job updated: 338160
	328  -  MemoryUsage of job (MB)
	335700  -  ResidentSetSize of job (KB)
...
005 (2325790.11594.000) 05/26 20:11:30 Job terminated.
	(1) Normal termination (return value 0)
		Usr 0 00:00:36, Sys 0 00:00:01  -  Run Remote Usage
		Usr 0 00:00:00, Sys 0 00:00:00  -  Run Local Usage
		Usr 0 00:00:36, Sys 0 00:00:01  -  Total Remote Usage
		Usr 0 00:00:00, Sys 0 00:00:00  -  Total Local Usage
	9194  -  Run Bytes Sent By Job
	436  -  Run Bytes Received By Job
	9194  -  Total Bytes Sent By Job
	436  -  Total Bytes Received By Job
	Partitionable Resources :    Usage  Request Allocated
	   Cpus                 :                 2         2
	   Disk (KB)            :       28        1   2170500
	   Memory (MB)          :      328     4000      4000
...
