000 (2325790.11174.000) 05/26 19:50:55 Job submitted from host: <137.138.44.75:9618?addrs=137.138.44.75-9618&noUDP&sock=3998_dfba_3>
...
001 (2325790.11174.000) 05/26 20:10:14 Job executing on host: <188.184.204.136:9618?addrs=188.184.204.136-9618+[2001-1458-301-7d--100-9d]-9618&noUDP&sock=19556_5e2d_3>
...
006 (2325790.11174.000) 05/26 20:10:23 Image size of job updated: 285384
	276  -  MemoryUsage of job (MB)
	282592  -  ResidentSetSize of job (KB)
...
006 (2325790.11174.000) 05/26 20:12:53 Image size of job updated: 285384
	277  -  MemoryUsage of job (MB)
	282720  -  ResidentSetSize of job (KB)
...
005 (2325790.11174.000) 05/26 20:13:04 Job terminated.
	(1) Normal termination (return value 0)
		Usr 0 00:00:44, Sys 0 00:00:02  -  Run Remote Usage
		Usr 0 00:00:00, Sys 0 00:00:00  -  Run Local Usage
		Usr 0 00:00:44, Sys 0 00:00:02  -  Total Remote Usage
		Usr 0 00:00:00, Sys 0 00:00:00  -  Total Local Usage
	9200  -  Run Bytes Sent By Job
	436  -  Run Bytes Received By Job
	9200  -  Total Bytes Sent By Job
	436  -  Total Bytes Received By Job
	Partitionable Resources :    Usage  Request Allocated
	   Cpus                 :                 2         2
	   Disk (KB)            :       31        1   2143057
	   Memory (MB)          :      277     4000      4000
...
