000 (2325790.1871.000) 05/26 19:50:30 Job submitted from host: <137.138.44.75:9618?addrs=137.138.44.75-9618&noUDP&sock=3998_dfba_3>
...
001 (2325790.1871.000) 05/26 19:57:14 Job executing on host: <188.184.207.31:9618?addrs=188.184.207.31-9618+[2001-1458-301-7d--100-305]-9618&noUDP&sock=19515_3ecb_3>
...
006 (2325790.1871.000) 05/26 19:57:22 Image size of job updated: 270336
	262  -  MemoryUsage of job (MB)
	267544  -  ResidentSetSize of job (KB)
...
006 (2325790.1871.000) 05/26 19:58:26 Image size of job updated: 665900
	262  -  MemoryUsage of job (MB)
	268164  -  ResidentSetSize of job (KB)
...
005 (2325790.1871.000) 05/26 19:58:26 Job terminated.
	(1) Normal termination (return value 0)
		Usr 0 00:00:56, Sys 0 00:00:02  -  Run Remote Usage
		Usr 0 00:00:00, Sys 0 00:00:00  -  Run Local Usage
		Usr 0 00:00:56, Sys 0 00:00:02  -  Total Remote Usage
		Usr 0 00:00:00, Sys 0 00:00:00  -  Total Local Usage
	9187  -  Run Bytes Sent By Job
	436  -  Run Bytes Received By Job
	9187  -  Total Bytes Sent By Job
	436  -  Total Bytes Received By Job
	Partitionable Resources :    Usage  Request Allocated
	   Cpus                 :                 2         2
	   Disk (KB)            :       29        1   2172599
	   Memory (MB)          :      262     4000      4000
...
