000 (2325790.12499.000) 05/26 19:50:58 Job submitted from host: <137.138.44.75:9618?addrs=137.138.44.75-9618&noUDP&sock=3998_dfba_3>
...
001 (2325790.12499.000) 05/26 20:11:32 Job executing on host: <188.184.205.216:9618?addrs=188.184.205.216-9618+[2001-1458-301-7d--100-1e7]-9618&noUDP&sock=19560_1c8e_3>
...
006 (2325790.12499.000) 05/26 20:11:40 Image size of job updated: 266220
	258  -  MemoryUsage of job (MB)
	263544  -  ResidentSetSize of job (KB)
...
006 (2325790.12499.000) 05/26 20:12:48 Image size of job updated: 1476388
	258  -  MemoryUsage of job (MB)
	263632  -  ResidentSetSize of job (KB)
...
005 (2325790.12499.000) 05/26 20:12:58 Job terminated.
	(1) Normal termination (return value 0)
		Usr 0 00:00:38, Sys 0 00:00:02  -  Run Remote Usage
		Usr 0 00:00:00, Sys 0 00:00:00  -  Run Local Usage
		Usr 0 00:00:38, Sys 0 00:00:02  -  Total Remote Usage
		Usr 0 00:00:00, Sys 0 00:00:00  -  Total Local Usage
	9198  -  Run Bytes Sent By Job
	436  -  Run Bytes Received By Job
	9198  -  Total Bytes Sent By Job
	436  -  Total Bytes Received By Job
	Partitionable Resources :    Usage  Request Allocated
	   Cpus                 :                 2         2
	   Disk (KB)            :       29        1   2189899
	   Memory (MB)          :      258     4000      4000
...
