000 (2325790.2514.000) 05/26 19:50:32 Job submitted from host: <137.138.44.75:9618?addrs=137.138.44.75-9618&noUDP&sock=3998_dfba_3>
...
001 (2325790.2514.000) 05/26 20:00:50 Job executing on host: <188.184.186.238:9618?addrs=188.184.186.238-9618+[2001-1458-301-f8--100-d9]-9618&noUDP&sock=16626_a1af_3>
...
006 (2325790.2514.000) 05/26 20:00:59 Image size of job updated: 254860
	224  -  MemoryUsage of job (MB)
	228528  -  ResidentSetSize of job (KB)
...
005 (2325790.2514.000) 05/26 20:02:03 Job terminated.
	(1) Normal termination (return value 0)
		Usr 0 00:00:46, Sys 0 00:00:02  -  Run Remote Usage
		Usr 0 00:00:00, Sys 0 00:00:00  -  Run Local Usage
		Usr 0 00:00:46, Sys 0 00:00:02  -  Total Remote Usage
		Usr 0 00:00:00, Sys 0 00:00:00  -  Total Local Usage
	9152  -  Run Bytes Sent By Job
	436  -  Run Bytes Received By Job
	9152  -  Total Bytes Sent By Job
	436  -  Total Bytes Received By Job
	Partitionable Resources :    Usage  Request Allocated
	   Cpus                 :                 2         2
	   Disk (KB)            :       29        1   2210914
	   Memory (MB)          :      224     4000      4000
...
