000 (2325790.7360.000) 05/26 19:50:44 Job submitted from host: <137.138.44.75:9618?addrs=137.138.44.75-9618&noUDP&sock=3998_dfba_3>
...
001 (2325790.7360.000) 05/26 20:05:44 Job executing on host: <188.184.204.68:9618?addrs=188.184.204.68-9618+[2001-1458-301-7d--100-31]-9618&noUDP&sock=19537_55e0_3>
...
006 (2325790.7360.000) 05/26 20:05:52 Image size of job updated: 94752
	90  -  MemoryUsage of job (MB)
	92036  -  ResidentSetSize of job (KB)
...
006 (2325790.7360.000) 05/26 20:09:12 Image size of job updated: 1399000
	90  -  MemoryUsage of job (MB)
	92036  -  ResidentSetSize of job (KB)
...
005 (2325790.7360.000) 05/26 20:09:16 Job terminated.
	(1) Normal termination (return value 0)
		Usr 0 00:00:44, Sys 0 00:00:02  -  Run Remote Usage
		Usr 0 00:00:00, Sys 0 00:00:00  -  Run Local Usage
		Usr 0 00:00:44, Sys 0 00:00:02  -  Total Remote Usage
		Usr 0 00:00:00, Sys 0 00:00:00  -  Total Local Usage
	9197  -  Run Bytes Sent By Job
	436  -  Run Bytes Received By Job
	9197  -  Total Bytes Sent By Job
	436  -  Total Bytes Received By Job
	Partitionable Resources :    Usage  Request Allocated
	   Cpus                 :                 2         2
	   Disk (KB)            :       32        1   2198638
	   Memory (MB)          :       90     4000      4000
...
