000 (2325790.10460.000) 05/26 19:50:52 Job submitted from host: <137.138.44.75:9618?addrs=137.138.44.75-9618&noUDP&sock=3998_dfba_3>
...
001 (2325790.10460.000) 05/26 20:09:18 Job executing on host: <188.184.206.121:9618?addrs=188.184.206.121-9618+[2001-1458-301-7d--100-282]-9618&noUDP&sock=20715_5871_3>
...
006 (2325790.10460.000) 05/26 20:09:26 Image size of job updated: 228012
	220  -  MemoryUsage of job (MB)
	225220  -  ResidentSetSize of job (KB)
...
006 (2325790.10460.000) 05/26 20:10:16 Image size of job updated: 244432
	230  -  MemoryUsage of job (MB)
	234892  -  ResidentSetSize of job (KB)
...
005 (2325790.10460.000) 05/26 20:10:24 Job terminated.
	(1) Normal termination (return value 0)
		Usr 0 00:00:40, Sys 0 00:00:02  -  Run Remote Usage
		Usr 0 00:00:00, Sys 0 00:00:00  -  Run Local Usage
		Usr 0 00:00:40, Sys 0 00:00:02  -  Total Remote Usage
		Usr 0 00:00:00, Sys 0 00:00:00  -  Total Local Usage
	9197  -  Run Bytes Sent By Job
	436  -  Run Bytes Received By Job
	9197  -  Total Bytes Sent By Job
	436  -  Total Bytes Received By Job
	Partitionable Resources :    Usage  Request Allocated
	   Cpus                 :                 2         2
	   Disk (KB)            :       29        1   2108402
	   Memory (MB)          :      230     4000      4000
...
