000 (2325790.1307.000) 05/26 19:50:28 Job submitted from host: <137.138.44.75:9618?addrs=137.138.44.75-9618&noUDP&sock=3998_dfba_3>
...
001 (2325790.1307.000) 05/26 19:54:41 Job executing on host: <128.142.100.142:9618?addrs=128.142.100.142-9618+[2001-1458-301-89--100-90]-9618&noUDP&sock=15907_7517_3>
...
006 (2325790.1307.000) 05/26 19:54:50 Image size of job updated: 99664
	95  -  MemoryUsage of job (MB)
	96856  -  ResidentSetSize of job (KB)
...
006 (2325790.1307.000) 05/26 19:56:41 Image size of job updated: 676384
	95  -  MemoryUsage of job (MB)
	96856  -  ResidentSetSize of job (KB)
...
005 (2325790.1307.000) 05/26 19:56:42 Job terminated.
	(1) Normal termination (return value 0)
		Usr 0 00:00:57, Sys 0 00:00:02  -  Run Remote Usage
		Usr 0 00:00:00, Sys 0 00:00:00  -  Run Local Usage
		Usr 0 00:00:57, Sys 0 00:00:02  -  Total Remote Usage
		Usr 0 00:00:00, Sys 0 00:00:00  -  Total Local Usage
	9201  -  Run Bytes Sent By Job
	436  -  Run Bytes Received By Job
	9201  -  Total Bytes Sent By Job
	436  -  Total Bytes Received By Job
	Partitionable Resources :    Usage  Request Allocated
	   Cpus                 :                 2         2
	   Disk (KB)            :       30        1   2083173
	   Memory (MB)          :       95     4000      4000
...
