000 (2325790.6043.000) 05/26 19:50:41 Job submitted from host: <137.138.44.75:9618?addrs=137.138.44.75-9618&noUDP&sock=3998_dfba_3>
...
001 (2325790.6043.000) 05/26 20:03:55 Job executing on host: <188.184.139.125:9618?addrs=188.184.139.125-9618+[2001-1458-301-45--100-17e]-9618&noUDP&sock=5685_03ff_3>
...
006 (2325790.6043.000) 05/26 20:04:03 Image size of job updated: 276236
	268  -  MemoryUsage of job (MB)
	273584  -  ResidentSetSize of job (KB)
...
006 (2325790.6043.000) 05/26 20:06:06 Image size of job updated: 728272
	268  -  MemoryUsage of job (MB)
	273584  -  ResidentSetSize of job (KB)
...
005 (2325790.6043.000) 05/26 20:06:10 Job terminated.
	(1) Normal termination (return value 0)
		Usr 0 00:00:54, Sys 0 00:00:02  -  Run Remote Usage
		Usr 0 00:00:00, Sys 0 00:00:00  -  Run Local Usage
		Usr 0 00:00:54, Sys 0 00:00:02  -  Total Remote Usage
		Usr 0 00:00:00, Sys 0 00:00:00  -  Total Local Usage
	9981  -  Run Bytes Sent By Job
	436  -  Run Bytes Received By Job
	9981  -  Total Bytes Sent By Job
	436  -  Total Bytes Received By Job
	Partitionable Resources :    Usage  Request Allocated
	   Cpus                 :                 2         2
	   Disk (KB)            :       31        1   3083088
	   Memory (MB)          :      268     4000      4000
...
