000 (2325790.13781.000) 05/26 19:51:02 Job submitted from host: <137.138.44.75:9618?addrs=137.138.44.75-9618&noUDP&sock=3998_dfba_3>
...
001 (2325790.13781.000) 05/26 20:13:22 Job executing on host: <128.142.240.120:9618?addrs=128.142.240.120-9618+[2001-1458-301-f9--100-6e]-9618&noUDP&sock=16502_93f1_3>
...
006 (2325790.13781.000) 05/26 20:13:31 Image size of job updated: 309852
	303  -  MemoryUsage of job (MB)
	309852  -  ResidentSetSize of job (KB)
...
006 (2325790.13781.000) 05/26 20:15:19 Image size of job updated: 309852
	303  -  MemoryUsage of job (MB)
	310048  -  ResidentSetSize of job (KB)
...
005 (2325790.13781.000) 05/26 20:15:19 Job terminated.
	(1) Normal termination (return value 0)
		Usr 0 00:00:35, Sys 0 00:00:01  -  Run Remote Usage
		Usr 0 00:00:00, Sys 0 00:00:00  -  Run Local Usage
		Usr 0 00:00:35, Sys 0 00:00:01  -  Total Remote Usage
		Usr 0 00:00:00, Sys 0 00:00:00  -  Total Local Usage
	9197  -  Run Bytes Sent By Job
	436  -  Run Bytes Received By Job
	9197  -  Total Bytes Sent By Job
	436  -  Total Bytes Received By Job
	Partitionable Resources :    Usage  Request Allocated
	   Cpus                 :                 2         2
	   Disk (KB)            :       30        1   2161544
	   Memory (MB)          :      303     4000      4000
...
