000 (2325790.3303.000) 05/26 19:50:34 Job submitted from host: <137.138.44.75:9618?addrs=137.138.44.75-9618&noUDP&sock=3998_dfba_3>
...
001 (2325790.3303.000) 05/26 19:59:48 Job executing on host: <188.184.204.242:9618?addrs=188.184.204.242-9618+[2001-1458-301-7d--100-da]-9618&noUDP&sock=4688_2813_3>
...
006 (2325790.3303.000) 05/26 19:59:57 Image size of job updated: 261108
	253  -  MemoryUsage of job (MB)
	258484  -  ResidentSetSize of job (KB)
...
006 (2325790.3303.000) 05/26 20:02:18 Image size of job updated: 1974972
	253  -  MemoryUsage of job (MB)
	258624  -  ResidentSetSize of job (KB)
...
005 (2325790.3303.000) 05/26 20:02:19 Job terminated.
	(1) Normal termination (return value 0)
		Usr 0 00:00:58, Sys 0 00:00:03  -  Run Remote Usage
		Usr 0 00:00:00, Sys 0 00:00:00  -  Run Local Usage
		Usr 0 00:00:58, Sys 0 00:00:03  -  Total Remote Usage
		Usr 0 00:00:00, Sys 0 00:00:00  -  Total Local Usage
	9193  -  Run Bytes Sent By Job
	436  -  Run Bytes Received By Job
	9193  -  Total Bytes Sent By Job
	436  -  Total Bytes Received By Job
	Partitionable Resources :    Usage  Request Allocated
	   Cpus                 :                 2         2
	   Disk (KB)            :       31        1   2149359
	   Memory (MB)          :      253     4000      4000
...
