000 (2325790.9396.000) 05/26 19:50:49 Job submitted from host: <137.138.44.75:9618?addrs=137.138.44.75-9618&noUDP&sock=3998_dfba_3>
...
001 (2325790.9396.000) 05/26 20:08:08 Job executing on host: <188.184.186.43:9618?addrs=188.184.186.43-9618+[2001-1458-301-f8--100-42]-9618&noUDP&sock=16542_03ba_3>
...
006 (2325790.9396.000) 05/26 20:08:17 Image size of job updated: 293344
	287  -  MemoryUsage of job (MB)
	293328  -  ResidentSetSize of job (KB)
...
006 (2325790.9396.000) 05/26 20:10:17 Image size of job updated: 293344
	287  -  MemoryUsage of job (MB)
	293460  -  ResidentSetSize of job (KB)
...
005 (2325790.9396.000) 05/26 20:10:26 Job terminated.
	(1) Normal termination (return value 0)
		Usr 0 00:00:40, Sys 0 00:00:02  -  Run Remote Usage
		Usr 0 00:00:00, Sys 0 00:00:00  -  Run Local Usage
		Usr 0 00:00:40, Sys 0 00:00:02  -  Total Remote Usage
		Usr 0 00:00:00, Sys 0 00:00:00  -  Total Local Usage
	9115  -  Run Bytes Sent By Job
	436  -  Run Bytes Received By Job
	9115  -  Total Bytes Sent By Job
	436  -  Total Bytes Received By Job
	Partitionable Resources :    Usage  Request Allocated
	   Cpus                 :                 2         2
	   Disk (KB)            :       30        1   2181656
	   Memory (MB)          :      287     4000      4000
...
