000 (2325790.10211.000) 05/26 19:50:51 Job submitted from host: <137.138.44.75:9618?addrs=137.138.44.75-9618&noUDP&sock=3998_dfba_3>
...
001 (2325790.10211.000) 05/26 20:09:09 Job executing on host: <188.184.205.69:9618?addrs=188.184.205.69-9618+[2001-1458-301-7d--100-13c]-9618&noUDP&sock=19590_b065_3>
...
006 (2325790.10211.000) 05/26 20:09:17 Image size of job updated: 148840
	146  -  MemoryUsage of job (MB)
	148840  -  ResidentSetSize of job (KB)
...
006 (2325790.10211.000) 05/26 20:10:10 Image size of job updated: 148840
	146  -  MemoryUsage of job (MB)
	148988  -  ResidentSetSize of job (KB)
...
005 (2325790.10211.000) 05/26 20:10:14 Job terminated.
	(1) Normal termination (return value 0)
		Usr 0 00:00:34, Sys 0 00:00:01  -  Run Remote Usage
		Usr 0 00:00:00, Sys 0 00:00:00  -  Run Local Usage
		Usr 0 00:00:34, Sys 0 00:00:01  -  Total Remote Usage
		Usr 0 00:00:00, Sys 0 00:00:00  -  Total Local Usage
	9127  -  Run Bytes Sent By Job
	436  -  Run Bytes Received By Job
	9127  -  Total Bytes Sent By Job
	436  -  Total Bytes Received By Job
	Partitionable Resources :    Usage  Request Allocated
	   Cpus                 :                 2         2
	   Disk (KB)            :       29        1   2116758
	   Memory (MB)          :      146     4000      4000
...
