000 (2325790.8191.000) 05/26 19:50:46 Job submitted from host: <137.138.44.75:9618?addrs=137.138.44.75-9618&noUDP&sock=3998_dfba_3>
...
001 (2325790.8191.000) 05/26 20:06:51 Job executing on host: <188.184.207.70:9618?addrs=188.184.207.70-9618+[2001-1458-301-7d--100-321]-9618&noUDP&sock=19656_f5a5_3>
...
006 (2325790.8191.000) 05/26 20:07:00 Image size of job updated: 94580
	90  -  MemoryUsage of job (MB)
	91948  -  ResidentSetSize of job (KB)
...
006 (2325790.8191.000) 05/26 20:09:24 Image size of job updated: 262764
	90  -  MemoryUsage of job (MB)
	92056  -  ResidentSetSize of job (KB)
...
005 (2325790.8191.000) 05/26 20:09:24 Job terminated.
	(1) Normal termination (return value 0)
		Usr 0 00:00:43, Sys 0 00:00:02  -  Run Remote Usage
		Usr 0 00:00:00, Sys 0 00:00:00  -  Run Local Usage
		Usr 0 00:00:43, Sys 0 00:00:02  -  Total Remote Usage
		Usr 0 00:00:00, Sys 0 00:00:00  -  Total Local Usage
	9198  -  Run Bytes Sent By Job
	436  -  Run Bytes Received By Job
	9198  -  Total Bytes Sent By Job
	436  -  Total Bytes Received By Job
	Partitionable Resources :    Usage  Request Allocated
	   Cpus                 :                 2         2
	   Disk (KB)            :       31        1   2197008
	   Memory (MB)          :       90     4000      4000
...
