000 (2325790.2714.000) 05/26 19:50:32 Job submitted from host: <137.138.44.75:9618?addrs=137.138.44.75-9618&noUDP&sock=3998_dfba_3>
...
001 (2325790.2714.000) 05/26 20:02:02 Job executing on host: <188.184.142.139:9618?addrs=188.184.142.139-9618+[2001-1458-301-46--100-5f]-9618&noUDP&sock=4772_c607_3>
...
006 (2325790.2714.000) 05/26 20:02:10 Image size of job updated: 315744
	309  -  MemoryUsage of job (MB)
	315744  -  ResidentSetSize of job (KB)
...
006 (2325790.2714.000) 05/26 20:03:40 Image size of job updated: 623104
	309  -  MemoryUsage of job (MB)
	315752  -  ResidentSetSize of job (KB)
...
005 (2325790.2714.000) 05/26 20:03:41 Job terminated.
	(1) Normal termination (return value 0)
		Usr 0 00:00:48, Sys 0 00:00:02  -  Run Remote Usage
		Usr 0 00:00:00, Sys 0 00:00:00  -  Run Local Usage
		Usr 0 00:00:48, Sys 0 00:00:02  -  Total Remote Usage
		Usr 0 00:00:00, Sys 0 00:00:00  -  Total Local Usage
	9189  -  Run Bytes Sent By Job
	436  -  Run Bytes Received By Job
	9189  -  Total Bytes Sent By Job
	436  -  Total Bytes Received By Job
	Partitionable Resources :    Usage  Request Allocated
	   Cpus                 :                 2         2
	   Disk (KB)            :       29        1   2205238
	   Memory (MB)          :      309     4000      4000
...
