000 (2325790.12234.000) 05/26 19:50:58 Job submitted from host: <137.138.44.75:9618?addrs=137.138.44.75-9618&noUDP&sock=3998_dfba_3>
...
001 (2325790.12234.000) 05/26 20:11:17 Job executing on host: <188.184.206.6:9618?addrs=188.184.206.6-9618+[2001-1458-301-7d--100-1f1]-9618&noUDP&sock=19573_0749_3>
...
006 (2325790.12234.000) 05/26 20:11:25 Image size of job updated: 221348
	214  -  MemoryUsage of job (MB)
	218696  -  ResidentSetSize of job (KB)
...
006 (2325790.12234.000) 05/26 20:13:13 Image size of job updated: 1361352
	214  -  MemoryUsage of job (MB)
	218696  -  ResidentSetSize of job (KB)
...
005 (2325790.12234.000) 05/26 20:13:23 Job terminated.
	(1) Normal termination (return value 0)
		Usr 0 00:00:45, Sys 0 00:00:02  -  Run Remote Usage
		Usr 0 00:00:00, Sys 0 00:00:00  -  Run Local Usage
		Usr 0 00:00:45, Sys 0 00:00:02  -  Total Remote Usage
		Usr 0 00:00:00, Sys 0 00:00:00  -  Total Local Usage
	9196  -  Run Bytes Sent By Job
	436  -  Run Bytes Received By Job
	9196  -  Total Bytes Sent By Job
	436  -  Total Bytes Received By Job
	Partitionable Resources :    Usage  Request Allocated
	   Cpus                 :                 2         2
	   Disk (KB)            :       30        1   2127608
	   Memory (MB)          :      214     4000      4000
...
