000 (2325790.2311.000) 05/26 19:50:31 Job submitted from host: <137.138.44.75:9618?addrs=137.138.44.75-9618&noUDP&sock=3998_dfba_3>
...
001 (2325790.2311.000) 05/26 19:58:29 Job executing on host: <188.184.132.76:9618?addrs=188.184.132.76-9618+[2001-1458-301-a0--100-4e]-9618&noUDP&sock=16472_0019_3>
...
006 (2325790.2311.000) 05/26 19:58:38 Image size of job updated: 322408
	313  -  MemoryUsage of job (MB)
	319600  -  ResidentSetSize of job (KB)
...
006 (2325790.2311.000) 05/26 19:59:50 Image size of job updated: 483456
	313  -  MemoryUsage of job (MB)
	319916  -  ResidentSetSize of job (KB)
...
005 (2325790.2311.000) 05/26 19:59:50 Job terminated.
	(1) Normal termination (return value 0)
		Usr 0 00:00:51, Sys 0 00:00:04  -  Run Remote Usage
		Usr 0 00:00:00, Sys 0 00:00:00  -  Run Local Usage
		Usr 0 00:00:51, Sys 0 00:00:04  -  Total Remote Usage
		Usr 0 00:00:00, Sys 0 00:00:00  -  Total Local Usage
	9195  -  Run Bytes Sent By Job
	436  -  Run Bytes Received By Job
	9195  -  Total Bytes Sent By Job
	436  -  Total Bytes Received By Job
	Partitionable Resources :    Usage  Request Allocated
	   Cpus                 :                 2         2
	   Disk (KB)            :       29        1   2127586
	   Memory (MB)          :      313     4000      4000
...
