000 (2325790.3601.000) 05/26 19:50:35 Job submitted from host: <137.138.44.75:9618?addrs=137.138.44.75-9618&noUDP&sock=3998_dfba_3>
...
001 (2325790.3601.000) 05/26 20:00:44 Job executing on host: <128.142.106.22:9618?addrs=128.142.106.22-9618+[2001-1458-301-8b--100-205]-9618&noUDP&sock=16057_584c_3>
...
006 (2325790.3601.000) 05/26 20:00:52 Image size of job updated: 84892
	81  -  MemoryUsage of job (MB)
	82084  -  ResidentSetSize of job (KB)
...
006 (2325790.3601.000) 05/26 20:04:16 Image size of job updated: 721716
	81  -  MemoryUsage of job (MB)
	82084  -  ResidentSetSize of job (KB)
...
005 (2325790.3601.000) 05/26 20:04:16 Job terminated.
	(1) Normal termination (return value 0)
		Usr 0 00:01:01, Sys 0 00:00:02  -  Run Remote Usage
		Usr 0 00:00:00, Sys 0 00:00:00  -  Run Local Usage
		Usr 0 00:01:01, Sys 0 00:00:02  -  Total Remote Usage
		Usr 0 00:00:00, Sys 0 00:00:00  -  Total Local Usage
	9194  -  Run Bytes Sent By Job
	436  -  Run Bytes Received By Job
	9194  -  Total Bytes Sent By Job
	436  -  Total Bytes Received By Job
	Partitionable Resources :    Usage  Request Allocated
	   Cpus                 :                 2         2
	   Disk (KB)            :       32        1   2218047
	   Memory (MB)          :       81     4000      4000
...
