000 (2325790.8026.000) 05/26 19:50:46 Job submitted from host: <137.138.44.75:9618?addrs=137.138.44.75-9618&noUDP&sock=3998_dfba_3>
...
001 (2325790.8026.000) 05/26 20:06:45 Job executing on host: <188.184.207.30:9618?addrs=188.184.207.30-9618+[2001-1458-301-7d--100-2ff]-9618&noUDP&sock=19484_fb5b_3>
...
006 (2325790.8026.000) 05/26 20:06:54 Image size of job updated: 96068
	92  -  MemoryUsage of job (MB)
	93328  -  ResidentSetSize of job (KB)
...
006 (2325790.8026.000) 05/26 20:08:45 Image size of job updated: 208184
	92  -  MemoryUsage of job (MB)
	93328  -  ResidentSetSize of job (KB)
...
005 (2325790.8026.000) 05/26 20:08:52 Job terminated.
	(1) Normal termination (return value 0)
		Usr 0 00:00:44, Sys 0 00:00:02  -  Run Remote Usage
		Usr 0 00:00:00, Sys 0 00:00:00  -  Run Local Usage
		Usr 0 00:00:44, Sys 0 00:00:02  -  Total Remote Usage
		Usr 0 00:00:00, Sys 0 00:00:00  -  Total Local Usage
	9193  -  Run Bytes Sent By Job
	436  -  Run Bytes Received By Job
	9193  -  Total Bytes Sent By Job
	436  -  Total Bytes Received By Job
	Partitionable Resources :    Usage  Request Allocated
	   Cpus                 :                 2         2
	   Disk (KB)            :       30        1   2187596
	   Memory (MB)          :       92     4000      4000
...
