000 (2325790.1091.000) 05/26 19:50:28 Job submitted from host: <137.138.44.75:9618?addrs=137.138.44.75-9618&noUDP&sock=3998_dfba_3>
...
001 (2325790.1091.000) 05/26 19:59:09 Job executing on host: <128.142.104.214:9618?addrs=128.142.104.214-9618+[2001-1458-301-8b--100-ad]-9618&noUDP&sock=15980_8781_3>
...
006 (2325790.1091.000) 05/26 19:59:17 Image size of job updated: 314396
	305  -  MemoryUsage of job (MB)
	311680  -  ResidentSetSize of job (KB)
...
006 (2325790.1091.000) 05/26 20:00:57 Image size of job updated: 657112
	305  -  MemoryUsage of job (MB)
	311680  -  ResidentSetSize of job (KB)
...
005 (2325790.1091.000) 05/26 20:01:04 Job terminated.
	(1) Normal termination (return value 0)
		Usr 0 00:00:49, Sys 0 00:00:02  -  Run Remote Usage
		Usr 0 00:00:00, Sys 0 00:00:00  -  Run Local Usage
		Usr 0 00:00:49, Sys 0 00:00:02  -  Total Remote Usage
		Usr 0 00:00:00, Sys 0 00:00:00  -  Total Local Usage
	9192  -  Run Bytes Sent By Job
	436  -  Run Bytes Received By Job
	9192  -  Total Bytes Sent By Job
	436  -  Total Bytes Received By Job
	Partitionable Resources :    Usage  Request Allocated
	   Cpus                 :                 2         2
	   Disk (KB)            :       29        1   2116976
	   Memory (MB)          :      305     4000      4000
...
