000 (2325790.10665.000) 05/26 19:50:52 Job submitted from host: <137.138.44.75:9618?addrs=137.138.44.75-9618&noUDP&sock=3998_dfba_3>
...
001 (2325790.10665.000) 05/26 20:09:27 Job executing on host: <188.184.204.233:9618?addrs=188.184.204.233-9618+[2001-1458-301-7d--100-e5]-9618&noUDP&sock=19601_3bf0_3>
...
006 (2325790.10665.000) 05/26 20:09:36 Image size of job updated: 266964
	260  -  MemoryUsage of job (MB)
	265588  -  ResidentSetSize of job (KB)
...
006 (2325790.10665.000) 05/26 20:11:13 Image size of job updated: 266964
	260  -  MemoryUsage of job (MB)
	265744  -  ResidentSetSize of job (KB)
...
005 (2325790.10665.000) 05/26 20:11:17 Job terminated.
	(1) Normal termination (return value 0)
		Usr 0 00:00:45, Sys 0 00:00:02  -  Run Remote Usage
		Usr 0 00:00:00, Sys 0 00:00:00  -  Run Local Usage
		Usr 0 00:00:45, Sys 0 00:00:02  -  Total Remote Usage
		Usr 0 00:00:00, Sys 0 00:00:00  -  Total Local Usage
	9196  -  Run Bytes Sent By Job
	436  -  Run Bytes Received By Job
	9196  -  Total Bytes Sent By Job
	436  -  Total Bytes Received By Job
	Partitionable Resources :    Usage  Request Allocated
	   Cpus                 :                 2         2
	   Disk (KB)            :       30        1   2215830
	   Memory (MB)          :      260     4000      4000
...
