000 (2325790.7489.000) 05/26 19:50:45 Job submitted from host: <137.138.44.75:9618?addrs=137.138.44.75-9618&noUDP&sock=3998_dfba_3>
...
001 (2325790.7489.000) 05/26 20:05:55 Job executing on host: <188.184.204.180:9618?addrs=188.184.204.180-9618+[2001-1458-301-7d--100-8c]-9618&noUDP&sock=19616_85db_3>
...
006 (2325790.7489.000) 05/26 20:06:03 Image size of job updated: 88616
	87  -  MemoryUsage of job (MB)
	88600  -  ResidentSetSize of job (KB)
...
006 (2325790.7489.000) 05/26 20:08:16 Image size of job updated: 261332
	87  -  MemoryUsage of job (MB)
	88600  -  ResidentSetSize of job (KB)
...
005 (2325790.7489.000) 05/26 20:08:18 Job terminated.
	(1) Normal termination (return value 0)
		Usr 0 00:00:44, Sys 0 00:00:02  -  Run Remote Usage
		Usr 0 00:00:00, Sys 0 00:00:00  -  Run Local Usage
		Usr 0 00:00:44, Sys 0 00:00:02  -  Total Remote Usage
		Usr 0 00:00:00, Sys 0 00:00:00  -  Total Local Usage
	9116  -  Run Bytes Sent By Job
	436  -  Run Bytes Received By Job
	9116  -  Total Bytes Sent By Job
	436  -  Total Bytes Received By Job
	Partitionable Resources :    Usage  Request Allocated
	   Cpus                 :                 2         2
	   Disk (KB)            :       31        1   2150808
	   Memory (MB)          :       87     4000      4000
...
