000 (2325790.11678.000) 05/26 19:50:56 Job submitted from host: <137.138.44.75:9618?addrs=137.138.44.75-9618&noUDP&sock=3998_dfba_3>
...
001 (2325790.11678.000) 05/26 20:10:47 Job executing on host: <188.184.186.81:9618?addrs=188.184.186.81-9618+[2001-1458-301-f8--100-4c]-9618&noUDP&sock=16616_c5bd_3>
...
006 (2325790.11678.000) 05/26 20:10:56 Image size of job updated: 103692
	99  -  MemoryUsage of job (MB)
	100884  -  ResidentSetSize of job (KB)
...
006 (2325790.11678.000) 05/26 20:12:38 Image size of job updated: 142584
	99  -  MemoryUsage of job (MB)
	100884  -  ResidentSetSize of job (KB)
...
005 (2325790.11678.000) 05/26 20:12:49 Job terminated.
	(1) Normal termination (return value 0)
		Usr 0 00:00:45, Sys 0 00:00:02  -  Run Remote Usage
		Usr 0 00:00:00, Sys 0 00:00:00  -  Run Local Usage
		Usr 0 00:00:45, Sys 0 00:00:02  -  Total Remote Usage
		Usr 0 00:00:00, Sys 0 00:00:00  -  Total Local Usage
	9157  -  Run Bytes Sent By Job
	436  -  Run Bytes Received By Job
	9157  -  Total Bytes Sent By Job
	436  -  Total Bytes Received By Job
	Partitionable Resources :    Usage  Request Allocated
	   Cpus                 :                 2         2
	   Disk (KB)            :       30        1   2130807
	   Memory (MB)          :       99     4000      4000
...
