000 (2325790.1688.000) 05/26 19:50:30 Job submitted from host: <137.138.44.75:9618?addrs=137.138.44.75-9618&noUDP&sock=3998_dfba_3>
...
001 (2325790.1688.000) 05/26 19:56:43 Job executing on host: <188.184.206.60:9618?addrs=188.184.206.60-9618+[2001-1458-301-7d--100-22a]-9618&noUDP&sock=19549_9103_3>
...
006 (2325790.1688.000) 05/26 19:56:52 Image size of job updated: 308552
	299  -  MemoryUsage of job (MB)
	305744  -  ResidentSetSize of job (KB)
...
006 (2325790.1688.000) 05/26 19:57:49 Image size of job updated: 757136
	299  -  MemoryUsage of job (MB)
	305904  -  ResidentSetSize of job (KB)
...
005 (2325790.1688.000) 05/26 19:57:49 Job terminated.
	(1) Normal termination (return value 0)
		Usr 0 00:00:53, Sys 0 00:00:02  -  Run Remote Usage
		Usr 0 00:00:00, Sys 0 00:00:00  -  Run Local Usage
		Usr 0 00:00:53, Sys 0 00:00:02  -  Total Remote Usage
		Usr 0 00:00:00, Sys 0 00:00:00  -  Total Local Usage
	9152  -  Run Bytes Sent By Job
	436  -  Run Bytes Received By Job
	9152  -  Total Bytes Sent By Job
	436  -  Total Bytes Received By Job
	Partitionable Resources :    Usage  Request Allocated
	   Cpus                 :                 2         2
	   Disk (KB)            :       29        1   2122365
	   Memory (MB)          :      299     4000      4000
...
