000 (2325790.7595.000) 05/26 19:50:45 Job submitted from host: <137.138.44.75:9618?addrs=137.138.44.75-9618&noUDP&sock=3998_dfba_3>
...
001 (2325790.7595.000) 05/26 20:06:05 Job executing on host: <128.142.133.176:9618?addrs=128.142.133.176-9618+[2001-1458-301-32--100-97]-9618&noUDP&sock=4677_9c88_3>
...
006 (2325790.7595.000) 05/26 20:06:13 Image size of job updated: 298064
	291  -  MemoryUsage of job (MB)
	297960  -  ResidentSetSize of job (KB)
...
006 (2325790.7595.000) 05/26 20:07:15 Image size of job updated: 298064
	291  -  MemoryUsage of job (MB)
	297968  -  ResidentSetSize of job (KB)
...
005 (2325790.7595.000) 05/26 20:07:18 Job terminated.
	(1) Normal termination (return value 0)
		Usr 0 00:00:40, Sys 0 00:00:02  -  Run Remote Usage
		Usr 0 00:00:00, Sys 0 00:00:00  -  Run Local Usage
		Usr 0 00:00:40, Sys 0 00:00:02  -  Total Remote Usage
		Usr 0 00:00:00, Sys 0 00:00:00  -  Total Local Usage
	9186  -  Run Bytes Sent By Job
	436  -  Run Bytes Received By Job
	9186  -  Total Bytes Sent By Job
	436  -  Total Bytes Received By Job
	Partitionable Resources :    Usage  Request Allocated
	   Cpus                 :                 2         2
	   Disk (KB)            :       29        1   2138879
	   Memory (MB)          :      291     4000      4000
...
