000 (2325790.2276.000) 05/26 19:50:31 Job submitted from host: <137.138.44.75:9618?addrs=137.138.44.75-9618&noUDP&sock=3998_dfba_3>
...
001 (2325790.2276.000) 05/26 19:58:23 Job executing on host: <188.184.207.19:9618?addrs=188.184.207.19-9618+[2001-1458-301-7d--100-2b9]-9618&noUDP&sock=19585_426c_3>
...
006 (2325790.2276.000) 05/26 19:58:32 Image size of job updated: 277856
	269  -  MemoryUsage of job (MB)
	275204  -  ResidentSetSize of job (KB)
...
006 (2325790.2276.000) 05/26 20:00:47 Image size of job updated: 612284
	269  -  MemoryUsage of job (MB)
	275336  -  ResidentSetSize of job (KB)
...
005 (2325790.2276.000) 05/26 20:00:56 Job terminated.
	(1) Normal termination (return value 0)
		Usr 0 00:00:57, Sys 0 00:00:02  -  Run Remote Usage
		Usr 0 00:00:00, Sys 0 00:00:00  -  Run Local Usage
		Usr 0 00:00:57, Sys 0 00:00:02  -  Total Remote Usage
		Usr 0 00:00:00, Sys 0 00:00:00  -  Total Local Usage
	9147  -  Run Bytes Sent By Job
	436  -  Run Bytes Received By Job
	9147  -  Total Bytes Sent By Job
	436  -  Total Bytes Received By Job
	Partitionable Resources :    Usage  Request Allocated
	   Cpus                 :                 2         2
	   Disk (KB)            :       31        1   2107099
	   Memory (MB)          :      269     4000      4000
...
