000 (2325790.553.000) 05/26 19:50:27 Job submitted from host: <137.138.44.75:9618?addrs=137.138.44.75-9618&noUDP&sock=3998_dfba_3>
...
001 (2325790.553.000) 05/26 19:56:08 Job executing on host: <188.184.206.70:9618?addrs=188.184.206.70-9618+[2001-1458-301-7d--100-26c]-9618&noUDP&sock=19512_3002_3>
...
006 (2325790.553.000) 05/26 19:56:17 Image size of job updated: 189240
	177  -  MemoryUsage of job (MB)
	180464  -  ResidentSetSize of job (KB)
...
006 (2325790.553.000) 05/26 19:58:23 Image size of job updated: 189240
	177  -  MemoryUsage of job (MB)
	180756  -  ResidentSetSize of job (KB)
...
005 (2325790.553.000) 05/26 19:58:23 Job terminated.
	(1) Normal termination (return value 0)
		Usr 0 00:00:57, Sys 0 00:00:02  -  Run Remote Usage
		Usr 0 00:00:00, Sys 0 00:00:00  -  Run Local Usage
		Usr 0 00:00:57, Sys 0 00:00:02  -  Total Remote Usage
		Usr 0 00:00:00, Sys 0 00:00:00  -  Total Local Usage
	9190  -  Run Bytes Sent By Job
	436  -  Run Bytes Received By Job
	9190  -  Total Bytes Sent By Job
	436  -  Total Bytes Received By Job
	Partitionable Resources :    Usage  Request Allocated
	   Cpus                 :                 2         2
	   Disk (KB)            :       30        1   2134259
	   Memory (MB)          :      177     4000      4000
...
