000 (2325790.4338.000) 05/26 19:50:37 Job submitted from host: <137.138.44.75:9618?addrs=137.138.44.75-9618&noUDP&sock=3998_dfba_3>
...
001 (2325790.4338.000) 05/26 20:01:48 Job executing on host: <188.184.204.251:9618?addrs=188.184.204.251-9618+[2001-1458-301-7d--100-f7]-9618&noUDP&sock=19578_7542_3>
...
006 (2325790.4338.000) 05/26 20:01:56 Image size of job updated: 216288
	209  -  MemoryUsage of job (MB)
	213900  -  ResidentSetSize of job (KB)
...
006 (2325790.4338.000) 05/26 20:02:32 Image size of job updated: 677080
	209  -  MemoryUsage of job (MB)
	213996  -  ResidentSetSize of job (KB)
...
005 (2325790.4338.000) 05/26 20:02:32 Job terminated.
	(1) Normal termination (return value 0)
		Usr 0 00:00:32, Sys 0 00:00:01  -  Run Remote Usage
		Usr 0 00:00:00, Sys 0 00:00:00  -  Run Local Usage
		Usr 0 00:00:32, Sys 0 00:00:01  -  Total Remote Usage
		Usr 0 00:00:00, Sys 0 00:00:00  -  Total Local Usage
	8287  -  Run Bytes Sent By Job
	436  -  Run Bytes Received By Job
	8287  -  Total Bytes Sent By Job
	436  -  Total Bytes Received By Job
	Partitionable Resources :    Usage  Request Allocated
	   Cpus                 :                 2         2
	   Disk (KB)            :       28        1   2218512
	   Memory (MB)          :      209     4000      4000
...
