000 (2325790.12045.000) 05/26 19:50:57 Job submitted from host: <137.138.44.75:9618?addrs=137.138.44.75-9618&noUDP&sock=3998_dfba_3>
...
001 (2325790.12045.000) 05/26 20:11:09 Job executing on host: <137.138.51.104:9618?addrs=137.138.51.104-9618+[2001-1458-d00-25--50]-9618&noUDP&sock=4680_ab51_3>
...
006 (2325790.12045.000) 05/26 20:11:17 Image size of job updated: 346416
	336  -  MemoryUsage of job (MB)
	343608  -  ResidentSetSize of job (KB)
...
006 (2325790.12045.000) 05/26 20:12:24 Image size of job updated: 346416
	336  -  MemoryUsage of job (MB)
	343952  -  ResidentSetSize of job (KB)
...
005 (2325790.12045.000) 05/26 20:12:29 Job terminated.
	(1) Normal termination (return value 0)
		Usr 0 00:00:34, Sys 0 00:00:01  -  Run Remote Usage
		Usr 0 00:00:00, Sys 0 00:00:00  -  Run Local Usage
		Usr 0 00:00:34, Sys 0 00:00:01  -  Total Remote Usage
		Usr 0 00:00:00, Sys 0 00:00:00  -  Total Local Usage
	10031  -  Run Bytes Sent By Job
	436  -  Run Bytes Received By Job
	10031  -  Total Bytes Sent By Job
	436  -  Total Bytes Received By Job
	Partitionable Resources :    Usage  Request Allocated
	   Cpus                 :                 2         2
	   Disk (KB)            :       30        1   1821921
	   Memory (MB)          :      336     4000      4000
...
