000 (2325790.233.000) 05/26 19:50:26 Job submitted from host: <137.138.44.75:9618?addrs=137.138.44.75-9618&noUDP&sock=3998_dfba_3>
...
001 (2325790.233.000) 05/26 19:54:19 Job executing on host: <188.184.206.110:9618?addrs=188.184.206.110-9618+[2001-1458-301-7d--100-25d]-9618&noUDP&sock=19629_7097_3>
...
006 (2325790.233.000) 05/26 19:54:27 Image size of job updated: 187252
	175  -  MemoryUsage of job (MB)
	178628  -  ResidentSetSize of job (KB)
...
006 (2325790.233.000) 05/26 19:56:43 Image size of job updated: 187252
	175  -  MemoryUsage of job (MB)
	178800  -  ResidentSetSize of job (KB)
...
005 (2325790.233.000) 05/26 19:56:43 Job terminated.
	(1) Normal termination (return value 0)
		Usr 0 00:00:52, Sys 0 00:00:02  -  Run Remote Usage
		Usr 0 00:00:00, Sys 0 00:00:00  -  Run Local Usage
		Usr 0 00:00:52, Sys 0 00:00:02  -  Total Remote Usage
		Usr 0 00:00:00, Sys 0 00:00:00  -  Total Local Usage
	9189  -  Run Bytes Sent By Job
	436  -  Run Bytes Received By Job
	9189  -  Total Bytes Sent By Job
	436  -  Total Bytes Received By Job
	Partitionable Resources :    Usage  Request Allocated
	   Cpus                 :                 2         2
	   Disk (KB)            :       31        1   2120339
	   Memory (MB)          :      175     4000      4000
...
