000 (2325790.10878.000) 05/26 19:50:53 Job submitted from host: <137.138.44.75:9618?addrs=137.138.44.75-9618&noUDP&sock=3998_dfba_3>
...
001 (2325790.10878.000) 05/26 20:09:44 Job executing on host: <188.184.204.176:9618?addrs=188.184.204.176-9618+[2001-1458-301-7d--100-b5]-9618&noUDP&sock=19490_18ed_3>
...
006 (2325790.10878.000) 05/26 20:09:52 Image size of job updated: 95644
	92  -  MemoryUsage of job (MB)
	94176  -  ResidentSetSize of job (KB)
...
006 (2325790.10878.000) 05/26 20:11:36 Image size of job updated: 208596
	92  -  MemoryUsage of job (MB)
	94176  -  ResidentSetSize of job (KB)
...
005 (2325790.10878.000) 05/26 20:11:43 Job terminated.
	(1) Normal termination (return value 0)
		Usr 0 00:00:37, Sys 0 00:00:01  -  Run Remote Usage
		Usr 0 00:00:00, Sys 0 00:00:00  -  Run Local Usage
		Usr 0 00:00:37, Sys 0 00:00:01  -  Total Remote Usage
		Usr 0 00:00:00, Sys 0 00:00:00  -  Total Local Usage
	9198  -  Run Bytes Sent By Job
	436  -  Run Bytes Received By Job
	9198  -  Total Bytes Sent By Job
	436  -  Total Bytes Received By Job
	Partitionable Resources :    Usage  Request Allocated
	   Cpus                 :                 2         2
	   Disk (KB)            :       30        1   2135338
	   Memory (MB)          :       92     4000      4000
...
