000 (2325790.6329.000) 05/26 19:50:42 Job submitted from host: <137.138.44.75:9618?addrs=137.138.44.75-9618&noUDP&sock=3998_dfba_3>
...
001 (2325790.6329.000) 05/26 20:04:22 Job executing on host: <188.184.206.163:9618?addrs=188.184.206.163-9618+[2001-1458-301-7d--100-2a6]-9618&noUDP&sock=19507_c209_3>
...
006 (2325790.6329.000) 05/26 20:04:30 Image size of job updated: 255784
	250  -  MemoryUsage of job (MB)
	255716  -  ResidentSetSize of job (KB)
...
006 (2325790.6329.000) 05/26 20:05:38 Image size of job updated: 724124
	250  -  MemoryUsage of job (MB)
	255936  -  ResidentSetSize of job (KB)
...
005 (2325790.6329.000) 05/26 20:05:38 Job terminated.
	(1) Normal termination (return value 0)
		Usr 0 00:00:57, Sys 0 00:00:02  -  Run Remote Usage
		Usr 0 00:00:00, Sys 0 00:00:00  -  Run Local Usage
		Usr 0 00:00:57, Sys 0 00:00:02  -  Total Remote Usage
		Usr 0 00:00:00, Sys 0 00:00:00  -  Total Local Usage
	9192  -  Run Bytes Sent By Job
	436  -  Run Bytes Received By Job
	9192  -  Total Bytes Sent By Job
	436  -  Total Bytes Received By Job
	Partitionable Resources :    Usage  Request Allocated
	   Cpus                 :                 2         2
	   Disk (KB)            :       29        1   2208400
	   Memory (MB)          :      250     4000      4000
...
