000 (2325790.589.000) 05/26 19:50:27 Job submitted from host: <137.138.44.75:9618?addrs=137.138.44.75-9618&noUDP&sock=3998_dfba_3>
...
001 (2325790.589.000) 05/26 19:56:18 Job executing on host: <188.184.206.124:9618?addrs=188.184.206.124-9618+[--1]-9618&noUDP&sock=4705_d12f_3>
...
006 (2325790.589.000) 05/26 19:56:27 Image size of job updated: 98232
	94  -  MemoryUsage of job (MB)
	95516  -  ResidentSetSize of job (KB)
...
006 (2325790.589.000) 05/26 19:59:47 Image size of job updated: 1903320
	94  -  MemoryUsage of job (MB)
	95516  -  ResidentSetSize of job (KB)
...
005 (2325790.589.000) 05/26 19:59:47 Job terminated.
	(1) Normal termination (return value 0)
		Usr 0 00:00:59, Sys 0 00:00:02  -  Run Remote Usage
		Usr 0 00:00:00, Sys 0 00:00:00  -  Run Local Usage
		Usr 0 00:00:59, Sys 0 00:00:02  -  Total Remote Usage
		Usr 0 00:00:00, Sys 0 00:00:00  -  Total Local Usage
	9187  -  Run Bytes Sent By Job
	436  -  Run Bytes Received By Job
	9187  -  Total Bytes Sent By Job
	436  -  Total Bytes Received By Job
	Partitionable Resources :    Usage  Request Allocated
	   Cpus                 :                 2         2
	   Disk (KB)            :       32        1   2182919
	   Memory (MB)          :       94     4000      4000
...
