000 (2325790.11850.000) 05/26 19:50:57 Job submitted from host: <137.138.44.75:9618?addrs=137.138.44.75-9618&noUDP&sock=3998_dfba_3>
...
001 (2325790.11850.000) 05/26 20:10:58 Job executing on host: <188.184.206.42:9618?addrs=188.184.206.42-9618+[2001-1458-301-7d--100-212]-9618&noUDP&sock=19489_6954_3>
...
006 (2325790.11850.000) 05/26 20:11:06 Image size of job updated: 120092
	115  -  MemoryUsage of job (MB)
	117364  -  ResidentSetSize of job (KB)
...
006 (2325790.11850.000) 05/26 20:12:46 Image size of job updated: 1499028
	115  -  MemoryUsage of job (MB)
	117364  -  ResidentSetSize of job (KB)
...
005 (2325790.11850.000) 05/26 20:12:57 Job terminated.
	(1) Normal termination (return value 0)
		Usr 0 00:00:45, Sys 0 00:00:02  -  Run Remote Usage
		Usr 0 00:00:00, Sys 0 00:00:00  -  Run Local Usage
		Usr 0 00:00:45, Sys 0 00:00:02  -  Total Remote Usage
		Usr 0 00:00:00, Sys 0 00:00:00  -  Total Local Usage
	9199  -  Run Bytes Sent By Job
	436  -  Run Bytes Received By Job
	9199  -  Total Bytes Sent By Job
	436  -  Total Bytes Received By Job
	Partitionable Resources :    Usage  Request Allocated
	   Cpus                 :                 2         2
	   Disk (KB)            :       30        1   2146159
	   Memory (MB)          :      115     4000      4000
...
