000 (2325790.5610.000) 05/26 19:50:40 Job submitted from host: <137.138.44.75:9618?addrs=137.138.44.75-9618&noUDP&sock=3998_dfba_3>
...
001 (2325790.5610.000) 05/26 20:03:25 Job executing on host: <188.184.207.64:9618?addrs=188.184.207.64-9618+[2001-1458-301-7d--100-32d]-9618&noUDP&sock=19645_6a1b_3>
...
006 (2325790.5610.000) 05/26 20:03:33 Image size of job updated: 298804
	291  -  MemoryUsage of job (MB)
	297572  -  ResidentSetSize of job (KB)
...
006 (2325790.5610.000) 05/26 20:05:43 Image size of job updated: 736040
	306  -  MemoryUsage of job (MB)
	312384  -  ResidentSetSize of job (KB)
...
005 (2325790.5610.000) 05/26 20:05:43 Job terminated.
	(1) Normal termination (return value 0)
		Usr 0 00:00:52, Sys 0 00:00:02  -  Run Remote Usage
		Usr 0 00:00:00, Sys 0 00:00:00  -  Run Local Usage
		Usr 0 00:00:52, Sys 0 00:00:02  -  Total Remote Usage
		Usr 0 00:00:00, Sys 0 00:00:00  -  Total Local Usage
	9194  -  Run Bytes Sent By Job
	436  -  Run Bytes Received By Job
	9194  -  Total Bytes Sent By Job
	436  -  Total Bytes Received By Job
	Partitionable Resources :    Usage  Request Allocated
	   Cpus                 :                 2         2
	   Disk (KB)            :       31        1   2144848
	   Memory (MB)          :      306     4000      4000
...
