000 (2325790.11983.000) 05/26 19:50:57 Job submitted from host: <137.138.44.75:9618?addrs=137.138.44.75-9618&noUDP&sock=3998_dfba_3>
...
001 (2325790.11983.000) 05/26 20:11:05 Job executing on host: <188.185.196.15:9618?addrs=188.185.196.15-9618+[2001-1459-301-48--100-5]-9618&noUDP&sock=17131_0503_3>
...
006 (2325790.11983.000) 05/26 20:11:14 Image size of job updated: 276284
	270  -  MemoryUsage of job (MB)
	276128  -  ResidentSetSize of job (KB)
...
006 (2325790.11983.000) 05/26 20:13:08 Image size of job updated: 276284
	271  -  MemoryUsage of job (MB)
	277212  -  ResidentSetSize of job (KB)
...
005 (2325790.11983.000) 05/26 20:13:19 Job terminated.
	(1) Normal termination (return value 0)
		Usr 0 00:00:36, Sys 0 00:00:02  -  Run Remote Usage
		Usr 0 00:00:00, Sys 0 00:00:00  -  Run Local Usage
		Usr 0 00:00:36, Sys 0 00:00:02  -  Total Remote Usage
		Usr 0 00:00:00, Sys 0 00:00:00  -  Total Local Usage
	9194  -  Run Bytes Sent By Job
	436  -  Run Bytes Received By Job
	9194  -  Total Bytes Sent By Job
	436  -  Total Bytes Received By Job
	Partitionable Resources :    Usage  Request Allocated
	   Cpus                 :                 2         2
	   Disk (KB)            :       30        1   4121839
	   Memory (MB)          :      271     4000      4000
...
