000 (2325790.1513.000) 05/26 19:50:29 Job submitted from host: <137.138.44.75:9618?addrs=137.138.44.75-9618&noUDP&sock=3998_dfba_3>
...
001 (2325790.1513.000) 05/26 19:55:50 Job executing on host: <188.184.206.16:9618?addrs=188.184.206.16-9618+[2001-1458-301-7d--100-220]-9618&noUDP&sock=19650_d814_3>
...
006 (2325790.1513.000) 05/26 19:55:58 Image size of job updated: 260476
	252  -  MemoryUsage of job (MB)
	257736  -  ResidentSetSize of job (KB)
...
006 (2325790.1513.000) 05/26 19:58:09 Image size of job updated: 674756
	252  -  MemoryUsage of job (MB)
	258008  -  ResidentSetSize of job (KB)
...
005 (2325790.1513.000) 05/26 19:58:09 Job terminated.
	(1) Normal termination (return value 0)
		Usr 0 00:00:57, Sys 0 00:00:02  -  Run Remote Usage
		Usr 0 00:00:00, Sys 0 00:00:00  -  Run Local Usage
		Usr 0 00:00:57, Sys 0 00:00:02  -  Total Remote Usage
		Usr 0 00:00:00, Sys 0 00:00:00  -  Total Local Usage
	9191  -  Run Bytes Sent By Job
	436  -  Run Bytes Received By Job
	9191  -  Total Bytes Sent By Job
	436  -  Total Bytes Received By Job
	Partitionable Resources :    Usage  Request Allocated
	   Cpus                 :                 2         2
	   Disk (KB)            :       31        1   2121315
	   Memory (MB)          :      252     4000      4000
...
