000 (2325790.2651.000) 05/26 19:50:32 Job submitted from host: <137.138.44.75:9618?addrs=137.138.44.75-9618&noUDP&sock=3998_dfba_3>
...
001 (2325790.2651.000) 05/26 20:01:36 Job executing on host: <188.184.142.220:9618?addrs=188.184.142.220-9618+[2001-1458-301-46--100-f1]-9618&noUDP&sock=4753_bdbb_3>
...
006 (2325790.2651.000) 05/26 20:01:45 Image size of job updated: 358356
	348  -  MemoryUsage of job (MB)
	355640  -  ResidentSetSize of job (KB)
...
006 (2325790.2651.000) 05/26 20:03:21 Image size of job updated: 643296
	348  -  MemoryUsage of job (MB)
	355844  -  ResidentSetSize of job (KB)
...
005 (2325790.2651.000) 05/26 20:03:21 Job terminated.
	(1) Normal termination (return value 0)
		Usr 0 00:00:49, Sys 0 00:00:02  -  Run Remote Usage
		Usr 0 00:00:00, Sys 0 00:00:00  -  Run Local Usage
		Usr 0 00:00:49, Sys 0 00:00:02  -  Total Remote Usage
		Usr 0 00:00:00, Sys 0 00:00:00  -  Total Local Usage
	9188  -  Run Bytes Sent By Job
	436  -  Run Bytes Received By Job
	9188  -  Total Bytes Sent By Job
	436  -  Total Bytes Received By Job
	Partitionable Resources :    Usage  Request Allocated
	   Cpus                 :                 2         2
	   Disk (KB)            :       30        1   2126724
	   Memory (MB)          :      348     4000      4000
...
