000 (2325790.2925.000) 05/26 19:50:33 Job submitted from host: <137.138.44.75:9618?addrs=137.138.44.75-9618&noUDP&sock=3998_dfba_3>
...
001 (2325790.2925.000) 05/26 19:59:12 Job executing on host: <188.184.206.58:9618?addrs=188.184.206.58-9618+[2001-1458-301-7d--100-31a]-9618&noUDP&sock=19496_367e_3>
...
006 (2325790.2925.000) 05/26 19:59:21 Image size of job updated: 207060
	200  -  MemoryUsage of job (MB)
	204320  -  ResidentSetSize of job (KB)
...
006 (2325790.2925.000) 05/26 20:01:39 Image size of job updated: 641660
	200  -  MemoryUsage of job (MB)
	204320  -  ResidentSetSize of job (KB)
...
005 (2325790.2925.000) 05/26 20:01:47 Job terminated.
	(1) Normal termination (return value 0)
		Usr 0 00:00:58, Sys 0 00:00:02  -  Run Remote Usage
		Usr 0 00:00:00, Sys 0 00:00:00  -  Run Local Usage
		Usr 0 00:00:58, Sys 0 00:00:02  -  Total Remote Usage
		Usr 0 00:00:00, Sys 0 00:00:00  -  Total Local Usage
	9153  -  Run Bytes Sent By Job
	436  -  Run Bytes Received By Job
	9153  -  Total Bytes Sent By Job
	436  -  Total Bytes Received By Job
	Partitionable Resources :    Usage  Request Allocated
	   Cpus                 :                 2         2
	   Disk (KB)            :       31        1   2152466
	   Memory (MB)          :      200     4000      4000
...
