000 (2325790.13769.000) 05/26 19:51:02 Job submitted from host: <137.138.44.75:9618?addrs=137.138.44.75-9618&noUDP&sock=3998_dfba_3>
...
001 (2325790.13769.000) 05/26 20:13:23 Job executing on host: <128.142.104.152:9618?addrs=128.142.104.152-9618+[2001-1458-301-8b--100-83]-9618&noUDP&sock=16292_890d_3>
...
006 (2325790.13769.000) 05/26 20:13:31 Image size of job updated: 396732
	385  -  MemoryUsage of job (MB)
	394080  -  ResidentSetSize of job (KB)
...
006 (2325790.13769.000) 05/26 20:15:17 Image size of job updated: 396732
	386  -  MemoryUsage of job (MB)
	394284  -  ResidentSetSize of job (KB)
...
005 (2325790.13769.000) 05/26 20:15:17 Job terminated.
	(1) Normal termination (return value 0)
		Usr 0 00:00:37, Sys 0 00:00:01  -  Run Remote Usage
		Usr 0 00:00:00, Sys 0 00:00:00  -  Run Local Usage
		Usr 0 00:00:37, Sys 0 00:00:01  -  Total Remote Usage
		Usr 0 00:00:00, Sys 0 00:00:00  -  Total Local Usage
	9201  -  Run Bytes Sent By Job
	436  -  Run Bytes Received By Job
	9201  -  Total Bytes Sent By Job
	436  -  Total Bytes Received By Job
	Partitionable Resources :    Usage  Request Allocated
	   Cpus                 :                 2         2
	   Disk (KB)            :       30        1   2204924
	   Memory (MB)          :      386     4000      4000
...
