000 (2325790.3712.000) 05/26 19:50:36 Job submitted from host: <137.138.44.75:9618?addrs=137.138.44.75-9618&noUDP&sock=3998_dfba_3>
...
001 (2325790.3712.000) 05/26 20:00:54 Job executing on host: <188.184.204.246:9618?addrs=188.184.204.246-9618+[2001-1458-301-7d--100-104]-9618&noUDP&sock=19823_81f6_3>
...
006 (2325790.3712.000) 05/26 20:01:03 Image size of job updated: 97864
	93  -  MemoryUsage of job (MB)
	95072  -  ResidentSetSize of job (KB)
...
006 (2325790.3712.000) 05/26 20:03:20 Image size of job updated: 1918568
	93  -  MemoryUsage of job (MB)
	95072  -  ResidentSetSize of job (KB)
...
005 (2325790.3712.000) 05/26 20:03:21 Job terminated.
	(1) Normal termination (return value 0)
		Usr 0 00:00:59, Sys 0 00:00:02  -  Run Remote Usage
		Usr 0 00:00:00, Sys 0 00:00:00  -  Run Local Usage
		Usr 0 00:00:59, Sys 0 00:00:02  -  Total Remote Usage
		Usr 0 00:00:00, Sys 0 00:00:00  -  Total Local Usage
	9193  -  Run Bytes Sent By Job
	436  -  Run Bytes Received By Job
	9193  -  Total Bytes Sent By Job
	436  -  Total Bytes Received By Job
	Partitionable Resources :    Usage  Request Allocated
	   Cpus                 :                 2         2
	   Disk (KB)            :       31        1   2109846
	   Memory (MB)          :       93     4000      4000
...
