000 (2325790.7005.000) 05/26 19:50:43 Job submitted from host: <137.138.44.75:9618?addrs=137.138.44.75-9618&noUDP&sock=3998_dfba_3>
...
001 (2325790.7005.000) 05/26 20:05:16 Job executing on host: <188.184.205.189:9618?addrs=188.184.205.189-9618+[2001-1458-301-7d--100-1be]-9618&noUDP&sock=19576_1612_3>
...
006 (2325790.7005.000) 05/26 20:05:25 Image size of job updated: 92268
	88  -  MemoryUsage of job (MB)
	89476  -  ResidentSetSize of job (KB)
...
006 (2325790.7005.000) 05/26 20:08:13 Image size of job updated: 99712
	88  -  MemoryUsage of job (MB)
	89484  -  ResidentSetSize of job (KB)
...
005 (2325790.7005.000) 05/26 20:08:13 Job terminated.
	(1) Normal termination (return value 0)
		Usr 0 00:00:43, Sys 0 00:00:02  -  Run Remote Usage
		Usr 0 00:00:00, Sys 0 00:00:00  -  Run Local Usage
		Usr 0 00:00:43, Sys 0 00:00:02  -  Total Remote Usage
		Usr 0 00:00:00, Sys 0 00:00:00  -  Total Local Usage
	9193  -  Run Bytes Sent By Job
	436  -  Run Bytes Received By Job
	9193  -  Total Bytes Sent By Job
	436  -  Total Bytes Received By Job
	Partitionable Resources :    Usage  Request Allocated
	   Cpus                 :                 2         2
	   Disk (KB)            :       31        1   2222407
	   Memory (MB)          :       88     4000      4000
...
