000 (2325790.5353.000) 05/26 19:50:39 Job submitted from host: <137.138.44.75:9618?addrs=137.138.44.75-9618&noUDP&sock=3998_dfba_3>
...
001 (2325790.5353.000) 05/26 20:03:06 Job executing on host: <128.142.240.190:9618?addrs=128.142.240.190-9618+[2001-1458-301-9--100-45]-9618&noUDP&sock=28572_980d_3>
...
006 (2325790.5353.000) 05/26 20:03:15 Image size of job updated: 98604
	94  -  MemoryUsage of job (MB)
	95952  -  ResidentSetSize of job (KB)
...
006 (2325790.5353.000) 05/26 20:06:13 Image size of job updated: 738288
	94  -  MemoryUsage of job (MB)
	95952  -  ResidentSetSize of job (KB)
...
005 (2325790.5353.000) 05/26 20:06:26 Job terminated.
	(1) Normal termination (return value 0)
		Usr 0 00:00:53, Sys 0 00:00:02  -  Run Remote Usage
		Usr 0 00:00:00, Sys 0 00:00:00  -  Run Local Usage
		Usr 0 00:00:53, Sys 0 00:00:02  -  Total Remote Usage
		Usr 0 00:00:00, Sys 0 00:00:00  -  Total Local Usage
	9189  -  Run Bytes Sent By Job
	436  -  Run Bytes Received By Job
	9189  -  Total Bytes Sent By Job
	436  -  Total Bytes Received By Job
	Partitionable Resources :    Usage  Request Allocated
	   Cpus                 :                 2         2
	   Disk (KB)            :       32        1   3003313
	   Memory (MB)          :       94     4000      4000
...
