000 (2325790.12788.000) 05/26 19:50:59 Job submitted from host: <137.138.44.75:9618?addrs=137.138.44.75-9618&noUDP&sock=3998_dfba_3>
...
001 (2325790.12788.000) 05/26 20:11:59 Job executing on host: <188.184.205.64:9618?addrs=188.184.205.64-9618+[2001-1458-301-7d--100-129]-9618&noUDP&sock=19610_684a_3>
...
006 (2325790.12788.000) 05/26 20:12:08 Image size of job updated: 286704
	278  -  MemoryUsage of job (MB)
	283912  -  ResidentSetSize of job (KB)
...
006 (2325790.12788.000) 05/26 20:12:55 Image size of job updated: 286704
	309  -  MemoryUsage of job (MB)
	316016  -  ResidentSetSize of job (KB)
...
005 (2325790.12788.000) 05/26 20:13:07 Job terminated.
	(1) Normal termination (return value 0)
		Usr 0 00:00:42, Sys 0 00:00:02  -  Run Remote Usage
		Usr 0 00:00:00, Sys 0 00:00:00  -  Run Local Usage
		Usr 0 00:00:42, Sys 0 00:00:02  -  Total Remote Usage
		Usr 0 00:00:00, Sys 0 00:00:00  -  Total Local Usage
	9197  -  Run Bytes Sent By Job
	436  -  Run Bytes Received By Job
	9197  -  Total Bytes Sent By Job
	436  -  Total Bytes Received By Job
	Partitionable Resources :    Usage  Request Allocated
	   Cpus                 :                 2         2
	   Disk (KB)            :       29        1   2110205
	   Memory (MB)          :      309     4000      4000
...
