000 (2325790.13125.000) 05/26 19:51:00 Job submitted from host: <137.138.44.75:9618?addrs=137.138.44.75-9618&noUDP&sock=3998_dfba_3>
...
001 (2325790.13125.000) 05/26 20:12:21 Job executing on host: <128.142.149.90:9618?addrs=128.142.149.90-9618+[2001-1458-301-b--100-59]-9618&noUDP&sock=18177_7d13_3>
...
006 (2325790.13125.000) 05/26 20:12:29 Image size of job updated: 338700
	331  -  MemoryUsage of job (MB)
	338684  -  ResidentSetSize of job (KB)
...
006 (2325790.13125.000) 05/26 20:13:02 Image size of job updated: 1385868
	331  -  MemoryUsage of job (MB)
	338812  -  ResidentSetSize of job (KB)
...
005 (2325790.13125.000) 05/26 20:13:14 Job terminated.
	(1) Normal termination (return value 0)
		Usr 0 00:00:33, Sys 0 00:00:01  -  Run Remote Usage
		Usr 0 00:00:00, Sys 0 00:00:00  -  Run Local Usage
		Usr 0 00:00:33, Sys 0 00:00:01  -  Total Remote Usage
		Usr 0 00:00:00, Sys 0 00:00:00  -  Total Local Usage
	9194  -  Run Bytes Sent By Job
	436  -  Run Bytes Received By Job
	9194  -  Total Bytes Sent By Job
	436  -  Total Bytes Received By Job
	Partitionable Resources :    Usage  Request Allocated
	   Cpus                 :                 2         2
	   Disk (KB)            :       28        1   3184952
	   Memory (MB)          :      331     4000      4000
...
