000 (2325790.13513.000) 05/26 19:51:01 Job submitted from host: <137.138.44.75:9618?addrs=137.138.44.75-9618&noUDP&sock=3998_dfba_3>
...
001 (2325790.13513.000) 05/26 20:13:05 Job executing on host: <188.185.172.36:9618?addrs=188.185.172.36-9618+[2001-1459-301-5a--100-23]-9618&noUDP&sock=17171_74cd_3>
...
006 (2325790.13513.000) 05/26 20:13:14 Image size of job updated: 73736
	72  -  MemoryUsage of job (MB)
	72948  -  ResidentSetSize of job (KB)
...
006 (2325790.13513.000) 05/26 20:18:14 Image size of job updated: 274452
	269  -  MemoryUsage of job (MB)
	274452  -  ResidentSetSize of job (KB)
...
006 (2325790.13513.000) 05/26 20:23:14 Image size of job updated: 587636
	574  -  MemoryUsage of job (MB)
	587616  -  ResidentSetSize of job (KB)
...
006 (2325790.13513.000) 05/26 20:27:01 Image size of job updated: 769784
	574  -  MemoryUsage of job (MB)
	587616  -  ResidentSetSize of job (KB)
...
005 (2325790.13513.000) 05/26 20:27:01 Job terminated.
	(1) Normal termination (return value 0)
		Usr 0 00:00:43, Sys 0 00:00:02  -  Run Remote Usage
		Usr 0 00:00:00, Sys 0 00:00:00  -  Run Local Usage
		Usr 0 00:00:43, Sys 0 00:00:02  -  Total Remote Usage
		Usr 0 00:00:00, Sys 0 00:00:00  -  Total Local Usage
	9198  -  Run Bytes Sent By Job
	436  -  Run Bytes Received By Job
	9198  -  Total Bytes Sent By Job
	436  -  Total Bytes Received By Job
	Partitionable Resources :    Usage  Request Allocated
	   Cpus                 :                 2         2
	   Disk (KB)            :       45        1   3890522
	   Memory (MB)          :      574     4000      4000
...
