000 (2325790.253.000) 05/26 19:50:26 Job submitted from host: <137.138.44.75:9618?addrs=137.138.44.75-9618&noUDP&sock=3998_dfba_3>
...
001 (2325790.253.000) 05/26 19:54:25 Job executing on host: <188.184.207.17:9618?addrs=188.184.207.17-9618+[2001-1458-301-7d--100-31f]-9618&noUDP&sock=19533_977f_3>
...
006 (2325790.253.000) 05/26 19:54:34 Image size of job updated: 348428
	332  -  MemoryUsage of job (MB)
	339864  -  ResidentSetSize of job (KB)
...
006 (2325790.253.000) 05/26 19:55:21 Image size of job updated: 685936
	333  -  MemoryUsage of job (MB)
	340108  -  ResidentSetSize of job (KB)
...
005 (2325790.253.000) 05/26 19:55:21 Job terminated.
	(1) Normal termination (return value 0)
		Usr 0 00:00:46, Sys 0 00:00:02  -  Run Remote Usage
		Usr 0 00:00:00, Sys 0 00:00:00  -  Run Local Usage
		Usr 0 00:00:46, Sys 0 00:00:02  -  Total Remote Usage
		Usr 0 00:00:00, Sys 0 00:00:00  -  Total Local Usage
	9191  -  Run Bytes Sent By Job
	436  -  Run Bytes Received By Job
	9191  -  Total Bytes Sent By Job
	436  -  Total Bytes Received By Job
	Partitionable Resources :    Usage  Request Allocated
	   Cpus                 :                 2         2
	   Disk (KB)            :       29        1   2189991
	   Memory (MB)          :      333     4000      4000
...
