000 (2325790.2525.000) 05/26 19:50:32 Job submitted from host: <137.138.44.75:9618?addrs=137.138.44.75-9618&noUDP&sock=3998_dfba_3>
...
001 (2325790.2525.000) 05/26 20:00:58 Job executing on host: <188.185.176.41:9618?addrs=188.185.176.41-9618+[2001-1459-301-5b--100-2e]-9618&noUDP&sock=17140_315d_3>
...
006 (2325790.2525.000) 05/26 20:01:07 Image size of job updated: 54504
	53  -  MemoryUsage of job (MB)
	53796  -  ResidentSetSize of job (KB)
...
006 (2325790.2525.000) 05/26 20:06:08 Image size of job updated: 344900
	313  -  MemoryUsage of job (MB)
	319684  -  ResidentSetSize of job (KB)
...
006 (2325790.2525.000) 05/26 20:06:58 Image size of job updated: 344900
	314  -  MemoryUsage of job (MB)
	321236  -  ResidentSetSize of job (KB)
...
005 (2325790.2525.000) 05/26 20:06:58 Job terminated.
	(1) Normal termination (return value 0)
		Usr 0 00:00:51, Sys 0 00:00:02  -  Run Remote Usage
		Usr 0 00:00:00, Sys 0 00:00:00  -  Run Local Usage
		Usr 0 00:00:51, Sys 0 00:00:02  -  Total Remote Usage
		Usr 0 00:00:00, Sys 0 00:00:00  -  Total Local Usage
	9152  -  Run Bytes Sent By Job
	436  -  Run Bytes Received By Job
	9152  -  Total Bytes Sent By Job
	436  -  Total Bytes Received By Job
	Partitionable Resources :    Usage  Request Allocated
	   Cpus                 :                 2         2
	   Disk (KB)            :       35        1   3956740
	   Memory (MB)          :      314     4000      4000
...
