000 (2325790.5483.000) 05/26 19:50:40 Job submitted from host: <137.138.44.75:9618?addrs=137.138.44.75-9618&noUDP&sock=3998_dfba_3>
...
001 (2325790.5483.000) 05/26 20:03:16 Job executing on host: <188.184.204.17:9618?addrs=188.184.204.17-9618+[2001-1458-301-7d--100-18]-9618&noUDP&sock=19762_aaaf_3>
...
006 (2325790.5483.000) 05/26 20:03:25 Image size of job updated: 285784
	277  -  MemoryUsage of job (MB)
	283044  -  ResidentSetSize of job (KB)
...
006 (2325790.5483.000) 05/26 20:04:58 Image size of job updated: 734456
	278  -  MemoryUsage of job (MB)
	283864  -  ResidentSetSize of job (KB)
...
005 (2325790.5483.000) 05/26 20:05:00 Job terminated.
	(1) Normal termination (return value 0)
		Usr 0 00:00:57, Sys 0 00:00:02  -  Run Remote Usage
		Usr 0 00:00:00, Sys 0 00:00:00  -  Run Local Usage
		Usr 0 00:00:57, Sys 0 00:00:02  -  Total Remote Usage
		Usr 0 00:00:00, Sys 0 00:00:00  -  Total Local Usage
	9191  -  Run Bytes Sent By Job
	436  -  Run Bytes Received By Job
	9191  -  Total Bytes Sent By Job
	436  -  Total Bytes Received By Job
	Partitionable Resources :    Usage  Request Allocated
	   Cpus                 :                 2         2
	   Disk (KB)            :       30        1   2218707
	   Memory (MB)          :      278     4000      4000
...
