000 (2325790.9564.000) 05/26 19:50:50 Job submitted from host: <137.138.44.75:9618?addrs=137.138.44.75-9618&noUDP&sock=3998_dfba_3>
...
001 (2325790.9564.000) 05/26 20:08:21 Job executing on host: <188.184.139.32:9618?addrs=188.184.139.32-9618+[--1]-9618&noUDP&sock=5720_05d0_3>
...
006 (2325790.9564.000) 05/26 20:08:30 Image size of job updated: 76820
	76  -  MemoryUsage of job (MB)
	76820  -  ResidentSetSize of job (KB)
...
006 (2325790.9564.000) 05/26 20:13:30 Image size of job updated: 465776
	455  -  MemoryUsage of job (MB)
	465776  -  ResidentSetSize of job (KB)
...
005 (2325790.9564.000) 05/26 20:17:36 Job terminated.
	(1) Normal termination (return value 0)
		Usr 0 00:00:40, Sys 0 00:00:02  -  Run Remote Usage
		Usr 0 00:00:00, Sys 0 00:00:00  -  Run Local Usage
		Usr 0 00:00:40, Sys 0 00:00:02  -  Total Remote Usage
		Usr 0 00:00:00, Sys 0 00:00:00  -  Total Local Usage
	9196  -  Run Bytes Sent By Job
	436  -  Run Bytes Received By Job
	9196  -  Total Bytes Sent By Job
	436  -  Total Bytes Received By Job
	Partitionable Resources :    Usage  Request Allocated
	   Cpus                 :                 2         2
	   Disk (KB)            :       39        1   3025550
	   Memory (MB)          :      455     4000      4000
...
