000 (2325790.6045.000) 05/26 19:50:41 Job submitted from host: <137.138.44.75:9618?addrs=137.138.44.75-9618&noUDP&sock=3998_dfba_3>
...
001 (2325790.6045.000) 05/26 20:03:55 Job executing on host: <188.184.186.163:9618?addrs=188.184.186.163-9618+[2001-1458-301-f8--100-95]-9618&noUDP&sock=16597_bd70_3>
...
006 (2325790.6045.000) 05/26 20:04:04 Image size of job updated: 285888
	277  -  MemoryUsage of job (MB)
	283080  -  ResidentSetSize of job (KB)
...
006 (2325790.6045.000) 05/26 20:05:11 Image size of job updated: 643060
	277  -  MemoryUsage of job (MB)
	283180  -  ResidentSetSize of job (KB)
...
005 (2325790.6045.000) 05/26 20:05:11 Job terminated.
	(1) Normal termination (return value 0)
		Usr 0 00:00:58, Sys 0 00:00:03  -  Run Remote Usage
		Usr 0 00:00:00, Sys 0 00:00:00  -  Run Local Usage
		Usr 0 00:00:58, Sys 0 00:00:03  -  Total Remote Usage
		Usr 0 00:00:00, Sys 0 00:00:00  -  Total Local Usage
	9154  -  Run Bytes Sent By Job
	436  -  Run Bytes Received By Job
	9154  -  Total Bytes Sent By Job
	436  -  Total Bytes Received By Job
	Partitionable Resources :    Usage  Request Allocated
	   Cpus                 :                 2         2
	   Disk (KB)            :       29        1   2115567
	   Memory (MB)          :      277     4000      4000
...
