000 (2325790.8721.000) 05/26 19:50:47 Job submitted from host: <137.138.44.75:9618?addrs=137.138.44.75-9618&noUDP&sock=3998_dfba_3>
...
001 (2325790.8721.000) 05/26 20:07:25 Job executing on host: <188.184.205.241:9618?addrs=188.184.205.241-9618+[2001-1458-301-7d--100-1e8]-9618&noUDP&sock=19554_fefc_3>
...
006 (2325790.8721.000) 05/26 20:07:34 Image size of job updated: 89904
	86  -  MemoryUsage of job (MB)
	87164  -  ResidentSetSize of job (KB)
...
006 (2325790.8721.000) 05/26 20:10:22 Image size of job updated: 140432
	86  -  MemoryUsage of job (MB)
	87164  -  ResidentSetSize of job (KB)
...
005 (2325790.8721.000) 05/26 20:10:31 Job terminated.
	(1) Normal termination (return value 0)
		Usr 0 00:00:40, Sys 0 00:00:02  -  Run Remote Usage
		Usr 0 00:00:00, Sys 0 00:00:00  -  Run Local Usage
		Usr 0 00:00:40, Sys 0 00:00:02  -  Total Remote Usage
		Usr 0 00:00:00, Sys 0 00:00:00  -  Total Local Usage
	9195  -  Run Bytes Sent By Job
	436  -  Run Bytes Received By Job
	9195  -  Total Bytes Sent By Job
	436  -  Total Bytes Received By Job
	Partitionable Resources :    Usage  Request Allocated
	   Cpus                 :                 2         2
	   Disk (KB)            :       32        1   2118022
	   Memory (MB)          :       86     4000      4000
...
