000 (2325790.9363.000) 05/26 19:50:49 Job submitted from host: <137.138.44.75:9618?addrs=137.138.44.75-9618&noUDP&sock=3998_dfba_3>
...
001 (2325790.9363.000) 05/26 20:08:05 Job executing on host: <128.142.100.147:9618?addrs=128.142.100.147-9618+[2001-1458-301-89--100-7d]-9618&noUDP&sock=15985_f57a_3>
...
006 (2325790.9363.000) 05/26 20:08:14 Image size of job updated: 98784
	97  -  MemoryUsage of job (MB)
	98776  -  ResidentSetSize of job (KB)
...
006 (2325790.9363.000) 05/26 20:09:36 Image size of job updated: 259692
	97  -  MemoryUsage of job (MB)
	98776  -  ResidentSetSize of job (KB)
...
005 (2325790.9363.000) 05/26 20:09:36 Job terminated.
	(1) Normal termination (return value 0)
		Usr 0 00:00:35, Sys 0 00:00:01  -  Run Remote Usage
		Usr 0 00:00:00, Sys 0 00:00:00  -  Run Local Usage
		Usr 0 00:00:35, Sys 0 00:00:01  -  Total Remote Usage
		Usr 0 00:00:00, Sys 0 00:00:00  -  Total Local Usage
	9087  -  Run Bytes Sent By Job
	436  -  Run Bytes Received By Job
	9087  -  Total Bytes Sent By Job
	436  -  Total Bytes Received By Job
	Partitionable Resources :    Usage  Request Allocated
	   Cpus                 :                 2         2
	   Disk (KB)            :       29        1   2135865
	   Memory (MB)          :       97     4000      4000
...
