000 (2325790.4438.000) 05/26 19:50:37 Job submitted from host: <137.138.44.75:9618?addrs=137.138.44.75-9618&noUDP&sock=3998_dfba_3>
...
001 (2325790.4438.000) 05/26 20:02:03 Job executing on host: <128.142.96.254:9618?addrs=128.142.96.254-9618+[2001-1458-301-87--100-11f]-9618&noUDP&sock=17005_9814_3>
...
006 (2325790.4438.000) 05/26 20:02:12 Image size of job updated: 125920
	121  -  MemoryUsage of job (MB)
	123112  -  ResidentSetSize of job (KB)
...
006 (2325790.4438.000) 05/26 20:04:50 Image size of job updated: 718392
	121  -  MemoryUsage of job (MB)
	123112  -  ResidentSetSize of job (KB)
...
005 (2325790.4438.000) 05/26 20:04:51 Job terminated.
	(1) Normal termination (return value 0)
		Usr 0 00:01:01, Sys 0 00:00:03  -  Run Remote Usage
		Usr 0 00:00:00, Sys 0 00:00:00  -  Run Local Usage
		Usr 0 00:01:01, Sys 0 00:00:03  -  Total Remote Usage
		Usr 0 00:00:00, Sys 0 00:00:00  -  Total Local Usage
	9203  -  Run Bytes Sent By Job
	436  -  Run Bytes Received By Job
	9203  -  Total Bytes Sent By Job
	436  -  Total Bytes Received By Job
	Partitionable Resources :    Usage  Request Allocated
	   Cpus                 :                 2         2
	   Disk (KB)            :       31        1   4107105
	   Memory (MB)          :      121     4000      4000
...
