000 (2325790.3096.000) 05/26 19:50:33 Job submitted from host: <137.138.44.75:9618?addrs=137.138.44.75-9618&noUDP&sock=3998_dfba_3>
...
001 (2325790.3096.000) 05/26 19:59:26 Job executing on host: <188.184.206.253:9618?addrs=188.184.206.253-9618+[2001-1458-301-7d--100-298]-9618&noUDP&sock=19550_409b_3>
...
006 (2325790.3096.000) 05/26 19:59:35 Image size of job updated: 335388
	325  -  MemoryUsage of job (MB)
	332648  -  ResidentSetSize of job (KB)
...
006 (2325790.3096.000) 05/26 20:00:32 Image size of job updated: 725468
	326  -  MemoryUsage of job (MB)
	332804  -  ResidentSetSize of job (KB)
...
005 (2325790.3096.000) 05/26 20:00:42 Job terminated.
	(1) Normal termination (return value 0)
		Usr 0 00:00:35, Sys 0 00:00:01  -  Run Remote Usage
		Usr 0 00:00:00, Sys 0 00:00:00  -  Run Local Usage
		Usr 0 00:00:35, Sys 0 00:00:01  -  Total Remote Usage
		Usr 0 00:00:00, Sys 0 00:00:00  -  Total Local Usage
	8246  -  Run Bytes Sent By Job
	436  -  Run Bytes Received By Job
	8246  -  Total Bytes Sent By Job
	436  -  Total Bytes Received By Job
	Partitionable Resources :    Usage  Request Allocated
	   Cpus                 :                 2         2
	   Disk (KB)            :       28        1   2160505
	   Memory (MB)          :      326     4000      4000
...
