000 (2325790.2543.000) 05/26 19:50:32 Job submitted from host: <137.138.44.75:9618?addrs=137.138.44.75-9618&noUDP&sock=3998_dfba_3>
...
001 (2325790.2543.000) 05/26 20:00:59 Job executing on host: <128.142.105.130:9618?addrs=128.142.105.130-9618+[2001-1458-301-8b--100-173]-9618&noUDP&sock=16002_9e96_3>
...
006 (2325790.2543.000) 05/26 20:01:08 Image size of job updated: 102944
	98  -  MemoryUsage of job (MB)
	100312  -  ResidentSetSize of job (KB)
...
006 (2325790.2543.000) 05/26 20:02:35 Image size of job updated: 1896224
	98  -  MemoryUsage of job (MB)
	100312  -  ResidentSetSize of job (KB)
...
005 (2325790.2543.000) 05/26 20:02:36 Job terminated.
	(1) Normal termination (return value 0)
		Usr 0 00:00:47, Sys 0 00:00:02  -  Run Remote Usage
		Usr 0 00:00:00, Sys 0 00:00:00  -  Run Local Usage
		Usr 0 00:00:47, Sys 0 00:00:02  -  Total Remote Usage
		Usr 0 00:00:00, Sys 0 00:00:00  -  Total Local Usage
	9111  -  Run Bytes Sent By Job
	436  -  Run Bytes Received By Job
	9111  -  Total Bytes Sent By Job
	436  -  Total Bytes Received By Job
	Partitionable Resources :    Usage  Request Allocated
	   Cpus                 :                 2         2
	   Disk (KB)            :       29        1   2215518
	   Memory (MB)          :       98     4000      4000
...
