000 (2325790.1242.000) 05/26 19:50:28 Job submitted from host: <137.138.44.75:9618?addrs=137.138.44.75-9618&noUDP&sock=3998_dfba_3>
...
001 (2325790.1242.000) 05/26 19:54:12 Job executing on host: <188.184.205.43:9618?addrs=188.184.205.43-9618+[2001-1458-301-7d--100-11b]-9618&noUDP&sock=4683_ba1a_3>
...
006 (2325790.1242.000) 05/26 19:54:20 Image size of job updated: 265744
	258  -  MemoryUsage of job (MB)
	264004  -  ResidentSetSize of job (KB)
...
006 (2325790.1242.000) 05/26 19:55:26 Image size of job updated: 674920
	258  -  MemoryUsage of job (MB)
	264132  -  ResidentSetSize of job (KB)
...
005 (2325790.1242.000) 05/26 19:55:26 Job terminated.
	(1) Normal termination (return value 0)
		Usr 0 00:01:00, Sys 0 00:00:02  -  Run Remote Usage
		Usr 0 00:00:00, Sys 0 00:00:00  -  Run Local Usage
		Usr 0 00:01:00, Sys 0 00:00:02  -  Total Remote Usage
		Usr 0 00:00:00, Sys 0 00:00:00  -  Total Local Usage
	9191  -  Run Bytes Sent By Job
	436  -  Run Bytes Received By Job
	9191  -  Total Bytes Sent By Job
	436  -  Total Bytes Received By Job
	Partitionable Resources :    Usage  Request Allocated
	   Cpus                 :                 2         2
	   Disk (KB)            :       29        1   2181494
	   Memory (MB)          :      258     4000      4000
...
