000 (2325790.10597.000) 05/26 19:50:52 Job submitted from host: <137.138.44.75:9618?addrs=137.138.44.75-9618&noUDP&sock=3998_dfba_3>
...
001 (2325790.10597.000) 05/26 20:09:22 Job executing on host: <188.184.205.49:9618?addrs=188.184.205.49-9618+[2001-1458-301-7d--100-138]-9618&noUDP&sock=19549_9103_3>
...
006 (2325790.10597.000) 05/26 20:09:30 Image size of job updated: 242556
	235  -  MemoryUsage of job (MB)
	239764  -  ResidentSetSize of job (KB)
...
006 (2325790.10597.000) 05/26 20:10:22 Image size of job updated: 1467216
	235  -  MemoryUsage of job (MB)
	239764  -  ResidentSetSize of job (KB)
...
005 (2325790.10597.000) 05/26 20:10:31 Job terminated.
	(1) Normal termination (return value 0)
		Usr 0 00:00:44, Sys 0 00:00:02  -  Run Remote Usage
		Usr 0 00:00:00, Sys 0 00:00:00  -  Run Local Usage
		Usr 0 00:00:44, Sys 0 00:00:02  -  Total Remote Usage
		Usr 0 00:00:00, Sys 0 00:00:00  -  Total Local Usage
	9198  -  Run Bytes Sent By Job
	436  -  Run Bytes Received By Job
	9198  -  Total Bytes Sent By Job
	436  -  Total Bytes Received By Job
	Partitionable Resources :    Usage  Request Allocated
	   Cpus                 :                 2         2
	   Disk (KB)            :       29        1   2214298
	   Memory (MB)          :      235     4000      4000
...
