000 (2325790.5205.000) 05/26 19:50:39 Job submitted from host: <137.138.44.75:9618?addrs=137.138.44.75-9618&noUDP&sock=3998_dfba_3>
...
001 (2325790.5205.000) 05/26 20:02:55 Job executing on host: <188.184.205.82:9618?addrs=188.184.205.82-9618+[2001-1458-301-7d--100-12e]-9618&noUDP&sock=4690_8743_3>
...
006 (2325790.5205.000) 05/26 20:03:03 Image size of job updated: 88724
	87  -  MemoryUsage of job (MB)
	88632  -  ResidentSetSize of job (KB)
...
006 (2325790.5205.000) 05/26 20:06:46 Image size of job updated: 1906280
	87  -  MemoryUsage of job (MB)
	88632  -  ResidentSetSize of job (KB)
...
005 (2325790.5205.000) 05/26 20:06:51 Job terminated.
	(1) Normal termination (return value 0)
		Usr 0 00:01:00, Sys 0 00:00:03  -  Run Remote Usage
		Usr 0 00:00:00, Sys 0 00:00:00  -  Run Local Usage
		Usr 0 00:01:00, Sys 0 00:00:03  -  Total Remote Usage
		Usr 0 00:00:00, Sys 0 00:00:00  -  Total Local Usage
	9194  -  Run Bytes Sent By Job
	436  -  Run Bytes Received By Job
	9194  -  Total Bytes Sent By Job
	436  -  Total Bytes Received By Job
	Partitionable Resources :    Usage  Request Allocated
	   Cpus                 :                 2         2
	   Disk (KB)            :       33        1   2192763
	   Memory (MB)          :       87     4000      4000
...
