000 (2325790.9599.000) 05/26 19:50:50 Job submitted from host: <137.138.44.75:9618?addrs=137.138.44.75-9618&noUDP&sock=3998_dfba_3>
...
001 (2325790.9599.000) 05/26 20:08:23 Job executing on host: <188.184.211.187:9618?addrs=188.184.211.187-9618+[2001-1458-301-10b--100-1ba]-9618&noUDP&sock=20232_0c32_3>
...
006 (2325790.9599.000) 05/26 20:08:31 Image size of job updated: 90324
	86  -  MemoryUsage of job (MB)
	87632  -  ResidentSetSize of job (KB)
...
006 (2325790.9599.000) 05/26 20:10:07 Image size of job updated: 255588
	86  -  MemoryUsage of job (MB)
	87704  -  ResidentSetSize of job (KB)
...
005 (2325790.9599.000) 05/26 20:10:13 Job terminated.
	(1) Normal termination (return value 0)
		Usr 0 00:00:36, Sys 0 00:00:01  -  Run Remote Usage
		Usr 0 00:00:00, Sys 0 00:00:00  -  Run Local Usage
		Usr 0 00:00:36, Sys 0 00:00:01  -  Total Remote Usage
		Usr 0 00:00:00, Sys 0 00:00:00  -  Total Local Usage
	9193  -  Run Bytes Sent By Job
	436  -  Run Bytes Received By Job
	9193  -  Total Bytes Sent By Job
	436  -  Total Bytes Received By Job
	Partitionable Resources :    Usage  Request Allocated
	   Cpus                 :                 2         2
	   Disk (KB)            :       30        1   3077323
	   Memory (MB)          :       86     4000      4000
...
