000 (2325790.5415.000) 05/26 19:50:40 Job submitted from host: <137.138.44.75:9618?addrs=137.138.44.75-9618&noUDP&sock=3998_dfba_3>
...
001 (2325790.5415.000) 05/26 20:03:12 Job executing on host: <188.184.205.133:9618?addrs=188.184.205.133-9618+[2001-1458-301-7d--100-16c]-9618&noUDP&sock=19623_5305_3>
...
006 (2325790.5415.000) 05/26 20:03:21 Image size of job updated: 98004
	94  -  MemoryUsage of job (MB)
	95352  -  ResidentSetSize of job (KB)
...
006 (2325790.5415.000) 05/26 20:05:52 Image size of job updated: 1971772
	94  -  MemoryUsage of job (MB)
	95352  -  ResidentSetSize of job (KB)
...
005 (2325790.5415.000) 05/26 20:05:52 Job terminated.
	(1) Normal termination (return value 0)
		Usr 0 00:00:49, Sys 0 00:00:02  -  Run Remote Usage
		Usr 0 00:00:00, Sys 0 00:00:00  -  Run Local Usage
		Usr 0 00:00:49, Sys 0 00:00:02  -  Total Remote Usage
		Usr 0 00:00:00, Sys 0 00:00:00  -  Total Local Usage
	9194  -  Run Bytes Sent By Job
	436  -  Run Bytes Received By Job
	9194  -  Total Bytes Sent By Job
	436  -  Total Bytes Received By Job
	Partitionable Resources :    Usage  Request Allocated
	   Cpus                 :                 2         2
	   Disk (KB)            :       31        1   2122344
	   Memory (MB)          :       94     4000      4000
...
