000 (2325790.3665.000) 05/26 19:50:36 Job submitted from host: <137.138.44.75:9618?addrs=137.138.44.75-9618&noUDP&sock=3998_dfba_3>
...
001 (2325790.3665.000) 05/26 20:00:50 Job executing on host: <188.184.205.225:9618?addrs=188.184.205.225-9618+[2001-1458-301-7d--100-1c8]-9618&noUDP&sock=19531_384f_3>
...
006 (2325790.3665.000) 05/26 20:00:59 Image size of job updated: 98732
	94  -  MemoryUsage of job (MB)
	95940  -  ResidentSetSize of job (KB)
...
006 (2325790.3665.000) 05/26 20:02:41 Image size of job updated: 735080
	94  -  MemoryUsage of job (MB)
	95940  -  ResidentSetSize of job (KB)
...
005 (2325790.3665.000) 05/26 20:02:41 Job terminated.
	(1) Normal termination (return value 0)
		Usr 0 00:00:40, Sys 0 00:00:02  -  Run Remote Usage
		Usr 0 00:00:00, Sys 0 00:00:00  -  Run Local Usage
		Usr 0 00:00:40, Sys 0 00:00:02  -  Total Remote Usage
		Usr 0 00:00:00, Sys 0 00:00:00  -  Total Local Usage
	8287  -  Run Bytes Sent By Job
	436  -  Run Bytes Received By Job
	8287  -  Total Bytes Sent By Job
	436  -  Total Bytes Received By Job
	Partitionable Resources :    Usage  Request Allocated
	   Cpus                 :                 2         2
	   Disk (KB)            :       29        1   2098532
	   Memory (MB)          :       94     4000      4000
...
