000 (2325790.11713.000) 05/26 19:50:56 Job submitted from host: <137.138.44.75:9618?addrs=137.138.44.75-9618&noUDP&sock=3998_dfba_3>
...
001 (2325790.11713.000) 05/26 20:10:47 Job executing on host: <188.184.205.174:9618?addrs=188.184.205.174-9618+[2001-1458-301-7d--100-1bb]-9618&noUDP&sock=19639_4c89_3>
...
006 (2325790.11713.000) 05/26 20:10:57 Image size of job updated: 356940
	348  -  MemoryUsage of job (MB)
	356084  -  ResidentSetSize of job (KB)
...
006 (2325790.11713.000) 05/26 20:13:40 Image size of job updated: 1412728
	349  -  MemoryUsage of job (MB)
	356364  -  ResidentSetSize of job (KB)
...
005 (2325790.11713.000) 05/26 20:13:49 Job terminated.
	(1) Normal termination (return value 0)
		Usr 0 00:00:37, Sys 0 00:00:02  -  Run Remote Usage
		Usr 0 00:00:00, Sys 0 00:00:00  -  Run Local Usage
		Usr 0 00:00:37, Sys 0 00:00:02  -  Total Remote Usage
		Usr 0 00:00:00, Sys 0 00:00:00  -  Total Local Usage
	9155  -  Run Bytes Sent By Job
	436  -  Run Bytes Received By Job
	9155  -  Total Bytes Sent By Job
	436  -  Total Bytes Received By Job
	Partitionable Resources :    Usage  Request Allocated
	   Cpus                 :                 2         2
	   Disk (KB)            :       31        1   2132847
	   Memory (MB)          :      349     4000      4000
...
