000 (2325790.128.000) 05/26 19:50:26 Job submitted from host: <137.138.44.75:9618?addrs=137.138.44.75-9618&noUDP&sock=3998_dfba_3>
...
001 (2325790.128.000) 05/26 19:53:42 Job executing on host: <188.184.205.206:9618?addrs=188.184.205.206-9618+[2001-1458-301-7d--100-319]-9618&noUDP&sock=19563_2b56_3>
...
006 (2325790.128.000) 05/26 19:53:51 Image size of job updated: 208028
	180  -  MemoryUsage of job (MB)
	183612  -  ResidentSetSize of job (KB)
...
006 (2325790.128.000) 05/26 19:54:34 Image size of job updated: 758336
	180  -  MemoryUsage of job (MB)
	183748  -  ResidentSetSize of job (KB)
...
005 (2325790.128.000) 05/26 19:54:34 Job terminated.
	(1) Normal termination (return value 0)
		Usr 0 00:00:38, Sys 0 00:00:02  -  Run Remote Usage
		Usr 0 00:00:00, Sys 0 00:00:00  -  Run Local Usage
		Usr 0 00:00:38, Sys 0 00:00:02  -  Total Remote Usage
		Usr 0 00:00:00, Sys 0 00:00:00  -  Total Local Usage
	8286  -  Run Bytes Sent By Job
	436  -  Run Bytes Received By Job
	8286  -  Total Bytes Sent By Job
	436  -  Total Bytes Received By Job
	Partitionable Resources :    Usage  Request Allocated
	   Cpus                 :                 2         2
	   Disk (KB)            :       28        1   2210406
	   Memory (MB)          :      180     4000      4000
...
