000 (2325790.1556.000) 05/26 19:50:29 Job submitted from host: <137.138.44.75:9618?addrs=137.138.44.75-9618&noUDP&sock=3998_dfba_3>
...
001 (2325790.1556.000) 05/26 19:56:10 Job executing on host: <188.184.206.105:9618?addrs=188.184.206.105-9618+[2001-1458-301-7d--100-280]-9618&noUDP&sock=19599_dcbf_3>
...
006 (2325790.1556.000) 05/26 19:56:18 Image size of job updated: 94776
	90  -  MemoryUsage of job (MB)
	91968  -  ResidentSetSize of job (KB)
...
006 (2325790.1556.000) 05/26 19:58:01 Image size of job updated: 655632
	90  -  MemoryUsage of job (MB)
	91968  -  ResidentSetSize of job (KB)
...
005 (2325790.1556.000) 05/26 19:58:01 Job terminated.
	(1) Normal termination (return value 0)
		Usr 0 00:00:45, Sys 0 00:00:02  -  Run Remote Usage
		Usr 0 00:00:00, Sys 0 00:00:00  -  Run Local Usage
		Usr 0 00:00:45, Sys 0 00:00:02  -  Total Remote Usage
		Usr 0 00:00:00, Sys 0 00:00:00  -  Total Local Usage
	9192  -  Run Bytes Sent By Job
	436  -  Run Bytes Received By Job
	9192  -  Total Bytes Sent By Job
	436  -  Total Bytes Received By Job
	Partitionable Resources :    Usage  Request Allocated
	   Cpus                 :                 2         2
	   Disk (KB)            :       30        1   2099228
	   Memory (MB)          :       90     4000      4000
...
