000 (2325790.14196.000) 05/26 19:51:03 Job submitted from host: <137.138.44.75:9618?addrs=137.138.44.75-9618&noUDP&sock=3998_dfba_3>
...
001 (2325790.14196.000) 05/26 20:13:46 Job executing on host: <188.184.183.174:9618?addrs=188.184.183.174-9618+[2001-1458-301-2b--100-18c]-9618&noUDP&sock=5608_3334_3>
...
006 (2325790.14196.000) 05/26 20:13:55 Image size of job updated: 300672
	294  -  MemoryUsage of job (MB)
	300516  -  ResidentSetSize of job (KB)
...
006 (2325790.14196.000) 05/26 20:15:33 Image size of job updated: 300672
	294  -  MemoryUsage of job (MB)
	300684  -  ResidentSetSize of job (KB)
...
005 (2325790.14196.000) 05/26 20:15:34 Job terminated.
	(1) Normal termination (return value 0)
		Usr 0 00:00:39, Sys 0 00:00:02  -  Run Remote Usage
		Usr 0 00:00:00, Sys 0 00:00:00  -  Run Local Usage
		Usr 0 00:00:39, Sys 0 00:00:02  -  Total Remote Usage
		Usr 0 00:00:00, Sys 0 00:00:00  -  Total Local Usage
	9155  -  Run Bytes Sent By Job
	436  -  Run Bytes Received By Job
	9155  -  Total Bytes Sent By Job
	436  -  Total Bytes Received By Job
	Partitionable Resources :    Usage  Request Allocated
	   Cpus                 :                 2         2
	   Disk (KB)            :       30        1   3044139
	   Memory (MB)          :      294     4000      4000
...
