000 (2325790.10165.000) 05/26 19:50:51 Job submitted from host: <137.138.44.75:9618?addrs=137.138.44.75-9618&noUDP&sock=3998_dfba_3>
...
001 (2325790.10165.000) 05/26 20:09:07 Job executing on host: <188.184.204.152:9618?addrs=188.184.204.152-9618+[2001-1458-301-7d--100-9f]-9618&noUDP&sock=19530_88b6_3>
...
006 (2325790.10165.000) 05/26 20:09:16 Image size of job updated: 362496
	354  -  MemoryUsage of job (MB)
	361844  -  ResidentSetSize of job (KB)
...
006 (2325790.10165.000) 05/26 20:09:54 Image size of job updated: 362496
	354  -  MemoryUsage of job (MB)
	361964  -  ResidentSetSize of job (KB)
...
005 (2325790.10165.000) 05/26 20:09:55 Job terminated.
	(1) Normal termination (return value 0)
		Usr 0 00:00:38, Sys 0 00:00:01  -  Run Remote Usage
		Usr 0 00:00:00, Sys 0 00:00:00  -  Run Local Usage
		Usr 0 00:00:38, Sys 0 00:00:01  -  Total Remote Usage
		Usr 0 00:00:00, Sys 0 00:00:00  -  Total Local Usage
	9198  -  Run Bytes Sent By Job
	436  -  Run Bytes Received By Job
	9198  -  Total Bytes Sent By Job
	436  -  Total Bytes Received By Job
	Partitionable Resources :    Usage  Request Allocated
	   Cpus                 :                 2         2
	   Disk (KB)            :       29        1   2104243
	   Memory (MB)          :      354     4000      4000
...
