000 (2325790.10083.000) 05/26 19:50:51 Job submitted from host: <137.138.44.75:9618?addrs=137.138.44.75-9618&noUDP&sock=3998_dfba_3>
...
001 (2325790.10083.000) 05/26 20:09:03 Job executing on host: <128.142.101.63:9618?addrs=128.142.101.63-9618+[--1]-9618&noUDP&sock=4134_289b_3>
...
006 (2325790.10083.000) 05/26 20:09:12 Image size of job updated: 96716
	95  -  MemoryUsage of job (MB)
	96604  -  ResidentSetSize of job (KB)
...
006 (2325790.10083.000) 05/26 20:10:45 Image size of job updated: 207872
	95  -  MemoryUsage of job (MB)
	96604  -  ResidentSetSize of job (KB)
...
005 (2325790.10083.000) 05/26 20:10:56 Job terminated.
	(1) Normal termination (return value 0)
		Usr 0 00:00:39, Sys 0 00:00:02  -  Run Remote Usage
		Usr 0 00:00:00, Sys 0 00:00:00  -  Run Local Usage
		Usr 0 00:00:39, Sys 0 00:00:02  -  Total Remote Usage
		Usr 0 00:00:00, Sys 0 00:00:00  -  Total Local Usage
	9126  -  Run Bytes Sent By Job
	436  -  Run Bytes Received By Job
	9126  -  Total Bytes Sent By Job
	436  -  Total Bytes Received By Job
	Partitionable Resources :    Usage  Request Allocated
	   Cpus                 :                 2         2
	   Disk (KB)            :       30        1   2092701
	   Memory (MB)          :       95     4000      4000
...
