000 (2325790.2808.000) 05/26 19:50:32 Job submitted from host: <137.138.44.75:9618?addrs=137.138.44.75-9618&noUDP&sock=3998_dfba_3>
...
001 (2325790.2808.000) 05/26 19:59:01 Job executing on host: <188.184.205.112:9618?addrs=188.184.205.112-9618+[2001-1458-301-7d--100-18f]-9618&noUDP&sock=19599_dcbf_3>
...
006 (2325790.2808.000) 05/26 19:59:10 Image size of job updated: 96236
	92  -  MemoryUsage of job (MB)
	93444  -  ResidentSetSize of job (KB)
...
006 (2325790.2808.000) 05/26 20:01:35 Image size of job updated: 1804196
	92  -  MemoryUsage of job (MB)
	93496  -  ResidentSetSize of job (KB)
...
005 (2325790.2808.000) 05/26 20:01:42 Job terminated.
	(1) Normal termination (return value 0)
		Usr 0 00:00:56, Sys 0 00:00:02  -  Run Remote Usage
		Usr 0 00:00:00, Sys 0 00:00:00  -  Run Local Usage
		Usr 0 00:00:56, Sys 0 00:00:02  -  Total Remote Usage
		Usr 0 00:00:00, Sys 0 00:00:00  -  Total Local Usage
	9191  -  Run Bytes Sent By Job
	436  -  Run Bytes Received By Job
	9191  -  Total Bytes Sent By Job
	436  -  Total Bytes Received By Job
	Partitionable Resources :    Usage  Request Allocated
	   Cpus                 :                 2         2
	   Disk (KB)            :       31        1   2128241
	   Memory (MB)          :       92     4000      4000
...
