000 (2325790.10172.000) 05/26 19:50:51 Job submitted from host: <137.138.44.75:9618?addrs=137.138.44.75-9618&noUDP&sock=3998_dfba_3>
...
001 (2325790.10172.000) 05/26 20:09:07 Job executing on host: <188.184.207.32:9618?addrs=188.184.207.32-9618+[2001-1458-301-7d--100-32b]-9618&noUDP&sock=19575_6679_3>
...
006 (2325790.10172.000) 05/26 20:09:16 Image size of job updated: 310840
	304  -  MemoryUsage of job (MB)
	310832  -  ResidentSetSize of job (KB)
...
006 (2325790.10172.000) 05/26 20:09:38 Image size of job updated: 310840
	304  -  MemoryUsage of job (MB)
	311088  -  ResidentSetSize of job (KB)
...
005 (2325790.10172.000) 05/26 20:09:39 Job terminated.
	(1) Normal termination (return value 0)
		Usr 0 00:00:22, Sys 0 00:00:01  -  Run Remote Usage
		Usr 0 00:00:00, Sys 0 00:00:00  -  Run Local Usage
		Usr 0 00:00:22, Sys 0 00:00:01  -  Total Remote Usage
		Usr 0 00:00:00, Sys 0 00:00:00  -  Total Local Usage
	8292  -  Run Bytes Sent By Job
	436  -  Run Bytes Received By Job
	8292  -  Total Bytes Sent By Job
	436  -  Total Bytes Received By Job
	Partitionable Resources :    Usage  Request Allocated
	   Cpus                 :                 2         2
	   Disk (KB)            :       27        1   2187108
	   Memory (MB)          :      304     4000      4000
...
