000 (2325790.7239.000) 05/26 19:50:44 Job submitted from host: <137.138.44.75:9618?addrs=137.138.44.75-9618&noUDP&sock=3998_dfba_3>
...
001 (2325790.7239.000) 05/26 20:05:35 Job executing on host: <188.184.132.213:9618?addrs=188.184.132.213-9618+[2001-1458-301-a0--100-d5]-9618&noUDP&sock=16573_472a_3>
...
006 (2325790.7239.000) 05/26 20:05:44 Image size of job updated: 288768
	280  -  MemoryUsage of job (MB)
	285976  -  ResidentSetSize of job (KB)
...
006 (2325790.7239.000) 05/26 20:06:22 Image size of job updated: 288768
	280  -  MemoryUsage of job (MB)
	286268  -  ResidentSetSize of job (KB)
...
005 (2325790.7239.000) 05/26 20:06:33 Job terminated.
	(1) Normal termination (return value 0)
		Usr 0 00:00:36, Sys 0 00:00:02  -  Run Remote Usage
		Usr 0 00:00:00, Sys 0 00:00:00  -  Run Local Usage
		Usr 0 00:00:36, Sys 0 00:00:02  -  Total Remote Usage
		Usr 0 00:00:00, Sys 0 00:00:00  -  Total Local Usage
	9194  -  Run Bytes Sent By Job
	436  -  Run Bytes Received By Job
	9194  -  Total Bytes Sent By Job
	436  -  Total Bytes Received By Job
	Partitionable Resources :    Usage  Request Allocated
	   Cpus                 :                 2         2
	   Disk (KB)            :       28        1   2120362
	   Memory (MB)          :      280     4000      4000
...
