000 (2325790.12702.000) 05/26 19:50:59 Job submitted from host: <137.138.44.75:9618?addrs=137.138.44.75-9618&noUDP&sock=3998_dfba_3>
...
001 (2325790.12702.000) 05/26 20:11:43 Job executing on host: <188.184.213.200:9618?addrs=188.184.213.200-9618+[2001-1458-301-10c--100-1c6]-9618&noUDP&sock=20368_5514_3>
...
006 (2325790.12702.000) 05/26 20:11:52 Image size of job updated: 91808
	87  -  MemoryUsage of job (MB)
	89000  -  ResidentSetSize of job (KB)
...
006 (2325790.12702.000) 05/26 20:14:33 Image size of job updated: 224588
	87  -  MemoryUsage of job (MB)
	89044  -  ResidentSetSize of job (KB)
...
005 (2325790.12702.000) 05/26 20:14:33 Job terminated.
	(1) Normal termination (return value 0)
		Usr 0 00:00:43, Sys 0 00:00:02  -  Run Remote Usage
		Usr 0 00:00:00, Sys 0 00:00:00  -  Run Local Usage
		Usr 0 00:00:43, Sys 0 00:00:02  -  Total Remote Usage
		Usr 0 00:00:00, Sys 0 00:00:00  -  Total Local Usage
	9194  -  Run Bytes Sent By Job
	436  -  Run Bytes Received By Job
	9194  -  Total Bytes Sent By Job
	436  -  Total Bytes Received By Job
	Partitionable Resources :    Usage  Request Allocated
	   Cpus                 :                 2         2
	   Disk (KB)            :       31        1   2802664
	   Memory (MB)          :       87     4000      4000
...
