000 (2325790.4818.000) 05/26 19:50:38 Job submitted from host: <137.138.44.75:9618?addrs=137.138.44.75-9618&noUDP&sock=3998_dfba_3>
...
001 (2325790.4818.000) 05/26 20:02:21 Job executing on host: <188.184.205.116:9618?addrs=188.184.205.116-9618+[2001-1458-301-7d--100-1d2]-9618&noUDP&sock=19564_daef_3>
...
006 (2325790.4818.000) 05/26 20:02:30 Image size of job updated: 139012
	134  -  MemoryUsage of job (MB)
	136204  -  ResidentSetSize of job (KB)
...
006 (2325790.4818.000) 05/26 20:05:12 Image size of job updated: 719304
	134  -  MemoryUsage of job (MB)
	136584  -  ResidentSetSize of job (KB)
...
005 (2325790.4818.000) 05/26 20:05:12 Job terminated.
	(1) Normal termination (return value 0)
		Usr 0 00:00:57, Sys 0 00:00:02  -  Run Remote Usage
		Usr 0 00:00:00, Sys 0 00:00:00  -  Run Local Usage
		Usr 0 00:00:57, Sys 0 00:00:02  -  Total Remote Usage
		Usr 0 00:00:00, Sys 0 00:00:00  -  Total Local Usage
	9192  -  Run Bytes Sent By Job
	436  -  Run Bytes Received By Job
	9192  -  Total Bytes Sent By Job
	436  -  Total Bytes Received By Job
	Partitionable Resources :    Usage  Request Allocated
	   Cpus                 :                 2         2
	   Disk (KB)            :       31        1   2196735
	   Memory (MB)          :      134     4000      4000
...
