000 (2325790.5984.000) 05/26 19:50:41 Job submitted from host: <137.138.44.75:9618?addrs=137.138.44.75-9618&noUDP&sock=3998_dfba_3>
...
001 (2325790.5984.000) 05/26 20:03:49 Job executing on host: <188.184.204.115:9618?addrs=188.184.204.115-9618+[2001-1458-301-7d--100-5e]-9618&noUDP&sock=19533_977f_3>
...
006 (2325790.5984.000) 05/26 20:03:57 Image size of job updated: 256476
	248  -  MemoryUsage of job (MB)
	253684  -  ResidentSetSize of job (KB)
...
006 (2325790.5984.000) 05/26 20:06:07 Image size of job updated: 700704
	248  -  MemoryUsage of job (MB)
	253684  -  ResidentSetSize of job (KB)
...
005 (2325790.5984.000) 05/26 20:06:12 Job terminated.
	(1) Normal termination (return value 0)
		Usr 0 00:00:56, Sys 0 00:00:02  -  Run Remote Usage
		Usr 0 00:00:00, Sys 0 00:00:00  -  Run Local Usage
		Usr 0 00:00:56, Sys 0 00:00:02  -  Total Remote Usage
		Usr 0 00:00:00, Sys 0 00:00:00  -  Total Local Usage
	9152  -  Run Bytes Sent By Job
	436  -  Run Bytes Received By Job
	9152  -  Total Bytes Sent By Job
	436  -  Total Bytes Received By Job
	Partitionable Resources :    Usage  Request Allocated
	   Cpus                 :                 2         2
	   Disk (KB)            :       30        1   2156760
	   Memory (MB)          :      248     4000      4000
...
