000 (2325790.5257.000) 05/26 19:50:39 Job submitted from host: <137.138.44.75:9618?addrs=137.138.44.75-9618&noUDP&sock=3998_dfba_3>
...
001 (2325790.5257.000) 05/26 20:03:00 Job executing on host: <188.184.142.220:9618?addrs=188.184.142.220-9618+[2001-1458-301-46--100-f1]-9618&noUDP&sock=4753_bdbb_3>
...
006 (2325790.5257.000) 05/26 20:03:08 Image size of job updated: 305860
	299  -  MemoryUsage of job (MB)
	305860  -  ResidentSetSize of job (KB)
...
006 (2325790.5257.000) 05/26 20:03:42 Image size of job updated: 612076
	299  -  MemoryUsage of job (MB)
	305868  -  ResidentSetSize of job (KB)
...
005 (2325790.5257.000) 05/26 20:03:42 Job terminated.
	(1) Normal termination (return value 0)
		Usr 0 00:00:32, Sys 0 00:00:01  -  Run Remote Usage
		Usr 0 00:00:00, Sys 0 00:00:00  -  Run Local Usage
		Usr 0 00:00:32, Sys 0 00:00:01  -  Total Remote Usage
		Usr 0 00:00:00, Sys 0 00:00:00  -  Total Local Usage
	8282  -  Run Bytes Sent By Job
	436  -  Run Bytes Received By Job
	8282  -  Total Bytes Sent By Job
	436  -  Total Bytes Received By Job
	Partitionable Resources :    Usage  Request Allocated
	   Cpus                 :                 2         2
	   Disk (KB)            :       28        1   2126724
	   Memory (MB)          :      299     4000      4000
...
