000 (2325790.2346.000) 05/26 19:50:31 Job submitted from host: <137.138.44.75:9618?addrs=137.138.44.75-9618&noUDP&sock=3998_dfba_3>
...
001 (2325790.2346.000) 05/26 19:58:38 Job executing on host: <188.184.206.237:9618?addrs=188.184.206.237-9618+[2001-1458-301-7d--100-2fa]-9618&noUDP&sock=19527_79ee_3>
...
006 (2325790.2346.000) 05/26 19:58:46 Image size of job updated: 248124
	240  -  MemoryUsage of job (MB)
	245384  -  ResidentSetSize of job (KB)
...
006 (2325790.2346.000) 05/26 20:01:17 Image size of job updated: 728352
	240  -  MemoryUsage of job (MB)
	245480  -  ResidentSetSize of job (KB)
...
005 (2325790.2346.000) 05/26 20:01:23 Job terminated.
	(1) Normal termination (return value 0)
		Usr 0 00:00:59, Sys 0 00:00:02  -  Run Remote Usage
		Usr 0 00:00:00, Sys 0 00:00:00  -  Run Local Usage
		Usr 0 00:00:59, Sys 0 00:00:02  -  Total Remote Usage
		Usr 0 00:00:00, Sys 0 00:00:00  -  Total Local Usage
	9194  -  Run Bytes Sent By Job
	436  -  Run Bytes Received By Job
	9194  -  Total Bytes Sent By Job
	436  -  Total Bytes Received By Job
	Partitionable Resources :    Usage  Request Allocated
	   Cpus                 :                 2         2
	   Disk (KB)            :       31        1   2139648
	   Memory (MB)          :      240     4000      4000
...
