000 (2325790.10807.000) 05/26 19:50:53 Job submitted from host: <137.138.44.75:9618?addrs=137.138.44.75-9618&noUDP&sock=3998_dfba_3>
...
001 (2325790.10807.000) 05/26 20:09:39 Job executing on host: <188.184.204.79:9618?addrs=188.184.204.79-9618+[2001-1458-301-7d--100-46]-9618&noUDP&sock=19636_3dc0_3>
...
006 (2325790.10807.000) 05/26 20:09:47 Image size of job updated: 267704
	259  -  MemoryUsage of job (MB)
	265052  -  ResidentSetSize of job (KB)
...
006 (2325790.10807.000) 05/26 20:11:35 Image size of job updated: 1357488
	259  -  MemoryUsage of job (MB)
	265052  -  ResidentSetSize of job (KB)
...
005 (2325790.10807.000) 05/26 20:11:38 Job terminated.
	(1) Normal termination (return value 0)
		Usr 0 00:00:41, Sys 0 00:00:02  -  Run Remote Usage
		Usr 0 00:00:00, Sys 0 00:00:00  -  Run Local Usage
		Usr 0 00:00:41, Sys 0 00:00:02  -  Total Remote Usage
		Usr 0 00:00:00, Sys 0 00:00:00  -  Total Local Usage
	9197  -  Run Bytes Sent By Job
	436  -  Run Bytes Received By Job
	9197  -  Total Bytes Sent By Job
	436  -  Total Bytes Received By Job
	Partitionable Resources :    Usage  Request Allocated
	   Cpus                 :                 2         2
	   Disk (KB)            :       30        1   2137939
	   Memory (MB)          :      259     4000      4000
...
