000 (2325790.12929.000) 05/26 19:51:00 Job submitted from host: <137.138.44.75:9618?addrs=137.138.44.75-9618&noUDP&sock=3998_dfba_3>
...
001 (2325790.12929.000) 05/26 20:12:07 Job executing on host: <188.184.205.206:9618?addrs=188.184.205.206-9618+[2001-1458-301-7d--100-319]-9618&noUDP&sock=19563_2b56_3>
...
006 (2325790.12929.000) 05/26 20:12:16 Image size of job updated: 253692
	246  -  MemoryUsage of job (MB)
	250900  -  ResidentSetSize of job (KB)
...
006 (2325790.12929.000) 05/26 20:13:51 Image size of job updated: 265964
	246  -  MemoryUsage of job (MB)
	250900  -  ResidentSetSize of job (KB)
...
005 (2325790.12929.000) 05/26 20:13:54 Job terminated.
	(1) Normal termination (return value 0)
		Usr 0 00:00:45, Sys 0 00:00:02  -  Run Remote Usage
		Usr 0 00:00:00, Sys 0 00:00:00  -  Run Local Usage
		Usr 0 00:00:45, Sys 0 00:00:02  -  Total Remote Usage
		Usr 0 00:00:00, Sys 0 00:00:00  -  Total Local Usage
	9200  -  Run Bytes Sent By Job
	436  -  Run Bytes Received By Job
	9200  -  Total Bytes Sent By Job
	436  -  Total Bytes Received By Job
	Partitionable Resources :    Usage  Request Allocated
	   Cpus                 :                 2         2
	   Disk (KB)            :       30        1   2210406
	   Memory (MB)          :      246     4000      4000
...
