000 (2325790.7774.000) 05/26 19:50:45 Job submitted from host: <137.138.44.75:9618?addrs=137.138.44.75-9618&noUDP&sock=3998_dfba_3>
...
001 (2325790.7774.000) 05/26 20:06:34 Job executing on host: <188.184.205.15:9618?addrs=188.184.205.15-9618+[2001-1458-301-7d--100-10f]-9618&noUDP&sock=19621_f3d5_3>
...
006 (2325790.7774.000) 05/26 20:06:43 Image size of job updated: 97816
	93  -  MemoryUsage of job (MB)
	95008  -  ResidentSetSize of job (KB)
...
005 (2325790.7774.000) 05/26 20:08:38 Job terminated.
	(1) Normal termination (return value 0)
		Usr 0 00:00:44, Sys 0 00:00:02  -  Run Remote Usage
		Usr 0 00:00:00, Sys 0 00:00:00  -  Run Local Usage
		Usr 0 00:00:44, Sys 0 00:00:02  -  Total Remote Usage
		Usr 0 00:00:00, Sys 0 00:00:00  -  Total Local Usage
	9195  -  Run Bytes Sent By Job
	436  -  Run Bytes Received By Job
	9195  -  Total Bytes Sent By Job
	436  -  Total Bytes Received By Job
	Partitionable Resources :    Usage  Request Allocated
	   Cpus                 :                 2         2
	   Disk (KB)            :       30        1   2101697
	   Memory (MB)          :       93     4000      4000
...
