000 (2325790.4938.000) 05/26 19:50:38 Job submitted from host: <137.138.44.75:9618?addrs=137.138.44.75-9618&noUDP&sock=3998_dfba_3>
...
001 (2325790.4938.000) 05/26 20:02:33 Job executing on host: <137.138.51.132:9618?addrs=137.138.51.132-9618+[2001-1458-d00-25--95]-9618&noUDP&sock=4681_5ae9_3>
...
006 (2325790.4938.000) 05/26 20:02:42 Image size of job updated: 278036
	269  -  MemoryUsage of job (MB)
	275228  -  ResidentSetSize of job (KB)
...
006 (2325790.4938.000) 05/26 20:04:48 Image size of job updated: 734692
	269  -  MemoryUsage of job (MB)
	275260  -  ResidentSetSize of job (KB)
...
005 (2325790.4938.000) 05/26 20:04:48 Job terminated.
	(1) Normal termination (return value 0)
		Usr 0 00:00:54, Sys 0 00:00:02  -  Run Remote Usage
		Usr 0 00:00:00, Sys 0 00:00:00  -  Run Local Usage
		Usr 0 00:00:54, Sys 0 00:00:02  -  Total Remote Usage
		Usr 0 00:00:00, Sys 0 00:00:00  -  Total Local Usage
	9151  -  Run Bytes Sent By Job
	436  -  Run Bytes Received By Job
	9151  -  Total Bytes Sent By Job
	436  -  Total Bytes Received By Job
	Partitionable Resources :    Usage  Request Allocated
	   Cpus                 :                 2         2
	   Disk (KB)            :       30        1   1803429
	   Memory (MB)          :      269     4000      4000
...
