000 (2325790.5529.000) 05/26 19:50:40 Job submitted from host: <137.138.44.75:9618?addrs=137.138.44.75-9618&noUDP&sock=3998_dfba_3>
...
001 (2325790.5529.000) 05/26 20:03:20 Job executing on host: <188.184.213.129:9618?addrs=188.184.213.129-9618+[2001-1458-301-10c--100-1be]-9618&noUDP&sock=20237_7a2c_3>
...
006 (2325790.5529.000) 05/26 20:03:28 Image size of job updated: 94284
	92  -  MemoryUsage of job (MB)
	93796  -  ResidentSetSize of job (KB)
...
006 (2325790.5529.000) 05/26 20:05:09 Image size of job updated: 615424
	92  -  MemoryUsage of job (MB)
	93892  -  ResidentSetSize of job (KB)
...
005 (2325790.5529.000) 05/26 20:05:09 Job terminated.
	(1) Normal termination (return value 0)
		Usr 0 00:00:51, Sys 0 00:00:02  -  Run Remote Usage
		Usr 0 00:00:00, Sys 0 00:00:00  -  Run Local Usage
		Usr 0 00:00:51, Sys 0 00:00:02  -  Total Remote Usage
		Usr 0 00:00:00, Sys 0 00:00:00  -  Total Local Usage
	9191  -  Run Bytes Sent By Job
	436  -  Run Bytes Received By Job
	9191  -  Total Bytes Sent By Job
	436  -  Total Bytes Received By Job
	Partitionable Resources :    Usage  Request Allocated
	   Cpus                 :                 2         2
	   Disk (KB)            :       30        1   3049990
	   Memory (MB)          :       92     4000      4000
...
