000 (2325790.2790.000) 05/26 19:50:32 Job submitted from host: <137.138.44.75:9618?addrs=137.138.44.75-9618&noUDP&sock=3998_dfba_3>
...
001 (2325790.2790.000) 05/26 19:59:01 Job executing on host: <188.184.204.62:9618?addrs=188.184.204.62-9618+[2001-1458-301-7d--100-35]-9618&noUDP&sock=19714_be23_3>
...
006 (2325790.2790.000) 05/26 19:59:09 Image size of job updated: 103600
	99  -  MemoryUsage of job (MB)
	100944  -  ResidentSetSize of job (KB)
...
006 (2325790.2790.000) 05/26 20:02:05 Image size of job updated: 639184
	99  -  MemoryUsage of job (MB)
	100944  -  ResidentSetSize of job (KB)
...
005 (2325790.2790.000) 05/26 20:02:08 Job terminated.
	(1) Normal termination (return value 0)
		Usr 0 00:00:57, Sys 0 00:00:02  -  Run Remote Usage
		Usr 0 00:00:00, Sys 0 00:00:00  -  Run Local Usage
		Usr 0 00:00:57, Sys 0 00:00:02  -  Total Remote Usage
		Usr 0 00:00:00, Sys 0 00:00:00  -  Total Local Usage
	9193  -  Run Bytes Sent By Job
	436  -  Run Bytes Received By Job
	9193  -  Total Bytes Sent By Job
	436  -  Total Bytes Received By Job
	Partitionable Resources :    Usage  Request Allocated
	   Cpus                 :                 2         2
	   Disk (KB)            :       32        1   2112181
	   Memory (MB)          :       99     4000      4000
...
