000 (2325790.5970.000) 05/26 19:50:41 Job submitted from host: <137.138.44.75:9618?addrs=137.138.44.75-9618&noUDP&sock=3998_dfba_3>
...
001 (2325790.5970.000) 05/26 20:03:48 Job executing on host: <188.184.205.74:9618?addrs=188.184.205.74-9618+[2001-1458-301-7d--100-144]-9618&noUDP&sock=19591_5ffd_3>
...
006 (2325790.5970.000) 05/26 20:03:57 Image size of job updated: 267676
	259  -  MemoryUsage of job (MB)
	265052  -  ResidentSetSize of job (KB)
...
006 (2325790.5970.000) 05/26 20:06:09 Image size of job updated: 1917484
	259  -  MemoryUsage of job (MB)
	265052  -  ResidentSetSize of job (KB)
...
005 (2325790.5970.000) 05/26 20:06:18 Job terminated.
	(1) Normal termination (return value 0)
		Usr 0 00:00:59, Sys 0 00:00:03  -  Run Remote Usage
		Usr 0 00:00:00, Sys 0 00:00:00  -  Run Local Usage
		Usr 0 00:00:59, Sys 0 00:00:03  -  Total Remote Usage
		Usr 0 00:00:00, Sys 0 00:00:00  -  Total Local Usage
	9152  -  Run Bytes Sent By Job
	436  -  Run Bytes Received By Job
	9152  -  Total Bytes Sent By Job
	436  -  Total Bytes Received By Job
	Partitionable Resources :    Usage  Request Allocated
	   Cpus                 :                 2         2
	   Disk (KB)            :       31        1   2098424
	   Memory (MB)          :      259     4000      4000
...
