000 (2325790.4461.000) 05/26 19:50:37 Job submitted from host: <137.138.44.75:9618?addrs=137.138.44.75-9618&noUDP&sock=3998_dfba_3>
...
001 (2325790.4461.000) 05/26 20:02:04 Job executing on host: <188.184.207.81:9618?addrs=188.184.207.81-9618+[2001-1458-301-7d--100-331]-9618&noUDP&sock=4685_194a_3>
...
006 (2325790.4461.000) 05/26 20:02:12 Image size of job updated: 93352
	89  -  MemoryUsage of job (MB)
	90724  -  ResidentSetSize of job (KB)
...
006 (2325790.4461.000) 05/26 20:04:00 Image size of job updated: 715480
	89  -  MemoryUsage of job (MB)
	90840  -  ResidentSetSize of job (KB)
...
005 (2325790.4461.000) 05/26 20:04:00 Job terminated.
	(1) Normal termination (return value 0)
		Usr 0 00:00:50, Sys 0 00:00:02  -  Run Remote Usage
		Usr 0 00:00:00, Sys 0 00:00:00  -  Run Local Usage
		Usr 0 00:00:50, Sys 0 00:00:02  -  Total Remote Usage
		Usr 0 00:00:00, Sys 0 00:00:00  -  Total Local Usage
	9192  -  Run Bytes Sent By Job
	436  -  Run Bytes Received By Job
	9192  -  Total Bytes Sent By Job
	436  -  Total Bytes Received By Job
	Partitionable Resources :    Usage  Request Allocated
	   Cpus                 :                 2         2
	   Disk (KB)            :       30        1   2102642
	   Memory (MB)          :       89     4000      4000
...
