000 (2325790.1782.000) 05/26 19:50:30 Job submitted from host: <137.138.44.75:9618?addrs=137.138.44.75-9618&noUDP&sock=3998_dfba_3>
...
001 (2325790.1782.000) 05/26 19:56:59 Job executing on host: <188.184.204.180:9618?addrs=188.184.204.180-9618+[2001-1458-301-7d--100-8c]-9618&noUDP&sock=19616_85db_3>
...
006 (2325790.1782.000) 05/26 19:57:07 Image size of job updated: 91012
	87  -  MemoryUsage of job (MB)
	88220  -  ResidentSetSize of job (KB)
...
006 (2325790.1782.000) 05/26 19:59:31 Image size of job updated: 741656
	87  -  MemoryUsage of job (MB)
	88220  -  ResidentSetSize of job (KB)
...
005 (2325790.1782.000) 05/26 19:59:31 Job terminated.
	(1) Normal termination (return value 0)
		Usr 0 00:00:58, Sys 0 00:00:03  -  Run Remote Usage
		Usr 0 00:00:00, Sys 0 00:00:00  -  Run Local Usage
		Usr 0 00:00:58, Sys 0 00:00:03  -  Total Remote Usage
		Usr 0 00:00:00, Sys 0 00:00:00  -  Total Local Usage
	9191  -  Run Bytes Sent By Job
	436  -  Run Bytes Received By Job
	9191  -  Total Bytes Sent By Job
	436  -  Total Bytes Received By Job
	Partitionable Resources :    Usage  Request Allocated
	   Cpus                 :                 2         2
	   Disk (KB)            :       31        1   2150808
	   Memory (MB)          :       87     4000      4000
...
