000 (2325790.3088.000) 05/26 19:50:33 Job submitted from host: <137.138.44.75:9618?addrs=137.138.44.75-9618&noUDP&sock=3998_dfba_3>
...
001 (2325790.3088.000) 05/26 19:59:26 Job executing on host: <188.184.206.240:9618?addrs=188.184.206.240-9618+[2001-1458-301-7d--100-302]-9618&noUDP&sock=19630_202f_3>
...
006 (2325790.3088.000) 05/26 19:59:34 Image size of job updated: 264340
	256  -  MemoryUsage of job (MB)
	261532  -  ResidentSetSize of job (KB)
...
006 (2325790.3088.000) 05/26 20:01:00 Image size of job updated: 1874084
	256  -  MemoryUsage of job (MB)
	261884  -  ResidentSetSize of job (KB)
...
005 (2325790.3088.000) 05/26 20:01:05 Job terminated.
	(1) Normal termination (return value 0)
		Usr 0 00:00:55, Sys 0 00:00:02  -  Run Remote Usage
		Usr 0 00:00:00, Sys 0 00:00:00  -  Run Local Usage
		Usr 0 00:00:55, Sys 0 00:00:02  -  Total Remote Usage
		Usr 0 00:00:00, Sys 0 00:00:00  -  Total Local Usage
	9154  -  Run Bytes Sent By Job
	436  -  Run Bytes Received By Job
	9154  -  Total Bytes Sent By Job
	436  -  Total Bytes Received By Job
	Partitionable Resources :    Usage  Request Allocated
	   Cpus                 :                 2         2
	   Disk (KB)            :       30        1   2175275
	   Memory (MB)          :      256     4000      4000
...
