000 (2325790.13388.000) 05/26 19:51:01 Job submitted from host: <137.138.44.75:9618?addrs=137.138.44.75-9618&noUDP&sock=3998_dfba_3>
...
001 (2325790.13388.000) 05/26 20:12:54 Job executing on host: <188.184.206.72:9618?addrs=188.184.206.72-9618+[2001-1458-301-7d--100-230]-9618&noUDP&sock=19535_f6b0_3>
...
006 (2325790.13388.000) 05/26 20:13:03 Image size of job updated: 101852
	97  -  MemoryUsage of job (MB)
	99060  -  ResidentSetSize of job (KB)
...
006 (2325790.13388.000) 05/26 20:15:57 Image size of job updated: 243156
	97  -  MemoryUsage of job (MB)
	99060  -  ResidentSetSize of job (KB)
...
005 (2325790.13388.000) 05/26 20:15:57 Job terminated.
	(1) Normal termination (return value 0)
		Usr 0 00:00:44, Sys 0 00:00:02  -  Run Remote Usage
		Usr 0 00:00:00, Sys 0 00:00:00  -  Run Local Usage
		Usr 0 00:00:44, Sys 0 00:00:02  -  Total Remote Usage
		Usr 0 00:00:00, Sys 0 00:00:00  -  Total Local Usage
	9200  -  Run Bytes Sent By Job
	436  -  Run Bytes Received By Job
	9200  -  Total Bytes Sent By Job
	436  -  Total Bytes Received By Job
	Partitionable Resources :    Usage  Request Allocated
	   Cpus                 :                 2         2
	   Disk (KB)            :       32        1   2143003
	   Memory (MB)          :       97     4000      4000
...
