000 (2325790.3421.000) 05/26 19:50:34 Job submitted from host: <137.138.44.75:9618?addrs=137.138.44.75-9618&noUDP&sock=3998_dfba_3>
...
001 (2325790.3421.000) 05/26 20:00:05 Job executing on host: <188.184.205.188:9618?addrs=188.184.205.188-9618+[2001-1458-301-7d--100-1af]-9618&noUDP&sock=19692_a70e_3>
...
006 (2325790.3421.000) 05/26 20:00:14 Image size of job updated: 268536
	260  -  MemoryUsage of job (MB)
	265744  -  ResidentSetSize of job (KB)
...
006 (2325790.3421.000) 05/26 20:00:53 Image size of job updated: 645084
	260  -  MemoryUsage of job (MB)
	265744  -  ResidentSetSize of job (KB)
...
005 (2325790.3421.000) 05/26 20:01:00 Job terminated.
	(1) Normal termination (return value 0)
		Usr 0 00:00:35, Sys 0 00:00:01  -  Run Remote Usage
		Usr 0 00:00:00, Sys 0 00:00:00  -  Run Local Usage
		Usr 0 00:00:35, Sys 0 00:00:01  -  Total Remote Usage
		Usr 0 00:00:00, Sys 0 00:00:00  -  Total Local Usage
	8285  -  Run Bytes Sent By Job
	436  -  Run Bytes Received By Job
	8285  -  Total Bytes Sent By Job
	436  -  Total Bytes Received By Job
	Partitionable Resources :    Usage  Request Allocated
	   Cpus                 :                 2         2
	   Disk (KB)            :       28        1   2151832
	   Memory (MB)          :      260     4000      4000
...
