000 (2325790.1789.000) 05/26 19:50:30 Job submitted from host: <137.138.44.75:9618?addrs=137.138.44.75-9618&noUDP&sock=3998_dfba_3>
...
001 (2325790.1789.000) 05/26 19:56:59 Job executing on host: <188.184.206.89:9618?addrs=188.184.206.89-9618+[2001-1458-301-7d--100-25a]-9618&noUDP&sock=19534_4717_3>
...
006 (2325790.1789.000) 05/26 19:57:08 Image size of job updated: 93084
	89  -  MemoryUsage of job (MB)
	90344  -  ResidentSetSize of job (KB)
...
006 (2325790.1789.000) 05/26 19:59:56 Image size of job updated: 750400
	89  -  MemoryUsage of job (MB)
	90344  -  ResidentSetSize of job (KB)
...
005 (2325790.1789.000) 05/26 19:59:56 Job terminated.
	(1) Normal termination (return value 0)
		Usr 0 00:00:57, Sys 0 00:00:02  -  Run Remote Usage
		Usr 0 00:00:00, Sys 0 00:00:00  -  Run Local Usage
		Usr 0 00:00:57, Sys 0 00:00:02  -  Total Remote Usage
		Usr 0 00:00:00, Sys 0 00:00:00  -  Total Local Usage
	9192  -  Run Bytes Sent By Job
	436  -  Run Bytes Received By Job
	9192  -  Total Bytes Sent By Job
	436  -  Total Bytes Received By Job
	Partitionable Resources :    Usage  Request Allocated
	   Cpus                 :                 2         2
	   Disk (KB)            :       31        1   2176937
	   Memory (MB)          :       89     4000      4000
...
