000 (2325790.7218.000) 05/26 19:50:44 Job submitted from host: <137.138.44.75:9618?addrs=137.138.44.75-9618&noUDP&sock=3998_dfba_3>
...
001 (2325790.7218.000) 05/26 20:05:34 Job executing on host: <128.142.97.2:9618?addrs=128.142.97.2-9618+[2001-1458-301-87--100-f9]-9618&noUDP&sock=17223_1fb9_3>
...
006 (2325790.7218.000) 05/26 20:05:43 Image size of job updated: 89740
	85  -  MemoryUsage of job (MB)
	86932  -  ResidentSetSize of job (KB)
...
006 (2325790.7218.000) 05/26 20:08:25 Image size of job updated: 187716
	86  -  MemoryUsage of job (MB)
	87616  -  ResidentSetSize of job (KB)
...
005 (2325790.7218.000) 05/26 20:08:25 Job terminated.
	(1) Normal termination (return value 0)
		Usr 0 00:00:45, Sys 0 00:00:02  -  Run Remote Usage
		Usr 0 00:00:00, Sys 0 00:00:00  -  Run Local Usage
		Usr 0 00:00:45, Sys 0 00:00:02  -  Total Remote Usage
		Usr 0 00:00:00, Sys 0 00:00:00  -  Total Local Usage
	9204  -  Run Bytes Sent By Job
	436  -  Run Bytes Received By Job
	9204  -  Total Bytes Sent By Job
	436  -  Total Bytes Received By Job
	Partitionable Resources :    Usage  Request Allocated
	   Cpus                 :                 2         2
	   Disk (KB)            :       31        1   4175042
	   Memory (MB)          :       86     4000      4000
...
