000 (2325790.1159.000) 05/26 19:50:28 Job submitted from host: <137.138.44.75:9618?addrs=137.138.44.75-9618&noUDP&sock=3998_dfba_3>
...
001 (2325790.1159.000) 05/26 19:59:32 Job executing on host: <188.184.204.252:9618?addrs=188.184.204.252-9618+[2001-1458-301-7d--100-f4]-9618&noUDP&sock=19555_ae95_3>
...
006 (2325790.1159.000) 05/26 19:59:40 Image size of job updated: 290804
	284  -  MemoryUsage of job (MB)
	290788  -  ResidentSetSize of job (KB)
...
006 (2325790.1159.000) 05/26 20:00:26 Image size of job updated: 1831636
	285  -  MemoryUsage of job (MB)
	291048  -  ResidentSetSize of job (KB)
...
005 (2325790.1159.000) 05/26 20:00:34 Job terminated.
	(1) Normal termination (return value 0)
		Usr 0 00:00:47, Sys 0 00:00:02  -  Run Remote Usage
		Usr 0 00:00:00, Sys 0 00:00:00  -  Run Local Usage
		Usr 0 00:00:47, Sys 0 00:00:02  -  Total Remote Usage
		Usr 0 00:00:00, Sys 0 00:00:00  -  Total Local Usage
	9153  -  Run Bytes Sent By Job
	436  -  Run Bytes Received By Job
	9153  -  Total Bytes Sent By Job
	436  -  Total Bytes Received By Job
	Partitionable Resources :    Usage  Request Allocated
	   Cpus                 :                 2         2
	   Disk (KB)            :       29        1   2218551
	   Memory (MB)          :      285     4000      4000
...
