000 (2325790.665.000) 05/26 19:50:27 Job submitted from host: <137.138.44.75:9618?addrs=137.138.44.75-9618&noUDP&sock=3998_dfba_3>
...
001 (2325790.665.000) 05/26 19:56:44 Job executing on host: <188.184.205.114:9618?addrs=188.184.205.114-9618+[2001-1458-301-7d--100-162]-9618&noUDP&sock=19499_4547_3>
...
006 (2325790.665.000) 05/26 19:56:53 Image size of job updated: 231152
	201  -  MemoryUsage of job (MB)
	205492  -  ResidentSetSize of job (KB)
...
006 (2325790.665.000) 05/26 19:57:54 Image size of job updated: 759768
	201  -  MemoryUsage of job (MB)
	205672  -  ResidentSetSize of job (KB)
...
005 (2325790.665.000) 05/26 19:57:54 Job terminated.
	(1) Normal termination (return value 0)
		Usr 0 00:00:51, Sys 0 00:00:02  -  Run Remote Usage
		Usr 0 00:00:00, Sys 0 00:00:00  -  Run Local Usage
		Usr 0 00:00:51, Sys 0 00:00:02  -  Total Remote Usage
		Usr 0 00:00:00, Sys 0 00:00:00  -  Total Local Usage
	9189  -  Run Bytes Sent By Job
	436  -  Run Bytes Received By Job
	9189  -  Total Bytes Sent By Job
	436  -  Total Bytes Received By Job
	Partitionable Resources :    Usage  Request Allocated
	   Cpus                 :                 2         2
	   Disk (KB)            :       29        1   2207481
	   Memory (MB)          :      201     4000      4000
...
