000 (2325790.4149.000) 05/26 19:50:37 Job submitted from host: <137.138.44.75:9618?addrs=137.138.44.75-9618&noUDP&sock=3998_dfba_3>
...
001 (2325790.4149.000) 05/26 20:01:23 Job executing on host: <188.184.204.108:9618?addrs=188.184.204.108-9618+[2001-1458-301-7d--100-4f]-9618&noUDP&sock=19700_23d0_3>
...
006 (2325790.4149.000) 05/26 20:01:32 Image size of job updated: 292976
	284  -  MemoryUsage of job (MB)
	290184  -  ResidentSetSize of job (KB)
...
006 (2325790.4149.000) 05/26 20:02:14 Image size of job updated: 1190312
	286  -  MemoryUsage of job (MB)
	291988  -  ResidentSetSize of job (KB)
...
005 (2325790.4149.000) 05/26 20:02:14 Job terminated.
	(1) Normal termination (return value 0)
		Usr 0 00:00:37, Sys 0 00:00:02  -  Run Remote Usage
		Usr 0 00:00:00, Sys 0 00:00:00  -  Run Local Usage
		Usr 0 00:00:37, Sys 0 00:00:02  -  Total Remote Usage
		Usr 0 00:00:00, Sys 0 00:00:00  -  Total Local Usage
	8286  -  Run Bytes Sent By Job
	436  -  Run Bytes Received By Job
	8286  -  Total Bytes Sent By Job
	436  -  Total Bytes Received By Job
	Partitionable Resources :    Usage  Request Allocated
	   Cpus                 :                 2         2
	   Disk (KB)            :       28        1   2211650
	   Memory (MB)          :      286     4000      4000
...
