000 (2325790.8567.000) 05/26 19:50:47 Job submitted from host: <137.138.44.75:9618?addrs=137.138.44.75-9618&noUDP&sock=3998_dfba_3>
...
001 (2325790.8567.000) 05/26 20:07:16 Job executing on host: <128.142.240.190:9618?addrs=128.142.240.190-9618+[2001-1458-301-9--100-45]-9618&noUDP&sock=28572_980d_3>
...
006 (2325790.8567.000) 05/26 20:07:26 Image size of job updated: 95272
	93  -  MemoryUsage of job (MB)
	95196  -  ResidentSetSize of job (KB)
...
006 (2325790.8567.000) 05/26 20:09:30 Image size of job updated: 1344684
	93  -  MemoryUsage of job (MB)
	95204  -  ResidentSetSize of job (KB)
...
005 (2325790.8567.000) 05/26 20:09:30 Job terminated.
	(1) Normal termination (return value 0)
		Usr 0 00:00:39, Sys 0 00:00:02  -  Run Remote Usage
		Usr 0 00:00:00, Sys 0 00:00:00  -  Run Local Usage
		Usr 0 00:00:39, Sys 0 00:00:02  -  Total Remote Usage
		Usr 0 00:00:00, Sys 0 00:00:00  -  Total Local Usage
	9187  -  Run Bytes Sent By Job
	436  -  Run Bytes Received By Job
	9187  -  Total Bytes Sent By Job
	436  -  Total Bytes Received By Job
	Partitionable Resources :    Usage  Request Allocated
	   Cpus                 :                 2         2
	   Disk (KB)            :       30        1   3003313
	   Memory (MB)          :       93     4000      4000
...
