000 (2325790.4866.000) 05/26 19:50:38 Job submitted from host: <137.138.44.75:9618?addrs=137.138.44.75-9618&noUDP&sock=3998_dfba_3>
...
001 (2325790.4866.000) 05/26 20:02:25 Job executing on host: <188.184.207.84:9618?addrs=188.184.207.84-9618+[2001-1458-301-7d--100-332]-9618&noUDP&sock=19595_1e5e_3>
...
006 (2325790.4866.000) 05/26 20:02:34 Image size of job updated: 302624
	293  -  MemoryUsage of job (MB)
	299884  -  ResidentSetSize of job (KB)
...
006 (2325790.4866.000) 05/26 20:03:29 Image size of job updated: 683028
	295  -  MemoryUsage of job (MB)
	301204  -  ResidentSetSize of job (KB)
...
005 (2325790.4866.000) 05/26 20:03:30 Job terminated.
	(1) Normal termination (return value 0)
		Usr 0 00:00:48, Sys 0 00:00:02  -  Run Remote Usage
		Usr 0 00:00:00, Sys 0 00:00:00  -  Run Local Usage
		Usr 0 00:00:48, Sys 0 00:00:02  -  Total Remote Usage
		Usr 0 00:00:00, Sys 0 00:00:00  -  Total Local Usage
	9192  -  Run Bytes Sent By Job
	436  -  Run Bytes Received By Job
	9192  -  Total Bytes Sent By Job
	436  -  Total Bytes Received By Job
	Partitionable Resources :    Usage  Request Allocated
	   Cpus                 :                 2         2
	   Disk (KB)            :       29        1   2164158
	   Memory (MB)          :      295     4000      4000
...
