000 (2325790.6785.000) 05/26 19:50:43 Job submitted from host: <137.138.44.75:9618?addrs=137.138.44.75-9618&noUDP&sock=3998_dfba_3>
...
001 (2325790.6785.000) 05/26 20:05:00 Job executing on host: <188.184.206.227:9618?addrs=188.184.206.227-9618+[2001-1458-301-7d--100-314]-9618&noUDP&sock=19528_2986_3>
...
006 (2325790.6785.000) 05/26 20:05:09 Image size of job updated: 279316
	273  -  MemoryUsage of job (MB)
	279224  -  ResidentSetSize of job (KB)
...
006 (2325790.6785.000) 05/26 20:07:05 Image size of job updated: 1944264
	273  -  MemoryUsage of job (MB)
	279224  -  ResidentSetSize of job (KB)
...
005 (2325790.6785.000) 05/26 20:07:05 Job terminated.
	(1) Normal termination (return value 0)
		Usr 0 00:01:00, Sys 0 00:00:03  -  Run Remote Usage
		Usr 0 00:00:00, Sys 0 00:00:00  -  Run Local Usage
		Usr 0 00:01:00, Sys 0 00:00:03  -  Total Remote Usage
		Usr 0 00:00:00, Sys 0 00:00:00  -  Total Local Usage
	9187  -  Run Bytes Sent By Job
	436  -  Run Bytes Received By Job
	9187  -  Total Bytes Sent By Job
	436  -  Total Bytes Received By Job
	Partitionable Resources :    Usage  Request Allocated
	   Cpus                 :                 2         2
	   Disk (KB)            :       30        1   2219388
	   Memory (MB)          :      273     4000      4000
...
