000 (2325790.11976.000) 05/26 19:50:57 Job submitted from host: <137.138.44.75:9618?addrs=137.138.44.75-9618&noUDP&sock=3998_dfba_3>
...
001 (2325790.11976.000) 05/26 20:11:04 Job executing on host: <188.184.186.168:9618?addrs=188.184.186.168-9618+[2001-1458-301-f8--100-40]-9618&noUDP&sock=16606_e9ca_3>
...
006 (2325790.11976.000) 05/26 20:11:13 Image size of job updated: 93380
	92  -  MemoryUsage of job (MB)
	93380  -  ResidentSetSize of job (KB)
...
006 (2325790.11976.000) 05/26 20:12:44 Image size of job updated: 127764
	92  -  MemoryUsage of job (MB)
	93420  -  ResidentSetSize of job (KB)
...
005 (2325790.11976.000) 05/26 20:12:55 Job terminated.
	(1) Normal termination (return value 0)
		Usr 0 00:00:37, Sys 0 00:00:01  -  Run Remote Usage
		Usr 0 00:00:00, Sys 0 00:00:00  -  Run Local Usage
		Usr 0 00:00:37, Sys 0 00:00:01  -  Total Remote Usage
		Usr 0 00:00:00, Sys 0 00:00:00  -  Total Local Usage
	9198  -  Run Bytes Sent By Job
	436  -  Run Bytes Received By Job
	9198  -  Total Bytes Sent By Job
	436  -  Total Bytes Received By Job
	Partitionable Resources :    Usage  Request Allocated
	   Cpus                 :                 2         2
	   Disk (KB)            :       30        1   2186705
	   Memory (MB)          :       92     4000      4000
...
