000 (2325790.3197.000) 05/26 19:50:34 Job submitted from host: <137.138.44.75:9618?addrs=137.138.44.75-9618&noUDP&sock=3998_dfba_3>
...
001 (2325790.3197.000) 05/26 19:59:36 Job executing on host: <188.184.204.224:9618?addrs=188.184.204.224-9618+[2001-1458-301-7d--100-d9]-9618&noUDP&sock=22536_6667_3>
...
006 (2325790.3197.000) 05/26 19:59:44 Image size of job updated: 93872
	90  -  MemoryUsage of job (MB)
	91216  -  ResidentSetSize of job (KB)
...
006 (2325790.3197.000) 05/26 20:03:11 Image size of job updated: 719772
	90  -  MemoryUsage of job (MB)
	91428  -  ResidentSetSize of job (KB)
...
005 (2325790.3197.000) 05/26 20:03:11 Job terminated.
	(1) Normal termination (return value 0)
		Usr 0 00:00:58, Sys 0 00:00:03  -  Run Remote Usage
		Usr 0 00:00:00, Sys 0 00:00:00  -  Run Local Usage
		Usr 0 00:00:58, Sys 0 00:00:03  -  Total Remote Usage
		Usr 0 00:00:00, Sys 0 00:00:00  -  Total Local Usage
	9192  -  Run Bytes Sent By Job
	436  -  Run Bytes Received By Job
	9192  -  Total Bytes Sent By Job
	436  -  Total Bytes Received By Job
	Partitionable Resources :    Usage  Request Allocated
	   Cpus                 :                 2         2
	   Disk (KB)            :       32        1   2142330
	   Memory (MB)          :       90     4000      4000
...
