000 (2325790.6106.000) 05/26 19:50:41 Job submitted from host: <137.138.44.75:9618?addrs=137.138.44.75-9618&noUDP&sock=3998_dfba_3>
...
001 (2325790.6106.000) 05/26 20:04:02 Job executing on host: <188.184.204.74:9618?addrs=188.184.204.74-9618+[2001-1458-301-7d--100-56]-9618&noUDP&sock=19559_6cf5_3>
...
006 (2325790.6106.000) 05/26 20:04:11 Image size of job updated: 95652
	91  -  MemoryUsage of job (MB)
	92912  -  ResidentSetSize of job (KB)
...
006 (2325790.6106.000) 05/26 20:07:18 Image size of job updated: 1967396
	91  -  MemoryUsage of job (MB)
	92912  -  ResidentSetSize of job (KB)
...
005 (2325790.6106.000) 05/26 20:07:20 Job terminated.
	(1) Normal termination (return value 0)
		Usr 0 00:00:58, Sys 0 00:00:03  -  Run Remote Usage
		Usr 0 00:00:00, Sys 0 00:00:00  -  Run Local Usage
		Usr 0 00:00:58, Sys 0 00:00:03  -  Total Remote Usage
		Usr 0 00:00:00, Sys 0 00:00:00  -  Total Local Usage
	9191  -  Run Bytes Sent By Job
	436  -  Run Bytes Received By Job
	9191  -  Total Bytes Sent By Job
	436  -  Total Bytes Received By Job
	Partitionable Resources :    Usage  Request Allocated
	   Cpus                 :                 2         2
	   Disk (KB)            :       32        1   2116362
	   Memory (MB)          :       91     4000      4000
...
