000 (2325790.6015.000) 05/26 19:50:41 Job submitted from host: <137.138.44.75:9618?addrs=137.138.44.75-9618&noUDP&sock=3998_dfba_3>
...
001 (2325790.6015.000) 05/26 20:03:51 Job executing on host: <188.184.133.81:9618?addrs=188.184.133.81-9618+[2001-1458-301-a0--100-14d]-9618&noUDP&sock=16567_2999_3>
...
006 (2325790.6015.000) 05/26 20:04:01 Image size of job updated: 313340
	304  -  MemoryUsage of job (MB)
	310548  -  ResidentSetSize of job (KB)
...
006 (2325790.6015.000) 05/26 20:05:50 Image size of job updated: 692700
	304  -  MemoryUsage of job (MB)
	310548  -  ResidentSetSize of job (KB)
...
005 (2325790.6015.000) 05/26 20:05:50 Job terminated.
	(1) Normal termination (return value 0)
		Usr 0 00:00:53, Sys 0 00:00:02  -  Run Remote Usage
		Usr 0 00:00:00, Sys 0 00:00:00  -  Run Local Usage
		Usr 0 00:00:53, Sys 0 00:00:02  -  Total Remote Usage
		Usr 0 00:00:00, Sys 0 00:00:00  -  Total Local Usage
	9154  -  Run Bytes Sent By Job
	436  -  Run Bytes Received By Job
	9154  -  Total Bytes Sent By Job
	436  -  Total Bytes Received By Job
	Partitionable Resources :    Usage  Request Allocated
	   Cpus                 :                 2         2
	   Disk (KB)            :       30        1   2099891
	   Memory (MB)          :      304     4000      4000
...
