000 (2325790.6429.000) 05/26 19:50:42 Job submitted from host: <137.138.44.75:9618?addrs=137.138.44.75-9618&noUDP&sock=3998_dfba_3>
...
001 (2325790.6429.000) 05/26 20:04:29 Job executing on host: <188.184.206.253:9618?addrs=188.184.206.253-9618+[2001-1458-301-7d--100-298]-9618&noUDP&sock=19550_409b_3>
...
006 (2325790.6429.000) 05/26 20:04:38 Image size of job updated: 296020
	287  -  MemoryUsage of job (MB)
	293228  -  ResidentSetSize of job (KB)
...
006 (2325790.6429.000) 05/26 20:06:37 Image size of job updated: 727852
	287  -  MemoryUsage of job (MB)
	293236  -  ResidentSetSize of job (KB)
...
005 (2325790.6429.000) 05/26 20:06:45 Job terminated.
	(1) Normal termination (return value 0)
		Usr 0 00:00:53, Sys 0 00:00:02  -  Run Remote Usage
		Usr 0 00:00:00, Sys 0 00:00:00  -  Run Local Usage
		Usr 0 00:00:53, Sys 0 00:00:02  -  Total Remote Usage
		Usr 0 00:00:00, Sys 0 00:00:00  -  Total Local Usage
	9192  -  Run Bytes Sent By Job
	436  -  Run Bytes Received By Job
	9192  -  Total Bytes Sent By Job
	436  -  Total Bytes Received By Job
	Partitionable Resources :    Usage  Request Allocated
	   Cpus                 :                 2         2
	   Disk (KB)            :       30        1   2160505
	   Memory (MB)          :      287     4000      4000
...
