000 (2325790.2213.000) 05/26 19:50:31 Job submitted from host: <137.138.44.75:9618?addrs=137.138.44.75-9618&noUDP&sock=3998_dfba_3>
...
001 (2325790.2213.000) 05/26 19:58:12 Job executing on host: <188.184.206.203:9618?addrs=188.184.206.203-9618+[2001-1458-301-7d--100-2ae]-9618&noUDP&sock=19783_122c_3>
...
006 (2325790.2213.000) 05/26 19:58:21 Image size of job updated: 314136
	305  -  MemoryUsage of job (MB)
	311328  -  ResidentSetSize of job (KB)
...
006 (2325790.2213.000) 05/26 20:00:21 Image size of job updated: 727764
	305  -  MemoryUsage of job (MB)
	311328  -  ResidentSetSize of job (KB)
...
005 (2325790.2213.000) 05/26 20:00:27 Job terminated.
	(1) Normal termination (return value 0)
		Usr 0 00:00:56, Sys 0 00:00:02  -  Run Remote Usage
		Usr 0 00:00:00, Sys 0 00:00:00  -  Run Local Usage
		Usr 0 00:00:56, Sys 0 00:00:02  -  Total Remote Usage
		Usr 0 00:00:00, Sys 0 00:00:00  -  Total Local Usage
	9196  -  Run Bytes Sent By Job
	436  -  Run Bytes Received By Job
	9196  -  Total Bytes Sent By Job
	436  -  Total Bytes Received By Job
	Partitionable Resources :    Usage  Request Allocated
	   Cpus                 :                 2         2
	   Disk (KB)            :       30        1   2162091
	   Memory (MB)          :      305     4000      4000
...
