000 (2325790.14342.000) 05/26 19:51:03 Job submitted from host: <137.138.44.75:9618?addrs=137.138.44.75-9618&noUDP&sock=3998_dfba_3>
...
001 (2325790.14342.000) 05/26 20:13:54 Job executing on host: <188.184.204.87:9618?addrs=188.184.204.87-9618+[2001-1458-301-7d--100-71]-9618&noUDP&sock=19527_79ee_3>
...
006 (2325790.14342.000) 05/26 20:14:02 Image size of job updated: 275584
	268  -  MemoryUsage of job (MB)
	274300  -  ResidentSetSize of job (KB)
...
006 (2325790.14342.000) 05/26 20:16:15 Image size of job updated: 1494808
	268  -  MemoryUsage of job (MB)
	274300  -  ResidentSetSize of job (KB)
...
005 (2325790.14342.000) 05/26 20:16:15 Job terminated.
	(1) Normal termination (return value 0)
		Usr 0 00:00:45, Sys 0 00:00:02  -  Run Remote Usage
		Usr 0 00:00:00, Sys 0 00:00:00  -  Run Local Usage
		Usr 0 00:00:45, Sys 0 00:00:02  -  Total Remote Usage
		Usr 0 00:00:00, Sys 0 00:00:00  -  Total Local Usage
	9156  -  Run Bytes Sent By Job
	436  -  Run Bytes Received By Job
	9156  -  Total Bytes Sent By Job
	436  -  Total Bytes Received By Job
	Partitionable Resources :    Usage  Request Allocated
	   Cpus                 :                 2         2
	   Disk (KB)            :       31        1   2115262
	   Memory (MB)          :      268     4000      4000
...
