000 (2325790.9234.000) 05/26 19:50:49 Job submitted from host: <137.138.44.75:9618?addrs=137.138.44.75-9618&noUDP&sock=3998_dfba_3>
...
001 (2325790.9234.000) 05/26 20:07:56 Job executing on host: <188.184.204.173:9618?addrs=188.184.204.173-9618+[2001-1458-301-7d--100-b7]-9618&noUDP&sock=19589_00cd_3>
...
006 (2325790.9234.000) 05/26 20:08:05 Image size of job updated: 265248
	257  -  MemoryUsage of job (MB)
	262456  -  ResidentSetSize of job (KB)
...
006 (2325790.9234.000) 05/26 20:08:49 Image size of job updated: 265248
	257  -  MemoryUsage of job (MB)
	262692  -  ResidentSetSize of job (KB)
...
005 (2325790.9234.000) 05/26 20:08:55 Job terminated.
	(1) Normal termination (return value 0)
		Usr 0 00:00:39, Sys 0 00:00:02  -  Run Remote Usage
		Usr 0 00:00:00, Sys 0 00:00:00  -  Run Local Usage
		Usr 0 00:00:39, Sys 0 00:00:02  -  Total Remote Usage
		Usr 0 00:00:00, Sys 0 00:00:00  -  Total Local Usage
	9195  -  Run Bytes Sent By Job
	436  -  Run Bytes Received By Job
	9195  -  Total Bytes Sent By Job
	436  -  Total Bytes Received By Job
	Partitionable Resources :    Usage  Request Allocated
	   Cpus                 :                 2         2
	   Disk (KB)            :       29        1   2118378
	   Memory (MB)          :      257     4000      4000
...
