000 (2325790.6944.000) 05/26 19:50:43 Job submitted from host: <137.138.44.75:9618?addrs=137.138.44.75-9618&noUDP&sock=3998_dfba_3>
...
001 (2325790.6944.000) 05/26 20:05:11 Job executing on host: <188.184.204.232:9618?addrs=188.184.204.232-9618+[2001-1458-301-7d--100-db]-9618&noUDP&sock=19637_ed59_3>
...
006 (2325790.6944.000) 05/26 20:05:20 Image size of job updated: 269996
	261  -  MemoryUsage of job (MB)
	267204  -  ResidentSetSize of job (KB)
...
006 (2325790.6944.000) 05/26 20:06:09 Image size of job updated: 269996
	262  -  MemoryUsage of job (MB)
	267364  -  ResidentSetSize of job (KB)
...
005 (2325790.6944.000) 05/26 20:06:18 Job terminated.
	(1) Normal termination (return value 0)
		Usr 0 00:00:41, Sys 0 00:00:02  -  Run Remote Usage
		Usr 0 00:00:00, Sys 0 00:00:00  -  Run Local Usage
		Usr 0 00:00:41, Sys 0 00:00:02  -  Total Remote Usage
		Usr 0 00:00:00, Sys 0 00:00:00  -  Total Local Usage
	9192  -  Run Bytes Sent By Job
	436  -  Run Bytes Received By Job
	9192  -  Total Bytes Sent By Job
	436  -  Total Bytes Received By Job
	Partitionable Resources :    Usage  Request Allocated
	   Cpus                 :                 2         2
	   Disk (KB)            :       29        1   2125992
	   Memory (MB)          :      262     4000      4000
...
