000 (2325790.501.000) 05/26 19:50:27 Job submitted from host: <137.138.44.75:9618?addrs=137.138.44.75-9618&noUDP&sock=3998_dfba_3>
...
001 (2325790.501.000) 05/26 19:55:51 Job executing on host: <188.184.206.154:9618?addrs=188.184.206.154-9618+[--1]-9618&noUDP&sock=4687_787b_3>
...
006 (2325790.501.000) 05/26 19:56:00 Image size of job updated: 234200
	221  -  MemoryUsage of job (MB)
	225636  -  ResidentSetSize of job (KB)
...
006 (2325790.501.000) 05/26 19:57:53 Image size of job updated: 715308
	221  -  MemoryUsage of job (MB)
	226012  -  ResidentSetSize of job (KB)
...
005 (2325790.501.000) 05/26 19:57:54 Job terminated.
	(1) Normal termination (return value 0)
		Usr 0 00:00:56, Sys 0 00:00:02  -  Run Remote Usage
		Usr 0 00:00:00, Sys 0 00:00:00  -  Run Local Usage
		Usr 0 00:00:56, Sys 0 00:00:02  -  Total Remote Usage
		Usr 0 00:00:00, Sys 0 00:00:00  -  Total Local Usage
	9191  -  Run Bytes Sent By Job
	436  -  Run Bytes Received By Job
	9191  -  Total Bytes Sent By Job
	436  -  Total Bytes Received By Job
	Partitionable Resources :    Usage  Request Allocated
	   Cpus                 :                 2         2
	   Disk (KB)            :       30        1   2127906
	   Memory (MB)          :      221     4000      4000
...
