000 (2325790.2036.000) 05/26 19:50:31 Job submitted from host: <137.138.44.75:9618?addrs=137.138.44.75-9618&noUDP&sock=3998_dfba_3>
...
001 (2325790.2036.000) 05/26 19:57:52 Job executing on host: <188.184.207.29:9618?addrs=188.184.207.29-9618+[2001-1458-301-7d--100-34d]-9618&noUDP&sock=19800_bb49_3>
...
006 (2325790.2036.000) 05/26 19:58:00 Image size of job updated: 324496
	315  -  MemoryUsage of job (MB)
	321704  -  ResidentSetSize of job (KB)
...
006 (2325790.2036.000) 05/26 19:59:10 Image size of job updated: 1976568
	315  -  MemoryUsage of job (MB)
	321704  -  ResidentSetSize of job (KB)
...
005 (2325790.2036.000) 05/26 19:59:10 Job terminated.
	(1) Normal termination (return value 0)
		Usr 0 00:00:59, Sys 0 00:00:02  -  Run Remote Usage
		Usr 0 00:00:00, Sys 0 00:00:00  -  Run Local Usage
		Usr 0 00:00:59, Sys 0 00:00:02  -  Total Remote Usage
		Usr 0 00:00:00, Sys 0 00:00:00  -  Total Local Usage
	9192  -  Run Bytes Sent By Job
	436  -  Run Bytes Received By Job
	9192  -  Total Bytes Sent By Job
	436  -  Total Bytes Received By Job
	Partitionable Resources :    Usage  Request Allocated
	   Cpus                 :                 2         2
	   Disk (KB)            :       29        1   2207103
	   Memory (MB)          :      315     4000      4000
...
