000 (2325790.11237.000) 05/26 19:50:55 Job submitted from host: <137.138.44.75:9618?addrs=137.138.44.75-9618&noUDP&sock=3998_dfba_3>
...
001 (2325790.11237.000) 05/26 20:10:19 Job executing on host: <188.184.205.24:9618?addrs=188.184.205.24-9618+[2001-1458-301-7d--100-12d]-9618&noUDP&sock=19507_c209_3>
...
006 (2325790.11237.000) 05/26 20:10:27 Image size of job updated: 264252
	256  -  MemoryUsage of job (MB)
	261460  -  ResidentSetSize of job (KB)
...
006 (2325790.11237.000) 05/26 20:11:35 Image size of job updated: 264252
	256  -  MemoryUsage of job (MB)
	261748  -  ResidentSetSize of job (KB)
...
005 (2325790.11237.000) 05/26 20:11:37 Job terminated.
	(1) Normal termination (return value 0)
		Usr 0 00:00:44, Sys 0 00:00:02  -  Run Remote Usage
		Usr 0 00:00:00, Sys 0 00:00:00  -  Run Local Usage
		Usr 0 00:00:44, Sys 0 00:00:02  -  Total Remote Usage
		Usr 0 00:00:00, Sys 0 00:00:00  -  Total Local Usage
	9196  -  Run Bytes Sent By Job
	436  -  Run Bytes Received By Job
	9196  -  Total Bytes Sent By Job
	436  -  Total Bytes Received By Job
	Partitionable Resources :    Usage  Request Allocated
	   Cpus                 :                 2         2
	   Disk (KB)            :       29        1   2138610
	   Memory (MB)          :      256     4000      4000
...
