000 (2325790.10959.000) 05/26 19:50:53 Job submitted from host: <137.138.44.75:9618?addrs=137.138.44.75-9618&noUDP&sock=3998_dfba_3>
...
001 (2325790.10959.000) 05/26 20:09:49 Job executing on host: <188.184.206.207:9618?addrs=188.184.206.207-9618+[2001-1458-301-7d--100-2d2]-9618&noUDP&sock=19650_d814_3>
...
006 (2325790.10959.000) 05/26 20:09:58 Image size of job updated: 94956
	91  -  MemoryUsage of job (MB)
	92228  -  ResidentSetSize of job (KB)
...
006 (2325790.10959.000) 05/26 20:12:11 Image size of job updated: 202604
	92  -  MemoryUsage of job (MB)
	94064  -  ResidentSetSize of job (KB)
...
005 (2325790.10959.000) 05/26 20:12:19 Job terminated.
	(1) Normal termination (return value 0)
		Usr 0 00:00:45, Sys 0 00:00:02  -  Run Remote Usage
		Usr 0 00:00:00, Sys 0 00:00:00  -  Run Local Usage
		Usr 0 00:00:45, Sys 0 00:00:02  -  Total Remote Usage
		Usr 0 00:00:00, Sys 0 00:00:00  -  Total Local Usage
	9198  -  Run Bytes Sent By Job
	436  -  Run Bytes Received By Job
	9198  -  Total Bytes Sent By Job
	436  -  Total Bytes Received By Job
	Partitionable Resources :    Usage  Request Allocated
	   Cpus                 :                 2         2
	   Disk (KB)            :       31        1   2176675
	   Memory (MB)          :       92     4000      4000
...
