000 (2325790.12338.000) 05/26 19:50:58 Job submitted from host: <137.138.44.75:9618?addrs=137.138.44.75-9618&noUDP&sock=3998_dfba_3>
...
001 (2325790.12338.000) 05/26 20:11:23 Job executing on host: <188.184.206.1:9618?addrs=188.184.206.1-9618+[2001-1458-301-7d--100-375]-9618&noUDP&sock=19594_6ec6_3>
...
006 (2325790.12338.000) 05/26 20:11:32 Image size of job updated: 93044
	91  -  MemoryUsage of job (MB)
	93028  -  ResidentSetSize of job (KB)
...
006 (2325790.12338.000) 05/26 20:14:20 Image size of job updated: 150800
	91  -  MemoryUsage of job (MB)
	93028  -  ResidentSetSize of job (KB)
...
005 (2325790.12338.000) 05/26 20:14:20 Job terminated.
	(1) Normal termination (return value 0)
		Usr 0 00:00:46, Sys 0 00:00:02  -  Run Remote Usage
		Usr 0 00:00:00, Sys 0 00:00:00  -  Run Local Usage
		Usr 0 00:00:46, Sys 0 00:00:02  -  Total Remote Usage
		Usr 0 00:00:00, Sys 0 00:00:00  -  Total Local Usage
	9161  -  Run Bytes Sent By Job
	436  -  Run Bytes Received By Job
	9161  -  Total Bytes Sent By Job
	436  -  Total Bytes Received By Job
	Partitionable Resources :    Usage  Request Allocated
	   Cpus                 :                 2         2
	   Disk (KB)            :       31        1   2177253
	   Memory (MB)          :       91     4000      4000
...
