000 (2325790.9497.000) 05/26 19:50:49 Job submitted from host: <137.138.44.75:9618?addrs=137.138.44.75-9618&noUDP&sock=3998_dfba_3>
...
001 (2325790.9497.000) 05/26 20:08:16 Job executing on host: <128.142.133.33:9618?addrs=128.142.133.33-9618+[2001-1458-301-32--100-c]-9618&noUDP&sock=19544_230a_3>
...
006 (2325790.9497.000) 05/26 20:08:25 Image size of job updated: 99612
	96  -  MemoryUsage of job (MB)
	98216  -  ResidentSetSize of job (KB)
...
005 (2325790.9497.000) 05/26 20:10:10 Job terminated.
	(1) Normal termination (return value 0)
		Usr 0 00:00:35, Sys 0 00:00:01  -  Run Remote Usage
		Usr 0 00:00:00, Sys 0 00:00:00  -  Run Local Usage
		Usr 0 00:00:35, Sys 0 00:00:01  -  Total Remote Usage
		Usr 0 00:00:00, Sys 0 00:00:00  -  Total Local Usage
	8286  -  Run Bytes Sent By Job
	436  -  Run Bytes Received By Job
	8286  -  Total Bytes Sent By Job
	436  -  Total Bytes Received By Job
	Partitionable Resources :    Usage  Request Allocated
	   Cpus                 :                 2         2
	   Disk (KB)            :       29        1   2213290
	   Memory (MB)          :       96     4000      4000
...
