000 (2325790.11211.000) 05/26 19:50:55 Job submitted from host: <137.138.44.75:9618?addrs=137.138.44.75-9618&noUDP&sock=3998_dfba_3>
...
001 (2325790.11211.000) 05/26 20:10:15 Job executing on host: <188.184.207.82:9618?addrs=188.184.207.82-9618+[2001-1458-301-7d--100-251]-9618&noUDP&sock=19533_977f_3>
...
006 (2325790.11211.000) 05/26 20:10:23 Image size of job updated: 305676
	298  -  MemoryUsage of job (MB)
	304528  -  ResidentSetSize of job (KB)
...
006 (2325790.11211.000) 05/26 20:11:03 Image size of job updated: 305676
	298  -  MemoryUsage of job (MB)
	304912  -  ResidentSetSize of job (KB)
...
005 (2325790.11211.000) 05/26 20:11:08 Job terminated.
	(1) Normal termination (return value 0)
		Usr 0 00:00:38, Sys 0 00:00:02  -  Run Remote Usage
		Usr 0 00:00:00, Sys 0 00:00:00  -  Run Local Usage
		Usr 0 00:00:38, Sys 0 00:00:02  -  Total Remote Usage
		Usr 0 00:00:00, Sys 0 00:00:00  -  Total Local Usage
	9197  -  Run Bytes Sent By Job
	436  -  Run Bytes Received By Job
	9197  -  Total Bytes Sent By Job
	436  -  Total Bytes Received By Job
	Partitionable Resources :    Usage  Request Allocated
	   Cpus                 :                 2         2
	   Disk (KB)            :       28        1   2161660
	   Memory (MB)          :      298     4000      4000
...
