000 (2325790.11110.000) 05/26 19:50:54 Job submitted from host: <137.138.44.75:9618?addrs=137.138.44.75-9618&noUDP&sock=3998_dfba_3>
...
001 (2325790.11110.000) 05/26 20:10:08 Job executing on host: <188.184.205.21:9618?addrs=188.184.205.21-9618+[2001-1458-301-7d--100-121]-9618&noUDP&sock=19544_230a_3>
...
006 (2325790.11110.000) 05/26 20:10:17 Image size of job updated: 337816
	328  -  MemoryUsage of job (MB)
	335164  -  ResidentSetSize of job (KB)
...
006 (2325790.11110.000) 05/26 20:11:56 Image size of job updated: 337816
	328  -  MemoryUsage of job (MB)
	335168  -  ResidentSetSize of job (KB)
...
005 (2325790.11110.000) 05/26 20:12:04 Job terminated.
	(1) Normal termination (return value 0)
		Usr 0 00:00:39, Sys 0 00:00:02  -  Run Remote Usage
		Usr 0 00:00:00, Sys 0 00:00:00  -  Run Local Usage
		Usr 0 00:00:39, Sys 0 00:00:02  -  Total Remote Usage
		Usr 0 00:00:00, Sys 0 00:00:00  -  Total Local Usage
	9198  -  Run Bytes Sent By Job
	436  -  Run Bytes Received By Job
	9198  -  Total Bytes Sent By Job
	436  -  Total Bytes Received By Job
	Partitionable Resources :    Usage  Request Allocated
	   Cpus                 :                 2         2
	   Disk (KB)            :       30        1   2107457
	   Memory (MB)          :      328     4000      4000
...
