000 (2325790.1106.000) 05/26 19:50:28 Job submitted from host: <137.138.44.75:9618?addrs=137.138.44.75-9618&noUDP&sock=3998_dfba_3>
...
001 (2325790.1106.000) 05/26 19:59:14 Job executing on host: <128.142.240.38:9618?addrs=128.142.240.38-9618+[2001-1458-301-f9--100-22]-9618&noUDP&sock=16493_6796_3>
...
006 (2325790.1106.000) 05/26 19:59:23 Image size of job updated: 355148
	345  -  MemoryUsage of job (MB)
	352356  -  ResidentSetSize of job (KB)
...
006 (2325790.1106.000) 05/26 20:00:16 Image size of job updated: 604504
	345  -  MemoryUsage of job (MB)
	352608  -  ResidentSetSize of job (KB)
...
005 (2325790.1106.000) 05/26 20:00:22 Job terminated.
	(1) Normal termination (return value 0)
		Usr 0 00:00:49, Sys 0 00:00:02  -  Run Remote Usage
		Usr 0 00:00:00, Sys 0 00:00:00  -  Run Local Usage
		Usr 0 00:00:49, Sys 0 00:00:02  -  Total Remote Usage
		Usr 0 00:00:00, Sys 0 00:00:00  -  Total Local Usage
	9196  -  Run Bytes Sent By Job
	436  -  Run Bytes Received By Job
	9196  -  Total Bytes Sent By Job
	436  -  Total Bytes Received By Job
	Partitionable Resources :    Usage  Request Allocated
	   Cpus                 :                 2         2
	   Disk (KB)            :       29        1   2181883
	   Memory (MB)          :      345     4000      4000
...
