000 (2325790.9975.000) 05/26 19:50:50 Job submitted from host: <137.138.44.75:9618?addrs=137.138.44.75-9618&noUDP&sock=3998_dfba_3>
...
001 (2325790.9975.000) 05/26 20:08:52 Job executing on host: <188.184.186.21:9618?addrs=188.184.186.21-9618+[2001-1458-301-f8--100-b]-9618&noUDP&sock=16479_cd43_3>
...
006 (2325790.9975.000) 05/26 20:09:01 Image size of job updated: 298788
	290  -  MemoryUsage of job (MB)
	296068  -  ResidentSetSize of job (KB)
...
006 (2325790.9975.000) 05/26 20:11:14 Image size of job updated: 1455668
	290  -  MemoryUsage of job (MB)
	296284  -  ResidentSetSize of job (KB)
...
005 (2325790.9975.000) 05/26 20:11:18 Job terminated.
	(1) Normal termination (return value 0)
		Usr 0 00:00:38, Sys 0 00:00:02  -  Run Remote Usage
		Usr 0 00:00:00, Sys 0 00:00:00  -  Run Local Usage
		Usr 0 00:00:38, Sys 0 00:00:02  -  Total Remote Usage
		Usr 0 00:00:00, Sys 0 00:00:00  -  Total Local Usage
	9156  -  Run Bytes Sent By Job
	436  -  Run Bytes Received By Job
	9156  -  Total Bytes Sent By Job
	436  -  Total Bytes Received By Job
	Partitionable Resources :    Usage  Request Allocated
	   Cpus                 :                 2         2
	   Disk (KB)            :       30        1   2099845
	   Memory (MB)          :      290     4000      4000
...
