000 (2325790.10966.000) 05/26 19:50:53 Job submitted from host: <137.138.44.75:9618?addrs=137.138.44.75-9618&noUDP&sock=3998_dfba_3>
...
001 (2325790.10966.000) 05/26 20:09:51 Job executing on host: <128.142.96.85:9618?addrs=128.142.96.85-9618+[2001-1458-301-87--100-50]-9618&noUDP&sock=16817_a446_3>
...
006 (2325790.10966.000) 05/26 20:09:59 Image size of job updated: 92136
	90  -  MemoryUsage of job (MB)
	92060  -  ResidentSetSize of job (KB)
...
006 (2325790.10966.000) 05/26 20:11:24 Image size of job updated: 99836
	91  -  MemoryUsage of job (MB)
	93004  -  ResidentSetSize of job (KB)
...
005 (2325790.10966.000) 05/26 20:11:28 Job terminated.
	(1) Normal termination (return value 0)
		Usr 0 00:00:40, Sys 0 00:00:01  -  Run Remote Usage
		Usr 0 00:00:00, Sys 0 00:00:00  -  Run Local Usage
		Usr 0 00:00:40, Sys 0 00:00:01  -  Total Remote Usage
		Usr 0 00:00:00, Sys 0 00:00:00  -  Total Local Usage
	9204  -  Run Bytes Sent By Job
	436  -  Run Bytes Received By Job
	9204  -  Total Bytes Sent By Job
	436  -  Total Bytes Received By Job
	Partitionable Resources :    Usage  Request Allocated
	   Cpus                 :                 2         2
	   Disk (KB)            :       30        1   4270937
	   Memory (MB)          :       91     4000      4000
...
