000 (2325790.4786.000) 05/26 19:50:38 Job submitted from host: <137.138.44.75:9618?addrs=137.138.44.75-9618&noUDP&sock=3998_dfba_3>
...
001 (2325790.4786.000) 05/26 20:02:18 Job executing on host: <188.184.206.151:9618?addrs=188.184.206.151-9618+[2001-1458-301-7d--100-281]-9618&noUDP&sock=19583_e33b_3>
...
006 (2325790.4786.000) 05/26 20:02:27 Image size of job updated: 280492
	272  -  MemoryUsage of job (MB)
	277776  -  ResidentSetSize of job (KB)
...
006 (2325790.4786.000) 05/26 20:04:40 Image size of job updated: 743164
	272  -  MemoryUsage of job (MB)
	278164  -  ResidentSetSize of job (KB)
...
005 (2325790.4786.000) 05/26 20:04:41 Job terminated.
	(1) Normal termination (return value 0)
		Usr 0 00:00:59, Sys 0 00:00:02  -  Run Remote Usage
		Usr 0 00:00:00, Sys 0 00:00:00  -  Run Local Usage
		Usr 0 00:00:59, Sys 0 00:00:02  -  Total Remote Usage
		Usr 0 00:00:00, Sys 0 00:00:00  -  Total Local Usage
	9192  -  Run Bytes Sent By Job
	436  -  Run Bytes Received By Job
	9192  -  Total Bytes Sent By Job
	436  -  Total Bytes Received By Job
	Partitionable Resources :    Usage  Request Allocated
	   Cpus                 :                 2         2
	   Disk (KB)            :       31        1   2202127
	   Memory (MB)          :      272     4000      4000
...
