000 (2325790.5956.000) 05/26 19:50:41 Job submitted from host: <137.138.44.75:9618?addrs=137.138.44.75-9618&noUDP&sock=3998_dfba_3>
...
001 (2325790.5956.000) 05/26 20:03:46 Job executing on host: <188.184.207.34:9618?addrs=188.184.207.34-9618+[2001-1458-301-7d--100-30d]-9618&noUDP&sock=19637_ed59_3>
...
006 (2325790.5956.000) 05/26 20:03:55 Image size of job updated: 259316
	251  -  MemoryUsage of job (MB)
	256588  -  ResidentSetSize of job (KB)
...
006 (2325790.5956.000) 05/26 20:05:56 Image size of job updated: 1888712
	251  -  MemoryUsage of job (MB)
	256596  -  ResidentSetSize of job (KB)
...
005 (2325790.5956.000) 05/26 20:05:56 Job terminated.
	(1) Normal termination (return value 0)
		Usr 0 00:00:57, Sys 0 00:00:03  -  Run Remote Usage
		Usr 0 00:00:00, Sys 0 00:00:00  -  Run Local Usage
		Usr 0 00:00:57, Sys 0 00:00:03  -  Total Remote Usage
		Usr 0 00:00:00, Sys 0 00:00:00  -  Total Local Usage
	9155  -  Run Bytes Sent By Job
	436  -  Run Bytes Received By Job
	9155  -  Total Bytes Sent By Job
	436  -  Total Bytes Received By Job
	Partitionable Resources :    Usage  Request Allocated
	   Cpus                 :                 2         2
	   Disk (KB)            :       30        1   2218677
	   Memory (MB)          :      251     4000      4000
...
