000 (2325790.8244.000) 05/26 19:50:46 Job submitted from host: <137.138.44.75:9618?addrs=137.138.44.75-9618&noUDP&sock=3998_dfba_3>
...
001 (2325790.8244.000) 05/26 20:06:52 Job executing on host: <128.142.103.42:9618?addrs=128.142.103.42-9618+[2001-1458-301-89--100-31f]-9618&noUDP&sock=16007_0c8f_3>
...
006 (2325790.8244.000) 05/26 20:07:01 Image size of job updated: 97684
	96  -  MemoryUsage of job (MB)
	97684  -  ResidentSetSize of job (KB)
...
006 (2325790.8244.000) 05/26 20:08:41 Image size of job updated: 236024
	96  -  MemoryUsage of job (MB)
	97788  -  ResidentSetSize of job (KB)
...
005 (2325790.8244.000) 05/26 20:08:44 Job terminated.
	(1) Normal termination (return value 0)
		Usr 0 00:00:37, Sys 0 00:00:01  -  Run Remote Usage
		Usr 0 00:00:00, Sys 0 00:00:00  -  Run Local Usage
		Usr 0 00:00:37, Sys 0 00:00:01  -  Total Remote Usage
		Usr 0 00:00:00, Sys 0 00:00:00  -  Total Local Usage
	9197  -  Run Bytes Sent By Job
	436  -  Run Bytes Received By Job
	9197  -  Total Bytes Sent By Job
	436  -  Total Bytes Received By Job
	Partitionable Resources :    Usage  Request Allocated
	   Cpus                 :                 2         2
	   Disk (KB)            :       30        1   2158978
	   Memory (MB)          :       96     4000      4000
...
