000 (2325790.4928.000) 05/26 19:50:38 Job submitted from host: <137.138.44.75:9618?addrs=137.138.44.75-9618&noUDP&sock=3998_dfba_3>
...
001 (2325790.4928.000) 05/26 20:02:32 Job executing on host: <188.184.204.120:9618?addrs=188.184.204.120-9618+[2001-1458-301-7d--100-67]-9618&noUDP&sock=19548_e16b_3>
...
006 (2325790.4928.000) 05/26 20:02:41 Image size of job updated: 91480
	89  -  MemoryUsage of job (MB)
	90264  -  ResidentSetSize of job (KB)
...
006 (2325790.4928.000) 05/26 20:06:28 Image size of job updated: 741712
	89  -  MemoryUsage of job (MB)
	90528  -  ResidentSetSize of job (KB)
...
005 (2325790.4928.000) 05/26 20:06:37 Job terminated.
	(1) Normal termination (return value 0)
		Usr 0 00:00:51, Sys 0 00:00:02  -  Run Remote Usage
		Usr 0 00:00:00, Sys 0 00:00:00  -  Run Local Usage
		Usr 0 00:00:51, Sys 0 00:00:02  -  Total Remote Usage
		Usr 0 00:00:00, Sys 0 00:00:00  -  Total Local Usage
	9152  -  Run Bytes Sent By Job
	436  -  Run Bytes Received By Job
	9152  -  Total Bytes Sent By Job
	436  -  Total Bytes Received By Job
	Partitionable Resources :    Usage  Request Allocated
	   Cpus                 :                 2         2
	   Disk (KB)            :       33        1   2195626
	   Memory (MB)          :       89     4000      4000
...
