000 (2325790.6409.000) 05/26 19:50:42 Job submitted from host: <137.138.44.75:9618?addrs=137.138.44.75-9618&noUDP&sock=3998_dfba_3>
...
001 (2325790.6409.000) 05/26 20:04:27 Job executing on host: <188.184.205.162:9618?addrs=188.184.205.162-9618+[2001-1458-301-7d--100-19e]-9618&noUDP&sock=19584_92d4_3>
...
006 (2325790.6409.000) 05/26 20:04:36 Image size of job updated: 268612
	260  -  MemoryUsage of job (MB)
	265820  -  ResidentSetSize of job (KB)
...
006 (2325790.6409.000) 05/26 20:07:49 Image size of job updated: 718196
	261  -  MemoryUsage of job (MB)
	266600  -  ResidentSetSize of job (KB)
...
005 (2325790.6409.000) 05/26 20:07:49 Job terminated.
	(1) Normal termination (return value 0)
		Usr 0 00:01:00, Sys 0 00:00:03  -  Run Remote Usage
		Usr 0 00:00:00, Sys 0 00:00:00  -  Run Local Usage
		Usr 0 00:01:00, Sys 0 00:00:03  -  Total Remote Usage
		Usr 0 00:00:00, Sys 0 00:00:00  -  Total Local Usage
	9194  -  Run Bytes Sent By Job
	436  -  Run Bytes Received By Job
	9194  -  Total Bytes Sent By Job
	436  -  Total Bytes Received By Job
	Partitionable Resources :    Usage  Request Allocated
	   Cpus                 :                 2         2
	   Disk (KB)            :       32        1   2098200
	   Memory (MB)          :      261     4000      4000
...
