000 (2325790.2890.000) 05/26 19:50:33 Job submitted from host: <137.138.44.75:9618?addrs=137.138.44.75-9618&noUDP&sock=3998_dfba_3>
...
001 (2325790.2890.000) 05/26 19:59:08 Job executing on host: <188.184.204.120:9618?addrs=188.184.204.120-9618+[2001-1458-301-7d--100-67]-9618&noUDP&sock=19548_e16b_3>
...
006 (2325790.2890.000) 05/26 19:59:17 Image size of job updated: 359532
	349  -  MemoryUsage of job (MB)
	357228  -  ResidentSetSize of job (KB)
...
006 (2325790.2890.000) 05/26 20:01:13 Image size of job updated: 721036
	349  -  MemoryUsage of job (MB)
	357332  -  ResidentSetSize of job (KB)
...
005 (2325790.2890.000) 05/26 20:01:19 Job terminated.
	(1) Normal termination (return value 0)
		Usr 0 00:00:48, Sys 0 00:00:02  -  Run Remote Usage
		Usr 0 00:00:00, Sys 0 00:00:00  -  Run Local Usage
		Usr 0 00:00:48, Sys 0 00:00:02  -  Total Remote Usage
		Usr 0 00:00:00, Sys 0 00:00:00  -  Total Local Usage
	9151  -  Run Bytes Sent By Job
	436  -  Run Bytes Received By Job
	9151  -  Total Bytes Sent By Job
	436  -  Total Bytes Received By Job
	Partitionable Resources :    Usage  Request Allocated
	   Cpus                 :                 2         2
	   Disk (KB)            :       30        1   2195768
	   Memory (MB)          :      349     4000      4000
...
