000 (2325790.2271.000) 05/26 19:50:31 Job submitted from host: <137.138.44.75:9618?addrs=137.138.44.75-9618&noUDP&sock=3998_dfba_3>
...
001 (2325790.2271.000) 05/26 19:58:21 Job executing on host: <188.184.204.200:9618?addrs=188.184.204.200-9618+[2001-1458-301-7d--100-df]-9618&noUDP&sock=19511_806a_3>
...
006 (2325790.2271.000) 05/26 19:58:30 Image size of job updated: 331792
	322  -  MemoryUsage of job (MB)
	329000  -  ResidentSetSize of job (KB)
...
006 (2325790.2271.000) 05/26 19:59:33 Image size of job updated: 640376
	322  -  MemoryUsage of job (MB)
	329132  -  ResidentSetSize of job (KB)
...
005 (2325790.2271.000) 05/26 19:59:33 Job terminated.
	(1) Normal termination (return value 0)
		Usr 0 00:00:55, Sys 0 00:00:02  -  Run Remote Usage
		Usr 0 00:00:00, Sys 0 00:00:00  -  Run Local Usage
		Usr 0 00:00:55, Sys 0 00:00:02  -  Total Remote Usage
		Usr 0 00:00:00, Sys 0 00:00:00  -  Total Local Usage
	9152  -  Run Bytes Sent By Job
	436  -  Run Bytes Received By Job
	9152  -  Total Bytes Sent By Job
	436  -  Total Bytes Received By Job
	Partitionable Resources :    Usage  Request Allocated
	   Cpus                 :                 2         2
	   Disk (KB)            :       29        1   2139086
	   Memory (MB)          :      322     4000      4000
...
