000 (2325790.9475.000) 05/26 19:50:49 Job submitted from host: <137.138.44.75:9618?addrs=137.138.44.75-9618&noUDP&sock=3998_dfba_3>
...
001 (2325790.9475.000) 05/26 20:08:15 Job executing on host: <128.142.106.31:9618?addrs=128.142.106.31-9618+[2001-1458-301-8b--100-225]-9618&noUDP&sock=15969_fbf6_3>
...
006 (2325790.9475.000) 05/26 20:08:23 Image size of job updated: 275472
	267  -  MemoryUsage of job (MB)
	272664  -  ResidentSetSize of job (KB)
...
006 (2325790.9475.000) 05/26 20:09:08 Image size of job updated: 275472
	267  -  MemoryUsage of job (MB)
	272916  -  ResidentSetSize of job (KB)
...
005 (2325790.9475.000) 05/26 20:09:13 Job terminated.
	(1) Normal termination (return value 0)
		Usr 0 00:00:41, Sys 0 00:00:02  -  Run Remote Usage
		Usr 0 00:00:00, Sys 0 00:00:00  -  Run Local Usage
		Usr 0 00:00:41, Sys 0 00:00:02  -  Total Remote Usage
		Usr 0 00:00:00, Sys 0 00:00:00  -  Total Local Usage
	9156  -  Run Bytes Sent By Job
	436  -  Run Bytes Received By Job
	9156  -  Total Bytes Sent By Job
	436  -  Total Bytes Received By Job
	Partitionable Resources :    Usage  Request Allocated
	   Cpus                 :                 2         2
	   Disk (KB)            :       29        1   2055236
	   Memory (MB)          :      267     4000      4000
...
