000 (2325790.13076.000) 05/26 19:51:00 Job submitted from host: <137.138.44.75:9618?addrs=137.138.44.75-9618&noUDP&sock=3998_dfba_3>
...
001 (2325790.13076.000) 05/26 20:12:17 Job executing on host: <188.184.205.60:9618?addrs=188.184.205.60-9618+[2001-1458-301-7d--100-182]-9618&noUDP&sock=19592_0f96_3>
...
006 (2325790.13076.000) 05/26 20:12:25 Image size of job updated: 271376
	263  -  MemoryUsage of job (MB)
	268880  -  ResidentSetSize of job (KB)
...
006 (2325790.13076.000) 05/26 20:13:09 Image size of job updated: 1395236
	263  -  MemoryUsage of job (MB)
	268880  -  ResidentSetSize of job (KB)
...
005 (2325790.13076.000) 05/26 20:13:19 Job terminated.
	(1) Normal termination (return value 0)
		Usr 0 00:00:43, Sys 0 00:00:02  -  Run Remote Usage
		Usr 0 00:00:00, Sys 0 00:00:00  -  Run Local Usage
		Usr 0 00:00:43, Sys 0 00:00:02  -  Total Remote Usage
		Usr 0 00:00:00, Sys 0 00:00:00  -  Total Local Usage
	9191  -  Run Bytes Sent By Job
	436  -  Run Bytes Received By Job
	9191  -  Total Bytes Sent By Job
	436  -  Total Bytes Received By Job
	Partitionable Resources :    Usage  Request Allocated
	   Cpus                 :                 2         2
	   Disk (KB)            :       29        1   2190476
	   Memory (MB)          :      263     4000      4000
...
