000 (2325790.6410.000) 05/26 19:50:42 Job submitted from host: <137.138.44.75:9618?addrs=137.138.44.75-9618&noUDP&sock=3998_dfba_3>
...
001 (2325790.6410.000) 05/26 20:04:27 Job executing on host: <188.184.138.198:9618?addrs=188.184.138.198-9618+[2001-1458-301-45--100-bc]-9618&noUDP&sock=5698_eeba_3>
...
006 (2325790.6410.000) 05/26 20:04:36 Image size of job updated: 351084
	343  -  MemoryUsage of job (MB)
	350984  -  ResidentSetSize of job (KB)
...
006 (2325790.6410.000) 05/26 20:07:30 Image size of job updated: 740324
	343  -  MemoryUsage of job (MB)
	351136  -  ResidentSetSize of job (KB)
...
005 (2325790.6410.000) 05/26 20:07:30 Job terminated.
	(1) Normal termination (return value 0)
		Usr 0 00:00:49, Sys 0 00:00:02  -  Run Remote Usage
		Usr 0 00:00:00, Sys 0 00:00:00  -  Run Local Usage
		Usr 0 00:00:49, Sys 0 00:00:02  -  Total Remote Usage
		Usr 0 00:00:00, Sys 0 00:00:00  -  Total Local Usage
	9189  -  Run Bytes Sent By Job
	436  -  Run Bytes Received By Job
	9189  -  Total Bytes Sent By Job
	436  -  Total Bytes Received By Job
	Partitionable Resources :    Usage  Request Allocated
	   Cpus                 :                 2         2
	   Disk (KB)            :       32        1   2944401
	   Memory (MB)          :      343     4000      4000
...
