000 (2325790.12525.000) 05/26 19:50:58 Job submitted from host: <137.138.44.75:9618?addrs=137.138.44.75-9618&noUDP&sock=3998_dfba_3>
...
001 (2325790.12525.000) 05/26 20:11:33 Job executing on host: <188.184.206.254:9618?addrs=188.184.206.254-9618+[2001-1458-301-7d--100-2f9]-9618&noUDP&sock=19594_6ec6_3>
...
006 (2325790.12525.000) 05/26 20:11:42 Image size of job updated: 287692
	279  -  MemoryUsage of job (MB)
	284900  -  ResidentSetSize of job (KB)
...
006 (2325790.12525.000) 05/26 20:12:53 Image size of job updated: 287692
	279  -  MemoryUsage of job (MB)
	285188  -  ResidentSetSize of job (KB)
...
005 (2325790.12525.000) 05/26 20:13:04 Job terminated.
	(1) Normal termination (return value 0)
		Usr 0 00:00:43, Sys 0 00:00:02  -  Run Remote Usage
		Usr 0 00:00:00, Sys 0 00:00:00  -  Run Local Usage
		Usr 0 00:00:43, Sys 0 00:00:02  -  Total Remote Usage
		Usr 0 00:00:00, Sys 0 00:00:00  -  Total Local Usage
	9199  -  Run Bytes Sent By Job
	436  -  Run Bytes Received By Job
	9199  -  Total Bytes Sent By Job
	436  -  Total Bytes Received By Job
	Partitionable Resources :    Usage  Request Allocated
	   Cpus                 :                 2         2
	   Disk (KB)            :       29        1   2191029
	   Memory (MB)          :      279     4000      4000
...
