000 (2325790.7078.000) 05/26 19:50:44 Job submitted from host: <137.138.44.75:9618?addrs=137.138.44.75-9618&noUDP&sock=3998_dfba_3>
...
001 (2325790.7078.000) 05/26 20:05:22 Job executing on host: <128.142.97.70:9618?addrs=128.142.97.70-9618+[2001-1458-301-87--100-14c]-9618&noUDP&sock=16924_08e8_3>
...
006 (2325790.7078.000) 05/26 20:05:31 Image size of job updated: 99208
	97  -  MemoryUsage of job (MB)
	99208  -  ResidentSetSize of job (KB)
...
006 (2325790.7078.000) 05/26 20:08:00 Image size of job updated: 226708
	97  -  MemoryUsage of job (MB)
	99208  -  ResidentSetSize of job (KB)
...
005 (2325790.7078.000) 05/26 20:08:00 Job terminated.
	(1) Normal termination (return value 0)
		Usr 0 00:00:42, Sys 0 00:00:02  -  Run Remote Usage
		Usr 0 00:00:00, Sys 0 00:00:00  -  Run Local Usage
		Usr 0 00:00:42, Sys 0 00:00:02  -  Total Remote Usage
		Usr 0 00:00:00, Sys 0 00:00:00  -  Total Local Usage
	9113  -  Run Bytes Sent By Job
	436  -  Run Bytes Received By Job
	9113  -  Total Bytes Sent By Job
	436  -  Total Bytes Received By Job
	Partitionable Resources :    Usage  Request Allocated
	   Cpus                 :                 2         2
	   Disk (KB)            :       31        1   4395053
	   Memory (MB)          :       97     4000      4000
...
