000 (2325790.786.000) 05/26 19:50:27 Job submitted from host: <137.138.44.75:9618?addrs=137.138.44.75-9618&noUDP&sock=3998_dfba_3>
...
001 (2325790.786.000) 05/26 19:57:32 Job executing on host: <188.184.205.89:9618?addrs=188.184.205.89-9618+[2001-1458-301-7d--100-142]-9618&noUDP&sock=19727_a8df_3>
...
006 (2325790.786.000) 05/26 19:57:40 Image size of job updated: 197952
	185  -  MemoryUsage of job (MB)
	189388  -  ResidentSetSize of job (KB)
...
006 (2325790.786.000) 05/26 19:59:56 Image size of job updated: 197952
	186  -  MemoryUsage of job (MB)
	189508  -  ResidentSetSize of job (KB)
...
005 (2325790.786.000) 05/26 19:59:56 Job terminated.
	(1) Normal termination (return value 0)
		Usr 0 00:00:56, Sys 0 00:00:02  -  Run Remote Usage
		Usr 0 00:00:00, Sys 0 00:00:00  -  Run Local Usage
		Usr 0 00:00:56, Sys 0 00:00:02  -  Total Remote Usage
		Usr 0 00:00:00, Sys 0 00:00:00  -  Total Local Usage
	9189  -  Run Bytes Sent By Job
	436  -  Run Bytes Received By Job
	9189  -  Total Bytes Sent By Job
	436  -  Total Bytes Received By Job
	Partitionable Resources :    Usage  Request Allocated
	   Cpus                 :                 2         2
	   Disk (KB)            :       31        1   2155854
	   Memory (MB)          :      186     4000      4000
...
