000 (2325790.402.000) 05/26 19:50:26 Job submitted from host: <137.138.44.75:9618?addrs=137.138.44.75-9618&noUDP&sock=3998_dfba_3>
...
001 (2325790.402.000) 05/26 19:56:19 Job executing on host: <188.184.204.133:9618?addrs=188.184.204.133-9618+[2001-1458-301-7d--100-85]-9618&noUDP&sock=19471_10a0_3>
...
006 (2325790.402.000) 05/26 19:56:27 Image size of job updated: 227068
	214  -  MemoryUsage of job (MB)
	218200  -  ResidentSetSize of job (KB)
...
005 (2325790.402.000) 05/26 19:57:29 Job terminated.
	(1) Normal termination (return value 0)
		Usr 0 00:00:53, Sys 0 00:00:02  -  Run Remote Usage
		Usr 0 00:00:00, Sys 0 00:00:00  -  Run Local Usage
		Usr 0 00:00:53, Sys 0 00:00:02  -  Total Remote Usage
		Usr 0 00:00:00, Sys 0 00:00:00  -  Total Local Usage
	9191  -  Run Bytes Sent By Job
	436  -  Run Bytes Received By Job
	9191  -  Total Bytes Sent By Job
	436  -  Total Bytes Received By Job
	Partitionable Resources :    Usage  Request Allocated
	   Cpus                 :                 2         2
	   Disk (KB)            :       29        1   2186156
	   Memory (MB)          :      214     4000      4000
...
