000 (2325790.5850.000) 05/26 19:50:41 Job submitted from host: <137.138.44.75:9618?addrs=137.138.44.75-9618&noUDP&sock=3998_dfba_3>
...
001 (2325790.5850.000) 05/26 20:03:39 Job executing on host: <137.138.119.81:9618?addrs=137.138.119.81-9618+[2001-1458-d00-4--56]-9618&noUDP&sock=19548_e16b_3>
...
006 (2325790.5850.000) 05/26 20:03:47 Image size of job updated: 235960
	228  -  MemoryUsage of job (MB)
	233152  -  ResidentSetSize of job (KB)
...
006 (2325790.5850.000) 05/26 20:05:45 Image size of job updated: 755636
	229  -  MemoryUsage of job (MB)
	233500  -  ResidentSetSize of job (KB)
...
005 (2325790.5850.000) 05/26 20:05:45 Job terminated.
	(1) Normal termination (return value 0)
		Usr 0 00:00:37, Sys 0 00:00:02  -  Run Remote Usage
		Usr 0 00:00:00, Sys 0 00:00:00  -  Run Local Usage
		Usr 0 00:00:37, Sys 0 00:00:02  -  Total Remote Usage
		Usr 0 00:00:00, Sys 0 00:00:00  -  Total Local Usage
	8286  -  Run Bytes Sent By Job
	436  -  Run Bytes Received By Job
	8286  -  Total Bytes Sent By Job
	436  -  Total Bytes Received By Job
	Partitionable Resources :    Usage  Request Allocated
	   Cpus                 :                 2         2
	   Disk (KB)            :       29        1   2079365
	   Memory (MB)          :      229     4000      4000
...
