000 (2325790.14596.000) 05/26 19:51:03 Job submitted from host: <137.138.44.75:9618?addrs=137.138.44.75-9618&noUDP&sock=3998_dfba_3>
...
001 (2325790.14596.000) 05/26 20:14:10 Job executing on host: <188.184.206.190:9618?addrs=188.184.206.190-9618+[2001-1458-301-7d--100-260]-9618&noUDP&sock=19555_ae95_3>
...
006 (2325790.14596.000) 05/26 20:14:18 Image size of job updated: 92100
	90  -  MemoryUsage of job (MB)
	91724  -  ResidentSetSize of job (KB)
...
006 (2325790.14596.000) 05/26 20:16:53 Image size of job updated: 1382268
	91  -  MemoryUsage of job (MB)
	92184  -  ResidentSetSize of job (KB)
...
005 (2325790.14596.000) 05/26 20:16:53 Job terminated.
	(1) Normal termination (return value 0)
		Usr 0 00:00:39, Sys 0 00:00:01  -  Run Remote Usage
		Usr 0 00:00:00, Sys 0 00:00:00  -  Run Local Usage
		Usr 0 00:00:39, Sys 0 00:00:01  -  Total Remote Usage
		Usr 0 00:00:00, Sys 0 00:00:00  -  Total Local Usage
	9200  -  Run Bytes Sent By Job
	436  -  Run Bytes Received By Job
	9200  -  Total Bytes Sent By Job
	436  -  Total Bytes Received By Job
	Partitionable Resources :    Usage  Request Allocated
	   Cpus                 :                 2         2
	   Disk (KB)            :       31        1   2104071
	   Memory (MB)          :       91     4000      4000
...
