000 (2325790.10580.000) 05/26 19:50:52 Job submitted from host: <137.138.44.75:9618?addrs=137.138.44.75-9618&noUDP&sock=3998_dfba_3>
...
001 (2325790.10580.000) 05/26 20:09:20 Job executing on host: <188.184.207.98:9618?addrs=188.184.207.98-9618+[2001-1458-301-7d--100-36f]-9618&noUDP&sock=19734_7608_3>
...
006 (2325790.10580.000) 05/26 20:09:29 Image size of job updated: 233080
	225  -  MemoryUsage of job (MB)
	230364  -  ResidentSetSize of job (KB)
...
006 (2325790.10580.000) 05/26 20:10:19 Image size of job updated: 233080
	227  -  MemoryUsage of job (MB)
	231492  -  ResidentSetSize of job (KB)
...
005 (2325790.10580.000) 05/26 20:10:29 Job terminated.
	(1) Normal termination (return value 0)
		Usr 0 00:00:43, Sys 0 00:00:02  -  Run Remote Usage
		Usr 0 00:00:00, Sys 0 00:00:00  -  Run Local Usage
		Usr 0 00:00:43, Sys 0 00:00:02  -  Total Remote Usage
		Usr 0 00:00:00, Sys 0 00:00:00  -  Total Local Usage
	9200  -  Run Bytes Sent By Job
	436  -  Run Bytes Received By Job
	9200  -  Total Bytes Sent By Job
	436  -  Total Bytes Received By Job
	Partitionable Resources :    Usage  Request Allocated
	   Cpus                 :                 2         2
	   Disk (KB)            :       29        1   2200923
	   Memory (MB)          :      227     4000      4000
...
