000 (2325790.14281.000) 05/26 19:51:03 Job submitted from host: <137.138.44.75:9618?addrs=137.138.44.75-9618&noUDP&sock=3998_dfba_3>
...
001 (2325790.14281.000) 05/26 20:13:52 Job executing on host: <128.142.101.42:9618?addrs=128.142.101.42-9618+[2001-1458-301-89--100-11d]-9618&noUDP&sock=15971_5b27_3>
...
006 (2325790.14281.000) 05/26 20:14:01 Image size of job updated: 154816
	149  -  MemoryUsage of job (MB)
	152008  -  ResidentSetSize of job (KB)
...
006 (2325790.14281.000) 05/26 20:15:19 Image size of job updated: 226864
	150  -  MemoryUsage of job (MB)
	153156  -  ResidentSetSize of job (KB)
...
005 (2325790.14281.000) 05/26 20:15:20 Job terminated.
	(1) Normal termination (return value 0)
		Usr 0 00:00:44, Sys 0 00:00:02  -  Run Remote Usage
		Usr 0 00:00:00, Sys 0 00:00:00  -  Run Local Usage
		Usr 0 00:00:44, Sys 0 00:00:02  -  Total Remote Usage
		Usr 0 00:00:00, Sys 0 00:00:00  -  Total Local Usage
	9207  -  Run Bytes Sent By Job
	436  -  Run Bytes Received By Job
	9207  -  Total Bytes Sent By Job
	436  -  Total Bytes Received By Job
	Partitionable Resources :    Usage  Request Allocated
	   Cpus                 :                 2         2
	   Disk (KB)            :       29        1   2055265
	   Memory (MB)          :      150     4000      4000
...
