000 (2325790.7264.000) 05/26 19:50:44 Job submitted from host: <137.138.44.75:9618?addrs=137.138.44.75-9618&noUDP&sock=3998_dfba_3>
...
001 (2325790.7264.000) 05/26 20:05:38 Job executing on host: <188.184.206.238:9618?addrs=188.184.206.238-9618+[2001-1458-301-7d--100-2d7]-9618&noUDP&sock=19508_71a1_3>
...
006 (2325790.7264.000) 05/26 20:05:46 Image size of job updated: 92864
	89  -  MemoryUsage of job (MB)
	90124  -  ResidentSetSize of job (KB)
...
006 (2325790.7264.000) 05/26 20:07:57 Image size of job updated: 216508
	89  -  MemoryUsage of job (MB)
	90152  -  ResidentSetSize of job (KB)
...
005 (2325790.7264.000) 05/26 20:07:57 Job terminated.
	(1) Normal termination (return value 0)
		Usr 0 00:00:43, Sys 0 00:00:02  -  Run Remote Usage
		Usr 0 00:00:00, Sys 0 00:00:00  -  Run Local Usage
		Usr 0 00:00:43, Sys 0 00:00:02  -  Total Remote Usage
		Usr 0 00:00:00, Sys 0 00:00:00  -  Total Local Usage
	9192  -  Run Bytes Sent By Job
	436  -  Run Bytes Received By Job
	9192  -  Total Bytes Sent By Job
	436  -  Total Bytes Received By Job
	Partitionable Resources :    Usage  Request Allocated
	   Cpus                 :                 2         2
	   Disk (KB)            :       31        1   2162104
	   Memory (MB)          :       89     4000      4000
...
