000 (2325790.3856.000) 05/26 19:50:36 Job submitted from host: <137.138.44.75:9618?addrs=137.138.44.75-9618&noUDP&sock=3998_dfba_3>
...
001 (2325790.3856.000) 05/26 20:01:03 Job executing on host: <188.184.206.116:9618?addrs=188.184.206.116-9618+[2001-1458-301-7d--100-267]-9618&noUDP&sock=19613_7713_3>
...
006 (2325790.3856.000) 05/26 20:01:12 Image size of job updated: 203400
	196  -  MemoryUsage of job (MB)
	200592  -  ResidentSetSize of job (KB)
...
006 (2325790.3856.000) 05/26 20:03:13 Image size of job updated: 686700
	197  -  MemoryUsage of job (MB)
	200800  -  ResidentSetSize of job (KB)
...
005 (2325790.3856.000) 05/26 20:03:13 Job terminated.
	(1) Normal termination (return value 0)
		Usr 0 00:00:51, Sys 0 00:00:02  -  Run Remote Usage
		Usr 0 00:00:00, Sys 0 00:00:00  -  Run Local Usage
		Usr 0 00:00:51, Sys 0 00:00:02  -  Total Remote Usage
		Usr 0 00:00:00, Sys 0 00:00:00  -  Total Local Usage
	9190  -  Run Bytes Sent By Job
	436  -  Run Bytes Received By Job
	9190  -  Total Bytes Sent By Job
	436  -  Total Bytes Received By Job
	Partitionable Resources :    Usage  Request Allocated
	   Cpus                 :                 2         2
	   Disk (KB)            :       30        1   2116378
	   Memory (MB)          :      197     4000      4000
...
