000 (2325790.5079.000) 05/26 19:50:39 Job submitted from host: <137.138.44.75:9618?addrs=137.138.44.75-9618&noUDP&sock=3998_dfba_3>
...
001 (2325790.5079.000) 05/26 20:02:44 Job executing on host: <128.142.104.152:9618?addrs=128.142.104.152-9618+[2001-1458-301-8b--100-83]-9618&noUDP&sock=16292_890d_3>
...
006 (2325790.5079.000) 05/26 20:02:53 Image size of job updated: 101732
	97  -  MemoryUsage of job (MB)
	98992  -  ResidentSetSize of job (KB)
...
006 (2325790.5079.000) 05/26 20:05:32 Image size of job updated: 1823432
	97  -  MemoryUsage of job (MB)
	99196  -  ResidentSetSize of job (KB)
...
005 (2325790.5079.000) 05/26 20:05:33 Job terminated.
	(1) Normal termination (return value 0)
		Usr 0 00:00:50, Sys 0 00:00:02  -  Run Remote Usage
		Usr 0 00:00:00, Sys 0 00:00:00  -  Run Local Usage
		Usr 0 00:00:50, Sys 0 00:00:02  -  Total Remote Usage
		Usr 0 00:00:00, Sys 0 00:00:00  -  Total Local Usage
	9192  -  Run Bytes Sent By Job
	436  -  Run Bytes Received By Job
	9192  -  Total Bytes Sent By Job
	436  -  Total Bytes Received By Job
	Partitionable Resources :    Usage  Request Allocated
	   Cpus                 :                 2         2
	   Disk (KB)            :       31        1   2204924
	   Memory (MB)          :       97     4000      4000
...
