000 (2325790.8245.000) 05/26 19:50:46 Job submitted from host: <137.138.44.75:9618?addrs=137.138.44.75-9618&noUDP&sock=3998_dfba_3>
...
001 (2325790.8245.000) 05/26 20:06:52 Job executing on host: <188.184.142.104:9618?addrs=188.184.142.104-9618+[2001-1458-301-46--100-65]-9618&noUDP&sock=4739_2367_3>
...
006 (2325790.8245.000) 05/26 20:07:01 Image size of job updated: 98164
	94  -  MemoryUsage of job (MB)
	95448  -  ResidentSetSize of job (KB)
...
006 (2325790.8245.000) 05/26 20:08:51 Image size of job updated: 232384
	94  -  MemoryUsage of job (MB)
	95448  -  ResidentSetSize of job (KB)
...
005 (2325790.8245.000) 05/26 20:09:00 Job terminated.
	(1) Normal termination (return value 0)
		Usr 0 00:00:40, Sys 0 00:00:02  -  Run Remote Usage
		Usr 0 00:00:00, Sys 0 00:00:00  -  Run Local Usage
		Usr 0 00:00:40, Sys 0 00:00:02  -  Total Remote Usage
		Usr 0 00:00:00, Sys 0 00:00:00  -  Total Local Usage
	9195  -  Run Bytes Sent By Job
	436  -  Run Bytes Received By Job
	9195  -  Total Bytes Sent By Job
	436  -  Total Bytes Received By Job
	Partitionable Resources :    Usage  Request Allocated
	   Cpus                 :                 2         2
	   Disk (KB)            :       30        1   2170500
	   Memory (MB)          :       94     4000      4000
...
