000 (2325790.8136.000) 05/26 19:50:46 Job submitted from host: <137.138.44.75:9618?addrs=137.138.44.75-9618&noUDP&sock=3998_dfba_3>
...
001 (2325790.8136.000) 05/26 20:06:49 Job executing on host: <188.184.207.42:9618?addrs=188.184.207.42-9618+[2001-1458-301-7d--100-326]-9618&noUDP&sock=19599_dcbf_3>
...
006 (2325790.8136.000) 05/26 20:06:58 Image size of job updated: 101408
	97  -  MemoryUsage of job (MB)
	98616  -  ResidentSetSize of job (KB)
...
006 (2325790.8136.000) 05/26 20:08:24 Image size of job updated: 232596
	97  -  MemoryUsage of job (MB)
	98668  -  ResidentSetSize of job (KB)
...
005 (2325790.8136.000) 05/26 20:08:24 Job terminated.
	(1) Normal termination (return value 0)
		Usr 0 00:00:35, Sys 0 00:00:02  -  Run Remote Usage
		Usr 0 00:00:00, Sys 0 00:00:00  -  Run Local Usage
		Usr 0 00:00:35, Sys 0 00:00:02  -  Total Remote Usage
		Usr 0 00:00:00, Sys 0 00:00:00  -  Total Local Usage
	9197  -  Run Bytes Sent By Job
	436  -  Run Bytes Received By Job
	9197  -  Total Bytes Sent By Job
	436  -  Total Bytes Received By Job
	Partitionable Resources :    Usage  Request Allocated
	   Cpus                 :                 2         2
	   Disk (KB)            :       30        1   2212192
	   Memory (MB)          :       97     4000      4000
...
