000 (2325790.12829.000) 05/26 19:50:59 Job submitted from host: <137.138.44.75:9618?addrs=137.138.44.75-9618&noUDP&sock=3998_dfba_3>
...
001 (2325790.12829.000) 05/26 20:12:02 Job executing on host: <188.184.207.104:9618?addrs=188.184.207.104-9618+[2001-1458-301-7d--100-378]-9618&noUDP&sock=19648_78e3_3>
...
006 (2325790.12829.000) 05/26 20:12:11 Image size of job updated: 93120
	90  -  MemoryUsage of job (MB)
	91652  -  ResidentSetSize of job (KB)
...
006 (2325790.12829.000) 05/26 20:15:42 Image size of job updated: 222388
	90  -  MemoryUsage of job (MB)
	91652  -  ResidentSetSize of job (KB)
...
005 (2325790.12829.000) 05/26 20:15:42 Job terminated.
	(1) Normal termination (return value 0)
		Usr 0 00:00:46, Sys 0 00:00:02  -  Run Remote Usage
		Usr 0 00:00:00, Sys 0 00:00:00  -  Run Local Usage
		Usr 0 00:00:46, Sys 0 00:00:02  -  Total Remote Usage
		Usr 0 00:00:00, Sys 0 00:00:00  -  Total Local Usage
	9196  -  Run Bytes Sent By Job
	436  -  Run Bytes Received By Job
	9196  -  Total Bytes Sent By Job
	436  -  Total Bytes Received By Job
	Partitionable Resources :    Usage  Request Allocated
	   Cpus                 :                 2         2
	   Disk (KB)            :       32        1   2176810
	   Memory (MB)          :       90     4000      4000
...
