000 (2325790.8840.000) 05/26 19:50:48 Job submitted from host: <137.138.44.75:9618?addrs=137.138.44.75-9618&noUDP&sock=3998_dfba_3>
...
001 (2325790.8840.000) 05/26 20:07:33 Job executing on host: <188.184.204.64:9618?addrs=188.184.204.64-9618+[2001-1458-301-7d--100-29]-9618&noUDP&sock=23804_247d_3>
...
006 (2325790.8840.000) 05/26 20:07:41 Image size of job updated: 226600
	219  -  MemoryUsage of job (MB)
	223808  -  ResidentSetSize of job (KB)
...
006 (2325790.8840.000) 05/26 20:09:34 Image size of job updated: 1359060
	219  -  MemoryUsage of job (MB)
	224072  -  ResidentSetSize of job (KB)
...
005 (2325790.8840.000) 05/26 20:09:35 Job terminated.
	(1) Normal termination (return value 0)
		Usr 0 00:00:42, Sys 0 00:00:02  -  Run Remote Usage
		Usr 0 00:00:00, Sys 0 00:00:00  -  Run Local Usage
		Usr 0 00:00:42, Sys 0 00:00:02  -  Total Remote Usage
		Usr 0 00:00:00, Sys 0 00:00:00  -  Total Local Usage
	9156  -  Run Bytes Sent By Job
	436  -  Run Bytes Received By Job
	9156  -  Total Bytes Sent By Job
	436  -  Total Bytes Received By Job
	Partitionable Resources :    Usage  Request Allocated
	   Cpus                 :                 2         2
	   Disk (KB)            :       30        1   2218119
	   Memory (MB)          :      219     4000      4000
...
