000 (2325790.10693.000) 05/26 19:50:52 Job submitted from host: <137.138.44.75:9618?addrs=137.138.44.75-9618&noUDP&sock=3998_dfba_3>
...
001 (2325790.10693.000) 05/26 20:09:29 Job executing on host: <188.184.205.89:9618?addrs=188.184.205.89-9618+[2001-1458-301-7d--100-142]-9618&noUDP&sock=19727_a8df_3>
...
006 (2325790.10693.000) 05/26 20:09:37 Image size of job updated: 268624
	260  -  MemoryUsage of job (MB)
	265832  -  ResidentSetSize of job (KB)
...
006 (2325790.10693.000) 05/26 20:11:22 Image size of job updated: 268624
	260  -  MemoryUsage of job (MB)
	266236  -  ResidentSetSize of job (KB)
...
005 (2325790.10693.000) 05/26 20:11:27 Job terminated.
	(1) Normal termination (return value 0)
		Usr 0 00:00:43, Sys 0 00:00:02  -  Run Remote Usage
		Usr 0 00:00:00, Sys 0 00:00:00  -  Run Local Usage
		Usr 0 00:00:43, Sys 0 00:00:02  -  Total Remote Usage
		Usr 0 00:00:00, Sys 0 00:00:00  -  Total Local Usage
	9196  -  Run Bytes Sent By Job
	436  -  Run Bytes Received By Job
	9196  -  Total Bytes Sent By Job
	436  -  Total Bytes Received By Job
	Partitionable Resources :    Usage  Request Allocated
	   Cpus                 :                 2         2
	   Disk (KB)            :       30        1   2155854
	   Memory (MB)          :      260     4000      4000
...
