000 (2325790.4221.000) 05/26 19:50:37 Job submitted from host: <137.138.44.75:9618?addrs=137.138.44.75-9618&noUDP&sock=3998_dfba_3>
...
001 (2325790.4221.000) 05/26 20:01:36 Job executing on host: <188.184.205.156:9618?addrs=188.184.205.156-9618+[2001-1458-301-7d--100-195]-9618&noUDP&sock=19602_eb88_3>
...
006 (2325790.4221.000) 05/26 20:01:44 Image size of job updated: 239272
	232  -  MemoryUsage of job (MB)
	236556  -  ResidentSetSize of job (KB)
...
006 (2325790.4221.000) 05/26 20:04:01 Image size of job updated: 1881416
	232  -  MemoryUsage of job (MB)
	236556  -  ResidentSetSize of job (KB)
...
005 (2325790.4221.000) 05/26 20:04:01 Job terminated.
	(1) Normal termination (return value 0)
		Usr 0 00:00:58, Sys 0 00:00:02  -  Run Remote Usage
		Usr 0 00:00:00, Sys 0 00:00:00  -  Run Local Usage
		Usr 0 00:00:58, Sys 0 00:00:02  -  Total Remote Usage
		Usr 0 00:00:00, Sys 0 00:00:00  -  Total Local Usage
	9193  -  Run Bytes Sent By Job
	436  -  Run Bytes Received By Job
	9193  -  Total Bytes Sent By Job
	436  -  Total Bytes Received By Job
	Partitionable Resources :    Usage  Request Allocated
	   Cpus                 :                 2         2
	   Disk (KB)            :       31        1   2146645
	   Memory (MB)          :      232     4000      4000
...
