000 (2325790.7038.000) 05/26 19:50:44 Job submitted from host: <137.138.44.75:9618?addrs=137.138.44.75-9618&noUDP&sock=3998_dfba_3>
...
001 (2325790.7038.000) 05/26 20:05:18 Job executing on host: <188.184.186.43:9618?addrs=188.184.186.43-9618+[2001-1458-301-f8--100-42]-9618&noUDP&sock=16542_03ba_3>
...
006 (2325790.7038.000) 05/26 20:05:27 Image size of job updated: 95332
	94  -  MemoryUsage of job (MB)
	95332  -  ResidentSetSize of job (KB)
...
006 (2325790.7038.000) 05/26 20:06:56 Image size of job updated: 1396784
	94  -  MemoryUsage of job (MB)
	95332  -  ResidentSetSize of job (KB)
...
005 (2325790.7038.000) 05/26 20:06:56 Job terminated.
	(1) Normal termination (return value 0)
		Usr 0 00:00:23, Sys 0 00:00:01  -  Run Remote Usage
		Usr 0 00:00:00, Sys 0 00:00:00  -  Run Local Usage
		Usr 0 00:00:23, Sys 0 00:00:01  -  Total Remote Usage
		Usr 0 00:00:00, Sys 0 00:00:00  -  Total Local Usage
	8248  -  Run Bytes Sent By Job
	436  -  Run Bytes Received By Job
	8248  -  Total Bytes Sent By Job
	436  -  Total Bytes Received By Job
	Partitionable Resources :    Usage  Request Allocated
	   Cpus                 :                 2         2
	   Disk (KB)            :       29        1   2181656
	   Memory (MB)          :       94     4000      4000
...
