000 (2325790.14530.000) 05/26 19:51:03 Job submitted from host: <137.138.44.75:9618?addrs=137.138.44.75-9618&noUDP&sock=3998_dfba_3>
...
001 (2325790.14530.000) 05/26 20:14:04 Job executing on host: <188.184.206.236:9618?addrs=188.184.206.236-9618+[2001-1458-301-7d--100-2c4]-9618&noUDP&sock=19560_1c8e_3>
...
006 (2325790.14530.000) 05/26 20:14:13 Image size of job updated: 92424
	88  -  MemoryUsage of job (MB)
	89772  -  ResidentSetSize of job (KB)
...
006 (2325790.14530.000) 05/26 20:16:39 Image size of job updated: 233084
	88  -  MemoryUsage of job (MB)
	89800  -  ResidentSetSize of job (KB)
...
005 (2325790.14530.000) 05/26 20:16:39 Job terminated.
	(1) Normal termination (return value 0)
		Usr 0 00:00:42, Sys 0 00:00:02  -  Run Remote Usage
		Usr 0 00:00:00, Sys 0 00:00:00  -  Run Local Usage
		Usr 0 00:00:42, Sys 0 00:00:02  -  Total Remote Usage
		Usr 0 00:00:00, Sys 0 00:00:00  -  Total Local Usage
	9196  -  Run Bytes Sent By Job
	436  -  Run Bytes Received By Job
	9196  -  Total Bytes Sent By Job
	436  -  Total Bytes Received By Job
	Partitionable Resources :    Usage  Request Allocated
	   Cpus                 :                 2         2
	   Disk (KB)            :       31        1   2192876
	   Memory (MB)          :       88     4000      4000
...
