000 (2325790.4247.000) 05/26 19:50:37 Job submitted from host: <137.138.44.75:9618?addrs=137.138.44.75-9618&noUDP&sock=3998_dfba_3>
...
001 (2325790.4247.000) 05/26 20:01:41 Job executing on host: <128.142.96.26:9618?addrs=128.142.96.26-9618+[2001-1458-301-87--100-4c]-9618&noUDP&sock=16893_c578_3>
...
006 (2325790.4247.000) 05/26 20:01:51 Image size of job updated: 100488
	96  -  MemoryUsage of job (MB)
	97680  -  ResidentSetSize of job (KB)
...
006 (2325790.4247.000) 05/26 20:03:13 Image size of job updated: 1871208
	96  -  MemoryUsage of job (MB)
	97680  -  ResidentSetSize of job (KB)
...
005 (2325790.4247.000) 05/26 20:03:14 Job terminated.
	(1) Normal termination (return value 0)
		Usr 0 00:00:42, Sys 0 00:00:02  -  Run Remote Usage
		Usr 0 00:00:00, Sys 0 00:00:00  -  Run Local Usage
		Usr 0 00:00:42, Sys 0 00:00:02  -  Total Remote Usage
		Usr 0 00:00:00, Sys 0 00:00:00  -  Total Local Usage
	9187  -  Run Bytes Sent By Job
	436  -  Run Bytes Received By Job
	9187  -  Total Bytes Sent By Job
	436  -  Total Bytes Received By Job
	Partitionable Resources :    Usage  Request Allocated
	   Cpus                 :                 2         2
	   Disk (KB)            :       30        1   4306645
	   Memory (MB)          :       96     4000      4000
...
