000 (2325790.5581.000) 05/26 19:50:40 Job submitted from host: <137.138.44.75:9618?addrs=137.138.44.75-9618&noUDP&sock=3998_dfba_3>
...
001 (2325790.5581.000) 05/26 20:03:23 Job executing on host: <188.184.142.104:9618?addrs=188.184.142.104-9618+[2001-1458-301-46--100-65]-9618&noUDP&sock=4739_2367_3>
...
006 (2325790.5581.000) 05/26 20:03:32 Image size of job updated: 337244
	329  -  MemoryUsage of job (MB)
	336016  -  ResidentSetSize of job (KB)
...
006 (2325790.5581.000) 05/26 20:04:11 Image size of job updated: 618200
	329  -  MemoryUsage of job (MB)
	336264  -  ResidentSetSize of job (KB)
...
005 (2325790.5581.000) 05/26 20:04:11 Job terminated.
	(1) Normal termination (return value 0)
		Usr 0 00:00:34, Sys 0 00:00:02  -  Run Remote Usage
		Usr 0 00:00:00, Sys 0 00:00:00  -  Run Local Usage
		Usr 0 00:00:34, Sys 0 00:00:02  -  Total Remote Usage
		Usr 0 00:00:00, Sys 0 00:00:00  -  Total Local Usage
	8282  -  Run Bytes Sent By Job
	436  -  Run Bytes Received By Job
	8282  -  Total Bytes Sent By Job
	436  -  Total Bytes Received By Job
	Partitionable Resources :    Usage  Request Allocated
	   Cpus                 :                 2         2
	   Disk (KB)            :       28        1   2170500
	   Memory (MB)          :      329     4000      4000
...
