000 (2325790.11098.000) 05/26 19:50:54 Job submitted from host: <137.138.44.75:9618?addrs=137.138.44.75-9618&noUDP&sock=3998_dfba_3>
...
001 (2325790.11098.000) 05/26 20:10:08 Job executing on host: <188.184.132.181:9618?addrs=188.184.132.181-9618+[2001-1458-301-a0--100-d0]-9618&noUDP&sock=16568_d931_3>
...
006 (2325790.11098.000) 05/26 20:10:16 Image size of job updated: 94112
	90  -  MemoryUsage of job (MB)
	91460  -  ResidentSetSize of job (KB)
...
006 (2325790.11098.000) 05/26 20:12:50 Image size of job updated: 214840
	90  -  MemoryUsage of job (MB)
	91460  -  ResidentSetSize of job (KB)
...
005 (2325790.11098.000) 05/26 20:13:01 Job terminated.
	(1) Normal termination (return value 0)
		Usr 0 00:00:42, Sys 0 00:00:02  -  Run Remote Usage
		Usr 0 00:00:00, Sys 0 00:00:00  -  Run Local Usage
		Usr 0 00:00:42, Sys 0 00:00:02  -  Total Remote Usage
		Usr 0 00:00:00, Sys 0 00:00:00  -  Total Local Usage
	9196  -  Run Bytes Sent By Job
	436  -  Run Bytes Received By Job
	9196  -  Total Bytes Sent By Job
	436  -  Total Bytes Received By Job
	Partitionable Resources :    Usage  Request Allocated
	   Cpus                 :                 2         2
	   Disk (KB)            :       31        1   2066666
	   Memory (MB)          :       90     4000      4000
...
