000 (2325790.13537.000) 05/26 19:51:01 Job submitted from host: <137.138.44.75:9618?addrs=137.138.44.75-9618&noUDP&sock=3998_dfba_3>
...
001 (2325790.13537.000) 05/26 20:13:08 Job executing on host: <188.185.196.8:9618?addrs=188.185.196.8-9618+[2001-1459-301-48--100-25]-9618&noUDP&sock=17049_c63f_3>
...
006 (2325790.13537.000) 05/26 20:13:17 Image size of job updated: 224140
	217  -  MemoryUsage of job (MB)
	221380  -  ResidentSetSize of job (KB)
...
006 (2325790.13537.000) 05/26 20:14:07 Image size of job updated: 1478692
	235  -  MemoryUsage of job (MB)
	239624  -  ResidentSetSize of job (KB)
...
005 (2325790.13537.000) 05/26 20:14:09 Job terminated.
	(1) Normal termination (return value 0)
		Usr 0 00:00:38, Sys 0 00:00:02  -  Run Remote Usage
		Usr 0 00:00:00, Sys 0 00:00:00  -  Run Local Usage
		Usr 0 00:00:38, Sys 0 00:00:02  -  Total Remote Usage
		Usr 0 00:00:00, Sys 0 00:00:00  -  Total Local Usage
	9199  -  Run Bytes Sent By Job
	436  -  Run Bytes Received By Job
	9199  -  Total Bytes Sent By Job
	436  -  Total Bytes Received By Job
	Partitionable Resources :    Usage  Request Allocated
	   Cpus                 :                 2         2
	   Disk (KB)            :       29        1   3845682
	   Memory (MB)          :      235     4000      4000
...
