000 (2325790.1403.000) 05/26 19:50:29 Job submitted from host: <137.138.44.75:9618?addrs=137.138.44.75-9618&noUDP&sock=3998_dfba_3>
...
001 (2325790.1403.000) 05/26 19:55:10 Job executing on host: <188.184.205.184:9618?addrs=188.184.205.184-9618+[2001-1458-301-7d--100-177]-9618&noUDP&sock=19516_ee63_3>
...
006 (2325790.1403.000) 05/26 19:55:19 Image size of job updated: 93152
	89  -  MemoryUsage of job (MB)
	90344  -  ResidentSetSize of job (KB)
...
006 (2325790.1403.000) 05/26 19:58:17 Image size of job updated: 1971152
	89  -  MemoryUsage of job (MB)
	90344  -  ResidentSetSize of job (KB)
...
005 (2325790.1403.000) 05/26 19:58:18 Job terminated.
	(1) Normal termination (return value 0)
		Usr 0 00:00:56, Sys 0 00:00:02  -  Run Remote Usage
		Usr 0 00:00:00, Sys 0 00:00:00  -  Run Local Usage
		Usr 0 00:00:56, Sys 0 00:00:02  -  Total Remote Usage
		Usr 0 00:00:00, Sys 0 00:00:00  -  Total Local Usage
	9196  -  Run Bytes Sent By Job
	436  -  Run Bytes Received By Job
	9196  -  Total Bytes Sent By Job
	436  -  Total Bytes Received By Job
	Partitionable Resources :    Usage  Request Allocated
	   Cpus                 :                 2         2
	   Disk (KB)            :       32        1   2115296
	   Memory (MB)          :       89     4000      4000
...
