000 (2325790.1123.000) 05/26 19:50:28 Job submitted from host: <137.138.44.75:9618?addrs=137.138.44.75-9618&noUDP&sock=3998_dfba_3>
...
001 (2325790.1123.000) 05/26 19:59:20 Job executing on host: <188.184.132.111:9618?addrs=188.184.132.111-9618+[2001-1458-301-a0--100-70]-9618&noUDP&sock=16477_6e13_3>
...
006 (2325790.1123.000) 05/26 19:59:29 Image size of job updated: 340476
	333  -  MemoryUsage of job (MB)
	340384  -  ResidentSetSize of job (KB)
...
006 (2325790.1123.000) 05/26 20:00:24 Image size of job updated: 721320
	333  -  MemoryUsage of job (MB)
	340644  -  ResidentSetSize of job (KB)
...
005 (2325790.1123.000) 05/26 20:00:32 Job terminated.
	(1) Normal termination (return value 0)
		Usr 0 00:00:51, Sys 0 00:00:02  -  Run Remote Usage
		Usr 0 00:00:00, Sys 0 00:00:00  -  Run Local Usage
		Usr 0 00:00:51, Sys 0 00:00:02  -  Total Remote Usage
		Usr 0 00:00:00, Sys 0 00:00:00  -  Total Local Usage
	9195  -  Run Bytes Sent By Job
	436  -  Run Bytes Received By Job
	9195  -  Total Bytes Sent By Job
	436  -  Total Bytes Received By Job
	Partitionable Resources :    Usage  Request Allocated
	   Cpus                 :                 2         2
	   Disk (KB)            :       29        1   2101917
	   Memory (MB)          :      333     4000      4000
...
