000 (2325790.2064.000) 05/26 19:50:31 Job submitted from host: <137.138.44.75:9618?addrs=137.138.44.75-9618&noUDP&sock=3998_dfba_3>
...
001 (2325790.2064.000) 05/26 19:57:55 Job executing on host: <188.184.204.222:9618?addrs=188.184.204.222-9618+[2001-1458-301-7d--100-c6]-9618&noUDP&sock=20075_5bd4_3>
...
006 (2325790.2064.000) 05/26 19:58:04 Image size of job updated: 380376
	369  -  MemoryUsage of job (MB)
	377568  -  ResidentSetSize of job (KB)
...
006 (2325790.2064.000) 05/26 19:58:56 Image size of job updated: 689940
	369  -  MemoryUsage of job (MB)
	377568  -  ResidentSetSize of job (KB)
...
005 (2325790.2064.000) 05/26 19:58:56 Job terminated.
	(1) Normal termination (return value 0)
		Usr 0 00:00:45, Sys 0 00:00:02  -  Run Remote Usage
		Usr 0 00:00:00, Sys 0 00:00:00  -  Run Local Usage
		Usr 0 00:00:45, Sys 0 00:00:02  -  Total Remote Usage
		Usr 0 00:00:00, Sys 0 00:00:00  -  Total Local Usage
	9192  -  Run Bytes Sent By Job
	436  -  Run Bytes Received By Job
	9192  -  Total Bytes Sent By Job
	436  -  Total Bytes Received By Job
	Partitionable Resources :    Usage  Request Allocated
	   Cpus                 :                 2         2
	   Disk (KB)            :       29        1   2214992
	   Memory (MB)          :      369     4000      4000
...
