000 (2325790.1328.000) 05/26 19:50:29 Job submitted from host: <137.138.44.75:9618?addrs=137.138.44.75-9618&noUDP&sock=3998_dfba_3>
...
001 (2325790.1328.000) 05/26 19:54:51 Job executing on host: <188.184.186.163:9618?addrs=188.184.186.163-9618+[2001-1458-301-f8--100-95]-9618&noUDP&sock=16597_bd70_3>
...
006 (2325790.1328.000) 05/26 19:55:00 Image size of job updated: 100492
	96  -  MemoryUsage of job (MB)
	97684  -  ResidentSetSize of job (KB)
...
006 (2325790.1328.000) 05/26 19:56:46 Image size of job updated: 708604
	96  -  MemoryUsage of job (MB)
	97684  -  ResidentSetSize of job (KB)
...
005 (2325790.1328.000) 05/26 19:56:47 Job terminated.
	(1) Normal termination (return value 0)
		Usr 0 00:00:55, Sys 0 00:00:02  -  Run Remote Usage
		Usr 0 00:00:00, Sys 0 00:00:00  -  Run Local Usage
		Usr 0 00:00:55, Sys 0 00:00:02  -  Total Remote Usage
		Usr 0 00:00:00, Sys 0 00:00:00  -  Total Local Usage
	9191  -  Run Bytes Sent By Job
	436  -  Run Bytes Received By Job
	9191  -  Total Bytes Sent By Job
	436  -  Total Bytes Received By Job
	Partitionable Resources :    Usage  Request Allocated
	   Cpus                 :                 2         2
	   Disk (KB)            :       30        1   2115567
	   Memory (MB)          :       96     4000      4000
...
