000 (2325790.12178.000) 05/26 19:50:58 Job submitted from host: <137.138.44.75:9618?addrs=137.138.44.75-9618&noUDP&sock=3998_dfba_3>
...
001 (2325790.12178.000) 05/26 20:11:13 Job executing on host: <128.142.133.123:9618?addrs=128.142.133.123-9618+[2001-1458-301-32--100-84]-9618&noUDP&sock=19600_8c58_3>
...
006 (2325790.12178.000) 05/26 20:11:22 Image size of job updated: 92448
	88  -  MemoryUsage of job (MB)
	89732  -  ResidentSetSize of job (KB)
...
006 (2325790.12178.000) 05/26 20:12:58 Image size of job updated: 126324
	88  -  MemoryUsage of job (MB)
	89732  -  ResidentSetSize of job (KB)
...
005 (2325790.12178.000) 05/26 20:13:12 Job terminated.
	(1) Normal termination (return value 0)
		Usr 0 00:00:37, Sys 0 00:00:02  -  Run Remote Usage
		Usr 0 00:00:00, Sys 0 00:00:00  -  Run Local Usage
		Usr 0 00:00:37, Sys 0 00:00:02  -  Total Remote Usage
		Usr 0 00:00:00, Sys 0 00:00:00  -  Total Local Usage
	9193  -  Run Bytes Sent By Job
	436  -  Run Bytes Received By Job
	9193  -  Total Bytes Sent By Job
	436  -  Total Bytes Received By Job
	Partitionable Resources :    Usage  Request Allocated
	   Cpus                 :                 2         2
	   Disk (KB)            :       30        1   2124639
	   Memory (MB)          :       88     4000      4000
...
