000 (2325790.5291.000) 05/26 19:50:39 Job submitted from host: <137.138.44.75:9618?addrs=137.138.44.75-9618&noUDP&sock=3998_dfba_3>
...
001 (2325790.5291.000) 05/26 20:03:02 Job executing on host: <128.142.103.42:9618?addrs=128.142.103.42-9618+[2001-1458-301-89--100-31f]-9618&noUDP&sock=16007_0c8f_3>
...
006 (2325790.5291.000) 05/26 20:03:11 Image size of job updated: 108684
	107  -  MemoryUsage of job (MB)
	108668  -  ResidentSetSize of job (KB)
...
006 (2325790.5291.000) 05/26 20:04:41 Image size of job updated: 905776
	107  -  MemoryUsage of job (MB)
	108668  -  ResidentSetSize of job (KB)
...
005 (2325790.5291.000) 05/26 20:04:42 Job terminated.
	(1) Normal termination (return value 0)
		Usr 0 00:00:48, Sys 0 00:00:02  -  Run Remote Usage
		Usr 0 00:00:00, Sys 0 00:00:00  -  Run Local Usage
		Usr 0 00:00:48, Sys 0 00:00:02  -  Total Remote Usage
		Usr 0 00:00:00, Sys 0 00:00:00  -  Total Local Usage
	9156  -  Run Bytes Sent By Job
	436  -  Run Bytes Received By Job
	9156  -  Total Bytes Sent By Job
	436  -  Total Bytes Received By Job
	Partitionable Resources :    Usage  Request Allocated
	   Cpus                 :                 2         2
	   Disk (KB)            :       29        1   2158978
	   Memory (MB)          :      107     4000      4000
...
