000 (2325790.5843.000) 05/26 19:50:41 Job submitted from host: <137.138.44.75:9618?addrs=137.138.44.75-9618&noUDP&sock=3998_dfba_3>
...
001 (2325790.5843.000) 05/26 20:03:39 Job executing on host: <188.184.143.56:9618?addrs=188.184.143.56-9618+[2001-1458-301-46--100-130]-9618&noUDP&sock=19597_7d8f_3>
...
006 (2325790.5843.000) 05/26 20:03:47 Image size of job updated: 224092
	217  -  MemoryUsage of job (MB)
	221300  -  ResidentSetSize of job (KB)
...
006 (2325790.5843.000) 05/26 20:04:49 Image size of job updated: 587068
	217  -  MemoryUsage of job (MB)
	221300  -  ResidentSetSize of job (KB)
...
005 (2325790.5843.000) 05/26 20:04:49 Job terminated.
	(1) Normal termination (return value 0)
		Usr 0 00:00:49, Sys 0 00:00:02  -  Run Remote Usage
		Usr 0 00:00:00, Sys 0 00:00:00  -  Run Local Usage
		Usr 0 00:00:49, Sys 0 00:00:02  -  Total Remote Usage
		Usr 0 00:00:00, Sys 0 00:00:00  -  Total Local Usage
	9189  -  Run Bytes Sent By Job
	436  -  Run Bytes Received By Job
	9189  -  Total Bytes Sent By Job
	436  -  Total Bytes Received By Job
	Partitionable Resources :    Usage  Request Allocated
	   Cpus                 :                 2         2
	   Disk (KB)            :       29        1   2080231
	   Memory (MB)          :      217     4000      4000
...
