000 (2325790.9509.000) 05/26 19:50:49 Job submitted from host: <137.138.44.75:9618?addrs=137.138.44.75-9618&noUDP&sock=3998_dfba_3>
...
001 (2325790.9509.000) 05/26 20:08:17 Job executing on host: <188.184.207.110:9618?addrs=188.184.207.110-9618+[2001-1458-301-7d--100-36a]-9618&noUDP&sock=19540_64a9_3>
...
006 (2325790.9509.000) 05/26 20:08:26 Image size of job updated: 264724
	258  -  MemoryUsage of job (MB)
	263288  -  ResidentSetSize of job (KB)
...
006 (2325790.9509.000) 05/26 20:09:13 Image size of job updated: 264724
	258  -  MemoryUsage of job (MB)
	263428  -  ResidentSetSize of job (KB)
...
005 (2325790.9509.000) 05/26 20:09:17 Job terminated.
	(1) Normal termination (return value 0)
		Usr 0 00:00:43, Sys 0 00:00:02  -  Run Remote Usage
		Usr 0 00:00:00, Sys 0 00:00:00  -  Run Local Usage
		Usr 0 00:00:43, Sys 0 00:00:02  -  Total Remote Usage
		Usr 0 00:00:00, Sys 0 00:00:00  -  Total Local Usage
	9194  -  Run Bytes Sent By Job
	436  -  Run Bytes Received By Job
	9194  -  Total Bytes Sent By Job
	436  -  Total Bytes Received By Job
	Partitionable Resources :    Usage  Request Allocated
	   Cpus                 :                 2         2
	   Disk (KB)            :       29        1   2219750
	   Memory (MB)          :      258     4000      4000
...
