000 (2325790.8283.000) 05/26 19:50:46 Job submitted from host: <137.138.44.75:9618?addrs=137.138.44.75-9618&noUDP&sock=3998_dfba_3>
...
001 (2325790.8283.000) 05/26 20:06:53 Job executing on host: <128.142.100.88:9618?addrs=128.142.100.88-9618+[2001-1458-301-89--100-44]-9618&noUDP&sock=15909_d447_3>
...
006 (2325790.8283.000) 05/26 20:07:02 Image size of job updated: 334320
	324  -  MemoryUsage of job (MB)
	331580  -  ResidentSetSize of job (KB)
...
006 (2325790.8283.000) 05/26 20:08:06 Image size of job updated: 1410188
	334  -  MemoryUsage of job (MB)
	341264  -  ResidentSetSize of job (KB)
...
005 (2325790.8283.000) 05/26 20:08:06 Job terminated.
	(1) Normal termination (return value 0)
		Usr 0 00:00:38, Sys 0 00:00:02  -  Run Remote Usage
		Usr 0 00:00:00, Sys 0 00:00:00  -  Run Local Usage
		Usr 0 00:00:38, Sys 0 00:00:02  -  Total Remote Usage
		Usr 0 00:00:00, Sys 0 00:00:00  -  Total Local Usage
	9207  -  Run Bytes Sent By Job
	436  -  Run Bytes Received By Job
	9207  -  Total Bytes Sent By Job
	436  -  Total Bytes Received By Job
	Partitionable Resources :    Usage  Request Allocated
	   Cpus                 :                 2         2
	   Disk (KB)            :       29        1   2175380
	   Memory (MB)          :      334     4000      4000
...
