000 (2325790.5689.000) 05/26 19:50:40 Job submitted from host: <137.138.44.75:9618?addrs=137.138.44.75-9618&noUDP&sock=3998_dfba_3>
...
001 (2325790.5689.000) 05/26 20:03:29 Job executing on host: <188.184.205.44:9618?addrs=188.184.205.44-9618+[2001-1458-301-7d--100-12f]-9618&noUDP&sock=19580_d473_3>
...
006 (2325790.5689.000) 05/26 20:03:38 Image size of job updated: 93964
	90  -  MemoryUsage of job (MB)
	91224  -  ResidentSetSize of job (KB)
...
006 (2325790.5689.000) 05/26 20:05:36 Image size of job updated: 93964
	90  -  MemoryUsage of job (MB)
	91420  -  ResidentSetSize of job (KB)
...
005 (2325790.5689.000) 05/26 20:05:37 Job terminated.
	(1) Normal termination (return value 0)
		Usr 0 00:00:37, Sys 0 00:00:02  -  Run Remote Usage
		Usr 0 00:00:00, Sys 0 00:00:00  -  Run Local Usage
		Usr 0 00:00:37, Sys 0 00:00:02  -  Total Remote Usage
		Usr 0 00:00:00, Sys 0 00:00:00  -  Total Local Usage
	8285  -  Run Bytes Sent By Job
	436  -  Run Bytes Received By Job
	8285  -  Total Bytes Sent By Job
	436  -  Total Bytes Received By Job
	Partitionable Resources :    Usage  Request Allocated
	   Cpus                 :                 2         2
	   Disk (KB)            :       29        1   2148236
	   Memory (MB)          :       90     4000      4000
...
