000 (2325790.6526.000) 05/26 19:50:42 Job submitted from host: <137.138.44.75:9618?addrs=137.138.44.75-9618&noUDP&sock=3998_dfba_3>
...
001 (2325790.6526.000) 05/26 20:04:39 Job executing on host: <188.184.205.46:9618?addrs=188.184.205.46-9618+[2001-1458-301-7d--100-13f]-9618&noUDP&sock=19609_b8b2_3>
...
006 (2325790.6526.000) 05/26 20:04:48 Image size of job updated: 332368
	325  -  MemoryUsage of job (MB)
	332292  -  ResidentSetSize of job (KB)
...
006 (2325790.6526.000) 05/26 20:06:24 Image size of job updated: 710696
	325  -  MemoryUsage of job (MB)
	332640  -  ResidentSetSize of job (KB)
...
005 (2325790.6526.000) 05/26 20:06:35 Job terminated.
	(1) Normal termination (return value 0)
		Usr 0 00:00:33, Sys 0 00:00:01  -  Run Remote Usage
		Usr 0 00:00:00, Sys 0 00:00:00  -  Run Local Usage
		Usr 0 00:00:33, Sys 0 00:00:01  -  Total Remote Usage
		Usr 0 00:00:00, Sys 0 00:00:00  -  Total Local Usage
	8246  -  Run Bytes Sent By Job
	436  -  Run Bytes Received By Job
	8246  -  Total Bytes Sent By Job
	436  -  Total Bytes Received By Job
	Partitionable Resources :    Usage  Request Allocated
	   Cpus                 :                 2         2
	   Disk (KB)            :       29        1   2116256
	   Memory (MB)          :      325     4000      4000
...
