000 (2325790.917.000) 05/26 19:50:28 Job submitted from host: <137.138.44.75:9618?addrs=137.138.44.75-9618&noUDP&sock=3998_dfba_3>
...
001 (2325790.917.000) 05/26 19:58:12 Job executing on host: <188.184.207.79:9618?addrs=188.184.207.79-9618+[2001-1458-301-7d--100-365]-9618&noUDP&sock=19525_1abd_3>
...
006 (2325790.917.000) 05/26 19:58:21 Image size of job updated: 299720
	290  -  MemoryUsage of job (MB)
	296928  -  ResidentSetSize of job (KB)
...
006 (2325790.917.000) 05/26 20:00:44 Image size of job updated: 682872
	290  -  MemoryUsage of job (MB)
	296932  -  ResidentSetSize of job (KB)
...
005 (2325790.917.000) 05/26 20:00:51 Job terminated.
	(1) Normal termination (return value 0)
		Usr 0 00:00:56, Sys 0 00:00:02  -  Run Remote Usage
		Usr 0 00:00:00, Sys 0 00:00:00  -  Run Local Usage
		Usr 0 00:00:56, Sys 0 00:00:02  -  Total Remote Usage
		Usr 0 00:00:00, Sys 0 00:00:00  -  Total Local Usage
	9195  -  Run Bytes Sent By Job
	436  -  Run Bytes Received By Job
	9195  -  Total Bytes Sent By Job
	436  -  Total Bytes Received By Job
	Partitionable Resources :    Usage  Request Allocated
	   Cpus                 :                 2         2
	   Disk (KB)            :       31        1   2155159
	   Memory (MB)          :      290     4000      4000
...
