000 (2325790.1411.000) 05/26 19:50:29 Job submitted from host: <137.138.44.75:9618?addrs=137.138.44.75-9618&noUDP&sock=3998_dfba_3>
...
001 (2325790.1411.000) 05/26 19:55:13 Job executing on host: <188.184.133.54:9618?addrs=188.184.133.54-9618+[2001-1458-301-a0--100-136]-9618&noUDP&sock=16601_7bd1_3>
...
006 (2325790.1411.000) 05/26 19:55:21 Image size of job updated: 195876
	189  -  MemoryUsage of job (MB)
	193068  -  ResidentSetSize of job (KB)
...
006 (2325790.1411.000) 05/26 19:57:27 Image size of job updated: 737204
	190  -  MemoryUsage of job (MB)
	193596  -  ResidentSetSize of job (KB)
...
005 (2325790.1411.000) 05/26 19:57:27 Job terminated.
	(1) Normal termination (return value 0)
		Usr 0 00:01:01, Sys 0 00:00:02  -  Run Remote Usage
		Usr 0 00:00:00, Sys 0 00:00:00  -  Run Local Usage
		Usr 0 00:01:01, Sys 0 00:00:02  -  Total Remote Usage
		Usr 0 00:00:00, Sys 0 00:00:00  -  Total Local Usage
	9192  -  Run Bytes Sent By Job
	436  -  Run Bytes Received By Job
	9192  -  Total Bytes Sent By Job
	436  -  Total Bytes Received By Job
	Partitionable Resources :    Usage  Request Allocated
	   Cpus                 :                 2         2
	   Disk (KB)            :       30        1   2039818
	   Memory (MB)          :      190     4000      4000
...
