000 (2325790.9444.000) 05/26 19:50:49 Job submitted from host: <137.138.44.75:9618?addrs=137.138.44.75-9618&noUDP&sock=3998_dfba_3>
...
001 (2325790.9444.000) 05/26 20:08:11 Job executing on host: <188.184.204.198:9618?addrs=188.184.204.198-9618+[2001-1458-301-7d--100-c7]-9618&noUDP&sock=19604_4ab9_3>
...
006 (2325790.9444.000) 05/26 20:08:20 Image size of job updated: 257764
	249  -  MemoryUsage of job (MB)
	254972  -  ResidentSetSize of job (KB)
...
006 (2325790.9444.000) 05/26 20:09:09 Image size of job updated: 257764
	250  -  MemoryUsage of job (MB)
	255132  -  ResidentSetSize of job (KB)
...
005 (2325790.9444.000) 05/26 20:09:14 Job terminated.
	(1) Normal termination (return value 0)
		Usr 0 00:00:44, Sys 0 00:00:02  -  Run Remote Usage
		Usr 0 00:00:00, Sys 0 00:00:00  -  Run Local Usage
		Usr 0 00:00:44, Sys 0 00:00:02  -  Total Remote Usage
		Usr 0 00:00:00, Sys 0 00:00:00  -  Total Local Usage
	9158  -  Run Bytes Sent By Job
	436  -  Run Bytes Received By Job
	9158  -  Total Bytes Sent By Job
	436  -  Total Bytes Received By Job
	Partitionable Resources :    Usage  Request Allocated
	   Cpus                 :                 2         2
	   Disk (KB)            :       29        1   2118543
	   Memory (MB)          :      250     4000      4000
...
