000 (2325790.10606.000) 05/26 19:50:52 Job submitted from host: <137.138.44.75:9618?addrs=137.138.44.75-9618&noUDP&sock=3998_dfba_3>
...
001 (2325790.10606.000) 05/26 20:09:22 Job executing on host: <137.138.51.118:9618?addrs=137.138.51.118-9618+[2001-1458-d00-25--87]-9618&noUDP&sock=4676_ecf0_3>
...
006 (2325790.10606.000) 05/26 20:09:31 Image size of job updated: 318236
	309  -  MemoryUsage of job (MB)
	315428  -  ResidentSetSize of job (KB)
...
006 (2325790.10606.000) 05/26 20:10:14 Image size of job updated: 318236
	309  -  MemoryUsage of job (MB)
	315492  -  ResidentSetSize of job (KB)
...
005 (2325790.10606.000) 05/26 20:10:21 Job terminated.
	(1) Normal termination (return value 0)
		Usr 0 00:00:39, Sys 0 00:00:02  -  Run Remote Usage
		Usr 0 00:00:00, Sys 0 00:00:00  -  Run Local Usage
		Usr 0 00:00:39, Sys 0 00:00:02  -  Total Remote Usage
		Usr 0 00:00:00, Sys 0 00:00:00  -  Total Local Usage
	9572  -  Run Bytes Sent By Job
	436  -  Run Bytes Received By Job
	9572  -  Total Bytes Sent By Job
	436  -  Total Bytes Received By Job
	Partitionable Resources :    Usage  Request Allocated
	   Cpus                 :                 2         2
	   Disk (KB)            :       29        1   1768524
	   Memory (MB)          :      309     4000      4000
...
