000 (2325790.2267.000) 05/26 19:50:31 Job submitted from host: <137.138.44.75:9618?addrs=137.138.44.75-9618&noUDP&sock=3998_dfba_3>
...
001 (2325790.2267.000) 05/26 19:58:20 Job executing on host: <188.184.186.113:9618?addrs=188.184.186.113-9618+[2001-1458-301-f8--100-73]-9618&noUDP&sock=16502_93f1_3>
...
006 (2325790.2267.000) 05/26 19:58:29 Image size of job updated: 365736
	355  -  MemoryUsage of job (MB)
	362928  -  ResidentSetSize of job (KB)
...
006 (2325790.2267.000) 05/26 20:00:26 Image size of job updated: 632068
	355  -  MemoryUsage of job (MB)
	363232  -  ResidentSetSize of job (KB)
...
005 (2325790.2267.000) 05/26 20:00:34 Job terminated.
	(1) Normal termination (return value 0)
		Usr 0 00:00:50, Sys 0 00:00:02  -  Run Remote Usage
		Usr 0 00:00:00, Sys 0 00:00:00  -  Run Local Usage
		Usr 0 00:00:50, Sys 0 00:00:02  -  Total Remote Usage
		Usr 0 00:00:00, Sys 0 00:00:00  -  Total Local Usage
	9156  -  Run Bytes Sent By Job
	436  -  Run Bytes Received By Job
	9156  -  Total Bytes Sent By Job
	436  -  Total Bytes Received By Job
	Partitionable Resources :    Usage  Request Allocated
	   Cpus                 :                 2         2
	   Disk (KB)            :       30        1   2207552
	   Memory (MB)          :      355     4000      4000
...
