000 (2325790.1625.000) 05/26 19:50:29 Job submitted from host: <137.138.44.75:9618?addrs=137.138.44.75-9618&noUDP&sock=3998_dfba_3>
...
001 (2325790.1625.000) 05/26 19:56:31 Job executing on host: <188.184.206.160:9618?addrs=188.184.206.160-9618+[2001-1458-301-7d--100-2a3]-9618&noUDP&sock=4683_ba1a_3>
...
006 (2325790.1625.000) 05/26 19:56:40 Image size of job updated: 280920
	272  -  MemoryUsage of job (MB)
	278180  -  ResidentSetSize of job (KB)
...
006 (2325790.1625.000) 05/26 19:58:58 Image size of job updated: 1983848
	272  -  MemoryUsage of job (MB)
	278380  -  ResidentSetSize of job (KB)
...
005 (2325790.1625.000) 05/26 19:58:59 Job terminated.
	(1) Normal termination (return value 0)
		Usr 0 00:00:56, Sys 0 00:00:02  -  Run Remote Usage
		Usr 0 00:00:00, Sys 0 00:00:00  -  Run Local Usage
		Usr 0 00:00:56, Sys 0 00:00:02  -  Total Remote Usage
		Usr 0 00:00:00, Sys 0 00:00:00  -  Total Local Usage
	9151  -  Run Bytes Sent By Job
	436  -  Run Bytes Received By Job
	9151  -  Total Bytes Sent By Job
	436  -  Total Bytes Received By Job
	Partitionable Resources :    Usage  Request Allocated
	   Cpus                 :                 2         2
	   Disk (KB)            :       31        1   2193504
	   Memory (MB)          :      272     4000      4000
...
