000 (2325790.5124.000) 05/26 19:50:39 Job submitted from host: <137.138.44.75:9618?addrs=137.138.44.75-9618&noUDP&sock=3998_dfba_3>
...
001 (2325790.5124.000) 05/26 20:02:49 Job executing on host: <188.184.205.189:9618?addrs=188.184.205.189-9618+[2001-1458-301-7d--100-1be]-9618&noUDP&sock=19576_1612_3>
...
006 (2325790.5124.000) 05/26 20:02:58 Image size of job updated: 293844
	285  -  MemoryUsage of job (MB)
	291212  -  ResidentSetSize of job (KB)
...
006 (2325790.5124.000) 05/26 20:05:14 Image size of job updated: 559644
	285  -  MemoryUsage of job (MB)
	291376  -  ResidentSetSize of job (KB)
...
005 (2325790.5124.000) 05/26 20:05:14 Job terminated.
	(1) Normal termination (return value 0)
		Usr 0 00:00:57, Sys 0 00:00:02  -  Run Remote Usage
		Usr 0 00:00:00, Sys 0 00:00:00  -  Run Local Usage
		Usr 0 00:00:57, Sys 0 00:00:02  -  Total Remote Usage
		Usr 0 00:00:00, Sys 0 00:00:00  -  Total Local Usage
	9194  -  Run Bytes Sent By Job
	436  -  Run Bytes Received By Job
	9194  -  Total Bytes Sent By Job
	436  -  Total Bytes Received By Job
	Partitionable Resources :    Usage  Request Allocated
	   Cpus                 :                 2         2
	   Disk (KB)            :       31        1   2222407
	   Memory (MB)          :      285     4000      4000
...
