000 (2325790.11690.000) 05/26 19:50:56 Job submitted from host: <137.138.44.75:9618?addrs=137.138.44.75-9618&noUDP&sock=3998_dfba_3>
...
001 (2325790.11690.000) 05/26 20:10:47 Job executing on host: <188.184.204.80:9618?addrs=188.184.204.80-9618+[--1]-9618&noUDP&sock=4703_71ff_3>
...
006 (2325790.11690.000) 05/26 20:10:57 Image size of job updated: 328868
	320  -  MemoryUsage of job (MB)
	327080  -  ResidentSetSize of job (KB)
...
006 (2325790.11690.000) 05/26 20:15:58 Image size of job updated: 328868
	320  -  MemoryUsage of job (MB)
	327240  -  ResidentSetSize of job (KB)
...
005 (2325790.11690.000) 05/26 20:16:58 Job terminated.
	(1) Normal termination (return value 0)
		Usr 0 00:00:39, Sys 0 00:00:02  -  Run Remote Usage
		Usr 0 00:00:00, Sys 0 00:00:00  -  Run Local Usage
		Usr 0 00:00:39, Sys 0 00:00:02  -  Total Remote Usage
		Usr 0 00:00:00, Sys 0 00:00:00  -  Total Local Usage
	9161  -  Run Bytes Sent By Job
	436  -  Run Bytes Received By Job
	9161  -  Total Bytes Sent By Job
	436  -  Total Bytes Received By Job
	Partitionable Resources :    Usage  Request Allocated
	   Cpus                 :                 2         2
	   Disk (KB)            :       35        1   2138187
	   Memory (MB)          :      320     4000      4000
...
