000 (2325790.13784.000) 05/26 19:51:02 Job submitted from host: <137.138.44.75:9618?addrs=137.138.44.75-9618&noUDP&sock=3998_dfba_3>
...
001 (2325790.13784.000) 05/26 20:13:23 Job executing on host: <188.184.204.150:9618?addrs=188.184.204.150-9618+[2001-1458-301-7d--100-9b]-9618&noUDP&sock=19772_86a2_3>
...
006 (2325790.13784.000) 05/26 20:13:31 Image size of job updated: 288748
	280  -  MemoryUsage of job (MB)
	286020  -  ResidentSetSize of job (KB)
...
006 (2325790.13784.000) 05/26 20:15:35 Image size of job updated: 1400736
	280  -  MemoryUsage of job (MB)
	286028  -  ResidentSetSize of job (KB)
...
005 (2325790.13784.000) 05/26 20:15:36 Job terminated.
	(1) Normal termination (return value 0)
		Usr 0 00:00:42, Sys 0 00:00:02  -  Run Remote Usage
		Usr 0 00:00:00, Sys 0 00:00:00  -  Run Local Usage
		Usr 0 00:00:42, Sys 0 00:00:02  -  Total Remote Usage
		Usr 0 00:00:00, Sys 0 00:00:00  -  Total Local Usage
	9197  -  Run Bytes Sent By Job
	436  -  Run Bytes Received By Job
	9197  -  Total Bytes Sent By Job
	436  -  Total Bytes Received By Job
	Partitionable Resources :    Usage  Request Allocated
	   Cpus                 :                 2         2
	   Disk (KB)            :       31        1   2164659
	   Memory (MB)          :      280     4000      4000
...
