000 (2325790.12733.000) 05/26 19:50:59 Job submitted from host: <137.138.44.75:9618?addrs=137.138.44.75-9618&noUDP&sock=3998_dfba_3>
...
001 (2325790.12733.000) 05/26 20:11:50 Job executing on host: <188.184.204.176:9618?addrs=188.184.204.176-9618+[2001-1458-301-7d--100-b5]-9618&noUDP&sock=19490_18ed_3>
...
006 (2325790.12733.000) 05/26 20:11:58 Image size of job updated: 93328
	92  -  MemoryUsage of job (MB)
	93312  -  ResidentSetSize of job (KB)
...
006 (2325790.12733.000) 05/26 20:14:56 Image size of job updated: 249420
	92  -  MemoryUsage of job (MB)
	93312  -  ResidentSetSize of job (KB)
...
005 (2325790.12733.000) 05/26 20:14:57 Job terminated.
	(1) Normal termination (return value 0)
		Usr 0 00:00:39, Sys 0 00:00:01  -  Run Remote Usage
		Usr 0 00:00:00, Sys 0 00:00:00  -  Run Local Usage
		Usr 0 00:00:39, Sys 0 00:00:01  -  Total Remote Usage
		Usr 0 00:00:00, Sys 0 00:00:00  -  Total Local Usage
	9200  -  Run Bytes Sent By Job
	436  -  Run Bytes Received By Job
	9200  -  Total Bytes Sent By Job
	436  -  Total Bytes Received By Job
	Partitionable Resources :    Usage  Request Allocated
	   Cpus                 :                 2         2
	   Disk (KB)            :       32        1   2137481
	   Memory (MB)          :       92     4000      4000
...
