000 (2325790.14471.000) 05/26 19:51:03 Job submitted from host: <137.138.44.75:9618?addrs=137.138.44.75-9618&noUDP&sock=3998_dfba_3>
...
001 (2325790.14471.000) 05/26 20:13:57 Job executing on host: <188.184.206.165:9618?addrs=188.184.206.165-9618+[2001-1458-301-7d--100-2b6]-9618&noUDP&sock=19566_3a1f_3>
...
006 (2325790.14471.000) 05/26 20:14:06 Image size of job updated: 94412
	90  -  MemoryUsage of job (MB)
	91696  -  ResidentSetSize of job (KB)
...
006 (2325790.14471.000) 05/26 20:19:06 Image size of job updated: 200124
	193  -  MemoryUsage of job (MB)
	197316  -  ResidentSetSize of job (KB)
...
006 (2325790.14471.000) 05/26 20:24:06 Image size of job updated: 490764
	477  -  MemoryUsage of job (MB)
	487956  -  ResidentSetSize of job (KB)
...
005 (2325790.14471.000) 05/26 20:25:50 Job terminated.
	(1) Normal termination (return value 0)
		Usr 0 00:00:43, Sys 0 00:00:02  -  Run Remote Usage
		Usr 0 00:00:00, Sys 0 00:00:00  -  Run Local Usage
		Usr 0 00:00:43, Sys 0 00:00:02  -  Total Remote Usage
		Usr 0 00:00:00, Sys 0 00:00:00  -  Total Local Usage
	9160  -  Run Bytes Sent By Job
	436  -  Run Bytes Received By Job
	9160  -  Total Bytes Sent By Job
	436  -  Total Bytes Received By Job
	Partitionable Resources :    Usage  Request Allocated
	   Cpus                 :                 2         2
	   Disk (KB)            :       43        1   2102872
	   Memory (MB)          :      477     4000      4000
...
