000 (2325790.1691.000) 05/26 19:50:30 Job submitted from host: <137.138.44.75:9618?addrs=137.138.44.75-9618&noUDP&sock=3998_dfba_3>
...
001 (2325790.1691.000) 05/26 19:56:45 Job executing on host: <188.184.205.188:9618?addrs=188.184.205.188-9618+[2001-1458-301-7d--100-1af]-9618&noUDP&sock=19692_a70e_3>
...
006 (2325790.1691.000) 05/26 19:56:53 Image size of job updated: 281992
	273  -  MemoryUsage of job (MB)
	279184  -  ResidentSetSize of job (KB)
...
006 (2325790.1691.000) 05/26 19:57:53 Image size of job updated: 756808
	273  -  MemoryUsage of job (MB)
	279184  -  ResidentSetSize of job (KB)
...
005 (2325790.1691.000) 05/26 19:57:53 Job terminated.
	(1) Normal termination (return value 0)
		Usr 0 00:00:51, Sys 0 00:00:02  -  Run Remote Usage
		Usr 0 00:00:00, Sys 0 00:00:00  -  Run Local Usage
		Usr 0 00:00:51, Sys 0 00:00:02  -  Total Remote Usage
		Usr 0 00:00:00, Sys 0 00:00:00  -  Total Local Usage
	9152  -  Run Bytes Sent By Job
	436  -  Run Bytes Received By Job
	9152  -  Total Bytes Sent By Job
	436  -  Total Bytes Received By Job
	Partitionable Resources :    Usage  Request Allocated
	   Cpus                 :                 2         2
	   Disk (KB)            :       29        1   2153914
	   Memory (MB)          :      273     4000      4000
...
