000 (2325790.3419.000) 05/26 19:50:34 Job submitted from host: <137.138.44.75:9618?addrs=137.138.44.75-9618&noUDP&sock=3998_dfba_3>
...
001 (2325790.3419.000) 05/26 20:00:05 Job executing on host: <188.184.205.80:9618?addrs=188.184.205.80-9618+[2001-1458-301-7d--100-168]-9618&noUDP&sock=19481_ec92_3>
...
006 (2325790.3419.000) 05/26 20:00:14 Image size of job updated: 212164
	208  -  MemoryUsage of job (MB)
	212032  -  ResidentSetSize of job (KB)
...
006 (2325790.3419.000) 05/26 20:02:31 Image size of job updated: 643556
	208  -  MemoryUsage of job (MB)
	212036  -  ResidentSetSize of job (KB)
...
005 (2325790.3419.000) 05/26 20:02:32 Job terminated.
	(1) Normal termination (return value 0)
		Usr 0 00:00:55, Sys 0 00:00:02  -  Run Remote Usage
		Usr 0 00:00:00, Sys 0 00:00:00  -  Run Local Usage
		Usr 0 00:00:55, Sys 0 00:00:02  -  Total Remote Usage
		Usr 0 00:00:00, Sys 0 00:00:00  -  Total Local Usage
	9192  -  Run Bytes Sent By Job
	436  -  Run Bytes Received By Job
	9192  -  Total Bytes Sent By Job
	436  -  Total Bytes Received By Job
	Partitionable Resources :    Usage  Request Allocated
	   Cpus                 :                 2         2
	   Disk (KB)            :       31        1   2117106
	   Memory (MB)          :      208     4000      4000
...
