000 (2325790.3583.000) 05/26 19:50:35 Job submitted from host: <137.138.44.75:9618?addrs=137.138.44.75-9618&noUDP&sock=3998_dfba_3>
...
001 (2325790.3583.000) 05/26 20:00:43 Job executing on host: <188.184.205.173:9618?addrs=188.184.205.173-9618+[2001-1458-301-7d--100-19b]-9618&noUDP&sock=19584_92d4_3>
...
006 (2325790.3583.000) 05/26 20:00:52 Image size of job updated: 97448
	93  -  MemoryUsage of job (MB)
	94640  -  ResidentSetSize of job (KB)
...
006 (2325790.3583.000) 05/26 20:02:22 Image size of job updated: 702884
	93  -  MemoryUsage of job (MB)
	94640  -  ResidentSetSize of job (KB)
...
005 (2325790.3583.000) 05/26 20:02:22 Job terminated.
	(1) Normal termination (return value 0)
		Usr 0 00:00:36, Sys 0 00:00:02  -  Run Remote Usage
		Usr 0 00:00:00, Sys 0 00:00:00  -  Run Local Usage
		Usr 0 00:00:36, Sys 0 00:00:02  -  Total Remote Usage
		Usr 0 00:00:00, Sys 0 00:00:00  -  Total Local Usage
	8245  -  Run Bytes Sent By Job
	436  -  Run Bytes Received By Job
	8245  -  Total Bytes Sent By Job
	436  -  Total Bytes Received By Job
	Partitionable Resources :    Usage  Request Allocated
	   Cpus                 :                 2         2
	   Disk (KB)            :       29        1   2161156
	   Memory (MB)          :       93     4000      4000
...
