000 (2325790.13168.000) 05/26 19:51:00 Job submitted from host: <137.138.44.75:9618?addrs=137.138.44.75-9618&noUDP&sock=3998_dfba_3>
...
001 (2325790.13168.000) 05/26 20:12:25 Job executing on host: <188.184.207.41:9618?addrs=188.184.207.41-9618+[2001-1458-301-7d--100-31b]-9618&noUDP&sock=21430_c6a8_3>
...
006 (2325790.13168.000) 05/26 20:12:34 Image size of job updated: 267900
	260  -  MemoryUsage of job (MB)
	265268  -  ResidentSetSize of job (KB)
...
006 (2325790.13168.000) 05/26 20:12:59 Image size of job updated: 267900
	275  -  MemoryUsage of job (MB)
	281396  -  ResidentSetSize of job (KB)
...
005 (2325790.13168.000) 05/26 20:13:13 Job terminated.
	(1) Normal termination (return value 0)
		Usr 0 00:00:25, Sys 0 00:00:01  -  Run Remote Usage
		Usr 0 00:00:00, Sys 0 00:00:00  -  Run Local Usage
		Usr 0 00:00:25, Sys 0 00:00:01  -  Total Remote Usage
		Usr 0 00:00:00, Sys 0 00:00:00  -  Total Local Usage
	8290  -  Run Bytes Sent By Job
	436  -  Run Bytes Received By Job
	8290  -  Total Bytes Sent By Job
	436  -  Total Bytes Received By Job
	Partitionable Resources :    Usage  Request Allocated
	   Cpus                 :                 2         2
	   Disk (KB)            :       28        1   2139286
	   Memory (MB)          :      275     4000      4000
...
