000 (2325790.6476.000) 05/26 19:50:42 Job submitted from host: <137.138.44.75:9618?addrs=137.138.44.75-9618&noUDP&sock=3998_dfba_3>
...
001 (2325790.6476.000) 05/26 20:04:32 Job executing on host: <188.184.206.229:9618?addrs=188.184.206.229-9618+[2001-1458-301-7d--100-2e3]-9618&noUDP&sock=19485_aaf3_3>
...
006 (2325790.6476.000) 05/26 20:04:41 Image size of job updated: 222840
	215  -  MemoryUsage of job (MB)
	220100  -  ResidentSetSize of job (KB)
...
006 (2325790.6476.000) 05/26 20:07:52 Image size of job updated: 730912
	217  -  MemoryUsage of job (MB)
	221880  -  ResidentSetSize of job (KB)
...
005 (2325790.6476.000) 05/26 20:07:53 Job terminated.
	(1) Normal termination (return value 0)
		Usr 0 00:00:57, Sys 0 00:00:02  -  Run Remote Usage
		Usr 0 00:00:00, Sys 0 00:00:00  -  Run Local Usage
		Usr 0 00:00:57, Sys 0 00:00:02  -  Total Remote Usage
		Usr 0 00:00:00, Sys 0 00:00:00  -  Total Local Usage
	9155  -  Run Bytes Sent By Job
	436  -  Run Bytes Received By Job
	9155  -  Total Bytes Sent By Job
	436  -  Total Bytes Received By Job
	Partitionable Resources :    Usage  Request Allocated
	   Cpus                 :                 2         2
	   Disk (KB)            :       32        1   2215402
	   Memory (MB)          :      217     4000      4000
...
