000 (2325790.12708.000) 05/26 19:50:59 Job submitted from host: <137.138.44.75:9618?addrs=137.138.44.75-9618&noUDP&sock=3998_dfba_3>
...
001 (2325790.12708.000) 05/26 20:11:44 Job executing on host: <188.184.205.24:9618?addrs=188.184.205.24-9618+[2001-1458-301-7d--100-12d]-9618&noUDP&sock=19507_c209_3>
...
006 (2325790.12708.000) 05/26 20:11:53 Image size of job updated: 97548
	93  -  MemoryUsage of job (MB)
	94756  -  ResidentSetSize of job (KB)
...
006 (2325790.12708.000) 05/26 20:13:24 Image size of job updated: 249348
	93  -  MemoryUsage of job (MB)
	94756  -  ResidentSetSize of job (KB)
...
005 (2325790.12708.000) 05/26 20:13:35 Job terminated.
	(1) Normal termination (return value 0)
		Usr 0 00:00:27, Sys 0 00:00:01  -  Run Remote Usage
		Usr 0 00:00:00, Sys 0 00:00:00  -  Run Local Usage
		Usr 0 00:00:27, Sys 0 00:00:01  -  Total Remote Usage
		Usr 0 00:00:00, Sys 0 00:00:00  -  Total Local Usage
	8291  -  Run Bytes Sent By Job
	436  -  Run Bytes Received By Job
	8291  -  Total Bytes Sent By Job
	436  -  Total Bytes Received By Job
	Partitionable Resources :    Usage  Request Allocated
	   Cpus                 :                 2         2
	   Disk (KB)            :       29        1   2138610
	   Memory (MB)          :       93     4000      4000
...
