000 (2325790.1829.000) 05/26 19:50:30 Job submitted from host: <137.138.44.75:9618?addrs=137.138.44.75-9618&noUDP&sock=3998_dfba_3>
...
001 (2325790.1829.000) 05/26 19:57:05 Job executing on host: <188.184.205.24:9618?addrs=188.184.205.24-9618+[2001-1458-301-7d--100-12d]-9618&noUDP&sock=19507_c209_3>
...
006 (2325790.1829.000) 05/26 19:57:13 Image size of job updated: 243976
	236  -  MemoryUsage of job (MB)
	241456  -  ResidentSetSize of job (KB)
...
006 (2325790.1829.000) 05/26 19:57:56 Image size of job updated: 689112
	236  -  MemoryUsage of job (MB)
	241468  -  ResidentSetSize of job (KB)
...
005 (2325790.1829.000) 05/26 19:57:56 Job terminated.
	(1) Normal termination (return value 0)
		Usr 0 00:00:38, Sys 0 00:00:01  -  Run Remote Usage
		Usr 0 00:00:00, Sys 0 00:00:00  -  Run Local Usage
		Usr 0 00:00:38, Sys 0 00:00:01  -  Total Remote Usage
		Usr 0 00:00:00, Sys 0 00:00:00  -  Total Local Usage
	8288  -  Run Bytes Sent By Job
	436  -  Run Bytes Received By Job
	8288  -  Total Bytes Sent By Job
	436  -  Total Bytes Received By Job
	Partitionable Resources :    Usage  Request Allocated
	   Cpus                 :                 2         2
	   Disk (KB)            :       28        1   2140653
	   Memory (MB)          :      236     4000      4000
...
