000 (2325790.2660.000) 05/26 19:50:32 Job submitted from host: <137.138.44.75:9618?addrs=137.138.44.75-9618&noUDP&sock=3998_dfba_3>
...
001 (2325790.2660.000) 05/26 20:02:03 Job executing on host: <188.185.128.64:9618?addrs=188.185.128.64-9618+[2001-1459-301-43--100-43]-9618&noUDP&sock=17245_36cf_3>
...
006 (2325790.2660.000) 05/26 20:02:12 Image size of job updated: 88224
	87  -  MemoryUsage of job (MB)
	88096  -  ResidentSetSize of job (KB)
...
006 (2325790.2660.000) 05/26 20:07:13 Image size of job updated: 108228
	103  -  MemoryUsage of job (MB)
	105468  -  ResidentSetSize of job (KB)
...
006 (2325790.2660.000) 05/26 20:09:14 Image size of job updated: 740564
	104  -  MemoryUsage of job (MB)
	105792  -  ResidentSetSize of job (KB)
...
005 (2325790.2660.000) 05/26 20:09:17 Job terminated.
	(1) Normal termination (return value 0)
		Usr 0 00:00:55, Sys 0 00:00:03  -  Run Remote Usage
		Usr 0 00:00:00, Sys 0 00:00:00  -  Run Local Usage
		Usr 0 00:00:55, Sys 0 00:00:03  -  Total Remote Usage
		Usr 0 00:00:00, Sys 0 00:00:00  -  Total Local Usage
	9192  -  Run Bytes Sent By Job
	436  -  Run Bytes Received By Job
	9192  -  Total Bytes Sent By Job
	436  -  Total Bytes Received By Job
	Partitionable Resources :    Usage  Request Allocated
	   Cpus                 :                 2         2
	   Disk (KB)            :       36        1   3937453
	   Memory (MB)          :      104     4000      4000
...
