000 (2325790.5153.000) 05/26 19:50:39 Job submitted from host: <137.138.44.75:9618?addrs=137.138.44.75-9618&noUDP&sock=3998_dfba_3>
...
001 (2325790.5153.000) 05/26 20:02:50 Job executing on host: <188.184.204.185:9618?addrs=188.184.204.185-9618+[2001-1458-301-7d--100-b3]-9618&noUDP&sock=21910_041d_3>
...
006 (2325790.5153.000) 05/26 20:02:59 Image size of job updated: 257596
	249  -  MemoryUsage of job (MB)
	254944  -  ResidentSetSize of job (KB)
...
006 (2325790.5153.000) 05/26 20:04:06 Image size of job updated: 671924
	249  -  MemoryUsage of job (MB)
	254952  -  ResidentSetSize of job (KB)
...
005 (2325790.5153.000) 05/26 20:04:06 Job terminated.
	(1) Normal termination (return value 0)
		Usr 0 00:00:58, Sys 0 00:00:03  -  Run Remote Usage
		Usr 0 00:00:00, Sys 0 00:00:00  -  Run Local Usage
		Usr 0 00:00:58, Sys 0 00:00:03  -  Total Remote Usage
		Usr 0 00:00:00, Sys 0 00:00:00  -  Total Local Usage
	9195  -  Run Bytes Sent By Job
	436  -  Run Bytes Received By Job
	9195  -  Total Bytes Sent By Job
	436  -  Total Bytes Received By Job
	Partitionable Resources :    Usage  Request Allocated
	   Cpus                 :                 2         2
	   Disk (KB)            :       29        1   2108476
	   Memory (MB)          :      249     4000      4000
...
