000 (2325790.6103.000) 05/26 19:50:41 Job submitted from host: <137.138.44.75:9618?addrs=137.138.44.75-9618&noUDP&sock=3998_dfba_3>
...
001 (2325790.6103.000) 05/26 20:04:02 Job executing on host: <128.142.101.203:9618?addrs=128.142.101.203-9618+[2001-1458-301-89--100-1e3]-9618&noUDP&sock=18311_66c4_3>
...
006 (2325790.6103.000) 05/26 20:04:11 Image size of job updated: 100832
	96  -  MemoryUsage of job (MB)
	98092  -  ResidentSetSize of job (KB)
...
006 (2325790.6103.000) 05/26 20:06:32 Image size of job updated: 751920
	96  -  MemoryUsage of job (MB)
	98092  -  ResidentSetSize of job (KB)
...
005 (2325790.6103.000) 05/26 20:06:38 Job terminated.
	(1) Normal termination (return value 0)
		Usr 0 00:00:51, Sys 0 00:00:02  -  Run Remote Usage
		Usr 0 00:00:00, Sys 0 00:00:00  -  Run Local Usage
		Usr 0 00:00:51, Sys 0 00:00:02  -  Total Remote Usage
		Usr 0 00:00:00, Sys 0 00:00:00  -  Total Local Usage
	9200  -  Run Bytes Sent By Job
	436  -  Run Bytes Received By Job
	9200  -  Total Bytes Sent By Job
	436  -  Total Bytes Received By Job
	Partitionable Resources :    Usage  Request Allocated
	   Cpus                 :                 2         2
	   Disk (KB)            :       31        1   2190480
	   Memory (MB)          :       96     4000      4000
...
