000 (2325790.13654.000) 05/26 19:51:01 Job submitted from host: <137.138.44.75:9618?addrs=137.138.44.75-9618&noUDP&sock=3998_dfba_3>
...
001 (2325790.13654.000) 05/26 20:13:15 Job executing on host: <188.184.132.252:9618?addrs=188.184.132.252-9618+[2001-1458-301-a0--100-da]-9618&noUDP&sock=16512_6fe3_3>
...
006 (2325790.13654.000) 05/26 20:13:23 Image size of job updated: 158492
	155  -  MemoryUsage of job (MB)
	157768  -  ResidentSetSize of job (KB)
...
006 (2325790.13654.000) 05/26 20:13:54 Image size of job updated: 1327864
	155  -  MemoryUsage of job (MB)
	158016  -  ResidentSetSize of job (KB)
...
005 (2325790.13654.000) 05/26 20:13:55 Job terminated.
	(1) Normal termination (return value 0)
		Usr 0 00:00:21, Sys 0 00:00:01  -  Run Remote Usage
		Usr 0 00:00:00, Sys 0 00:00:00  -  Run Local Usage
		Usr 0 00:00:21, Sys 0 00:00:01  -  Total Remote Usage
		Usr 0 00:00:00, Sys 0 00:00:00  -  Total Local Usage
	8289  -  Run Bytes Sent By Job
	436  -  Run Bytes Received By Job
	8289  -  Total Bytes Sent By Job
	436  -  Total Bytes Received By Job
	Partitionable Resources :    Usage  Request Allocated
	   Cpus                 :                 2         2
	   Disk (KB)            :       27        1   2157874
	   Memory (MB)          :      155     4000      4000
...
