000 (2325790.8310.000) 05/26 19:50:47 Job submitted from host: <137.138.44.75:9618?addrs=137.138.44.75-9618&noUDP&sock=3998_dfba_3>
...
001 (2325790.8310.000) 05/26 20:06:54 Job executing on host: <128.142.104.214:9618?addrs=128.142.104.214-9618+[2001-1458-301-8b--100-ad]-9618&noUDP&sock=15980_8781_3>
...
006 (2325790.8310.000) 05/26 20:07:02 Image size of job updated: 97524
	93  -  MemoryUsage of job (MB)
	94848  -  ResidentSetSize of job (KB)
...
006 (2325790.8310.000) 05/26 20:09:22 Image size of job updated: 263668
	93  -  MemoryUsage of job (MB)
	94848  -  ResidentSetSize of job (KB)
...
005 (2325790.8310.000) 05/26 20:09:22 Job terminated.
	(1) Normal termination (return value 0)
		Usr 0 00:00:40, Sys 0 00:00:02  -  Run Remote Usage
		Usr 0 00:00:00, Sys 0 00:00:00  -  Run Local Usage
		Usr 0 00:00:40, Sys 0 00:00:02  -  Total Remote Usage
		Usr 0 00:00:00, Sys 0 00:00:00  -  Total Local Usage
	9198  -  Run Bytes Sent By Job
	436  -  Run Bytes Received By Job
	9198  -  Total Bytes Sent By Job
	436  -  Total Bytes Received By Job
	Partitionable Resources :    Usage  Request Allocated
	   Cpus                 :                 2         2
	   Disk (KB)            :       31        1   2116976
	   Memory (MB)          :       93     4000      4000
...
