000 (2325790.6357.000) 05/26 19:50:42 Job submitted from host: <137.138.44.75:9618?addrs=137.138.44.75-9618&noUDP&sock=3998_dfba_3>
...
001 (2325790.6357.000) 05/26 20:04:23 Job executing on host: <188.184.142.61:9618?addrs=188.184.142.61-9618+[2001-1458-301-46--100-17b]-9618&noUDP&sock=4741_8298_3>
...
006 (2325790.6357.000) 05/26 20:04:32 Image size of job updated: 386212
	378  -  MemoryUsage of job (MB)
	386132  -  ResidentSetSize of job (KB)
...
006 (2325790.6357.000) 05/26 20:05:17 Image size of job updated: 593744
	378  -  MemoryUsage of job (MB)
	386132  -  ResidentSetSize of job (KB)
...
005 (2325790.6357.000) 05/26 20:05:19 Job terminated.
	(1) Normal termination (return value 0)
		Usr 0 00:00:45, Sys 0 00:00:02  -  Run Remote Usage
		Usr 0 00:00:00, Sys 0 00:00:00  -  Run Local Usage
		Usr 0 00:00:45, Sys 0 00:00:02  -  Total Remote Usage
		Usr 0 00:00:00, Sys 0 00:00:00  -  Total Local Usage
	9189  -  Run Bytes Sent By Job
	436  -  Run Bytes Received By Job
	9189  -  Total Bytes Sent By Job
	436  -  Total Bytes Received By Job
	Partitionable Resources :    Usage  Request Allocated
	   Cpus                 :                 2         2
	   Disk (KB)            :       29        1   2138936
	   Memory (MB)          :      378     4000      4000
...
