000 (2325790.6521.000) 05/26 19:50:42 Job submitted from host: <137.138.44.75:9618?addrs=137.138.44.75-9618&noUDP&sock=3998_dfba_3>
...
001 (2325790.6521.000) 05/26 20:04:36 Job executing on host: <128.142.96.202:9618?addrs=128.142.96.202-9618+[2001-1458-301-87--100-1cd]-9618&noUDP&sock=16883_e986_3>
...
006 (2325790.6521.000) 05/26 20:04:45 Image size of job updated: 381884
	373  -  MemoryUsage of job (MB)
	381808  -  ResidentSetSize of job (KB)
...
006 (2325790.6521.000) 05/26 20:06:18 Image size of job updated: 729676
	374  -  MemoryUsage of job (MB)
	382056  -  ResidentSetSize of job (KB)
...
005 (2325790.6521.000) 05/26 20:06:31 Job terminated.
	(1) Normal termination (return value 0)
		Usr 0 00:00:46, Sys 0 00:00:02  -  Run Remote Usage
		Usr 0 00:00:00, Sys 0 00:00:00  -  Run Local Usage
		Usr 0 00:00:46, Sys 0 00:00:02  -  Total Remote Usage
		Usr 0 00:00:00, Sys 0 00:00:00  -  Total Local Usage
	9152  -  Run Bytes Sent By Job
	436  -  Run Bytes Received By Job
	9152  -  Total Bytes Sent By Job
	436  -  Total Bytes Received By Job
	Partitionable Resources :    Usage  Request Allocated
	   Cpus                 :                 2         2
	   Disk (KB)            :       30        1   4303416
	   Memory (MB)          :      374     4000      4000
...
