000 (2325790.2368.000) 05/26 19:50:31 Job submitted from host: <137.138.44.75:9618?addrs=137.138.44.75-9618&noUDP&sock=3998_dfba_3>
...
001 (2325790.2368.000) 05/26 19:58:41 Job executing on host: <188.184.205.6:9618?addrs=188.184.205.6-9618+[2001-1458-301-7d--100-fc]-9618&noUDP&sock=19498_95af_3>
...
006 (2325790.2368.000) 05/26 19:58:50 Image size of job updated: 101132
	97  -  MemoryUsage of job (MB)
	98392  -  ResidentSetSize of job (KB)
...
006 (2325790.2368.000) 05/26 20:00:31 Image size of job updated: 717056
	97  -  MemoryUsage of job (MB)
	98392  -  ResidentSetSize of job (KB)
...
005 (2325790.2368.000) 05/26 20:00:40 Job terminated.
	(1) Normal termination (return value 0)
		Usr 0 00:00:31, Sys 0 00:00:01  -  Run Remote Usage
		Usr 0 00:00:00, Sys 0 00:00:00  -  Run Local Usage
		Usr 0 00:00:31, Sys 0 00:00:01  -  Total Remote Usage
		Usr 0 00:00:00, Sys 0 00:00:00  -  Total Local Usage
	8285  -  Run Bytes Sent By Job
	436  -  Run Bytes Received By Job
	8285  -  Total Bytes Sent By Job
	436  -  Total Bytes Received By Job
	Partitionable Resources :    Usage  Request Allocated
	   Cpus                 :                 2         2
	   Disk (KB)            :       29        1   2203203
	   Memory (MB)          :       97     4000      4000
...
