000 (2325790.2930.000) 05/26 19:50:33 Job submitted from host: <137.138.44.75:9618?addrs=137.138.44.75-9618&noUDP&sock=3998_dfba_3>
...
001 (2325790.2930.000) 05/26 19:59:13 Job executing on host: <188.184.205.159:9618?addrs=188.184.205.159-9618+[2001-1458-301-7d--100-188]-9618&noUDP&sock=19577_c5aa_3>
...
006 (2325790.2930.000) 05/26 19:59:22 Image size of job updated: 229804
	222  -  MemoryUsage of job (MB)
	227012  -  ResidentSetSize of job (KB)
...
006 (2325790.2930.000) 05/26 20:01:32 Image size of job updated: 1890988
	222  -  MemoryUsage of job (MB)
	227168  -  ResidentSetSize of job (KB)
...
005 (2325790.2930.000) 05/26 20:01:41 Job terminated.
	(1) Normal termination (return value 0)
		Usr 0 00:00:54, Sys 0 00:00:02  -  Run Remote Usage
		Usr 0 00:00:00, Sys 0 00:00:00  -  Run Local Usage
		Usr 0 00:00:54, Sys 0 00:00:02  -  Total Remote Usage
		Usr 0 00:00:00, Sys 0 00:00:00  -  Total Local Usage
	9152  -  Run Bytes Sent By Job
	436  -  Run Bytes Received By Job
	9152  -  Total Bytes Sent By Job
	436  -  Total Bytes Received By Job
	Partitionable Resources :    Usage  Request Allocated
	   Cpus                 :                 2         2
	   Disk (KB)            :       31        1   2159112
	   Memory (MB)          :      222     4000      4000
...
