000 (2325790.683.000) 05/26 19:50:27 Job submitted from host: <137.138.44.75:9618?addrs=137.138.44.75-9618&noUDP&sock=3998_dfba_3>
...
001 (2325790.683.000) 05/26 19:56:53 Job executing on host: <188.184.204.130:9618?addrs=188.184.204.130-9618+[2001-1458-301-7d--100-63]-9618&noUDP&sock=19603_9b20_3>
...
006 (2325790.683.000) 05/26 19:57:01 Image size of job updated: 226824
	214  -  MemoryUsage of job (MB)
	218176  -  ResidentSetSize of job (KB)
...
006 (2325790.683.000) 05/26 19:58:04 Image size of job updated: 646320
	214  -  MemoryUsage of job (MB)
	218176  -  ResidentSetSize of job (KB)
...
005 (2325790.683.000) 05/26 19:58:04 Job terminated.
	(1) Normal termination (return value 0)
		Usr 0 00:00:55, Sys 0 00:00:02  -  Run Remote Usage
		Usr 0 00:00:00, Sys 0 00:00:00  -  Run Local Usage
		Usr 0 00:00:55, Sys 0 00:00:02  -  Total Remote Usage
		Usr 0 00:00:00, Sys 0 00:00:00  -  Total Local Usage
	9184  -  Run Bytes Sent By Job
	436  -  Run Bytes Received By Job
	9184  -  Total Bytes Sent By Job
	436  -  Total Bytes Received By Job
	Partitionable Resources :    Usage  Request Allocated
	   Cpus                 :                 2         2
	   Disk (KB)            :       29        1   2203818
	   Memory (MB)          :      214     4000      4000
...
