000 (2325790.3957.000) 05/26 19:50:36 Job submitted from host: <137.138.44.75:9618?addrs=137.138.44.75-9618&noUDP&sock=3998_dfba_3>
...
001 (2325790.3957.000) 05/26 20:01:07 Job executing on host: <188.184.204.19:9618?addrs=188.184.204.19-9618+[2001-1458-301-7d--100-e]-9618&noUDP&sock=19551_f034_3>
...
006 (2325790.3957.000) 05/26 20:01:16 Image size of job updated: 100404
	98  -  MemoryUsage of job (MB)
	100336  -  ResidentSetSize of job (KB)
...
006 (2325790.3957.000) 05/26 20:04:25 Image size of job updated: 685748
	98  -  MemoryUsage of job (MB)
	100336  -  ResidentSetSize of job (KB)
...
005 (2325790.3957.000) 05/26 20:04:25 Job terminated.
	(1) Normal termination (return value 0)
		Usr 0 00:00:57, Sys 0 00:00:02  -  Run Remote Usage
		Usr 0 00:00:00, Sys 0 00:00:00  -  Run Local Usage
		Usr 0 00:00:57, Sys 0 00:00:02  -  Total Remote Usage
		Usr 0 00:00:00, Sys 0 00:00:00  -  Total Local Usage
	9194  -  Run Bytes Sent By Job
	436  -  Run Bytes Received By Job
	9194  -  Total Bytes Sent By Job
	436  -  Total Bytes Received By Job
	Partitionable Resources :    Usage  Request Allocated
	   Cpus                 :                 2         2
	   Disk (KB)            :       32        1   2101770
	   Memory (MB)          :       98     4000      4000
...
