000 (2325790.9991.000) 05/26 19:50:51 Job submitted from host: <137.138.44.75:9618?addrs=137.138.44.75-9618&noUDP&sock=3998_dfba_3>
...
001 (2325790.9991.000) 05/26 20:08:53 Job executing on host: <188.184.205.143:9618?addrs=188.184.205.143-9618+[2001-1458-301-7d--100-197]-9618&noUDP&sock=19582_33a3_3>
...
006 (2325790.9991.000) 05/26 20:09:01 Image size of job updated: 268160
	260  -  MemoryUsage of job (MB)
	265472  -  ResidentSetSize of job (KB)
...
006 (2325790.9991.000) 05/26 20:10:28 Image size of job updated: 1410108
	260  -  MemoryUsage of job (MB)
	265472  -  ResidentSetSize of job (KB)
...
005 (2325790.9991.000) 05/26 20:10:37 Job terminated.
	(1) Normal termination (return value 0)
		Usr 0 00:00:42, Sys 0 00:00:02  -  Run Remote Usage
		Usr 0 00:00:00, Sys 0 00:00:00  -  Run Local Usage
		Usr 0 00:00:42, Sys 0 00:00:02  -  Total Remote Usage
		Usr 0 00:00:00, Sys 0 00:00:00  -  Total Local Usage
	9155  -  Run Bytes Sent By Job
	436  -  Run Bytes Received By Job
	9155  -  Total Bytes Sent By Job
	436  -  Total Bytes Received By Job
	Partitionable Resources :    Usage  Request Allocated
	   Cpus                 :                 2         2
	   Disk (KB)            :       30        1   2201771
	   Memory (MB)          :      260     4000      4000
...
