000 (2325790.6218.000) 05/26 19:50:42 Job submitted from host: <137.138.44.75:9618?addrs=137.138.44.75-9618&noUDP&sock=3998_dfba_3>
...
001 (2325790.6218.000) 05/26 20:04:11 Job executing on host: <128.142.133.210:9618?addrs=128.142.133.210-9618+[2001-1458-301-32--100-be]-9618&noUDP&sock=4739_2367_3>
...
006 (2325790.6218.000) 05/26 20:04:20 Image size of job updated: 311372
	304  -  MemoryUsage of job (MB)
	311280  -  ResidentSetSize of job (KB)
...
006 (2325790.6218.000) 05/26 20:06:24 Image size of job updated: 731288
	304  -  MemoryUsage of job (MB)
	311280  -  ResidentSetSize of job (KB)
...
005 (2325790.6218.000) 05/26 20:06:35 Job terminated.
	(1) Normal termination (return value 0)
		Usr 0 00:00:55, Sys 0 00:00:02  -  Run Remote Usage
		Usr 0 00:00:00, Sys 0 00:00:00  -  Run Local Usage
		Usr 0 00:00:55, Sys 0 00:00:02  -  Total Remote Usage
		Usr 0 00:00:00, Sys 0 00:00:00  -  Total Local Usage
	9184  -  Run Bytes Sent By Job
	436  -  Run Bytes Received By Job
	9184  -  Total Bytes Sent By Job
	436  -  Total Bytes Received By Job
	Partitionable Resources :    Usage  Request Allocated
	   Cpus                 :                 2         2
	   Disk (KB)            :       30        1   2132029
	   Memory (MB)          :      304     4000      4000
...
