000 (2325790.6755.000) 05/26 19:50:43 Job submitted from host: <137.138.44.75:9618?addrs=137.138.44.75-9618&noUDP&sock=3998_dfba_3>
...
001 (2325790.6755.000) 05/26 20:04:57 Job executing on host: <188.184.205.157:9618?addrs=188.184.205.157-9618+[2001-1458-301-7d--100-d7]-9618&noUDP&sock=19525_1abd_3>
...
006 (2325790.6755.000) 05/26 20:05:05 Image size of job updated: 230780
	223  -  MemoryUsage of job (MB)
	228064  -  ResidentSetSize of job (KB)
...
006 (2325790.6755.000) 05/26 20:06:17 Image size of job updated: 1886296
	223  -  MemoryUsage of job (MB)
	228324  -  ResidentSetSize of job (KB)
...
005 (2325790.6755.000) 05/26 20:06:30 Job terminated.
	(1) Normal termination (return value 0)
		Usr 0 00:00:58, Sys 0 00:00:03  -  Run Remote Usage
		Usr 0 00:00:00, Sys 0 00:00:00  -  Run Local Usage
		Usr 0 00:00:58, Sys 0 00:00:03  -  Total Remote Usage
		Usr 0 00:00:00, Sys 0 00:00:00  -  Total Local Usage
	9191  -  Run Bytes Sent By Job
	436  -  Run Bytes Received By Job
	9191  -  Total Bytes Sent By Job
	436  -  Total Bytes Received By Job
	Partitionable Resources :    Usage  Request Allocated
	   Cpus                 :                 2         2
	   Disk (KB)            :       29        1   2205987
	   Memory (MB)          :      223     4000      4000
...
