000 (2325790.4833.000) 05/26 19:50:38 Job submitted from host: <137.138.44.75:9618?addrs=137.138.44.75-9618&noUDP&sock=3998_dfba_3>
...
001 (2325790.4833.000) 05/26 20:02:22 Job executing on host: <188.184.204.96:9618?addrs=188.184.204.96-9618+[2001-1458-301-7d--100-51]-9618&noUDP&sock=19538_0578_3>
...
006 (2325790.4833.000) 05/26 20:02:31 Image size of job updated: 269116
	261  -  MemoryUsage of job (MB)
	266324  -  ResidentSetSize of job (KB)
...
006 (2325790.4833.000) 05/26 20:03:35 Image size of job updated: 1922552
	261  -  MemoryUsage of job (MB)
	266836  -  ResidentSetSize of job (KB)
...
005 (2325790.4833.000) 05/26 20:03:36 Job terminated.
	(1) Normal termination (return value 0)
		Usr 0 00:00:54, Sys 0 00:00:02  -  Run Remote Usage
		Usr 0 00:00:00, Sys 0 00:00:00  -  Run Local Usage
		Usr 0 00:00:54, Sys 0 00:00:02  -  Total Remote Usage
		Usr 0 00:00:00, Sys 0 00:00:00  -  Total Local Usage
	9191  -  Run Bytes Sent By Job
	436  -  Run Bytes Received By Job
	9191  -  Total Bytes Sent By Job
	436  -  Total Bytes Received By Job
	Partitionable Resources :    Usage  Request Allocated
	   Cpus                 :                 2         2
	   Disk (KB)            :       29        1   2101936
	   Memory (MB)          :      261     4000      4000
...
