000 (2325790.2722.000) 05/26 19:50:32 Job submitted from host: <137.138.44.75:9618?addrs=137.138.44.75-9618&noUDP&sock=3998_dfba_3>
...
001 (2325790.2722.000) 05/26 20:02:03 Job executing on host: <188.184.186.74:9618?addrs=188.184.186.74-9618+[2001-1458-301-f8--100-5b]-9618&noUDP&sock=16639_8c6a_3>
...
006 (2325790.2722.000) 05/26 20:02:12 Image size of job updated: 339928
	332  -  MemoryUsage of job (MB)
	339912  -  ResidentSetSize of job (KB)
...
006 (2325790.2722.000) 05/26 20:03:39 Image size of job updated: 659840
	333  -  MemoryUsage of job (MB)
	340136  -  ResidentSetSize of job (KB)
...
005 (2325790.2722.000) 05/26 20:03:40 Job terminated.
	(1) Normal termination (return value 0)
		Usr 0 00:00:47, Sys 0 00:00:02  -  Run Remote Usage
		Usr 0 00:00:00, Sys 0 00:00:00  -  Run Local Usage
		Usr 0 00:00:47, Sys 0 00:00:02  -  Total Remote Usage
		Usr 0 00:00:00, Sys 0 00:00:00  -  Total Local Usage
	9190  -  Run Bytes Sent By Job
	436  -  Run Bytes Received By Job
	9190  -  Total Bytes Sent By Job
	436  -  Total Bytes Received By Job
	Partitionable Resources :    Usage  Request Allocated
	   Cpus                 :                 2         2
	   Disk (KB)            :       29        1   2159467
	   Memory (MB)          :      333     4000      4000
...
