000 (2325790.3119.000) 05/26 19:50:33 Job submitted from host: <137.138.44.75:9618?addrs=137.138.44.75-9618&noUDP&sock=3998_dfba_3>
...
001 (2325790.3119.000) 05/26 19:59:29 Job executing on host: <188.184.204.48:9618?addrs=188.184.204.48-9618+[2001-1458-301-7d--100-49]-9618&noUDP&sock=19629_7097_3>
...
006 (2325790.3119.000) 05/26 19:59:38 Image size of job updated: 297276
	288  -  MemoryUsage of job (MB)
	294536  -  ResidentSetSize of job (KB)
...
006 (2325790.3119.000) 05/26 20:00:41 Image size of job updated: 742480
	288  -  MemoryUsage of job (MB)
	294544  -  ResidentSetSize of job (KB)
...
005 (2325790.3119.000) 05/26 20:00:49 Job terminated.
	(1) Normal termination (return value 0)
		Usr 0 00:00:55, Sys 0 00:00:02  -  Run Remote Usage
		Usr 0 00:00:00, Sys 0 00:00:00  -  Run Local Usage
		Usr 0 00:00:55, Sys 0 00:00:02  -  Total Remote Usage
		Usr 0 00:00:00, Sys 0 00:00:00  -  Total Local Usage
	9192  -  Run Bytes Sent By Job
	436  -  Run Bytes Received By Job
	9192  -  Total Bytes Sent By Job
	436  -  Total Bytes Received By Job
	Partitionable Resources :    Usage  Request Allocated
	   Cpus                 :                 2         2
	   Disk (KB)            :       29        1   2165865
	   Memory (MB)          :      288     4000      4000
...
