000 (2325790.7552.000) 05/26 19:50:45 Job submitted from host: <137.138.44.75:9618?addrs=137.138.44.75-9618&noUDP&sock=3998_dfba_3>
...
001 (2325790.7552.000) 05/26 20:05:59 Job executing on host: <188.184.207.72:9618?addrs=188.184.207.72-9618+[2001-1458-301-7d--100-32a]-9618&noUDP&sock=19532_e7e7_3>
...
006 (2325790.7552.000) 05/26 20:06:08 Image size of job updated: 92940
	91  -  MemoryUsage of job (MB)
	92924  -  ResidentSetSize of job (KB)
...
006 (2325790.7552.000) 05/26 20:07:46 Image size of job updated: 733628
	91  -  MemoryUsage of job (MB)
	93032  -  ResidentSetSize of job (KB)
...
005 (2325790.7552.000) 05/26 20:07:47 Job terminated.
	(1) Normal termination (return value 0)
		Usr 0 00:00:38, Sys 0 00:00:02  -  Run Remote Usage
		Usr 0 00:00:00, Sys 0 00:00:00  -  Run Local Usage
		Usr 0 00:00:38, Sys 0 00:00:02  -  Total Remote Usage
		Usr 0 00:00:00, Sys 0 00:00:00  -  Total Local Usage
	8285  -  Run Bytes Sent By Job
	436  -  Run Bytes Received By Job
	8285  -  Total Bytes Sent By Job
	436  -  Total Bytes Received By Job
	Partitionable Resources :    Usage  Request Allocated
	   Cpus                 :                 2         2
	   Disk (KB)            :       29        1   2102284
	   Memory (MB)          :       91     4000      4000
...
