000 (2325790.1750.000) 05/26 19:50:30 Job submitted from host: <137.138.44.75:9618?addrs=137.138.44.75-9618&noUDP&sock=3998_dfba_3>
...
001 (2325790.1750.000) 05/26 19:56:54 Job executing on host: <188.184.204.168:9618?addrs=188.184.204.168-9618+[2001-1458-301-7d--100-92]-9618&noUDP&sock=19545_d2a2_3>
...
006 (2325790.1750.000) 05/26 19:57:03 Image size of job updated: 94400
	90  -  MemoryUsage of job (MB)
	91704  -  ResidentSetSize of job (KB)
...
006 (2325790.1750.000) 05/26 19:59:16 Image size of job updated: 754536
	90  -  MemoryUsage of job (MB)
	91704  -  ResidentSetSize of job (KB)
...
005 (2325790.1750.000) 05/26 19:59:17 Job terminated.
	(1) Normal termination (return value 0)
		Usr 0 00:00:56, Sys 0 00:00:02  -  Run Remote Usage
		Usr 0 00:00:00, Sys 0 00:00:00  -  Run Local Usage
		Usr 0 00:00:56, Sys 0 00:00:02  -  Total Remote Usage
		Usr 0 00:00:00, Sys 0 00:00:00  -  Total Local Usage
	9190  -  Run Bytes Sent By Job
	436  -  Run Bytes Received By Job
	9190  -  Total Bytes Sent By Job
	436  -  Total Bytes Received By Job
	Partitionable Resources :    Usage  Request Allocated
	   Cpus                 :                 2         2
	   Disk (KB)            :       31        1   2202292
	   Memory (MB)          :       90     4000      4000
...
