000 (2325790.1975.000) 05/26 19:50:30 Job submitted from host: <137.138.44.75:9618?addrs=137.138.44.75-9618&noUDP&sock=3998_dfba_3>
...
001 (2325790.1975.000) 05/26 19:57:40 Job executing on host: <188.184.206.86:9618?addrs=188.184.206.86-9618+[2001-1458-301-7d--100-243]-9618&noUDP&sock=19478_ddca_3>
...
006 (2325790.1975.000) 05/26 19:57:49 Image size of job updated: 97560
	94  -  MemoryUsage of job (MB)
	95236  -  ResidentSetSize of job (KB)
...
006 (2325790.1975.000) 05/26 19:59:41 Image size of job updated: 578080
	94  -  MemoryUsage of job (MB)
	95236  -  ResidentSetSize of job (KB)
...
005 (2325790.1975.000) 05/26 19:59:43 Job terminated.
	(1) Normal termination (return value 0)
		Usr 0 00:00:47, Sys 0 00:00:02  -  Run Remote Usage
		Usr 0 00:00:00, Sys 0 00:00:00  -  Run Local Usage
		Usr 0 00:00:47, Sys 0 00:00:02  -  Total Remote Usage
		Usr 0 00:00:00, Sys 0 00:00:00  -  Total Local Usage
	9191  -  Run Bytes Sent By Job
	436  -  Run Bytes Received By Job
	9191  -  Total Bytes Sent By Job
	436  -  Total Bytes Received By Job
	Partitionable Resources :    Usage  Request Allocated
	   Cpus                 :                 2         2
	   Disk (KB)            :       30        1   2125678
	   Memory (MB)          :       94     4000      4000
...
