000 (2325790.2713.000) 05/26 19:50:32 Job submitted from host: <137.138.44.75:9618?addrs=137.138.44.75-9618&noUDP&sock=3998_dfba_3>
...
001 (2325790.2713.000) 05/26 20:02:02 Job executing on host: <188.184.205.47:9618?addrs=188.184.205.47-9618+[2001-1458-301-7d--100-12a]-9618&noUDP&sock=19625_b236_3>
...
006 (2325790.2713.000) 05/26 20:02:10 Image size of job updated: 298140
	292  -  MemoryUsage of job (MB)
	298052  -  ResidentSetSize of job (KB)
...
006 (2325790.2713.000) 05/26 20:03:10 Image size of job updated: 733512
	292  -  MemoryUsage of job (MB)
	298052  -  ResidentSetSize of job (KB)
...
005 (2325790.2713.000) 05/26 20:03:10 Job terminated.
	(1) Normal termination (return value 0)
		Usr 0 00:00:51, Sys 0 00:00:02  -  Run Remote Usage
		Usr 0 00:00:00, Sys 0 00:00:00  -  Run Local Usage
		Usr 0 00:00:51, Sys 0 00:00:02  -  Total Remote Usage
		Usr 0 00:00:00, Sys 0 00:00:00  -  Total Local Usage
	9193  -  Run Bytes Sent By Job
	436  -  Run Bytes Received By Job
	9193  -  Total Bytes Sent By Job
	436  -  Total Bytes Received By Job
	Partitionable Resources :    Usage  Request Allocated
	   Cpus                 :                 2         2
	   Disk (KB)            :       29        1   2108368
	   Memory (MB)          :      292     4000      4000
...
