000 (2325790.2321.000) 05/26 19:50:31 Job submitted from host: <137.138.44.75:9618?addrs=137.138.44.75-9618&noUDP&sock=3998_dfba_3>
...
001 (2325790.2321.000) 05/26 19:58:30 Job executing on host: <128.142.104.28:9618?addrs=128.142.104.28-9618+[2001-1458-301-8b--100-12]-9618&noUDP&sock=16033_e206_3>
...
006 (2325790.2321.000) 05/26 19:58:39 Image size of job updated: 330444
	320  -  MemoryUsage of job (MB)
	327636  -  ResidentSetSize of job (KB)
...
006 (2325790.2321.000) 05/26 19:59:43 Image size of job updated: 606796
	321  -  MemoryUsage of job (MB)
	327712  -  ResidentSetSize of job (KB)
...
005 (2325790.2321.000) 05/26 19:59:43 Job terminated.
	(1) Normal termination (return value 0)
		Usr 0 00:00:49, Sys 0 00:00:02  -  Run Remote Usage
		Usr 0 00:00:00, Sys 0 00:00:00  -  Run Local Usage
		Usr 0 00:00:49, Sys 0 00:00:02  -  Total Remote Usage
		Usr 0 00:00:00, Sys 0 00:00:00  -  Total Local Usage
	9196  -  Run Bytes Sent By Job
	436  -  Run Bytes Received By Job
	9196  -  Total Bytes Sent By Job
	436  -  Total Bytes Received By Job
	Partitionable Resources :    Usage  Request Allocated
	   Cpus                 :                 2         2
	   Disk (KB)            :       29        1   2168774
	   Memory (MB)          :      321     4000      4000
...
