000 (2325790.1564.000) 05/26 19:50:29 Job submitted from host: <137.138.44.75:9618?addrs=137.138.44.75-9618&noUDP&sock=3998_dfba_3>
...
001 (2325790.1564.000) 05/26 19:56:11 Job executing on host: <188.184.207.77:9618?addrs=188.184.207.77-9618+[2001-1458-301-7d--100-34f]-9618&noUDP&sock=19620_443c_3>
...
006 (2325790.1564.000) 05/26 19:56:20 Image size of job updated: 95320
	91  -  MemoryUsage of job (MB)
	92512  -  ResidentSetSize of job (KB)
...
006 (2325790.1564.000) 05/26 19:58:27 Image size of job updated: 608728
	91  -  MemoryUsage of job (MB)
	92512  -  ResidentSetSize of job (KB)
...
005 (2325790.1564.000) 05/26 19:58:28 Job terminated.
	(1) Normal termination (return value 0)
		Usr 0 00:00:46, Sys 0 00:00:02  -  Run Remote Usage
		Usr 0 00:00:00, Sys 0 00:00:00  -  Run Local Usage
		Usr 0 00:00:46, Sys 0 00:00:02  -  Total Remote Usage
		Usr 0 00:00:00, Sys 0 00:00:00  -  Total Local Usage
	9193  -  Run Bytes Sent By Job
	436  -  Run Bytes Received By Job
	9193  -  Total Bytes Sent By Job
	436  -  Total Bytes Received By Job
	Partitionable Resources :    Usage  Request Allocated
	   Cpus                 :                 2         2
	   Disk (KB)            :       31        1   2167627
	   Memory (MB)          :       91     4000      4000
...
