000 (2325790.2065.000) 05/26 19:50:31 Job submitted from host: <137.138.44.75:9618?addrs=137.138.44.75-9618&noUDP&sock=3998_dfba_3>
...
001 (2325790.2065.000) 05/26 19:57:56 Job executing on host: <188.184.204.150:9618?addrs=188.184.204.150-9618+[2001-1458-301-7d--100-9b]-9618&noUDP&sock=19772_86a2_3>
...
006 (2325790.2065.000) 05/26 19:58:05 Image size of job updated: 343052
	333  -  MemoryUsage of job (MB)
	340244  -  ResidentSetSize of job (KB)
...
006 (2325790.2065.000) 05/26 19:59:04 Image size of job updated: 656288
	333  -  MemoryUsage of job (MB)
	340244  -  ResidentSetSize of job (KB)
...
005 (2325790.2065.000) 05/26 19:59:04 Job terminated.
	(1) Normal termination (return value 0)
		Usr 0 00:00:49, Sys 0 00:00:02  -  Run Remote Usage
		Usr 0 00:00:00, Sys 0 00:00:00  -  Run Local Usage
		Usr 0 00:00:49, Sys 0 00:00:02  -  Total Remote Usage
		Usr 0 00:00:00, Sys 0 00:00:00  -  Total Local Usage
	9193  -  Run Bytes Sent By Job
	436  -  Run Bytes Received By Job
	9193  -  Total Bytes Sent By Job
	436  -  Total Bytes Received By Job
	Partitionable Resources :    Usage  Request Allocated
	   Cpus                 :                 2         2
	   Disk (KB)            :       29        1   2164659
	   Memory (MB)          :      333     4000      4000
...
