000 (2325790.2199.000) 05/26 19:50:31 Job submitted from host: <137.138.44.75:9618?addrs=137.138.44.75-9618&noUDP&sock=3998_dfba_3>
...
001 (2325790.2199.000) 05/26 19:58:10 Job executing on host: <188.184.204.115:9618?addrs=188.184.204.115-9618+[2001-1458-301-7d--100-5e]-9618&noUDP&sock=19533_977f_3>
...
006 (2325790.2199.000) 05/26 19:58:19 Image size of job updated: 296884
	288  -  MemoryUsage of job (MB)
	294076  -  ResidentSetSize of job (KB)
...
006 (2325790.2199.000) 05/26 20:01:05 Image size of job updated: 742084
	288  -  MemoryUsage of job (MB)
	294228  -  ResidentSetSize of job (KB)
...
005 (2325790.2199.000) 05/26 20:01:11 Job terminated.
	(1) Normal termination (return value 0)
		Usr 0 00:00:55, Sys 0 00:00:02  -  Run Remote Usage
		Usr 0 00:00:00, Sys 0 00:00:00  -  Run Local Usage
		Usr 0 00:00:55, Sys 0 00:00:02  -  Total Remote Usage
		Usr 0 00:00:00, Sys 0 00:00:00  -  Total Local Usage
	9192  -  Run Bytes Sent By Job
	436  -  Run Bytes Received By Job
	9192  -  Total Bytes Sent By Job
	436  -  Total Bytes Received By Job
	Partitionable Resources :    Usage  Request Allocated
	   Cpus                 :                 2         2
	   Disk (KB)            :       31        1   2156760
	   Memory (MB)          :      288     4000      4000
...
