000 (2325790.4542.000) 05/26 19:50:38 Job submitted from host: <137.138.44.75:9618?addrs=137.138.44.75-9618&noUDP&sock=3998_dfba_3>
...
001 (2325790.4542.000) 05/26 20:02:06 Job executing on host: <188.184.133.56:9618?addrs=188.184.133.56-9618+[2001-1458-301-a0--100-134]-9618&noUDP&sock=16506_5252_3>
...
006 (2325790.4542.000) 05/26 20:02:14 Image size of job updated: 207092
	203  -  MemoryUsage of job (MB)
	207092  -  ResidentSetSize of job (KB)
...
006 (2325790.4542.000) 05/26 20:03:10 Image size of job updated: 606248
	203  -  MemoryUsage of job (MB)
	207096  -  ResidentSetSize of job (KB)
...
005 (2325790.4542.000) 05/26 20:03:10 Job terminated.
	(1) Normal termination (return value 0)
		Usr 0 00:00:49, Sys 0 00:00:02  -  Run Remote Usage
		Usr 0 00:00:00, Sys 0 00:00:00  -  Run Local Usage
		Usr 0 00:00:49, Sys 0 00:00:02  -  Total Remote Usage
		Usr 0 00:00:00, Sys 0 00:00:00  -  Total Local Usage
	9152  -  Run Bytes Sent By Job
	436  -  Run Bytes Received By Job
	9152  -  Total Bytes Sent By Job
	436  -  Total Bytes Received By Job
	Partitionable Resources :    Usage  Request Allocated
	   Cpus                 :                 2         2
	   Disk (KB)            :       29        1   2113503
	   Memory (MB)          :      203     4000      4000
...
