000 (2325790.1324.000) 05/26 19:50:29 Job submitted from host: <137.138.44.75:9618?addrs=137.138.44.75-9618&noUDP&sock=3998_dfba_3>
...
001 (2325790.1324.000) 05/26 19:54:49 Job executing on host: <188.184.206.69:9618?addrs=188.184.206.69-9618+[2001-1458-301-7d--100-235]-9618&noUDP&sock=19565_8a87_3>
...
006 (2325790.1324.000) 05/26 19:54:58 Image size of job updated: 98012
	93  -  MemoryUsage of job (MB)
	95204  -  ResidentSetSize of job (KB)
...
006 (2325790.1324.000) 05/26 19:56:47 Image size of job updated: 637320
	93  -  MemoryUsage of job (MB)
	95204  -  ResidentSetSize of job (KB)
...
005 (2325790.1324.000) 05/26 19:56:47 Job terminated.
	(1) Normal termination (return value 0)
		Usr 0 00:00:59, Sys 0 00:00:02  -  Run Remote Usage
		Usr 0 00:00:00, Sys 0 00:00:00  -  Run Local Usage
		Usr 0 00:00:59, Sys 0 00:00:02  -  Total Remote Usage
		Usr 0 00:00:00, Sys 0 00:00:00  -  Total Local Usage
	9191  -  Run Bytes Sent By Job
	436  -  Run Bytes Received By Job
	9191  -  Total Bytes Sent By Job
	436  -  Total Bytes Received By Job
	Partitionable Resources :    Usage  Request Allocated
	   Cpus                 :                 2         2
	   Disk (KB)            :       30        1   2111492
	   Memory (MB)          :       93     4000      4000
...
