000 (2325790.13175.000) 05/26 19:51:00 Job submitted from host: <137.138.44.75:9618?addrs=137.138.44.75-9618&noUDP&sock=3998_dfba_3>
...
001 (2325790.13175.000) 05/26 20:12:26 Job executing on host: <188.184.206.97:9618?addrs=188.184.206.97-9618+[2001-1458-301-7d--100-231]-9618&noUDP&sock=19483_4bc3_3>
...
006 (2325790.13175.000) 05/26 20:12:35 Image size of job updated: 106752
	102  -  MemoryUsage of job (MB)
	104036  -  ResidentSetSize of job (KB)
...
006 (2325790.13175.000) 05/26 20:14:25 Image size of job updated: 178124
	103  -  MemoryUsage of job (MB)
	105384  -  ResidentSetSize of job (KB)
...
005 (2325790.13175.000) 05/26 20:14:25 Job terminated.
	(1) Normal termination (return value 0)
		Usr 0 00:00:44, Sys 0 00:00:02  -  Run Remote Usage
		Usr 0 00:00:00, Sys 0 00:00:00  -  Run Local Usage
		Usr 0 00:00:44, Sys 0 00:00:02  -  Total Remote Usage
		Usr 0 00:00:00, Sys 0 00:00:00  -  Total Local Usage
	9201  -  Run Bytes Sent By Job
	436  -  Run Bytes Received By Job
	9201  -  Total Bytes Sent By Job
	436  -  Total Bytes Received By Job
	Partitionable Resources :    Usage  Request Allocated
	   Cpus                 :                 2         2
	   Disk (KB)            :       30        1   2165142
	   Memory (MB)          :      103     4000      4000
...
