000 (2325790.5993.000) 05/26 19:50:41 Job submitted from host: <137.138.44.75:9618?addrs=137.138.44.75-9618&noUDP&sock=3998_dfba_3>
...
001 (2325790.5993.000) 05/26 20:03:49 Job executing on host: <188.184.204.199:9618?addrs=188.184.204.199-9618+[2001-1458-301-7d--100-a3]-9618&noUDP&sock=19532_e7e7_3>
...
006 (2325790.5993.000) 05/26 20:03:58 Image size of job updated: 282636
	274  -  MemoryUsage of job (MB)
	280008  -  ResidentSetSize of job (KB)
...
006 (2325790.5993.000) 05/26 20:06:08 Image size of job updated: 633000
	286  -  MemoryUsage of job (MB)
	292504  -  ResidentSetSize of job (KB)
...
005 (2325790.5993.000) 05/26 20:06:16 Job terminated.
	(1) Normal termination (return value 0)
		Usr 0 00:00:56, Sys 0 00:00:02  -  Run Remote Usage
		Usr 0 00:00:00, Sys 0 00:00:00  -  Run Local Usage
		Usr 0 00:00:56, Sys 0 00:00:02  -  Total Remote Usage
		Usr 0 00:00:00, Sys 0 00:00:00  -  Total Local Usage
	9156  -  Run Bytes Sent By Job
	436  -  Run Bytes Received By Job
	9156  -  Total Bytes Sent By Job
	436  -  Total Bytes Received By Job
	Partitionable Resources :    Usage  Request Allocated
	   Cpus                 :                 2         2
	   Disk (KB)            :       30        1   2115747
	   Memory (MB)          :      286     4000      4000
...
