000 (2325790.7808.000) 05/26 19:50:45 Job submitted from host: <137.138.44.75:9618?addrs=137.138.44.75-9618&noUDP&sock=3998_dfba_3>
...
001 (2325790.7808.000) 05/26 20:06:36 Job executing on host: <188.184.205.203:9618?addrs=188.184.205.203-9618+[2001-1458-301-7d--100-1e6]-9618&noUDP&sock=19638_9cf1_3>
...
006 (2325790.7808.000) 05/26 20:06:46 Image size of job updated: 236796
	229  -  MemoryUsage of job (MB)
	234164  -  ResidentSetSize of job (KB)
...
006 (2325790.7808.000) 05/26 20:07:44 Image size of job updated: 236796
	240  -  MemoryUsage of job (MB)
	244840  -  ResidentSetSize of job (KB)
...
005 (2325790.7808.000) 05/26 20:07:44 Job terminated.
	(1) Normal termination (return value 0)
		Usr 0 00:00:42, Sys 0 00:00:02  -  Run Remote Usage
		Usr 0 00:00:00, Sys 0 00:00:00  -  Run Local Usage
		Usr 0 00:00:42, Sys 0 00:00:02  -  Total Remote Usage
		Usr 0 00:00:00, Sys 0 00:00:00  -  Total Local Usage
	9193  -  Run Bytes Sent By Job
	436  -  Run Bytes Received By Job
	9193  -  Total Bytes Sent By Job
	436  -  Total Bytes Received By Job
	Partitionable Resources :    Usage  Request Allocated
	   Cpus                 :                 2         2
	   Disk (KB)            :       29        1   2153953
	   Memory (MB)          :      240     4000      4000
...
