000 (2325790.3991.000) 05/26 19:50:36 Job submitted from host: <137.138.44.75:9618?addrs=137.138.44.75-9618&noUDP&sock=3998_dfba_3>
...
001 (2325790.3991.000) 05/26 20:01:12 Job executing on host: <128.142.100.142:9618?addrs=128.142.100.142-9618+[2001-1458-301-89--100-90]-9618&noUDP&sock=15907_7517_3>
...
006 (2325790.3991.000) 05/26 20:01:20 Image size of job updated: 94772
	90  -  MemoryUsage of job (MB)
	91964  -  ResidentSetSize of job (KB)
...
006 (2325790.3991.000) 05/26 20:03:49 Image size of job updated: 612160
	90  -  MemoryUsage of job (MB)
	91964  -  ResidentSetSize of job (KB)
...
005 (2325790.3991.000) 05/26 20:03:49 Job terminated.
	(1) Normal termination (return value 0)
		Usr 0 00:00:56, Sys 0 00:00:02  -  Run Remote Usage
		Usr 0 00:00:00, Sys 0 00:00:00  -  Run Local Usage
		Usr 0 00:00:56, Sys 0 00:00:02  -  Total Remote Usage
		Usr 0 00:00:00, Sys 0 00:00:00  -  Total Local Usage
	9199  -  Run Bytes Sent By Job
	436  -  Run Bytes Received By Job
	9199  -  Total Bytes Sent By Job
	436  -  Total Bytes Received By Job
	Partitionable Resources :    Usage  Request Allocated
	   Cpus                 :                 2         2
	   Disk (KB)            :       31        1   2083173
	   Memory (MB)          :       90     4000      4000
...
