000 (2325790.1255.000) 05/26 19:50:28 Job submitted from host: <137.138.44.75:9618?addrs=137.138.44.75-9618&noUDP&sock=3998_dfba_3>
...
001 (2325790.1255.000) 05/26 20:00:03 Job executing on host: <188.185.193.16:9618?addrs=188.185.193.16-9618+[2001-1459-301-45--100-e]-9618&noUDP&sock=17156_2ae1_3>
...
006 (2325790.1255.000) 05/26 20:00:11 Image size of job updated: 53980
	53  -  MemoryUsage of job (MB)
	53692  -  ResidentSetSize of job (KB)
...
006 (2325790.1255.000) 05/26 20:04:47 Image size of job updated: 1964100
	53  -  MemoryUsage of job (MB)
	53692  -  ResidentSetSize of job (KB)
...
005 (2325790.1255.000) 05/26 20:04:47 Job terminated.
	(1) Normal termination (return value 0)
		Usr 0 00:01:05, Sys 0 00:00:03  -  Run Remote Usage
		Usr 0 00:00:00, Sys 0 00:00:00  -  Run Local Usage
		Usr 0 00:01:05, Sys 0 00:00:03  -  Total Remote Usage
		Usr 0 00:00:00, Sys 0 00:00:00  -  Total Local Usage
	9193  -  Run Bytes Sent By Job
	436  -  Run Bytes Received By Job
	9193  -  Total Bytes Sent By Job
	436  -  Total Bytes Received By Job
	Partitionable Resources :    Usage  Request Allocated
	   Cpus                 :                 2         2
	   Disk (KB)            :       33        1   4032274
	   Memory (MB)          :       53     4000      4000
...
