000 (2325790.7757.000) 05/26 19:50:45 Job submitted from host: <137.138.44.75:9618?addrs=137.138.44.75-9618&noUDP&sock=3998_dfba_3>
...
001 (2325790.7757.000) 05/26 20:06:32 Job executing on host: <188.184.132.252:9618?addrs=188.184.132.252-9618+[2001-1458-301-a0--100-da]-9618&noUDP&sock=16512_6fe3_3>
...
006 (2325790.7757.000) 05/26 20:06:41 Image size of job updated: 96836
	95  -  MemoryUsage of job (MB)
	96744  -  ResidentSetSize of job (KB)
...
006 (2325790.7757.000) 05/26 20:08:07 Image size of job updated: 122708
	96  -  MemoryUsage of job (MB)
	97700  -  ResidentSetSize of job (KB)
...
005 (2325790.7757.000) 05/26 20:08:07 Job terminated.
	(1) Normal termination (return value 0)
		Usr 0 00:00:38, Sys 0 00:00:01  -  Run Remote Usage
		Usr 0 00:00:00, Sys 0 00:00:00  -  Run Local Usage
		Usr 0 00:00:38, Sys 0 00:00:01  -  Total Remote Usage
		Usr 0 00:00:00, Sys 0 00:00:00  -  Total Local Usage
	9189  -  Run Bytes Sent By Job
	436  -  Run Bytes Received By Job
	9189  -  Total Bytes Sent By Job
	436  -  Total Bytes Received By Job
	Partitionable Resources :    Usage  Request Allocated
	   Cpus                 :                 2         2
	   Disk (KB)            :       30        1   2157344
	   Memory (MB)          :       96     4000      4000
...
