000 (2325790.8174.000) 05/26 19:50:46 Job submitted from host: <137.138.44.75:9618?addrs=137.138.44.75-9618&noUDP&sock=3998_dfba_3>
...
001 (2325790.8174.000) 05/26 20:06:50 Job executing on host: <128.142.100.88:9618?addrs=128.142.100.88-9618+[2001-1458-301-89--100-44]-9618&noUDP&sock=15909_d447_3>
...
006 (2325790.8174.000) 05/26 20:06:59 Image size of job updated: 95944
	94  -  MemoryUsage of job (MB)
	95912  -  ResidentSetSize of job (KB)
...
006 (2325790.8174.000) 05/26 20:08:06 Image size of job updated: 95944
	94  -  MemoryUsage of job (MB)
	95996  -  ResidentSetSize of job (KB)
...
005 (2325790.8174.000) 05/26 20:08:06 Job terminated.
	(1) Normal termination (return value 0)
		Usr 0 00:00:24, Sys 0 00:00:01  -  Run Remote Usage
		Usr 0 00:00:00, Sys 0 00:00:00  -  Run Local Usage
		Usr 0 00:00:24, Sys 0 00:00:01  -  Total Remote Usage
		Usr 0 00:00:00, Sys 0 00:00:00  -  Total Local Usage
	8300  -  Run Bytes Sent By Job
	436  -  Run Bytes Received By Job
	8300  -  Total Bytes Sent By Job
	436  -  Total Bytes Received By Job
	Partitionable Resources :    Usage  Request Allocated
	   Cpus                 :                 2         2
	   Disk (KB)            :       28        1   2175380
	   Memory (MB)          :       94     4000      4000
...
