000 (2325790.108.000) 05/26 19:50:26 Job submitted from host: <137.138.44.75:9618?addrs=137.138.44.75-9618&noUDP&sock=3998_dfba_3>
...
001 (2325790.108.000) 05/26 19:53:33 Job executing on host: <188.184.205.33:9618?addrs=188.184.205.33-9618+[2001-1458-301-7d--100-113]-9618&noUDP&sock=19504_b340_3>
...
006 (2325790.108.000) 05/26 19:53:42 Image size of job updated: 227720
	215  -  MemoryUsage of job (MB)
	219156  -  ResidentSetSize of job (KB)
...
006 (2325790.108.000) 05/26 19:54:44 Image size of job updated: 1901488
	215  -  MemoryUsage of job (MB)
	219156  -  ResidentSetSize of job (KB)
...
005 (2325790.108.000) 05/26 19:54:45 Job terminated.
	(1) Normal termination (return value 0)
		Usr 0 00:00:53, Sys 0 00:00:02  -  Run Remote Usage
		Usr 0 00:00:00, Sys 0 00:00:00  -  Run Local Usage
		Usr 0 00:00:53, Sys 0 00:00:02  -  Total Remote Usage
		Usr 0 00:00:00, Sys 0 00:00:00  -  Total Local Usage
	9188  -  Run Bytes Sent By Job
	436  -  Run Bytes Received By Job
	9188  -  Total Bytes Sent By Job
	436  -  Total Bytes Received By Job
	Partitionable Resources :    Usage  Request Allocated
	   Cpus                 :                 2         2
	   Disk (KB)            :       29        1   2171737
	   Memory (MB)          :      215     4000      4000
...
