000 (2325790.2461.000) 05/26 19:50:32 Job submitted from host: <137.138.44.75:9618?addrs=137.138.44.75-9618&noUDP&sock=3998_dfba_3>
...
001 (2325790.2461.000) 05/26 20:00:31 Job executing on host: <188.184.205.69:9618?addrs=188.184.205.69-9618+[2001-1458-301-7d--100-13c]-9618&noUDP&sock=19590_b065_3>
...
006 (2325790.2461.000) 05/26 20:00:39 Image size of job updated: 316876
	307  -  MemoryUsage of job (MB)
	314068  -  ResidentSetSize of job (KB)
...
006 (2325790.2461.000) 05/26 20:01:40 Image size of job updated: 735740
	307  -  MemoryUsage of job (MB)
	314304  -  ResidentSetSize of job (KB)
...
005 (2325790.2461.000) 05/26 20:01:48 Job terminated.
	(1) Normal termination (return value 0)
		Usr 0 00:00:47, Sys 0 00:00:02  -  Run Remote Usage
		Usr 0 00:00:00, Sys 0 00:00:00  -  Run Local Usage
		Usr 0 00:00:47, Sys 0 00:00:02  -  Total Remote Usage
		Usr 0 00:00:00, Sys 0 00:00:00  -  Total Local Usage
	9191  -  Run Bytes Sent By Job
	436  -  Run Bytes Received By Job
	9191  -  Total Bytes Sent By Job
	436  -  Total Bytes Received By Job
	Partitionable Resources :    Usage  Request Allocated
	   Cpus                 :                 2         2
	   Disk (KB)            :       29        1   2116758
	   Memory (MB)          :      307     4000      4000
...
