000 (2325790.4476.000) 05/26 19:50:37 Job submitted from host: <137.138.44.75:9618?addrs=137.138.44.75-9618&noUDP&sock=3998_dfba_3>
...
001 (2325790.4476.000) 05/26 20:02:04 Job executing on host: <188.184.142.115:9618?addrs=188.184.142.115-9618+[2001-1458-301-46--100-95]-9618&noUDP&sock=19626_61ce_3>
...
006 (2325790.4476.000) 05/26 20:02:12 Image size of job updated: 89240
	85  -  MemoryUsage of job (MB)
	86432  -  ResidentSetSize of job (KB)
...
006 (2325790.4476.000) 05/26 20:04:09 Image size of job updated: 605264
	85  -  MemoryUsage of job (MB)
	86432  -  ResidentSetSize of job (KB)
...
005 (2325790.4476.000) 05/26 20:04:10 Job terminated.
	(1) Normal termination (return value 0)
		Usr 0 00:00:54, Sys 0 00:00:02  -  Run Remote Usage
		Usr 0 00:00:00, Sys 0 00:00:00  -  Run Local Usage
		Usr 0 00:00:54, Sys 0 00:00:02  -  Total Remote Usage
		Usr 0 00:00:00, Sys 0 00:00:00  -  Total Local Usage
	9191  -  Run Bytes Sent By Job
	436  -  Run Bytes Received By Job
	9191  -  Total Bytes Sent By Job
	436  -  Total Bytes Received By Job
	Partitionable Resources :    Usage  Request Allocated
	   Cpus                 :                 2         2
	   Disk (KB)            :       30        1   2201638
	   Memory (MB)          :       85     4000      4000
...
