000 (2325790.9277.000) 05/26 19:50:49 Job submitted from host: <137.138.44.75:9618?addrs=137.138.44.75-9618&noUDP&sock=3998_dfba_3>
...
001 (2325790.9277.000) 05/26 20:07:59 Job executing on host: <188.184.206.52:9618?addrs=188.184.206.52-9618+[2001-1458-301-7d--100-24d]-9618&noUDP&sock=19613_7713_3>
...
006 (2325790.9277.000) 05/26 20:08:08 Image size of job updated: 274896
	266  -  MemoryUsage of job (MB)
	272156  -  ResidentSetSize of job (KB)
...
006 (2325790.9277.000) 05/26 20:08:52 Image size of job updated: 1357820
	267  -  MemoryUsage of job (MB)
	272612  -  ResidentSetSize of job (KB)
...
005 (2325790.9277.000) 05/26 20:09:02 Job terminated.
	(1) Normal termination (return value 0)
		Usr 0 00:00:39, Sys 0 00:00:02  -  Run Remote Usage
		Usr 0 00:00:00, Sys 0 00:00:00  -  Run Local Usage
		Usr 0 00:00:39, Sys 0 00:00:02  -  Total Remote Usage
		Usr 0 00:00:00, Sys 0 00:00:00  -  Total Local Usage
	9199  -  Run Bytes Sent By Job
	436  -  Run Bytes Received By Job
	9199  -  Total Bytes Sent By Job
	436  -  Total Bytes Received By Job
	Partitionable Resources :    Usage  Request Allocated
	   Cpus                 :                 2         2
	   Disk (KB)            :       29        1   2149900
	   Memory (MB)          :      267     4000      4000
...
