000 (2325790.2615.000) 05/26 19:50:32 Job submitted from host: <137.138.44.75:9618?addrs=137.138.44.75-9618&noUDP&sock=3998_dfba_3>
...
001 (2325790.2615.000) 05/26 20:01:21 Job executing on host: <128.142.104.144:9618?addrs=128.142.104.144-9618+[2001-1458-301-8b--100-6e]-9618&noUDP&sock=16030_d33d_3>
...
006 (2325790.2615.000) 05/26 20:01:30 Image size of job updated: 274376
	266  -  MemoryUsage of job (MB)
	271748  -  ResidentSetSize of job (KB)
...
005 (2325790.2615.000) 05/26 20:03:07 Job terminated.
	(1) Normal termination (return value 0)
		Usr 0 00:00:47, Sys 0 00:00:02  -  Run Remote Usage
		Usr 0 00:00:00, Sys 0 00:00:00  -  Run Local Usage
		Usr 0 00:00:47, Sys 0 00:00:02  -  Total Remote Usage
		Usr 0 00:00:00, Sys 0 00:00:00  -  Total Local Usage
	9155  -  Run Bytes Sent By Job
	436  -  Run Bytes Received By Job
	9155  -  Total Bytes Sent By Job
	436  -  Total Bytes Received By Job
	Partitionable Resources :    Usage  Request Allocated
	   Cpus                 :                 2         2
	   Disk (KB)            :       29        1   2144342
	   Memory (MB)          :      266     4000      4000
...
