000 (2325790.9631.000) 05/26 19:50:50 Job submitted from host: <137.138.44.75:9618?addrs=137.138.44.75-9618&noUDP&sock=3998_dfba_3>
...
001 (2325790.9631.000) 05/26 20:08:25 Job executing on host: <188.184.206.89:9618?addrs=188.184.206.89-9618+[2001-1458-301-7d--100-25a]-9618&noUDP&sock=19534_4717_3>
...
006 (2325790.9631.000) 05/26 20:08:34 Image size of job updated: 75028
	74  -  MemoryUsage of job (MB)
	75028  -  ResidentSetSize of job (KB)
...
006 (2325790.9631.000) 05/26 20:13:36 Image size of job updated: 403800
	395  -  MemoryUsage of job (MB)
	403800  -  ResidentSetSize of job (KB)
...
006 (2325790.9631.000) 05/26 20:17:59 Image size of job updated: 403800
	397  -  MemoryUsage of job (MB)
	405756  -  ResidentSetSize of job (KB)
...
005 (2325790.9631.000) 05/26 20:17:59 Job terminated.
	(1) Normal termination (return value 0)
		Usr 0 00:00:23, Sys 0 00:00:01  -  Run Remote Usage
		Usr 0 00:00:00, Sys 0 00:00:00  -  Run Local Usage
		Usr 0 00:00:23, Sys 0 00:00:01  -  Total Remote Usage
		Usr 0 00:00:00, Sys 0 00:00:00  -  Total Local Usage
	8289  -  Run Bytes Sent By Job
	436  -  Run Bytes Received By Job
	8289  -  Total Bytes Sent By Job
	436  -  Total Bytes Received By Job
	Partitionable Resources :    Usage  Request Allocated
	   Cpus                 :                 2         2
	   Disk (KB)            :       39        1   2176937
	   Memory (MB)          :      397     4000      4000
...
