000 (2325790.5604.000) 05/26 19:50:40 Job submitted from host: <137.138.44.75:9618?addrs=137.138.44.75-9618&noUDP&sock=3998_dfba_3>
...
001 (2325790.5604.000) 05/26 20:03:24 Job executing on host: <188.184.180.236:9618?addrs=188.184.180.236-9618+[--1]-9618&noUDP&sock=4675_3d58_3>
...
006 (2325790.5604.000) 05/26 20:03:33 Image size of job updated: 322384
	315  -  MemoryUsage of job (MB)
	322384  -  ResidentSetSize of job (KB)
...
006 (2325790.5604.000) 05/26 20:05:27 Image size of job updated: 1948784
	322  -  MemoryUsage of job (MB)
	328976  -  ResidentSetSize of job (KB)
...
005 (2325790.5604.000) 05/26 20:05:27 Job terminated.
	(1) Normal termination (return value 0)
		Usr 0 00:00:53, Sys 0 00:00:02  -  Run Remote Usage
		Usr 0 00:00:00, Sys 0 00:00:00  -  Run Local Usage
		Usr 0 00:00:53, Sys 0 00:00:02  -  Total Remote Usage
		Usr 0 00:00:00, Sys 0 00:00:00  -  Total Local Usage
	9191  -  Run Bytes Sent By Job
	436  -  Run Bytes Received By Job
	9191  -  Total Bytes Sent By Job
	436  -  Total Bytes Received By Job
	Partitionable Resources :    Usage  Request Allocated
	   Cpus                 :                 2         2
	   Disk (KB)            :       30        1   1852764
	   Memory (MB)          :      322     4000      4000
...
