000 (2325790.9333.000) 05/26 19:50:49 Job submitted from host: <137.138.44.75:9618?addrs=137.138.44.75-9618&noUDP&sock=3998_dfba_3>
...
001 (2325790.9333.000) 05/26 20:08:03 Job executing on host: <128.142.240.190:9618?addrs=128.142.240.190-9618+[2001-1458-301-9--100-45]-9618&noUDP&sock=28572_980d_3>
...
006 (2325790.9333.000) 05/26 20:08:12 Image size of job updated: 100416
	96  -  MemoryUsage of job (MB)
	97700  -  ResidentSetSize of job (KB)
...
006 (2325790.9333.000) 05/26 20:10:30 Image size of job updated: 689584
	96  -  MemoryUsage of job (MB)
	97700  -  ResidentSetSize of job (KB)
...
005 (2325790.9333.000) 05/26 20:10:40 Job terminated.
	(1) Normal termination (return value 0)
		Usr 0 00:00:35, Sys 0 00:00:02  -  Run Remote Usage
		Usr 0 00:00:00, Sys 0 00:00:00  -  Run Local Usage
		Usr 0 00:00:35, Sys 0 00:00:02  -  Total Remote Usage
		Usr 0 00:00:00, Sys 0 00:00:00  -  Total Local Usage
	8245  -  Run Bytes Sent By Job
	436  -  Run Bytes Received By Job
	8245  -  Total Bytes Sent By Job
	436  -  Total Bytes Received By Job
	Partitionable Resources :    Usage  Request Allocated
	   Cpus                 :                 2         2
	   Disk (KB)            :       30        1   3003352
	   Memory (MB)          :       96     4000      4000
...
