000 (2325790.6673.000) 05/26 19:50:43 Job submitted from host: <137.138.44.75:9618?addrs=137.138.44.75-9618&noUDP&sock=3998_dfba_3>
...
001 (2325790.6673.000) 05/26 20:04:47 Job executing on host: <188.184.205.146:9618?addrs=188.184.205.146-9618+[2001-1458-301-7d--100-19d]-9618&noUDP&sock=19624_029d_3>
...
006 (2325790.6673.000) 05/26 20:04:55 Image size of job updated: 288360
	282  -  MemoryUsage of job (MB)
	288268  -  ResidentSetSize of job (KB)
...
006 (2325790.6673.000) 05/26 20:06:54 Image size of job updated: 716420
	284  -  MemoryUsage of job (MB)
	290396  -  ResidentSetSize of job (KB)
...
005 (2325790.6673.000) 05/26 20:06:55 Job terminated.
	(1) Normal termination (return value 0)
		Usr 0 00:00:49, Sys 0 00:00:02  -  Run Remote Usage
		Usr 0 00:00:00, Sys 0 00:00:00  -  Run Local Usage
		Usr 0 00:00:49, Sys 0 00:00:02  -  Total Remote Usage
		Usr 0 00:00:00, Sys 0 00:00:00  -  Total Local Usage
	9151  -  Run Bytes Sent By Job
	436  -  Run Bytes Received By Job
	9151  -  Total Bytes Sent By Job
	436  -  Total Bytes Received By Job
	Partitionable Resources :    Usage  Request Allocated
	   Cpus                 :                 2         2
	   Disk (KB)            :       30        1   2162569
	   Memory (MB)          :      284     4000      4000
...
