000 (2325790.006.000) 05/26 19:50:25 Job submitted from host: <137.138.44.75:9618?addrs=137.138.44.75-9618&noUDP&sock=3998_dfba_3>
...
001 (2325790.006.000) 05/26 19:52:55 Job executing on host: <128.142.102.12:9618?addrs=128.142.102.12-9618+[2001-1458-301-89--100-228]-9618&noUDP&sock=15921_0f6a_3>
...
006 (2325790.006.000) 05/26 19:53:03 Image size of job updated: 114772
	87  -  MemoryUsage of job (MB)
	88084  -  ResidentSetSize of job (KB)
...
006 (2325790.006.000) 05/26 19:54:45 Image size of job updated: 1847192
	87  -  MemoryUsage of job (MB)
	88296  -  ResidentSetSize of job (KB)
...
005 (2325790.006.000) 05/26 19:54:45 Job terminated.
	(1) Normal termination (return value 0)
		Usr 0 00:00:46, Sys 0 00:00:02  -  Run Remote Usage
		Usr 0 00:00:00, Sys 0 00:00:00  -  Run Local Usage
		Usr 0 00:00:46, Sys 0 00:00:02  -  Total Remote Usage
		Usr 0 00:00:00, Sys 0 00:00:00  -  Total Local Usage
	9196  -  Run Bytes Sent By Job
	436  -  Run Bytes Received By Job
	9196  -  Total Bytes Sent By Job
	436  -  Total Bytes Received By Job
	Partitionable Resources :    Usage  Request Allocated
	   Cpus                 :                 2         2
	   Disk (KB)            :       30        1   2180366
	   Memory (MB)          :       87     4000      4000
...
