000 (2325790.13083.000) 05/26 19:51:00 Job submitted from host: <137.138.44.75:9618?addrs=137.138.44.75-9618&noUDP&sock=3998_dfba_3>
...
001 (2325790.13083.000) 05/26 20:12:17 Job executing on host: <188.184.206.253:9618?addrs=188.184.206.253-9618+[2001-1458-301-7d--100-298]-9618&noUDP&sock=19550_409b_3>
...
006 (2325790.13083.000) 05/26 20:12:25 Image size of job updated: 308844
	301  -  MemoryUsage of job (MB)
	307656  -  ResidentSetSize of job (KB)
...
006 (2325790.13083.000) 05/26 20:13:49 Image size of job updated: 308844
	301  -  MemoryUsage of job (MB)
	307724  -  ResidentSetSize of job (KB)
...
005 (2325790.13083.000) 05/26 20:13:53 Job terminated.
	(1) Normal termination (return value 0)
		Usr 0 00:00:37, Sys 0 00:00:01  -  Run Remote Usage
		Usr 0 00:00:00, Sys 0 00:00:00  -  Run Local Usage
		Usr 0 00:00:37, Sys 0 00:00:01  -  Total Remote Usage
		Usr 0 00:00:00, Sys 0 00:00:00  -  Total Local Usage
	9198  -  Run Bytes Sent By Job
	436  -  Run Bytes Received By Job
	9198  -  Total Bytes Sent By Job
	436  -  Total Bytes Received By Job
	Partitionable Resources :    Usage  Request Allocated
	   Cpus                 :                 2         2
	   Disk (KB)            :       30        1   2158448
	   Memory (MB)          :      301     4000      4000
...
