000 (2325790.7071.000) 05/26 19:50:44 Job submitted from host: <137.138.44.75:9618?addrs=137.138.44.75-9618&noUDP&sock=3998_dfba_3>
...
001 (2325790.7071.000) 05/26 20:05:23 Job executing on host: <188.184.206.50:9618?addrs=188.184.206.50-9618+[2001-1458-301-7d--100-22e]-9618&noUDP&sock=20213_03e6_3>
...
006 (2325790.7071.000) 05/26 20:05:31 Image size of job updated: 95108
	93  -  MemoryUsage of job (MB)
	95108  -  ResidentSetSize of job (KB)
...
006 (2325790.7071.000) 05/26 20:08:32 Image size of job updated: 1432040
	93  -  MemoryUsage of job (MB)
	95184  -  ResidentSetSize of job (KB)
...
005 (2325790.7071.000) 05/26 20:08:32 Job terminated.
	(1) Normal termination (return value 0)
		Usr 0 00:00:39, Sys 0 00:00:02  -  Run Remote Usage
		Usr 0 00:00:00, Sys 0 00:00:00  -  Run Local Usage
		Usr 0 00:00:39, Sys 0 00:00:02  -  Total Remote Usage
		Usr 0 00:00:00, Sys 0 00:00:00  -  Total Local Usage
	9156  -  Run Bytes Sent By Job
	436  -  Run Bytes Received By Job
	9156  -  Total Bytes Sent By Job
	436  -  Total Bytes Received By Job
	Partitionable Resources :    Usage  Request Allocated
	   Cpus                 :                 2         2
	   Disk (KB)            :       32        1   2184464
	   Memory (MB)          :       93     4000      4000
...
