000 (2325790.3775.000) 05/26 19:50:36 Job submitted from host: <137.138.44.75:9618?addrs=137.138.44.75-9618&noUDP&sock=3998_dfba_3>
...
001 (2325790.3775.000) 05/26 20:00:59 Job executing on host: <188.184.205.145:9618?addrs=188.184.205.145-9618+[2001-1458-301-7d--100-1a1]-9618&noUDP&sock=19674_4e5a_3>
...
006 (2325790.3775.000) 05/26 20:01:07 Image size of job updated: 88544
	86  -  MemoryUsage of job (MB)
	87812  -  ResidentSetSize of job (KB)
...
006 (2325790.3775.000) 05/26 20:03:25 Image size of job updated: 1910516
	86  -  MemoryUsage of job (MB)
	87816  -  ResidentSetSize of job (KB)
...
005 (2325790.3775.000) 05/26 20:03:26 Job terminated.
	(1) Normal termination (return value 0)
		Usr 0 00:01:01, Sys 0 00:00:02  -  Run Remote Usage
		Usr 0 00:00:00, Sys 0 00:00:00  -  Run Local Usage
		Usr 0 00:01:01, Sys 0 00:00:02  -  Total Remote Usage
		Usr 0 00:00:00, Sys 0 00:00:00  -  Total Local Usage
	9190  -  Run Bytes Sent By Job
	436  -  Run Bytes Received By Job
	9190  -  Total Bytes Sent By Job
	436  -  Total Bytes Received By Job
	Partitionable Resources :    Usage  Request Allocated
	   Cpus                 :                 2         2
	   Disk (KB)            :       31        1   2145727
	   Memory (MB)          :       86     4000      4000
...
