000 (2325790.12841.000) 05/26 19:50:59 Job submitted from host: <137.138.44.75:9618?addrs=137.138.44.75-9618&noUDP&sock=3998_dfba_3>
...
001 (2325790.12841.000) 05/26 20:12:02 Job executing on host: <188.184.133.133:9618?addrs=188.184.133.133-9618+[2001-1458-301-a0--100-b1]-9618&noUDP&sock=16582_7384_3>
...
006 (2325790.12841.000) 05/26 20:12:11 Image size of job updated: 92748
	88  -  MemoryUsage of job (MB)
	89940  -  ResidentSetSize of job (KB)
...
006 (2325790.12841.000) 05/26 20:14:05 Image size of job updated: 123600
	89  -  MemoryUsage of job (MB)
	90136  -  ResidentSetSize of job (KB)
...
005 (2325790.12841.000) 05/26 20:14:05 Job terminated.
	(1) Normal termination (return value 0)
		Usr 0 00:00:45, Sys 0 00:00:02  -  Run Remote Usage
		Usr 0 00:00:00, Sys 0 00:00:00  -  Run Local Usage
		Usr 0 00:00:45, Sys 0 00:00:02  -  Total Remote Usage
		Usr 0 00:00:00, Sys 0 00:00:00  -  Total Local Usage
	9200  -  Run Bytes Sent By Job
	436  -  Run Bytes Received By Job
	9200  -  Total Bytes Sent By Job
	436  -  Total Bytes Received By Job
	Partitionable Resources :    Usage  Request Allocated
	   Cpus                 :                 2         2
	   Disk (KB)            :       30        1   2045002
	   Memory (MB)          :       89     4000      4000
...
