000 (2325790.13935.000) 05/26 19:51:02 Job submitted from host: <137.138.44.75:9618?addrs=137.138.44.75-9618&noUDP&sock=3998_dfba_3>
...
001 (2325790.13935.000) 05/26 20:13:28 Job executing on host: <128.142.133.201:9618?addrs=128.142.133.201-9618+[2001-1458-301-32--100-c6]-9618&noUDP&sock=19519_fd2c_3>
...
006 (2325790.13935.000) 05/26 20:13:37 Image size of job updated: 300784
	294  -  MemoryUsage of job (MB)
	300684  -  ResidentSetSize of job (KB)
...
006 (2325790.13935.000) 05/26 20:14:24 Image size of job updated: 300784
	294  -  MemoryUsage of job (MB)
	300848  -  ResidentSetSize of job (KB)
...
005 (2325790.13935.000) 05/26 20:14:24 Job terminated.
	(1) Normal termination (return value 0)
		Usr 0 00:00:39, Sys 0 00:00:02  -  Run Remote Usage
		Usr 0 00:00:00, Sys 0 00:00:00  -  Run Local Usage
		Usr 0 00:00:39, Sys 0 00:00:02  -  Total Remote Usage
		Usr 0 00:00:00, Sys 0 00:00:00  -  Total Local Usage
	9194  -  Run Bytes Sent By Job
	436  -  Run Bytes Received By Job
	9194  -  Total Bytes Sent By Job
	436  -  Total Bytes Received By Job
	Partitionable Resources :    Usage  Request Allocated
	   Cpus                 :                 2         2
	   Disk (KB)            :       29        1   2118775
	   Memory (MB)          :      294     4000      4000
...
