000 (2325790.14499.000) 05/26 19:51:03 Job submitted from host: <137.138.44.75:9618?addrs=137.138.44.75-9618&noUDP&sock=3998_dfba_3>
...
001 (2325790.14499.000) 05/26 20:14:01 Job executing on host: <128.142.96.36:9618?addrs=128.142.96.36-9618+[2001-1458-301-87--100-39]-9618&noUDP&sock=16999_7a82_3>
...
006 (2325790.14499.000) 05/26 20:14:10 Image size of job updated: 110472
	106  -  MemoryUsage of job (MB)
	107664  -  ResidentSetSize of job (KB)
...
006 (2325790.14499.000) 05/26 20:16:01 Image size of job updated: 271176
	106  -  MemoryUsage of job (MB)
	107664  -  ResidentSetSize of job (KB)
...
005 (2325790.14499.000) 05/26 20:16:02 Job terminated.
	(1) Normal termination (return value 0)
		Usr 0 00:00:36, Sys 0 00:00:02  -  Run Remote Usage
		Usr 0 00:00:00, Sys 0 00:00:00  -  Run Local Usage
		Usr 0 00:00:36, Sys 0 00:00:02  -  Total Remote Usage
		Usr 0 00:00:00, Sys 0 00:00:00  -  Total Local Usage
	9205  -  Run Bytes Sent By Job
	436  -  Run Bytes Received By Job
	9205  -  Total Bytes Sent By Job
	436  -  Total Bytes Received By Job
	Partitionable Resources :    Usage  Request Allocated
	   Cpus                 :                 2         2
	   Disk (KB)            :       30        1   4168900
	   Memory (MB)          :      106     4000      4000
...
