000 (2325790.12222.000) 05/26 19:50:58 Job submitted from host: <137.138.44.75:9618?addrs=137.138.44.75-9618&noUDP&sock=3998_dfba_3>
...
001 (2325790.12222.000) 05/26 20:11:16 Job executing on host: <188.184.132.111:9618?addrs=188.184.132.111-9618+[2001-1458-301-a0--100-70]-9618&noUDP&sock=16477_6e13_3>
...
006 (2325790.12222.000) 05/26 20:11:25 Image size of job updated: 319656
	313  -  MemoryUsage of job (MB)
	319500  -  ResidentSetSize of job (KB)
...
005 (2325790.12222.000) 05/26 20:12:02 Job terminated.
	(1) Normal termination (return value 0)
		Usr 0 00:00:21, Sys 0 00:00:01  -  Run Remote Usage
		Usr 0 00:00:00, Sys 0 00:00:00  -  Run Local Usage
		Usr 0 00:00:21, Sys 0 00:00:01  -  Total Remote Usage
		Usr 0 00:00:00, Sys 0 00:00:00  -  Total Local Usage
	8290  -  Run Bytes Sent By Job
	436  -  Run Bytes Received By Job
	8290  -  Total Bytes Sent By Job
	436  -  Total Bytes Received By Job
	Partitionable Resources :    Usage  Request Allocated
	   Cpus                 :                 2         2
	   Disk (KB)            :       27        1   2101917
	   Memory (MB)          :      313     4000      4000
...
