000 (2325790.350.000) 05/26 19:50:26 Job submitted from host: <137.138.44.75:9618?addrs=137.138.44.75-9618&noUDP&sock=3998_dfba_3>
...
001 (2325790.350.000) 05/26 19:54:59 Job executing on host: <188.184.204.8:9618?addrs=188.184.204.8-9618+[2001-1458-301-7d--100-2e]-9618&noUDP&sock=19557_0dc5_3>
...
006 (2325790.350.000) 05/26 19:55:07 Image size of job updated: 274208
	266  -  MemoryUsage of job (MB)
	271400  -  ResidentSetSize of job (KB)
...
006 (2325790.350.000) 05/26 19:57:11 Image size of job updated: 1870356
	266  -  MemoryUsage of job (MB)
	271600  -  ResidentSetSize of job (KB)
...
005 (2325790.350.000) 05/26 19:57:11 Job terminated.
	(1) Normal termination (return value 0)
		Usr 0 00:00:59, Sys 0 00:00:02  -  Run Remote Usage
		Usr 0 00:00:00, Sys 0 00:00:00  -  Run Local Usage
		Usr 0 00:00:59, Sys 0 00:00:02  -  Total Remote Usage
		Usr 0 00:00:00, Sys 0 00:00:00  -  Total Local Usage
	9193  -  Run Bytes Sent By Job
	436  -  Run Bytes Received By Job
	9193  -  Total Bytes Sent By Job
	436  -  Total Bytes Received By Job
	Partitionable Resources :    Usage  Request Allocated
	   Cpus                 :                 2         2
	   Disk (KB)            :       30        1   2168514
	   Memory (MB)          :      266     4000      4000
...
