000 (2325790.6482.000) 05/26 19:50:42 Job submitted from host: <137.138.44.75:9618?addrs=137.138.44.75-9618&noUDP&sock=3998_dfba_3>
...
001 (2325790.6482.000) 05/26 20:04:33 Job executing on host: <188.184.207.16:9618?addrs=188.184.207.16-9618+[2001-1458-301-7d--100-313]-9618&noUDP&sock=20302_0fd3_3>
...
006 (2325790.6482.000) 05/26 20:04:41 Image size of job updated: 255068
	249  -  MemoryUsage of job (MB)
	254912  -  ResidentSetSize of job (KB)
...
006 (2325790.6482.000) 05/26 20:07:45 Image size of job updated: 1910068
	250  -  MemoryUsage of job (MB)
	255068  -  ResidentSetSize of job (KB)
...
005 (2325790.6482.000) 05/26 20:07:46 Job terminated.
	(1) Normal termination (return value 0)
		Usr 0 00:00:59, Sys 0 00:00:03  -  Run Remote Usage
		Usr 0 00:00:00, Sys 0 00:00:00  -  Run Local Usage
		Usr 0 00:00:59, Sys 0 00:00:03  -  Total Remote Usage
		Usr 0 00:00:00, Sys 0 00:00:00  -  Total Local Usage
	9151  -  Run Bytes Sent By Job
	436  -  Run Bytes Received By Job
	9151  -  Total Bytes Sent By Job
	436  -  Total Bytes Received By Job
	Partitionable Resources :    Usage  Request Allocated
	   Cpus                 :                 2         2
	   Disk (KB)            :       32        1   2221442
	   Memory (MB)          :      250     4000      4000
...
