000 (2325790.10145.000) 05/26 19:50:51 Job submitted from host: <137.138.44.75:9618?addrs=137.138.44.75-9618&noUDP&sock=3998_dfba_3>
...
001 (2325790.10145.000) 05/26 20:09:05 Job executing on host: <188.184.206.192:9618?addrs=188.184.206.192-9618+[2001-1458-301-7d--100-2b7]-9618&noUDP&sock=19545_d2a2_3>
...
006 (2325790.10145.000) 05/26 20:09:14 Image size of job updated: 91132
	87  -  MemoryUsage of job (MB)
	88416  -  ResidentSetSize of job (KB)
...
005 (2325790.10145.000) 05/26 20:11:20 Job terminated.
	(1) Normal termination (return value 0)
		Usr 0 00:00:32, Sys 0 00:00:01  -  Run Remote Usage
		Usr 0 00:00:00, Sys 0 00:00:00  -  Run Local Usage
		Usr 0 00:00:32, Sys 0 00:00:01  -  Total Remote Usage
		Usr 0 00:00:00, Sys 0 00:00:00  -  Total Local Usage
	8250  -  Run Bytes Sent By Job
	436  -  Run Bytes Received By Job
	8250  -  Total Bytes Sent By Job
	436  -  Total Bytes Received By Job
	Partitionable Resources :    Usage  Request Allocated
	   Cpus                 :                 2         2
	   Disk (KB)            :       30        1   2120232
	   Memory (MB)          :       87     4000      4000
...
