000 (2325790.9176.000) 05/26 19:50:49 Job submitted from host: <137.138.44.75:9618?addrs=137.138.44.75-9618&noUDP&sock=3998_dfba_3>
...
001 (2325790.9176.000) 05/26 20:07:53 Job executing on host: <188.184.143.29:9618?addrs=188.184.143.29-9618+[2001-1458-301-46--100-112]-9618&noUDP&sock=19728_5877_3>
...
006 (2325790.9176.000) 05/26 20:08:02 Image size of job updated: 91748
	87  -  MemoryUsage of job (MB)
	89032  -  ResidentSetSize of job (KB)
...
006 (2325790.9176.000) 05/26 20:10:47 Image size of job updated: 192804
	88  -  MemoryUsage of job (MB)
	89164  -  ResidentSetSize of job (KB)
...
005 (2325790.9176.000) 05/26 20:10:57 Job terminated.
	(1) Normal termination (return value 0)
		Usr 0 00:00:42, Sys 0 00:00:02  -  Run Remote Usage
		Usr 0 00:00:00, Sys 0 00:00:00  -  Run Local Usage
		Usr 0 00:00:42, Sys 0 00:00:02  -  Total Remote Usage
		Usr 0 00:00:00, Sys 0 00:00:00  -  Total Local Usage
	9196  -  Run Bytes Sent By Job
	436  -  Run Bytes Received By Job
	9196  -  Total Bytes Sent By Job
	436  -  Total Bytes Received By Job
	Partitionable Resources :    Usage  Request Allocated
	   Cpus                 :                 2         2
	   Disk (KB)            :       31        1   2005291
	   Memory (MB)          :       88     4000      4000
...
