000 (2325790.4855.000) 05/26 19:50:38 Job submitted from host: <137.138.44.75:9618?addrs=137.138.44.75-9618&noUDP&sock=3998_dfba_3>
...
001 (2325790.4855.000) 05/26 20:02:23 Job executing on host: <188.184.206.157:9618?addrs=188.184.206.157-9618+[2001-1458-301-7d--100-2b3]-9618&noUDP&sock=19589_00cd_3>
...
006 (2325790.4855.000) 05/26 20:02:32 Image size of job updated: 334572
	325  -  MemoryUsage of job (MB)
	331920  -  ResidentSetSize of job (KB)
...
006 (2325790.4855.000) 05/26 20:03:25 Image size of job updated: 630820
	325  -  MemoryUsage of job (MB)
	332204  -  ResidentSetSize of job (KB)
...
005 (2325790.4855.000) 05/26 20:03:26 Job terminated.
	(1) Normal termination (return value 0)
		Usr 0 00:00:48, Sys 0 00:00:02  -  Run Remote Usage
		Usr 0 00:00:00, Sys 0 00:00:00  -  Run Local Usage
		Usr 0 00:00:48, Sys 0 00:00:02  -  Total Remote Usage
		Usr 0 00:00:00, Sys 0 00:00:00  -  Total Local Usage
	9190  -  Run Bytes Sent By Job
	436  -  Run Bytes Received By Job
	9190  -  Total Bytes Sent By Job
	436  -  Total Bytes Received By Job
	Partitionable Resources :    Usage  Request Allocated
	   Cpus                 :                 2         2
	   Disk (KB)            :       29        1   2138037
	   Memory (MB)          :      325     4000      4000
...
