000 (2325790.6077.000) 05/26 19:50:41 Job submitted from host: <137.138.44.75:9618?addrs=137.138.44.75-9618&noUDP&sock=3998_dfba_3>
...
001 (2325790.6077.000) 05/26 20:03:58 Job executing on host: <128.142.101.182:9618?addrs=128.142.101.182-9618+[2001-1458-301-89--100-1a3]-9618&noUDP&sock=15950_f3a9_3>
...
006 (2325790.6077.000) 05/26 20:04:07 Image size of job updated: 94608
	90  -  MemoryUsage of job (MB)
	91980  -  ResidentSetSize of job (KB)
...
006 (2325790.6077.000) 05/26 20:06:38 Image size of job updated: 740288
	90  -  MemoryUsage of job (MB)
	92044  -  ResidentSetSize of job (KB)
...
005 (2325790.6077.000) 05/26 20:06:46 Job terminated.
	(1) Normal termination (return value 0)
		Usr 0 00:00:52, Sys 0 00:00:02  -  Run Remote Usage
		Usr 0 00:00:00, Sys 0 00:00:00  -  Run Local Usage
		Usr 0 00:00:52, Sys 0 00:00:02  -  Total Remote Usage
		Usr 0 00:00:00, Sys 0 00:00:00  -  Total Local Usage
	9200  -  Run Bytes Sent By Job
	436  -  Run Bytes Received By Job
	9200  -  Total Bytes Sent By Job
	436  -  Total Bytes Received By Job
	Partitionable Resources :    Usage  Request Allocated
	   Cpus                 :                 2         2
	   Disk (KB)            :       31        1   2149202
	   Memory (MB)          :       90     4000      4000
...
