000 (2325790.7767.000) 05/26 19:50:45 Job submitted from host: <137.138.44.75:9618?addrs=137.138.44.75-9618&noUDP&sock=3998_dfba_3>
...
001 (2325790.7767.000) 05/26 20:06:33 Job executing on host: <188.185.215.47:9618?addrs=188.185.215.47-9618+[2001-1459-301-a7--100-d]-9618&noUDP&sock=19993_1d10_1546>
...
006 (2325790.7767.000) 05/26 20:06:42 Image size of job updated: 90352
	86  -  MemoryUsage of job (MB)
	87656  -  ResidentSetSize of job (KB)
...
006 (2325790.7767.000) 05/26 20:08:07 Image size of job updated: 242168
	86  -  MemoryUsage of job (MB)
	87824  -  ResidentSetSize of job (KB)
...
005 (2325790.7767.000) 05/26 20:08:08 Job terminated.
	(1) Normal termination (return value 0)
		Usr 0 00:00:23, Sys 0 00:00:01  -  Run Remote Usage
		Usr 0 00:00:00, Sys 0 00:00:00  -  Run Local Usage
		Usr 0 00:00:23, Sys 0 00:00:01  -  Total Remote Usage
		Usr 0 00:00:00, Sys 0 00:00:00  -  Total Local Usage
	8285  -  Run Bytes Sent By Job
	436  -  Run Bytes Received By Job
	8285  -  Total Bytes Sent By Job
	436  -  Total Bytes Received By Job
	Partitionable Resources :    Usage  Request Allocated
	   Cpus                 :                 2         2
	   Disk (KB)            :       29        1   2186124
	   Memory (MB)          :       86     4000      4000
...
