000 (2325790.12596.000) 05/26 19:50:59 Job submitted from host: <137.138.44.75:9618?addrs=137.138.44.75-9618&noUDP&sock=3998_dfba_3>
...
001 (2325790.12596.000) 05/26 20:11:36 Job executing on host: <188.184.207.24:9618?addrs=188.184.207.24-9618+[2001-1458-301-7d--100-242]-9618&noUDP&sock=19501_a477_3>
...
006 (2325790.12596.000) 05/26 20:11:44 Image size of job updated: 91796
	90  -  MemoryUsage of job (MB)
	91704  -  ResidentSetSize of job (KB)
...
006 (2325790.12596.000) 05/26 20:13:26 Image size of job updated: 193484
	90  -  MemoryUsage of job (MB)
	91704  -  ResidentSetSize of job (KB)
...
005 (2325790.12596.000) 05/26 20:13:36 Job terminated.
	(1) Normal termination (return value 0)
		Usr 0 00:00:41, Sys 0 00:00:02  -  Run Remote Usage
		Usr 0 00:00:00, Sys 0 00:00:00  -  Run Local Usage
		Usr 0 00:00:41, Sys 0 00:00:02  -  Total Remote Usage
		Usr 0 00:00:00, Sys 0 00:00:00  -  Total Local Usage
	9197  -  Run Bytes Sent By Job
	436  -  Run Bytes Received By Job
	9197  -  Total Bytes Sent By Job
	436  -  Total Bytes Received By Job
	Partitionable Resources :    Usage  Request Allocated
	   Cpus                 :                 2         2
	   Disk (KB)            :       30        1   2167422
	   Memory (MB)          :       90     4000      4000
...
