000 (2325790.13712.000) 05/26 19:51:02 Job submitted from host: <137.138.44.75:9618?addrs=137.138.44.75-9618&noUDP&sock=3998_dfba_3>
...
001 (2325790.13712.000) 05/26 20:13:19 Job executing on host: <128.142.104.214:9618?addrs=128.142.104.214-9618+[2001-1458-301-8b--100-ad]-9618&noUDP&sock=15980_8781_3>
...
006 (2325790.13712.000) 05/26 20:13:28 Image size of job updated: 366016
	355  -  MemoryUsage of job (MB)
	363300  -  ResidentSetSize of job (KB)
...
006 (2325790.13712.000) 05/26 20:15:15 Image size of job updated: 1396816
	357  -  MemoryUsage of job (MB)
	364568  -  ResidentSetSize of job (KB)
...
005 (2325790.13712.000) 05/26 20:15:15 Job terminated.
	(1) Normal termination (return value 0)
		Usr 0 00:00:37, Sys 0 00:00:01  -  Run Remote Usage
		Usr 0 00:00:00, Sys 0 00:00:00  -  Run Local Usage
		Usr 0 00:00:37, Sys 0 00:00:01  -  Total Remote Usage
		Usr 0 00:00:00, Sys 0 00:00:00  -  Total Local Usage
	9200  -  Run Bytes Sent By Job
	436  -  Run Bytes Received By Job
	9200  -  Total Bytes Sent By Job
	436  -  Total Bytes Received By Job
	Partitionable Resources :    Usage  Request Allocated
	   Cpus                 :                 2         2
	   Disk (KB)            :       30        1   2116976
	   Memory (MB)          :      357     4000      4000
...
