000 (2325790.018.000) 05/26 19:50:25 Job submitted from host: <137.138.44.75:9618?addrs=137.138.44.75-9618&noUDP&sock=3998_dfba_3>
...
001 (2325790.018.000) 05/26 19:52:59 Job executing on host: <188.184.133.160:9618?addrs=188.184.133.160-9618+[2001-1458-301-a0--100-1ac]-9618&noUDP&sock=16653_26be_3>
...
006 (2325790.018.000) 05/26 19:53:08 Image size of job updated: 218392
	188  -  MemoryUsage of job (MB)
	192096  -  ResidentSetSize of job (KB)
...
006 (2325790.018.000) 05/26 19:54:27 Image size of job updated: 740040
	188  -  MemoryUsage of job (MB)
	192300  -  ResidentSetSize of job (KB)
...
005 (2325790.018.000) 05/26 19:54:27 Job terminated.
	(1) Normal termination (return value 0)
		Usr 0 00:00:24, Sys 0 00:00:01  -  Run Remote Usage
		Usr 0 00:00:00, Sys 0 00:00:00  -  Run Local Usage
		Usr 0 00:00:24, Sys 0 00:00:01  -  Total Remote Usage
		Usr 0 00:00:00, Sys 0 00:00:00  -  Total Local Usage
	8282  -  Run Bytes Sent By Job
	436  -  Run Bytes Received By Job
	8282  -  Total Bytes Sent By Job
	436  -  Total Bytes Received By Job
	Partitionable Resources :    Usage  Request Allocated
	   Cpus                 :                 2         2
	   Disk (KB)            :       28        1   2064462
	   Memory (MB)          :      188     4000      4000
...
