000 (2325790.3335.000) 05/26 19:50:34 Job submitted from host: <137.138.44.75:9618?addrs=137.138.44.75-9618&noUDP&sock=3998_dfba_3>
...
001 (2325790.3335.000) 05/26 19:59:51 Job executing on host: <128.142.97.135:9618?addrs=128.142.97.135-9618+[2001-1458-301-87--100-175]-9618&noUDP&sock=17012_653e_3>
...
006 (2325790.3335.000) 05/26 20:00:00 Image size of job updated: 317480
	311  -  MemoryUsage of job (MB)
	317472  -  ResidentSetSize of job (KB)
...
006 (2325790.3335.000) 05/26 20:00:49 Image size of job updated: 735396
	311  -  MemoryUsage of job (MB)
	317684  -  ResidentSetSize of job (KB)
...
005 (2325790.3335.000) 05/26 20:00:58 Job terminated.
	(1) Normal termination (return value 0)
		Usr 0 00:00:48, Sys 0 00:00:02  -  Run Remote Usage
		Usr 0 00:00:00, Sys 0 00:00:00  -  Run Local Usage
		Usr 0 00:00:48, Sys 0 00:00:02  -  Total Remote Usage
		Usr 0 00:00:00, Sys 0 00:00:00  -  Total Local Usage
	9192  -  Run Bytes Sent By Job
	436  -  Run Bytes Received By Job
	9192  -  Total Bytes Sent By Job
	436  -  Total Bytes Received By Job
	Partitionable Resources :    Usage  Request Allocated
	   Cpus                 :                 2         2
	   Disk (KB)            :       29        1   4167159
	   Memory (MB)          :      311     4000      4000
...
