000 (2325790.4650.000) 05/26 19:50:38 Job submitted from host: <137.138.44.75:9618?addrs=137.138.44.75-9618&noUDP&sock=3998_dfba_3>
...
001 (2325790.4650.000) 05/26 20:02:08 Job executing on host: <188.184.204.63:9618?addrs=188.184.204.63-9618+[2001-1458-301-7d--100-5a]-9618&noUDP&sock=19510_d0d1_3>
...
006 (2325790.4650.000) 05/26 20:02:17 Image size of job updated: 96384
	95  -  MemoryUsage of job (MB)
	96384  -  ResidentSetSize of job (KB)
...
006 (2325790.4650.000) 05/26 20:04:11 Image size of job updated: 666056
	95  -  MemoryUsage of job (MB)
	96384  -  ResidentSetSize of job (KB)
...
005 (2325790.4650.000) 05/26 20:04:11 Job terminated.
	(1) Normal termination (return value 0)
		Usr 0 00:00:48, Sys 0 00:00:02  -  Run Remote Usage
		Usr 0 00:00:00, Sys 0 00:00:00  -  Run Local Usage
		Usr 0 00:00:48, Sys 0 00:00:02  -  Total Remote Usage
		Usr 0 00:00:00, Sys 0 00:00:00  -  Total Local Usage
	9152  -  Run Bytes Sent By Job
	436  -  Run Bytes Received By Job
	9152  -  Total Bytes Sent By Job
	436  -  Total Bytes Received By Job
	Partitionable Resources :    Usage  Request Allocated
	   Cpus                 :                 2         2
	   Disk (KB)            :       30        1   2187455
	   Memory (MB)          :       95     4000      4000
...
