000 (2325790.13211.000) 05/26 19:51:00 Job submitted from host: <137.138.44.75:9618?addrs=137.138.44.75-9618&noUDP&sock=3998_dfba_3>
...
001 (2325790.13211.000) 05/26 20:12:28 Job executing on host: <188.184.180.177:9618?addrs=188.184.180.177-9618+[--1]-9618&noUDP&sock=4706_80c7_3>
...
006 (2325790.13211.000) 05/26 20:12:36 Image size of job updated: 276668
	271  -  MemoryUsage of job (MB)
	276512  -  ResidentSetSize of job (KB)
...
006 (2325790.13211.000) 05/26 20:14:21 Image size of job updated: 1262464
	271  -  MemoryUsage of job (MB)
	276704  -  ResidentSetSize of job (KB)
...
005 (2325790.13211.000) 05/26 20:14:21 Job terminated.
	(1) Normal termination (return value 0)
		Usr 0 00:00:41, Sys 0 00:00:02  -  Run Remote Usage
		Usr 0 00:00:00, Sys 0 00:00:00  -  Run Local Usage
		Usr 0 00:00:41, Sys 0 00:00:02  -  Total Remote Usage
		Usr 0 00:00:00, Sys 0 00:00:00  -  Total Local Usage
	9189  -  Run Bytes Sent By Job
	436  -  Run Bytes Received By Job
	9189  -  Total Bytes Sent By Job
	436  -  Total Bytes Received By Job
	Partitionable Resources :    Usage  Request Allocated
	   Cpus                 :                 2         2
	   Disk (KB)            :       30        1   1725523
	   Memory (MB)          :      271     4000      4000
...
