000 (2325790.1384.000) 05/26 19:50:29 Job submitted from host: <137.138.44.75:9618?addrs=137.138.44.75-9618&noUDP&sock=3998_dfba_3>
...
001 (2325790.1384.000) 05/26 19:55:06 Job executing on host: <188.184.204.21:9618?addrs=188.184.204.21-9618+[2001-1458-301-7d--100-19]-9618&noUDP&sock=4694_45a4_3>
...
006 (2325790.1384.000) 05/26 19:55:15 Image size of job updated: 320936
	311  -  MemoryUsage of job (MB)
	318196  -  ResidentSetSize of job (KB)
...
006 (2325790.1384.000) 05/26 19:57:12 Image size of job updated: 706004
	311  -  MemoryUsage of job (MB)
	318400  -  ResidentSetSize of job (KB)
...
005 (2325790.1384.000) 05/26 19:57:12 Job terminated.
	(1) Normal termination (return value 0)
		Usr 0 00:00:55, Sys 0 00:00:02  -  Run Remote Usage
		Usr 0 00:00:00, Sys 0 00:00:00  -  Run Local Usage
		Usr 0 00:00:55, Sys 0 00:00:02  -  Total Remote Usage
		Usr 0 00:00:00, Sys 0 00:00:00  -  Total Local Usage
	9192  -  Run Bytes Sent By Job
	436  -  Run Bytes Received By Job
	9192  -  Total Bytes Sent By Job
	436  -  Total Bytes Received By Job
	Partitionable Resources :    Usage  Request Allocated
	   Cpus                 :                 2         2
	   Disk (KB)            :       30        1   2201487
	   Memory (MB)          :      311     4000      4000
...
