000 (2325790.9742.000) 05/26 19:50:50 Job submitted from host: <137.138.44.75:9618?addrs=137.138.44.75-9618&noUDP&sock=3998_dfba_3>
...
001 (2325790.9742.000) 05/26 20:08:31 Job executing on host: <188.184.206.74:9618?addrs=188.184.206.74-9618+[2001-1458-301-7d--100-255]-9618&noUDP&sock=19614_26ab_3>
...
006 (2325790.9742.000) 05/26 20:08:40 Image size of job updated: 280752
	272  -  MemoryUsage of job (MB)
	278120  -  ResidentSetSize of job (KB)
...
006 (2325790.9742.000) 05/26 20:10:28 Image size of job updated: 280752
	277  -  MemoryUsage of job (MB)
	282748  -  ResidentSetSize of job (KB)
...
005 (2325790.9742.000) 05/26 20:10:37 Job terminated.
	(1) Normal termination (return value 0)
		Usr 0 00:00:45, Sys 0 00:00:02  -  Run Remote Usage
		Usr 0 00:00:00, Sys 0 00:00:00  -  Run Local Usage
		Usr 0 00:00:45, Sys 0 00:00:02  -  Total Remote Usage
		Usr 0 00:00:00, Sys 0 00:00:00  -  Total Local Usage
	9193  -  Run Bytes Sent By Job
	436  -  Run Bytes Received By Job
	9193  -  Total Bytes Sent By Job
	436  -  Total Bytes Received By Job
	Partitionable Resources :    Usage  Request Allocated
	   Cpus                 :                 2         2
	   Disk (KB)            :       30        1   2114866
	   Memory (MB)          :      277     4000      4000
...
