000 (2325790.1258.000) 05/26 19:50:28 Job submitted from host: <137.138.44.75:9618?addrs=137.138.44.75-9618&noUDP&sock=3998_dfba_3>
...
001 (2325790.1258.000) 05/26 20:00:01 Job executing on host: <188.185.128.61:9618?addrs=188.185.128.61-9618+[2001-1459-301-43--100-2c]-9618&noUDP&sock=17137_2294_3>
...
006 (2325790.1258.000) 05/26 20:00:10 Image size of job updated: 55188
	53  -  MemoryUsage of job (MB)
	53768  -  ResidentSetSize of job (KB)
...
006 (2325790.1258.000) 05/26 20:05:11 Image size of job updated: 198992
	168  -  MemoryUsage of job (MB)
	171524  -  ResidentSetSize of job (KB)
...
006 (2325790.1258.000) 05/26 20:06:18 Image size of job updated: 755892
	168  -  MemoryUsage of job (MB)
	171524  -  ResidentSetSize of job (KB)
...
005 (2325790.1258.000) 05/26 20:06:31 Job terminated.
	(1) Normal termination (return value 0)
		Usr 0 00:01:07, Sys 0 00:00:03  -  Run Remote Usage
		Usr 0 00:00:00, Sys 0 00:00:00  -  Run Local Usage
		Usr 0 00:01:07, Sys 0 00:00:03  -  Total Remote Usage
		Usr 0 00:00:00, Sys 0 00:00:00  -  Total Local Usage
	9195  -  Run Bytes Sent By Job
	436  -  Run Bytes Received By Job
	9195  -  Total Bytes Sent By Job
	436  -  Total Bytes Received By Job
	Partitionable Resources :    Usage  Request Allocated
	   Cpus                 :                 2         2
	   Disk (KB)            :       35        1   3920006
	   Memory (MB)          :      168     4000      4000
...
