000 (2325790.10725.000) 05/26 19:50:52 Job submitted from host: <137.138.44.75:9618?addrs=137.138.44.75-9618&noUDP&sock=3998_dfba_3>
...
001 (2325790.10725.000) 05/26 20:09:32 Job executing on host: <188.184.197.110:9618?addrs=188.184.197.110-9618+[2001-1458-301-103--100-85]-9618&noUDP&sock=20240_88f4_3>
...
006 (2325790.10725.000) 05/26 20:09:41 Image size of job updated: 331492
	321  -  MemoryUsage of job (MB)
	328684  -  ResidentSetSize of job (KB)
...
006 (2325790.10725.000) 05/26 20:10:20 Image size of job updated: 331492
	321  -  MemoryUsage of job (MB)
	328692  -  ResidentSetSize of job (KB)
...
005 (2325790.10725.000) 05/26 20:10:29 Job terminated.
	(1) Normal termination (return value 0)
		Usr 0 00:00:37, Sys 0 00:00:02  -  Run Remote Usage
		Usr 0 00:00:00, Sys 0 00:00:00  -  Run Local Usage
		Usr 0 00:00:37, Sys 0 00:00:02  -  Total Remote Usage
		Usr 0 00:00:00, Sys 0 00:00:00  -  Total Local Usage
	9574  -  Run Bytes Sent By Job
	436  -  Run Bytes Received By Job
	9574  -  Total Bytes Sent By Job
	436  -  Total Bytes Received By Job
	Partitionable Resources :    Usage  Request Allocated
	   Cpus                 :                 2         2
	   Disk (KB)            :       29        1   2963305
	   Memory (MB)          :      321     4000      4000
...
