000 (2325790.12780.000) 05/26 19:50:59 Job submitted from host: <137.138.44.75:9618?addrs=137.138.44.75-9618&noUDP&sock=3998_dfba_3>
...
001 (2325790.12780.000) 05/26 20:11:57 Job executing on host: <188.184.205.189:9618?addrs=188.184.205.189-9618+[2001-1458-301-7d--100-1be]-9618&noUDP&sock=19576_1612_3>
...
006 (2325790.12780.000) 05/26 20:12:06 Image size of job updated: 97764
	93  -  MemoryUsage of job (MB)
	94972  -  ResidentSetSize of job (KB)
...
006 (2325790.12780.000) 05/26 20:14:36 Image size of job updated: 149396
	93  -  MemoryUsage of job (MB)
	95216  -  ResidentSetSize of job (KB)
...
005 (2325790.12780.000) 05/26 20:14:36 Job terminated.
	(1) Normal termination (return value 0)
		Usr 0 00:00:46, Sys 0 00:00:02  -  Run Remote Usage
		Usr 0 00:00:00, Sys 0 00:00:00  -  Run Local Usage
		Usr 0 00:00:46, Sys 0 00:00:02  -  Total Remote Usage
		Usr 0 00:00:00, Sys 0 00:00:00  -  Total Local Usage
	9198  -  Run Bytes Sent By Job
	436  -  Run Bytes Received By Job
	9198  -  Total Bytes Sent By Job
	436  -  Total Bytes Received By Job
	Partitionable Resources :    Usage  Request Allocated
	   Cpus                 :                 2         2
	   Disk (KB)            :       31        1   2222407
	   Memory (MB)          :       93     4000      4000
...
