000 (2325790.9994.000) 05/26 19:50:51 Job submitted from host: <137.138.44.75:9618?addrs=137.138.44.75-9618&noUDP&sock=3998_dfba_3>
...
001 (2325790.9994.000) 05/26 20:08:53 Job executing on host: <188.184.142.61:9618?addrs=188.184.142.61-9618+[2001-1458-301-46--100-17b]-9618&noUDP&sock=4741_8298_3>
...
006 (2325790.9994.000) 05/26 20:09:01 Image size of job updated: 343884
	334  -  MemoryUsage of job (MB)
	341256  -  ResidentSetSize of job (KB)
...
006 (2325790.9994.000) 05/26 20:09:52 Image size of job updated: 343884
	334  -  MemoryUsage of job (MB)
	341496  -  ResidentSetSize of job (KB)
...
005 (2325790.9994.000) 05/26 20:09:54 Job terminated.
	(1) Normal termination (return value 0)
		Usr 0 00:00:33, Sys 0 00:00:01  -  Run Remote Usage
		Usr 0 00:00:00, Sys 0 00:00:00  -  Run Local Usage
		Usr 0 00:00:33, Sys 0 00:00:01  -  Total Remote Usage
		Usr 0 00:00:00, Sys 0 00:00:00  -  Total Local Usage
	9152  -  Run Bytes Sent By Job
	436  -  Run Bytes Received By Job
	9152  -  Total Bytes Sent By Job
	436  -  Total Bytes Received By Job
	Partitionable Resources :    Usage  Request Allocated
	   Cpus                 :                 2         2
	   Disk (KB)            :       29        1   2138936
	   Memory (MB)          :      334     4000      4000
...
