000 (2325790.014.000) 05/26 19:50:25 Job submitted from host: <137.138.44.75:9618?addrs=137.138.44.75-9618&noUDP&sock=3998_dfba_3>
...
001 (2325790.014.000) 05/26 19:53:02 Job executing on host: <188.184.142.25:9618?addrs=188.184.142.25-9618+[2001-1458-301-46--100-36]-9618&noUDP&sock=4729_4775_3>
...
006 (2325790.014.000) 05/26 19:53:10 Image size of job updated: 110044
	82  -  MemoryUsage of job (MB)
	83348  -  ResidentSetSize of job (KB)
...
006 (2325790.014.000) 05/26 19:55:05 Image size of job updated: 704864
	82  -  MemoryUsage of job (MB)
	83484  -  ResidentSetSize of job (KB)
...
005 (2325790.014.000) 05/26 19:55:06 Job terminated.
	(1) Normal termination (return value 0)
		Usr 0 00:00:44, Sys 0 00:00:02  -  Run Remote Usage
		Usr 0 00:00:00, Sys 0 00:00:00  -  Run Local Usage
		Usr 0 00:00:44, Sys 0 00:00:02  -  Total Remote Usage
		Usr 0 00:00:00, Sys 0 00:00:00  -  Total Local Usage
	9185  -  Run Bytes Sent By Job
	436  -  Run Bytes Received By Job
	9185  -  Total Bytes Sent By Job
	436  -  Total Bytes Received By Job
	Partitionable Resources :    Usage  Request Allocated
	   Cpus                 :                 2         2
	   Disk (KB)            :       30        1   2004264
	   Memory (MB)          :       82     4000      4000
...
