000 (2325790.1552.000) 05/26 19:50:29 Job submitted from host: <137.138.44.75:9618?addrs=137.138.44.75-9618&noUDP&sock=3998_dfba_3>
...
001 (2325790.1552.000) 05/26 19:56:09 Job executing on host: <188.184.204.19:9618?addrs=188.184.204.19-9618+[2001-1458-301-7d--100-e]-9618&noUDP&sock=19551_f034_3>
...
006 (2325790.1552.000) 05/26 19:56:17 Image size of job updated: 274020
	265  -  MemoryUsage of job (MB)
	271228  -  ResidentSetSize of job (KB)
...
006 (2325790.1552.000) 05/26 19:57:47 Image size of job updated: 1850032
	266  -  MemoryUsage of job (MB)
	271384  -  ResidentSetSize of job (KB)
...
005 (2325790.1552.000) 05/26 19:57:47 Job terminated.
	(1) Normal termination (return value 0)
		Usr 0 00:00:55, Sys 0 00:00:02  -  Run Remote Usage
		Usr 0 00:00:00, Sys 0 00:00:00  -  Run Local Usage
		Usr 0 00:00:55, Sys 0 00:00:02  -  Total Remote Usage
		Usr 0 00:00:00, Sys 0 00:00:00  -  Total Local Usage
	9193  -  Run Bytes Sent By Job
	436  -  Run Bytes Received By Job
	9193  -  Total Bytes Sent By Job
	436  -  Total Bytes Received By Job
	Partitionable Resources :    Usage  Request Allocated
	   Cpus                 :                 2         2
	   Disk (KB)            :       30        1   2101879
	   Memory (MB)          :      266     4000      4000
...
