000 (2325790.430.000) 05/26 19:50:26 Job submitted from host: <137.138.44.75:9618?addrs=137.138.44.75-9618&noUDP&sock=3998_dfba_3>
...
001 (2325790.430.000) 05/26 19:55:26 Job executing on host: <188.184.206.72:9618?addrs=188.184.206.72-9618+[2001-1458-301-7d--100-230]-9618&noUDP&sock=19535_f6b0_3>
...
006 (2325790.430.000) 05/26 19:55:34 Image size of job updated: 248520
	243  -  MemoryUsage of job (MB)
	248368  -  ResidentSetSize of job (KB)
...
006 (2325790.430.000) 05/26 19:56:39 Image size of job updated: 622772
	243  -  MemoryUsage of job (MB)
	248524  -  ResidentSetSize of job (KB)
...
005 (2325790.430.000) 05/26 19:56:39 Job terminated.
	(1) Normal termination (return value 0)
		Usr 0 00:00:58, Sys 0 00:00:02  -  Run Remote Usage
		Usr 0 00:00:00, Sys 0 00:00:00  -  Run Local Usage
		Usr 0 00:00:58, Sys 0 00:00:02  -  Total Remote Usage
		Usr 0 00:00:00, Sys 0 00:00:00  -  Total Local Usage
	9190  -  Run Bytes Sent By Job
	436  -  Run Bytes Received By Job
	9190  -  Total Bytes Sent By Job
	436  -  Total Bytes Received By Job
	Partitionable Resources :    Usage  Request Allocated
	   Cpus                 :                 2         2
	   Disk (KB)            :       29        1   2144602
	   Memory (MB)          :      243     4000      4000
...
