000 (2325790.5928.000) 05/26 19:50:41 Job submitted from host: <137.138.44.75:9618?addrs=137.138.44.75-9618&noUDP&sock=3998_dfba_3>
...
001 (2325790.5928.000) 05/26 20:03:43 Job executing on host: <128.142.133.173:9618?addrs=128.142.133.173-9618+[2001-1458-301-32--100-8d]-9618&noUDP&sock=4713_4df1_3>
...
006 (2325790.5928.000) 05/26 20:03:52 Image size of job updated: 350812
	340  -  MemoryUsage of job (MB)
	348096  -  ResidentSetSize of job (KB)
...
006 (2325790.5928.000) 05/26 20:04:44 Image size of job updated: 608784
	340  -  MemoryUsage of job (MB)
	348096  -  ResidentSetSize of job (KB)
...
005 (2325790.5928.000) 05/26 20:04:44 Job terminated.
	(1) Normal termination (return value 0)
		Usr 0 00:00:49, Sys 0 00:00:02  -  Run Remote Usage
		Usr 0 00:00:00, Sys 0 00:00:00  -  Run Local Usage
		Usr 0 00:00:49, Sys 0 00:00:02  -  Total Remote Usage
		Usr 0 00:00:00, Sys 0 00:00:00  -  Total Local Usage
	9114  -  Run Bytes Sent By Job
	436  -  Run Bytes Received By Job
	9114  -  Total Bytes Sent By Job
	436  -  Total Bytes Received By Job
	Partitionable Resources :    Usage  Request Allocated
	   Cpus                 :                 2         2
	   Disk (KB)            :       29        1   2124482
	   Memory (MB)          :      340     4000      4000
...
